num_seq = 1
file name: dataset-MH05_stereo_imu
Loading images for sequence 0...LOADED!
Loading IMU for sequence 0...LOADED!

-------

ORB-SLAM3 Copyright (C) 2017-2020 Carlos Campos, Richard Elvira, Juan J. Gómez, José M.M. Montiel and Juan D. Tardós, University of Zaragoza.
ORB-SLAM2 Copyright (C) 2014-2016 Raúl Mur-Artal, José M.M. Montiel and Juan D. Tardós, University of Zaragoza.
This program comes with ABSOLUTELY NO WARRANTY;
This is free software, and you are welcome to redistribute it
under certain conditions. See LICENSE.txt.

Built with REGISTER_TIMES
Git Commit Hash: 5ee9387

Compiled with C++ version: 201703

Input sensor was set to: Stereo-Inertial
Loading settings from ./Examples/Stereo-Inertial/EuRoC_fov_deadlines_mask_10x10.yaml
	-Loaded camera 1
	-Loaded camera 2
	-Loaded image info
	-Loaded IMU calibration
	-Loaded ORB settings
	-Loaded viewer settings
	-Loaded Atlas settings
Deadlines enabled, will skip frames!
FOV enabled
Static mask size: 10x10
Dumping map points enabled
	-Loaded misc parameters
	-Computed rectification maps
----------------------------------
SLAM settings: 
	-Camera 1 parameters (Pinhole): [ 458.65399169921875 457.29598999023438 367.21499633789062 248.375 ]
	-Camera 1 distortion parameters: [  -0.28340810537338257 0.073959067463874817 0.00019359000725671649 1.7618711353861727e-05 ]
	-Camera 2 parameters (Pinhole: [ 457.58700561523438 456.13400268554688 379.99899291992188 255.23800659179688 ]
	-Camera 1 distortion parameters: [  -0.2836836576461792 0.074512839317321777 -0.00010473000293131918 -3.555907096597366e-05 ]
	-Original image size: [ 752 , 480 ]
	-Current image size: [ 752 , 480 ]
	-Camera 1 parameters after rectification: [  456.71499633789062 456.71499633789062 364.52615356445312 257.268798828125 ]
	-Sequence FPS: 20
	-Stereo baseline: 0.11007784307003021
	-Stereo depth threshold : 60
	-Gyro noise: 0.00016999999934341758
	-Accelerometer noise: 0.0020000000949949026
	-Gyro walk: 1.9392999092815444e-05
	-Accelerometer walk: 0.0030000000260770321
	-IMU frequency: 200
	-Features per image: 1200
	-ORB scale factor: 1.2000000476837158
	-ORB number of scales: 8
	-Initial FAST threshold: 20
	-Min FAST threshold: 7


Loading ORB Vocabulary. This could take a while...
Vocabulary loaded!

Initialization of Atlas from scratch 
Creation of new map with id: 0
Creation of new map with last KF id: 0
Seq. Name: 
There are 1 cameras in the atlas
Camera 0 is pinhole
SLAM Started at System Time: 1734436097.2865
not IMU meas
not IMU meas
not enough acceleration
not enough acceleration
not enough acceleration
not enough acceleration
not enough acceleration
not enough acceleration
not enough acceleration
not enough acceleration
not enough acceleration
not enough acceleration
not enough acceleration
not enough acceleration
not enough acceleration
not enough acceleration
not enough acceleration
not enough acceleration
not enough acceleration
not enough acceleration
not enough acceleration
not enough acceleration
not enough acceleration
not enough acceleration
not enough acceleration
not enough acceleration
not enough acceleration
not enough acceleration
not enough acceleration
not enough acceleration
not enough acceleration
not enough acceleration
not enough acceleration
not enough acceleration
not enough acceleration
not enough acceleration
not enough acceleration
not enough acceleration
not enough acceleration
not enough acceleration
not enough acceleration
not enough acceleration
not enough acceleration
not enough acceleration
not enough acceleration
not enough acceleration
not enough acceleration
not enough acceleration
not enough acceleration
not enough acceleration
not enough acceleration
not enough acceleration
not enough acceleration
not enough acceleration
not enough acceleration
not enough acceleration
not enough acceleration
not enough acceleration
not enough acceleration
not enough acceleration
not enough acceleration
not enough acceleration
not enough acceleration
not enough acceleration
not enough acceleration
not enough acceleration
not enough acceleration
not enough acceleration
not enough acceleration
not enough acceleration
not enough acceleration
not enough acceleration
not enough acceleration
not enough acceleration
not enough acceleration
not enough acceleration
not enough acceleration
not enough acceleration
not enough acceleration
not enough acceleration
First KF:0; Map init KF:0
New Map created with 122 points
Active map: 0
Dropping frame 1403638522.6778293
Dropping frame 1403638523.0778294
Dropping frame 1403638523.1778293
Dropping frame 1403638523.4278295
Dropping frame 1403638523.6278296
Dropping frame 1403638523.7278295
Dropping frame 1403638524.0278294
Dropping frame 1403638524.3278296
Dropping frame 1403638524.5278294
Dropping frame 1403638524.9278295
Dropping frame 1403638525.3278296
Dropping frame 1403638525.4278295
Dropping frame 1403638525.6778293
Dropping frame 1403638525.7778294
Dropping frame 1403638526.0278294
Dropping frame 1403638526.2778294
Dropping frame 1403638526.3778293
Dropping frame 1403638526.5278294
Dropping frame 1403638526.6778293
Dropping frame 1403638526.9278295
Dropping frame 1403638527.1278296
start VIBA 1
Dropping frame 1403638527.4778295
end VIBA 1
Dropping frame 1403638527.9778295
Dropping frame 1403638528.4778295
Dropping frame 1403638528.7278295
Dropping frame 1403638529.0278294
Dropping frame 1403638529.3278296
Dropping frame 1403638529.6278296
Dropping frame 1403638529.7278295
Dropping frame 1403638530.6778293
Dropping frame 1403638530.7778294
Dropping frame 1403638531.6278296
Dropping frame 1403638531.7278295
Not enough motion for initializing. Reseting...
TRACK: Reset map because local mapper set the bad imu flag 
LM: Active map reset recieved
LM: Active map reset, waiting...
LM: Reseting current map in Local Mapping...
LM: End reseting Local Mapping...
LM: Reset free the mutex
LM: Active map reset, Done!!!
mnFirstFrameId = 80
mnInitialFrameId = 0
161 Frames set to lost
not IMU meas
Dropping frame 1403638531.8778293
not enough acceleration
Dropping frame 1403638531.9778295
not enough acceleration
not enough acceleration
not enough acceleration
Dropping frame 1403638532.1778293
not enough acceleration
Dropping frame 1403638532.2778294
not enough acceleration
not enough acceleration
Dropping frame 1403638532.4278295
not enough acceleration
Dropping frame 1403638532.5278294
not enough acceleration
not enough acceleration
not enough acceleration
not enough acceleration
not enough acceleration
not enough acceleration
not enough acceleration
not enough acceleration
not enough acceleration
not enough acceleration
not enough acceleration
not enough acceleration
not enough acceleration
not enough acceleration
not enough acceleration
not enough acceleration
not enough acceleration
not enough acceleration
not enough acceleration
not enough acceleration
not enough acceleration
not enough acceleration
not enough acceleration
not enough acceleration
not enough acceleration
not enough acceleration
not enough acceleration
not enough acceleration
not enough acceleration
not enough acceleration
not enough acceleration
not enough acceleration
not enough acceleration
not enough acceleration
not enough acceleration
not enough acceleration
not enough acceleration
not enough acceleration
not enough acceleration
not enough acceleration
not enough acceleration
not enough acceleration
not enough acceleration
not enough acceleration
not enough acceleration
not enough acceleration
not enough acceleration
not enough acceleration
not enough acceleration
not enough acceleration
not enough acceleration
not enough acceleration
not enough acceleration
not enough acceleration
not enough acceleration
not enough acceleration
not enough acceleration
not enough acceleration
Dropping frame 1403638535.4778295
not enough acceleration
not enough acceleration
not enough acceleration
not enough acceleration
not enough acceleration
not enough acceleration
not enough acceleration
not enough acceleration
not enough acceleration
not enough acceleration
not enough acceleration
not enough acceleration
not enough acceleration
not enough acceleration
not enough acceleration
not enough acceleration
not enough acceleration
not enough acceleration
not enough acceleration
not enough acceleration
not enough acceleration
not enough acceleration
not enough acceleration
not enough acceleration
not enough acceleration
not enough acceleration
not enough acceleration
not enough acceleration
not enough acceleration
not enough acceleration
not enough acceleration
not enough acceleration
not enough acceleration
not enough acceleration
not enough acceleration
not enough acceleration
not enough acceleration
not enough acceleration
not enough acceleration
not enough acceleration
not enough acceleration
not enough acceleration
not enough acceleration
not enough acceleration
not enough acceleration
not enough acceleration
not enough acceleration
not enough acceleration
not enough acceleration
not enough acceleration
not enough acceleration
not enough acceleration
not enough acceleration
not enough acceleration
not enough acceleration
not enough acceleration
not enough acceleration
not enough acceleration
not enough acceleration
not enough acceleration
not enough acceleration
not enough acceleration
not enough acceleration
not enough acceleration
not enough acceleration
First KF:41; Map init KF:0
New Map created with 162 points
Active map: 0
start VIBA 1
end VIBA 1
Dropping frame 1403638544.3278296
Dropping frame 1403638544.5278294
Dropping frame 1403638544.6778293
Dropping frame 1403638544.8778293
Dropping frame 1403638545.0278294
Dropping frame 1403638545.2278295
Dropping frame 1403638545.3778293
Dropping frame 1403638545.6778293
Dropping frame 1403638545.8278296
Dropping frame 1403638545.9778295
Dropping frame 1403638546.0778294
Dropping frame 1403638546.1778293
Dropping frame 1403638546.3778293
Dropping frame 1403638546.4778295
Dropping frame 1403638546.6278296
Dropping frame 1403638546.8278296
Dropping frame 1403638546.9778295
Dropping frame 1403638547.0778294
Dropping frame 1403638547.2278295
Dropping frame 1403638547.3278296
Dropping frame 1403638547.6778293
Dropping frame 1403638547.8778293
Dropping frame 1403638548.0278294
Dropping frame 1403638548.1278296
Dropping frame 1403638548.6278296
Dropping frame 1403638548.8778293
Dropping frame 1403638549.7778294
Dropping frame 1403638549.8778293
Dropping frame 1403638550.1278296
Dropping frame 1403638550.2278295
Dropping frame 1403638550.4278295
Dropping frame 1403638550.5278294
Dropping frame 1403638550.7778294
Dropping frame 1403638550.8778293
Dropping frame 1403638551.5278294
Dropping frame 1403638551.6278296
Dropping frame 1403638552.1778293
Dropping frame 1403638552.2778294
Dropping frame 1403638552.6278296
Dropping frame 1403638553.0778294
Dropping frame 1403638553.2778294
Dropping frame 1403638553.3778293
Dropping frame 1403638553.5778294
Dropping frame 1403638553.6778293
Dropping frame 1403638553.7778294
Dropping frame 1403638553.9778295
Dropping frame 1403638554.0778294
start VIBA 2
Dropping frame 1403638554.2778294
Dropping frame 1403638554.4778295
end VIBA 2
Dropping frame 1403638554.5778294
Dropping frame 1403638554.7778294
Dropping frame 1403638554.9778295
Dropping frame 1403638555.0778294
Dropping frame 1403638555.1778293
Dropping frame 1403638555.5278294
Dropping frame 1403638555.6278296
Dropping frame 1403638555.8778293
Dropping frame 1403638555.9778295
Dropping frame 1403638556.1778293
Dropping frame 1403638556.3778293
Dropping frame 1403638556.4778295
Dropping frame 1403638556.6278296
Dropping frame 1403638556.7278295
Dropping frame 1403638556.8278296
Dropping frame 1403638556.9278295
Dropping frame 1403638557.0778294
Dropping frame 1403638557.2778294
Dropping frame 1403638557.3778293
Dropping frame 1403638557.5278294
Dropping frame 1403638557.7278295
Dropping frame 1403638557.8278296
Dropping frame 1403638557.9278295
Dropping frame 1403638558.0278294
Dropping frame 1403638558.1778293
Dropping frame 1403638558.3778293
Dropping frame 1403638558.4778295
Dropping frame 1403638558.7278295
Dropping frame 1403638558.9278295
Dropping frame 1403638559.1278296
Dropping frame 1403638559.3278296
Dropping frame 1403638559.4278295
Dropping frame 1403638559.5278294
Dropping frame 1403638559.6278296
Dropping frame 1403638559.8278296
Dropping frame 1403638560.0278294
Dropping frame 1403638560.1278296
Dropping frame 1403638560.2278295
Dropping frame 1403638560.4278295
Dropping frame 1403638560.6278296
Dropping frame 1403638560.7278295
Dropping frame 1403638560.8778293
Dropping frame 1403638561.0778294
Dropping frame 1403638561.2778294
Dropping frame 1403638561.3778293
Dropping frame 1403638561.4778295
Dropping frame 1403638561.6778293
Dropping frame 1403638561.7778294
Dropping frame 1403638561.9278295
Dropping frame 1403638562.0278294
Dropping frame 1403638562.1278296
Dropping frame 1403638562.2278295
Dropping frame 1403638562.4278295
Dropping frame 1403638562.6278296
Dropping frame 1403638562.7278295
Dropping frame 1403638562.8278296
Dropping frame 1403638562.9278295
Dropping frame 1403638563.4278295
Dropping frame 1403638563.6278296
Dropping frame 1403638563.7278295
Dropping frame 1403638563.8278296
Dropping frame 1403638563.9778295
Dropping frame 1403638564.0778294
Dropping frame 1403638564.2778294
Dropping frame 1403638564.3778293
Dropping frame 1403638564.4778295
Dropping frame 1403638564.7778294
Dropping frame 1403638565.2278295
Dropping frame 1403638565.4778295
Dropping frame 1403638565.5778294
Dropping frame 1403638565.7778294
Dropping frame 1403638566.2278295
Dropping frame 1403638567.0778294
Dropping frame 1403638567.2778294
Dropping frame 1403638567.3778293
Dropping frame 1403638567.4778295
Dropping frame 1403638567.6778293
Dropping frame 1403638567.7778294
Dropping frame 1403638567.8778293
Dropping frame 1403638568.0778294
Dropping frame 1403638568.2778294
Dropping frame 1403638568.4778295
Dropping frame 1403638568.5778294
Dropping frame 1403638569.1278296
Dropping frame 1403638569.2278295
Dropping frame 1403638569.3778293
Dropping frame 1403638569.5778294
Dropping frame 1403638569.7778294
Dropping frame 1403638569.8778293
Dropping frame 1403638570.1278296
Dropping frame 1403638570.2278295
Dropping frame 1403638570.3278296
Dropping frame 1403638570.5278294
Dropping frame 1403638570.7278295
Dropping frame 1403638570.8278296
Dropping frame 1403638571.0278294
Dropping frame 1403638571.2278295
Dropping frame 1403638571.4278295
Dropping frame 1403638571.6278296
Dropping frame 1403638571.7278295
Dropping frame 1403638571.9278295
Dropping frame 1403638572.0278294
Dropping frame 1403638572.1278296
Dropping frame 1403638572.3278296
Dropping frame 1403638572.5278294
Dropping frame 1403638572.6278296
Dropping frame 1403638572.8278296
Dropping frame 1403638572.9278295
Dropping frame 1403638573.0278294
Dropping frame 1403638573.2278295
Dropping frame 1403638573.4278295
Dropping frame 1403638573.6278296
Dropping frame 1403638573.8278296
Dropping frame 1403638573.9278295
Dropping frame 1403638574.1278296
Dropping frame 1403638574.2278295
Dropping frame 1403638574.3278296
Dropping frame 1403638574.5278294
Dropping frame 1403638574.7278295
Dropping frame 1403638574.8278296
Dropping frame 1403638574.9278295
Dropping frame 1403638575.0278294
Dropping frame 1403638575.2278295
Dropping frame 1403638575.3278296
Dropping frame 1403638575.5778294
Dropping frame 1403638575.6778293
Dropping frame 1403638575.9278295
Dropping frame 1403638576.0278294
Dropping frame 1403638576.1278296
Dropping frame 1403638576.3278296
Dropping frame 1403638576.5278294
Dropping frame 1403638576.7278295
Dropping frame 1403638576.9278295
Dropping frame 1403638577.0278294
Dropping frame 1403638577.1278296
Dropping frame 1403638577.3278296
Dropping frame 1403638577.7778294
Dropping frame 1403638577.9778295
Dropping frame 1403638578.1278296
Dropping frame 1403638578.5778294
Dropping frame 1403638579.6278296
Dropping frame 1403638580.0778294
Dropping frame 1403638580.6278296
Dropping frame 1403638580.8278296
Dropping frame 1403638581.0278294
Dropping frame 1403638581.1778293
Dropping frame 1403638581.3778293
Dropping frame 1403638582.9278295
Dropping frame 1403638583.1278296
Dropping frame 1403638583.3278296
Dropping frame 1403638583.4278295
Dropping frame 1403638583.7778294
Dropping frame 1403638583.9278295
Dropping frame 1403638584.1278296
Dropping frame 1403638584.4778295
Dropping frame 1403638584.5778294
Dropping frame 1403638584.7278295
Dropping frame 1403638584.9778295
Dropping frame 1403638585.1278296
Dropping frame 1403638585.5778294
Dropping frame 1403638586.0778294
Dropping frame 1403638586.4278295
Dropping frame 1403638587.5778294
Dropping frame 1403638587.8778293
Dropping frame 1403638587.9778295
Dropping frame 1403638588.3778293
Dropping frame 1403638588.5778294
Dropping frame 1403638588.8778293
Dropping frame 1403638589.0778294
Dropping frame 1403638589.2778294
Dropping frame 1403638589.3778293
Dropping frame 1403638589.4778295
Dropping frame 1403638589.6778293
Dropping frame 1403638589.8278296
Dropping frame 1403638590.0278294
Dropping frame 1403638590.1278296
Dropping frame 1403638590.2278295
Dropping frame 1403638590.4278295
Dropping frame 1403638590.6278296
Dropping frame 1403638590.7778294
Dropping frame 1403638590.9278295
Dropping frame 1403638591.0778294
Dropping frame 1403638591.2778294
Dropping frame 1403638591.4778295
Dropping frame 1403638591.6778293
Dropping frame 1403638591.7778294
Dropping frame 1403638591.9778295
Dropping frame 1403638592.0778294
Dropping frame 1403638592.1778293
Dropping frame 1403638592.3778293
Dropping frame 1403638592.4778295
Dropping frame 1403638592.5778294
Dropping frame 1403638592.7778294
Dropping frame 1403638592.9778295
Dropping frame 1403638593.0778294
Dropping frame 1403638593.1778293
Dropping frame 1403638593.2778294
Dropping frame 1403638593.4778295
Dropping frame 1403638593.6778293
Dropping frame 1403638593.8778293
Dropping frame 1403638593.9778295
Dropping frame 1403638594.0778294
Dropping frame 1403638594.3278296
Dropping frame 1403638594.4278295
Dropping frame 1403638594.8278296
Dropping frame 1403638594.9278295
Dropping frame 1403638595.1278296
Dropping frame 1403638595.2778294
Dropping frame 1403638595.4778295
Dropping frame 1403638595.7778294
Dropping frame 1403638595.8778293
Dropping frame 1403638595.9778295
Dropping frame 1403638596.1778293
Dropping frame 1403638596.3778293
Dropping frame 1403638596.5278294
Dropping frame 1403638596.7278295
Dropping frame 1403638596.9278295
Dropping frame 1403638597.1278296
Dropping frame 1403638597.2278295
Dropping frame 1403638597.3278296
Dropping frame 1403638597.5278294
Dropping frame 1403638597.6278296
Dropping frame 1403638597.8778293
Dropping frame 1403638598.0778294
Dropping frame 1403638598.1778293
Dropping frame 1403638598.4278295
Dropping frame 1403638598.6278296
Dropping frame 1403638598.8278296
Dropping frame 1403638598.9778295
Dropping frame 1403638599.1778293
Dropping frame 1403638599.4778295
Dropping frame 1403638599.7778294
Dropping frame 1403638599.9278295
Dropping frame 1403638600.1278296
Dropping frame 1403638600.3278296
Dropping frame 1403638600.6278296
Dropping frame 1403638600.9778295
Dropping frame 1403638601.0778294
Dropping frame 1403638601.3278296
Dropping frame 1403638601.7778294
Dropping frame 1403638601.9778295
Dropping frame 1403638602.1778293
Dropping frame 1403638602.2778294
Dropping frame 1403638602.5278294
Dropping frame 1403638602.7278295
Dropping frame 1403638603.0778294
Dropping frame 1403638603.2778294
Dropping frame 1403638603.6278296
Dropping frame 1403638603.8278296
Dropping frame 1403638604.0778294
Dropping frame 1403638604.3278296
Dropping frame 1403638604.8778293
Dropping frame 1403638605.3278296
Dropping frame 1403638605.5278294
Dropping frame 1403638605.8278296
Dropping frame 1403638606.3778293
Dropping frame 1403638606.6778293
Dropping frame 1403638606.7778294
Dropping frame 1403638612.8778293
Dropping frame 1403638614.3278296
Dropping frame 1403638618.2278295
Dropping frame 1403638619.9778295
Dropping frame 1403638620.6278296
Dropping frame 1403638621.0778294
Dropping frame 1403638621.2778294
Dropping frame 1403638621.3778293
Dropping frame 1403638621.8778293
Dropping frame 1403638622.3278296
Dropping frame 1403638622.4278295
Dropping frame 1403638622.6278296
Dropping frame 1403638622.7778294
Dropping frame 1403638622.9778295
Dropping frame 1403638623.2778294
Dropping frame 1403638623.3778293
Dropping frame 1403638623.6278296
Dropping frame 1403638623.8278296
Dropping frame 1403638623.9278295
Dropping frame 1403638624.0278294
Dropping frame 1403638624.2278295
Dropping frame 1403638624.4278295
Dropping frame 1403638624.6278296
Dropping frame 1403638624.7278295
Dropping frame 1403638624.8278296
Dropping frame 1403638625.0278294
Dropping frame 1403638625.2278295
Dropping frame 1403638625.4278295
Dropping frame 1403638625.5278294
Dropping frame 1403638625.6278296
Dropping frame 1403638625.8278296
Dropping frame 1403638625.9278295
Dropping frame 1403638626.0278294
Dropping frame 1403638626.2278295
Dropping frame 1403638626.4278295
Dropping frame 1403638626.6278296
Dropping frame 1403638626.8278296
Dropping frame 1403638627.1278296
Dropping frame 1403638627.2278295
Dropping frame 1403638627.4778295
Dropping frame 1403638627.9278295
Dropping frame 1403638628.1278296
Dropping frame 1403638628.2278295
Dropping frame 1403638628.5278294
Dropping frame 1403638629.1778293
Dropping frame 1403638629.6278296
Dropping frame 1403638629.7278295
Dropping frame 1403638629.9278295
Dropping frame 1403638630.0278294
Dropping frame 1403638630.2778294
Dropping frame 1403638630.3778293
Dropping frame 1403638630.7278295
Dropping frame 1403638630.9278295
Dropping frame 1403638631.1278296
Dropping frame 1403638631.4278295
Dropping frame 1403638631.5278294
Shutdown
SLAM Finished at System Time: 1734436232.6695

 TIME STATS in ms (mean$\pm$std)
OpenCV version: 4.8.1
---------------------------
Tracking

ORB Extraction: 17.846$\pm$2.4115
Stereo Matching: 7.9365$\pm$1.9036
IMU Preintegration: 0.21121$\pm$0.088197
Pose Prediction: 0.40458$\pm$1.2153
LM Track: 17.751$\pm$4.989
New KF decision: 1.0666$\pm$1.7873
Total Tracking: 33.444$\pm$23.339



Local Mapping

KF Insertion: 13.159$\pm$4.4986
MP Culling: 0.46727$\pm$0.18398
MP Creation: 42.679$\pm$13.965
LBA: 148.58$\pm$41.242
KF Culling: 10.803$\pm$7.5605
Total Local Mapping: 216.06$\pm$60.767
---------------------------

LBA complexity (mean$\pm$std)
LBA Edges: 2032.2$\pm$1081.4
LBA KF optimized: 6.5$\pm$2.2913
LBA KF fixed: 1$\pm$0
LBA MP: nan$\pm$nan

LBA executions: 407
LBA aborts: 0
---------------------------

Map complexity
KFs in map: 166
MPs in map: 13526
---------------------------

Place Recognition (mean$\pm$std)
Database Query: 2.0725$\pm$1.2523
SE3 estimation: 27.203$\pm$17.468
Total Place Recognition: 22.004$\pm$20.302


Loop Closing (mean$\pm$std)
Loop Fusion: nan$\pm$nan
Essential Graph: nan$\pm$nan
Total Loop Closing: nan$\pm$nan

Num exec: 0
Number of KFs: nan$\pm$nan

Map Merging (mean$\pm$std)
Merge Maps: nan$\pm$nan
Welding BA: nan$\pm$nan
Optimization Ess.: nan$\pm$nan
Total Map Merging: nan$\pm$nan

Num exec: 0
Number of KFs: nan$\pm$nan
Number of MPs: nan$\pm$nan

Full GBA (mean$\pm$std)
GBA: nan$\pm$nan
Map Update: nan$\pm$nan
Total Full GBA: nan$\pm$nan

Num exec: 0
Num abort: 0
Number of KFs: nan$\pm$nan
Number of MPs: nan$\pm$nan

Saving trajectory to f_dataset-MH05_stereo_imu.txt ...
There are 1 maps in the atlas
  Map 0 has 166 KFs

End of saving trajectory to f_dataset-MH05_stereo_imu.txt ...

Saving keyframe trajectory to kf_dataset-MH05_stereo_imu.txt ...
