num_seq = 1
file name: dataset-MH03_stereo_imu
Loading images for sequence 0...LOADED!
Loading IMU for sequence 0...LOADED!

-------

ORB-SLAM3 Copyright (C) 2017-2020 Carlos Campos, Richard Elvira, Juan J. Gómez, José M.M. Montiel and Juan D. Tardós, University of Zaragoza.
ORB-SLAM2 Copyright (C) 2014-2016 Raúl Mur-Artal, José M.M. Montiel and Juan D. Tardós, University of Zaragoza.
This program comes with ABSOLUTELY NO WARRANTY;
This is free software, and you are welcome to redistribute it
under certain conditions. See LICENSE.txt.

Built with REGISTER_TIMES
Git Commit Hash: 42e930e

Compiled with C++ version: 201703

Input sensor was set to: Stereo-Inertial
Loading settings from ./Examples/Stereo-Inertial/EuRoC_fov_deadlines_mask_3x3.yaml
	-Loaded camera 1
	-Loaded camera 2
	-Loaded image info
	-Loaded IMU calibration
	-Loaded ORB settings
	-Loaded viewer settings
	-Loaded Atlas settings
Deadlines enabled, will skip frames!
FOV enabled
Static mask size: 3x3
Dumping map points enabled
	-Loaded misc parameters
	-Computed rectification maps
----------------------------------
SLAM settings: 
	-Camera 1 parameters (Pinhole): [ 458.65399169921875 457.29598999023438 367.21499633789062 248.375 ]
	-Camera 1 distortion parameters: [  -0.28340810537338257 0.073959067463874817 0.00019359000725671649 1.7618711353861727e-05 ]
	-Camera 2 parameters (Pinhole: [ 457.58700561523438 456.13400268554688 379.99899291992188 255.23800659179688 ]
	-Camera 1 distortion parameters: [  -0.2836836576461792 0.074512839317321777 -0.00010473000293131918 -3.555907096597366e-05 ]
	-Original image size: [ 752 , 480 ]
	-Current image size: [ 752 , 480 ]
	-Camera 1 parameters after rectification: [  456.71499633789062 456.71499633789062 364.52615356445312 257.268798828125 ]
	-Sequence FPS: 20
	-Stereo baseline: 0.11007784307003021
	-Stereo depth threshold : 60
	-Gyro noise: 0.00016999999934341758
	-Accelerometer noise: 0.0020000000949949026
	-Gyro walk: 1.9392999092815444e-05
	-Accelerometer walk: 0.0030000000260770321
	-IMU frequency: 200
	-Features per image: 1200
	-ORB scale factor: 1.2000000476837158
	-ORB number of scales: 8
	-Initial FAST threshold: 20
	-Min FAST threshold: 7


Loading ORB Vocabulary. This could take a while...
Vocabulary loaded!

Initialization of Atlas from scratch 
Creation of new map with id: 0
Creation of new map with last KF id: 0
Seq. Name: 
There are 1 cameras in the atlas
Camera 0 is pinhole
SLAM Started at System Time: 1734505274.6298
not IMU meas
not IMU meas
not enough acceleration
not enough acceleration
First KF:0; Map init KF:0
New Map created with 86 points
Active map: 0
Not enough motion for initializing. Reseting...
LM: Reseting current map in Local Mapping...
LM: End reseting Local Mapping...
LM: Reset free the mutex
Not enough motion for initializing. Reseting...
TRACK: Reset map because local mapper set the bad imu flag 
LM: Reseting current map in Local Mapping...
LM: End reseting Local Mapping...
LM: Reset free the mutex
LM: Active map reset recieved
LM: Active map reset, waiting...
LM: Reseting current map in Local Mapping...
LM: End reseting Local Mapping...
LM: Reset free the mutex
LM: Active map reset, Done!!!
mnFirstFrameId = 4
mnInitialFrameId = 0
53 Frames set to lost
not IMU meas
First KF:12; Map init KF:0
New Map created with 93 points
Active map: 0
Fail to track local map!
IMU is not or recently initialized. Reseting active map...
LM: Active map reset recieved
LM: Active map reset, waiting...
LM: Reseting current map in Local Mapping...
LM: End reseting Local Mapping...
LM: Reset free the mutex
LM: Active map reset, Done!!!
mnFirstFrameId = 59
mnInitialFrameId = 57
59 Frames set to lost
not IMU meas
First KF:14; Map init KF:12
New Map created with 146 points
Active map: 0
Fail to track local map!
IMU is not or recently initialized. Reseting active map...
LM: Active map reset recieved
LM: Active map reset, waiting...
LM: Reseting current map in Local Mapping...
LM: End reseting Local Mapping...
LM: Reset free the mutex
LM: Active map reset, Done!!!
mnFirstFrameId = 66
mnInitialFrameId = 64
65 Frames set to lost
not IMU meas
not enough acceleration
First KF:16; Map init KF:14
New Map created with 466 points
Active map: 0
Dropping frame 1403637134.3383191
Dropping frame 1403637134.688319
Dropping frame 1403637134.9883189
Fail to track local map!
IMU is not or recently initialized. Reseting active map...
LM: Active map reset recieved
LM: Active map reset, waiting...
LM: Reseting current map in Local Mapping...
LM: End reseting Local Mapping...
LM: Reset free the mutex
LM: Active map reset, Done!!!
mnFirstFrameId = 74
mnInitialFrameId = 71
79 Frames set to lost
not IMU meas
not enough acceleration
First KF:19; Map init KF:16
New Map created with 97 points
Active map: 0
Fail to track local map!
IMU is not or recently initialized. Reseting active map...
LM: Active map reset recieved
LM: Active map reset, waiting...
LM: Reseting current map in Local Mapping...
LM: End reseting Local Mapping...
LM: Reset free the mutex
LM: Active map reset, Done!!!
mnFirstFrameId = 90
mnInitialFrameId = 87
83 Frames set to lost
not IMU meas
First KF:20; Map init KF:19
New Map created with 209 points
Active map: 0
Fail to track local map!
IMU is not or recently initialized. Reseting active map...
LM: Active map reset recieved
LM: Active map reset, waiting...
LM: Reseting current map in Local Mapping...
LM: End reseting Local Mapping...
LM: Reset free the mutex
LM: Active map reset, Done!!!
mnFirstFrameId = 95
mnInitialFrameId = 93
87 Frames set to lost
not IMU meas
First KF:21; Map init KF:20
New Map created with 454 points
Active map: 0
Dropping frame 1403637136.0883191
Dropping frame 1403637136.3383191
Fail to track local map!
IMU is not or recently initialized. Reseting active map...
LM: Active map reset recieved
LM: Active map reset, waiting...
LM: Reseting current map in Local Mapping...
LM: End reseting Local Mapping...
LM: Reset free the mutex
LM: Active map reset, Done!!!
mnFirstFrameId = 100
mnInitialFrameId = 98
100 Frames set to lost
not IMU meas
First KF:24; Map init KF:21
New Map created with 130 points
Active map: 0
Fail to track local map!
IMU is not or recently initialized. Reseting active map...
LM: Active map reset recieved
LM: Active map reset, waiting...
LM: Reseting current map in Local Mapping...
LM: End reseting Local Mapping...
LM: Reset free the mutex
LM: Active map reset, Done!!!
mnFirstFrameId = 114
mnInitialFrameId = 112
109 Frames set to lost
not IMU meas
First KF:26; Map init KF:24
New Map created with 330 points
Active map: 0
Fail to track local map!
IMU is not or recently initialized. Reseting active map...
Dropping frame 1403637137.7883189
LM: Active map reset recieved
LM: Active map reset, waiting...
LM: Reseting current map in Local Mapping...
LM: End reseting Local Mapping...
LM: Reset free the mutex
LM: Active map reset, Done!!!
mnFirstFrameId = 124
mnInitialFrameId = 122
125 Frames set to lost
not IMU meas
First KF:29; Map init KF:26
New Map created with 121 points
Active map: 0
Fail to track local map!
IMU is not or recently initialized. Reseting active map...
LM: Active map reset recieved
LM: Active map reset, waiting...
LM: Reseting current map in Local Mapping...
LM: End reseting Local Mapping...
LM: Reset free the mutex
LM: Active map reset, Done!!!
mnFirstFrameId = 141
mnInitialFrameId = 139
128 Frames set to lost
not IMU meas
First KF:30; Map init KF:29
New Map created with 121 points
Active map: 0
Fail to track local map!
IMU is not or recently initialized. Reseting active map...
LM: Active map reset recieved
LM: Active map reset, waiting...
LM: Reseting current map in Local Mapping...
LM: End reseting Local Mapping...
LM: Reset free the mutex
LM: Active map reset, Done!!!
mnFirstFrameId = 145
mnInitialFrameId = 143
131 Frames set to lost
not IMU meas
First KF:31; Map init KF:30
New Map created with 246 points
Active map: 0
Fail to track local map!
IMU is not or recently initialized. Reseting active map...
LM: Active map reset recieved
LM: Active map reset, waiting...
LM: Reseting current map in Local Mapping...
LM: End reseting Local Mapping...
LM: Reset free the mutex
LM: Active map reset, Done!!!
mnFirstFrameId = 149
mnInitialFrameId = 147
137 Frames set to lost
not IMU meas
not enough acceleration
not enough acceleration
First KF:33; Map init KF:31
New Map created with 685 points
Active map: 0
Dropping frame 1403637139.188319
Fail to track local map!
IMU is not or recently initialized. Reseting active map...
LM: Active map reset recieved
LM: Active map reset, waiting...
LM: Reseting current map in Local Mapping...
LM: End reseting Local Mapping...
LM: Reset free the mutex
LM: Active map reset, Done!!!
mnFirstFrameId = 158
mnInitialFrameId = 154
147 Frames set to lost
not IMU meas
not enough acceleration
First KF:35; Map init KF:33
New Map created with 107 points
Active map: 0
Dropping frame 1403637139.4383192
Dropping frame 1403637139.5383191
Fail to track local map!
IMU is not or recently initialized. Reseting active map...
LM: Active map reset recieved
LM: Active map reset, waiting...
LM: Reseting current map in Local Mapping...
LM: End reseting Local Mapping...
LM: Reset free the mutex
LM: Active map reset, Done!!!
mnFirstFrameId = 170
mnInitialFrameId = 167
150 Frames set to lost
not IMU meas
not enough acceleration
not enough acceleration
not enough acceleration
First KF:36; Map init KF:35
New Map created with 54 points
Active map: 0
Fail to track local map!
IMU is not or recently initialized. Reseting active map...
LM: Active map reset recieved
LM: Active map reset, waiting...
LM: Reseting current map in Local Mapping...
LM: End reseting Local Mapping...
LM: Reset free the mutex
LM: Active map reset, Done!!!
mnFirstFrameId = 177
mnInitialFrameId = 172
152 Frames set to lost
not IMU meas
not enough acceleration
First KF:37; Map init KF:36
New Map created with 59 points
Active map: 0
Fail to track local map!
IMU is not or recently initialized. Reseting active map...
LM: Active map reset recieved
LM: Active map reset, waiting...
LM: Reseting current map in Local Mapping...
LM: End reseting Local Mapping...
LM: Reset free the mutex
LM: Active map reset, Done!!!
mnFirstFrameId = 181
mnInitialFrameId = 178
154 Frames set to lost
not IMU meas
First KF:38; Map init KF:37
New Map created with 77 points
Active map: 0
Not enough motion for initializing. Reseting...
LM: Reseting current map in Local Mapping...
LM: End reseting Local Mapping...
LM: Reset free the mutex
Not enough motion for initializing. Reseting...
LM: Reseting current map in Local Mapping...
LM: End reseting Local Mapping...
LM: Reset free the mutex
Not enough motion for initializing. Reseting...
LM: Reseting current map in Local Mapping...
LM: End reseting Local Mapping...
LM: Reset free the mutex
Not enough motion for initializing. Reseting...
LM: Reseting current map in Local Mapping...
LM: End reseting Local Mapping...
LM: Reset free the mutex
Not enough motion for initializing. Reseting...
LM: Reseting current map in Local Mapping...
LM: End reseting Local Mapping...
LM: Reset free the mutex
Not enough motion for initializing. Reseting...
LM: Reseting current map in Local Mapping...
LM: End reseting Local Mapping...
LM: Reset free the mutex
Not enough motion for initializing. Reseting...
LM: Reseting current map in Local Mapping...
LM: End reseting Local Mapping...
LM: Reset free the mutex
Not enough motion for initializing. Reseting...
TRACK: Reset map because local mapper set the bad imu flag 
LM: Reseting current map in Local Mapping...
LM: End reseting Local Mapping...
LM: Reset free the mutex
LM: Active map reset recieved
LM: Active map reset, waiting...
LM: Reseting current map in Local Mapping...
LM: End reseting Local Mapping...
LM: Reset free the mutex
LM: Active map reset, Done!!!
mnFirstFrameId = 184
mnInitialFrameId = 182
276 Frames set to lost
not IMU meas
not enough acceleration
not enough acceleration
not enough acceleration
not enough acceleration
not enough acceleration
not enough acceleration
not enough acceleration
not enough acceleration
not enough acceleration
not enough acceleration
not enough acceleration
not enough acceleration
not enough acceleration
not enough acceleration
not enough acceleration
not enough acceleration
not enough acceleration
not enough acceleration
not enough acceleration
not enough acceleration
not enough acceleration
not enough acceleration
not enough acceleration
not enough acceleration
not enough acceleration
not enough acceleration
not enough acceleration
not enough acceleration
not enough acceleration
not enough acceleration
not enough acceleration
not enough acceleration
not enough acceleration
not enough acceleration
not enough acceleration
not enough acceleration
not enough acceleration
not enough acceleration
not enough acceleration
not enough acceleration
not enough acceleration
not enough acceleration
not enough acceleration
not enough acceleration
not enough acceleration
not enough acceleration
not enough acceleration
not enough acceleration
not enough acceleration
not enough acceleration
not enough acceleration
not enough acceleration
not enough acceleration
not enough acceleration
not enough acceleration
not enough acceleration
not enough acceleration
not enough acceleration
not enough acceleration
not enough acceleration
not enough acceleration
not enough acceleration
not enough acceleration
not enough acceleration
not enough acceleration
not enough acceleration
not enough acceleration
First KF:56; Map init KF:38
New Map created with 66 points
Active map: 0
Fail to track local map!
IMU is not or recently initialized. Reseting active map...
LM: Active map reset recieved
LM: Active map reset, waiting...
LM: Reseting current map in Local Mapping...
LM: End reseting Local Mapping...
LM: Reset free the mutex
LM: Active map reset, Done!!!
mnFirstFrameId = 375
mnInitialFrameId = 306
288 Frames set to lost
not IMU meas
not enough acceleration
not enough acceleration
not enough acceleration
not enough acceleration
not enough acceleration
not enough acceleration
First KF:58; Map init KF:56
New Map created with 202 points
Active map: 0
Dropping frame 1403637152.188319
Dropping frame 1403637153.0883191
Dropping frame 1403637153.688319
Dropping frame 1403637154.3383191
Dropping frame 1403637155.0883191
Dropping frame 1403637155.4883189
Dropping frame 1403637155.8383191
start VIBA 1
end VIBA 1
Dropping frame 1403637156.688319
Dropping frame 1403637156.7883189
Dropping frame 1403637157.2383192
Dropping frame 1403637157.3383191
Dropping frame 1403637157.7383192
Dropping frame 1403637157.8383191
Dropping frame 1403637157.9383192
Dropping frame 1403637159.5883191
Dropping frame 1403637163.3383191
Dropping frame 1403637163.888319
Dropping frame 1403637164.188319
Dropping frame 1403637165.2383192
start VIBA 2
Dropping frame 1403637165.9383192
end VIBA 2
Dropping frame 1403637167.638319
Dropping frame 1403637173.0883191
Dropping frame 1403637173.3383191
Dropping frame 1403637178.4383192
Dropping frame 1403637178.8383191
Dropping frame 1403637179.188319
Dropping frame 1403637179.4883189
Dropping frame 1403637179.5883191
Dropping frame 1403637179.8383191
Dropping frame 1403637180.0883191
Dropping frame 1403637180.3383191
Dropping frame 1403637180.638319
Dropping frame 1403637180.9383192
Dropping frame 1403637181.0383191
Dropping frame 1403637181.3383191
Dropping frame 1403637181.638319
Dropping frame 1403637182.4383192
Dropping frame 1403637184.188319
Dropping frame 1403637185.138319
Dropping frame 1403637185.5383191
Dropping frame 1403637185.7383192
Dropping frame 1403637186.188319
Dropping frame 1403637186.2883189
Dropping frame 1403637186.5883191
Dropping frame 1403637186.688319
Dropping frame 1403637187.5883191
Dropping frame 1403637188.0883191
Dropping frame 1403637188.2383192
Dropping frame 1403637188.388319
Dropping frame 1403637188.5383191
Dropping frame 1403637188.8383191
Dropping frame 1403637189.138319
Dropping frame 1403637189.388319
Dropping frame 1403637189.4883189
Dropping frame 1403637189.7883189
Dropping frame 1403637189.888319
Dropping frame 1403637189.9883189
Dropping frame 1403637190.0883191
Dropping frame 1403637190.2883189
Dropping frame 1403637190.5383191
Dropping frame 1403637190.888319
Dropping frame 1403637191.138319
Dropping frame 1403637191.638319
Dropping frame 1403637191.7383192
Dropping frame 1403637191.9883189
Dropping frame 1403637192.0883191
Dropping frame 1403637192.2383192
Dropping frame 1403637192.638319
Dropping frame 1403637192.8383191
Dropping frame 1403637192.9383192
Dropping frame 1403637193.0383191
Dropping frame 1403637193.188319
Dropping frame 1403637193.388319
Dropping frame 1403637193.5883191
Dropping frame 1403637193.688319
Dropping frame 1403637193.7883189
Dropping frame 1403637194.4883189
Dropping frame 1403637194.7383192
Dropping frame 1403637194.888319
Dropping frame 1403637195.0383191
Dropping frame 1403637195.188319
Dropping frame 1403637195.4883189
Dropping frame 1403637195.5883191
Dropping frame 1403637195.7883189
Dropping frame 1403637195.888319
Dropping frame 1403637196.0883191
Dropping frame 1403637196.188319
Dropping frame 1403637196.388319
Dropping frame 1403637196.4883189
Dropping frame 1403637196.8383191
Dropping frame 1403637196.9383192
Dropping frame 1403637197.0383191
Dropping frame 1403637197.3383191
Dropping frame 1403637197.4383192
Dropping frame 1403637197.7383192
Dropping frame 1403637197.9383192
Dropping frame 1403637198.0383191
Dropping frame 1403637198.388319
Dropping frame 1403637198.5883191
Dropping frame 1403637198.9383192
Dropping frame 1403637203.5883191
Dropping frame 1403637204.388319
Dropping frame 1403637208.0883191
Dropping frame 1403637208.3383191
Dropping frame 1403637208.9383192
Dropping frame 1403637209.138319
Dropping frame 1403637209.2883189
Dropping frame 1403637209.4383192
Dropping frame 1403637209.7383192
Dropping frame 1403637215.9383192
Dropping frame 1403637221.138319
Dropping frame 1403637231.5883191
Dropping frame 1403637231.7383192
Dropping frame 1403637231.8383191
Dropping frame 1403637232.138319
Dropping frame 1403637232.5883191
Dropping frame 1403637233.0383191
Dropping frame 1403637233.5383191
Dropping frame 1403637233.638319
Dropping frame 1403637233.7383192
Dropping frame 1403637233.888319
Dropping frame 1403637233.9883189
Dropping frame 1403637234.7883189
Dropping frame 1403637235.4883189
Dropping frame 1403637236.2383192
Dropping frame 1403637236.3383191
Dropping frame 1403637236.4383192
Dropping frame 1403637236.5883191
Dropping frame 1403637236.7883189
Dropping frame 1403637237.0383191
Dropping frame 1403637237.138319
Dropping frame 1403637238.138319
Dropping frame 1403637238.2383192
Dropping frame 1403637238.8383191
Dropping frame 1403637238.9383192
Dropping frame 1403637239.0383191
Dropping frame 1403637239.2883189
Dropping frame 1403637239.388319
Dropping frame 1403637239.4883189
Dropping frame 1403637239.5883191
Dropping frame 1403637239.688319
Dropping frame 1403637240.5383191
Dropping frame 1403637240.9883189
Dropping frame 1403637241.5383191
Dropping frame 1403637241.7883189
Dropping frame 1403637242.0883191
Dropping frame 1403637242.2383192
Dropping frame 1403637242.388319
Dropping frame 1403637242.638319
Dropping frame 1403637243.2383192
Dropping frame 1403637243.4383192
Dropping frame 1403637243.5883191
Dropping frame 1403637245.5883191
Dropping frame 1403637245.8383191
Dropping frame 1403637246.0883191
Dropping frame 1403637246.2883189
Dropping frame 1403637246.388319
Dropping frame 1403637246.4883189
Dropping frame 1403637246.638319
Dropping frame 1403637246.8383191
Dropping frame 1403637246.9383192
Dropping frame 1403637247.0383191
Dropping frame 1403637247.138319
Dropping frame 1403637247.2383192
Dropping frame 1403637247.5883191
Dropping frame 1403637247.688319
Dropping frame 1403637248.0383191
Dropping frame 1403637248.2383192
Dropping frame 1403637248.3383191
Dropping frame 1403637248.5383191
Dropping frame 1403637248.9383192
Dropping frame 1403637249.2883189
Dropping frame 1403637249.5383191
Dropping frame 1403637251.5383191
Dropping frame 1403637251.888319
Dropping frame 1403637252.2383192
Dropping frame 1403637252.4383192
Dropping frame 1403637252.638319
Dropping frame 1403637252.7383192
Dropping frame 1403637252.9383192
Dropping frame 1403637253.0883191
Dropping frame 1403637254.9383192
Dropping frame 1403637255.9383192
Dropping frame 1403637256.2883189
Dropping frame 1403637256.4883189
Dropping frame 1403637256.688319
Dropping frame 1403637256.888319
Dropping frame 1403637257.138319
Dropping frame 1403637257.2883189
Dropping frame 1403637257.388319
Dropping frame 1403637258.138319
Dropping frame 1403637262.688319
Dropping frame 1403637263.8383191
Dropping frame 1403637263.9383192
Dropping frame 1403637264.2883189
Dropping frame 1403637264.5883191
Dropping frame 1403637264.888319
Dropping frame 1403637265.0883191
Shutdown
SLAM Finished at System Time: 1734505432.09029

 TIME STATS in ms (mean$\pm$std)
OpenCV version: 4.8.1
---------------------------
Tracking

ORB Extraction: 12.616$\pm$1.9266
Stereo Matching: 6.0647$\pm$2.0297
IMU Preintegration: 0.25356$\pm$0.11476
Pose Prediction: 0.50758$\pm$1.4198
LM Track: 15.621$\pm$5.5161
New KF decision: 1.0394$\pm$2.0946
Total Tracking: 34.607$\pm$16.17



Local Mapping

KF Insertion: 9.5062$\pm$4.2486
MP Culling: 0.39793$\pm$0.2623
MP Creation: 33.659$\pm$18.902
LBA: 122.62$\pm$56.247
KF Culling: 10.703$\pm$8.4846
Total Local Mapping: 170.5$\pm$83.848
---------------------------

LBA complexity (mean$\pm$std)
LBA Edges: 1074.7$\pm$740.29
LBA KF optimized: 6.1111$\pm$2.4242
LBA KF fixed: 1$\pm$0
LBA MP: nan$\pm$nan

LBA executions: 516
LBA aborts: 0
---------------------------

Map complexity
KFs in map: 220
MPs in map: 15739
---------------------------

Place Recognition (mean$\pm$std)
Database Query: 1.2651$\pm$0.76403
SE3 estimation: 18.099$\pm$12.902
Total Place Recognition: 15.269$\pm$14.367


Loop Closing (mean$\pm$std)
Loop Fusion: nan$\pm$nan
Essential Graph: nan$\pm$nan
Total Loop Closing: nan$\pm$nan

Num exec: 0
Number of KFs: nan$\pm$nan

Map Merging (mean$\pm$std)
Merge Maps: nan$\pm$nan
Welding BA: nan$\pm$nan
Optimization Ess.: nan$\pm$nan
Total Map Merging: nan$\pm$nan

Num exec: 0
Number of KFs: nan$\pm$nan
Number of MPs: nan$\pm$nan

Full GBA (mean$\pm$std)
GBA: nan$\pm$nan
Map Update: nan$\pm$nan
Total Full GBA: nan$\pm$nan

Num exec: 0
Num abort: 0
Number of KFs: nan$\pm$nan
Number of MPs: nan$\pm$nan

Saving trajectory to f_dataset-MH03_stereo_imu.txt ...
There are 1 maps in the atlas
  Map 0 has 220 KFs

End of saving trajectory to f_dataset-MH03_stereo_imu.txt ...

Saving keyframe trajectory to kf_dataset-MH03_stereo_imu.txt ...
