num_seq = 1
file name: dataset-MH02_stereo_imu
Loading images for sequence 0...LOADED!
Loading IMU for sequence 0...LOADED!

-------

ORB-SLAM3 Copyright (C) 2017-2020 Carlos Campos, Richard Elvira, Juan J. Gómez, José M.M. Montiel and Juan D. Tardós, University of Zaragoza.
ORB-SLAM2 Copyright (C) 2014-2016 Raúl Mur-Artal, José M.M. Montiel and Juan D. Tardós, University of Zaragoza.
This program comes with ABSOLUTELY NO WARRANTY;
This is free software, and you are welcome to redistribute it
under certain conditions. See LICENSE.txt.

Built with REGISTER_TIMES
Git Commit Hash: 5ee9387

Compiled with C++ version: 201703

Input sensor was set to: Stereo-Inertial
Loading settings from ./Examples/Stereo-Inertial/EuRoC_fov_deadlines_mask_9x9.yaml
	-Loaded camera 1
	-Loaded camera 2
	-Loaded image info
	-Loaded IMU calibration
	-Loaded ORB settings
	-Loaded viewer settings
	-Loaded Atlas settings
Deadlines enabled, will skip frames!
FOV enabled
Static mask size: 9x9
Dumping map points enabled
	-Loaded misc parameters
	-Computed rectification maps
----------------------------------
SLAM settings: 
	-Camera 1 parameters (Pinhole): [ 458.65399169921875 457.29598999023438 367.21499633789062 248.375 ]
	-Camera 1 distortion parameters: [  -0.28340810537338257 0.073959067463874817 0.00019359000725671649 1.7618711353861727e-05 ]
	-Camera 2 parameters (Pinhole: [ 457.58700561523438 456.13400268554688 379.99899291992188 255.23800659179688 ]
	-Camera 1 distortion parameters: [  -0.2836836576461792 0.074512839317321777 -0.00010473000293131918 -3.555907096597366e-05 ]
	-Original image size: [ 752 , 480 ]
	-Current image size: [ 752 , 480 ]
	-Camera 1 parameters after rectification: [  456.71499633789062 456.71499633789062 364.52615356445312 257.268798828125 ]
	-Sequence FPS: 20
	-Stereo baseline: 0.11007784307003021
	-Stereo depth threshold : 60
	-Gyro noise: 0.00016999999934341758
	-Accelerometer noise: 0.0020000000949949026
	-Gyro walk: 1.9392999092815444e-05
	-Accelerometer walk: 0.0030000000260770321
	-IMU frequency: 200
	-Features per image: 1200
	-ORB scale factor: 1.2000000476837158
	-ORB number of scales: 8
	-Initial FAST threshold: 20
	-Min FAST threshold: 7


Loading ORB Vocabulary. This could take a while...
Vocabulary loaded!

Initialization of Atlas from scratch 
Creation of new map with id: 0
Creation of new map with last KF id: 0
Seq. Name: 
There are 1 cameras in the atlas
Camera 0 is pinhole
SLAM Started at System Time: 1734434737.93701
not IMU meas
not IMU meas
not enough acceleration
not enough acceleration
not enough acceleration
not enough acceleration
not enough acceleration
not enough acceleration
First KF:0; Map init KF:0
New Map created with 190 points
Active map: 0
Dropping frame 1403636859.1516664
Dropping frame 1403636859.7016666
Dropping frame 1403636860.0516665
Dropping frame 1403636860.4516664
Dropping frame 1403636860.6016665
Dropping frame 1403636860.8016665
Dropping frame 1403636861.2516665
Dropping frame 1403636861.5516665
Dropping frame 1403636861.9516664
Dropping frame 1403636862.3016665
Dropping frame 1403636862.4016666
Dropping frame 1403636862.7016666
Dropping frame 1403636862.8516665
Dropping frame 1403636863.1516664
Dropping frame 1403636863.8016665
Dropping frame 1403636863.9016666
Dropping frame 1403636864.2016666
Dropping frame 1403636864.3016665
Dropping frame 1403636864.5016665
start VIBA 1
end VIBA 1
Dropping frame 1403636864.6016665
Dropping frame 1403636864.7016666
Dropping frame 1403636864.8516665
Dropping frame 1403636865.0516665
Dropping frame 1403636865.1516664
Dropping frame 1403636865.3516665
Dropping frame 1403636865.4516664
Dropping frame 1403636865.6516664
Dropping frame 1403636866.0016665
Dropping frame 1403636866.3516665
Dropping frame 1403636866.6016665
Dropping frame 1403636866.8016665
Dropping frame 1403636867.2516665
Dropping frame 1403636867.4516664
Dropping frame 1403636867.5516665
Dropping frame 1403636867.7516665
Dropping frame 1403636868.0516665
Dropping frame 1403636868.2516665
Dropping frame 1403636868.3516665
Dropping frame 1403636868.4516664
Dropping frame 1403636868.6516664
Dropping frame 1403636868.9516664
Dropping frame 1403636869.2016666
Dropping frame 1403636869.4016666
Dropping frame 1403636869.6516664
Dropping frame 1403636869.7516665
Dropping frame 1403636869.9016666
Dropping frame 1403636870.0016665
Dropping frame 1403636870.2516665
Dropping frame 1403636870.3516665
Dropping frame 1403636870.4516664
Dropping frame 1403636870.5516665
Dropping frame 1403636870.7516665
Dropping frame 1403636870.8516665
Dropping frame 1403636870.9516664
Dropping frame 1403636871.1516664
Dropping frame 1403636871.3016665
Dropping frame 1403636871.4016666
Dropping frame 1403636871.6516664
Dropping frame 1403636872.1016665
Dropping frame 1403636872.9516664
Dropping frame 1403636873.3516665
Dropping frame 1403636873.5516665
Dropping frame 1403636873.8516665
Dropping frame 1403636874.0016665
Dropping frame 1403636874.3516665
Dropping frame 1403636874.5016665
Dropping frame 1403636874.9516664
Dropping frame 1403636875.3016665
Dropping frame 1403636875.5016665
Dropping frame 1403636875.6016665
Dropping frame 1403636875.9516664
Dropping frame 1403636876.1516664
Dropping frame 1403636876.5016665
start VIBA 2
end VIBA 2
Dropping frame 1403636876.8516665
Dropping frame 1403636876.9516664
Dropping frame 1403636877.3516665
Dropping frame 1403636877.6516664
Dropping frame 1403636878.0516665
Dropping frame 1403636878.2516665
Dropping frame 1403636878.3516665
Dropping frame 1403636878.6516664
Dropping frame 1403636878.8516665
Dropping frame 1403636879.0016665
Dropping frame 1403636879.3516665
Dropping frame 1403636879.4516664
Dropping frame 1403636879.9516664
Dropping frame 1403636880.4016666
Dropping frame 1403636880.8516665
Dropping frame 1403636881.1516664
Dropping frame 1403636881.3516665
Dropping frame 1403636881.6016665
Dropping frame 1403636881.9016666
Dropping frame 1403636882.3016665
Dropping frame 1403636882.4016666
Dropping frame 1403636882.6016665
Dropping frame 1403636882.9516664
Dropping frame 1403636883.2016666
Dropping frame 1403636883.6516664
Dropping frame 1403636883.9516664
Dropping frame 1403636884.5516665
Dropping frame 1403636884.6516664
Dropping frame 1403636884.9016666
Dropping frame 1403636885.1016665
Dropping frame 1403636885.5016665
Dropping frame 1403636885.7016666
Dropping frame 1403636886.0516665
Dropping frame 1403636887.6016665
Dropping frame 1403636888.4016666
Dropping frame 1403636888.6516664
Dropping frame 1403636889.1016665
Dropping frame 1403636890.2016666
Dropping frame 1403636890.4016666
Dropping frame 1403636890.6016665
Dropping frame 1403636890.7016666
Dropping frame 1403636891.0516665
Dropping frame 1403636891.7016666
Dropping frame 1403636891.8016665
Dropping frame 1403636892.1016665
Dropping frame 1403636892.3016665
Dropping frame 1403636893.1516664
Dropping frame 1403636893.3016665
Dropping frame 1403636893.6016665
Dropping frame 1403636893.9516664
Dropping frame 1403636895.0016665
Dropping frame 1403636896.0016665
Dropping frame 1403636897.3016665
Dropping frame 1403636899.7516665
Dropping frame 1403636899.8516665
Dropping frame 1403636900.6016665
Dropping frame 1403636902.3016665
Dropping frame 1403636902.6516664
Dropping frame 1403636904.3016665
Dropping frame 1403636904.5016665
Dropping frame 1403636905.0016665
Dropping frame 1403636906.0016665
Dropping frame 1403636906.2516665
Dropping frame 1403636907.0016665
Dropping frame 1403636907.5016665
Dropping frame 1403636908.2016666
Dropping frame 1403636910.8516665
Dropping frame 1403636911.5516665
Dropping frame 1403636912.0016665
Dropping frame 1403636912.2516665
Dropping frame 1403636912.5516665
Dropping frame 1403636912.8016665
Dropping frame 1403636913.2016666
Dropping frame 1403636913.5016665
Dropping frame 1403636913.7016666
Dropping frame 1403636913.9016666
Dropping frame 1403636914.0016665
Dropping frame 1403636914.1016665
Dropping frame 1403636914.2516665
Dropping frame 1403636914.3516665
Dropping frame 1403636914.6516664
Dropping frame 1403636914.8516665
Dropping frame 1403636914.9516664
Dropping frame 1403636915.2016666
Dropping frame 1403636915.3516665
Dropping frame 1403636915.5016665
Dropping frame 1403636915.6516664
Dropping frame 1403636915.8516665
Dropping frame 1403636915.9516664
Dropping frame 1403636916.0516665
Dropping frame 1403636916.1516664
Dropping frame 1403636916.2516665
Dropping frame 1403636916.3516665
Dropping frame 1403636916.6016665
Dropping frame 1403636916.7016666
Dropping frame 1403636916.8516665
Dropping frame 1403636917.0016665
Dropping frame 1403636917.1016665
Dropping frame 1403636917.2016666
Dropping frame 1403636917.3516665
Dropping frame 1403636917.5516665
Dropping frame 1403636917.6516664
Dropping frame 1403636918.0516665
Dropping frame 1403636918.1516664
Dropping frame 1403636918.4516664
Dropping frame 1403636918.6016665
Dropping frame 1403636918.7016666
Dropping frame 1403636918.8516665
Dropping frame 1403636918.9516664
Dropping frame 1403636919.1516664
Dropping frame 1403636919.2516665
Dropping frame 1403636919.5016665
Dropping frame 1403636919.6016665
Dropping frame 1403636919.7016666
Dropping frame 1403636919.8016665
Dropping frame 1403636919.9516664
Dropping frame 1403636920.0516665
Dropping frame 1403636920.3016665
Dropping frame 1403636920.4016666
Dropping frame 1403636920.8516665
Dropping frame 1403636920.9516664
Dropping frame 1403636921.0516665
Dropping frame 1403636921.2516665
Dropping frame 1403636921.3516665
Dropping frame 1403636921.4516664
Dropping frame 1403636921.7016666
Dropping frame 1403636921.8516665
Dropping frame 1403636922.0016665
Dropping frame 1403636922.1016665
Dropping frame 1403636922.2516665
Dropping frame 1403636922.3516665
Dropping frame 1403636922.8016665
Dropping frame 1403636922.9016666
Dropping frame 1403636923.1516664
Dropping frame 1403636923.2516665
Dropping frame 1403636923.3516665
Dropping frame 1403636923.4516664
Dropping frame 1403636923.6516664
Dropping frame 1403636923.7516665
Dropping frame 1403636923.8516665
Dropping frame 1403636923.9516664
Dropping frame 1403636924.0516665
Dropping frame 1403636924.2016666
Dropping frame 1403636924.3016665
Dropping frame 1403636924.5016665
Dropping frame 1403636924.6016665
Dropping frame 1403636924.9016666
Dropping frame 1403636925.0016665
Dropping frame 1403636925.1516664
Dropping frame 1403636925.3016665
Dropping frame 1403636925.4016666
Dropping frame 1403636925.7016666
Dropping frame 1403636925.8016665
Dropping frame 1403636926.0516665
Dropping frame 1403636926.1516664
Dropping frame 1403636926.6516664
Dropping frame 1403636926.7516665
Dropping frame 1403636927.0516665
Dropping frame 1403636927.1516664
Dropping frame 1403636927.4016666
Dropping frame 1403636927.6516664
Dropping frame 1403636927.9516664
Dropping frame 1403636928.0516665
Dropping frame 1403636928.2516665
Dropping frame 1403636928.4016666
Dropping frame 1403636928.6516664
Dropping frame 1403636928.9516664
Dropping frame 1403636929.8016665
Dropping frame 1403636930.0016665
Dropping frame 1403636930.3516665
Dropping frame 1403636930.5016665
Dropping frame 1403636930.9016666
Dropping frame 1403636931.0016665
Dropping frame 1403636931.3516665
Dropping frame 1403636931.5516665
Dropping frame 1403636931.9016666
Dropping frame 1403636932.0016665
Dropping frame 1403636932.1516664
Dropping frame 1403636932.7016666
Dropping frame 1403636932.8516665
Dropping frame 1403636932.9516664
Dropping frame 1403636933.3016665
Dropping frame 1403636933.4016666
Dropping frame 1403636933.7516665
Dropping frame 1403636934.0516665
Dropping frame 1403636934.2016666
Dropping frame 1403636934.4016666
Dropping frame 1403636934.6016665
Dropping frame 1403636934.8016665
Dropping frame 1403636934.9016666
Dropping frame 1403636935.1016665
Dropping frame 1403636935.3016665
Dropping frame 1403636935.4016666
Dropping frame 1403636935.5016665
Dropping frame 1403636935.6016665
Dropping frame 1403636935.8516665
Dropping frame 1403636936.1516664
Dropping frame 1403636936.3516665
Dropping frame 1403636936.4516664
Dropping frame 1403636936.5516665
Dropping frame 1403636936.8016665
Dropping frame 1403636936.9016666
Dropping frame 1403636937.1016665
Dropping frame 1403636937.2016666
Dropping frame 1403636937.4016666
Dropping frame 1403636937.5016665
Dropping frame 1403636937.7516665
Dropping frame 1403636937.8516665
Dropping frame 1403636938.0516665
Dropping frame 1403636938.2516665
Dropping frame 1403636938.4516664
Dropping frame 1403636938.6516664
Dropping frame 1403636938.8516665
Dropping frame 1403636939.0516665
Dropping frame 1403636939.1516664
Dropping frame 1403636939.3016665
Dropping frame 1403636939.5016665
Dropping frame 1403636939.7016666
Dropping frame 1403636939.8016665
Dropping frame 1403636940.0016665
Dropping frame 1403636940.1016665
Dropping frame 1403636940.3016665
Dropping frame 1403636940.5016665
Dropping frame 1403636940.7016666
Dropping frame 1403636940.8016665
Dropping frame 1403636941.0016665
Dropping frame 1403636941.1016665
Dropping frame 1403636941.3516665
Dropping frame 1403636941.5516665
Dropping frame 1403636941.6516664
Dropping frame 1403636942.1016665
Dropping frame 1403636942.3016665
Dropping frame 1403636942.4016666
Dropping frame 1403636942.7516665
Dropping frame 1403636943.0016665
Dropping frame 1403636943.2016666
Dropping frame 1403636943.3016665
Dropping frame 1403636943.5016665
Dropping frame 1403636943.7016666
Dropping frame 1403636943.8016665
Dropping frame 1403636944.0516665
Dropping frame 1403636944.2516665
Dropping frame 1403636944.3516665
Dropping frame 1403636944.4516664
Dropping frame 1403636944.7016666
Dropping frame 1403636944.9016666
Dropping frame 1403636945.1016665
Dropping frame 1403636945.3016665
Dropping frame 1403636945.4016666
Dropping frame 1403636945.6016665
Dropping frame 1403636945.8016665
Dropping frame 1403636945.9016666
Dropping frame 1403636946.0016665
Dropping frame 1403636946.1016665
Dropping frame 1403636946.3016665
Dropping frame 1403636946.5016665
Dropping frame 1403636946.6016665
Dropping frame 1403636946.7516665
Dropping frame 1403636946.9516664
Dropping frame 1403636947.2016666
Dropping frame 1403636947.4016666
Dropping frame 1403636947.6016665
Dropping frame 1403636947.7016666
Dropping frame 1403636947.8016665
Dropping frame 1403636948.0016665
Dropping frame 1403636948.2016666
Dropping frame 1403636948.4016666
Dropping frame 1403636948.5016665
Dropping frame 1403636948.6016665
Dropping frame 1403636948.7016666
Dropping frame 1403636948.9016666
Dropping frame 1403636949.0016665
Dropping frame 1403636949.2016666
Dropping frame 1403636949.3016665
Dropping frame 1403636949.5016665
Dropping frame 1403636949.7016666
Dropping frame 1403636949.8016665
Dropping frame 1403636950.0016665
Dropping frame 1403636950.2016666
Dropping frame 1403636950.3016665
Dropping frame 1403636950.4016666
Dropping frame 1403636950.5016665
Dropping frame 1403636950.6016665
Dropping frame 1403636950.9516664
Dropping frame 1403636951.1516664
Dropping frame 1403636951.2516665
Dropping frame 1403636951.5516665
Dropping frame 1403636951.7516665
Dropping frame 1403636951.9516664
Dropping frame 1403636952.1516664
Dropping frame 1403636952.2516665
Dropping frame 1403636952.3516665
Dropping frame 1403636952.5516665
Dropping frame 1403636952.7516665
Dropping frame 1403636952.9516664
Dropping frame 1403636953.1516664
Dropping frame 1403636953.3516665
Dropping frame 1403636953.4516664
Dropping frame 1403636953.6516664
Dropping frame 1403636953.8516665
Dropping frame 1403636953.9516664
Dropping frame 1403636954.0516665
Dropping frame 1403636954.2516665
Dropping frame 1403636954.4516664
Dropping frame 1403636954.5516665
Dropping frame 1403636954.6516664
Dropping frame 1403636954.7516665
Dropping frame 1403636954.8516665
Dropping frame 1403636955.0516665
Dropping frame 1403636955.2516665
Dropping frame 1403636955.3516665
Dropping frame 1403636955.5516665
Dropping frame 1403636955.6516664
Dropping frame 1403636955.8516665
Dropping frame 1403636956.0516665
Dropping frame 1403636956.1516664
Dropping frame 1403636956.2516665
Dropping frame 1403636956.3516665
Dropping frame 1403636956.6016665
Dropping frame 1403636956.8016665
Dropping frame 1403636956.9016666
Dropping frame 1403636957.0016665
Dropping frame 1403636957.2516665
Dropping frame 1403636957.4516664
Dropping frame 1403636957.5516665
Dropping frame 1403636957.6516664
Dropping frame 1403636957.8016665
Dropping frame 1403636957.9016666
Dropping frame 1403636958.0516665
Dropping frame 1403636958.1516664
Dropping frame 1403636958.3516665
Dropping frame 1403636958.5516665
Dropping frame 1403636958.6516664
Dropping frame 1403636958.7516665
Dropping frame 1403636958.8516665
Dropping frame 1403636959.1016665
Dropping frame 1403636959.3016665
Dropping frame 1403636959.4016666
Dropping frame 1403636959.5016665
Dropping frame 1403636959.7516665
Dropping frame 1403636959.8516665
Dropping frame 1403636960.1516664
Dropping frame 1403636960.2516665
Dropping frame 1403636960.3516665
Dropping frame 1403636960.4516664
Dropping frame 1403636960.7016666
Dropping frame 1403636960.9016666
Dropping frame 1403636961.0016665
Dropping frame 1403636961.1016665
Dropping frame 1403636961.3016665
Dropping frame 1403636961.6016665
Dropping frame 1403636961.7016666
Dropping frame 1403636962.0516665
Dropping frame 1403636962.1516664
Dropping frame 1403636962.4016666
Dropping frame 1403636962.5016665
Dropping frame 1403636962.6016665
Dropping frame 1403636962.7016666
Dropping frame 1403636962.9016666
Dropping frame 1403636963.1016665
Dropping frame 1403636963.3516665
Dropping frame 1403636963.4516664
Dropping frame 1403636963.7016666
Dropping frame 1403636964.0016665
Dropping frame 1403636964.1016665
Dropping frame 1403636964.2016666
Dropping frame 1403636964.5516665
Dropping frame 1403636964.6516664
Dropping frame 1403636964.8516665
Dropping frame 1403636964.9516664
Dropping frame 1403636965.4016666
Dropping frame 1403636965.6016665
Dropping frame 1403636965.7016666
Dropping frame 1403636965.9516664
Dropping frame 1403636966.1516664
Dropping frame 1403636966.4516664
Dropping frame 1403636966.5516665
Dropping frame 1403636966.9516664
Dropping frame 1403636967.1516664
Dropping frame 1403636967.2516665
Dropping frame 1403636967.4516664
Dropping frame 1403636967.6016665
Dropping frame 1403636967.7516665
Dropping frame 1403636967.9516664
Dropping frame 1403636968.0516665
Dropping frame 1403636968.1516664
Dropping frame 1403636968.3516665
Dropping frame 1403636968.6016665
Dropping frame 1403636968.8016665
Dropping frame 1403636968.9016666
Dropping frame 1403636969.0016665
Dropping frame 1403636969.1516664
Dropping frame 1403636969.2516665
Dropping frame 1403636969.4516664
Dropping frame 1403636969.6516664
Dropping frame 1403636969.7516665
Dropping frame 1403636969.8516665
Dropping frame 1403636969.9516664
Dropping frame 1403636970.1016665
Dropping frame 1403636970.3016665
Dropping frame 1403636970.4016666
Dropping frame 1403636970.5016665
Dropping frame 1403636970.6016665
Dropping frame 1403636970.8516665
Dropping frame 1403636970.9516664
Dropping frame 1403636971.1516664
Dropping frame 1403636971.2516665
Dropping frame 1403636971.5016665
Dropping frame 1403636971.6516664
Dropping frame 1403636971.8516665
Dropping frame 1403636972.1516664
Dropping frame 1403636972.3516665
Dropping frame 1403636972.4516664
Dropping frame 1403636972.7016666
Dropping frame 1403636972.8016665
Dropping frame 1403636973.0516665
Dropping frame 1403636973.2516665
Dropping frame 1403636973.4516664
Dropping frame 1403636973.6516664
Dropping frame 1403636973.7516665
Dropping frame 1403636974.0516665
Dropping frame 1403636974.1516664
Dropping frame 1403636974.5016665
Dropping frame 1403636974.6016665
Dropping frame 1403636974.7016666
Dropping frame 1403636974.9016666
Dropping frame 1403636975.1016665
Dropping frame 1403636975.3016665
Dropping frame 1403636975.4016666
Dropping frame 1403636975.5516665
Dropping frame 1403636975.9016666
Dropping frame 1403636976.0016665
Dropping frame 1403636976.1016665
Dropping frame 1403636976.3016665
Dropping frame 1403636976.5016665
Dropping frame 1403636976.6516664
Dropping frame 1403636976.8516665
Dropping frame 1403636977.0516665
Dropping frame 1403636977.1516664
Dropping frame 1403636977.2516665
Dropping frame 1403636977.5016665
Dropping frame 1403636977.7016666
Dropping frame 1403636977.8016665
Dropping frame 1403636978.0516665
Dropping frame 1403636978.1516664
Dropping frame 1403636978.4016666
Dropping frame 1403636978.5016665
Dropping frame 1403636978.6016665
Dropping frame 1403636978.8016665
Dropping frame 1403636979.1016665
Dropping frame 1403636979.2016666
Dropping frame 1403636979.4516664
Dropping frame 1403636979.5516665
Dropping frame 1403636979.9516664
Dropping frame 1403636980.0516665
Dropping frame 1403636980.2516665
Dropping frame 1403636980.3516665
Dropping frame 1403636980.4516664
Dropping frame 1403636980.6516664
Dropping frame 1403636980.7516665
Dropping frame 1403636980.8516665
Dropping frame 1403636981.0516665
Dropping frame 1403636981.2516665
Dropping frame 1403636981.5516665
Dropping frame 1403636981.7516665
Dropping frame 1403636982.0516665
Dropping frame 1403636982.1516664
Dropping frame 1403636982.4516664
Dropping frame 1403636982.7016666
Dropping frame 1403636982.9016666
Dropping frame 1403636983.0516665
Dropping frame 1403636983.2516665
Dropping frame 1403636983.7516665
Dropping frame 1403636984.0516665
Dropping frame 1403636984.2516665
Dropping frame 1403636984.3516665
Dropping frame 1403636984.9016666
Dropping frame 1403636985.1516664
Dropping frame 1403636985.3516665
Dropping frame 1403636985.4516664
Dropping frame 1403636985.7016666
Dropping frame 1403636986.0516665
Dropping frame 1403636986.5016665
Dropping frame 1403636986.9516664
Dropping frame 1403636987.4016666
Dropping frame 1403636987.7516665
Dropping frame 1403636987.8516665
Dropping frame 1403636988.1016665
Dropping frame 1403636988.3016665
Dropping frame 1403636988.5016665
Dropping frame 1403636988.6016665
Dropping frame 1403636988.7016666
Dropping frame 1403636988.8016665
Dropping frame 1403636989.0016665
Dropping frame 1403636989.3016665
Dropping frame 1403636989.4016666
Dropping frame 1403636989.6516664
Dropping frame 1403636989.7516665
Dropping frame 1403636990.1516664
Dropping frame 1403636990.2516665
Dropping frame 1403636990.3516665
Dropping frame 1403636990.5516665
Dropping frame 1403636990.6516664
Dropping frame 1403636990.7516665
Dropping frame 1403636990.9516664
Dropping frame 1403636991.1516664
Dropping frame 1403636991.3516665
Dropping frame 1403636991.5516665
Dropping frame 1403636991.6516664
Dropping frame 1403636991.7516665
Dropping frame 1403636991.9516664
Dropping frame 1403636992.0516665
Dropping frame 1403636992.1516664
Dropping frame 1403636992.3516665
Dropping frame 1403636992.5516665
Dropping frame 1403636992.6516664
Dropping frame 1403636992.8516665
Dropping frame 1403636992.9516664
Dropping frame 1403636993.0516665
Dropping frame 1403636993.2516665
Dropping frame 1403636993.3516665
Dropping frame 1403636993.4516664
Dropping frame 1403636993.5516665
Dropping frame 1403636993.8516665
Dropping frame 1403636994.0516665
Dropping frame 1403636994.1516664
Dropping frame 1403636994.2516665
Dropping frame 1403636994.4516664
Dropping frame 1403636994.6516664
Dropping frame 1403636994.8516665
Dropping frame 1403636994.9516664
Dropping frame 1403636995.0516665
Dropping frame 1403636995.2516665
Dropping frame 1403636995.3516665
Dropping frame 1403636995.6016665
Dropping frame 1403636995.7016666
Dropping frame 1403636995.8016665
Dropping frame 1403636996.0016665
Dropping frame 1403636996.2016666
Dropping frame 1403636996.4016666
Dropping frame 1403636996.6016665
Dropping frame 1403636996.7016666
Dropping frame 1403636996.9516664
Dropping frame 1403636997.1516664
Dropping frame 1403636997.2516665
Dropping frame 1403636997.3516665
Dropping frame 1403636997.5516665
Dropping frame 1403636997.7516665
Dropping frame 1403636997.8516665
Dropping frame 1403636997.9516664
Dropping frame 1403636998.1516664
Dropping frame 1403636998.2516665
Dropping frame 1403636998.3516665
Dropping frame 1403636998.5516665
Dropping frame 1403636998.7516665
Dropping frame 1403636998.8516665
Dropping frame 1403636998.9516664
Dropping frame 1403636999.1516664
Dropping frame 1403636999.2516665
Dropping frame 1403636999.3516665
Dropping frame 1403636999.5516665
Dropping frame 1403636999.7516665
Dropping frame 1403636999.9516664
Dropping frame 1403637000.1516664
Dropping frame 1403637000.3516665
Dropping frame 1403637000.4516664
Dropping frame 1403637000.6016665
Dropping frame 1403637000.7016666
Dropping frame 1403637000.9516664
Dropping frame 1403637001.0516665
Dropping frame 1403637001.3016665
Dropping frame 1403637001.5016665
Dropping frame 1403637001.9016666
Dropping frame 1403637002.2516665
Dropping frame 1403637002.5516665
Dropping frame 1403637002.9516664
Dropping frame 1403637003.4016666
Dropping frame 1403637003.7516665
Dropping frame 1403637004.1016665
Dropping frame 1403637004.3016665
Dropping frame 1403637004.6016665
Dropping frame 1403637004.8016665
Dropping frame 1403637005.1016665
Dropping frame 1403637005.2016666
Dropping frame 1403637005.6016665
Dropping frame 1403637005.8016665
Dropping frame 1403637005.9016666
Dropping frame 1403637006.1516664
Dropping frame 1403637006.2516665
Dropping frame 1403637006.5016665
Dropping frame 1403637006.7016666
Dropping frame 1403637006.9016666
Dropping frame 1403637007.1016665
Dropping frame 1403637007.3016665
Dropping frame 1403637007.4016666
Dropping frame 1403637007.5016665
Dropping frame 1403637007.7016666
Dropping frame 1403637007.8016665
Dropping frame 1403637008.0516665
Dropping frame 1403637008.2516665
Dropping frame 1403637008.3516665
Dropping frame 1403637008.6016665
Dropping frame 1403637008.8016665
Dropping frame 1403637008.9016666
Dropping frame 1403637009.2016666
Dropping frame 1403637009.3016665
Dropping frame 1403637009.5016665
Dropping frame 1403637009.7016666
Dropping frame 1403637009.9016666
Dropping frame 1403637010.1016665
Dropping frame 1403637010.2016666
Dropping frame 1403637010.3016665
Dropping frame 1403637010.4016666
Dropping frame 1403637010.6016665
Shutdown
SLAM Finished at System Time: 1734434922.43682

 TIME STATS in ms (mean$\pm$std)
OpenCV version: 4.8.1
---------------------------
Tracking

ORB Extraction: 19.132$\pm$1.8103
Stereo Matching: 7.3644$\pm$2.0529
IMU Preintegration: 0.24593$\pm$0.094772
Pose Prediction: 0.21555$\pm$0.62119
LM Track: 19.331$\pm$5.395
New KF decision: 1.2683$\pm$2.3583
Total Tracking: 33.176$\pm$26.072



Local Mapping

KF Insertion: 16.539$\pm$5.6443
MP Culling: 0.55157$\pm$0.20771
MP Creation: 49.18$\pm$16.11
LBA: 150.58$\pm$54.019
KF Culling: 15.577$\pm$10.193
Total Local Mapping: 232.27$\pm$76.686
---------------------------

LBA complexity (mean$\pm$std)
LBA Edges: 1648.9$\pm$569.88
LBA KF optimized: 6.5$\pm$2.2913
LBA KF fixed: 1$\pm$0
LBA MP: nan$\pm$nan

LBA executions: 470
LBA aborts: 0
---------------------------

Map complexity
KFs in map: 134
MPs in map: 10358
---------------------------

Place Recognition (mean$\pm$std)
Database Query: 1.5843$\pm$0.82442
SE3 estimation: 12.087$\pm$15.823
Total Place Recognition: 11.954$\pm$15.884


Loop Closing (mean$\pm$std)
Loop Fusion: nan$\pm$nan
Essential Graph: nan$\pm$nan
Total Loop Closing: nan$\pm$nan

Num exec: 0
Number of KFs: nan$\pm$nan

Map Merging (mean$\pm$std)
Merge Maps: nan$\pm$nan
Welding BA: nan$\pm$nan
Optimization Ess.: nan$\pm$nan
Total Map Merging: nan$\pm$nan

Num exec: 0
Number of KFs: nan$\pm$nan
Number of MPs: nan$\pm$nan

Full GBA (mean$\pm$std)
GBA: nan$\pm$nan
Map Update: nan$\pm$nan
Total Full GBA: nan$\pm$nan

Num exec: 0
Num abort: 0
Number of KFs: nan$\pm$nan
Number of MPs: nan$\pm$nan

Saving trajectory to f_dataset-MH02_stereo_imu.txt ...
There are 1 maps in the atlas
  Map 0 has 134 KFs

End of saving trajectory to f_dataset-MH02_stereo_imu.txt ...

Saving keyframe trajectory to kf_dataset-MH02_stereo_imu.txt ...
