num_seq = 1
file name: dataset-MH05_stereo_imu
Loading images for sequence 0...LOADED!
Loading IMU for sequence 0...LOADED!

-------

ORB-SLAM3 Copyright (C) 2017-2020 Carlos Campos, Richard Elvira, Juan J. Gómez, José M.M. Montiel and Juan D. Tardós, University of Zaragoza.
ORB-SLAM2 Copyright (C) 2014-2016 Raúl Mur-Artal, José M.M. Montiel and Juan D. Tardós, University of Zaragoza.
This program comes with ABSOLUTELY NO WARRANTY;
This is free software, and you are welcome to redistribute it
under certain conditions. See LICENSE.txt.

Built with REGISTER_TIMES
Git Commit Hash: 90f15d8

Input sensor was set to: Stereo-Inertial
Loading settings from ./Examples/Stereo-Inertial/EuRoC_fov_deadlines_mask_3x3.yaml
	-Loaded camera 1
	-Loaded camera 2
	-Loaded image info
	-Loaded IMU calibration
	-Loaded ORB settings
	-Loaded viewer settings
	-Loaded Atlas settings
Deadlines enabled, will skip frames!
FOV enabled
Static mask size: 3x3
Dumping map points enabled
	-Loaded misc parameters
	-Computed rectification maps
----------------------------------
SLAM settings: 
	-Camera 1 parameters (Pinhole): [ 458.65399169921875 457.29598999023438 367.21499633789062 248.375 ]
	-Camera 1 distortion parameters: [  -0.28340810537338257 0.073959067463874817 0.00019359000725671649 1.7618711353861727e-05 ]
	-Camera 2 parameters (Pinhole: [ 457.58700561523438 456.13400268554688 379.99899291992188 255.23800659179688 ]
	-Camera 1 distortion parameters: [  -0.2836836576461792 0.074512839317321777 -0.00010473000293131918 -3.555907096597366e-05 ]
	-Original image size: [ 752 , 480 ]
	-Current image size: [ 752 , 480 ]
	-Camera 1 parameters after rectification: [  456.71499633789062 456.71499633789062 364.52615356445312 257.268798828125 ]
	-Sequence FPS: 20
	-Stereo baseline: 0.11007784307003021
	-Stereo depth threshold : 60
	-Gyro noise: 0.00016999999934341758
	-Accelerometer noise: 0.0020000000949949026
	-Gyro walk: 1.9392999092815444e-05
	-Accelerometer walk: 0.0030000000260770321
	-IMU frequency: 200
	-Features per image: 1200
	-ORB scale factor: 1.2000000476837158
	-ORB number of scales: 8
	-Initial FAST threshold: 20
	-Min FAST threshold: 7


Loading ORB Vocabulary. This could take a while...
Vocabulary loaded!

Initialization of Atlas from scratch 
Creation of new map with id: 0
Creation of new map with last KF id: 0
Seq. Name: 
There are 1 cameras in the atlas
Camera 0 is pinhole
SLAM Started at System Time: 1732007002.17658
not IMU meas
not IMU meas
not enough acceleration
not enough acceleration
not enough acceleration
not enough acceleration
not enough acceleration
not enough acceleration
not enough acceleration
not enough acceleration
not enough acceleration
not enough acceleration
not enough acceleration
not enough acceleration
not enough acceleration
not enough acceleration
not enough acceleration
not enough acceleration
not enough acceleration
not enough acceleration
not enough acceleration
not enough acceleration
not enough acceleration
not enough acceleration
not enough acceleration
not enough acceleration
not enough acceleration
not enough acceleration
not enough acceleration
not enough acceleration
not enough acceleration
not enough acceleration
not enough acceleration
not enough acceleration
not enough acceleration
not enough acceleration
not enough acceleration
not enough acceleration
not enough acceleration
not enough acceleration
not enough acceleration
not enough acceleration
not enough acceleration
not enough acceleration
not enough acceleration
not enough acceleration
not enough acceleration
not enough acceleration
not enough acceleration
not enough acceleration
not enough acceleration
not enough acceleration
not enough acceleration
not enough acceleration
not enough acceleration
not enough acceleration
not enough acceleration
not enough acceleration
not enough acceleration
not enough acceleration
not enough acceleration
not enough acceleration
not enough acceleration
not enough acceleration
not enough acceleration
not enough acceleration
not enough acceleration
not enough acceleration
not enough acceleration
not enough acceleration
not enough acceleration
not enough acceleration
not enough acceleration
not enough acceleration
not enough acceleration
not enough acceleration
not enough acceleration
not enough acceleration
not enough acceleration
not enough acceleration
First KF:0; Map init KF:0
New Map created with 53 points
Active map: 0
Dropping frame 1403638523.0278294
Dropping frame 1403638523.2278295
Dropping frame 1403638523.5278294
Dropping frame 1403638523.9778295
start VIBA 1
end VIBA 1
Fail to track local map!
IMU is not or recently initialized. Reseting active map...
LM: Active map reset recieved
LM: Active map reset, waiting...
LM: Reseting current map in Local Mapping...
LM: End reseting Local Mapping...
LM: Reset free the mutex
LM: Active map reset, Done!!!
mnFirstFrameId = 80
mnInitialFrameId = 0
178 Frames set to lost
not IMU meas
not enough acceleration
First KF:54; Map init KF:0
New Map created with 71 points
Active map: 0
Not enough motion for initializing. Reseting...
LM: Reseting current map in Local Mapping...
LM: End reseting Local Mapping...
LM: Reset free the mutex
Not enough motion for initializing. Reseting...
LM: Reseting current map in Local Mapping...
LM: End reseting Local Mapping...
LM: Reset free the mutex
Not enough motion for initializing. Reseting...
LM: Reseting current map in Local Mapping...
LM: End reseting Local Mapping...
LM: Reset free the mutex
Not enough motion for initializing. Reseting...
LM: Reseting current map in Local Mapping...
LM: End reseting Local Mapping...
LM: Reset free the mutex
Not enough motion for initializing. Reseting...
TRACK: Reset map because local mapper set the bad imu flag 
LM: Reseting current map in Local Mapping...
LM: End reseting Local Mapping...
LM: Reset free the mutex
LM: Active map reset recieved
LM: Active map reset, waiting...
LM: Reseting current map in Local Mapping...
LM: End reseting Local Mapping...
LM: Reset free the mutex
LM: Active map reset, Done!!!
mnFirstFrameId = 260
mnInitialFrameId = 257
271 Frames set to lost
not IMU meas
not enough acceleration
not enough acceleration
not enough acceleration
not enough acceleration
not enough acceleration
not enough acceleration
not enough acceleration
not enough acceleration
not enough acceleration
not enough acceleration
not enough acceleration
not enough acceleration
not enough acceleration
not enough acceleration
not enough acceleration
not enough acceleration
not enough acceleration
not enough acceleration
not enough acceleration
not enough acceleration
not enough acceleration
not enough acceleration
not enough acceleration
not enough acceleration
not enough acceleration
not enough acceleration
not enough acceleration
not enough acceleration
not enough acceleration
not enough acceleration
not enough acceleration
not enough acceleration
not enough acceleration
not enough acceleration
not enough acceleration
not enough acceleration
not enough acceleration
not enough acceleration
not enough acceleration
not enough acceleration
not enough acceleration
not enough acceleration
not enough acceleration
not enough acceleration
not enough acceleration
not enough acceleration
not enough acceleration
not enough acceleration
not enough acceleration
not enough acceleration
not enough acceleration
not enough acceleration
not enough acceleration
not enough acceleration
not enough acceleration
First KF:69; Map init KF:54
New Map created with 87 points
Active map: 0
Fail to track local map!
IMU is not or recently initialized. Reseting active map...
LM: Active map reset recieved
LM: Active map reset, waiting...
LM: Reseting current map in Local Mapping...
LM: End reseting Local Mapping...
LM: Reset free the mutex
LM: Active map reset, Done!!!
mnFirstFrameId = 410
mnInitialFrameId = 353
320 Frames set to lost
not IMU meas
not enough acceleration
not enough acceleration
First KF:79; Map init KF:69
New Map created with 965 points
Active map: 0
Dropping frame 1403638541.8278296
Dropping frame 1403638541.9278295
Dropping frame 1403638542.0278294
Dropping frame 1403638542.2778294
Dropping frame 1403638542.5778294
Dropping frame 1403638542.7778294
Dropping frame 1403638542.9778295
Dropping frame 1403638543.0778294
Dropping frame 1403638543.3778293
Fail to track local map!
IMU is not or recently initialized. Reseting active map...
LM: Active map reset recieved
LM: Active map reset, waiting...
LM: Reseting current map in Local Mapping...
LM: End reseting Local Mapping...
LM: Reset free the mutex
LM: Active map reset, Done!!!
mnFirstFrameId = 462
mnInitialFrameId = 458
362 Frames set to lost
not enough acceleration
First KF:89; Map init KF:79
New Map created with 397 points
Active map: 0
Dropping frame 1403638544.2778294
Dropping frame 1403638545.7778294
Fail to track local map!
IMU is not or recently initialized. Reseting active map...
LM: Active map reset recieved
LM: Active map reset, waiting...
LM: Reseting current map in Local Mapping...
LM: End reseting Local Mapping...
LM: Reset free the mutex
LM: Active map reset, Done!!!
mnFirstFrameId = 506
mnInitialFrameId = 503
413 Frames set to lost
not IMU meas
not enough acceleration
not enough acceleration
First KF:99; Map init KF:89
New Map created with 942 points
Active map: 0
Dropping frame 1403638548.3778293
Dropping frame 1403638548.4778295
Dropping frame 1403638550.1278296
Dropping frame 1403638550.3278296
Dropping frame 1403638550.4278295
Dropping frame 1403638551.1278296
start VIBA 1
end VIBA 1
Fail to track local map!
IMU is not or recently initialized. Reseting active map...
LM: Active map reset recieved
LM: Active map reset, waiting...
LM: Reseting current map in Local Mapping...
LM: End reseting Local Mapping...
LM: Reset free the mutex
LM: Active map reset, Done!!!
mnFirstFrameId = 560
mnInitialFrameId = 556
515 Frames set to lost
not IMU meas
First KF:128; Map init KF:99
New Map created with 915 points
Active map: 0
Dropping frame 1403638552.6278296
Dropping frame 1403638554.4778295
Dropping frame 1403638554.5778294
Fail to track local map!
IMU is not or recently initialized. Reseting active map...
LM: Active map reset recieved
LM: Active map reset, waiting...
LM: Reseting current map in Local Mapping...
LM: End reseting Local Mapping...
LM: Reset free the mutex
LM: Active map reset, Done!!!
mnFirstFrameId = 663
mnInitialFrameId = 661
563 Frames set to lost
not IMU meas
not enough acceleration
First KF:138; Map init KF:128
New Map created with 917 points
Active map: 0
Dropping frame 1403638555.0278294
Dropping frame 1403638555.1278296
Dropping frame 1403638557.0278294
Dropping frame 1403638557.2278295
Fail to track local map!
IMU is not or recently initialized. Reseting active map...
LM: Active map reset recieved
LM: Active map reset, waiting...
LM: Reseting current map in Local Mapping...
LM: End reseting Local Mapping...
LM: Reset free the mutex
LM: Active map reset, Done!!!
mnFirstFrameId = 713
mnInitialFrameId = 710
610 Frames set to lost
not IMU meas
not enough acceleration
Dropping frame 1403638557.5778294
First KF:148; Map init KF:138
New Map created with 798 points
Active map: 0
Dropping frame 1403638557.6778293
Dropping frame 1403638557.8778293
Dropping frame 1403638558.0778294
Dropping frame 1403638558.1778293
Dropping frame 1403638558.2778294
Dropping frame 1403638558.5278294
Dropping frame 1403638558.8278296
Dropping frame 1403638559.1278296
Dropping frame 1403638559.2278295
Dropping frame 1403638559.4778295
Dropping frame 1403638559.7778294
Dropping frame 1403638560.0778294
Fail to track local map!
IMU is not or recently initialized. Reseting active map...
LM: Active map reset recieved
LM: Active map reset, waiting...
LM: Reseting current map in Local Mapping...
LM: End reseting Local Mapping...
LM: Reset free the mutex
LM: Active map reset, Done!!!
mnFirstFrameId = 762
mnInitialFrameId = 759
652 Frames set to lost
not IMU meas
Dropping frame 1403638560.3778293
First KF:158; Map init KF:148
New Map created with 554 points
Active map: 0
Dropping frame 1403638560.5778294
Dropping frame 1403638560.8778293
Dropping frame 1403638560.9778295
Dropping frame 1403638561.0778294
Dropping frame 1403638561.2278295
Dropping frame 1403638561.4778295
Dropping frame 1403638561.6778293
Dropping frame 1403638561.9778295
Dropping frame 1403638562.0778294
Dropping frame 1403638562.1778293
Dropping frame 1403638562.3778293
Dropping frame 1403638562.5778294
Dropping frame 1403638562.7778294
Dropping frame 1403638562.9778295
Fail to track local map!
IMU is not or recently initialized. Reseting active map...
LM: Active map reset recieved
LM: Active map reset, waiting...
LM: Reseting current map in Local Mapping...
LM: End reseting Local Mapping...
LM: Reset free the mutex
LM: Active map reset, Done!!!
mnFirstFrameId = 805
mnInitialFrameId = 803
691 Frames set to lost
not IMU meas
First KF:168; Map init KF:158
New Map created with 687 points
Active map: 0
Dropping frame 1403638563.1778293
Dropping frame 1403638563.2778294
Dropping frame 1403638563.4278295
Dropping frame 1403638563.5278294
Dropping frame 1403638563.7278295
Dropping frame 1403638563.8278296
Dropping frame 1403638563.9278295
Dropping frame 1403638564.0278294
Dropping frame 1403638564.1278296
Dropping frame 1403638564.3278296
Dropping frame 1403638564.5278294
Dropping frame 1403638564.6278296
Dropping frame 1403638564.7278295
Dropping frame 1403638564.8278296
Dropping frame 1403638565.0278294
Dropping frame 1403638565.1278296
Dropping frame 1403638565.4778295
Dropping frame 1403638565.5778294
Fail to track local map!
IMU is not or recently initialized. Reseting active map...
LM: Active map reset recieved
LM: Active map reset, waiting...
LM: Reseting current map in Local Mapping...
LM: End reseting Local Mapping...
LM: Reset free the mutex
LM: Active map reset, Done!!!
mnFirstFrameId = 845
mnInitialFrameId = 843
727 Frames set to lost
not IMU meas
First KF:178; Map init KF:168
New Map created with 404 points
Active map: 0
Dropping frame 1403638565.9278295
Dropping frame 1403638566.3278296
Fail to track local map!
IMU is not or recently initialized. Reseting active map...
LM: Active map reset recieved
LM: Active map reset, waiting...
LM: Reseting current map in Local Mapping...
LM: End reseting Local Mapping...
LM: Reset free the mutex
LM: Active map reset, Done!!!
mnFirstFrameId = 882
mnInitialFrameId = 880
736 Frames set to lost
not IMU meas
not enough acceleration
not enough acceleration
First KF:180; Map init KF:178
New Map created with 385 points
Active map: 0
Dropping frame 1403638567.1278296
Dropping frame 1403638567.5278294
Dropping frame 1403638567.8778293
Dropping frame 1403638568.2278295
Dropping frame 1403638568.8778293
Dropping frame 1403638568.9778295
Fail to track local map!
IMU is not or recently initialized. Reseting active map...
LM: Active map reset recieved
LM: Active map reset, waiting...
LM: Reseting current map in Local Mapping...
LM: End reseting Local Mapping...
LM: Reset free the mutex
LM: Active map reset, Done!!!
mnFirstFrameId = 894
mnInitialFrameId = 890
783 Frames set to lost
not IMU meas
not enough acceleration
not enough acceleration
not enough acceleration
not enough acceleration
not enough acceleration
First KF:190; Map init KF:180
New Map created with 868 points
Active map: 0
Dropping frame 1403638570.0778294
Dropping frame 1403638570.2778294
Dropping frame 1403638570.4778295
Dropping frame 1403638570.7278295
Dropping frame 1403638571.4778295
Dropping frame 1403638571.6778293
Dropping frame 1403638571.8778293
Dropping frame 1403638572.1778293
Fail to track local map!
IMU is not or recently initialized. Reseting active map...
LM: Active map reset recieved
LM: Active map reset, waiting...
LM: Reseting current map in Local Mapping...
LM: End reseting Local Mapping...
LM: Reset free the mutex
LM: Active map reset, Done!!!
mnFirstFrameId = 947
mnInitialFrameId = 940
830 Frames set to lost
not IMU meas
not enough acceleration
not enough acceleration
not enough acceleration
Dropping frame 1403638572.4778295
First KF:200; Map init KF:190
New Map created with 572 points
Active map: 0
Dropping frame 1403638572.6778293
Dropping frame 1403638572.8778293
Dropping frame 1403638573.1278296
Dropping frame 1403638573.3778293
Dropping frame 1403638574.3278296
Dropping frame 1403638574.3778293
Dropping frame 1403638576.5278294
Dropping frame 1403638576.6278296
Dropping frame 1403638576.8778293
Dropping frame 1403638576.9778295
Dropping frame 1403638577.0778294
Dropping frame 1403638577.4278295
Dropping frame 1403638577.5278294
Dropping frame 1403638577.6278296
start VIBA 1
end VIBA 1
Dropping frame 1403638577.7278295
Dropping frame 1403638577.8778293
Dropping frame 1403638577.9778295
Dropping frame 1403638578.2278295
Dropping frame 1403638578.3278296
Dropping frame 1403638578.5278294
Dropping frame 1403638578.7278295
Dropping frame 1403638578.8278296
Dropping frame 1403638578.9278295
Dropping frame 1403638579.3778293
Dropping frame 1403638579.4778295
Dropping frame 1403638579.5778294
Dropping frame 1403638580.1778293
Dropping frame 1403638580.4778295
Dropping frame 1403638580.5778294
Dropping frame 1403638580.6778293
Dropping frame 1403638580.8778293
Dropping frame 1403638580.9778295
Dropping frame 1403638581.0778294
Dropping frame 1403638581.3278296
Dropping frame 1403638582.2278295
Dropping frame 1403638582.4778295
Dropping frame 1403638582.7778294
Dropping frame 1403638583.5278294
Dropping frame 1403638583.6278296
Dropping frame 1403638584.1278296
start VIBA 2
end VIBA 2
Dropping frame 1403638617.8278296
Dropping frame 1403638618.7778294
Dropping frame 1403638619.7278295
Dropping frame 1403638620.4778295
Dropping frame 1403638620.7778294
Dropping frame 1403638621.0778294
Dropping frame 1403638631.0778294
Dropping frame 1403638631.4278295
Shutdown
SLAM Finished at System Time: 1732007137.49406

 TIME STATS in ms (mean$\pm$std)
OpenCV version: 4.8.1
---------------------------
Tracking

ORB Extraction: 12.232$\pm$1.9878
Stereo Matching: 6.726$\pm$2.9929
IMU Preintegration: 0.15485$\pm$0.058477
Pose Prediction: 1.9622$\pm$3.158
LM Track: 11.734$\pm$4.4479
New KF decision: 0.9363$\pm$1.7506
Total Tracking: 32.751$\pm$15.354



Local Mapping

KF Insertion: 8.2914$\pm$3.754
MP Culling: 0.33078$\pm$0.23967
MP Creation: 22.555$\pm$13.546
LBA: 74.862$\pm$41.573
KF Culling: 4.3274$\pm$9.6492
Total Local Mapping: 107.15$\pm$60.127
---------------------------

LBA complexity (mean$\pm$std)
LBA Edges: 2559.2$\pm$1187.4
LBA KF optimized: 6.3482$\pm$2.2068
LBA KF fixed: 1.0179$\pm$0.18814
LBA MP: nan$\pm$nan

LBA executions: 511
LBA aborts: 0
---------------------------

Map complexity
KFs in map: 180
MPs in map: 11644
---------------------------

Place Recognition (mean$\pm$std)
Database Query: 0.80714$\pm$0.58723
SE3 estimation: 12.37$\pm$12.934
Total Place Recognition: 6.089$\pm$11.129


Loop Closing (mean$\pm$std)
Loop Fusion: nan$\pm$nan
Essential Graph: nan$\pm$nan
Total Loop Closing: nan$\pm$nan

Num exec: 0
Number of KFs: nan$\pm$nan

Map Merging (mean$\pm$std)
Merge Maps: nan$\pm$nan
Welding BA: nan$\pm$nan
Optimization Ess.: nan$\pm$nan
Total Map Merging: nan$\pm$nan

Num exec: 0
Number of KFs: nan$\pm$nan
Number of MPs: nan$\pm$nan

Full GBA (mean$\pm$std)
GBA: nan$\pm$nan
Map Update: nan$\pm$nan
Total Full GBA: nan$\pm$nan

Num exec: 0
Num abort: 0
Number of KFs: nan$\pm$nan
Number of MPs: nan$\pm$nan

Saving trajectory to f_dataset-MH05_stereo_imu.txt ...
There are 1 maps in the atlas
  Map 0 has 180 KFs

End of saving trajectory to f_dataset-MH05_stereo_imu.txt ...

Saving keyframe trajectory to kf_dataset-MH05_stereo_imu.txt ...
