num_seq = 1
file name: dataset-MH04_stereo_imu
Loading images for sequence 0...LOADED!
Loading IMU for sequence 0...LOADED!

-------

ORB-SLAM3 Copyright (C) 2017-2020 Carlos Campos, Richard Elvira, Juan J. Gómez, José M.M. Montiel and Juan D. Tardós, University of Zaragoza.
ORB-SLAM2 Copyright (C) 2014-2016 Raúl Mur-Artal, José M.M. Montiel and Juan D. Tardós, University of Zaragoza.
This program comes with ABSOLUTELY NO WARRANTY;
This is free software, and you are welcome to redistribute it
under certain conditions. See LICENSE.txt.

Built with REGISTER_TIMES
Git Commit Hash: 5ee9387

Compiled with C++ version: 201703

Input sensor was set to: Stereo-Inertial
Loading settings from ./Examples/Stereo-Inertial/EuRoC_fov_deadlines_mask_4x4.yaml
	-Loaded camera 1
	-Loaded camera 2
	-Loaded image info
	-Loaded IMU calibration
	-Loaded ORB settings
	-Loaded viewer settings
	-Loaded Atlas settings
Deadlines enabled, will skip frames!
FOV enabled
Static mask size: 4x4
Dumping map points enabled
	-Loaded misc parameters
	-Computed rectification maps
----------------------------------
SLAM settings: 
	-Camera 1 parameters (Pinhole): [ 458.65399169921875 457.29598999023438 367.21499633789062 248.375 ]
	-Camera 1 distortion parameters: [  -0.28340810537338257 0.073959067463874817 0.00019359000725671649 1.7618711353861727e-05 ]
	-Camera 2 parameters (Pinhole: [ 457.58700561523438 456.13400268554688 379.99899291992188 255.23800659179688 ]
	-Camera 1 distortion parameters: [  -0.2836836576461792 0.074512839317321777 -0.00010473000293131918 -3.555907096597366e-05 ]
	-Original image size: [ 752 , 480 ]
	-Current image size: [ 752 , 480 ]
	-Camera 1 parameters after rectification: [  456.71499633789062 456.71499633789062 364.52615356445312 257.268798828125 ]
	-Sequence FPS: 20
	-Stereo baseline: 0.11007784307003021
	-Stereo depth threshold : 60
	-Gyro noise: 0.00016999999934341758
	-Accelerometer noise: 0.0020000000949949026
	-Gyro walk: 1.9392999092815444e-05
	-Accelerometer walk: 0.0030000000260770321
	-IMU frequency: 200
	-Features per image: 1200
	-ORB scale factor: 1.2000000476837158
	-ORB number of scales: 8
	-Initial FAST threshold: 20
	-Min FAST threshold: 7


Loading ORB Vocabulary. This could take a while...
Vocabulary loaded!

Initialization of Atlas from scratch 
Creation of new map with id: 0
Creation of new map with last KF id: 0
Seq. Name: 
There are 1 cameras in the atlas
Camera 0 is pinhole
SLAM Started at System Time: 1734430827.30849
not IMU meas
not IMU meas
not enough acceleration
not enough acceleration
not enough acceleration
not enough acceleration
not enough acceleration
not enough acceleration
not enough acceleration
not enough acceleration
not enough acceleration
not enough acceleration
not enough acceleration
not enough acceleration
not enough acceleration
not enough acceleration
not enough acceleration
not enough acceleration
not enough acceleration
not enough acceleration
not enough acceleration
not enough acceleration
not enough acceleration
not enough acceleration
not enough acceleration
not enough acceleration
not enough acceleration
not enough acceleration
not enough acceleration
not enough acceleration
not enough acceleration
not enough acceleration
First KF:0; Map init KF:0
New Map created with 81 points
Active map: 0
Dropping frame 1403638130.445097
Dropping frame 1403638130.645097
Dropping frame 1403638130.7450969
Dropping frame 1403638130.9950972
Dropping frame 1403638131.195097
Dropping frame 1403638131.7950971
Dropping frame 1403638131.895097
Dropping frame 1403638131.9950972
Dropping frame 1403638132.5950971
Dropping frame 1403638132.7950971
Dropping frame 1403638132.9950972
Dropping frame 1403638133.695097
Dropping frame 1403638133.8450971
Dropping frame 1403638134.0450969
start VIBA 1
Dropping frame 1403638134.3450971
end VIBA 1
Dropping frame 1403638134.7450969
Dropping frame 1403638135.195097
Dropping frame 1403638135.445097
Dropping frame 1403638135.7950971
Dropping frame 1403638136.145097
Dropping frame 1403638136.3450971
Dropping frame 1403638136.695097
Dropping frame 1403638136.7950971
Dropping frame 1403638136.945097
Dropping frame 1403638137.645097
Dropping frame 1403638138.0950971
Dropping frame 1403638138.195097
Not enough motion for initializing. Reseting...
TRACK: Reset map because local mapper set the bad imu flag 
LM: Active map reset recieved
LM: Active map reset, waiting...
LM: Reseting current map in Local Mapping...
LM: End reseting Local Mapping...
LM: Reset free the mutex
LM: Active map reset, Done!!!
mnFirstFrameId = 32
mnInitialFrameId = 0
162 Frames set to lost
not IMU meas
First KF:41; Map init KF:0
New Map created with 100 points
Active map: 0
Dropping frame 1403638138.5950971
Dropping frame 1403638138.895097
Dropping frame 1403638139.3450971
Not enough motion for initializing. Reseting...
LM: Reseting current map in Local Mapping...
LM: End reseting Local Mapping...
LM: Reset free the mutex
Dropping frame 1403638141.2950971
Not enough motion for initializing. Reseting...
TRACK: Reset map because local mapper set the bad imu flag 
LM: Reseting current map in Local Mapping...
LM: End reseting Local Mapping...
LM: Reset free the mutex
LM: Active map reset recieved
LM: Active map reset, waiting...
LM: Reseting current map in Local Mapping...
LM: End reseting Local Mapping...
LM: Reset free the mutex
LM: Active map reset, Done!!!
mnFirstFrameId = 196
mnInitialFrameId = 194
224 Frames set to lost
not IMU meas
not enough acceleration
not enough acceleration
not enough acceleration
not enough acceleration
not enough acceleration
not enough acceleration
not enough acceleration
not enough acceleration
not enough acceleration
not enough acceleration
not enough acceleration
not enough acceleration
First KF:53; Map init KF:41
New Map created with 109 points
Active map: 0
Not enough motion for initializing. Reseting...
LM: Reseting current map in Local Mapping...
LM: End reseting Local Mapping...
LM: Reset free the mutex
Not enough motion for initializing. Reseting...
LM: Reseting current map in Local Mapping...
LM: End reseting Local Mapping...
LM: Reset free the mutex
Not enough motion for initializing. Reseting...
TRACK: Reset map because local mapper set the bad imu flag 
LM: Reseting current map in Local Mapping...
LM: End reseting Local Mapping...
LM: Reset free the mutex
LM: Active map reset recieved
LM: Active map reset, waiting...
LM: Reseting current map in Local Mapping...
LM: End reseting Local Mapping...
LM: Reset free the mutex
LM: Active map reset, Done!!!
mnFirstFrameId = 272
mnInitialFrameId = 258
295 Frames set to lost
not IMU meas
not enough acceleration
not enough acceleration
not enough acceleration
not enough acceleration
not enough acceleration
not enough acceleration
not enough acceleration
not enough acceleration
not enough acceleration
not enough acceleration
not enough acceleration
not enough acceleration
not enough acceleration
not enough acceleration
not enough acceleration
not enough acceleration
not enough acceleration
not enough acceleration
not enough acceleration
not enough acceleration
not enough acceleration
not enough acceleration
not enough acceleration
not enough acceleration
not enough acceleration
not enough acceleration
not enough acceleration
not enough acceleration
not enough acceleration
not enough acceleration
not enough acceleration
not enough acceleration
not enough acceleration
not enough acceleration
First KF:66; Map init KF:53
New Map created with 147 points
Active map: 0
start VIBA 1
end VIBA 1
Dropping frame 1403638153.2950971
Dropping frame 1403638153.645097
Dropping frame 1403638154.5950971
Dropping frame 1403638157.945097
Dropping frame 1403638158.2950971
Dropping frame 1403638158.395097
Dropping frame 1403638158.7950971
Dropping frame 1403638162.2450969
Dropping frame 1403638162.3450971
Dropping frame 1403638162.8450971
start VIBA 2
end VIBA 2
Dropping frame 1403638165.395097
Dropping frame 1403638165.5450969
Dropping frame 1403638165.9950972
Dropping frame 1403638166.2450969
Dropping frame 1403638166.5450969
Dropping frame 1403638166.7450969
Dropping frame 1403638166.8450971
Dropping frame 1403638166.9950972
Dropping frame 1403638167.195097
Dropping frame 1403638167.4950972
Dropping frame 1403638167.5950971
Dropping frame 1403638167.695097
Dropping frame 1403638168.395097
Dropping frame 1403638168.695097
Dropping frame 1403638169.2450969
Dropping frame 1403638169.5450969
Dropping frame 1403638170.0950971
Dropping frame 1403638170.4950972
Dropping frame 1403638170.5950971
Dropping frame 1403638170.8450971
Dropping frame 1403638171.3450971
Dropping frame 1403638171.695097
Dropping frame 1403638171.7950971
Dropping frame 1403638171.9950972
Dropping frame 1403638172.195097
Dropping frame 1403638172.3450971
Dropping frame 1403638172.695097
Dropping frame 1403638172.7950971
Dropping frame 1403638172.9950972
Dropping frame 1403638173.0950971
Dropping frame 1403638173.195097
Dropping frame 1403638173.445097
Dropping frame 1403638173.7950971
Dropping frame 1403638173.9950972
Dropping frame 1403638174.195097
Dropping frame 1403638174.2950971
Dropping frame 1403638174.4950972
Dropping frame 1403638174.645097
Dropping frame 1403638177.0950971
Dropping frame 1403638177.695097
Dropping frame 1403638178.5950971
Dropping frame 1403638179.195097
Dropping frame 1403638179.3450971
Dropping frame 1403638179.9950972
Dropping frame 1403638180.0950971
Dropping frame 1403638180.645097
Dropping frame 1403638180.945097
Dropping frame 1403638181.145097
Dropping frame 1403638181.3450971
Dropping frame 1403638182.9950972
Dropping frame 1403638183.2450969
Dropping frame 1403638183.445097
Dropping frame 1403638183.8450971
Dropping frame 1403638184.0450969
Dropping frame 1403638185.945097
Dropping frame 1403638186.0450969
Dropping frame 1403638186.695097
Dropping frame 1403638186.8450971
Dropping frame 1403638186.945097
Dropping frame 1403638187.8450971
Dropping frame 1403638190.4950972
Dropping frame 1403638212.9950972
Dropping frame 1403638216.0950971
Dropping frame 1403638218.7950971
Dropping frame 1403638218.895097
Dropping frame 1403638219.3450971
Dropping frame 1403638219.695097
Dropping frame 1403638220.0450969
Dropping frame 1403638220.5450969
Dropping frame 1403638221.3450971
Dropping frame 1403638221.7450969
Dropping frame 1403638223.8450971
Dropping frame 1403638225.8450971
Dropping frame 1403638226.2950971
Dropping frame 1403638226.395097
Dropping frame 1403638226.695097
Dropping frame 1403638227.0450969
Dropping frame 1403638227.3450971
Dropping frame 1403638227.445097
Dropping frame 1403638227.7450969
Dropping frame 1403638227.9950972
Dropping frame 1403638228.2950971
Dropping frame 1403638228.395097
Shutdown
SLAM Finished at System Time: 1734430946.42556

 TIME STATS in ms (mean$\pm$std)
OpenCV version: 4.8.1
---------------------------
Tracking

ORB Extraction: 13.232$\pm$2.0643
Stereo Matching: 6.9608$\pm$2.3296
IMU Preintegration: 0.20645$\pm$0.10939
Pose Prediction: 0.53197$\pm$1.4398
LM Track: 14.674$\pm$5.3336
New KF decision: 0.91593$\pm$1.7222
Total Tracking: 35.836$\pm$15.391



Local Mapping

KF Insertion: 9.8555$\pm$4.3319
MP Culling: 0.36823$\pm$0.22668
MP Creation: 31.685$\pm$15.888
LBA: 110.64$\pm$50.029
KF Culling: 7.7824$\pm$7.5696
Total Local Mapping: 160.14$\pm$73.675
---------------------------

LBA complexity (mean$\pm$std)
LBA Edges: 1380.5$\pm$1178.9
LBA KF optimized: 6.5$\pm$2.2913
LBA KF fixed: 1$\pm$0
LBA MP: nan$\pm$nan

LBA executions: 440
LBA aborts: 0
---------------------------

Map complexity
KFs in map: 202
MPs in map: 16410
---------------------------

Place Recognition (mean$\pm$std)
Database Query: 1.4854$\pm$0.994
SE3 estimation: 21.845$\pm$13.072
Total Place Recognition: 16.454$\pm$15.658


Loop Closing (mean$\pm$std)
Loop Fusion: nan$\pm$nan
Essential Graph: nan$\pm$nan
Total Loop Closing: nan$\pm$nan

Num exec: 0
Number of KFs: nan$\pm$nan

Map Merging (mean$\pm$std)
Merge Maps: nan$\pm$nan
Welding BA: nan$\pm$nan
Optimization Ess.: nan$\pm$nan
Total Map Merging: nan$\pm$nan

Num exec: 0
Number of KFs: nan$\pm$nan
Number of MPs: nan$\pm$nan

Full GBA (mean$\pm$std)
GBA: nan$\pm$nan
Map Update: nan$\pm$nan
Total Full GBA: nan$\pm$nan

Num exec: 0
Num abort: 0
Number of KFs: nan$\pm$nan
Number of MPs: nan$\pm$nan

Saving trajectory to f_dataset-MH04_stereo_imu.txt ...
There are 1 maps in the atlas
  Map 0 has 202 KFs

End of saving trajectory to f_dataset-MH04_stereo_imu.txt ...

Saving keyframe trajectory to kf_dataset-MH04_stereo_imu.txt ...
