num_seq = 1
file name: dataset-MH04_stereo_imu
Loading images for sequence 0...LOADED!
Loading IMU for sequence 0...LOADED!

-------

ORB-SLAM3 Copyright (C) 2017-2020 Carlos Campos, Richard Elvira, Juan J. Gómez, José M.M. Montiel and Juan D. Tardós, University of Zaragoza.
ORB-SLAM2 Copyright (C) 2014-2016 Raúl Mur-Artal, José M.M. Montiel and Juan D. Tardós, University of Zaragoza.
This program comes with ABSOLUTELY NO WARRANTY;
This is free software, and you are welcome to redistribute it
under certain conditions. See LICENSE.txt.

Built with REGISTER_TIMES
Git Commit Hash: 42e930e

Compiled with C++ version: 201703

Input sensor was set to: Stereo-Inertial
Loading settings from ./Examples/Stereo-Inertial/EuRoC_fov_deadlines_mask_4x4.yaml
	-Loaded camera 1
	-Loaded camera 2
	-Loaded image info
	-Loaded IMU calibration
	-Loaded ORB settings
	-Loaded viewer settings
	-Loaded Atlas settings
Deadlines enabled, will skip frames!
FOV enabled
Static mask size: 4x4
Dumping map points enabled
	-Loaded misc parameters
	-Computed rectification maps
----------------------------------
SLAM settings: 
	-Camera 1 parameters (Pinhole): [ 458.65399169921875 457.29598999023438 367.21499633789062 248.375 ]
	-Camera 1 distortion parameters: [  -0.28340810537338257 0.073959067463874817 0.00019359000725671649 1.7618711353861727e-05 ]
	-Camera 2 parameters (Pinhole: [ 457.58700561523438 456.13400268554688 379.99899291992188 255.23800659179688 ]
	-Camera 1 distortion parameters: [  -0.2836836576461792 0.074512839317321777 -0.00010473000293131918 -3.555907096597366e-05 ]
	-Original image size: [ 752 , 480 ]
	-Current image size: [ 752 , 480 ]
	-Camera 1 parameters after rectification: [  456.71499633789062 456.71499633789062 364.52615356445312 257.268798828125 ]
	-Sequence FPS: 20
	-Stereo baseline: 0.11007784307003021
	-Stereo depth threshold : 60
	-Gyro noise: 0.00016999999934341758
	-Accelerometer noise: 0.0020000000949949026
	-Gyro walk: 1.9392999092815444e-05
	-Accelerometer walk: 0.0030000000260770321
	-IMU frequency: 200
	-Features per image: 1200
	-ORB scale factor: 1.2000000476837158
	-ORB number of scales: 8
	-Initial FAST threshold: 20
	-Min FAST threshold: 7


Loading ORB Vocabulary. This could take a while...
Vocabulary loaded!

Initialization of Atlas from scratch 
Creation of new map with id: 0
Creation of new map with last KF id: 0
Seq. Name: 
There are 1 cameras in the atlas
Camera 0 is pinhole
SLAM Started at System Time: 1734506285.29902
not IMU meas
not IMU meas
not enough acceleration
not enough acceleration
not enough acceleration
not enough acceleration
not enough acceleration
not enough acceleration
not enough acceleration
not enough acceleration
not enough acceleration
not enough acceleration
not enough acceleration
not enough acceleration
not enough acceleration
not enough acceleration
not enough acceleration
not enough acceleration
not enough acceleration
not enough acceleration
not enough acceleration
not enough acceleration
not enough acceleration
not enough acceleration
not enough acceleration
not enough acceleration
not enough acceleration
not enough acceleration
not enough acceleration
not enough acceleration
not enough acceleration
not enough acceleration
First KF:0; Map init KF:0
New Map created with 81 points
Active map: 0
Dropping frame 1403638133.5450969
Dropping frame 1403638133.8450971
Dropping frame 1403638134.145097
Dropping frame 1403638134.2450969
start VIBA 1
Dropping frame 1403638134.3450971
end VIBA 1
Dropping frame 1403638134.645097
Dropping frame 1403638134.8450971
Dropping frame 1403638135.0450969
Dropping frame 1403638135.145097
Dropping frame 1403638135.2450969
Dropping frame 1403638135.5450969
Dropping frame 1403638135.645097
Dropping frame 1403638135.895097
Dropping frame 1403638135.9950972
Dropping frame 1403638136.2450969
Dropping frame 1403638136.445097
Dropping frame 1403638136.645097
Dropping frame 1403638136.7450969
Dropping frame 1403638136.8450971
Dropping frame 1403638137.145097
Dropping frame 1403638137.3450971
Dropping frame 1403638137.445097
Dropping frame 1403638137.5450969
Dropping frame 1403638137.645097
Dropping frame 1403638137.8450971
Dropping frame 1403638138.0450969
Dropping frame 1403638138.145097
Dropping frame 1403638138.2950971
Dropping frame 1403638138.4950972
Dropping frame 1403638138.5950971
Not enough motion for initializing. Reseting...
Dropping frame 1403638138.8450971
TRACK: Reset map because local mapper set the bad imu flag 
LM: Active map reset recieved
LM: Active map reset, waiting...
LM: Reseting current map in Local Mapping...
LM: End reseting Local Mapping...
LM: Reset free the mutex
LM: Active map reset, Done!!!
mnFirstFrameId = 32
mnInitialFrameId = 0
169 Frames set to lost
not IMU meas
not enough acceleration
First KF:42; Map init KF:0
New Map created with 105 points
Active map: 0
Dropping frame 1403638139.145097
Dropping frame 1403638139.3450971
Dropping frame 1403638139.5450969
Dropping frame 1403638139.645097
Dropping frame 1403638139.7450969
Dropping frame 1403638140.0450969
Dropping frame 1403638140.4950972
Dropping frame 1403638140.8450971
Not enough motion for initializing. Reseting...
LM: Reseting current map in Local Mapping...
LM: End reseting Local Mapping...
LM: Reset free the mutex
Not enough motion for initializing. Reseting...
TRACK: Reset map because local mapper set the bad imu flag 
LM: Reseting current map in Local Mapping...
LM: End reseting Local Mapping...
LM: Reset free the mutex
LM: Active map reset recieved
LM: Active map reset, waiting...
LM: Reseting current map in Local Mapping...
LM: End reseting Local Mapping...
LM: Reset free the mutex
LM: Active map reset, Done!!!
mnFirstFrameId = 204
mnInitialFrameId = 201
229 Frames set to lost
not IMU meas
not enough acceleration
not enough acceleration
not enough acceleration
not enough acceleration
not enough acceleration
not enough acceleration
not enough acceleration
not enough acceleration
not enough acceleration
not enough acceleration
not enough acceleration
not enough acceleration
not enough acceleration
not enough acceleration
not enough acceleration
not enough acceleration
not enough acceleration
not enough acceleration
not enough acceleration
not enough acceleration
not enough acceleration
not enough acceleration
not enough acceleration
not enough acceleration
not enough acceleration
not enough acceleration
not enough acceleration
not enough acceleration
not enough acceleration
not enough acceleration
not enough acceleration
not enough acceleration
not enough acceleration
not enough acceleration
not enough acceleration
not enough acceleration
not enough acceleration
not enough acceleration
not enough acceleration
not enough acceleration
not enough acceleration
not enough acceleration
not enough acceleration
not enough acceleration
not enough acceleration
not enough acceleration
not enough acceleration
not enough acceleration
not enough acceleration
not enough acceleration
not enough acceleration
not enough acceleration
not enough acceleration
not enough acceleration
not enough acceleration
not enough acceleration
not enough acceleration
not enough acceleration
not enough acceleration
not enough acceleration
not enough acceleration
not enough acceleration
not enough acceleration
not enough acceleration
not enough acceleration
not enough acceleration
not enough acceleration
not enough acceleration
not enough acceleration
not enough acceleration
not enough acceleration
not enough acceleration
not enough acceleration
not enough acceleration
not enough acceleration
not enough acceleration
not enough acceleration
not enough acceleration
not enough acceleration
not enough acceleration
not enough acceleration
not enough acceleration
not enough acceleration
not enough acceleration
not enough acceleration
not enough acceleration
not enough acceleration
not enough acceleration
not enough acceleration
not enough acceleration
not enough acceleration
not enough acceleration
not enough acceleration
not enough acceleration
not enough acceleration
not enough acceleration
not enough acceleration
not enough acceleration
not enough acceleration
not enough acceleration
not enough acceleration
not enough acceleration
not enough acceleration
not enough acceleration
not enough acceleration
First KF:54; Map init KF:42
New Map created with 147 points
Active map: 0
start VIBA 1
end VIBA 1
Dropping frame 1403638153.5450969
Dropping frame 1403638154.145097
Dropping frame 1403638154.5950971
Dropping frame 1403638154.7950971
Dropping frame 1403638155.145097
Dropping frame 1403638156.3450971
Dropping frame 1403638156.695097
Dropping frame 1403638158.5950971
Dropping frame 1403638158.945097
Dropping frame 1403638159.2950971
Dropping frame 1403638159.4950972
Dropping frame 1403638159.5950971
Dropping frame 1403638159.9950972
Dropping frame 1403638161.695097
Dropping frame 1403638162.5450969
start VIBA 2
end VIBA 2
Dropping frame 1403638164.5450969
Dropping frame 1403638164.645097
Dropping frame 1403638164.895097
Dropping frame 1403638165.0950971
Dropping frame 1403638165.195097
Dropping frame 1403638165.645097
Dropping frame 1403638166.145097
Dropping frame 1403638167.4950972
Dropping frame 1403638167.5950971
Dropping frame 1403638168.4950972
Dropping frame 1403638168.5950971
Dropping frame 1403638168.7450969
Dropping frame 1403638168.9950972
Dropping frame 1403638169.7450969
Dropping frame 1403638170.0450969
Dropping frame 1403638170.2950971
Dropping frame 1403638170.5450969
Dropping frame 1403638170.7950971
Dropping frame 1403638170.9950972
Dropping frame 1403638171.195097
Dropping frame 1403638171.2950971
Dropping frame 1403638171.395097
Dropping frame 1403638171.645097
Dropping frame 1403638172.0950971
Dropping frame 1403638172.195097
Dropping frame 1403638172.445097
Dropping frame 1403638172.7450969
Dropping frame 1403638173.195097
Dropping frame 1403638173.5450969
Dropping frame 1403638173.7950971
Dropping frame 1403638174.0950971
Dropping frame 1403638174.3450971
Dropping frame 1403638175.145097
Dropping frame 1403638175.2450969
Dropping frame 1403638175.3450971
Dropping frame 1403638175.5450969
Dropping frame 1403638175.7950971
Dropping frame 1403638176.3450971
Dropping frame 1403638176.7450969
Dropping frame 1403638177.0950971
Dropping frame 1403638178.895097
Dropping frame 1403638179.2450969
Dropping frame 1403638179.5450969
Dropping frame 1403638179.8450971
Dropping frame 1403638180.195097
Dropping frame 1403638180.2950971
Dropping frame 1403638180.5950971
Dropping frame 1403638181.145097
Dropping frame 1403638181.3450971
Dropping frame 1403638181.695097
Dropping frame 1403638181.8450971
Dropping frame 1403638182.145097
Dropping frame 1403638184.3450971
Dropping frame 1403638184.695097
Dropping frame 1403638185.145097
Dropping frame 1403638185.445097
Dropping frame 1403638185.7450969
Dropping frame 1403638186.145097
Dropping frame 1403638186.645097
Dropping frame 1403638187.145097
Dropping frame 1403638187.2450969
Dropping frame 1403638187.4950972
Dropping frame 1403638187.695097
Dropping frame 1403638187.9950972
Dropping frame 1403638188.0950971
Dropping frame 1403638188.9950972
Dropping frame 1403638189.7450969
Dropping frame 1403638212.9950972
Dropping frame 1403638218.0950971
Dropping frame 1403638218.3450971
Dropping frame 1403638218.7950971
Dropping frame 1403638220.645097
Dropping frame 1403638221.2950971
Dropping frame 1403638221.645097
Dropping frame 1403638221.9950972
Dropping frame 1403638223.645097
Dropping frame 1403638224.195097
Dropping frame 1403638224.3450971
Dropping frame 1403638228.5450969
Shutdown
SLAM Finished at System Time: 1734506404.32291

 TIME STATS in ms (mean$\pm$std)
OpenCV version: 4.8.1
---------------------------
Tracking

ORB Extraction: 13.318$\pm$2.2775
Stereo Matching: 7.243$\pm$2.4572
IMU Preintegration: 0.1883$\pm$0.073328
Pose Prediction: 0.45446$\pm$1.3218
LM Track: 14.52$\pm$4.6235
New KF decision: 0.9474$\pm$1.7814
Total Tracking: 35.09$\pm$15.63



Local Mapping

KF Insertion: 9.822$\pm$4.4842
MP Culling: 0.39117$\pm$0.22963
MP Creation: 32.501$\pm$14.857
LBA: 113.9$\pm$45.846
KF Culling: 6.7057$\pm$6.1768
Total Local Mapping: 163.5$\pm$66.893
---------------------------

LBA complexity (mean$\pm$std)
LBA Edges: 1579.4$\pm$1240
LBA KF optimized: 6.5$\pm$2.2913
LBA KF fixed: 1$\pm$0
LBA MP: nan$\pm$nan

LBA executions: 423
LBA aborts: 0
---------------------------

Map complexity
KFs in map: 208
MPs in map: 16514
---------------------------

Place Recognition (mean$\pm$std)
Database Query: 1.5745$\pm$1.0397
SE3 estimation: 22.054$\pm$13.281
Total Place Recognition: 17.043$\pm$15.925


Loop Closing (mean$\pm$std)
Loop Fusion: nan$\pm$nan
Essential Graph: nan$\pm$nan
Total Loop Closing: nan$\pm$nan

Num exec: 0
Number of KFs: nan$\pm$nan

Map Merging (mean$\pm$std)
Merge Maps: nan$\pm$nan
Welding BA: nan$\pm$nan
Optimization Ess.: nan$\pm$nan
Total Map Merging: nan$\pm$nan

Num exec: 0
Number of KFs: nan$\pm$nan
Number of MPs: nan$\pm$nan

Full GBA (mean$\pm$std)
GBA: nan$\pm$nan
Map Update: nan$\pm$nan
Total Full GBA: nan$\pm$nan

Num exec: 0
Num abort: 0
Number of KFs: nan$\pm$nan
Number of MPs: nan$\pm$nan

Saving trajectory to f_dataset-MH04_stereo_imu.txt ...
There are 1 maps in the atlas
  Map 0 has 208 KFs

End of saving trajectory to f_dataset-MH04_stereo_imu.txt ...

Saving keyframe trajectory to kf_dataset-MH04_stereo_imu.txt ...
