num_seq = 1
file name: dataset-MH01_stereo_imu
Loading images for sequence 0...LOADED!
Loading IMU for sequence 0...LOADED!

-------

ORB-SLAM3 Copyright (C) 2017-2020 Carlos Campos, Richard Elvira, Juan J. Gómez, José M.M. Montiel and Juan D. Tardós, University of Zaragoza.
ORB-SLAM2 Copyright (C) 2014-2016 Raúl Mur-Artal, José M.M. Montiel and Juan D. Tardós, University of Zaragoza.
This program comes with ABSOLUTELY NO WARRANTY;
This is free software, and you are welcome to redistribute it
under certain conditions. See LICENSE.txt.

Built with REGISTER_TIMES
Git Commit Hash: 90f15d8

Input sensor was set to: Stereo-Inertial
Loading settings from ./Examples/Stereo-Inertial/EuRoC_fov_deadlines_mask_12x12.yaml
	-Loaded camera 1
	-Loaded camera 2
	-Loaded image info
	-Loaded IMU calibration
	-Loaded ORB settings
	-Loaded viewer settings
	-Loaded Atlas settings
Deadlines enabled, will skip frames!
FOV enabled
Static mask size: 12x12
Dumping map points enabled
	-Loaded misc parameters
	-Computed rectification maps
----------------------------------
SLAM settings: 
	-Camera 1 parameters (Pinhole): [ 458.65399169921875 457.29598999023438 367.21499633789062 248.375 ]
	-Camera 1 distortion parameters: [  -0.28340810537338257 0.073959067463874817 0.00019359000725671649 1.7618711353861727e-05 ]
	-Camera 2 parameters (Pinhole: [ 457.58700561523438 456.13400268554688 379.99899291992188 255.23800659179688 ]
	-Camera 1 distortion parameters: [  -0.2836836576461792 0.074512839317321777 -0.00010473000293131918 -3.555907096597366e-05 ]
	-Original image size: [ 752 , 480 ]
	-Current image size: [ 752 , 480 ]
	-Camera 1 parameters after rectification: [  456.71499633789062 456.71499633789062 364.52615356445312 257.268798828125 ]
	-Sequence FPS: 20
	-Stereo baseline: 0.11007784307003021
	-Stereo depth threshold : 60
	-Gyro noise: 0.00016999999934341758
	-Accelerometer noise: 0.0020000000949949026
	-Gyro walk: 1.9392999092815444e-05
	-Accelerometer walk: 0.0030000000260770321
	-IMU frequency: 200
	-Features per image: 1200
	-ORB scale factor: 1.2000000476837158
	-ORB number of scales: 8
	-Initial FAST threshold: 20
	-Min FAST threshold: 7


Loading ORB Vocabulary. This could take a while...
Vocabulary loaded!

Initialization of Atlas from scratch 
Creation of new map with id: 0
Creation of new map with last KF id: 0
Seq. Name: 
There are 1 cameras in the atlas
Camera 0 is pinhole
SLAM Started at System Time: 1732013996.32179
not IMU meas
not IMU meas
not enough acceleration
not enough acceleration
First KF:0; Map init KF:0
New Map created with 553 points
Active map: 0
Dropping frame 1403636580.0635555
Dropping frame 1403636580.3635557
Dropping frame 1403636580.7135556
Dropping frame 1403636581.1135554
Dropping frame 1403636581.4135554
Dropping frame 1403636581.5135555
Dropping frame 1403636581.7135556
Dropping frame 1403636581.8635557
Dropping frame 1403636582.1635556
Dropping frame 1403636582.3635557
Dropping frame 1403636582.5135555
Dropping frame 1403636582.7635555
Dropping frame 1403636583.0135555
Dropping frame 1403636583.1635556
Dropping frame 1403636583.5135555
Dropping frame 1403636583.9135554
Dropping frame 1403636584.0135555
Dropping frame 1403636584.3135555
Dropping frame 1403636584.4635556
Dropping frame 1403636584.7135556
Dropping frame 1403636584.8135555
Dropping frame 1403636585.0135555
Dropping frame 1403636585.1135554
Dropping frame 1403636585.2135556
start VIBA 1
Dropping frame 1403636585.3135555
end VIBA 1
Dropping frame 1403636585.4635556
Dropping frame 1403636585.6635556
Dropping frame 1403636585.7635555
Dropping frame 1403636585.9135554
Dropping frame 1403636586.4135554
Dropping frame 1403636586.6635556
Dropping frame 1403636586.8635557
Dropping frame 1403636586.9635556
Dropping frame 1403636587.1635556
Dropping frame 1403636587.2635555
Dropping frame 1403636587.5635555
Dropping frame 1403636587.7635555
Dropping frame 1403636587.8635557
Dropping frame 1403636587.9635556
Dropping frame 1403636588.1635556
Dropping frame 1403636588.3635557
Dropping frame 1403636588.5635555
Dropping frame 1403636588.7635555
Dropping frame 1403636588.8635557
Dropping frame 1403636589.0635555
Dropping frame 1403636589.1635556
Dropping frame 1403636589.2635555
Dropping frame 1403636589.4635556
Dropping frame 1403636589.7135556
Dropping frame 1403636589.9635556
Dropping frame 1403636590.1135554
Dropping frame 1403636590.2635555
Dropping frame 1403636590.4135554
Dropping frame 1403636590.7135556
Dropping frame 1403636590.8635557
Dropping frame 1403636591.1135554
Dropping frame 1403636591.2135556
Dropping frame 1403636591.5635555
Dropping frame 1403636591.6635556
Dropping frame 1403636591.7635555
Dropping frame 1403636591.9635556
Dropping frame 1403636592.1635556
Dropping frame 1403636592.4135554
Dropping frame 1403636592.6135554
Dropping frame 1403636592.9135554
Dropping frame 1403636593.1135554
Dropping frame 1403636593.3135555
Dropping frame 1403636593.4135554
Dropping frame 1403636593.6635556
Dropping frame 1403636593.7635555
Dropping frame 1403636593.8635557
Dropping frame 1403636594.0635555
Dropping frame 1403636594.1635556
Dropping frame 1403636594.4135554
Dropping frame 1403636594.5135555
Dropping frame 1403636594.6135554
Dropping frame 1403636594.8135555
Dropping frame 1403636595.0135555
Dropping frame 1403636595.1135554
Dropping frame 1403636595.2135556
Dropping frame 1403636595.4135554
Dropping frame 1403636595.6135554
start VIBA 2
end VIBA 2
Dropping frame 1403636595.8135555
Dropping frame 1403636595.9135554
Dropping frame 1403636596.0135555
Dropping frame 1403636596.2135556
Dropping frame 1403636596.6135554
Dropping frame 1403636596.9135554
Dropping frame 1403636597.0135555
Dropping frame 1403636597.2635555
Dropping frame 1403636597.4635556
Dropping frame 1403636597.5635555
Dropping frame 1403636597.7635555
Dropping frame 1403636597.8635557
Dropping frame 1403636598.2135556
Dropping frame 1403636598.3135555
Dropping frame 1403636598.5135555
Dropping frame 1403636598.6635556
Dropping frame 1403636598.7635555
Dropping frame 1403636598.9635556
Dropping frame 1403636599.1635556
Dropping frame 1403636599.2635555
Dropping frame 1403636599.3635557
Dropping frame 1403636599.5135555
Dropping frame 1403636599.6135554
Dropping frame 1403636599.8135555
Dropping frame 1403636600.0135555
Dropping frame 1403636600.2135556
Dropping frame 1403636600.3135555
Dropping frame 1403636600.4135554
Dropping frame 1403636600.6135554
Dropping frame 1403636600.9635556
Dropping frame 1403636601.1135554
Dropping frame 1403636601.3135555
Dropping frame 1403636601.4135554
Dropping frame 1403636601.6635556
Dropping frame 1403636602.1135554
Dropping frame 1403636602.6135554
Dropping frame 1403636602.8135555
Dropping frame 1403636602.9135554
Dropping frame 1403636603.0635555
Dropping frame 1403636603.2635555
Dropping frame 1403636603.4635556
Dropping frame 1403636603.6635556
Dropping frame 1403636603.7635555
Dropping frame 1403636604.0135555
Dropping frame 1403636604.3635557
Dropping frame 1403636604.7135556
Dropping frame 1403636604.9135554
Dropping frame 1403636605.0135555
Dropping frame 1403636605.2635555
Dropping frame 1403636605.3635557
Dropping frame 1403636605.4635556
Dropping frame 1403636605.6635556
Dropping frame 1403636606.0135555
Dropping frame 1403636606.3135555
Dropping frame 1403636606.4635556
Dropping frame 1403636606.7135556
Dropping frame 1403636607.1135554
Dropping frame 1403636607.3135555
Dropping frame 1403636607.8135555
Dropping frame 1403636608.1635556
Dropping frame 1403636608.3135555
Dropping frame 1403636608.5635555
Dropping frame 1403636609.0635555
Dropping frame 1403636609.1635556
Dropping frame 1403636609.5635555
Dropping frame 1403636609.8635557
Dropping frame 1403636610.0635555
Dropping frame 1403636610.1635556
Dropping frame 1403636610.3135555
Dropping frame 1403636610.4135554
Dropping frame 1403636610.6635556
Dropping frame 1403636610.9135554
Dropping frame 1403636611.2135556
Dropping frame 1403636611.4135554
Dropping frame 1403636611.7135556
Dropping frame 1403636612.3135555
Dropping frame 1403636612.5135555
Dropping frame 1403636612.9135554
Dropping frame 1403636613.2135556
Dropping frame 1403636613.5135555
Dropping frame 1403636613.8135555
Dropping frame 1403636614.0135555
Dropping frame 1403636614.2135556
Dropping frame 1403636614.3135555
Dropping frame 1403636614.4135554
Dropping frame 1403636614.7135556
Dropping frame 1403636614.8635557
Dropping frame 1403636615.1635556
Dropping frame 1403636615.6135554
Dropping frame 1403636615.8135555
Dropping frame 1403636615.9135554
Dropping frame 1403636616.3135555
Dropping frame 1403636616.6135554
Dropping frame 1403636617.6135554
Dropping frame 1403636617.8135555
Dropping frame 1403636618.0635555
Dropping frame 1403636618.1635556
Dropping frame 1403636618.4135554
Dropping frame 1403636618.7135556
Dropping frame 1403636618.8135555
Dropping frame 1403636618.9135554
Dropping frame 1403636619.2635555
Dropping frame 1403636619.3635557
Dropping frame 1403636619.6635556
Dropping frame 1403636619.7635555
Dropping frame 1403636620.1635556
Dropping frame 1403636620.2635555
Dropping frame 1403636620.4135554
Dropping frame 1403636620.7635555
Dropping frame 1403636621.1635556
Dropping frame 1403636621.5135555
Dropping frame 1403636621.7135556
Dropping frame 1403636621.9135554
Dropping frame 1403636622.0635555
Dropping frame 1403636622.6635556
Dropping frame 1403636623.1135554
Dropping frame 1403636623.3635557
Dropping frame 1403636623.6635556
Dropping frame 1403636623.8635557
Dropping frame 1403636624.0135555
Dropping frame 1403636624.2635555
Dropping frame 1403636624.6135554
Dropping frame 1403636625.2135556
Dropping frame 1403636625.3635557
Dropping frame 1403636625.5135555
Dropping frame 1403636625.7135556
Dropping frame 1403636626.3135555
Dropping frame 1403636626.8635557
Dropping frame 1403636627.0635555
Dropping frame 1403636627.6135554
Dropping frame 1403636627.7635555
Dropping frame 1403636628.0635555
Dropping frame 1403636628.3135555
Dropping frame 1403636628.5135555
Dropping frame 1403636628.9135554
Dropping frame 1403636629.0135555
Dropping frame 1403636629.3135555
Dropping frame 1403636629.5135555
Dropping frame 1403636630.0635555
Dropping frame 1403636630.1635556
Dropping frame 1403636630.5135555
Dropping frame 1403636630.8135555
Dropping frame 1403636631.7635555
Dropping frame 1403636631.8635557
Dropping frame 1403636631.9635556
Dropping frame 1403636632.1135554
Dropping frame 1403636632.4635556
Dropping frame 1403636632.8135555
Dropping frame 1403636633.2135556
Dropping frame 1403636633.4635556
Dropping frame 1403636633.9135554
Dropping frame 1403636634.2135556
Dropping frame 1403636634.6135554
Dropping frame 1403636634.9635556
Dropping frame 1403636635.6135554
Dropping frame 1403636635.7635555
Dropping frame 1403636636.0135555
Dropping frame 1403636636.2135556
Dropping frame 1403636636.7135556
Dropping frame 1403636636.9635556
Dropping frame 1403636637.5635555
Dropping frame 1403636638.6635556
Dropping frame 1403636638.9635556
Dropping frame 1403636639.3135555
Dropping frame 1403636639.5135555
Dropping frame 1403636639.6135554
Dropping frame 1403636639.9635556
Dropping frame 1403636640.0635555
Dropping frame 1403636640.2135556
Dropping frame 1403636640.4135554
Dropping frame 1403636640.6135554
Dropping frame 1403636640.8635557
Dropping frame 1403636641.2635555
Dropping frame 1403636641.4635556
Dropping frame 1403636641.6635556
Dropping frame 1403636641.9135554
Dropping frame 1403636642.1135554
Dropping frame 1403636642.4135554
Dropping frame 1403636642.5135555
Dropping frame 1403636642.8635557
Dropping frame 1403636643.1135554
Dropping frame 1403636643.2635555
Dropping frame 1403636643.4635556
Dropping frame 1403636643.6635556
Dropping frame 1403636643.8635557
Dropping frame 1403636644.2635555
Dropping frame 1403636644.6635556
Dropping frame 1403636644.9635556
Dropping frame 1403636645.0635555
Dropping frame 1403636645.1635556
Dropping frame 1403636645.6135554
Dropping frame 1403636645.8135555
Dropping frame 1403636646.3135555
Dropping frame 1403636646.4635556
Dropping frame 1403636646.7635555
Dropping frame 1403636646.9635556
Dropping frame 1403636647.1635556
Dropping frame 1403636647.4635556
Dropping frame 1403636647.7635555
Dropping frame 1403636647.9135554
Dropping frame 1403636650.3135555
Dropping frame 1403636650.4635556
Dropping frame 1403636650.8635557
Dropping frame 1403636650.9635556
Dropping frame 1403636651.2635555
Dropping frame 1403636651.5135555
Dropping frame 1403636651.6135554
Dropping frame 1403636651.7135556
Dropping frame 1403636651.8135555
Dropping frame 1403636652.0135555
Dropping frame 1403636652.1135554
Dropping frame 1403636652.2135556
Dropping frame 1403636652.4135554
Dropping frame 1403636652.5635555
Dropping frame 1403636652.8635557
Dropping frame 1403636653.0135555
Dropping frame 1403636653.2135556
Dropping frame 1403636653.3135555
Dropping frame 1403636653.5135555
Dropping frame 1403636653.7135556
Dropping frame 1403636653.9635556
Dropping frame 1403636654.1135554
Dropping frame 1403636654.3635557
Dropping frame 1403636654.4635556
Dropping frame 1403636654.5635555
Dropping frame 1403636654.7635555
Dropping frame 1403636654.8635557
Dropping frame 1403636655.0135555
Dropping frame 1403636655.1635556
Dropping frame 1403636655.2635555
Dropping frame 1403636655.4635556
Dropping frame 1403636655.6635556
Dropping frame 1403636655.7635555
Dropping frame 1403636655.9135554
Dropping frame 1403636656.0135555
Dropping frame 1403636656.2135556
Dropping frame 1403636656.3635557
Dropping frame 1403636656.5635555
Dropping frame 1403636656.6635556
Dropping frame 1403636656.7635555
Dropping frame 1403636656.9135554
Dropping frame 1403636657.0635555
Dropping frame 1403636657.1635556
Dropping frame 1403636657.4635556
Dropping frame 1403636657.6635556
Dropping frame 1403636657.7635555
Dropping frame 1403636657.9135554
Dropping frame 1403636658.0635555
Dropping frame 1403636658.2635555
Dropping frame 1403636658.3635557
Dropping frame 1403636658.4635556
Dropping frame 1403636658.5635555
Dropping frame 1403636658.8135555
Dropping frame 1403636658.9135554
Dropping frame 1403636659.0135555
Dropping frame 1403636659.1135554
Dropping frame 1403636659.2635555
Dropping frame 1403636659.3635557
Dropping frame 1403636659.5135555
Dropping frame 1403636659.6635556
Dropping frame 1403636659.7635555
Dropping frame 1403636659.8635557
Dropping frame 1403636659.9635556
Dropping frame 1403636660.0635555
Dropping frame 1403636660.2135556
Dropping frame 1403636660.3135555
Dropping frame 1403636660.5135555
Dropping frame 1403636660.7135556
Dropping frame 1403636660.9135554
Dropping frame 1403636661.0135555
Dropping frame 1403636661.2135556
Dropping frame 1403636661.3135555
Dropping frame 1403636661.4135554
Dropping frame 1403636661.5135555
Dropping frame 1403636661.6135554
Dropping frame 1403636661.7135556
Dropping frame 1403636661.9135554
Dropping frame 1403636662.0135555
Dropping frame 1403636662.1635556
Dropping frame 1403636662.2635555
Dropping frame 1403636662.3635557
Dropping frame 1403636662.5635555
Dropping frame 1403636662.6635556
Dropping frame 1403636662.7635555
Dropping frame 1403636662.8635557
Dropping frame 1403636662.9635556
Dropping frame 1403636663.0635555
Dropping frame 1403636663.1635556
Dropping frame 1403636663.3635557
Dropping frame 1403636663.5135555
Dropping frame 1403636663.7635555
Dropping frame 1403636663.8635557
Dropping frame 1403636663.9635556
Dropping frame 1403636664.0635555
Dropping frame 1403636664.1635556
Dropping frame 1403636664.2635555
Dropping frame 1403636664.3635557
Dropping frame 1403636664.6135554
Dropping frame 1403636664.7135556
Dropping frame 1403636664.8135555
Dropping frame 1403636664.9135554
Dropping frame 1403636665.0135555
Dropping frame 1403636665.2135556
Dropping frame 1403636665.3135555
Dropping frame 1403636665.4635556
Dropping frame 1403636665.5635555
Dropping frame 1403636665.6635556
Dropping frame 1403636665.7635555
Dropping frame 1403636665.9635556
Dropping frame 1403636666.0635555
Dropping frame 1403636666.1635556
Dropping frame 1403636666.3135555
Dropping frame 1403636666.4135554
Dropping frame 1403636666.7635555
Dropping frame 1403636666.8635557
Dropping frame 1403636667.7135556
Dropping frame 1403636667.9635556
Dropping frame 1403636668.1135554
Dropping frame 1403636668.3635557
Dropping frame 1403636668.7635555
Dropping frame 1403636668.9635556
Dropping frame 1403636669.0635555
Dropping frame 1403636669.3635557
Dropping frame 1403636669.4635556
Dropping frame 1403636669.6135554
Dropping frame 1403636669.7135556
Dropping frame 1403636669.9135554
Dropping frame 1403636670.0635555
Dropping frame 1403636670.1635556
Dropping frame 1403636670.3635557
Dropping frame 1403636670.5635555
Dropping frame 1403636670.7135556
Dropping frame 1403636670.8135555
Dropping frame 1403636670.9135554
Dropping frame 1403636671.1135554
Dropping frame 1403636671.2135556
Dropping frame 1403636671.5135555
Dropping frame 1403636671.6135554
Dropping frame 1403636671.7135556
Dropping frame 1403636672.0135555
Dropping frame 1403636672.1135554
Dropping frame 1403636672.2135556
Dropping frame 1403636672.3135555
Dropping frame 1403636672.4135554
Dropping frame 1403636673.0635555
Dropping frame 1403636673.1635556
Dropping frame 1403636673.3635557
Dropping frame 1403636673.5635555
Dropping frame 1403636673.6635556
Dropping frame 1403636673.7635555
Dropping frame 1403636674.1135554
Dropping frame 1403636674.3135555
Dropping frame 1403636674.4135554
Dropping frame 1403636674.6135554
Dropping frame 1403636674.7135556
Dropping frame 1403636674.8135555
Dropping frame 1403636675.1135554
Dropping frame 1403636675.3635557
Dropping frame 1403636675.4635556
Dropping frame 1403636675.5635555
Dropping frame 1403636675.7635555
Dropping frame 1403636675.8635557
Dropping frame 1403636675.9635556
Dropping frame 1403636676.1135554
Dropping frame 1403636676.2635555
Dropping frame 1403636676.4635556
Dropping frame 1403636676.5635555
Dropping frame 1403636676.6635556
Dropping frame 1403636676.8635557
Dropping frame 1403636676.9635556
Dropping frame 1403636677.0635555
Dropping frame 1403636677.2635555
Dropping frame 1403636677.3635557
Dropping frame 1403636677.4635556
Dropping frame 1403636677.5635555
Dropping frame 1403636677.7635555
Dropping frame 1403636677.8635557
Dropping frame 1403636678.1135554
Dropping frame 1403636678.2135556
Dropping frame 1403636678.3135555
Dropping frame 1403636678.4135554
Dropping frame 1403636678.5135555
Dropping frame 1403636678.7135556
Dropping frame 1403636678.9135554
Dropping frame 1403636679.0135555
Dropping frame 1403636679.1135554
Dropping frame 1403636679.2635555
Dropping frame 1403636679.3635557
Dropping frame 1403636679.5635555
Dropping frame 1403636679.6635556
Dropping frame 1403636679.9635556
Dropping frame 1403636680.0635555
Dropping frame 1403636680.2635555
Dropping frame 1403636680.3635557
Dropping frame 1403636680.6135554
Dropping frame 1403636680.7135556
Dropping frame 1403636680.8135555
Dropping frame 1403636681.0135555
Dropping frame 1403636681.1135554
Dropping frame 1403636681.2135556
Dropping frame 1403636681.4135554
Dropping frame 1403636681.5135555
Dropping frame 1403636681.6135554
Dropping frame 1403636681.7635555
Dropping frame 1403636681.8635557
Dropping frame 1403636681.9635556
Dropping frame 1403636682.1635556
Dropping frame 1403636682.2635555
Dropping frame 1403636682.3635557
Dropping frame 1403636682.5635555
Dropping frame 1403636682.6635556
Dropping frame 1403636682.8635557
Dropping frame 1403636682.9635556
Dropping frame 1403636683.1135554
Dropping frame 1403636683.2135556
Dropping frame 1403636683.4135554
Dropping frame 1403636683.6135554
Dropping frame 1403636683.8135555
Dropping frame 1403636683.9135554
Dropping frame 1403636684.0135555
Dropping frame 1403636684.1135554
Dropping frame 1403636684.2635555
Dropping frame 1403636684.4135554
Dropping frame 1403636684.6135554
Dropping frame 1403636684.7135556
Dropping frame 1403636684.9635556
Dropping frame 1403636685.0635555
Dropping frame 1403636685.1635556
Dropping frame 1403636685.2635555
Dropping frame 1403636685.3635557
Dropping frame 1403636685.4635556
Dropping frame 1403636685.6635556
Dropping frame 1403636685.8635557
Dropping frame 1403636685.9635556
Dropping frame 1403636686.1635556
Dropping frame 1403636686.2635555
Dropping frame 1403636686.6135554
Dropping frame 1403636686.7135556
Dropping frame 1403636686.8135555
Dropping frame 1403636687.0135555
Dropping frame 1403636687.1135554
Dropping frame 1403636687.2135556
Dropping frame 1403636687.4135554
Dropping frame 1403636687.5135555
Dropping frame 1403636687.8635557
Dropping frame 1403636687.9635556
Dropping frame 1403636688.3135555
Dropping frame 1403636688.4135554
Dropping frame 1403636688.6135554
Dropping frame 1403636688.7135556
Dropping frame 1403636688.9635556
Dropping frame 1403636689.2135556
Dropping frame 1403636689.4135554
Dropping frame 1403636689.5135555
Dropping frame 1403636689.7135556
Dropping frame 1403636689.8135555
Dropping frame 1403636689.9635556
Dropping frame 1403636690.0635555
Dropping frame 1403636690.1635556
Dropping frame 1403636690.2635555
Dropping frame 1403636690.5135555
Dropping frame 1403636690.6135554
Dropping frame 1403636690.7635555
Dropping frame 1403636690.8635557
Dropping frame 1403636690.9635556
Dropping frame 1403636691.0635555
Dropping frame 1403636691.3635557
Dropping frame 1403636691.5135555
Dropping frame 1403636691.6635556
Dropping frame 1403636691.9635556
Dropping frame 1403636692.1635556
Dropping frame 1403636692.2635555
Dropping frame 1403636692.4635556
Dropping frame 1403636692.6635556
Dropping frame 1403636692.7635555
Dropping frame 1403636692.8635557
Dropping frame 1403636692.9635556
Dropping frame 1403636693.1635556
Dropping frame 1403636693.3635557
Dropping frame 1403636693.4635556
Dropping frame 1403636693.5635555
Dropping frame 1403636693.6635556
Dropping frame 1403636693.7635555
Dropping frame 1403636693.9635556
Dropping frame 1403636694.0635555
Dropping frame 1403636694.1635556
Dropping frame 1403636694.4135554
Dropping frame 1403636694.6135554
Dropping frame 1403636694.8135555
Dropping frame 1403636695.0135555
Dropping frame 1403636695.1135554
Dropping frame 1403636695.2135556
Dropping frame 1403636695.4135554
Dropping frame 1403636695.6135554
Dropping frame 1403636695.8135555
Dropping frame 1403636695.9135554
Dropping frame 1403636696.0135555
Dropping frame 1403636696.2135556
Dropping frame 1403636696.3135555
Dropping frame 1403636696.5135555
Dropping frame 1403636696.6635556
Dropping frame 1403636696.8135555
Dropping frame 1403636697.0135555
Dropping frame 1403636697.2635555
Dropping frame 1403636697.3635557
Dropping frame 1403636697.4635556
Dropping frame 1403636697.6635556
Dropping frame 1403636697.8635557
Dropping frame 1403636697.9635556
Dropping frame 1403636698.0635555
Dropping frame 1403636698.2635555
Dropping frame 1403636698.3635557
Dropping frame 1403636698.4635556
Dropping frame 1403636698.6635556
Dropping frame 1403636698.7635555
Dropping frame 1403636698.8635557
Dropping frame 1403636699.1635556
Dropping frame 1403636699.3635557
Dropping frame 1403636699.4635556
Dropping frame 1403636699.5635555
Dropping frame 1403636699.8135555
Dropping frame 1403636700.0135555
Dropping frame 1403636700.2135556
Dropping frame 1403636700.3135555
Dropping frame 1403636700.4135554
Dropping frame 1403636700.6135554
Dropping frame 1403636700.8135555
Dropping frame 1403636700.9135554
Dropping frame 1403636701.1135554
Dropping frame 1403636701.3635557
Dropping frame 1403636701.5635555
Dropping frame 1403636701.6635556
Dropping frame 1403636701.9635556
Dropping frame 1403636702.0635555
Dropping frame 1403636702.2635555
Dropping frame 1403636702.4635556
Dropping frame 1403636702.5635555
Dropping frame 1403636702.9135554
Dropping frame 1403636703.0135555
Dropping frame 1403636703.1135554
Dropping frame 1403636703.5135555
Dropping frame 1403636703.6135554
Dropping frame 1403636704.0135555
Dropping frame 1403636704.2135556
Dropping frame 1403636704.4635556
Dropping frame 1403636704.8635557
Dropping frame 1403636704.9635556
Dropping frame 1403636705.0635555
Dropping frame 1403636705.1635556
Dropping frame 1403636705.2635555
Dropping frame 1403636705.5135555
Dropping frame 1403636705.7635555
Dropping frame 1403636705.9635556
Dropping frame 1403636706.2135556
Dropping frame 1403636706.4635556
Dropping frame 1403636706.5635555
Dropping frame 1403636706.8135555
Dropping frame 1403636707.0135555
Dropping frame 1403636707.2135556
Dropping frame 1403636707.4635556
Dropping frame 1403636707.6135554
Dropping frame 1403636707.9635556
Dropping frame 1403636708.1635556
Dropping frame 1403636708.3635557
Dropping frame 1403636708.7635555
Dropping frame 1403636709.2135556
Dropping frame 1403636709.7135556
Dropping frame 1403636709.9135554
Dropping frame 1403636710.1635556
Dropping frame 1403636710.4135554
Dropping frame 1403636710.6635556
Dropping frame 1403636710.7635555
Dropping frame 1403636711.0135555
Dropping frame 1403636711.1635556
Dropping frame 1403636711.3635557
Dropping frame 1403636711.5635555
Dropping frame 1403636711.6635556
Dropping frame 1403636711.9135554
Dropping frame 1403636712.1135554
Dropping frame 1403636712.3135555
Dropping frame 1403636712.5135555
Dropping frame 1403636712.7135556
Dropping frame 1403636712.9135554
Dropping frame 1403636713.0135555
Dropping frame 1403636713.2635555
Dropping frame 1403636713.4635556
Dropping frame 1403636713.5635555
Dropping frame 1403636713.7635555
Dropping frame 1403636713.9635556
Dropping frame 1403636714.1635556
Dropping frame 1403636714.4635556
Dropping frame 1403636714.6635556
Dropping frame 1403636714.8635557
Dropping frame 1403636715.0635555
Dropping frame 1403636715.4135554
Dropping frame 1403636715.6135554
Dropping frame 1403636715.9135554
Dropping frame 1403636716.1635556
Dropping frame 1403636716.5135555
Dropping frame 1403636716.8635557
Dropping frame 1403636717.3635557
Dropping frame 1403636717.8635557
Dropping frame 1403636718.0635555
Dropping frame 1403636718.4135554
Dropping frame 1403636718.6135554
Dropping frame 1403636718.7635555
Dropping frame 1403636718.9635556
Dropping frame 1403636719.1635556
Dropping frame 1403636719.2635555
Dropping frame 1403636719.4635556
Dropping frame 1403636719.6635556
Dropping frame 1403636720.0135555
Dropping frame 1403636720.1135554
Dropping frame 1403636720.3635557
Dropping frame 1403636720.5635555
Dropping frame 1403636720.7635555
Dropping frame 1403636720.8635557
Dropping frame 1403636721.0635555
Dropping frame 1403636721.2635555
Dropping frame 1403636721.3635557
Dropping frame 1403636721.5635555
Dropping frame 1403636721.9635556
Dropping frame 1403636722.0635555
Dropping frame 1403636722.2135556
Dropping frame 1403636722.3635557
Dropping frame 1403636722.4635556
Dropping frame 1403636722.5635555
Dropping frame 1403636722.7135556
Dropping frame 1403636722.8135555
Dropping frame 1403636723.1135554
Dropping frame 1403636723.3135555
Dropping frame 1403636723.4135554
Dropping frame 1403636723.5635555
Dropping frame 1403636723.7635555
Dropping frame 1403636723.8635557
Dropping frame 1403636724.0635555
Dropping frame 1403636724.1635556
Dropping frame 1403636724.2635555
Dropping frame 1403636724.3635557
Dropping frame 1403636724.5635555
Dropping frame 1403636724.6635556
Dropping frame 1403636724.9135554
Dropping frame 1403636725.0135555
Dropping frame 1403636725.3135555
Dropping frame 1403636725.5135555
Dropping frame 1403636725.7135556
Dropping frame 1403636725.8135555
Dropping frame 1403636725.9635556
Dropping frame 1403636726.0635555
Dropping frame 1403636726.2635555
Dropping frame 1403636726.4635556
Dropping frame 1403636726.5635555
Dropping frame 1403636726.7635555
Dropping frame 1403636726.9635556
Dropping frame 1403636727.1135554
Dropping frame 1403636727.3135555
Dropping frame 1403636727.4135554
Dropping frame 1403636727.6135554
Dropping frame 1403636727.8135555
Dropping frame 1403636727.9135554
Dropping frame 1403636728.0135555
Dropping frame 1403636728.2135556
Dropping frame 1403636728.3135555
Dropping frame 1403636728.4135554
Dropping frame 1403636728.6135554
Dropping frame 1403636728.7135556
Dropping frame 1403636728.9135554
Dropping frame 1403636729.1135554
Dropping frame 1403636729.3135555
Dropping frame 1403636729.4135554
Dropping frame 1403636729.5135555
Dropping frame 1403636729.7135556
Dropping frame 1403636729.9135554
Dropping frame 1403636730.0135555
Dropping frame 1403636730.1135554
Dropping frame 1403636730.2135556
Dropping frame 1403636730.3135555
Dropping frame 1403636730.5135555
Dropping frame 1403636730.7135556
Dropping frame 1403636730.9135554
Dropping frame 1403636731.0135555
Dropping frame 1403636731.1135554
Dropping frame 1403636731.2635555
Dropping frame 1403636731.4635556
Dropping frame 1403636731.6635556
Dropping frame 1403636731.8635557
Dropping frame 1403636732.0635555
Dropping frame 1403636732.2635555
Dropping frame 1403636732.3635557
Dropping frame 1403636732.4635556
Dropping frame 1403636732.6135554
Dropping frame 1403636732.7135556
Dropping frame 1403636732.8135555
Dropping frame 1403636732.9635556
Dropping frame 1403636733.1135554
Dropping frame 1403636733.2135556
Dropping frame 1403636733.4135554
Dropping frame 1403636733.6135554
Dropping frame 1403636733.7135556
Dropping frame 1403636733.8135555
Dropping frame 1403636734.0135555
Dropping frame 1403636734.1135554
Dropping frame 1403636734.2135556
Dropping frame 1403636734.4135554
Dropping frame 1403636734.6135554
Dropping frame 1403636734.8135555
Dropping frame 1403636734.9135554
Dropping frame 1403636735.0135555
Dropping frame 1403636735.1135554
Dropping frame 1403636735.2135556
Dropping frame 1403636735.3135555
Dropping frame 1403636735.5135555
Dropping frame 1403636735.6135554
Dropping frame 1403636735.7135556
Dropping frame 1403636735.9135554
Dropping frame 1403636736.1135554
Dropping frame 1403636736.2135556
Dropping frame 1403636736.3135555
Dropping frame 1403636736.5135555
Dropping frame 1403636736.7135556
Dropping frame 1403636736.9135554
Dropping frame 1403636737.0135555
Dropping frame 1403636737.1135554
Dropping frame 1403636737.2135556
Dropping frame 1403636737.3135555
Dropping frame 1403636737.5135555
Dropping frame 1403636737.6135554
Dropping frame 1403636737.7135556
Dropping frame 1403636737.8135555
Dropping frame 1403636738.0135555
Dropping frame 1403636738.2135556
Dropping frame 1403636738.6635556
Dropping frame 1403636738.8635557
Dropping frame 1403636739.0635555
Dropping frame 1403636739.1635556
Dropping frame 1403636739.3635557
Dropping frame 1403636739.4635556
Dropping frame 1403636739.6635556
Dropping frame 1403636739.7635555
Dropping frame 1403636739.8635557
Dropping frame 1403636740.0635555
Dropping frame 1403636740.2635555
Dropping frame 1403636740.4635556
Dropping frame 1403636740.5635555
Dropping frame 1403636740.6635556
Dropping frame 1403636740.8635557
Dropping frame 1403636741.0635555
Dropping frame 1403636741.2635555
Dropping frame 1403636741.3635557
Dropping frame 1403636741.4635556
Dropping frame 1403636741.6635556
Dropping frame 1403636741.8635557
Dropping frame 1403636742.0635555
Dropping frame 1403636742.2635555
Dropping frame 1403636742.3635557
Dropping frame 1403636742.4635556
Dropping frame 1403636742.6635556
Dropping frame 1403636742.8635557
Dropping frame 1403636742.9635556
Dropping frame 1403636743.0635555
Dropping frame 1403636743.1635556
Dropping frame 1403636743.3635557
Dropping frame 1403636743.5635555
Dropping frame 1403636743.7635555
Dropping frame 1403636743.9635556
Dropping frame 1403636744.1635556
Dropping frame 1403636744.2635555
Dropping frame 1403636744.6135554
Dropping frame 1403636745.1135554
Dropping frame 1403636745.2135556
Dropping frame 1403636745.4135554
Dropping frame 1403636745.6135554
Dropping frame 1403636745.7135556
Dropping frame 1403636745.8135555
Dropping frame 1403636746.0135555
Dropping frame 1403636746.2135556
Dropping frame 1403636746.3135555
Dropping frame 1403636746.4135554
Dropping frame 1403636746.5135555
Dropping frame 1403636746.6135554
Dropping frame 1403636746.8135555
Dropping frame 1403636747.0135555
Dropping frame 1403636747.1135554
Dropping frame 1403636747.2135556
Dropping frame 1403636747.4135554
Dropping frame 1403636747.6135554
Dropping frame 1403636747.7135556
Dropping frame 1403636747.8135555
Dropping frame 1403636747.9135554
Dropping frame 1403636748.1135554
Dropping frame 1403636748.3135555
Dropping frame 1403636748.5135555
Dropping frame 1403636748.6135554
Dropping frame 1403636748.7135556
Dropping frame 1403636748.9135554
Dropping frame 1403636749.1135554
Dropping frame 1403636749.3135555
Dropping frame 1403636749.4135554
Dropping frame 1403636749.5135555
Dropping frame 1403636749.7135556
Dropping frame 1403636750.0635555
Dropping frame 1403636750.1635556
Dropping frame 1403636750.3635557
Dropping frame 1403636750.5635555
Dropping frame 1403636750.7635555
Dropping frame 1403636750.8635557
Dropping frame 1403636750.9635556
Dropping frame 1403636751.1635556
Dropping frame 1403636751.3635557
Dropping frame 1403636751.5635555
Dropping frame 1403636751.6635556
Dropping frame 1403636751.9135554
Dropping frame 1403636752.1135554
Dropping frame 1403636752.2135556
Dropping frame 1403636752.3135555
Dropping frame 1403636752.5135555
Dropping frame 1403636752.7135556
Dropping frame 1403636752.8135555
Dropping frame 1403636753.0135555
Dropping frame 1403636753.2135556
Dropping frame 1403636753.3135555
Dropping frame 1403636753.4135554
Dropping frame 1403636753.6135554
Dropping frame 1403636753.7135556
Dropping frame 1403636753.8135555
Dropping frame 1403636754.0135555
Dropping frame 1403636754.1135554
Dropping frame 1403636754.3635557
Dropping frame 1403636754.5635555
Dropping frame 1403636754.7635555
Dropping frame 1403636754.9635556
Dropping frame 1403636755.0635555
Dropping frame 1403636755.2635555
Dropping frame 1403636755.3635557
Dropping frame 1403636755.5635555
Dropping frame 1403636755.6635556
Dropping frame 1403636756.0635555
Dropping frame 1403636756.1635556
Dropping frame 1403636756.2635555
Dropping frame 1403636756.3635557
Dropping frame 1403636756.5635555
Dropping frame 1403636756.7635555
Dropping frame 1403636756.9635556
Dropping frame 1403636757.1635556
Dropping frame 1403636757.3635557
Dropping frame 1403636757.5635555
Dropping frame 1403636757.6635556
Dropping frame 1403636757.7635555
Dropping frame 1403636757.9635556
Dropping frame 1403636758.0635555
Dropping frame 1403636758.1635556
Dropping frame 1403636758.3635557
Dropping frame 1403636758.5635555
Dropping frame 1403636758.6635556
Dropping frame 1403636758.7635555
Dropping frame 1403636758.9635556
Dropping frame 1403636759.1635556
Dropping frame 1403636759.2635555
Dropping frame 1403636759.3635557
Dropping frame 1403636759.4635556
Dropping frame 1403636759.5635555
Dropping frame 1403636759.6635556
Dropping frame 1403636759.8635557
Dropping frame 1403636760.0635555
Dropping frame 1403636760.2635555
Dropping frame 1403636760.3635557
Dropping frame 1403636760.4635556
Dropping frame 1403636760.6635556
Dropping frame 1403636760.8635557
Dropping frame 1403636761.0635555
Dropping frame 1403636761.1635556
Dropping frame 1403636761.5635555
Dropping frame 1403636761.6635556
Dropping frame 1403636761.7635555
Dropping frame 1403636761.8635557
Dropping frame 1403636762.7135556
Dropping frame 1403636762.9135554
Dropping frame 1403636763.0635555
Dropping frame 1403636763.2635555
Dropping frame 1403636763.4635556
Dropping frame 1403636763.5635555
Dropping frame 1403636763.6635556
Dropping frame 1403636763.7635555
Shutdown
SLAM Finished at System Time: 1732014225.45123

 TIME STATS in ms (mean$\pm$std)
OpenCV version: 4.8.1
---------------------------
Tracking

ORB Extraction: 21.136$\pm$1.9423
Stereo Matching: 7.2155$\pm$1.9272
IMU Preintegration: 0.25772$\pm$0.10062
Pose Prediction: 0.21337$\pm$0.60215
LM Track: 20.639$\pm$5.9419
New KF decision: 1.1182$\pm$2.1137
Total Tracking: 32.571$\pm$28.19



Local Mapping

KF Insertion: 19.461$\pm$7.6286
MP Culling: 0.53713$\pm$0.2146
MP Creation: 53.327$\pm$16.584
LBA: 167.64$\pm$55.567
KF Culling: 18.265$\pm$11.573
Total Local Mapping: 259.18$\pm$80.645
---------------------------

LBA complexity (mean$\pm$std)
LBA Edges: 2099.8$\pm$816.3
LBA KF optimized: 6.5$\pm$2.2913
LBA KF fixed: 1$\pm$0
LBA MP: nan$\pm$nan

LBA executions: 516
LBA aborts: 0
---------------------------

Map complexity
KFs in map: 129
MPs in map: 9499
---------------------------

Place Recognition (mean$\pm$std)
Database Query: 1.6556$\pm$0.96658
SE3 estimation: 13.969$\pm$18.088
Total Place Recognition: 14.139$\pm$18.387


Loop Closing (mean$\pm$std)
Loop Fusion: nan$\pm$nan
Essential Graph: nan$\pm$nan
Total Loop Closing: nan$\pm$nan

Num exec: 0
Number of KFs: nan$\pm$nan

Map Merging (mean$\pm$std)
Merge Maps: nan$\pm$nan
Welding BA: nan$\pm$nan
Optimization Ess.: nan$\pm$nan
Total Map Merging: nan$\pm$nan

Num exec: 0
Number of KFs: nan$\pm$nan
Number of MPs: nan$\pm$nan

Full GBA (mean$\pm$std)
GBA: nan$\pm$nan
Map Update: nan$\pm$nan
Total Full GBA: nan$\pm$nan

Num exec: 0
Num abort: 0
Number of KFs: nan$\pm$nan
Number of MPs: nan$\pm$nan

Saving trajectory to f_dataset-MH01_stereo_imu.txt ...
There are 1 maps in the atlas
  Map 0 has 129 KFs

End of saving trajectory to f_dataset-MH01_stereo_imu.txt ...

Saving keyframe trajectory to kf_dataset-MH01_stereo_imu.txt ...
