num_seq = 1
file name: dataset-MH01_stereo_imu
Loading images for sequence 0...LOADED!
Loading IMU for sequence 0...LOADED!

-------

ORB-SLAM3 Copyright (C) 2017-2020 Carlos Campos, Richard Elvira, Juan J. Gómez, José M.M. Montiel and Juan D. Tardós, University of Zaragoza.
ORB-SLAM2 Copyright (C) 2014-2016 Raúl Mur-Artal, José M.M. Montiel and Juan D. Tardós, University of Zaragoza.
This program comes with ABSOLUTELY NO WARRANTY;
This is free software, and you are welcome to redistribute it
under certain conditions. See LICENSE.txt.

Built with REGISTER_TIMES
Git Commit Hash: 90f15d8

Input sensor was set to: Stereo-Inertial
Loading settings from ./Examples/Stereo-Inertial/EuRoC_fov_deadlines_mask_9x9.yaml
	-Loaded camera 1
	-Loaded camera 2
	-Loaded image info
	-Loaded IMU calibration
	-Loaded ORB settings
	-Loaded viewer settings
	-Loaded Atlas settings
Deadlines enabled, will skip frames!
FOV enabled
Static mask size: 9x9
Dumping map points enabled
	-Loaded misc parameters
	-Computed rectification maps
----------------------------------
SLAM settings: 
	-Camera 1 parameters (Pinhole): [ 458.65399169921875 457.29598999023438 367.21499633789062 248.375 ]
	-Camera 1 distortion parameters: [  -0.28340810537338257 0.073959067463874817 0.00019359000725671649 1.7618711353861727e-05 ]
	-Camera 2 parameters (Pinhole: [ 457.58700561523438 456.13400268554688 379.99899291992188 255.23800659179688 ]
	-Camera 1 distortion parameters: [  -0.2836836576461792 0.074512839317321777 -0.00010473000293131918 -3.555907096597366e-05 ]
	-Original image size: [ 752 , 480 ]
	-Current image size: [ 752 , 480 ]
	-Camera 1 parameters after rectification: [  456.71499633789062 456.71499633789062 364.52615356445312 257.268798828125 ]
	-Sequence FPS: 20
	-Stereo baseline: 0.11007784307003021
	-Stereo depth threshold : 60
	-Gyro noise: 0.00016999999934341758
	-Accelerometer noise: 0.0020000000949949026
	-Gyro walk: 1.9392999092815444e-05
	-Accelerometer walk: 0.0030000000260770321
	-IMU frequency: 200
	-Features per image: 1200
	-ORB scale factor: 1.2000000476837158
	-ORB number of scales: 8
	-Initial FAST threshold: 20
	-Min FAST threshold: 7


Loading ORB Vocabulary. This could take a while...
Vocabulary loaded!

Initialization of Atlas from scratch 
Creation of new map with id: 0
Creation of new map with last KF id: 0
Seq. Name: 
There are 1 cameras in the atlas
Camera 0 is pinhole
SLAM Started at System Time: 1732011394.57046
not IMU meas
not IMU meas
not enough acceleration
not enough acceleration
First KF:0; Map init KF:0
New Map created with 539 points
Active map: 0
Dropping frame 1403636580.0135555
Dropping frame 1403636580.2135556
Dropping frame 1403636580.5135555
Dropping frame 1403636581.1635556
Dropping frame 1403636581.4635556
Dropping frame 1403636581.8135555
Dropping frame 1403636581.9135554
Dropping frame 1403636582.0135555
Dropping frame 1403636582.2135556
Dropping frame 1403636582.3135555
Dropping frame 1403636582.5135555
Dropping frame 1403636582.7635555
Dropping frame 1403636583.1635556
Dropping frame 1403636583.5635555
Dropping frame 1403636583.7135556
Dropping frame 1403636584.2135556
Dropping frame 1403636584.3135555
Dropping frame 1403636584.5135555
Dropping frame 1403636584.8135555
Dropping frame 1403636584.9135554
Dropping frame 1403636585.1135554
Dropping frame 1403636585.2635555
Dropping frame 1403636585.4635556
Dropping frame 1403636585.5635555
start VIBA 1
Dropping frame 1403636585.7635555
end VIBA 1
Dropping frame 1403636585.8635557
Dropping frame 1403636586.5635555
Dropping frame 1403636586.6635556
Dropping frame 1403636586.9135554
Dropping frame 1403636587.0135555
Dropping frame 1403636587.3635557
Dropping frame 1403636587.5635555
Dropping frame 1403636587.6635556
Dropping frame 1403636587.9135554
Dropping frame 1403636588.0135555
Dropping frame 1403636588.2135556
Dropping frame 1403636588.3135555
Dropping frame 1403636588.4135554
Dropping frame 1403636588.6135554
Dropping frame 1403636588.8635557
Dropping frame 1403636589.1135554
Dropping frame 1403636589.3635557
Dropping frame 1403636589.8135555
Dropping frame 1403636590.3135555
Dropping frame 1403636590.5135555
Dropping frame 1403636590.8635557
Dropping frame 1403636590.9635556
Dropping frame 1403636591.1635556
Dropping frame 1403636591.4135554
Dropping frame 1403636591.5135555
Dropping frame 1403636591.7635555
Dropping frame 1403636591.9635556
Dropping frame 1403636592.1135554
Dropping frame 1403636592.5135555
Dropping frame 1403636592.6135554
Dropping frame 1403636592.8635557
Dropping frame 1403636593.0635555
Dropping frame 1403636593.2635555
Dropping frame 1403636593.4135554
Dropping frame 1403636593.7635555
Dropping frame 1403636593.9635556
Dropping frame 1403636594.1635556
Dropping frame 1403636594.3635557
Dropping frame 1403636594.5635555
Dropping frame 1403636594.7635555
start VIBA 2
end VIBA 2
Dropping frame 1403636595.8635557
Dropping frame 1403636595.9635556
Dropping frame 1403636596.2135556
Dropping frame 1403636596.4635556
Dropping frame 1403636596.7135556
Dropping frame 1403636596.9135554
Dropping frame 1403636597.0135555
Dropping frame 1403636597.2635555
Dropping frame 1403636597.4135554
Dropping frame 1403636597.6635556
Dropping frame 1403636597.8635557
Dropping frame 1403636597.9635556
Dropping frame 1403636598.2635555
Dropping frame 1403636598.3635557
Dropping frame 1403636598.6135554
Dropping frame 1403636598.8635557
Dropping frame 1403636598.9635556
Dropping frame 1403636599.4135554
Dropping frame 1403636599.6135554
Dropping frame 1403636599.7635555
Dropping frame 1403636600.0135555
Dropping frame 1403636600.3135555
Dropping frame 1403636600.6135554
Dropping frame 1403636601.2635555
Dropping frame 1403636601.5635555
Dropping frame 1403636601.8635557
Dropping frame 1403636601.9635556
Dropping frame 1403636602.2135556
Dropping frame 1403636602.3135555
Dropping frame 1403636602.5635555
Dropping frame 1403636602.6635556
Dropping frame 1403636604.0635555
Dropping frame 1403636604.5635555
Dropping frame 1403636604.9135554
Dropping frame 1403636605.0135555
Dropping frame 1403636605.3635557
Dropping frame 1403636605.7635555
Dropping frame 1403636605.8635557
Dropping frame 1403636606.0135555
Dropping frame 1403636606.4135554
Dropping frame 1403636606.8135555
Dropping frame 1403636607.2135556
Dropping frame 1403636607.4635556
Dropping frame 1403636607.8135555
Dropping frame 1403636609.3635557
Dropping frame 1403636610.3635557
Dropping frame 1403636610.9635556
Dropping frame 1403636611.4135554
Dropping frame 1403636611.6135554
Dropping frame 1403636612.2135556
Dropping frame 1403636612.7135556
Dropping frame 1403636612.9135554
Dropping frame 1403636613.1135554
Dropping frame 1403636613.5135555
Dropping frame 1403636613.6635556
Dropping frame 1403636613.8635557
Dropping frame 1403636614.1135554
Dropping frame 1403636614.9635556
Dropping frame 1403636615.5135555
Dropping frame 1403636615.8635557
Dropping frame 1403636616.2135556
Dropping frame 1403636616.4135554
Dropping frame 1403636616.7135556
Dropping frame 1403636617.3635557
Dropping frame 1403636617.6135554
Dropping frame 1403636617.8135555
Dropping frame 1403636618.7635555
Dropping frame 1403636619.3135555
Dropping frame 1403636619.6135554
Dropping frame 1403636619.7135556
Dropping frame 1403636620.1635556
Dropping frame 1403636620.3135555
Dropping frame 1403636620.9135554
Dropping frame 1403636621.9135554
Dropping frame 1403636622.5635555
Dropping frame 1403636623.6635556
Dropping frame 1403636624.2635555
Dropping frame 1403636624.6635556
Dropping frame 1403636625.5135555
Dropping frame 1403636625.8635557
Dropping frame 1403636626.8135555
Dropping frame 1403636627.4635556
Dropping frame 1403636627.8635557
Dropping frame 1403636628.6635556
Dropping frame 1403636628.9635556
Dropping frame 1403636629.3135555
Dropping frame 1403636629.7635555
Dropping frame 1403636631.1135554
Dropping frame 1403636633.1635556
Dropping frame 1403636633.7635555
Dropping frame 1403636633.8635557
Dropping frame 1403636634.3635557
Dropping frame 1403636634.5135555
Dropping frame 1403636635.2135556
Dropping frame 1403636635.9135554
Dropping frame 1403636636.5135555
Dropping frame 1403636637.0635555
Dropping frame 1403636637.7635555
Dropping frame 1403636638.3135555
Dropping frame 1403636639.7135556
Dropping frame 1403636640.8635557
Dropping frame 1403636641.1635556
Dropping frame 1403636641.3635557
Dropping frame 1403636641.6635556
Dropping frame 1403636641.9635556
Dropping frame 1403636642.3635557
Dropping frame 1403636642.5635555
Dropping frame 1403636642.6635556
Dropping frame 1403636642.8635557
Dropping frame 1403636643.0635555
Dropping frame 1403636643.2635555
Dropping frame 1403636643.3635557
Dropping frame 1403636643.8135555
Dropping frame 1403636643.9635556
Dropping frame 1403636644.0635555
Dropping frame 1403636644.2135556
Dropping frame 1403636644.4635556
Dropping frame 1403636644.7635555
Dropping frame 1403636644.9135554
Dropping frame 1403636645.0635555
Dropping frame 1403636645.1635556
Dropping frame 1403636645.2635555
Dropping frame 1403636645.3635557
Dropping frame 1403636645.6135554
Dropping frame 1403636645.7135556
Dropping frame 1403636645.8635557
Dropping frame 1403636645.9635556
Dropping frame 1403636646.1635556
Dropping frame 1403636646.3635557
Dropping frame 1403636646.4635556
Dropping frame 1403636646.7135556
Dropping frame 1403636646.8135555
Dropping frame 1403636646.9135554
Dropping frame 1403636647.3635557
Dropping frame 1403636647.9135554
Dropping frame 1403636648.3135555
Dropping frame 1403636648.4135554
Dropping frame 1403636648.6135554
Dropping frame 1403636648.8135555
Dropping frame 1403636649.0635555
Dropping frame 1403636649.1635556
Dropping frame 1403636649.3135555
Dropping frame 1403636649.5135555
Dropping frame 1403636649.6135554
Dropping frame 1403636649.7135556
Dropping frame 1403636649.8135555
Dropping frame 1403636649.9135554
Dropping frame 1403636650.0135555
Dropping frame 1403636650.1135554
Dropping frame 1403636650.2135556
Dropping frame 1403636650.3135555
Dropping frame 1403636650.5135555
Dropping frame 1403636650.6135554
Dropping frame 1403636650.7135556
Dropping frame 1403636650.8135555
Dropping frame 1403636650.9135554
Dropping frame 1403636651.0135555
Dropping frame 1403636651.1635556
Dropping frame 1403636651.3135555
Dropping frame 1403636651.4135554
Dropping frame 1403636651.6135554
Dropping frame 1403636651.7135556
Dropping frame 1403636652.0135555
Dropping frame 1403636652.1635556
Dropping frame 1403636652.4135554
Dropping frame 1403636652.5135555
Dropping frame 1403636652.6135554
Dropping frame 1403636652.7135556
Dropping frame 1403636652.8135555
Dropping frame 1403636652.9135554
Dropping frame 1403636653.0135555
Dropping frame 1403636653.1135554
Dropping frame 1403636653.3135555
Dropping frame 1403636653.5135555
Dropping frame 1403636653.7135556
Dropping frame 1403636653.8135555
Dropping frame 1403636653.9135554
Dropping frame 1403636654.1635556
Dropping frame 1403636654.5135555
Dropping frame 1403636654.7635555
Dropping frame 1403636654.9135554
Dropping frame 1403636655.0135555
Dropping frame 1403636655.3635557
Dropping frame 1403636655.5135555
Dropping frame 1403636655.7135556
Dropping frame 1403636655.8135555
Dropping frame 1403636656.1135554
Dropping frame 1403636656.2635555
Dropping frame 1403636656.3635557
Dropping frame 1403636656.5635555
Dropping frame 1403636656.7635555
Dropping frame 1403636656.9635556
Dropping frame 1403636657.2635555
Dropping frame 1403636657.5635555
Dropping frame 1403636657.6635556
Dropping frame 1403636657.7635555
Dropping frame 1403636657.8635557
Dropping frame 1403636658.1135554
Dropping frame 1403636658.4135554
Dropping frame 1403636658.5135555
Dropping frame 1403636658.8135555
Dropping frame 1403636659.3135555
Dropping frame 1403636659.4135554
Dropping frame 1403636659.5135555
Dropping frame 1403636659.6635556
Dropping frame 1403636660.1135554
Dropping frame 1403636660.2135556
Dropping frame 1403636660.3135555
Dropping frame 1403636660.4635556
Dropping frame 1403636660.8635557
Dropping frame 1403636660.9635556
Dropping frame 1403636661.6635556
Dropping frame 1403636661.9135554
Dropping frame 1403636662.1635556
Dropping frame 1403636662.3635557
Dropping frame 1403636662.5135555
Dropping frame 1403636662.8635557
Dropping frame 1403636662.9635556
Dropping frame 1403636663.1135554
Dropping frame 1403636663.3135555
Dropping frame 1403636663.5135555
Dropping frame 1403636663.6135554
Dropping frame 1403636663.7135556
Dropping frame 1403636663.8135555
Dropping frame 1403636663.9135554
Dropping frame 1403636664.3635557
Dropping frame 1403636664.4635556
Dropping frame 1403636664.6135554
Dropping frame 1403636664.7135556
Dropping frame 1403636664.9635556
Dropping frame 1403636665.3135555
Dropping frame 1403636665.4135554
Dropping frame 1403636665.6635556
Dropping frame 1403636665.7635555
Dropping frame 1403636665.9635556
Dropping frame 1403636666.0635555
Dropping frame 1403636666.1635556
Dropping frame 1403636666.3635557
Dropping frame 1403636666.5635555
Dropping frame 1403636666.6635556
Dropping frame 1403636666.7635555
Dropping frame 1403636666.9635556
Dropping frame 1403636667.0635555
Dropping frame 1403636667.1635556
Dropping frame 1403636667.3635557
Dropping frame 1403636667.5135555
Dropping frame 1403636667.7135556
Dropping frame 1403636667.9135554
Dropping frame 1403636668.0635555
Dropping frame 1403636668.2135556
Dropping frame 1403636668.3635557
Dropping frame 1403636668.4635556
Dropping frame 1403636668.6635556
Dropping frame 1403636668.7635555
Dropping frame 1403636669.1635556
Dropping frame 1403636669.3635557
Dropping frame 1403636669.4635556
Dropping frame 1403636669.7635555
Dropping frame 1403636669.8635557
Dropping frame 1403636669.9635556
Dropping frame 1403636670.3135555
Dropping frame 1403636670.5135555
Dropping frame 1403636670.6135554
Dropping frame 1403636670.8135555
Dropping frame 1403636671.0135555
Dropping frame 1403636671.2135556
Dropping frame 1403636671.4135554
Dropping frame 1403636671.5135555
Dropping frame 1403636671.6135554
Dropping frame 1403636671.7135556
Dropping frame 1403636672.0635555
Dropping frame 1403636672.1635556
Dropping frame 1403636672.3635557
Dropping frame 1403636672.5635555
Dropping frame 1403636672.6635556
Dropping frame 1403636672.9135554
Dropping frame 1403636673.0635555
Dropping frame 1403636673.8635557
Dropping frame 1403636674.0635555
Dropping frame 1403636674.6135554
Dropping frame 1403636674.7135556
Dropping frame 1403636674.8135555
Dropping frame 1403636675.0635555
Dropping frame 1403636675.1635556
Dropping frame 1403636675.4635556
Dropping frame 1403636675.5635555
Dropping frame 1403636675.7635555
Dropping frame 1403636675.8635557
Dropping frame 1403636676.1135554
Dropping frame 1403636676.3135555
Dropping frame 1403636676.4135554
Dropping frame 1403636676.5135555
Dropping frame 1403636676.7135556
Dropping frame 1403636676.8135555
Dropping frame 1403636676.9135554
Dropping frame 1403636677.1135554
Dropping frame 1403636677.2135556
Dropping frame 1403636677.3135555
Dropping frame 1403636677.5635555
Dropping frame 1403636677.7635555
Dropping frame 1403636677.8635557
Dropping frame 1403636678.0635555
Dropping frame 1403636678.1635556
Dropping frame 1403636678.2635555
Dropping frame 1403636678.4635556
Dropping frame 1403636678.6635556
Dropping frame 1403636678.8635557
Dropping frame 1403636679.0635555
Dropping frame 1403636679.2635555
Dropping frame 1403636679.4635556
Dropping frame 1403636679.6635556
Dropping frame 1403636679.8635557
Dropping frame 1403636680.0635555
Dropping frame 1403636680.1635556
Dropping frame 1403636680.4135554
Dropping frame 1403636680.6135554
Dropping frame 1403636680.8135555
Dropping frame 1403636681.0135555
Dropping frame 1403636681.2135556
Dropping frame 1403636681.4135554
Dropping frame 1403636681.5135555
Dropping frame 1403636681.7135556
Dropping frame 1403636681.8135555
Dropping frame 1403636682.0135555
Dropping frame 1403636682.2135556
Dropping frame 1403636682.3135555
Dropping frame 1403636682.4135554
Dropping frame 1403636682.6135554
Dropping frame 1403636682.8135555
Dropping frame 1403636682.9135554
Dropping frame 1403636683.0135555
Dropping frame 1403636683.1635556
Dropping frame 1403636683.3635557
Dropping frame 1403636683.4635556
Dropping frame 1403636683.7635555
Dropping frame 1403636684.0135555
Dropping frame 1403636684.2135556
Dropping frame 1403636684.7135556
Dropping frame 1403636684.9135554
Dropping frame 1403636685.1135554
Dropping frame 1403636685.3135555
Dropping frame 1403636685.6135554
Dropping frame 1403636685.7135556
Dropping frame 1403636685.9635556
Dropping frame 1403636686.1135554
Dropping frame 1403636686.3135555
Dropping frame 1403636686.5135555
Dropping frame 1403636686.7135556
Dropping frame 1403636686.8135555
Dropping frame 1403636687.1135554
Dropping frame 1403636687.2135556
Dropping frame 1403636687.3135555
Dropping frame 1403636687.6635556
Dropping frame 1403636688.0135555
Dropping frame 1403636688.4135554
Dropping frame 1403636688.5635555
Dropping frame 1403636689.1135554
Dropping frame 1403636689.2135556
Dropping frame 1403636689.6135554
Dropping frame 1403636690.0135555
Dropping frame 1403636690.4135554
Dropping frame 1403636690.7135556
Dropping frame 1403636691.0135555
Dropping frame 1403636691.4135554
Dropping frame 1403636691.8135555
Dropping frame 1403636692.2635555
Dropping frame 1403636692.6635556
Dropping frame 1403636692.7635555
Dropping frame 1403636693.0135555
Dropping frame 1403636693.1135554
Dropping frame 1403636693.4635556
Dropping frame 1403636693.6635556
Dropping frame 1403636694.3135555
Dropping frame 1403636694.6635556
Dropping frame 1403636695.0135555
Dropping frame 1403636695.1135554
Dropping frame 1403636695.4135554
Dropping frame 1403636695.7135556
Dropping frame 1403636696.0635555
Dropping frame 1403636696.2635555
Dropping frame 1403636696.3635557
Dropping frame 1403636696.5635555
Dropping frame 1403636696.7135556
Dropping frame 1403636696.9135554
Dropping frame 1403636697.3135555
Dropping frame 1403636697.5635555
Dropping frame 1403636698.1635556
Dropping frame 1403636698.2635555
Dropping frame 1403636698.5635555
Dropping frame 1403636698.9135554
Dropping frame 1403636699.2635555
Dropping frame 1403636699.4635556
Dropping frame 1403636699.5635555
Dropping frame 1403636699.7135556
Dropping frame 1403636700.0135555
Dropping frame 1403636700.2635555
Dropping frame 1403636700.4635556
Dropping frame 1403636700.5635555
Dropping frame 1403636700.8135555
Dropping frame 1403636700.9135554
Dropping frame 1403636701.1635556
Dropping frame 1403636701.3635557
Dropping frame 1403636701.5635555
Dropping frame 1403636701.9135554
Dropping frame 1403636702.0135555
Dropping frame 1403636702.5135555
Dropping frame 1403636703.1635556
Dropping frame 1403636704.2635555
Dropping frame 1403636705.0135555
Dropping frame 1403636705.5635555
Dropping frame 1403636705.7635555
Dropping frame 1403636705.9635556
Dropping frame 1403636706.2635555
Dropping frame 1403636706.4635556
Dropping frame 1403636706.6635556
Dropping frame 1403636706.7635555
Dropping frame 1403636706.8635557
Dropping frame 1403636707.2635555
Dropping frame 1403636707.4135554
Dropping frame 1403636707.6135554
Dropping frame 1403636707.7135556
Dropping frame 1403636707.9635556
Dropping frame 1403636708.0635555
Dropping frame 1403636708.2635555
Dropping frame 1403636708.3635557
Dropping frame 1403636708.5635555
Dropping frame 1403636708.8135555
Dropping frame 1403636709.0135555
Dropping frame 1403636709.1135554
Dropping frame 1403636709.2135556
Dropping frame 1403636709.4135554
Dropping frame 1403636709.6135554
Dropping frame 1403636709.7135556
Dropping frame 1403636709.8135555
Dropping frame 1403636709.9635556
Dropping frame 1403636710.2635555
Dropping frame 1403636710.3635557
Dropping frame 1403636710.6135554
Dropping frame 1403636710.8135555
Dropping frame 1403636710.9135554
Dropping frame 1403636711.0135555
Dropping frame 1403636711.1635556
Dropping frame 1403636711.3635557
Dropping frame 1403636711.5635555
Dropping frame 1403636711.7635555
Dropping frame 1403636711.8635557
Dropping frame 1403636712.0135555
Dropping frame 1403636712.1635556
Dropping frame 1403636712.3635557
Dropping frame 1403636712.6635556
Dropping frame 1403636712.8635557
Dropping frame 1403636712.9635556
Dropping frame 1403636713.0635555
Dropping frame 1403636713.2635555
Dropping frame 1403636713.4135554
Dropping frame 1403636713.6135554
Dropping frame 1403636713.7135556
Dropping frame 1403636713.8135555
Dropping frame 1403636714.4135554
Dropping frame 1403636714.8135555
Dropping frame 1403636715.2135556
Dropping frame 1403636715.6635556
Dropping frame 1403636715.7635555
Dropping frame 1403636716.1635556
Dropping frame 1403636716.2635555
Dropping frame 1403636716.3635557
Dropping frame 1403636716.4635556
Dropping frame 1403636716.6635556
Dropping frame 1403636716.7635555
Dropping frame 1403636716.9635556
Dropping frame 1403636717.0635555
Dropping frame 1403636717.1635556
Dropping frame 1403636717.2635555
Dropping frame 1403636717.4135554
Dropping frame 1403636717.5635555
Dropping frame 1403636717.6635556
Dropping frame 1403636717.8635557
Dropping frame 1403636718.2135556
Dropping frame 1403636718.3135555
Dropping frame 1403636718.4135554
Dropping frame 1403636718.6135554
Dropping frame 1403636718.7135556
Dropping frame 1403636718.8135555
Dropping frame 1403636718.9135554
Dropping frame 1403636719.0135555
Dropping frame 1403636719.1135554
Dropping frame 1403636719.2135556
Dropping frame 1403636719.3135555
Dropping frame 1403636719.4135554
Dropping frame 1403636719.6635556
Dropping frame 1403636719.8635557
Dropping frame 1403636720.0635555
Dropping frame 1403636720.1635556
Dropping frame 1403636720.2635555
Dropping frame 1403636720.3635557
Dropping frame 1403636720.5635555
Dropping frame 1403636720.7635555
Dropping frame 1403636720.8635557
Dropping frame 1403636720.9635556
Dropping frame 1403636721.0635555
Dropping frame 1403636721.1635556
Dropping frame 1403636721.5635555
Dropping frame 1403636721.8135555
Dropping frame 1403636722.0135555
Dropping frame 1403636722.1135554
Dropping frame 1403636722.2135556
Dropping frame 1403636722.3135555
Dropping frame 1403636722.5135555
Dropping frame 1403636722.6135554
Dropping frame 1403636722.7135556
Dropping frame 1403636722.9135554
Dropping frame 1403636723.1135554
Dropping frame 1403636723.3135555
Dropping frame 1403636723.4135554
Dropping frame 1403636723.5135555
Dropping frame 1403636723.7135556
Dropping frame 1403636723.9135554
Dropping frame 1403636724.1135554
Dropping frame 1403636724.2135556
Dropping frame 1403636724.3135555
Dropping frame 1403636724.5135555
Dropping frame 1403636724.7135556
Dropping frame 1403636724.9135554
Dropping frame 1403636725.0135555
Dropping frame 1403636725.1135554
Dropping frame 1403636725.2135556
Dropping frame 1403636725.4135554
Dropping frame 1403636725.5135555
Dropping frame 1403636725.6135554
Dropping frame 1403636725.8135555
Dropping frame 1403636726.0135555
Dropping frame 1403636726.1135554
Dropping frame 1403636726.2135556
Dropping frame 1403636726.4135554
Dropping frame 1403636726.6135554
Dropping frame 1403636726.8135555
Dropping frame 1403636726.9135554
Dropping frame 1403636727.0135555
Dropping frame 1403636727.2135556
Dropping frame 1403636727.3135555
Dropping frame 1403636727.4135554
Dropping frame 1403636727.6135554
Dropping frame 1403636727.7135556
Dropping frame 1403636727.8135555
Dropping frame 1403636728.0135555
Dropping frame 1403636728.1135554
Dropping frame 1403636728.2135556
Dropping frame 1403636728.4135554
Dropping frame 1403636728.5135555
Dropping frame 1403636728.6135554
Dropping frame 1403636728.8135555
Dropping frame 1403636728.9135554
Dropping frame 1403636729.0135555
Dropping frame 1403636729.2135556
Dropping frame 1403636729.3635557
Dropping frame 1403636729.5635555
Dropping frame 1403636729.6635556
Dropping frame 1403636729.7635555
Dropping frame 1403636729.9635556
Dropping frame 1403636730.0635555
Dropping frame 1403636730.3135555
Dropping frame 1403636730.5135555
Dropping frame 1403636730.6135554
Dropping frame 1403636730.9635556
Dropping frame 1403636731.0635555
Dropping frame 1403636731.2635555
Dropping frame 1403636731.3635557
Dropping frame 1403636731.4635556
Dropping frame 1403636731.6635556
Dropping frame 1403636731.8135555
Dropping frame 1403636732.0135555
Dropping frame 1403636732.1135554
Dropping frame 1403636732.2135556
Dropping frame 1403636732.4135554
Dropping frame 1403636732.5135555
Dropping frame 1403636732.6135554
Dropping frame 1403636732.8135555
Dropping frame 1403636733.0135555
Dropping frame 1403636733.1135554
Dropping frame 1403636733.3635557
Dropping frame 1403636733.5635555
Dropping frame 1403636733.6635556
Dropping frame 1403636733.9135554
Dropping frame 1403636734.0135555
Dropping frame 1403636734.1135554
Dropping frame 1403636734.3135555
Dropping frame 1403636734.5135555
Dropping frame 1403636734.7135556
Dropping frame 1403636734.8135555
Dropping frame 1403636734.9135554
Dropping frame 1403636735.1135554
Dropping frame 1403636735.2135556
Dropping frame 1403636735.3135555
Dropping frame 1403636735.5135555
Dropping frame 1403636735.7135556
Dropping frame 1403636735.9135554
Dropping frame 1403636736.0135555
Dropping frame 1403636736.2135556
Dropping frame 1403636736.3135555
Dropping frame 1403636736.4135554
Dropping frame 1403636736.6135554
Dropping frame 1403636736.8135555
Dropping frame 1403636736.9135554
Dropping frame 1403636737.0135555
Dropping frame 1403636737.1635556
Dropping frame 1403636737.3635557
Dropping frame 1403636737.4635556
Dropping frame 1403636737.5635555
Dropping frame 1403636737.8135555
Dropping frame 1403636737.9135554
Dropping frame 1403636738.0135555
Dropping frame 1403636738.2135556
Dropping frame 1403636738.3135555
Dropping frame 1403636738.4135554
Dropping frame 1403636738.5135555
Dropping frame 1403636738.6135554
Dropping frame 1403636738.7135556
Dropping frame 1403636738.8135555
Dropping frame 1403636738.9135554
Dropping frame 1403636739.1635556
Dropping frame 1403636739.2635555
Dropping frame 1403636739.3635557
Dropping frame 1403636739.5635555
Dropping frame 1403636739.6635556
Dropping frame 1403636739.7635555
Dropping frame 1403636739.9635556
Dropping frame 1403636740.0635555
Dropping frame 1403636740.3135555
Dropping frame 1403636740.4135554
Dropping frame 1403636740.5135555
Dropping frame 1403636740.6135554
Dropping frame 1403636740.7135556
Dropping frame 1403636740.9135554
Dropping frame 1403636741.1135554
Dropping frame 1403636741.2135556
Dropping frame 1403636741.3135555
Dropping frame 1403636741.4135554
Dropping frame 1403636741.6135554
Dropping frame 1403636741.7135556
Dropping frame 1403636741.9135554
Dropping frame 1403636742.0135555
Dropping frame 1403636742.2635555
Dropping frame 1403636742.3635557
Dropping frame 1403636742.4635556
Dropping frame 1403636742.6635556
Dropping frame 1403636742.9635556
Dropping frame 1403636743.1635556
Dropping frame 1403636743.3135555
Dropping frame 1403636743.4135554
Dropping frame 1403636743.5135555
Dropping frame 1403636743.7135556
Dropping frame 1403636743.9135554
Dropping frame 1403636744.1135554
Dropping frame 1403636744.2135556
Dropping frame 1403636744.3135555
Dropping frame 1403636744.6635556
Dropping frame 1403636744.7635555
Dropping frame 1403636744.8635557
Dropping frame 1403636745.0635555
Dropping frame 1403636745.2635555
Dropping frame 1403636745.3635557
Dropping frame 1403636745.5135555
Dropping frame 1403636745.7135556
Dropping frame 1403636745.9635556
Dropping frame 1403636746.1635556
Dropping frame 1403636746.2635555
Dropping frame 1403636746.3635557
Dropping frame 1403636746.4635556
Dropping frame 1403636747.1135554
Dropping frame 1403636747.2135556
Dropping frame 1403636747.4635556
Dropping frame 1403636747.5635555
Dropping frame 1403636747.7635555
Dropping frame 1403636747.9135554
Dropping frame 1403636748.0135555
Dropping frame 1403636748.1135554
Dropping frame 1403636748.2135556
Dropping frame 1403636748.4635556
Dropping frame 1403636748.5635555
Dropping frame 1403636748.7135556
Dropping frame 1403636748.8135555
Dropping frame 1403636748.9635556
Dropping frame 1403636749.1635556
Dropping frame 1403636749.2635555
Dropping frame 1403636749.3635557
Dropping frame 1403636749.6635556
Dropping frame 1403636750.0635555
Dropping frame 1403636750.1635556
Dropping frame 1403636750.6135554
Dropping frame 1403636750.7135556
Dropping frame 1403636750.8135555
Dropping frame 1403636751.0135555
Dropping frame 1403636751.1135554
Dropping frame 1403636751.3135555
Dropping frame 1403636751.4135554
Dropping frame 1403636751.5635555
Dropping frame 1403636751.7135556
Dropping frame 1403636751.8135555
Dropping frame 1403636752.0635555
Dropping frame 1403636752.1635556
Dropping frame 1403636752.3135555
Dropping frame 1403636752.4135554
Dropping frame 1403636752.5135555
Dropping frame 1403636752.6135554
Dropping frame 1403636752.8135555
Dropping frame 1403636753.0135555
Dropping frame 1403636753.1135554
Dropping frame 1403636753.2135556
Dropping frame 1403636753.3135555
Dropping frame 1403636753.5135555
Dropping frame 1403636753.7135556
Dropping frame 1403636753.8135555
Dropping frame 1403636753.9135554
Dropping frame 1403636754.0635555
Dropping frame 1403636754.1635556
Dropping frame 1403636754.3635557
Dropping frame 1403636754.4635556
Dropping frame 1403636754.5635555
Dropping frame 1403636754.7635555
Dropping frame 1403636754.8635557
Dropping frame 1403636754.9635556
Dropping frame 1403636755.0635555
Dropping frame 1403636755.1635556
Dropping frame 1403636755.2635555
Dropping frame 1403636755.4635556
Dropping frame 1403636755.5635555
Dropping frame 1403636755.6635556
Dropping frame 1403636755.9135554
Dropping frame 1403636756.0135555
Dropping frame 1403636756.1135554
Dropping frame 1403636756.2135556
Dropping frame 1403636756.3135555
Dropping frame 1403636756.5635555
Dropping frame 1403636756.6635556
Dropping frame 1403636756.7635555
Dropping frame 1403636756.8635557
Dropping frame 1403636756.9635556
Dropping frame 1403636757.0635555
Dropping frame 1403636757.2635555
Dropping frame 1403636757.4635556
Dropping frame 1403636757.8635557
Dropping frame 1403636757.9635556
Dropping frame 1403636758.0635555
Dropping frame 1403636758.1635556
Dropping frame 1403636758.2635555
Dropping frame 1403636758.4635556
Dropping frame 1403636758.5635555
Dropping frame 1403636758.6635556
Dropping frame 1403636758.7635555
Dropping frame 1403636758.8635557
Dropping frame 1403636758.9635556
Dropping frame 1403636759.1635556
Dropping frame 1403636759.2635555
Dropping frame 1403636759.6635556
Dropping frame 1403636759.7635555
Dropping frame 1403636759.8635557
Dropping frame 1403636760.0635555
Dropping frame 1403636760.1635556
Dropping frame 1403636760.3635557
Dropping frame 1403636760.4635556
Dropping frame 1403636760.5635555
Dropping frame 1403636760.7635555
Dropping frame 1403636760.8635557
Dropping frame 1403636760.9635556
Dropping frame 1403636761.0635555
Dropping frame 1403636761.1635556
Dropping frame 1403636761.2635555
Dropping frame 1403636761.5135555
Dropping frame 1403636761.6135554
Dropping frame 1403636761.7135556
Dropping frame 1403636761.8135555
Dropping frame 1403636762.0135555
Dropping frame 1403636762.1135554
Dropping frame 1403636762.2135556
Dropping frame 1403636762.3135555
Dropping frame 1403636762.4635556
Dropping frame 1403636762.5635555
Dropping frame 1403636762.8135555
Dropping frame 1403636763.0135555
Dropping frame 1403636763.2135556
Dropping frame 1403636763.3135555
Dropping frame 1403636763.4135554
Dropping frame 1403636763.5135555
Dropping frame 1403636763.6135554
Fail to track local map!
Fail to track local map!
Fail to track local map!
Dropping frame 1403636763.8135555
Shutdown
SLAM Finished at System Time: 1732011620.02552

 TIME STATS in ms (mean$\pm$std)
OpenCV version: 4.8.1
---------------------------
Tracking

ORB Extraction: 19.207$\pm$1.797
Stereo Matching: 7.1055$\pm$1.8985
IMU Preintegration: 0.25746$\pm$0.10368
Pose Prediction: 0.21126$\pm$0.58427
LM Track: 20.567$\pm$5.9429
New KF decision: 1.0848$\pm$2.0581
Total Tracking: 33.447$\pm$26.758



Local Mapping

KF Insertion: 18.648$\pm$8.0521
MP Culling: 0.5112$\pm$0.20171
MP Creation: 50.87$\pm$17.112
LBA: 167.15$\pm$55.606
KF Culling: 18.319$\pm$11.572
Total Local Mapping: 255.44$\pm$80.942
---------------------------

LBA complexity (mean$\pm$std)
LBA Edges: 1851.1$\pm$713.61
LBA KF optimized: 6.5$\pm$2.2913
LBA KF fixed: 1$\pm$0
LBA MP: nan$\pm$nan

LBA executions: 534
LBA aborts: 0
---------------------------

Map complexity
KFs in map: 138
MPs in map: 10503
---------------------------

Place Recognition (mean$\pm$std)
Database Query: 1.664$\pm$1.0291
SE3 estimation: 14.928$\pm$18.243
Total Place Recognition: 15.133$\pm$18.698


Loop Closing (mean$\pm$std)
Loop Fusion: nan$\pm$nan
Essential Graph: nan$\pm$nan
Total Loop Closing: nan$\pm$nan

Num exec: 0
Number of KFs: nan$\pm$nan

Map Merging (mean$\pm$std)
Merge Maps: nan$\pm$nan
Welding BA: nan$\pm$nan
Optimization Ess.: nan$\pm$nan
Total Map Merging: nan$\pm$nan

Num exec: 0
Number of KFs: nan$\pm$nan
Number of MPs: nan$\pm$nan

Full GBA (mean$\pm$std)
GBA: nan$\pm$nan
Map Update: nan$\pm$nan
Total Full GBA: nan$\pm$nan

Num exec: 0
Num abort: 0
Number of KFs: nan$\pm$nan
Number of MPs: nan$\pm$nan

Saving trajectory to f_dataset-MH01_stereo_imu.txt ...
There are 1 maps in the atlas
  Map 0 has 138 KFs

End of saving trajectory to f_dataset-MH01_stereo_imu.txt ...

Saving keyframe trajectory to kf_dataset-MH01_stereo_imu.txt ...
