num_seq = 1
file name: dataset-MH01_stereo_imu
Loading images for sequence 0...LOADED!
Loading IMU for sequence 0...LOADED!

-------

ORB-SLAM3 Copyright (C) 2017-2020 Carlos Campos, Richard Elvira, Juan J. Gómez, José M.M. Montiel and Juan D. Tardós, University of Zaragoza.
ORB-SLAM2 Copyright (C) 2014-2016 Raúl Mur-Artal, José M.M. Montiel and Juan D. Tardós, University of Zaragoza.
This program comes with ABSOLUTELY NO WARRANTY;
This is free software, and you are welcome to redistribute it
under certain conditions. See LICENSE.txt.

Built with REGISTER_TIMES
Git Commit Hash: 5ee9387

Compiled with C++ version: 201703

Input sensor was set to: Stereo-Inertial
Loading settings from ./Examples/Stereo-Inertial/EuRoC_fov_deadlines_mask_9x9.yaml
	-Loaded camera 1
	-Loaded camera 2
	-Loaded image info
	-Loaded IMU calibration
	-Loaded ORB settings
	-Loaded viewer settings
	-Loaded Atlas settings
Deadlines enabled, will skip frames!
FOV enabled
Static mask size: 9x9
Dumping map points enabled
	-Loaded misc parameters
	-Computed rectification maps
----------------------------------
SLAM settings: 
	-Camera 1 parameters (Pinhole): [ 458.65399169921875 457.29598999023438 367.21499633789062 248.375 ]
	-Camera 1 distortion parameters: [  -0.28340810537338257 0.073959067463874817 0.00019359000725671649 1.7618711353861727e-05 ]
	-Camera 2 parameters (Pinhole: [ 457.58700561523438 456.13400268554688 379.99899291992188 255.23800659179688 ]
	-Camera 1 distortion parameters: [  -0.2836836576461792 0.074512839317321777 -0.00010473000293131918 -3.555907096597366e-05 ]
	-Original image size: [ 752 , 480 ]
	-Current image size: [ 752 , 480 ]
	-Camera 1 parameters after rectification: [  456.71499633789062 456.71499633789062 364.52615356445312 257.268798828125 ]
	-Sequence FPS: 20
	-Stereo baseline: 0.11007784307003021
	-Stereo depth threshold : 60
	-Gyro noise: 0.00016999999934341758
	-Accelerometer noise: 0.0020000000949949026
	-Gyro walk: 1.9392999092815444e-05
	-Accelerometer walk: 0.0030000000260770321
	-IMU frequency: 200
	-Features per image: 1200
	-ORB scale factor: 1.2000000476837158
	-ORB number of scales: 8
	-Initial FAST threshold: 20
	-Min FAST threshold: 7


Loading ORB Vocabulary. This could take a while...
Vocabulary loaded!

Initialization of Atlas from scratch 
Creation of new map with id: 0
Creation of new map with last KF id: 0
Seq. Name: 
There are 1 cameras in the atlas
Camera 0 is pinhole
SLAM Started at System Time: 1734434504.56729
not IMU meas
not IMU meas
not enough acceleration
not enough acceleration
First KF:0; Map init KF:0
New Map created with 539 points
Active map: 0
Dropping frame 1403636580.0135555
Dropping frame 1403636580.2135556
Dropping frame 1403636580.5135555
Dropping frame 1403636580.6635556
Dropping frame 1403636581.2635555
Dropping frame 1403636581.5635555
Dropping frame 1403636581.9135554
Dropping frame 1403636582.0635555
Dropping frame 1403636582.3635557
Dropping frame 1403636582.6635556
Dropping frame 1403636582.8635557
Dropping frame 1403636583.1635556
Dropping frame 1403636583.5635555
Dropping frame 1403636583.9135554
Dropping frame 1403636584.2135556
Dropping frame 1403636584.4135554
Dropping frame 1403636584.6635556
Dropping frame 1403636584.7635555
Dropping frame 1403636585.2135556
Dropping frame 1403636585.4135554
start VIBA 1
end VIBA 1
Dropping frame 1403636586.0635555
Dropping frame 1403636586.3635557
Dropping frame 1403636586.5135555
Dropping frame 1403636586.9135554
Dropping frame 1403636587.0135555
Dropping frame 1403636587.1135554
Dropping frame 1403636587.2135556
Dropping frame 1403636587.3135555
Dropping frame 1403636587.5135555
Dropping frame 1403636587.7135556
Dropping frame 1403636588.0135555
Dropping frame 1403636588.1135554
Dropping frame 1403636588.4135554
Dropping frame 1403636588.6635556
Dropping frame 1403636588.9635556
Dropping frame 1403636589.3135555
Dropping frame 1403636589.7135556
Dropping frame 1403636590.0635555
Dropping frame 1403636590.2635555
Dropping frame 1403636590.6135554
Dropping frame 1403636590.8135555
Dropping frame 1403636590.9635556
Dropping frame 1403636591.2635555
Dropping frame 1403636591.5635555
Dropping frame 1403636591.8635557
Dropping frame 1403636592.0635555
Dropping frame 1403636592.1635556
Dropping frame 1403636592.5135555
Dropping frame 1403636592.6635556
Dropping frame 1403636592.9135554
Dropping frame 1403636593.0135555
Dropping frame 1403636593.2135556
Dropping frame 1403636593.5135555
Dropping frame 1403636593.8635557
Dropping frame 1403636594.0135555
Dropping frame 1403636594.4135554
Dropping frame 1403636594.8635557
Dropping frame 1403636595.1635556
Dropping frame 1403636595.3135555
Dropping frame 1403636595.4635556
Dropping frame 1403636595.7135556
start VIBA 2
end VIBA 2
Dropping frame 1403636596.0135555
Dropping frame 1403636596.2635555
Dropping frame 1403636596.3635557
Dropping frame 1403636596.5135555
Dropping frame 1403636596.6135554
Dropping frame 1403636596.8135555
Dropping frame 1403636596.9135554
Dropping frame 1403636597.0135555
Dropping frame 1403636597.1135554
Dropping frame 1403636597.3635557
Dropping frame 1403636597.4635556
Dropping frame 1403636597.5635555
Dropping frame 1403636597.8635557
Dropping frame 1403636598.0135555
Dropping frame 1403636598.3635557
Dropping frame 1403636598.8135555
Dropping frame 1403636599.1135554
Dropping frame 1403636599.4135554
Dropping frame 1403636599.6635556
Dropping frame 1403636600.0635555
Dropping frame 1403636600.7135556
Dropping frame 1403636600.9635556
Dropping frame 1403636601.0635555
Dropping frame 1403636601.2135556
Dropping frame 1403636601.5635555
Dropping frame 1403636601.6635556
Dropping frame 1403636601.9135554
Dropping frame 1403636602.2135556
Dropping frame 1403636603.0135555
Dropping frame 1403636603.4135554
Dropping frame 1403636603.8135555
Dropping frame 1403636604.2635555
Dropping frame 1403636604.6635556
Dropping frame 1403636604.7635555
Dropping frame 1403636605.1635556
Dropping frame 1403636605.3635557
Dropping frame 1403636605.5635555
Dropping frame 1403636605.6635556
Dropping frame 1403636605.9635556
Dropping frame 1403636606.1635556
Dropping frame 1403636606.3635557
Dropping frame 1403636606.6135554
Dropping frame 1403636607.0135555
Dropping frame 1403636607.4635556
Dropping frame 1403636608.0135555
Dropping frame 1403636608.8135555
Dropping frame 1403636610.2635555
Dropping frame 1403636610.7635555
Dropping frame 1403636611.0135555
Dropping frame 1403636611.6135554
Dropping frame 1403636611.7635555
Dropping frame 1403636612.3635557
Dropping frame 1403636613.3135555
Dropping frame 1403636613.9635556
Dropping frame 1403636614.7635555
Dropping frame 1403636615.4135554
Dropping frame 1403636615.9135554
Dropping frame 1403636616.2135556
Dropping frame 1403636616.6635556
Dropping frame 1403636616.7635555
Dropping frame 1403636617.2135556
Dropping frame 1403636617.4135554
Dropping frame 1403636617.7135556
Dropping frame 1403636618.0635555
Dropping frame 1403636619.3135555
Dropping frame 1403636620.3135555
Dropping frame 1403636620.6135554
Dropping frame 1403636622.2635555
Dropping frame 1403636622.3635557
Dropping frame 1403636622.9135554
Dropping frame 1403636623.2635555
Dropping frame 1403636624.0635555
Dropping frame 1403636624.7635555
Dropping frame 1403636625.2635555
Dropping frame 1403636627.4635556
Dropping frame 1403636628.1635556
Dropping frame 1403636628.7635555
Dropping frame 1403636629.2135556
Dropping frame 1403636629.4135554
Dropping frame 1403636629.9135554
Dropping frame 1403636630.4635556
Dropping frame 1403636630.7635555
Dropping frame 1403636631.1635556
Dropping frame 1403636631.4135554
Dropping frame 1403636632.0135555
Dropping frame 1403636633.0135555
Dropping frame 1403636633.9135554
Dropping frame 1403636634.1635556
Dropping frame 1403636634.3135555
Dropping frame 1403636634.9135554
Dropping frame 1403636635.3635557
Dropping frame 1403636636.5635555
Dropping frame 1403636637.2135556
Dropping frame 1403636639.2635555
Dropping frame 1403636639.9135554
Dropping frame 1403636640.4635556
Dropping frame 1403636640.7635555
Dropping frame 1403636641.0635555
Dropping frame 1403636641.2135556
Dropping frame 1403636641.4135554
Dropping frame 1403636641.7135556
Dropping frame 1403636641.8135555
Dropping frame 1403636642.0635555
Dropping frame 1403636642.5635555
Dropping frame 1403636642.7135556
Dropping frame 1403636642.8135555
Dropping frame 1403636643.3135555
Dropping frame 1403636643.5135555
Dropping frame 1403636643.6135554
Dropping frame 1403636643.7635555
Dropping frame 1403636643.8635557
Dropping frame 1403636644.3635557
Dropping frame 1403636644.7135556
Dropping frame 1403636644.8135555
Dropping frame 1403636645.0635555
Dropping frame 1403636645.8635557
Dropping frame 1403636645.9635556
Dropping frame 1403636646.3135555
Dropping frame 1403636646.6135554
Dropping frame 1403636646.7135556
Dropping frame 1403636646.8135555
Dropping frame 1403636646.9135554
Dropping frame 1403636647.1635556
Dropping frame 1403636647.2635555
Dropping frame 1403636647.3635557
Dropping frame 1403636647.4635556
Dropping frame 1403636647.5635555
Dropping frame 1403636647.8635557
Dropping frame 1403636647.9635556
Dropping frame 1403636648.1135554
Dropping frame 1403636648.3135555
Dropping frame 1403636648.4135554
Dropping frame 1403636648.5135555
Dropping frame 1403636648.6635556
Dropping frame 1403636648.7635555
Dropping frame 1403636648.8635557
Dropping frame 1403636649.0135555
Dropping frame 1403636649.1135554
Dropping frame 1403636649.2135556
Dropping frame 1403636649.4135554
Dropping frame 1403636649.5135555
Dropping frame 1403636649.7135556
Dropping frame 1403636649.8135555
Dropping frame 1403636649.9135554
Dropping frame 1403636650.1135554
Dropping frame 1403636650.2635555
Dropping frame 1403636650.3635557
Dropping frame 1403636650.4635556
Dropping frame 1403636650.7135556
Dropping frame 1403636650.8135555
Dropping frame 1403636651.0135555
Dropping frame 1403636651.1135554
Dropping frame 1403636651.2135556
Dropping frame 1403636651.3635557
Dropping frame 1403636651.4635556
Dropping frame 1403636651.6135554
Dropping frame 1403636651.7635555
Dropping frame 1403636651.9135554
Dropping frame 1403636652.0135555
Dropping frame 1403636652.4135554
Dropping frame 1403636652.5135555
Dropping frame 1403636652.8135555
Dropping frame 1403636653.0635555
Dropping frame 1403636653.1635556
Dropping frame 1403636653.2635555
Dropping frame 1403636653.5135555
Dropping frame 1403636653.6135554
Dropping frame 1403636653.7135556
Dropping frame 1403636654.0135555
Dropping frame 1403636654.1135554
Dropping frame 1403636654.2135556
Dropping frame 1403636654.3135555
Dropping frame 1403636654.4135554
Dropping frame 1403636654.7635555
Dropping frame 1403636654.8635557
Dropping frame 1403636655.4135554
Dropping frame 1403636655.6635556
Dropping frame 1403636656.2135556
Dropping frame 1403636656.3135555
Dropping frame 1403636656.5135555
Dropping frame 1403636656.6135554
Dropping frame 1403636656.7135556
Dropping frame 1403636656.9135554
Dropping frame 1403636657.0635555
Dropping frame 1403636657.2635555
Dropping frame 1403636657.3635557
Dropping frame 1403636657.4635556
Dropping frame 1403636657.7135556
Dropping frame 1403636658.0135555
Dropping frame 1403636658.2635555
Dropping frame 1403636658.3635557
Dropping frame 1403636658.7635555
Dropping frame 1403636658.9135554
Dropping frame 1403636659.2635555
Dropping frame 1403636659.8635557
Dropping frame 1403636659.9635556
Dropping frame 1403636660.1635556
Dropping frame 1403636660.4635556
Dropping frame 1403636660.6135554
Dropping frame 1403636660.8135555
Dropping frame 1403636661.1135554
Dropping frame 1403636661.3135555
Dropping frame 1403636661.5635555
Dropping frame 1403636661.7635555
Dropping frame 1403636661.8635557
Dropping frame 1403636662.0635555
Dropping frame 1403636662.1635556
Dropping frame 1403636662.2635555
Dropping frame 1403636662.5635555
Dropping frame 1403636662.6635556
Dropping frame 1403636662.8635557
Dropping frame 1403636662.9635556
Dropping frame 1403636663.0635555
Dropping frame 1403636663.6135554
Dropping frame 1403636663.8135555
Dropping frame 1403636663.9135554
Dropping frame 1403636664.0135555
Dropping frame 1403636664.2635555
Dropping frame 1403636664.3635557
Dropping frame 1403636664.4635556
Dropping frame 1403636664.7635555
Dropping frame 1403636664.8635557
Dropping frame 1403636665.0635555
Dropping frame 1403636665.1635556
Dropping frame 1403636665.3635557
Dropping frame 1403636665.5635555
Dropping frame 1403636665.7135556
Dropping frame 1403636665.8135555
Dropping frame 1403636665.9135554
Dropping frame 1403636666.0135555
Dropping frame 1403636666.1135554
Dropping frame 1403636666.2135556
Dropping frame 1403636666.3135555
Dropping frame 1403636666.5135555
Dropping frame 1403636666.6135554
Dropping frame 1403636666.7135556
Dropping frame 1403636666.9135554
Dropping frame 1403636667.1135554
Dropping frame 1403636667.2135556
Dropping frame 1403636667.4135554
Dropping frame 1403636667.6135554
Dropping frame 1403636667.7135556
Dropping frame 1403636667.8135555
Dropping frame 1403636667.9135554
Dropping frame 1403636668.0135555
Dropping frame 1403636668.1135554
Dropping frame 1403636668.2135556
Dropping frame 1403636668.5135555
Dropping frame 1403636668.6135554
Dropping frame 1403636668.7135556
Dropping frame 1403636669.0635555
Dropping frame 1403636669.2635555
Dropping frame 1403636669.3635557
Dropping frame 1403636669.4635556
Dropping frame 1403636669.7135556
Dropping frame 1403636669.8135555
Dropping frame 1403636669.9135554
Dropping frame 1403636670.2135556
Dropping frame 1403636670.3135555
Dropping frame 1403636670.6135554
Dropping frame 1403636670.8635557
Dropping frame 1403636671.0635555
Dropping frame 1403636671.1635556
Dropping frame 1403636671.2635555
Dropping frame 1403636671.3635557
Dropping frame 1403636671.6635556
Dropping frame 1403636671.7635555
Dropping frame 1403636672.1135554
Dropping frame 1403636672.4635556
Dropping frame 1403636672.6635556
Dropping frame 1403636672.7635555
Dropping frame 1403636672.8635557
Dropping frame 1403636673.1135554
Dropping frame 1403636673.3135555
Dropping frame 1403636673.5135555
Dropping frame 1403636673.7135556
Dropping frame 1403636673.9135554
Dropping frame 1403636674.3135555
Dropping frame 1403636674.5135555
Dropping frame 1403636674.6135554
Dropping frame 1403636674.8635557
Dropping frame 1403636674.9635556
Dropping frame 1403636675.1635556
Dropping frame 1403636675.3635557
Dropping frame 1403636675.5635555
Dropping frame 1403636675.6635556
Dropping frame 1403636675.8635557
Dropping frame 1403636676.0635555
Dropping frame 1403636676.2635555
Dropping frame 1403636676.3635557
Dropping frame 1403636676.5635555
Dropping frame 1403636676.7635555
Dropping frame 1403636676.9635556
Dropping frame 1403636677.0635555
Dropping frame 1403636677.1635556
Dropping frame 1403636677.3635557
Dropping frame 1403636677.5635555
Dropping frame 1403636677.8635557
Dropping frame 1403636678.0635555
Dropping frame 1403636678.2635555
Dropping frame 1403636678.4135554
Dropping frame 1403636678.6135554
Dropping frame 1403636678.7135556
Dropping frame 1403636678.9135554
Dropping frame 1403636679.1135554
Dropping frame 1403636679.3135555
Dropping frame 1403636679.4135554
Dropping frame 1403636679.5135555
Dropping frame 1403636679.7635555
Dropping frame 1403636679.9635556
Dropping frame 1403636680.1135554
Dropping frame 1403636680.3135555
Dropping frame 1403636680.5135555
Dropping frame 1403636680.7135556
Dropping frame 1403636680.8135555
Dropping frame 1403636681.0135555
Dropping frame 1403636681.2135556
Dropping frame 1403636681.3135555
Dropping frame 1403636681.5135555
Dropping frame 1403636681.6135554
Dropping frame 1403636681.8135555
Dropping frame 1403636681.9135554
Dropping frame 1403636682.1135554
Dropping frame 1403636682.3135555
Dropping frame 1403636682.4135554
Dropping frame 1403636682.6635556
Dropping frame 1403636683.0635555
Dropping frame 1403636683.4635556
Dropping frame 1403636683.5635555
Dropping frame 1403636684.0135555
Dropping frame 1403636684.2135556
Dropping frame 1403636684.3135555
Dropping frame 1403636684.6135554
Dropping frame 1403636684.8135555
Dropping frame 1403636685.0135555
Dropping frame 1403636685.1135554
Dropping frame 1403636685.2135556
Dropping frame 1403636685.5135555
Dropping frame 1403636685.7135556
Dropping frame 1403636685.9135554
Dropping frame 1403636686.1135554
Dropping frame 1403636686.3135555
Dropping frame 1403636686.4635556
Dropping frame 1403636686.8135555
Dropping frame 1403636687.0135555
Dropping frame 1403636687.2635555
Dropping frame 1403636687.5135555
Dropping frame 1403636687.6135554
Dropping frame 1403636687.9635556
Dropping frame 1403636688.1635556
Dropping frame 1403636688.3135555
Dropping frame 1403636688.6635556
Dropping frame 1403636689.0635555
Dropping frame 1403636689.1635556
Dropping frame 1403636689.2635555
Dropping frame 1403636689.4635556
Dropping frame 1403636689.8635557
Dropping frame 1403636690.1635556
Dropping frame 1403636690.3635557
Dropping frame 1403636690.8135555
Dropping frame 1403636691.1135554
Dropping frame 1403636691.2135556
Dropping frame 1403636691.7635555
Dropping frame 1403636691.8635557
Dropping frame 1403636692.3135555
Dropping frame 1403636692.6635556
Dropping frame 1403636692.8635557
Dropping frame 1403636692.9635556
Dropping frame 1403636693.2135556
Dropping frame 1403636693.3135555
Dropping frame 1403636693.7135556
Dropping frame 1403636694.3635557
Dropping frame 1403636694.8135555
Dropping frame 1403636695.2135556
Dropping frame 1403636695.3135555
Dropping frame 1403636695.5635555
Dropping frame 1403636695.8635557
Dropping frame 1403636696.0135555
Dropping frame 1403636696.5135555
Dropping frame 1403636696.8635557
Dropping frame 1403636697.3135555
Dropping frame 1403636697.4135554
Dropping frame 1403636697.6635556
Dropping frame 1403636698.0135555
Dropping frame 1403636698.1135554
Dropping frame 1403636698.2635555
Dropping frame 1403636698.5135555
Dropping frame 1403636698.7635555
Dropping frame 1403636699.0135555
Dropping frame 1403636699.2135556
Dropping frame 1403636699.4135554
Dropping frame 1403636699.5635555
Dropping frame 1403636699.6635556
Dropping frame 1403636700.1635556
Dropping frame 1403636700.2635555
Dropping frame 1403636700.5135555
Dropping frame 1403636700.7135556
Dropping frame 1403636700.9135554
Dropping frame 1403636701.0635555
Dropping frame 1403636701.1635556
Dropping frame 1403636701.5135555
Dropping frame 1403636701.8135555
Dropping frame 1403636702.1135554
Dropping frame 1403636702.4135554
Dropping frame 1403636702.7635555
Dropping frame 1403636703.3135555
Dropping frame 1403636703.7135556
Dropping frame 1403636704.0635555
Dropping frame 1403636704.4135554
Dropping frame 1403636704.6135554
Dropping frame 1403636704.9135554
Dropping frame 1403636705.1135554
Dropping frame 1403636705.3135555
Dropping frame 1403636705.4135554
Dropping frame 1403636705.5135555
Dropping frame 1403636705.7135556
Dropping frame 1403636705.8635557
Dropping frame 1403636706.0635555
Dropping frame 1403636706.2635555
Dropping frame 1403636706.5635555
Dropping frame 1403636706.8635557
Dropping frame 1403636707.0635555
Dropping frame 1403636707.2635555
Dropping frame 1403636707.4635556
Dropping frame 1403636707.6635556
Dropping frame 1403636707.8635557
Dropping frame 1403636708.0635555
Dropping frame 1403636708.1635556
Dropping frame 1403636708.2635555
Dropping frame 1403636708.4135554
Dropping frame 1403636708.6135554
Dropping frame 1403636708.8135555
Dropping frame 1403636709.0135555
Dropping frame 1403636709.1135554
Dropping frame 1403636709.2135556
Dropping frame 1403636709.5635555
Dropping frame 1403636709.7135556
Dropping frame 1403636709.9135554
Dropping frame 1403636710.1135554
Dropping frame 1403636710.3135555
Dropping frame 1403636710.4635556
Dropping frame 1403636710.5635555
Dropping frame 1403636710.7635555
Dropping frame 1403636710.9635556
Dropping frame 1403636711.1635556
Dropping frame 1403636711.3635557
Dropping frame 1403636711.6135554
Dropping frame 1403636711.8135555
Dropping frame 1403636711.9135554
Dropping frame 1403636712.0135555
Dropping frame 1403636712.1135554
Dropping frame 1403636712.3635557
Dropping frame 1403636712.4635556
Dropping frame 1403636712.5635555
Dropping frame 1403636712.8135555
Dropping frame 1403636712.9135554
Dropping frame 1403636713.0135555
Dropping frame 1403636713.2135556
Dropping frame 1403636713.4135554
Dropping frame 1403636713.6135554
Dropping frame 1403636713.8135555
Dropping frame 1403636713.9135554
Dropping frame 1403636714.0135555
Dropping frame 1403636714.1135554
Dropping frame 1403636714.2135556
Dropping frame 1403636714.4135554
Dropping frame 1403636714.6135554
Dropping frame 1403636714.7135556
Dropping frame 1403636714.8135555
Dropping frame 1403636714.9635556
Dropping frame 1403636715.0635555
Dropping frame 1403636715.2635555
Dropping frame 1403636715.3635557
Dropping frame 1403636715.4635556
Dropping frame 1403636715.5635555
Dropping frame 1403636715.7135556
Dropping frame 1403636715.9135554
Dropping frame 1403636716.0135555
Dropping frame 1403636716.1135554
Dropping frame 1403636716.3135555
Dropping frame 1403636716.5135555
Dropping frame 1403636716.7135556
Dropping frame 1403636716.8135555
Dropping frame 1403636716.9135554
Dropping frame 1403636717.0135555
Dropping frame 1403636717.2135556
Dropping frame 1403636717.3135555
Dropping frame 1403636717.5635555
Dropping frame 1403636717.6635556
Dropping frame 1403636717.7635555
Dropping frame 1403636717.9635556
Dropping frame 1403636718.0635555
Dropping frame 1403636718.1635556
Dropping frame 1403636718.3635557
Dropping frame 1403636718.4635556
Dropping frame 1403636718.5635555
Dropping frame 1403636718.7635555
Dropping frame 1403636718.8635557
Dropping frame 1403636718.9635556
Dropping frame 1403636719.0635555
Dropping frame 1403636719.1635556
Dropping frame 1403636719.2635555
Dropping frame 1403636719.3635557
Dropping frame 1403636719.6135554
Dropping frame 1403636719.7135556
Dropping frame 1403636719.9135554
Dropping frame 1403636720.1135554
Dropping frame 1403636720.2135556
Dropping frame 1403636720.3135555
Dropping frame 1403636720.4135554
Dropping frame 1403636720.6135554
Dropping frame 1403636720.8135555
Dropping frame 1403636720.9135554
Dropping frame 1403636721.0135555
Dropping frame 1403636721.2135556
Dropping frame 1403636721.3135555
Dropping frame 1403636721.4135554
Dropping frame 1403636721.6135554
Dropping frame 1403636721.7135556
Dropping frame 1403636721.8135555
Dropping frame 1403636722.0135555
Dropping frame 1403636722.2135556
Dropping frame 1403636722.3135555
Dropping frame 1403636722.4135554
Dropping frame 1403636722.6135554
Dropping frame 1403636722.7135556
Dropping frame 1403636722.8135555
Dropping frame 1403636723.0135555
Dropping frame 1403636723.1135554
Dropping frame 1403636723.2135556
Dropping frame 1403636723.4135554
Dropping frame 1403636723.6135554
Dropping frame 1403636723.7135556
Dropping frame 1403636723.8135555
Dropping frame 1403636724.0135555
Dropping frame 1403636724.1135554
Dropping frame 1403636724.2135556
Dropping frame 1403636724.4135554
Dropping frame 1403636724.5135555
Dropping frame 1403636724.6135554
Dropping frame 1403636724.8135555
Dropping frame 1403636725.0135555
Dropping frame 1403636725.2135556
Dropping frame 1403636725.3135555
Dropping frame 1403636725.4135554
Dropping frame 1403636725.6135554
Dropping frame 1403636725.7135556
Dropping frame 1403636725.8135555
Dropping frame 1403636726.0135555
Dropping frame 1403636726.1135554
Dropping frame 1403636726.2635555
Dropping frame 1403636726.3635557
Dropping frame 1403636726.5635555
Dropping frame 1403636726.6635556
Dropping frame 1403636726.7635555
Dropping frame 1403636726.9635556
Dropping frame 1403636727.0635555
Dropping frame 1403636727.1635556
Dropping frame 1403636727.3635557
Dropping frame 1403636727.4635556
Dropping frame 1403636727.6635556
Dropping frame 1403636727.7635555
Dropping frame 1403636727.8635557
Dropping frame 1403636728.0635555
Dropping frame 1403636728.2635555
Dropping frame 1403636728.3635557
Dropping frame 1403636728.4635556
Dropping frame 1403636728.7135556
Dropping frame 1403636728.8135555
Dropping frame 1403636729.0135555
Dropping frame 1403636729.1135554
Dropping frame 1403636729.2135556
Dropping frame 1403636729.4135554
Dropping frame 1403636729.6135554
Dropping frame 1403636729.8135555
Dropping frame 1403636729.9135554
Dropping frame 1403636730.2135556
Dropping frame 1403636730.3635557
Dropping frame 1403636730.5635555
Dropping frame 1403636730.6635556
Dropping frame 1403636730.8635557
Dropping frame 1403636730.9635556
Dropping frame 1403636731.0635555
Dropping frame 1403636731.2635555
Dropping frame 1403636731.4135554
Dropping frame 1403636731.6135554
Dropping frame 1403636731.7135556
Dropping frame 1403636731.8135555
Dropping frame 1403636732.0135555
Dropping frame 1403636732.2135556
Dropping frame 1403636732.5135555
Dropping frame 1403636732.6635556
Dropping frame 1403636732.8635557
Dropping frame 1403636733.0635555
Dropping frame 1403636733.1635556
Dropping frame 1403636733.2635555
Dropping frame 1403636733.4635556
Dropping frame 1403636733.6635556
Dropping frame 1403636733.7635555
Dropping frame 1403636733.8635557
Dropping frame 1403636734.0635555
Dropping frame 1403636734.2635555
Dropping frame 1403636734.3635557
Dropping frame 1403636734.6135554
Dropping frame 1403636734.7135556
Dropping frame 1403636734.8135555
Dropping frame 1403636735.0135555
Dropping frame 1403636735.2135556
Dropping frame 1403636735.3135555
Dropping frame 1403636735.4135554
Dropping frame 1403636735.5135555
Dropping frame 1403636735.7135556
Dropping frame 1403636735.8135555
Dropping frame 1403636735.9135554
Dropping frame 1403636736.0135555
Dropping frame 1403636736.1135554
Dropping frame 1403636736.4135554
Dropping frame 1403636736.5135555
Dropping frame 1403636736.6135554
Dropping frame 1403636736.7135556
Dropping frame 1403636737.0635555
Dropping frame 1403636737.2635555
Dropping frame 1403636737.3635557
Dropping frame 1403636737.4635556
Dropping frame 1403636737.5635555
Dropping frame 1403636737.6635556
Dropping frame 1403636737.8135555
Dropping frame 1403636737.9135554
Dropping frame 1403636738.1135554
Dropping frame 1403636738.2135556
Dropping frame 1403636738.3135555
Dropping frame 1403636738.5135555
Dropping frame 1403636738.7135556
Dropping frame 1403636738.8135555
Dropping frame 1403636738.9135554
Dropping frame 1403636739.0135555
Dropping frame 1403636739.2635555
Dropping frame 1403636739.3635557
Dropping frame 1403636739.6635556
Dropping frame 1403636739.7635555
Dropping frame 1403636739.9635556
Dropping frame 1403636740.1635556
Dropping frame 1403636740.3635557
Dropping frame 1403636740.4635556
Dropping frame 1403636740.6635556
Dropping frame 1403636740.8635557
Dropping frame 1403636740.9635556
Dropping frame 1403636741.0635555
Dropping frame 1403636741.2635555
Dropping frame 1403636741.3635557
Dropping frame 1403636741.4635556
Dropping frame 1403636741.6635556
Dropping frame 1403636741.7635555
Dropping frame 1403636742.1135554
Dropping frame 1403636742.7135556
Dropping frame 1403636742.8135555
Dropping frame 1403636743.0135555
Dropping frame 1403636743.1135554
Dropping frame 1403636743.3635557
Dropping frame 1403636743.4635556
Dropping frame 1403636743.5635555
Dropping frame 1403636743.6635556
Dropping frame 1403636743.9135554
Dropping frame 1403636744.0135555
Dropping frame 1403636744.2635555
Dropping frame 1403636744.4635556
Dropping frame 1403636744.5635555
Dropping frame 1403636744.6635556
Dropping frame 1403636744.8635557
Dropping frame 1403636745.0635555
Dropping frame 1403636745.1635556
Dropping frame 1403636745.2635555
Dropping frame 1403636745.4635556
Dropping frame 1403636745.5635555
Dropping frame 1403636745.7635555
Dropping frame 1403636745.8635557
Dropping frame 1403636746.0135555
Dropping frame 1403636746.1135554
Dropping frame 1403636746.2135556
Dropping frame 1403636746.4135554
Dropping frame 1403636746.5135555
Dropping frame 1403636746.9635556
Dropping frame 1403636747.1635556
Dropping frame 1403636747.3635557
Dropping frame 1403636747.4635556
Dropping frame 1403636747.5635555
Dropping frame 1403636747.7635555
Dropping frame 1403636747.8635557
Dropping frame 1403636747.9635556
Dropping frame 1403636748.1635556
Dropping frame 1403636748.2635555
Dropping frame 1403636748.4635556
Dropping frame 1403636748.5635555
Dropping frame 1403636748.6635556
Dropping frame 1403636748.7635555
Dropping frame 1403636749.0135555
Dropping frame 1403636749.1135554
Dropping frame 1403636749.2135556
Dropping frame 1403636749.4135554
Dropping frame 1403636749.5135555
Dropping frame 1403636749.6135554
Dropping frame 1403636749.8135555
Dropping frame 1403636750.1135554
Dropping frame 1403636750.2635555
Dropping frame 1403636750.3635557
Dropping frame 1403636750.6135554
Dropping frame 1403636750.8135555
Dropping frame 1403636751.0635555
Dropping frame 1403636751.1635556
Dropping frame 1403636751.2635555
Dropping frame 1403636751.6135554
Dropping frame 1403636751.8135555
Dropping frame 1403636751.9635556
Dropping frame 1403636752.0635555
Dropping frame 1403636752.1635556
Dropping frame 1403636752.2635555
Dropping frame 1403636752.3635557
Dropping frame 1403636752.6135554
Dropping frame 1403636752.7135556
Dropping frame 1403636752.8135555
Dropping frame 1403636752.9135554
Dropping frame 1403636753.2135556
Dropping frame 1403636753.3135555
Dropping frame 1403636753.4135554
Dropping frame 1403636753.6135554
Dropping frame 1403636753.8135555
Dropping frame 1403636753.9135554
Dropping frame 1403636754.0135555
Dropping frame 1403636754.1135554
Dropping frame 1403636754.4635556
Dropping frame 1403636754.6135554
Dropping frame 1403636754.7135556
Dropping frame 1403636754.8135555
Dropping frame 1403636754.9135554
Dropping frame 1403636755.0135555
Dropping frame 1403636755.2135556
Dropping frame 1403636755.3135555
Dropping frame 1403636755.4135554
Dropping frame 1403636755.5135555
Dropping frame 1403636755.6135554
Dropping frame 1403636755.8135555
Dropping frame 1403636755.9635556
Dropping frame 1403636756.0635555
Dropping frame 1403636756.3135555
Dropping frame 1403636756.4135554
Dropping frame 1403636756.5135555
Dropping frame 1403636756.6135554
Dropping frame 1403636756.7135556
Dropping frame 1403636756.8135555
Dropping frame 1403636756.9635556
Dropping frame 1403636757.1635556
Dropping frame 1403636757.2635555
Dropping frame 1403636757.3635557
Dropping frame 1403636757.4635556
Dropping frame 1403636757.5635555
Dropping frame 1403636757.6635556
Dropping frame 1403636757.7635555
Dropping frame 1403636757.9635556
Dropping frame 1403636758.1635556
Dropping frame 1403636758.2635555
Dropping frame 1403636758.3635557
Dropping frame 1403636758.4635556
Dropping frame 1403636758.6635556
Dropping frame 1403636758.7635555
Dropping frame 1403636758.8635557
Dropping frame 1403636759.0135555
Dropping frame 1403636759.2135556
Dropping frame 1403636759.3135555
Dropping frame 1403636759.5135555
Dropping frame 1403636759.6135554
Dropping frame 1403636759.7135556
Dropping frame 1403636759.8135555
Dropping frame 1403636759.9135554
Dropping frame 1403636760.0135555
Dropping frame 1403636760.1135554
Dropping frame 1403636760.2135556
Dropping frame 1403636760.4635556
Dropping frame 1403636760.5635555
Dropping frame 1403636760.6635556
Dropping frame 1403636760.7635555
Dropping frame 1403636760.8635557
Dropping frame 1403636760.9635556
Dropping frame 1403636761.1635556
Dropping frame 1403636761.2635555
Dropping frame 1403636761.4135554
Dropping frame 1403636761.6135554
Dropping frame 1403636761.7135556
Dropping frame 1403636761.9135554
Dropping frame 1403636762.1135554
Dropping frame 1403636762.2135556
Dropping frame 1403636762.3135555
Dropping frame 1403636762.4135554
Dropping frame 1403636762.6135554
Dropping frame 1403636762.7135556
Dropping frame 1403636762.8135555
Dropping frame 1403636762.9135554
Fail to track local map!
Dropping frame 1403636763.0135555
Fail to track local map!
Dropping frame 1403636763.1135554
Fail to track local map!
Fail to track local map!
Fail to track local map!
Dropping frame 1403636763.3135555
Fail to track local map!
Dropping frame 1403636763.5135555
Dropping frame 1403636763.6135554
Dropping frame 1403636763.8135555
Shutdown
SLAM Finished at System Time: 1734434731.20368

 TIME STATS in ms (mean$\pm$std)
OpenCV version: 4.8.1
---------------------------
Tracking

ORB Extraction: 19.305$\pm$1.7615
Stereo Matching: 7.2201$\pm$1.9649
IMU Preintegration: 0.25139$\pm$0.09449
Pose Prediction: 0.21298$\pm$0.5933
LM Track: 20.717$\pm$6.0999
New KF decision: 1.0961$\pm$2.0964
Total Tracking: 33.436$\pm$27.024



Local Mapping

KF Insertion: 18.817$\pm$8.072
MP Culling: 0.52903$\pm$0.21538
MP Creation: 51.576$\pm$16.259
LBA: 163.77$\pm$57.423
KF Culling: 18.473$\pm$11.615
Total Local Mapping: 253.11$\pm$81.984
---------------------------

LBA complexity (mean$\pm$std)
LBA Edges: 1886.2$\pm$743.03
LBA KF optimized: 6.5$\pm$2.2913
LBA KF fixed: 1$\pm$0
LBA MP: nan$\pm$nan

LBA executions: 530
LBA aborts: 0
---------------------------

Map complexity
KFs in map: 136
MPs in map: 10212
---------------------------

Place Recognition (mean$\pm$std)
Database Query: 1.5835$\pm$0.89719
SE3 estimation: 13.653$\pm$16.824
Total Place Recognition: 13.842$\pm$17.175


Loop Closing (mean$\pm$std)
Loop Fusion: nan$\pm$nan
Essential Graph: nan$\pm$nan
Total Loop Closing: nan$\pm$nan

Num exec: 0
Number of KFs: nan$\pm$nan

Map Merging (mean$\pm$std)
Merge Maps: nan$\pm$nan
Welding BA: nan$\pm$nan
Optimization Ess.: nan$\pm$nan
Total Map Merging: nan$\pm$nan

Num exec: 0
Number of KFs: nan$\pm$nan
Number of MPs: nan$\pm$nan

Full GBA (mean$\pm$std)
GBA: nan$\pm$nan
Map Update: nan$\pm$nan
Total Full GBA: nan$\pm$nan

Num exec: 0
Num abort: 0
Number of KFs: nan$\pm$nan
Number of MPs: nan$\pm$nan

Saving trajectory to f_dataset-MH01_stereo_imu.txt ...
There are 1 maps in the atlas
  Map 0 has 136 KFs

End of saving trajectory to f_dataset-MH01_stereo_imu.txt ...

Saving keyframe trajectory to kf_dataset-MH01_stereo_imu.txt ...
