num_seq = 1
file name: dataset-MH05_stereo_imu
Loading images for sequence 0...LOADED!
Loading IMU for sequence 0...LOADED!

-------

ORB-SLAM3 Copyright (C) 2017-2020 Carlos Campos, Richard Elvira, Juan J. Gómez, José M.M. Montiel and Juan D. Tardós, University of Zaragoza.
ORB-SLAM2 Copyright (C) 2014-2016 Raúl Mur-Artal, José M.M. Montiel and Juan D. Tardós, University of Zaragoza.
This program comes with ABSOLUTELY NO WARRANTY;
This is free software, and you are welcome to redistribute it
under certain conditions. See LICENSE.txt.

Built with REGISTER_TIMES
Git Commit Hash: 42e930e

Compiled with C++ version: 201703

Input sensor was set to: Stereo-Inertial
Loading settings from ./Examples/Stereo-Inertial/EuRoC_deadlines.yaml
	-Loaded camera 1
	-Loaded camera 2
	-Loaded image info
	-Loaded IMU calibration
	-Loaded ORB settings
	-Loaded viewer settings
	-Loaded Atlas settings
Deadlines enabled, will skip frames!
	-Loaded misc parameters
	-Computed rectification maps
----------------------------------
SLAM settings: 
	-Camera 1 parameters (Pinhole): [ 458.65399169921875 457.29598999023438 367.21499633789062 248.375 ]
	-Camera 1 distortion parameters: [  -0.28340810537338257 0.073959067463874817 0.00019359000725671649 1.7618711353861727e-05 ]
	-Camera 2 parameters (Pinhole: [ 457.58700561523438 456.13400268554688 379.99899291992188 255.23800659179688 ]
	-Camera 1 distortion parameters: [  -0.2836836576461792 0.074512839317321777 -0.00010473000293131918 -3.555907096597366e-05 ]
	-Original image size: [ 752 , 480 ]
	-Current image size: [ 752 , 480 ]
	-Camera 1 parameters after rectification: [  456.71499633789062 456.71499633789062 364.52615356445312 257.268798828125 ]
	-Sequence FPS: 20
	-Stereo baseline: 0.11007784307003021
	-Stereo depth threshold : 60
	-Gyro noise: 0.00016999999934341758
	-Accelerometer noise: 0.0020000000949949026
	-Gyro walk: 1.9392999092815444e-05
	-Accelerometer walk: 0.0030000000260770321
	-IMU frequency: 200
	-Features per image: 1200
	-ORB scale factor: 1.2000000476837158
	-ORB number of scales: 8
	-Initial FAST threshold: 20
	-Min FAST threshold: 7


Loading ORB Vocabulary. This could take a while...
Vocabulary loaded!

Initialization of Atlas from scratch 
Creation of new map with id: 0
Creation of new map with last KF id: 0
Seq. Name: 
There are 1 cameras in the atlas
Camera 0 is pinhole
SLAM Started at System Time: 1734503864.12288
not IMU meas
not IMU meas
not enough acceleration
not enough acceleration
not enough acceleration
not enough acceleration
not enough acceleration
not enough acceleration
not enough acceleration
not enough acceleration
not enough acceleration
not enough acceleration
not enough acceleration
not enough acceleration
not enough acceleration
not enough acceleration
not enough acceleration
not enough acceleration
not enough acceleration
not enough acceleration
not enough acceleration
not enough acceleration
not enough acceleration
not enough acceleration
not enough acceleration
not enough acceleration
not enough acceleration
not enough acceleration
not enough acceleration
not enough acceleration
not enough acceleration
not enough acceleration
not enough acceleration
not enough acceleration
not enough acceleration
not enough acceleration
not enough acceleration
not enough acceleration
not enough acceleration
not enough acceleration
not enough acceleration
not enough acceleration
not enough acceleration
not enough acceleration
not enough acceleration
not enough acceleration
not enough acceleration
not enough acceleration
not enough acceleration
not enough acceleration
not enough acceleration
not enough acceleration
not enough acceleration
not enough acceleration
not enough acceleration
not enough acceleration
not enough acceleration
not enough acceleration
not enough acceleration
not enough acceleration
not enough acceleration
not enough acceleration
not enough acceleration
not enough acceleration
not enough acceleration
not enough acceleration
not enough acceleration
not enough acceleration
not enough acceleration
not enough acceleration
not enough acceleration
not enough acceleration
not enough acceleration
not enough acceleration
not enough acceleration
not enough acceleration
not enough acceleration
not enough acceleration
not enough acceleration
not enough acceleration
First KF:0; Map init KF:0
New Map created with 119 points
Active map: 0
Dropping frame 1403638523.0278294
Dropping frame 1403638523.2778294
Dropping frame 1403638523.3778293
Dropping frame 1403638523.6278296
Dropping frame 1403638523.8278296
Dropping frame 1403638523.9278295
Dropping frame 1403638524.2278295
Dropping frame 1403638524.3278296
Dropping frame 1403638524.7278295
Dropping frame 1403638525.1278296
Dropping frame 1403638525.3278296
Dropping frame 1403638525.4778295
Dropping frame 1403638525.6278296
Dropping frame 1403638525.9278295
Dropping frame 1403638526.0278294
Dropping frame 1403638526.1778293
Dropping frame 1403638526.3278296
Dropping frame 1403638526.5778294
Dropping frame 1403638526.6778293
Dropping frame 1403638526.9278295
Dropping frame 1403638527.0278294
Dropping frame 1403638527.2278295
start VIBA 1
Dropping frame 1403638527.5278294
end VIBA 1
Dropping frame 1403638527.8778293
Dropping frame 1403638528.0778294
Dropping frame 1403638528.1778293
Dropping frame 1403638528.3778293
Dropping frame 1403638528.4778295
Dropping frame 1403638528.6778293
Dropping frame 1403638528.7778294
Dropping frame 1403638529.0778294
Dropping frame 1403638529.2778294
Dropping frame 1403638529.3778293
Dropping frame 1403638529.6778293
Dropping frame 1403638529.8778293
Dropping frame 1403638529.9778295
Dropping frame 1403638530.2278295
Dropping frame 1403638530.3778293
Dropping frame 1403638530.6778293
Dropping frame 1403638530.7778294
Dropping frame 1403638531.1778293
Dropping frame 1403638531.2778294
Dropping frame 1403638531.3778293
Not enough motion for initializing. Reseting...
TRACK: Reset map because local mapper set the bad imu flag 
LM: Active map reset recieved
LM: Active map reset, waiting...
LM: Reseting current map in Local Mapping...
LM: End reseting Local Mapping...
LM: Reset free the mutex
LM: Active map reset, Done!!!
mnFirstFrameId = 80
mnInitialFrameId = 0
146 Frames set to lost
not IMU meas
not enough acceleration
not enough acceleration
Dropping frame 1403638531.7278295
not enough acceleration
Dropping frame 1403638531.8278296
not enough acceleration
not enough acceleration
not enough acceleration
not enough acceleration
Dropping frame 1403638532.0778294
not enough acceleration
not enough acceleration
not enough acceleration
Dropping frame 1403638532.2778294
not enough acceleration
Dropping frame 1403638532.3778293
not enough acceleration
Dropping frame 1403638532.4778295
not enough acceleration
not enough acceleration
not enough acceleration
not enough acceleration
not enough acceleration
not enough acceleration
Dropping frame 1403638532.8278296
not enough acceleration
Dropping frame 1403638532.9278295
not enough acceleration
Dropping frame 1403638533.0278294
not enough acceleration
Dropping frame 1403638533.1278296
not enough acceleration
Dropping frame 1403638533.2278295
not enough acceleration
not enough acceleration
not enough acceleration
Dropping frame 1403638533.4278295
not enough acceleration
Dropping frame 1403638533.5278294
not enough acceleration
not enough acceleration
not enough acceleration
not enough acceleration
Dropping frame 1403638533.7778294
not enough acceleration
not enough acceleration
not enough acceleration
Dropping frame 1403638533.9778295
not enough acceleration
Dropping frame 1403638534.0778294
not enough acceleration
not enough acceleration
not enough acceleration
not enough acceleration
not enough acceleration
not enough acceleration
not enough acceleration
not enough acceleration
not enough acceleration
not enough acceleration
not enough acceleration
not enough acceleration
not enough acceleration
not enough acceleration
not enough acceleration
not enough acceleration
not enough acceleration
not enough acceleration
not enough acceleration
not enough acceleration
Dropping frame 1403638535.1278296
not enough acceleration
not enough acceleration
not enough acceleration
not enough acceleration
not enough acceleration
Dropping frame 1403638535.4278295
not enough acceleration
not enough acceleration
not enough acceleration
not enough acceleration
not enough acceleration
not enough acceleration
Dropping frame 1403638535.7778294
not enough acceleration
not enough acceleration
not enough acceleration
not enough acceleration
not enough acceleration
not enough acceleration
not enough acceleration
not enough acceleration
not enough acceleration
not enough acceleration
not enough acceleration
not enough acceleration
Dropping frame 1403638536.4278295
not enough acceleration
not enough acceleration
not enough acceleration
Dropping frame 1403638536.6278296
not enough acceleration
not enough acceleration
not enough acceleration
Dropping frame 1403638536.8278296
not enough acceleration
not enough acceleration
not enough acceleration
Dropping frame 1403638537.0278294
not enough acceleration
not enough acceleration
not enough acceleration
not enough acceleration
not enough acceleration
not enough acceleration
not enough acceleration
not enough acceleration
not enough acceleration
not enough acceleration
not enough acceleration
not enough acceleration
not enough acceleration
not enough acceleration
not enough acceleration
not enough acceleration
not enough acceleration
not enough acceleration
not enough acceleration
not enough acceleration
not enough acceleration
not enough acceleration
not enough acceleration
not enough acceleration
not enough acceleration
not enough acceleration
not enough acceleration
not enough acceleration
not enough acceleration
not enough acceleration
not enough acceleration
not enough acceleration
not enough acceleration
not enough acceleration
First KF:42; Map init KF:0
New Map created with 162 points
Active map: 0
start VIBA 1
end VIBA 1
Dropping frame 1403638546.7778294
Dropping frame 1403638547.0278294
Dropping frame 1403638547.1778293
Dropping frame 1403638547.3778293
Dropping frame 1403638547.5278294
Dropping frame 1403638547.6778293
Dropping frame 1403638547.7778294
Dropping frame 1403638547.8778293
Dropping frame 1403638548.0778294
Dropping frame 1403638548.4278295
Dropping frame 1403638548.5278294
Dropping frame 1403638548.6278296
Dropping frame 1403638548.8278296
Dropping frame 1403638549.0278294
Dropping frame 1403638549.1778293
Dropping frame 1403638549.2778294
Dropping frame 1403638549.4778295
Dropping frame 1403638549.5778294
Dropping frame 1403638549.8778293
Dropping frame 1403638549.9778295
Dropping frame 1403638550.2778294
Dropping frame 1403638550.5278294
Dropping frame 1403638550.6278296
Dropping frame 1403638550.7278295
Dropping frame 1403638550.8278296
Dropping frame 1403638551.0778294
Dropping frame 1403638551.1778293
Dropping frame 1403638551.4778295
Dropping frame 1403638551.5778294
Dropping frame 1403638551.7278295
Dropping frame 1403638552.1278296
Dropping frame 1403638552.2778294
Dropping frame 1403638552.6278296
Dropping frame 1403638552.7778294
Dropping frame 1403638552.8778293
Dropping frame 1403638553.0278294
Dropping frame 1403638553.1278296
Dropping frame 1403638553.2278295
Dropping frame 1403638553.3778293
Dropping frame 1403638553.4778295
Dropping frame 1403638553.5778294
Dropping frame 1403638553.6778293
Dropping frame 1403638553.7778294
Dropping frame 1403638553.8778293
Dropping frame 1403638553.9778295
Dropping frame 1403638554.0778294
Dropping frame 1403638554.1778293
start VIBA 2
Dropping frame 1403638554.2778294
Dropping frame 1403638554.3778293
Dropping frame 1403638554.4778295
end VIBA 2
Dropping frame 1403638554.5778294
Dropping frame 1403638554.6778293
Dropping frame 1403638554.7778294
Dropping frame 1403638554.8778293
Dropping frame 1403638554.9778295
Dropping frame 1403638555.0778294
Dropping frame 1403638555.1778293
Dropping frame 1403638555.2778294
Dropping frame 1403638555.3778293
Dropping frame 1403638555.5778294
Dropping frame 1403638555.6778293
Dropping frame 1403638555.7778294
Dropping frame 1403638555.9278295
Dropping frame 1403638556.0278294
Dropping frame 1403638556.1278296
Dropping frame 1403638556.2278295
Dropping frame 1403638556.3278296
Dropping frame 1403638556.4278295
Dropping frame 1403638556.5278294
Dropping frame 1403638556.6278296
Dropping frame 1403638556.7278295
Dropping frame 1403638556.8278296
Dropping frame 1403638556.9278295
Dropping frame 1403638557.1778293
Dropping frame 1403638557.2778294
Dropping frame 1403638557.3778293
Dropping frame 1403638557.6278296
Dropping frame 1403638557.7278295
Dropping frame 1403638557.9278295
Dropping frame 1403638558.0278294
Dropping frame 1403638558.1278296
Dropping frame 1403638558.3278296
Dropping frame 1403638558.4278295
Dropping frame 1403638558.6278296
Dropping frame 1403638558.7278295
Dropping frame 1403638558.9278295
Dropping frame 1403638559.1278296
Dropping frame 1403638559.3278296
Dropping frame 1403638559.4278295
Dropping frame 1403638559.5278294
Dropping frame 1403638559.7278295
Dropping frame 1403638559.8278296
Dropping frame 1403638559.9278295
Dropping frame 1403638560.0278294
Dropping frame 1403638560.1278296
Dropping frame 1403638560.2278295
Dropping frame 1403638560.4278295
Dropping frame 1403638560.6278296
Dropping frame 1403638560.8278296
Dropping frame 1403638560.9278295
Dropping frame 1403638561.0278294
Dropping frame 1403638561.2278295
Dropping frame 1403638561.3278296
Dropping frame 1403638561.4278295
Dropping frame 1403638561.6278296
Dropping frame 1403638561.7278295
Dropping frame 1403638561.9278295
Dropping frame 1403638562.1278296
Dropping frame 1403638562.2278295
Dropping frame 1403638562.3278296
Dropping frame 1403638562.5278294
Dropping frame 1403638562.7278295
Dropping frame 1403638562.8278296
Dropping frame 1403638562.9278295
Dropping frame 1403638563.0278294
Dropping frame 1403638563.1278296
Dropping frame 1403638563.3278296
Dropping frame 1403638563.5278294
Dropping frame 1403638563.6278296
Dropping frame 1403638563.7278295
Dropping frame 1403638563.8278296
Dropping frame 1403638563.9278295
Dropping frame 1403638564.1278296
Dropping frame 1403638564.2278295
Dropping frame 1403638564.3278296
Dropping frame 1403638564.5778294
Dropping frame 1403638564.7778294
Dropping frame 1403638564.9778295
Dropping frame 1403638565.1778293
Dropping frame 1403638565.2778294
Dropping frame 1403638565.4278295
Dropping frame 1403638565.6278296
Dropping frame 1403638565.8278296
Dropping frame 1403638565.9278295
Dropping frame 1403638566.0278294
Dropping frame 1403638566.1278296
Dropping frame 1403638566.2278295
Dropping frame 1403638566.4278295
Dropping frame 1403638566.6278296
Dropping frame 1403638566.7278295
Dropping frame 1403638566.9278295
Dropping frame 1403638567.0278294
Dropping frame 1403638567.1278296
Dropping frame 1403638567.3278296
Dropping frame 1403638567.4278295
Dropping frame 1403638567.6278296
Dropping frame 1403638567.7278295
Dropping frame 1403638567.9278295
Dropping frame 1403638568.0278294
Dropping frame 1403638568.2278295
Dropping frame 1403638568.3278296
Dropping frame 1403638568.5278294
Dropping frame 1403638568.6278296
Dropping frame 1403638568.8278296
Dropping frame 1403638569.0278294
Dropping frame 1403638569.1278296
Dropping frame 1403638569.3278296
Dropping frame 1403638569.5278294
Dropping frame 1403638569.7278295
Dropping frame 1403638569.8278296
Dropping frame 1403638570.0278294
Dropping frame 1403638570.2278295
Dropping frame 1403638570.4278295
Dropping frame 1403638570.6278296
Dropping frame 1403638570.8278296
Dropping frame 1403638571.0278294
Dropping frame 1403638571.2278295
Dropping frame 1403638571.4278295
Dropping frame 1403638571.6278296
Dropping frame 1403638571.8278296
Dropping frame 1403638572.0278294
Dropping frame 1403638572.2278295
Dropping frame 1403638572.4278295
Dropping frame 1403638572.6278296
Dropping frame 1403638572.8278296
Dropping frame 1403638573.0278294
Dropping frame 1403638573.2278295
Dropping frame 1403638573.4278295
Dropping frame 1403638573.6278296
Dropping frame 1403638573.8278296
Dropping frame 1403638574.0278294
Dropping frame 1403638574.1278296
Dropping frame 1403638574.2278295
Dropping frame 1403638574.4278295
Dropping frame 1403638574.6278296
Dropping frame 1403638574.8278296
Dropping frame 1403638574.9278295
Dropping frame 1403638575.1278296
Dropping frame 1403638575.3278296
Dropping frame 1403638575.5278294
Dropping frame 1403638575.7278295
Dropping frame 1403638575.9278295
Dropping frame 1403638576.1278296
Dropping frame 1403638576.3278296
Dropping frame 1403638576.5278294
Dropping frame 1403638576.7278295
Dropping frame 1403638576.9278295
Dropping frame 1403638577.1278296
Dropping frame 1403638577.2278295
Dropping frame 1403638577.3278296
Dropping frame 1403638577.4278295
Dropping frame 1403638577.6278296
Dropping frame 1403638577.8278296
Dropping frame 1403638578.0278294
Dropping frame 1403638578.1278296
Dropping frame 1403638578.2278295
Dropping frame 1403638578.3278296
Dropping frame 1403638578.5278294
Dropping frame 1403638578.7278295
Dropping frame 1403638578.8278296
Dropping frame 1403638579.0778294
Dropping frame 1403638579.2778294
Dropping frame 1403638579.4778295
Dropping frame 1403638579.5778294
Dropping frame 1403638579.6778293
Dropping frame 1403638579.8778293
Dropping frame 1403638580.0778294
Dropping frame 1403638580.1778293
Dropping frame 1403638580.2778294
Dropping frame 1403638580.4778295
Dropping frame 1403638580.6778293
Dropping frame 1403638580.7778294
Dropping frame 1403638580.8778293
Dropping frame 1403638581.0778294
Dropping frame 1403638581.1778293
Dropping frame 1403638581.2778294
Dropping frame 1403638581.4778295
Dropping frame 1403638581.5778294
Dropping frame 1403638581.6778293
Dropping frame 1403638581.8778293
Dropping frame 1403638582.0778294
Dropping frame 1403638582.2778294
Dropping frame 1403638582.3778293
Dropping frame 1403638582.4778295
Dropping frame 1403638582.6778293
Dropping frame 1403638582.8778293
Dropping frame 1403638583.0778294
Dropping frame 1403638583.2778294
Dropping frame 1403638583.4778295
Dropping frame 1403638583.6778293
Dropping frame 1403638583.7778294
Dropping frame 1403638584.0278294
Dropping frame 1403638584.3278296
Dropping frame 1403638584.4278295
Dropping frame 1403638584.6778293
Dropping frame 1403638585.0278294
Dropping frame 1403638585.1278296
Dropping frame 1403638585.2278295
Dropping frame 1403638585.4278295
Dropping frame 1403638585.6278296
Dropping frame 1403638585.8278296
Dropping frame 1403638586.1278296
Dropping frame 1403638586.3278296
Dropping frame 1403638586.4278295
Dropping frame 1403638586.6778293
Dropping frame 1403638586.7778294
Dropping frame 1403638586.8778293
Dropping frame 1403638587.0778294
Dropping frame 1403638587.2778294
Dropping frame 1403638587.4778295
Dropping frame 1403638587.5778294
Dropping frame 1403638587.6778293
Dropping frame 1403638587.9278295
Dropping frame 1403638588.1778293
Dropping frame 1403638588.3778293
Dropping frame 1403638588.5778294
Dropping frame 1403638588.7778294
Dropping frame 1403638588.9778295
Dropping frame 1403638589.1278296
Dropping frame 1403638589.3278296
Dropping frame 1403638589.4278295
Dropping frame 1403638589.5278294
Dropping frame 1403638589.8778293
Dropping frame 1403638590.0778294
Dropping frame 1403638590.2778294
Dropping frame 1403638590.4778295
Dropping frame 1403638590.5778294
Dropping frame 1403638590.6778293
Dropping frame 1403638590.8778293
Dropping frame 1403638591.0778294
Dropping frame 1403638591.2778294
Dropping frame 1403638591.3778293
Dropping frame 1403638591.4778295
Dropping frame 1403638591.5778294
Dropping frame 1403638591.7778294
Dropping frame 1403638591.8778293
Dropping frame 1403638592.1278296
Dropping frame 1403638592.2278295
Dropping frame 1403638592.4778295
Dropping frame 1403638592.5778294
Dropping frame 1403638592.8278296
Dropping frame 1403638593.0278294
Dropping frame 1403638593.1278296
Dropping frame 1403638593.3278296
Dropping frame 1403638593.4778295
Dropping frame 1403638594.0778294
Dropping frame 1403638594.5778294
Dropping frame 1403638594.9278295
Dropping frame 1403638595.3278296
Dropping frame 1403638595.4278295
Dropping frame 1403638595.6778293
Dropping frame 1403638595.8778293
Dropping frame 1403638596.0778294
Dropping frame 1403638596.3778293
Dropping frame 1403638596.5778294
Dropping frame 1403638596.6778293
Dropping frame 1403638596.9278295
Dropping frame 1403638597.1278296
Dropping frame 1403638597.2278295
Dropping frame 1403638597.3278296
Dropping frame 1403638597.5278294
Dropping frame 1403638597.7278295
Dropping frame 1403638597.8778293
Dropping frame 1403638598.0778294
Dropping frame 1403638598.2778294
Dropping frame 1403638598.3778293
Dropping frame 1403638598.4778295
Dropping frame 1403638598.6778293
Dropping frame 1403638598.8778293
Dropping frame 1403638598.9778295
Dropping frame 1403638599.0778294
Dropping frame 1403638599.2778294
Dropping frame 1403638599.3778293
Dropping frame 1403638599.4778295
Dropping frame 1403638599.8778293
Dropping frame 1403638599.9778295
Dropping frame 1403638600.1778293
Dropping frame 1403638600.2778294
Dropping frame 1403638600.3778293
Dropping frame 1403638600.5778294
Dropping frame 1403638600.6778293
Dropping frame 1403638600.9278295
Dropping frame 1403638601.1278296
Dropping frame 1403638601.2278295
Dropping frame 1403638601.3278296
Dropping frame 1403638601.5278294
Dropping frame 1403638601.6278296
Dropping frame 1403638601.8778293
Dropping frame 1403638601.9778295
Dropping frame 1403638602.0778294
Dropping frame 1403638602.2778294
Dropping frame 1403638602.3778293
Dropping frame 1403638602.4778295
Dropping frame 1403638602.6778293
Dropping frame 1403638602.7778294
Dropping frame 1403638602.8778293
Dropping frame 1403638603.0778294
Dropping frame 1403638603.1778293
Dropping frame 1403638603.2778294
Dropping frame 1403638603.4778295
Dropping frame 1403638603.6278296
Dropping frame 1403638603.8778293
Dropping frame 1403638603.9778295
Dropping frame 1403638604.1778293
Dropping frame 1403638604.2778294
Dropping frame 1403638604.5278294
Dropping frame 1403638604.6278296
Dropping frame 1403638604.9278295
Dropping frame 1403638605.0278294
Dropping frame 1403638605.4778295
Dropping frame 1403638605.5778294
Dropping frame 1403638605.6778293
Dropping frame 1403638605.9778295
Dropping frame 1403638606.2278295
Dropping frame 1403638606.3278296
Dropping frame 1403638606.5278294
Dropping frame 1403638606.6278296
Dropping frame 1403638606.7278295
Dropping frame 1403638606.9278295
Dropping frame 1403638607.0278294
Dropping frame 1403638607.1278296
Dropping frame 1403638607.3278296
Dropping frame 1403638607.6278296
Dropping frame 1403638607.9278295
Dropping frame 1403638608.0778294
Dropping frame 1403638608.6778293
Dropping frame 1403638608.8778293
Dropping frame 1403638609.1778293
Dropping frame 1403638609.4778295
Dropping frame 1403638609.5778294
Dropping frame 1403638609.8278296
Dropping frame 1403638610.0278294
Dropping frame 1403638610.3278296
Dropping frame 1403638610.4778295
Dropping frame 1403638610.6778293
Dropping frame 1403638610.7778294
Dropping frame 1403638611.0278294
Dropping frame 1403638611.3278296
Dropping frame 1403638611.4278295
Dropping frame 1403638611.7278295
Dropping frame 1403638611.8278296
Dropping frame 1403638612.2778294
Dropping frame 1403638612.3778293
Dropping frame 1403638612.6778293
Dropping frame 1403638612.9278295
Dropping frame 1403638613.0278294
Dropping frame 1403638613.1278296
Dropping frame 1403638613.3778293
Dropping frame 1403638613.6278296
Dropping frame 1403638613.8278296
Dropping frame 1403638614.0278294
Dropping frame 1403638614.2278295
Dropping frame 1403638614.3778293
Dropping frame 1403638614.6778293
Dropping frame 1403638614.8778293
Dropping frame 1403638615.1778293
Dropping frame 1403638615.3778293
Dropping frame 1403638615.5778294
Dropping frame 1403638615.7778294
Dropping frame 1403638615.8778293
Dropping frame 1403638616.1778293
Dropping frame 1403638616.4278295
Dropping frame 1403638616.6278296
Dropping frame 1403638616.7278295
Dropping frame 1403638617.0778294
Dropping frame 1403638617.3778293
Dropping frame 1403638617.7778294
Dropping frame 1403638618.2278295
Dropping frame 1403638618.3278296
Dropping frame 1403638618.7278295
Dropping frame 1403638620.1278296
Dropping frame 1403638620.3278296
Dropping frame 1403638620.7778294
Dropping frame 1403638621.0278294
Dropping frame 1403638621.2778294
Dropping frame 1403638621.3778293
Dropping frame 1403638622.4278295
Dropping frame 1403638622.5278294
Dropping frame 1403638624.2278295
Dropping frame 1403638624.6278296
Dropping frame 1403638624.8278296
Dropping frame 1403638625.1778293
Dropping frame 1403638625.9278295
Dropping frame 1403638626.3278296
Dropping frame 1403638627.1278296
Dropping frame 1403638627.5778294
Dropping frame 1403638627.6778293
Dropping frame 1403638627.9778295
Dropping frame 1403638628.3278296
Dropping frame 1403638628.4278295
Dropping frame 1403638628.6778293
Dropping frame 1403638628.7778294
Dropping frame 1403638629.0278294
Dropping frame 1403638629.6278296
Dropping frame 1403638630.0278294
Dropping frame 1403638630.3778293
Dropping frame 1403638630.6278296
Dropping frame 1403638630.9278295
Dropping frame 1403638631.2778294
Shutdown
SLAM Finished at System Time: 1734504002.72931

 TIME STATS in ms (mean$\pm$std)
OpenCV version: 4.8.1
---------------------------
Tracking

ORB Extraction: 20.152$\pm$2.3921
Stereo Matching: 8.431$\pm$1.9654
IMU Preintegration: 0.21791$\pm$0.090419
Pose Prediction: 0.40669$\pm$1.1675
LM Track: 18.876$\pm$5.0301
New KF decision: 0.34357$\pm$0.32072
Total Tracking: 32.174$\pm$25.712



Local Mapping

KF Insertion: 14.595$\pm$4.9108
MP Culling: 0.49506$\pm$0.18581
MP Creation: 40.532$\pm$13.448
LBA: 150.35$\pm$41.317
KF Culling: 11.571$\pm$8.8706
Total Local Mapping: 217.75$\pm$63.137
---------------------------

LBA complexity (mean$\pm$std)
LBA Edges: 1946.7$\pm$1034.1
LBA KF optimized: 6.5$\pm$2.2913
LBA KF fixed: 1$\pm$0
LBA MP: nan$\pm$nan

LBA executions: 401
LBA aborts: 0
---------------------------

Map complexity
KFs in map: 169
MPs in map: 13373
---------------------------

Place Recognition (mean$\pm$std)
Database Query: 2.2346$\pm$1.1494
SE3 estimation: 28.707$\pm$17.253
Total Place Recognition: 22.732$\pm$20.664


Loop Closing (mean$\pm$std)
Loop Fusion: nan$\pm$nan
Essential Graph: nan$\pm$nan
Total Loop Closing: nan$\pm$nan

Num exec: 0
Number of KFs: nan$\pm$nan

Map Merging (mean$\pm$std)
Merge Maps: nan$\pm$nan
Welding BA: nan$\pm$nan
Optimization Ess.: nan$\pm$nan
Total Map Merging: nan$\pm$nan

Num exec: 0
Number of KFs: nan$\pm$nan
Number of MPs: nan$\pm$nan

Full GBA (mean$\pm$std)
GBA: nan$\pm$nan
Map Update: nan$\pm$nan
Total Full GBA: nan$\pm$nan

Num exec: 0
Num abort: 0
Number of KFs: nan$\pm$nan
Number of MPs: nan$\pm$nan

Saving trajectory to f_dataset-MH05_stereo_imu.txt ...
There are 1 maps in the atlas
  Map 0 has 169 KFs

End of saving trajectory to f_dataset-MH05_stereo_imu.txt ...

Saving keyframe trajectory to kf_dataset-MH05_stereo_imu.txt ...
