num_seq = 1
file name: dataset-MH05_stereo_imu
Loading images for sequence 0...LOADED!
Loading IMU for sequence 0...LOADED!

-------

ORB-SLAM3 Copyright (C) 2017-2020 Carlos Campos, Richard Elvira, Juan J. Gómez, José M.M. Montiel and Juan D. Tardós, University of Zaragoza.
ORB-SLAM2 Copyright (C) 2014-2016 Raúl Mur-Artal, José M.M. Montiel and Juan D. Tardós, University of Zaragoza.
This program comes with ABSOLUTELY NO WARRANTY;
This is free software, and you are welcome to redistribute it
under certain conditions. See LICENSE.txt.

Built with REGISTER_TIMES
Git Commit Hash: 42e930e

Compiled with C++ version: 201703

Input sensor was set to: Stereo-Inertial
Loading settings from ./Examples/Stereo-Inertial/EuRoC_fov_deadlines_mask_10x10.yaml
	-Loaded camera 1
	-Loaded camera 2
	-Loaded image info
	-Loaded IMU calibration
	-Loaded ORB settings
	-Loaded viewer settings
	-Loaded Atlas settings
Deadlines enabled, will skip frames!
FOV enabled
Static mask size: 10x10
Dumping map points enabled
	-Loaded misc parameters
	-Computed rectification maps
----------------------------------
SLAM settings: 
	-Camera 1 parameters (Pinhole): [ 458.65399169921875 457.29598999023438 367.21499633789062 248.375 ]
	-Camera 1 distortion parameters: [  -0.28340810537338257 0.073959067463874817 0.00019359000725671649 1.7618711353861727e-05 ]
	-Camera 2 parameters (Pinhole: [ 457.58700561523438 456.13400268554688 379.99899291992188 255.23800659179688 ]
	-Camera 1 distortion parameters: [  -0.2836836576461792 0.074512839317321777 -0.00010473000293131918 -3.555907096597366e-05 ]
	-Original image size: [ 752 , 480 ]
	-Current image size: [ 752 , 480 ]
	-Camera 1 parameters after rectification: [  456.71499633789062 456.71499633789062 364.52615356445312 257.268798828125 ]
	-Sequence FPS: 20
	-Stereo baseline: 0.11007784307003021
	-Stereo depth threshold : 60
	-Gyro noise: 0.00016999999934341758
	-Accelerometer noise: 0.0020000000949949026
	-Gyro walk: 1.9392999092815444e-05
	-Accelerometer walk: 0.0030000000260770321
	-IMU frequency: 200
	-Features per image: 1200
	-ORB scale factor: 1.2000000476837158
	-ORB number of scales: 8
	-Initial FAST threshold: 20
	-Min FAST threshold: 7


Loading ORB Vocabulary. This could take a while...
Vocabulary loaded!

Initialization of Atlas from scratch 
Creation of new map with id: 0
Creation of new map with last KF id: 0
Seq. Name: 
There are 1 cameras in the atlas
Camera 0 is pinhole
SLAM Started at System Time: 1734511560.05029
not IMU meas
not IMU meas
not enough acceleration
not enough acceleration
not enough acceleration
not enough acceleration
not enough acceleration
not enough acceleration
not enough acceleration
not enough acceleration
not enough acceleration
not enough acceleration
not enough acceleration
not enough acceleration
not enough acceleration
not enough acceleration
not enough acceleration
not enough acceleration
not enough acceleration
not enough acceleration
not enough acceleration
not enough acceleration
not enough acceleration
not enough acceleration
not enough acceleration
not enough acceleration
not enough acceleration
not enough acceleration
not enough acceleration
not enough acceleration
not enough acceleration
not enough acceleration
not enough acceleration
not enough acceleration
not enough acceleration
not enough acceleration
not enough acceleration
not enough acceleration
not enough acceleration
not enough acceleration
not enough acceleration
not enough acceleration
not enough acceleration
not enough acceleration
not enough acceleration
not enough acceleration
not enough acceleration
not enough acceleration
not enough acceleration
not enough acceleration
not enough acceleration
not enough acceleration
not enough acceleration
not enough acceleration
not enough acceleration
not enough acceleration
not enough acceleration
not enough acceleration
not enough acceleration
not enough acceleration
not enough acceleration
not enough acceleration
not enough acceleration
not enough acceleration
not enough acceleration
not enough acceleration
not enough acceleration
not enough acceleration
not enough acceleration
not enough acceleration
not enough acceleration
not enough acceleration
not enough acceleration
not enough acceleration
not enough acceleration
not enough acceleration
not enough acceleration
not enough acceleration
not enough acceleration
not enough acceleration
First KF:0; Map init KF:0
New Map created with 122 points
Active map: 0
Dropping frame 1403638523.2778294
Dropping frame 1403638523.4778295
Dropping frame 1403638523.5778294
Dropping frame 1403638523.8278296
Dropping frame 1403638524.0778294
Dropping frame 1403638524.6778293
Dropping frame 1403638525.1278296
Dropping frame 1403638525.4278295
Dropping frame 1403638525.5278294
Dropping frame 1403638525.7278295
Dropping frame 1403638525.9278295
Dropping frame 1403638526.1278296
Dropping frame 1403638526.2278295
Dropping frame 1403638526.5778294
Dropping frame 1403638526.7778294
Dropping frame 1403638527.0778294
start VIBA 1
Dropping frame 1403638527.3778293
end VIBA 1
Dropping frame 1403638527.6778293
Dropping frame 1403638527.8778293
Dropping frame 1403638528.1278296
Dropping frame 1403638528.3778293
Dropping frame 1403638528.6778293
Dropping frame 1403638528.7778294
Dropping frame 1403638529.1278296
Dropping frame 1403638529.2278295
Dropping frame 1403638530.1778293
Dropping frame 1403638530.2778294
Dropping frame 1403638530.5778294
Dropping frame 1403638530.6778293
Dropping frame 1403638530.7778294
Dropping frame 1403638531.0278294
Dropping frame 1403638531.1778293
Not enough motion for initializing. Reseting...
Dropping frame 1403638531.4778295
TRACK: Reset map because local mapper set the bad imu flag 
LM: Reseting current map in Local Mapping...
LM: End reseting Local Mapping...
LM: Reset free the mutex
LM: Active map reset recieved
LM: Active map reset, waiting...
LM: Reseting current map in Local Mapping...
LM: End reseting Local Mapping...
LM: Reset free the mutex
LM: Active map reset, Done!!!
mnFirstFrameId = 80
mnInitialFrameId = 0
156 Frames set to lost
not IMU meas
not enough acceleration
Dropping frame 1403638531.6778293
not enough acceleration
Dropping frame 1403638531.7778294
not enough acceleration
Dropping frame 1403638531.8778293
not enough acceleration
not enough acceleration
Dropping frame 1403638532.0278294
not enough acceleration
not enough acceleration
not enough acceleration
not enough acceleration
Dropping frame 1403638532.2778294
not enough acceleration
not enough acceleration
not enough acceleration
Dropping frame 1403638532.4778295
not enough acceleration
Dropping frame 1403638532.5778294
not enough acceleration
Dropping frame 1403638532.6778293
not enough acceleration
not enough acceleration
not enough acceleration
not enough acceleration
not enough acceleration
not enough acceleration
not enough acceleration
not enough acceleration
not enough acceleration
not enough acceleration
not enough acceleration
not enough acceleration
not enough acceleration
not enough acceleration
not enough acceleration
not enough acceleration
not enough acceleration
not enough acceleration
not enough acceleration
not enough acceleration
not enough acceleration
Dropping frame 1403638533.7778294
not enough acceleration
not enough acceleration
not enough acceleration
not enough acceleration
not enough acceleration
not enough acceleration
not enough acceleration
not enough acceleration
not enough acceleration
not enough acceleration
Dropping frame 1403638534.3278296
First KF:37; Map init KF:0
New Map created with 144 points
Active map: 0
Dropping frame 1403638534.8778293
Dropping frame 1403638535.0778294
Dropping frame 1403638535.5278294
Not enough motion for initializing. Reseting...
TRACK: Reset map because local mapper set the bad imu flag 
LM: Reseting current map in Local Mapping...
LM: End reseting Local Mapping...
LM: Reset free the mutex
LM: Active map reset recieved
LM: Active map reset, waiting...
LM: Reseting current map in Local Mapping...
LM: End reseting Local Mapping...
LM: Reset free the mutex
LM: Active map reset, Done!!!
mnFirstFrameId = 283
mnInitialFrameId = 236
211 Frames set to lost
not IMU meas
not enough acceleration
not enough acceleration
not enough acceleration
not enough acceleration
not enough acceleration
not enough acceleration
not enough acceleration
not enough acceleration
not enough acceleration
not enough acceleration
not enough acceleration
not enough acceleration
not enough acceleration
not enough acceleration
not enough acceleration
not enough acceleration
not enough acceleration
not enough acceleration
not enough acceleration
not enough acceleration
not enough acceleration
not enough acceleration
not enough acceleration
not enough acceleration
not enough acceleration
not enough acceleration
not enough acceleration
not enough acceleration
First KF:48; Map init KF:37
New Map created with 162 points
Active map: 0
start VIBA 1
end VIBA 1
Dropping frame 1403638545.0778294
Dropping frame 1403638545.2278295
Dropping frame 1403638545.5278294
Dropping frame 1403638545.6278296
Dropping frame 1403638545.8778293
Dropping frame 1403638546.1778293
Dropping frame 1403638546.4278295
Dropping frame 1403638546.5278294
Dropping frame 1403638546.7278295
Dropping frame 1403638546.8278296
Dropping frame 1403638547.0278294
Dropping frame 1403638547.3278296
Dropping frame 1403638547.4278295
Dropping frame 1403638548.0278294
Dropping frame 1403638548.4778295
Dropping frame 1403638548.7278295
Dropping frame 1403638548.8278296
Dropping frame 1403638548.9778295
Dropping frame 1403638549.2778294
Dropping frame 1403638549.5778294
Dropping frame 1403638549.9778295
Dropping frame 1403638550.0778294
Dropping frame 1403638550.2778294
Dropping frame 1403638550.3778293
Dropping frame 1403638550.4778295
Dropping frame 1403638550.7278295
Dropping frame 1403638550.9278295
Dropping frame 1403638551.1778293
Dropping frame 1403638551.2778294
Dropping frame 1403638551.4778295
Dropping frame 1403638551.5778294
Dropping frame 1403638551.6778293
Dropping frame 1403638551.7778294
Dropping frame 1403638551.8778293
Dropping frame 1403638552.0778294
Dropping frame 1403638552.2778294
Dropping frame 1403638552.3778293
Dropping frame 1403638552.4778295
Dropping frame 1403638552.5778294
Dropping frame 1403638552.7778294
Dropping frame 1403638552.8778293
Dropping frame 1403638553.0778294
Dropping frame 1403638553.2778294
Dropping frame 1403638553.3778293
Dropping frame 1403638553.4778295
Dropping frame 1403638553.5778294
Dropping frame 1403638553.7778294
Dropping frame 1403638553.9778295
Dropping frame 1403638554.0778294
start VIBA 2
Dropping frame 1403638554.3278296
Dropping frame 1403638554.5278294
end VIBA 2
Dropping frame 1403638554.6278296
Dropping frame 1403638554.7278295
Dropping frame 1403638554.9278295
Dropping frame 1403638555.0278294
Dropping frame 1403638555.2278295
Dropping frame 1403638555.4278295
Dropping frame 1403638555.6278296
Dropping frame 1403638555.7278295
Dropping frame 1403638555.8278296
Dropping frame 1403638555.9278295
Dropping frame 1403638556.0278294
Dropping frame 1403638556.1278296
Dropping frame 1403638556.2278295
Dropping frame 1403638556.3278296
Dropping frame 1403638556.4778295
Dropping frame 1403638556.7278295
Dropping frame 1403638556.8278296
Dropping frame 1403638556.9278295
Dropping frame 1403638557.0278294
Dropping frame 1403638557.1778293
Dropping frame 1403638557.2778294
Dropping frame 1403638557.3778293
Dropping frame 1403638557.5778294
Dropping frame 1403638557.6778293
Dropping frame 1403638557.7778294
Dropping frame 1403638557.8778293
Dropping frame 1403638558.0778294
Dropping frame 1403638558.2778294
Dropping frame 1403638558.3778293
Dropping frame 1403638558.5778294
Dropping frame 1403638558.6778293
Dropping frame 1403638558.7778294
Dropping frame 1403638558.9278295
Dropping frame 1403638559.1278296
Dropping frame 1403638559.2278295
Dropping frame 1403638559.3278296
Dropping frame 1403638559.4278295
Dropping frame 1403638559.6778293
Dropping frame 1403638559.7778294
Dropping frame 1403638559.8778293
Dropping frame 1403638559.9778295
Dropping frame 1403638560.0778294
Dropping frame 1403638560.3778293
Dropping frame 1403638560.5778294
Dropping frame 1403638560.6778293
Dropping frame 1403638561.5278294
Dropping frame 1403638561.6278296
Dropping frame 1403638561.7278295
Dropping frame 1403638561.9278295
Dropping frame 1403638562.0278294
Dropping frame 1403638562.1278296
Dropping frame 1403638562.3778293
Dropping frame 1403638562.5778294
Dropping frame 1403638562.6778293
Dropping frame 1403638562.7778294
Dropping frame 1403638562.9778295
Dropping frame 1403638563.1778293
Dropping frame 1403638563.3778293
Dropping frame 1403638563.5778294
Dropping frame 1403638563.7778294
Dropping frame 1403638563.8778293
Dropping frame 1403638563.9778295
Dropping frame 1403638564.1778293
Dropping frame 1403638564.3278296
Dropping frame 1403638564.5278294
Dropping frame 1403638564.7278295
Dropping frame 1403638564.9278295
Dropping frame 1403638565.1278296
Dropping frame 1403638565.2278295
Dropping frame 1403638565.3278296
Dropping frame 1403638565.5278294
Dropping frame 1403638565.7278295
Dropping frame 1403638565.8278296
Dropping frame 1403638565.9278295
Dropping frame 1403638566.1278296
Dropping frame 1403638566.2278295
Dropping frame 1403638566.3278296
Dropping frame 1403638566.5278294
Dropping frame 1403638566.7278295
Dropping frame 1403638566.9278295
Dropping frame 1403638567.1278296
Dropping frame 1403638567.2278295
Dropping frame 1403638567.3278296
Dropping frame 1403638567.5278294
Dropping frame 1403638567.6278296
Dropping frame 1403638567.7278295
Dropping frame 1403638567.9278295
Dropping frame 1403638568.1278296
Dropping frame 1403638568.2278295
Dropping frame 1403638568.5278294
Dropping frame 1403638568.6278296
Dropping frame 1403638568.8778293
Dropping frame 1403638569.0778294
Dropping frame 1403638569.2778294
Dropping frame 1403638569.3778293
Dropping frame 1403638569.4778295
Dropping frame 1403638569.8278296
Dropping frame 1403638569.9278295
Dropping frame 1403638570.1778293
Dropping frame 1403638570.2778294
Dropping frame 1403638570.3778293
Dropping frame 1403638570.5778294
Dropping frame 1403638570.7278295
Dropping frame 1403638570.9278295
Dropping frame 1403638571.1278296
Dropping frame 1403638571.3278296
Dropping frame 1403638571.6778293
Dropping frame 1403638571.8778293
Dropping frame 1403638572.0778294
Dropping frame 1403638572.2778294
Dropping frame 1403638572.3778293
Dropping frame 1403638572.5778294
Dropping frame 1403638572.6778293
Dropping frame 1403638572.7778294
Dropping frame 1403638572.8778293
Dropping frame 1403638573.0778294
Dropping frame 1403638573.2778294
Dropping frame 1403638573.4778295
Dropping frame 1403638573.6778293
Dropping frame 1403638573.7778294
Dropping frame 1403638573.9778295
Dropping frame 1403638574.1778293
Dropping frame 1403638574.3778293
Dropping frame 1403638574.4778295
Dropping frame 1403638574.5778294
Dropping frame 1403638574.7778294
Dropping frame 1403638574.9778295
Dropping frame 1403638575.1778293
Dropping frame 1403638575.3778293
Dropping frame 1403638575.4778295
Dropping frame 1403638575.5778294
Dropping frame 1403638575.7778294
Dropping frame 1403638575.8778293
Dropping frame 1403638575.9778295
Dropping frame 1403638576.1778293
Dropping frame 1403638576.3778293
Dropping frame 1403638576.4778295
Dropping frame 1403638576.5778294
Dropping frame 1403638576.7778294
Dropping frame 1403638576.9778295
Dropping frame 1403638577.1778293
Dropping frame 1403638577.2778294
Dropping frame 1403638577.4778295
Dropping frame 1403638577.5778294
Dropping frame 1403638577.6778293
Dropping frame 1403638577.8778293
Dropping frame 1403638578.0778294
Dropping frame 1403638578.2778294
Dropping frame 1403638578.4778295
Dropping frame 1403638578.5778294
Dropping frame 1403638578.6778293
Dropping frame 1403638578.7778294
Dropping frame 1403638578.9778295
Dropping frame 1403638579.1778293
Dropping frame 1403638579.3778293
Dropping frame 1403638579.5778294
Dropping frame 1403638579.7778294
Dropping frame 1403638580.0278294
Dropping frame 1403638580.2278295
Dropping frame 1403638580.3278296
Dropping frame 1403638580.5778294
Dropping frame 1403638580.7778294
Dropping frame 1403638581.7278295
Dropping frame 1403638581.9278295
Dropping frame 1403638582.1278296
Dropping frame 1403638582.4278295
Dropping frame 1403638582.6278296
Dropping frame 1403638582.8278296
Dropping frame 1403638582.9278295
Dropping frame 1403638583.0778294
Dropping frame 1403638583.2778294
Dropping frame 1403638583.3778293
Dropping frame 1403638583.6278296
Dropping frame 1403638583.8278296
Dropping frame 1403638584.0278294
Dropping frame 1403638584.1278296
Dropping frame 1403638584.3778293
Dropping frame 1403638584.6778293
Dropping frame 1403638584.7778294
Dropping frame 1403638585.0778294
Dropping frame 1403638585.3278296
Dropping frame 1403638585.4278295
Dropping frame 1403638585.6778293
Dropping frame 1403638585.8778293
Dropping frame 1403638586.0778294
Dropping frame 1403638586.1778293
Dropping frame 1403638586.4278295
Dropping frame 1403638586.5278294
Dropping frame 1403638586.7278295
Dropping frame 1403638586.8278296
Dropping frame 1403638586.9278295
Dropping frame 1403638587.1278296
Dropping frame 1403638587.2278295
Dropping frame 1403638587.4778295
Dropping frame 1403638587.7778294
Dropping frame 1403638588.0778294
Dropping frame 1403638588.2778294
Dropping frame 1403638588.4778295
Dropping frame 1403638588.8278296
Dropping frame 1403638589.2278295
Dropping frame 1403638589.4278295
Dropping frame 1403638589.7278295
Dropping frame 1403638589.9278295
Dropping frame 1403638590.3778293
Dropping frame 1403638590.6778293
Dropping frame 1403638590.9778295
Dropping frame 1403638591.2778294
Dropping frame 1403638591.4778295
Dropping frame 1403638591.6778293
Dropping frame 1403638591.7778294
Dropping frame 1403638592.0278294
Dropping frame 1403638592.2278295
Dropping frame 1403638592.4278295
Dropping frame 1403638592.7278295
Dropping frame 1403638592.8278296
Dropping frame 1403638592.9278295
Dropping frame 1403638593.1278296
Dropping frame 1403638593.3278296
Dropping frame 1403638593.4278295
Dropping frame 1403638593.5278294
Dropping frame 1403638593.6278296
Dropping frame 1403638593.8778293
Dropping frame 1403638594.0778294
Dropping frame 1403638594.1778293
Dropping frame 1403638594.2778294
Dropping frame 1403638594.5278294
Dropping frame 1403638594.6278296
Dropping frame 1403638594.7278295
Dropping frame 1403638594.9278295
Dropping frame 1403638595.0278294
Dropping frame 1403638595.1278296
Dropping frame 1403638595.3278296
Dropping frame 1403638595.5278294
Dropping frame 1403638595.7278295
Dropping frame 1403638595.8278296
Dropping frame 1403638595.9278295
Dropping frame 1403638596.0278294
Dropping frame 1403638596.1278296
Dropping frame 1403638596.2278295
Dropping frame 1403638596.4278295
Dropping frame 1403638596.6278296
Dropping frame 1403638596.7278295
Dropping frame 1403638596.8278296
Dropping frame 1403638596.9278295
Dropping frame 1403638597.1278296
Dropping frame 1403638597.3278296
Dropping frame 1403638597.5278294
Dropping frame 1403638597.6278296
Dropping frame 1403638597.7278295
Dropping frame 1403638597.9278295
Dropping frame 1403638598.0278294
Dropping frame 1403638598.2278295
Dropping frame 1403638598.3278296
Dropping frame 1403638598.4278295
Dropping frame 1403638598.6278296
Dropping frame 1403638598.7278295
Dropping frame 1403638598.8278296
Dropping frame 1403638599.0278294
Dropping frame 1403638599.1278296
Dropping frame 1403638599.2278295
Dropping frame 1403638599.4278295
Dropping frame 1403638599.5278294
Dropping frame 1403638599.6778293
Dropping frame 1403638599.7778294
Dropping frame 1403638599.8778293
Dropping frame 1403638600.0778294
Dropping frame 1403638600.2278295
Dropping frame 1403638600.4278295
Dropping frame 1403638600.5278294
Dropping frame 1403638600.6278296
Dropping frame 1403638600.8278296
Dropping frame 1403638600.9778295
Dropping frame 1403638601.1778293
Dropping frame 1403638601.3778293
Dropping frame 1403638601.4778295
Dropping frame 1403638601.5778294
Dropping frame 1403638601.9278295
Dropping frame 1403638602.1278296
Dropping frame 1403638602.3278296
Dropping frame 1403638602.4278295
Dropping frame 1403638602.6778293
Dropping frame 1403638602.8278296
Dropping frame 1403638603.0278294
Dropping frame 1403638603.3278296
Dropping frame 1403638603.4278295
Dropping frame 1403638603.6778293
Dropping frame 1403638603.8778293
Dropping frame 1403638604.2778294
Dropping frame 1403638604.4778295
Dropping frame 1403638604.7778294
Dropping frame 1403638604.9778295
Dropping frame 1403638605.4278295
Dropping frame 1403638605.7278295
Dropping frame 1403638605.8278296
Dropping frame 1403638606.0778294
Dropping frame 1403638606.1778293
Dropping frame 1403638606.5778294
Dropping frame 1403638606.7778294
Dropping frame 1403638606.8778293
Dropping frame 1403638607.1278296
Dropping frame 1403638607.3278296
Dropping frame 1403638607.5278294
Dropping frame 1403638607.6278296
Dropping frame 1403638607.8778293
Dropping frame 1403638607.9778295
Dropping frame 1403638608.2278295
Dropping frame 1403638608.4278295
Dropping frame 1403638608.6278296
Dropping frame 1403638608.9278295
Dropping frame 1403638609.0278294
Dropping frame 1403638610.0778294
Dropping frame 1403638610.5278294
Dropping frame 1403638611.3278296
Dropping frame 1403638611.8278296
Dropping frame 1403638611.9278295
Dropping frame 1403638612.1778293
Dropping frame 1403638612.4778295
Dropping frame 1403638613.9778295
Dropping frame 1403638615.8278296
Dropping frame 1403638619.3278296
Dropping frame 1403638621.2778294
Dropping frame 1403638623.0278294
Dropping frame 1403638625.3778293
Dropping frame 1403638626.5278294
Dropping frame 1403638626.6778293
Dropping frame 1403638626.7778294
Dropping frame 1403638627.4278295
Dropping frame 1403638627.5778294
Dropping frame 1403638627.8278296
Dropping frame 1403638627.9778295
Dropping frame 1403638628.1778293
Dropping frame 1403638628.2778294
Dropping frame 1403638628.5278294
Dropping frame 1403638628.7278295
Dropping frame 1403638628.8278296
Dropping frame 1403638628.9278295
Dropping frame 1403638629.0278294
Dropping frame 1403638629.2278295
Dropping frame 1403638629.3278296
Dropping frame 1403638629.4278295
Dropping frame 1403638629.6278296
Dropping frame 1403638629.7278295
Dropping frame 1403638629.9778295
Dropping frame 1403638630.1778293
Dropping frame 1403638630.2778294
Dropping frame 1403638630.4778295
Dropping frame 1403638630.6778293
Dropping frame 1403638630.8778293
Dropping frame 1403638630.9778295
Dropping frame 1403638631.2278295
Dropping frame 1403638631.3278296
Dropping frame 1403638631.4278295
Dropping frame 1403638631.6278296
Shutdown
SLAM Finished at System Time: 1734511696.10006

 TIME STATS in ms (mean$\pm$std)
OpenCV version: 4.8.1
---------------------------
Tracking

ORB Extraction: 17.869$\pm$2.2711
Stereo Matching: 8.2138$\pm$1.9695
IMU Preintegration: 0.20911$\pm$0.082141
Pose Prediction: 0.49587$\pm$1.3084
LM Track: 17.856$\pm$5.2523
New KF decision: 1.0572$\pm$1.8046
Total Tracking: 32.695$\pm$24.14



Local Mapping

KF Insertion: 13.862$\pm$4.7367
MP Culling: 0.47279$\pm$0.19659
MP Creation: 43.693$\pm$15.977
LBA: 146.73$\pm$47.04
KF Culling: 10.964$\pm$8.167
Total Local Mapping: 215.72$\pm$73.202
---------------------------

LBA complexity (mean$\pm$std)
LBA Edges: 1658.9$\pm$1012.4
LBA KF optimized: 6.5$\pm$2.2913
LBA KF fixed: 1$\pm$0
LBA MP: nan$\pm$nan

LBA executions: 400
LBA aborts: 0
---------------------------

Map complexity
KFs in map: 170
MPs in map: 14013
---------------------------

Place Recognition (mean$\pm$std)
Database Query: 2.119$\pm$1.1407
SE3 estimation: 27.182$\pm$17.802
Total Place Recognition: 21.204$\pm$20.547


Loop Closing (mean$\pm$std)
Loop Fusion: nan$\pm$nan
Essential Graph: nan$\pm$nan
Total Loop Closing: nan$\pm$nan

Num exec: 0
Number of KFs: nan$\pm$nan

Map Merging (mean$\pm$std)
Merge Maps: nan$\pm$nan
Welding BA: nan$\pm$nan
Optimization Ess.: nan$\pm$nan
Total Map Merging: nan$\pm$nan

Num exec: 0
Number of KFs: nan$\pm$nan
Number of MPs: nan$\pm$nan

Full GBA (mean$\pm$std)
GBA: nan$\pm$nan
Map Update: nan$\pm$nan
Total Full GBA: nan$\pm$nan

Num exec: 0
Num abort: 0
Number of KFs: nan$\pm$nan
Number of MPs: nan$\pm$nan

Saving trajectory to f_dataset-MH05_stereo_imu.txt ...
There are 1 maps in the atlas
  Map 0 has 170 KFs

End of saving trajectory to f_dataset-MH05_stereo_imu.txt ...

Saving keyframe trajectory to kf_dataset-MH05_stereo_imu.txt ...
