num_seq = 1
file name: dataset-MH05_stereo_imu
Loading images for sequence 0...LOADED!
Loading IMU for sequence 0...LOADED!

-------

ORB-SLAM3 Copyright (C) 2017-2020 Carlos Campos, Richard Elvira, Juan J. Gómez, José M.M. Montiel and Juan D. Tardós, University of Zaragoza.
ORB-SLAM2 Copyright (C) 2014-2016 Raúl Mur-Artal, José M.M. Montiel and Juan D. Tardós, University of Zaragoza.
This program comes with ABSOLUTELY NO WARRANTY;
This is free software, and you are welcome to redistribute it
under certain conditions. See LICENSE.txt.

Built with REGISTER_TIMES
Git Commit Hash: 42e930e

Compiled with C++ version: 201703

Input sensor was set to: Stereo-Inertial
Loading settings from ./Examples/Stereo-Inertial/EuRoC_fov_deadlines_mask_11x11.yaml
	-Loaded camera 1
	-Loaded camera 2
	-Loaded image info
	-Loaded IMU calibration
	-Loaded ORB settings
	-Loaded viewer settings
	-Loaded Atlas settings
Deadlines enabled, will skip frames!
FOV enabled
Static mask size: 11x11
Dumping map points enabled
	-Loaded misc parameters
	-Computed rectification maps
----------------------------------
SLAM settings: 
	-Camera 1 parameters (Pinhole): [ 458.65399169921875 457.29598999023438 367.21499633789062 248.375 ]
	-Camera 1 distortion parameters: [  -0.28340810537338257 0.073959067463874817 0.00019359000725671649 1.7618711353861727e-05 ]
	-Camera 2 parameters (Pinhole: [ 457.58700561523438 456.13400268554688 379.99899291992188 255.23800659179688 ]
	-Camera 1 distortion parameters: [  -0.2836836576461792 0.074512839317321777 -0.00010473000293131918 -3.555907096597366e-05 ]
	-Original image size: [ 752 , 480 ]
	-Current image size: [ 752 , 480 ]
	-Camera 1 parameters after rectification: [  456.71499633789062 456.71499633789062 364.52615356445312 257.268798828125 ]
	-Sequence FPS: 20
	-Stereo baseline: 0.11007784307003021
	-Stereo depth threshold : 60
	-Gyro noise: 0.00016999999934341758
	-Accelerometer noise: 0.0020000000949949026
	-Gyro walk: 1.9392999092815444e-05
	-Accelerometer walk: 0.0030000000260770321
	-IMU frequency: 200
	-Features per image: 1200
	-ORB scale factor: 1.2000000476837158
	-ORB number of scales: 8
	-Initial FAST threshold: 20
	-Min FAST threshold: 7


Loading ORB Vocabulary. This could take a while...
Vocabulary loaded!

Initialization of Atlas from scratch 
Creation of new map with id: 0
Creation of new map with last KF id: 0
Seq. Name: 
There are 1 cameras in the atlas
Camera 0 is pinhole
SLAM Started at System Time: 1734512433.07068
not IMU meas
not IMU meas
not enough acceleration
not enough acceleration
not enough acceleration
not enough acceleration
not enough acceleration
not enough acceleration
not enough acceleration
not enough acceleration
not enough acceleration
not enough acceleration
not enough acceleration
not enough acceleration
not enough acceleration
not enough acceleration
not enough acceleration
not enough acceleration
not enough acceleration
not enough acceleration
not enough acceleration
not enough acceleration
not enough acceleration
not enough acceleration
not enough acceleration
not enough acceleration
not enough acceleration
not enough acceleration
not enough acceleration
not enough acceleration
not enough acceleration
not enough acceleration
not enough acceleration
not enough acceleration
not enough acceleration
not enough acceleration
not enough acceleration
not enough acceleration
not enough acceleration
not enough acceleration
not enough acceleration
not enough acceleration
not enough acceleration
not enough acceleration
not enough acceleration
not enough acceleration
not enough acceleration
not enough acceleration
not enough acceleration
not enough acceleration
not enough acceleration
not enough acceleration
not enough acceleration
not enough acceleration
not enough acceleration
not enough acceleration
not enough acceleration
not enough acceleration
not enough acceleration
not enough acceleration
not enough acceleration
not enough acceleration
not enough acceleration
not enough acceleration
not enough acceleration
not enough acceleration
not enough acceleration
not enough acceleration
not enough acceleration
not enough acceleration
not enough acceleration
not enough acceleration
not enough acceleration
not enough acceleration
not enough acceleration
not enough acceleration
not enough acceleration
not enough acceleration
not enough acceleration
not enough acceleration
First KF:0; Map init KF:0
New Map created with 127 points
Active map: 0
Dropping frame 1403638522.9778295
Dropping frame 1403638523.1778293
Dropping frame 1403638523.2778294
Dropping frame 1403638523.5278294
Dropping frame 1403638523.7278295
Dropping frame 1403638523.8278296
Dropping frame 1403638523.9778295
Dropping frame 1403638524.4278295
Dropping frame 1403638524.6278296
Dropping frame 1403638524.7278295
Dropping frame 1403638524.9278295
Dropping frame 1403638525.2278295
Dropping frame 1403638525.5278294
Dropping frame 1403638525.6278296
Dropping frame 1403638525.7278295
Dropping frame 1403638526.0778294
Dropping frame 1403638526.1778293
Dropping frame 1403638526.4278295
Dropping frame 1403638526.5278294
Dropping frame 1403638526.6778293
Dropping frame 1403638526.7778294
Dropping frame 1403638526.9778295
Dropping frame 1403638527.0778294
start VIBA 1
Dropping frame 1403638527.4278295
end VIBA 1
Dropping frame 1403638527.6278296
Dropping frame 1403638527.8278296
Dropping frame 1403638528.4278295
Dropping frame 1403638528.7778294
Dropping frame 1403638528.9778295
Dropping frame 1403638529.0778294
Dropping frame 1403638529.2778294
Dropping frame 1403638529.4778295
Dropping frame 1403638529.5778294
Dropping frame 1403638530.3778293
Dropping frame 1403638530.9278295
Dropping frame 1403638531.0278294
Dropping frame 1403638531.1278296
Not enough motion for initializing. Reseting...
TRACK: Reset map because local mapper set the bad imu flag 
LM: Active map reset recieved
LM: Active map reset, waiting...
LM: Reseting current map in Local Mapping...
LM: End reseting Local Mapping...
LM: Reset free the mutex
LM: Active map reset, Done!!!
mnFirstFrameId = 80
mnInitialFrameId = 0
150 Frames set to lost
not IMU meas
Dropping frame 1403638531.5278294
not enough acceleration
not enough acceleration
not enough acceleration
not enough acceleration
Dropping frame 1403638531.7778294
not enough acceleration
Dropping frame 1403638531.8778293
not enough acceleration
Dropping frame 1403638531.9778295
not enough acceleration
not enough acceleration
not enough acceleration
not enough acceleration
not enough acceleration
not enough acceleration
Dropping frame 1403638532.3278296
not enough acceleration
Dropping frame 1403638532.4278295
not enough acceleration
Dropping frame 1403638532.5278294
not enough acceleration
not enough acceleration
not enough acceleration
Dropping frame 1403638532.7278295
not enough acceleration
not enough acceleration
not enough acceleration
Dropping frame 1403638532.9278295
not enough acceleration
Dropping frame 1403638533.0278294
not enough acceleration
Dropping frame 1403638533.1278296
not enough acceleration
not enough acceleration
not enough acceleration
Dropping frame 1403638533.3278296
not enough acceleration
Dropping frame 1403638533.4278295
not enough acceleration
not enough acceleration
not enough acceleration
not enough acceleration
Dropping frame 1403638533.6778293
not enough acceleration
not enough acceleration
not enough acceleration
Dropping frame 1403638533.8778293
not enough acceleration
not enough acceleration
not enough acceleration
not enough acceleration
not enough acceleration
not enough acceleration
not enough acceleration
not enough acceleration
not enough acceleration
not enough acceleration
not enough acceleration
not enough acceleration
not enough acceleration
not enough acceleration
not enough acceleration
not enough acceleration
not enough acceleration
not enough acceleration
not enough acceleration
not enough acceleration
not enough acceleration
not enough acceleration
not enough acceleration
not enough acceleration
not enough acceleration
not enough acceleration
not enough acceleration
not enough acceleration
not enough acceleration
not enough acceleration
not enough acceleration
not enough acceleration
not enough acceleration
not enough acceleration
not enough acceleration
Dropping frame 1403638535.6778293
not enough acceleration
not enough acceleration
not enough acceleration
not enough acceleration
not enough acceleration
not enough acceleration
Dropping frame 1403638536.0278294
not enough acceleration
not enough acceleration
not enough acceleration
not enough acceleration
not enough acceleration
not enough acceleration
not enough acceleration
not enough acceleration
not enough acceleration
not enough acceleration
not enough acceleration
not enough acceleration
not enough acceleration
not enough acceleration
not enough acceleration
not enough acceleration
not enough acceleration
not enough acceleration
not enough acceleration
not enough acceleration
not enough acceleration
not enough acceleration
not enough acceleration
not enough acceleration
not enough acceleration
not enough acceleration
not enough acceleration
not enough acceleration
not enough acceleration
not enough acceleration
not enough acceleration
not enough acceleration
not enough acceleration
not enough acceleration
not enough acceleration
not enough acceleration
not enough acceleration
not enough acceleration
not enough acceleration
not enough acceleration
not enough acceleration
not enough acceleration
not enough acceleration
not enough acceleration
not enough acceleration
not enough acceleration
not enough acceleration
not enough acceleration
not enough acceleration
not enough acceleration
not enough acceleration
not enough acceleration
not enough acceleration
not enough acceleration
First KF:41; Map init KF:0
New Map created with 167 points
Active map: 0
start VIBA 1
end VIBA 1
Dropping frame 1403638545.6278296
Dropping frame 1403638545.7778294
Dropping frame 1403638545.9778295
Dropping frame 1403638546.1278296
Dropping frame 1403638546.3278296
Dropping frame 1403638546.4278295
Dropping frame 1403638546.7778294
Dropping frame 1403638546.8778293
Dropping frame 1403638547.0778294
Dropping frame 1403638547.2778294
Dropping frame 1403638547.3778293
Dropping frame 1403638547.5278294
Dropping frame 1403638547.6278296
Dropping frame 1403638547.8278296
Dropping frame 1403638547.9778295
Dropping frame 1403638548.0778294
Dropping frame 1403638548.2278295
Dropping frame 1403638548.3278296
Dropping frame 1403638548.4778295
Dropping frame 1403638548.5778294
Dropping frame 1403638549.0278294
Dropping frame 1403638549.3778293
Dropping frame 1403638549.4778295
Dropping frame 1403638549.6778293
Dropping frame 1403638549.8278296
Dropping frame 1403638550.0778294
Dropping frame 1403638550.3778293
Dropping frame 1403638551.2778294
Dropping frame 1403638551.4778295
Dropping frame 1403638551.8278296
Dropping frame 1403638551.9278295
Dropping frame 1403638552.0278294
Dropping frame 1403638552.1278296
Dropping frame 1403638552.2778294
Dropping frame 1403638552.3778293
Dropping frame 1403638552.6278296
Dropping frame 1403638552.7278295
Dropping frame 1403638553.0278294
Dropping frame 1403638553.1278296
Dropping frame 1403638553.3278296
Dropping frame 1403638553.4278295
Dropping frame 1403638553.5278294
Dropping frame 1403638553.7278295
Dropping frame 1403638553.8278296
Dropping frame 1403638554.0278294
Dropping frame 1403638554.1278296
start VIBA 2
Dropping frame 1403638554.3778293
Dropping frame 1403638554.5778294
end VIBA 2
Dropping frame 1403638554.6778293
Dropping frame 1403638554.7778294
Dropping frame 1403638554.9278295
Dropping frame 1403638555.0278294
Dropping frame 1403638555.2278295
Dropping frame 1403638555.4278295
Dropping frame 1403638555.5278294
Dropping frame 1403638555.6278296
Dropping frame 1403638555.8278296
Dropping frame 1403638555.9278295
Dropping frame 1403638556.1778293
Dropping frame 1403638556.3778293
Dropping frame 1403638556.4778295
Dropping frame 1403638556.6778293
Dropping frame 1403638556.8778293
Dropping frame 1403638557.1778293
Dropping frame 1403638557.2778294
Dropping frame 1403638557.6278296
Dropping frame 1403638557.7278295
Dropping frame 1403638558.0778294
Dropping frame 1403638558.1778293
Dropping frame 1403638558.3778293
Dropping frame 1403638558.5778294
Dropping frame 1403638558.6778293
Dropping frame 1403638558.8278296
Dropping frame 1403638558.9778295
Dropping frame 1403638559.0778294
Dropping frame 1403638559.3278296
Dropping frame 1403638559.4278295
Dropping frame 1403638559.5778294
Dropping frame 1403638559.6778293
Dropping frame 1403638559.7778294
Dropping frame 1403638559.9778295
Dropping frame 1403638560.1778293
Dropping frame 1403638560.2778294
Dropping frame 1403638560.5278294
Dropping frame 1403638560.6278296
Dropping frame 1403638560.8278296
Dropping frame 1403638560.9278295
Dropping frame 1403638561.0278294
Dropping frame 1403638561.1278296
Dropping frame 1403638561.3278296
Dropping frame 1403638561.4278295
Dropping frame 1403638561.5278294
Dropping frame 1403638561.6278296
Dropping frame 1403638561.7278295
Dropping frame 1403638561.9278295
Dropping frame 1403638562.0278294
Dropping frame 1403638562.1278296
Dropping frame 1403638562.2278295
Dropping frame 1403638562.3278296
Dropping frame 1403638562.4778295
Dropping frame 1403638562.5778294
Dropping frame 1403638562.7778294
Dropping frame 1403638563.0278294
Dropping frame 1403638563.3278296
Dropping frame 1403638563.4278295
Dropping frame 1403638563.5278294
Dropping frame 1403638563.7278295
Dropping frame 1403638563.8278296
Dropping frame 1403638563.9778295
Dropping frame 1403638564.0778294
Dropping frame 1403638564.3278296
Dropping frame 1403638564.5278294
Dropping frame 1403638564.7278295
Dropping frame 1403638564.9278295
Dropping frame 1403638565.0278294
Dropping frame 1403638565.2278295
Dropping frame 1403638565.4278295
Dropping frame 1403638565.5278294
Dropping frame 1403638565.8278296
Dropping frame 1403638566.0278294
Dropping frame 1403638566.1278296
Dropping frame 1403638566.2778294
Dropping frame 1403638566.3778293
Dropping frame 1403638566.5778294
Dropping frame 1403638566.7778294
Dropping frame 1403638566.8778293
Dropping frame 1403638566.9778295
Dropping frame 1403638567.1778293
Dropping frame 1403638567.3778293
Dropping frame 1403638567.5778294
Dropping frame 1403638567.6778293
Dropping frame 1403638567.7778294
Dropping frame 1403638567.9778295
Dropping frame 1403638568.1778293
Dropping frame 1403638568.2778294
Dropping frame 1403638568.3778293
Dropping frame 1403638568.5778294
Dropping frame 1403638568.7778294
Dropping frame 1403638569.1278296
Dropping frame 1403638569.2278295
Dropping frame 1403638569.4778295
Dropping frame 1403638569.6778293
Dropping frame 1403638569.8778293
Dropping frame 1403638569.9778295
Dropping frame 1403638571.1778293
Dropping frame 1403638571.2778294
Dropping frame 1403638571.6278296
Dropping frame 1403638571.7278295
Dropping frame 1403638571.8778293
Dropping frame 1403638572.0778294
Dropping frame 1403638572.1778293
Dropping frame 1403638572.2778294
Dropping frame 1403638572.4778295
Dropping frame 1403638572.6778293
Dropping frame 1403638572.7778294
Dropping frame 1403638573.0278294
Dropping frame 1403638573.1278296
Dropping frame 1403638573.2278295
Dropping frame 1403638573.4278295
Dropping frame 1403638573.5278294
Dropping frame 1403638573.6278296
Dropping frame 1403638573.7278295
Dropping frame 1403638573.9778295
Dropping frame 1403638574.1778293
Dropping frame 1403638574.2778294
Dropping frame 1403638574.4278295
Dropping frame 1403638574.5278294
Dropping frame 1403638574.6278296
Dropping frame 1403638574.8278296
Dropping frame 1403638575.0278294
Dropping frame 1403638575.1278296
Dropping frame 1403638575.2278295
Dropping frame 1403638575.3278296
Dropping frame 1403638575.4278295
Dropping frame 1403638575.6778293
Dropping frame 1403638575.8778293
Dropping frame 1403638575.9778295
Dropping frame 1403638576.0778294
Dropping frame 1403638576.2778294
Dropping frame 1403638576.3778293
Dropping frame 1403638576.4778295
Dropping frame 1403638576.6778293
Dropping frame 1403638576.8778293
Dropping frame 1403638576.9778295
Dropping frame 1403638577.1778293
Dropping frame 1403638577.2778294
Dropping frame 1403638577.4778295
Dropping frame 1403638577.9778295
Dropping frame 1403638578.1778293
Dropping frame 1403638578.2778294
Dropping frame 1403638578.4778295
Dropping frame 1403638578.6778293
Dropping frame 1403638578.8778293
Dropping frame 1403638578.9778295
Dropping frame 1403638579.2278295
Dropping frame 1403638579.3278296
Dropping frame 1403638579.7278295
Dropping frame 1403638579.8278296
Dropping frame 1403638580.1278296
Dropping frame 1403638580.5778294
Dropping frame 1403638581.0778294
Dropping frame 1403638581.5278294
Dropping frame 1403638581.7278295
Dropping frame 1403638581.9278295
Dropping frame 1403638582.1278296
Dropping frame 1403638582.4278295
Dropping frame 1403638582.6278296
Dropping frame 1403638582.8278296
Dropping frame 1403638583.0278294
Dropping frame 1403638583.2278295
Dropping frame 1403638583.3278296
Dropping frame 1403638583.5278294
Dropping frame 1403638583.7278295
Dropping frame 1403638584.0278294
Dropping frame 1403638584.3778293
Dropping frame 1403638584.4778295
Dropping frame 1403638584.6778293
Dropping frame 1403638584.8778293
Dropping frame 1403638585.2278295
Dropping frame 1403638585.3278296
Dropping frame 1403638585.5778294
Dropping frame 1403638585.8278296
Dropping frame 1403638586.0278294
Dropping frame 1403638586.2278295
Dropping frame 1403638586.3278296
Dropping frame 1403638586.4778295
Dropping frame 1403638586.6778293
Dropping frame 1403638586.8278296
Dropping frame 1403638587.0278294
Dropping frame 1403638587.3278296
Dropping frame 1403638587.4778295
Dropping frame 1403638587.6778293
Dropping frame 1403638587.8778293
Dropping frame 1403638588.1778293
Dropping frame 1403638588.4778295
Dropping frame 1403638588.6778293
Dropping frame 1403638589.3278296
Dropping frame 1403638589.5278294
Dropping frame 1403638589.7778294
Dropping frame 1403638590.3278296
Dropping frame 1403638590.5278294
Dropping frame 1403638590.8778293
Dropping frame 1403638591.1778293
Dropping frame 1403638591.2778294
Dropping frame 1403638591.3778293
Dropping frame 1403638591.5778294
Dropping frame 1403638591.7278295
Dropping frame 1403638591.9278295
Dropping frame 1403638592.1278296
Dropping frame 1403638592.3278296
Dropping frame 1403638592.4278295
Dropping frame 1403638592.5278294
Dropping frame 1403638592.7278295
Dropping frame 1403638592.8278296
Dropping frame 1403638593.0778294
Dropping frame 1403638593.2778294
Dropping frame 1403638593.4778295
Dropping frame 1403638593.5778294
Dropping frame 1403638593.6778293
Dropping frame 1403638593.8778293
Dropping frame 1403638593.9778295
Dropping frame 1403638594.2278295
Dropping frame 1403638594.3278296
Dropping frame 1403638594.4278295
Dropping frame 1403638594.5278294
Dropping frame 1403638594.6778293
Dropping frame 1403638594.8778293
Dropping frame 1403638595.0778294
Dropping frame 1403638595.1778293
Dropping frame 1403638595.2778294
Dropping frame 1403638595.3778293
Dropping frame 1403638595.5778294
Dropping frame 1403638595.6778293
Dropping frame 1403638595.7778294
Dropping frame 1403638595.9778295
Dropping frame 1403638596.0778294
Dropping frame 1403638596.1778293
Dropping frame 1403638596.3778293
Dropping frame 1403638596.5778294
Dropping frame 1403638596.6778293
Dropping frame 1403638596.7778294
Dropping frame 1403638596.8778293
Dropping frame 1403638596.9778295
Dropping frame 1403638597.0778294
Dropping frame 1403638597.1778293
Dropping frame 1403638597.2778294
Dropping frame 1403638597.3778293
Dropping frame 1403638597.4778295
Dropping frame 1403638597.7278295
Dropping frame 1403638597.8278296
Dropping frame 1403638597.9278295
Dropping frame 1403638598.0278294
Dropping frame 1403638598.1778293
Dropping frame 1403638598.2778294
Dropping frame 1403638598.6278296
Dropping frame 1403638598.8278296
Dropping frame 1403638598.9278295
Dropping frame 1403638599.0778294
Dropping frame 1403638599.1778293
Dropping frame 1403638599.4278295
Dropping frame 1403638599.6278296
Dropping frame 1403638599.8778293
Dropping frame 1403638599.9778295
Dropping frame 1403638600.0778294
Dropping frame 1403638600.2778294
Dropping frame 1403638600.4778295
Dropping frame 1403638600.9278295
Dropping frame 1403638601.0278294
Dropping frame 1403638601.4278295
Dropping frame 1403638601.5278294
Dropping frame 1403638601.6278296
Dropping frame 1403638601.8778293
Dropping frame 1403638602.0778294
Dropping frame 1403638602.2778294
Dropping frame 1403638602.5778294
Dropping frame 1403638602.7778294
Dropping frame 1403638603.1278296
Dropping frame 1403638603.2278295
Dropping frame 1403638603.5278294
Dropping frame 1403638603.9778295
Dropping frame 1403638604.0778294
Dropping frame 1403638604.4278295
Dropping frame 1403638604.6278296
Dropping frame 1403638604.9278295
Dropping frame 1403638605.0278294
Dropping frame 1403638605.5778294
Dropping frame 1403638605.7778294
Dropping frame 1403638605.9778295
Dropping frame 1403638606.1278296
Dropping frame 1403638606.3778293
Dropping frame 1403638606.6778293
Dropping frame 1403638606.8778293
Dropping frame 1403638607.0778294
Dropping frame 1403638607.3778293
Dropping frame 1403638607.7278295
Dropping frame 1403638607.8278296
Dropping frame 1403638607.9278295
Dropping frame 1403638608.1278296
Dropping frame 1403638608.2778294
Dropping frame 1403638608.6278296
Dropping frame 1403638608.9278295
Dropping frame 1403638609.1278296
Dropping frame 1403638609.4778295
Dropping frame 1403638609.7778294
Dropping frame 1403638610.0778294
Dropping frame 1403638610.3778293
Dropping frame 1403638610.5778294
Dropping frame 1403638610.6778293
Dropping frame 1403638611.5778294
Dropping frame 1403638611.9278295
Dropping frame 1403638612.1278296
Dropping frame 1403638612.2278295
Dropping frame 1403638612.3778293
Dropping frame 1403638614.2778294
Dropping frame 1403638615.3278296
Dropping frame 1403638619.0778294
Dropping frame 1403638625.0778294
Dropping frame 1403638625.6778293
Dropping frame 1403638625.7778294
Dropping frame 1403638626.0278294
Dropping frame 1403638626.4778295
Dropping frame 1403638626.5778294
Dropping frame 1403638626.9278295
Dropping frame 1403638627.1278296
Dropping frame 1403638627.3278296
Dropping frame 1403638627.4278295
Dropping frame 1403638627.6778293
Dropping frame 1403638627.7778294
Dropping frame 1403638627.9778295
Dropping frame 1403638628.0778294
Dropping frame 1403638628.3278296
Dropping frame 1403638628.4278295
Dropping frame 1403638628.5278294
Dropping frame 1403638628.7778294
Dropping frame 1403638628.8778293
Dropping frame 1403638629.0778294
Dropping frame 1403638629.2778294
Dropping frame 1403638629.4778295
Dropping frame 1403638629.5778294
Dropping frame 1403638629.6778293
Dropping frame 1403638629.8778293
Dropping frame 1403638630.0778294
Dropping frame 1403638630.1778293
Dropping frame 1403638630.2778294
Dropping frame 1403638630.5278294
Dropping frame 1403638630.6278296
Dropping frame 1403638630.8778293
Dropping frame 1403638630.9778295
Dropping frame 1403638631.0778294
Dropping frame 1403638631.4278295
Dropping frame 1403638631.6278296
Shutdown
SLAM Finished at System Time: 1734512569.13418

 TIME STATS in ms (mean$\pm$std)
OpenCV version: 4.8.1
---------------------------
Tracking

ORB Extraction: 18.131$\pm$2.3068
Stereo Matching: 8.1965$\pm$1.9019
IMU Preintegration: 0.20729$\pm$0.074943
Pose Prediction: 0.39928$\pm$1.18
LM Track: 18.226$\pm$4.6208
New KF decision: 1.0842$\pm$1.8433
Total Tracking: 32.82$\pm$24.154



Local Mapping

KF Insertion: 14.063$\pm$4.8636
MP Culling: 0.48105$\pm$0.20935
MP Creation: 45.57$\pm$14.562
LBA: 147.15$\pm$43.065
KF Culling: 11.252$\pm$8.4691
Total Local Mapping: 218.82$\pm$65.975
---------------------------

LBA complexity (mean$\pm$std)
LBA Edges: 2056.2$\pm$1074.1
LBA KF optimized: 6.5$\pm$2.2913
LBA KF fixed: 1$\pm$0
LBA MP: nan$\pm$nan

LBA executions: 394
LBA aborts: 0
---------------------------

Map complexity
KFs in map: 163
MPs in map: 12953
---------------------------

Place Recognition (mean$\pm$std)
Database Query: 2.0072$\pm$0.98073
SE3 estimation: 26.11$\pm$16.566
Total Place Recognition: 20.83$\pm$19.31


Loop Closing (mean$\pm$std)
Loop Fusion: nan$\pm$nan
Essential Graph: nan$\pm$nan
Total Loop Closing: nan$\pm$nan

Num exec: 0
Number of KFs: nan$\pm$nan

Map Merging (mean$\pm$std)
Merge Maps: nan$\pm$nan
Welding BA: nan$\pm$nan
Optimization Ess.: nan$\pm$nan
Total Map Merging: nan$\pm$nan

Num exec: 0
Number of KFs: nan$\pm$nan
Number of MPs: nan$\pm$nan

Full GBA (mean$\pm$std)
GBA: nan$\pm$nan
Map Update: nan$\pm$nan
Total Full GBA: nan$\pm$nan

Num exec: 0
Num abort: 0
Number of KFs: nan$\pm$nan
Number of MPs: nan$\pm$nan

Saving trajectory to f_dataset-MH05_stereo_imu.txt ...
There are 1 maps in the atlas
  Map 0 has 163 KFs

End of saving trajectory to f_dataset-MH05_stereo_imu.txt ...

Saving keyframe trajectory to kf_dataset-MH05_stereo_imu.txt ...
