num_seq = 1
file name: dataset-MH04_stereo_imu
Loading images for sequence 0...LOADED!
Loading IMU for sequence 0...LOADED!

-------

ORB-SLAM3 Copyright (C) 2017-2020 Carlos Campos, Richard Elvira, Juan J. Gómez, José M.M. Montiel and Juan D. Tardós, University of Zaragoza.
ORB-SLAM2 Copyright (C) 2014-2016 Raúl Mur-Artal, José M.M. Montiel and Juan D. Tardós, University of Zaragoza.
This program comes with ABSOLUTELY NO WARRANTY;
This is free software, and you are welcome to redistribute it
under certain conditions. See LICENSE.txt.

Built with REGISTER_TIMES
Git Commit Hash: 5ee9387

Compiled with C++ version: 201703

Input sensor was set to: Stereo-Inertial
Loading settings from ./Examples/Stereo-Inertial/EuRoC_fov_deadlines_mask_10x10.yaml
	-Loaded camera 1
	-Loaded camera 2
	-Loaded image info
	-Loaded IMU calibration
	-Loaded ORB settings
	-Loaded viewer settings
	-Loaded Atlas settings
Deadlines enabled, will skip frames!
FOV enabled
Static mask size: 10x10
Dumping map points enabled
	-Loaded misc parameters
	-Computed rectification maps
----------------------------------
SLAM settings: 
	-Camera 1 parameters (Pinhole): [ 458.65399169921875 457.29598999023438 367.21499633789062 248.375 ]
	-Camera 1 distortion parameters: [  -0.28340810537338257 0.073959067463874817 0.00019359000725671649 1.7618711353861727e-05 ]
	-Camera 2 parameters (Pinhole: [ 457.58700561523438 456.13400268554688 379.99899291992188 255.23800659179688 ]
	-Camera 1 distortion parameters: [  -0.2836836576461792 0.074512839317321777 -0.00010473000293131918 -3.555907096597366e-05 ]
	-Original image size: [ 752 , 480 ]
	-Current image size: [ 752 , 480 ]
	-Camera 1 parameters after rectification: [  456.71499633789062 456.71499633789062 364.52615356445312 257.268798828125 ]
	-Sequence FPS: 20
	-Stereo baseline: 0.11007784307003021
	-Stereo depth threshold : 60
	-Gyro noise: 0.00016999999934341758
	-Accelerometer noise: 0.0020000000949949026
	-Gyro walk: 1.9392999092815444e-05
	-Accelerometer walk: 0.0030000000260770321
	-IMU frequency: 200
	-Features per image: 1200
	-ORB scale factor: 1.2000000476837158
	-ORB number of scales: 8
	-Initial FAST threshold: 20
	-Min FAST threshold: 7


Loading ORB Vocabulary. This could take a while...
Vocabulary loaded!

Initialization of Atlas from scratch 
Creation of new map with id: 0
Creation of new map with last KF id: 0
Seq. Name: 
There are 1 cameras in the atlas
Camera 0 is pinhole
SLAM Started at System Time: 1734435969.52715
not IMU meas
not IMU meas
not enough acceleration
not enough acceleration
not enough acceleration
not enough acceleration
not enough acceleration
not enough acceleration
not enough acceleration
not enough acceleration
not enough acceleration
not enough acceleration
not enough acceleration
not enough acceleration
not enough acceleration
not enough acceleration
not enough acceleration
not enough acceleration
not enough acceleration
not enough acceleration
not enough acceleration
not enough acceleration
not enough acceleration
not enough acceleration
not enough acceleration
not enough acceleration
not enough acceleration
not enough acceleration
not enough acceleration
not enough acceleration
not enough acceleration
not enough acceleration
First KF:0; Map init KF:0
New Map created with 146 points
Active map: 0
Dropping frame 1403638130.195097
Dropping frame 1403638130.5450969
Dropping frame 1403638130.8450971
Dropping frame 1403638130.945097
Dropping frame 1403638131.2950971
Dropping frame 1403638131.4950972
Dropping frame 1403638131.645097
Dropping frame 1403638132.0450969
Dropping frame 1403638132.2950971
Dropping frame 1403638132.395097
Dropping frame 1403638132.5950971
Dropping frame 1403638132.7450969
Dropping frame 1403638133.145097
Dropping frame 1403638133.4950972
Dropping frame 1403638133.695097
Dropping frame 1403638133.7950971
Dropping frame 1403638134.0450969
Dropping frame 1403638134.145097
start VIBA 1
Dropping frame 1403638134.3450971
end VIBA 1
Dropping frame 1403638134.445097
Dropping frame 1403638134.5450969
Dropping frame 1403638134.945097
Dropping frame 1403638135.0450969
Dropping frame 1403638135.145097
Dropping frame 1403638135.4950972
Dropping frame 1403638135.645097
Dropping frame 1403638135.8450971
Dropping frame 1403638136.0450969
Dropping frame 1403638136.145097
Dropping frame 1403638136.2450969
Dropping frame 1403638136.4950972
Dropping frame 1403638136.695097
Dropping frame 1403638136.7950971
Dropping frame 1403638137.0450969
Dropping frame 1403638137.2450969
Dropping frame 1403638137.445097
Dropping frame 1403638137.5450969
Dropping frame 1403638137.695097
Dropping frame 1403638137.7950971
Dropping frame 1403638137.895097
Dropping frame 1403638137.9950972
Dropping frame 1403638138.195097
Dropping frame 1403638138.395097
Dropping frame 1403638138.5950971
Dropping frame 1403638138.695097
Dropping frame 1403638138.7950971
Dropping frame 1403638138.895097
Not enough motion for initializing. Reseting...
TRACK: Reset map because local mapper set the bad imu flag 
LM: Active map reset recieved
LM: Active map reset, waiting...
LM: Reseting current map in Local Mapping...
LM: End reseting Local Mapping...
LM: Reset free the mutex
LM: Active map reset, Done!!!
mnFirstFrameId = 32
mnInitialFrameId = 0
154 Frames set to lost
not IMU meas
Dropping frame 1403638139.0450969
not enough acceleration
not enough acceleration
First KF:39; Map init KF:0
New Map created with 169 points
Active map: 0
Dropping frame 1403638139.2450969
Dropping frame 1403638139.3450971
Dropping frame 1403638139.5450969
Dropping frame 1403638139.645097
Dropping frame 1403638139.7450969
Dropping frame 1403638139.945097
Dropping frame 1403638140.0450969
Dropping frame 1403638140.145097
Dropping frame 1403638140.3450971
Dropping frame 1403638140.5450969
Dropping frame 1403638140.7450969
Dropping frame 1403638140.8450971
Dropping frame 1403638140.945097
Dropping frame 1403638141.195097
Dropping frame 1403638141.2950971
Dropping frame 1403638141.5450969
Dropping frame 1403638141.7450969
Dropping frame 1403638141.8450971
Dropping frame 1403638141.9950972
Not enough motion for initializing. Reseting...
Dropping frame 1403638142.195097
LM: Reseting current map in Local Mapping...
LM: End reseting Local Mapping...
LM: Reset free the mutex
Dropping frame 1403638142.2950971
Dropping frame 1403638142.5450969
Not enough motion for initializing. Reseting...
Dropping frame 1403638142.695097
LM: Reseting current map in Local Mapping...
LM: End reseting Local Mapping...
LM: Reset free the mutex
Dropping frame 1403638142.895097
Dropping frame 1403638143.0950971
Not enough motion for initializing. Reseting...
TRACK: Reset map because local mapper set the bad imu flag 
LM: Reseting current map in Local Mapping...
LM: End reseting Local Mapping...
LM: Reset free the mutex
LM: Active map reset recieved
LM: Active map reset, waiting...
LM: Reseting current map in Local Mapping...
LM: End reseting Local Mapping...
LM: Reset free the mutex
LM: Active map reset, Done!!!
mnFirstFrameId = 190
mnInitialFrameId = 186
209 Frames set to lost
not IMU meas
not enough acceleration
not enough acceleration
not enough acceleration
not enough acceleration
Dropping frame 1403638143.4950972
not enough acceleration
not enough acceleration
not enough acceleration
not enough acceleration
not enough acceleration
not enough acceleration
not enough acceleration
not enough acceleration
not enough acceleration
not enough acceleration
not enough acceleration
not enough acceleration
not enough acceleration
Dropping frame 1403638144.195097
not enough acceleration
not enough acceleration
not enough acceleration
not enough acceleration
not enough acceleration
not enough acceleration
not enough acceleration
not enough acceleration
not enough acceleration
not enough acceleration
not enough acceleration
not enough acceleration
not enough acceleration
not enough acceleration
Dropping frame 1403638144.945097
not enough acceleration
not enough acceleration
not enough acceleration
not enough acceleration
Dropping frame 1403638145.195097
Dropping frame 1403638145.2450969
not enough acceleration
not enough acceleration
not enough acceleration
not enough acceleration
not enough acceleration
not enough acceleration
not enough acceleration
not enough acceleration
not enough acceleration
not enough acceleration
not enough acceleration
not enough acceleration
not enough acceleration
not enough acceleration
not enough acceleration
not enough acceleration
not enough acceleration
not enough acceleration
not enough acceleration
not enough acceleration
not enough acceleration
not enough acceleration
not enough acceleration
not enough acceleration
not enough acceleration
not enough acceleration
not enough acceleration
not enough acceleration
not enough acceleration
not enough acceleration
not enough acceleration
not enough acceleration
not enough acceleration
not enough acceleration
not enough acceleration
not enough acceleration
not enough acceleration
not enough acceleration
not enough acceleration
not enough acceleration
not enough acceleration
not enough acceleration
not enough acceleration
not enough acceleration
not enough acceleration
not enough acceleration
not enough acceleration
not enough acceleration
not enough acceleration
not enough acceleration
First KF:52; Map init KF:39
New Map created with 174 points
Active map: 0
start VIBA 1
end VIBA 1
Dropping frame 1403638156.445097
Dropping frame 1403638156.7450969
Dropping frame 1403638157.0450969
Dropping frame 1403638157.2450969
Dropping frame 1403638157.395097
Dropping frame 1403638157.4950972
Dropping frame 1403638157.5950971
Dropping frame 1403638157.7950971
Dropping frame 1403638157.945097
Dropping frame 1403638158.0950971
Dropping frame 1403638158.3450971
Dropping frame 1403638158.4950972
Dropping frame 1403638158.7450969
Dropping frame 1403638158.895097
Dropping frame 1403638158.9950972
Dropping frame 1403638159.195097
Dropping frame 1403638159.395097
Dropping frame 1403638159.4950972
Dropping frame 1403638159.5950971
Dropping frame 1403638159.695097
Dropping frame 1403638159.7950971
Dropping frame 1403638160.0450969
Dropping frame 1403638160.145097
Dropping frame 1403638160.3450971
Dropping frame 1403638160.445097
Dropping frame 1403638160.645097
Dropping frame 1403638160.945097
Dropping frame 1403638161.145097
Dropping frame 1403638161.2450969
Dropping frame 1403638161.395097
Dropping frame 1403638161.695097
Dropping frame 1403638161.9950972
Dropping frame 1403638162.0950971
Dropping frame 1403638162.445097
Dropping frame 1403638162.5950971
start VIBA 2
end VIBA 2
Dropping frame 1403638163.895097
Dropping frame 1403638164.2450969
Dropping frame 1403638164.4950972
Dropping frame 1403638164.645097
Dropping frame 1403638164.7950971
Dropping frame 1403638164.895097
Dropping frame 1403638165.0450969
Dropping frame 1403638165.2450969
Dropping frame 1403638165.695097
Dropping frame 1403638165.895097
Dropping frame 1403638166.195097
Dropping frame 1403638166.3450971
Dropping frame 1403638166.4950972
Dropping frame 1403638166.7950971
Dropping frame 1403638166.895097
Dropping frame 1403638167.2450969
Dropping frame 1403638167.395097
Dropping frame 1403638167.4950972
Dropping frame 1403638167.5950971
Dropping frame 1403638167.7950971
Dropping frame 1403638167.895097
Dropping frame 1403638167.9950972
Dropping frame 1403638168.195097
Dropping frame 1403638168.2950971
Dropping frame 1403638168.4950972
Dropping frame 1403638168.695097
Dropping frame 1403638168.895097
Dropping frame 1403638168.9950972
Dropping frame 1403638169.0950971
Dropping frame 1403638169.2950971
Dropping frame 1403638169.5450969
Dropping frame 1403638169.645097
Dropping frame 1403638169.8450971
Dropping frame 1403638169.945097
Dropping frame 1403638170.0950971
Dropping frame 1403638170.2950971
Dropping frame 1403638170.395097
Dropping frame 1403638170.5950971
Dropping frame 1403638170.695097
Dropping frame 1403638170.7950971
Dropping frame 1403638170.895097
Dropping frame 1403638171.0950971
Dropping frame 1403638171.3450971
Dropping frame 1403638171.5450969
Dropping frame 1403638171.645097
Dropping frame 1403638171.7450969
Dropping frame 1403638171.945097
Dropping frame 1403638172.0450969
Dropping frame 1403638172.145097
Dropping frame 1403638172.3450971
Dropping frame 1403638172.5450969
Dropping frame 1403638172.7450969
Dropping frame 1403638172.945097
Dropping frame 1403638173.145097
Dropping frame 1403638173.2450969
Dropping frame 1403638173.5450969
Dropping frame 1403638173.9950972
Dropping frame 1403638174.445097
Dropping frame 1403638174.5450969
Dropping frame 1403638174.895097
Dropping frame 1403638174.9950972
Dropping frame 1403638175.0950971
Dropping frame 1403638175.2950971
Dropping frame 1403638175.4950972
Dropping frame 1403638175.5950971
Dropping frame 1403638175.7950971
Dropping frame 1403638175.895097
Dropping frame 1403638175.9950972
Dropping frame 1403638176.0950971
Dropping frame 1403638176.195097
Dropping frame 1403638176.395097
Dropping frame 1403638176.4950972
Dropping frame 1403638176.695097
Dropping frame 1403638176.895097
Dropping frame 1403638177.0950971
Dropping frame 1403638177.195097
Dropping frame 1403638177.2950971
Dropping frame 1403638177.395097
Dropping frame 1403638177.4950972
Dropping frame 1403638177.5950971
Dropping frame 1403638177.7950971
Dropping frame 1403638177.895097
Dropping frame 1403638178.0950971
Dropping frame 1403638178.195097
Dropping frame 1403638178.2950971
Dropping frame 1403638178.395097
Dropping frame 1403638178.7950971
Dropping frame 1403638179.195097
Dropping frame 1403638179.3450971
Dropping frame 1403638179.5950971
Dropping frame 1403638179.695097
Dropping frame 1403638179.895097
Dropping frame 1403638179.9950972
Dropping frame 1403638180.0950971
Dropping frame 1403638180.2950971
Dropping frame 1403638180.4950972
Dropping frame 1403638180.645097
Dropping frame 1403638180.7450969
Dropping frame 1403638180.945097
Dropping frame 1403638181.0450969
Dropping frame 1403638181.2450969
Dropping frame 1403638181.3450971
Dropping frame 1403638181.5450969
Dropping frame 1403638181.7450969
Dropping frame 1403638181.9950972
Dropping frame 1403638182.0950971
Dropping frame 1403638182.3450971
Dropping frame 1403638182.445097
Dropping frame 1403638182.5950971
Dropping frame 1403638182.7950971
Dropping frame 1403638183.0450969
Dropping frame 1403638183.145097
Dropping frame 1403638183.2450969
Dropping frame 1403638183.445097
Dropping frame 1403638183.5450969
Dropping frame 1403638183.645097
Dropping frame 1403638183.945097
Dropping frame 1403638184.0450969
Dropping frame 1403638184.2450969
Dropping frame 1403638184.4950972
Dropping frame 1403638184.5950971
Dropping frame 1403638184.695097
Dropping frame 1403638184.9950972
Dropping frame 1403638185.195097
Dropping frame 1403638185.2950971
Dropping frame 1403638185.395097
Dropping frame 1403638185.4950972
Dropping frame 1403638185.5950971
Dropping frame 1403638185.695097
Dropping frame 1403638186.445097
Dropping frame 1403638186.5450969
Dropping frame 1403638186.7450969
Dropping frame 1403638186.945097
Dropping frame 1403638187.145097
Dropping frame 1403638187.2950971
Dropping frame 1403638187.4950972
Dropping frame 1403638187.695097
Dropping frame 1403638187.9950972
Dropping frame 1403638188.2950971
Dropping frame 1403638188.5950971
Dropping frame 1403638188.7950971
Dropping frame 1403638188.9950972
Dropping frame 1403638189.0950971
Dropping frame 1403638189.3450971
Dropping frame 1403638189.695097
Dropping frame 1403638189.945097
Dropping frame 1403638190.195097
Dropping frame 1403638190.395097
Dropping frame 1403638190.645097
Dropping frame 1403638191.0950971
Dropping frame 1403638191.195097
Dropping frame 1403638191.445097
Dropping frame 1403638191.645097
Dropping frame 1403638191.8450971
Dropping frame 1403638192.0450969
Dropping frame 1403638192.195097
Dropping frame 1403638193.0950971
Dropping frame 1403638193.2950971
Dropping frame 1403638193.395097
Dropping frame 1403638193.4950972
Dropping frame 1403638193.8450971
Dropping frame 1403638194.0450969
Dropping frame 1403638194.145097
Dropping frame 1403638194.395097
Dropping frame 1403638194.5450969
Dropping frame 1403638194.7450969
Dropping frame 1403638194.895097
Dropping frame 1403638195.0950971
Dropping frame 1403638195.2450969
Dropping frame 1403638195.445097
Dropping frame 1403638195.5950971
Dropping frame 1403638195.7950971
Dropping frame 1403638195.9950972
Dropping frame 1403638196.695097
Dropping frame 1403638197.2450969
Dropping frame 1403638197.645097
Dropping frame 1403638197.895097
Dropping frame 1403638198.145097
Dropping frame 1403638198.3450971
Dropping frame 1403638198.5450969
Dropping frame 1403638198.8450971
Dropping frame 1403638198.945097
Dropping frame 1403638199.0450969
Dropping frame 1403638199.2450969
Dropping frame 1403638199.445097
Dropping frame 1403638199.5450969
Dropping frame 1403638199.7950971
Dropping frame 1403638199.9950972
Dropping frame 1403638200.195097
Dropping frame 1403638200.395097
Dropping frame 1403638200.5950971
Dropping frame 1403638200.7450969
Dropping frame 1403638200.945097
Dropping frame 1403638201.145097
Dropping frame 1403638201.445097
Dropping frame 1403638201.5450969
Dropping frame 1403638201.645097
Dropping frame 1403638201.8450971
Dropping frame 1403638201.945097
Dropping frame 1403638202.0450969
Dropping frame 1403638202.2450969
Dropping frame 1403638202.445097
Dropping frame 1403638202.645097
Dropping frame 1403638202.8450971
Dropping frame 1403638203.0450969
Dropping frame 1403638203.2450969
Dropping frame 1403638203.3450971
Dropping frame 1403638203.445097
Dropping frame 1403638203.645097
Dropping frame 1403638203.8450971
Dropping frame 1403638203.945097
Dropping frame 1403638204.195097
Dropping frame 1403638204.395097
Dropping frame 1403638204.5950971
Dropping frame 1403638204.8450971
Dropping frame 1403638204.945097
Dropping frame 1403638205.445097
Dropping frame 1403638205.8450971
Dropping frame 1403638205.945097
Dropping frame 1403638206.145097
Dropping frame 1403638206.2950971
Dropping frame 1403638206.695097
Dropping frame 1403638206.7950971
Dropping frame 1403638207.0450969
Dropping frame 1403638207.2450969
Dropping frame 1403638207.445097
Dropping frame 1403638207.5950971
Dropping frame 1403638207.7950971
Dropping frame 1403638208.0950971
Dropping frame 1403638208.195097
Dropping frame 1403638208.395097
Dropping frame 1403638208.5950971
Dropping frame 1403638208.895097
Dropping frame 1403638209.0950971
Dropping frame 1403638209.195097
Dropping frame 1403638209.445097
Dropping frame 1403638209.645097
Dropping frame 1403638209.7450969
Dropping frame 1403638209.8450971
Dropping frame 1403638210.0450969
Dropping frame 1403638210.645097
Dropping frame 1403638210.895097
Dropping frame 1403638211.195097
Dropping frame 1403638211.395097
Dropping frame 1403638211.4950972
Dropping frame 1403638211.7950971
Dropping frame 1403638212.0450969
Dropping frame 1403638212.4950972
Dropping frame 1403638212.7950971
Dropping frame 1403638213.3450971
Dropping frame 1403638213.4950972
Dropping frame 1403638213.895097
Dropping frame 1403638214.4950972
Dropping frame 1403638214.8450971
Dropping frame 1403638215.2450969
Dropping frame 1403638215.3450971
Dropping frame 1403638215.895097
Dropping frame 1403638216.0950971
Dropping frame 1403638216.2950971
Dropping frame 1403638217.0450969
Dropping frame 1403638217.3450971
Dropping frame 1403638217.5450969
Dropping frame 1403638217.8450971
Dropping frame 1403638219.445097
Dropping frame 1403638219.8450971
Dropping frame 1403638220.2450969
Dropping frame 1403638220.5450969
Dropping frame 1403638220.8450971
Dropping frame 1403638221.0450969
Dropping frame 1403638227.145097
Dropping frame 1403638227.4950972
Dropping frame 1403638227.7450969
Dropping frame 1403638228.695097
Shutdown
SLAM Finished at System Time: 1734436090.60864

 TIME STATS in ms (mean$\pm$std)
OpenCV version: 4.8.1
---------------------------
Tracking

ORB Extraction: 17.777$\pm$2.2953
Stereo Matching: 8.1029$\pm$2.0169
IMU Preintegration: 0.20848$\pm$0.089355
Pose Prediction: 0.51071$\pm$1.3737
LM Track: 17.575$\pm$5.3608
New KF decision: 1.0534$\pm$1.8242
Total Tracking: 33.077$\pm$23.793



Local Mapping

KF Insertion: 13.524$\pm$5.1767
MP Culling: 0.46302$\pm$0.21227
MP Creation: 41.724$\pm$15.94
LBA: 142.56$\pm$45.616
KF Culling: 10.737$\pm$9.2793
Total Local Mapping: 209.01$\pm$70.391
---------------------------

LBA complexity (mean$\pm$std)
LBA Edges: 1649.3$\pm$1109.7
LBA KF optimized: 6.5$\pm$2.2913
LBA KF fixed: 1$\pm$0
LBA MP: nan$\pm$nan

LBA executions: 376
LBA aborts: 0
---------------------------

Map complexity
KFs in map: 171
MPs in map: 13745
---------------------------

Place Recognition (mean$\pm$std)
Database Query: 2.0839$\pm$1.0668
SE3 estimation: 25.841$\pm$15.905
Total Place Recognition: 19.647$\pm$18.88


Loop Closing (mean$\pm$std)
Loop Fusion: nan$\pm$nan
Essential Graph: nan$\pm$nan
Total Loop Closing: nan$\pm$nan

Num exec: 0
Number of KFs: nan$\pm$nan

Map Merging (mean$\pm$std)
Merge Maps: nan$\pm$nan
Welding BA: nan$\pm$nan
Optimization Ess.: nan$\pm$nan
Total Map Merging: nan$\pm$nan

Num exec: 0
Number of KFs: nan$\pm$nan
Number of MPs: nan$\pm$nan

Full GBA (mean$\pm$std)
GBA: nan$\pm$nan
Map Update: nan$\pm$nan
Total Full GBA: nan$\pm$nan

Num exec: 0
Num abort: 0
Number of KFs: nan$\pm$nan
Number of MPs: nan$\pm$nan

Saving trajectory to f_dataset-MH04_stereo_imu.txt ...
There are 1 maps in the atlas
  Map 0 has 171 KFs

End of saving trajectory to f_dataset-MH04_stereo_imu.txt ...

Saving keyframe trajectory to kf_dataset-MH04_stereo_imu.txt ...
