num_seq = 1
file name: dataset-MH03_stereo_imu
Loading images for sequence 0...LOADED!
Loading IMU for sequence 0...LOADED!

-------

ORB-SLAM3 Copyright (C) 2017-2020 Carlos Campos, Richard Elvira, Juan J. Gómez, José M.M. Montiel and Juan D. Tardós, University of Zaragoza.
ORB-SLAM2 Copyright (C) 2014-2016 Raúl Mur-Artal, José M.M. Montiel and Juan D. Tardós, University of Zaragoza.
This program comes with ABSOLUTELY NO WARRANTY;
This is free software, and you are welcome to redistribute it
under certain conditions. See LICENSE.txt.

Built with REGISTER_TIMES
Git Commit Hash: 90f15d8

Input sensor was set to: Stereo-Inertial
Loading settings from ./Examples/Stereo-Inertial/EuRoC_fov_deadlines_mask_9x9.yaml
	-Loaded camera 1
	-Loaded camera 2
	-Loaded image info
	-Loaded IMU calibration
	-Loaded ORB settings
	-Loaded viewer settings
	-Loaded Atlas settings
Deadlines enabled, will skip frames!
FOV enabled
Static mask size: 9x9
Dumping map points enabled
	-Loaded misc parameters
	-Computed rectification maps
----------------------------------
SLAM settings: 
	-Camera 1 parameters (Pinhole): [ 458.65399169921875 457.29598999023438 367.21499633789062 248.375 ]
	-Camera 1 distortion parameters: [  -0.28340810537338257 0.073959067463874817 0.00019359000725671649 1.7618711353861727e-05 ]
	-Camera 2 parameters (Pinhole: [ 457.58700561523438 456.13400268554688 379.99899291992188 255.23800659179688 ]
	-Camera 1 distortion parameters: [  -0.2836836576461792 0.074512839317321777 -0.00010473000293131918 -3.555907096597366e-05 ]
	-Original image size: [ 752 , 480 ]
	-Current image size: [ 752 , 480 ]
	-Camera 1 parameters after rectification: [  456.71499633789062 456.71499633789062 364.52615356445312 257.268798828125 ]
	-Sequence FPS: 20
	-Stereo baseline: 0.11007784307003021
	-Stereo depth threshold : 60
	-Gyro noise: 0.00016999999934341758
	-Accelerometer noise: 0.0020000000949949026
	-Gyro walk: 1.9392999092815444e-05
	-Accelerometer walk: 0.0030000000260770321
	-IMU frequency: 200
	-Features per image: 1200
	-ORB scale factor: 1.2000000476837158
	-ORB number of scales: 8
	-Initial FAST threshold: 20
	-Min FAST threshold: 7


Loading ORB Vocabulary. This could take a while...
Vocabulary loaded!

Initialization of Atlas from scratch 
Creation of new map with id: 0
Creation of new map with last KF id: 0
Seq. Name: 
There are 1 cameras in the atlas
Camera 0 is pinhole
SLAM Started at System Time: 1732011818.02442
not IMU meas
not IMU meas
not enough acceleration
not enough acceleration
First KF:0; Map init KF:0
New Map created with 238 points
Active map: 0
Not enough motion for initializing. Reseting...
LM: Reseting current map in Local Mapping...
LM: End reseting Local Mapping...
LM: Reset free the mutex
Not enough motion for initializing. Reseting...
TRACK: Reset map because local mapper set the bad imu flag 
LM: Reseting current map in Local Mapping...
LM: End reseting Local Mapping...
LM: Reset free the mutex
LM: Active map reset recieved
LM: Active map reset, waiting...
LM: Reseting current map in Local Mapping...
LM: End reseting Local Mapping...
LM: Reset free the mutex
LM: Active map reset, Done!!!
mnFirstFrameId = 4
mnInitialFrameId = 0
53 Frames set to lost
not IMU meas
First KF:12; Map init KF:0
New Map created with 256 points
Active map: 0
Dropping frame 1403637133.5883191
Dropping frame 1403637134.188319
Dropping frame 1403637134.4883189
Dropping frame 1403637134.638319
Dropping frame 1403637134.7883189
Dropping frame 1403637134.9883189
Dropping frame 1403637135.0883191
Dropping frame 1403637135.2883189
Dropping frame 1403637135.388319
Dropping frame 1403637135.5883191
Dropping frame 1403637136.0383191
Dropping frame 1403637136.4883189
Dropping frame 1403637136.5883191
Dropping frame 1403637136.888319
Dropping frame 1403637136.9883189
Dropping frame 1403637137.2383192
Dropping frame 1403637137.3383191
Dropping frame 1403637137.5383191
Dropping frame 1403637137.7883189
Dropping frame 1403637138.2883189
Dropping frame 1403637138.688319
Dropping frame 1403637138.888319
Dropping frame 1403637138.9883189
Dropping frame 1403637139.0883191
Dropping frame 1403637139.188319
start VIBA 1
end VIBA 1
Dropping frame 1403637139.388319
Dropping frame 1403637139.5883191
Dropping frame 1403637139.688319
Not enough motion for initializing. Reseting...
LM: Reseting current map in Local Mapping...
LM: End reseting Local Mapping...
LM: Reset free the mutex
Dropping frame 1403637139.7883189
Not enough motion for initializing. Reseting...
LM: Reseting current map in Local Mapping...
LM: End reseting Local Mapping...
LM: Reset free the mutex
Not enough motion for initializing. Reseting...
TRACK: Reset map because local mapper set the bad imu flag 
LM: Reseting current map in Local Mapping...
LM: End reseting Local Mapping...
LM: Reset free the mutex
LM: Active map reset recieved
LM: Active map reset, waiting...
LM: Reseting current map in Local Mapping...
LM: End reseting Local Mapping...
LM: Reset free the mutex
LM: Active map reset, Done!!!
mnFirstFrameId = 59
mnInitialFrameId = 57
153 Frames set to lost
not IMU meas
Dropping frame 1403637140.0383191
First KF:41; Map init KF:12
New Map created with 219 points
Active map: 0
Dropping frame 1403637140.3383191
Dropping frame 1403637140.9383192
Dropping frame 1403637141.0383191
Dropping frame 1403637141.138319
Dropping frame 1403637141.2883189
Dropping frame 1403637141.388319
Dropping frame 1403637141.638319
Dropping frame 1403637141.7383192
Dropping frame 1403637141.8383191
Dropping frame 1403637142.0383191
Dropping frame 1403637142.2383192
Dropping frame 1403637142.638319
Not enough motion for initializing. Reseting...
TRACK: Reset map because local mapper set the bad imu flag 
LM: Reseting current map in Local Mapping...
LM: End reseting Local Mapping...
LM: Reset free the mutex
LM: Active map reset recieved
LM: Active map reset, waiting...
LM: Reseting current map in Local Mapping...
LM: End reseting Local Mapping...
LM: Reset free the mutex
LM: Active map reset, Done!!!
mnFirstFrameId = 161
mnInitialFrameId = 159
202 Frames set to lost
not IMU meas
not enough acceleration
not enough acceleration
not enough acceleration
not enough acceleration
Dropping frame 1403637143.4383192
not enough acceleration
not enough acceleration
not enough acceleration
not enough acceleration
not enough acceleration
not enough acceleration
not enough acceleration
Dropping frame 1403637143.8383191
not enough acceleration
not enough acceleration
not enough acceleration
not enough acceleration
not enough acceleration
not enough acceleration
not enough acceleration
not enough acceleration
not enough acceleration
not enough acceleration
not enough acceleration
not enough acceleration
not enough acceleration
not enough acceleration
not enough acceleration
First KF:52; Map init KF:41
New Map created with 250 points
Active map: 0
Not enough motion for initializing. Reseting...
TRACK: Reset map because local mapper set the bad imu flag 
LM: Active map reset recieved
LM: Active map reset, waiting...
LM: Reseting current map in Local Mapping...
LM: End reseting Local Mapping...
LM: Reset free the mutex
LM: Active map reset, Done!!!
mnFirstFrameId = 238
mnInitialFrameId = 210
258 Frames set to lost
not IMU meas
not enough acceleration
not enough acceleration
not enough acceleration
not enough acceleration
not enough acceleration
not enough acceleration
not enough acceleration
not enough acceleration
not enough acceleration
not enough acceleration
not enough acceleration
not enough acceleration
not enough acceleration
not enough acceleration
not enough acceleration
not enough acceleration
not enough acceleration
not enough acceleration
not enough acceleration
not enough acceleration
not enough acceleration
not enough acceleration
not enough acceleration
not enough acceleration
not enough acceleration
not enough acceleration
not enough acceleration
not enough acceleration
not enough acceleration
not enough acceleration
not enough acceleration
not enough acceleration
not enough acceleration
not enough acceleration
not enough acceleration
not enough acceleration
not enough acceleration
not enough acceleration
not enough acceleration
not enough acceleration
not enough acceleration
not enough acceleration
not enough acceleration
not enough acceleration
First KF:63; Map init KF:52
New Map created with 214 points
Active map: 0
Dropping frame 1403637151.9383192
start VIBA 1
end VIBA 1
Dropping frame 1403637155.3383191
Dropping frame 1403637155.888319
Dropping frame 1403637156.0383191
Dropping frame 1403637156.188319
Dropping frame 1403637156.4883189
Dropping frame 1403637156.5883191
Dropping frame 1403637156.688319
Dropping frame 1403637156.888319
Dropping frame 1403637156.9883189
Dropping frame 1403637157.0883191
Dropping frame 1403637157.188319
Dropping frame 1403637157.388319
Dropping frame 1403637157.4883189
Dropping frame 1403637157.5883191
Dropping frame 1403637157.7883189
Dropping frame 1403637157.9883189
Dropping frame 1403637158.138319
Dropping frame 1403637158.2383192
Dropping frame 1403637158.3383191
Dropping frame 1403637158.4883189
Dropping frame 1403637158.5883191
Dropping frame 1403637158.688319
Dropping frame 1403637158.8383191
Dropping frame 1403637158.9883189
Dropping frame 1403637159.0883191
Dropping frame 1403637159.188319
Dropping frame 1403637159.3383191
Dropping frame 1403637159.4383192
Dropping frame 1403637159.638319
Dropping frame 1403637159.8383191
Dropping frame 1403637159.9383192
Dropping frame 1403637160.0883191
Dropping frame 1403637160.188319
Dropping frame 1403637160.2883189
Dropping frame 1403637160.388319
Dropping frame 1403637160.4883189
Dropping frame 1403637160.5883191
Dropping frame 1403637160.7383192
Dropping frame 1403637160.8383191
Dropping frame 1403637161.0383191
Dropping frame 1403637161.138319
Dropping frame 1403637161.3383191
Dropping frame 1403637161.4883189
Dropping frame 1403637161.7883189
Dropping frame 1403637161.9383192
Dropping frame 1403637162.0383191
Dropping frame 1403637162.138319
Dropping frame 1403637162.3383191
Dropping frame 1403637162.4383192
Dropping frame 1403637162.5383191
Dropping frame 1403637162.7383192
Dropping frame 1403637162.8383191
Dropping frame 1403637162.9883189
Dropping frame 1403637163.0883191
Dropping frame 1403637163.2883189
Dropping frame 1403637163.388319
Dropping frame 1403637163.5883191
Dropping frame 1403637163.688319
Dropping frame 1403637163.888319
Dropping frame 1403637163.9883189
Dropping frame 1403637164.138319
Dropping frame 1403637164.2383192
Dropping frame 1403637164.5883191
Dropping frame 1403637164.7883189
Dropping frame 1403637164.9383192
Dropping frame 1403637165.138319
start VIBA 2
Dropping frame 1403637165.3383191
end VIBA 2
Dropping frame 1403637165.5383191
Dropping frame 1403637165.7383192
Dropping frame 1403637165.8383191
Dropping frame 1403637165.9383192
Dropping frame 1403637166.138319
Dropping frame 1403637166.4883189
Dropping frame 1403637166.5883191
Dropping frame 1403637166.688319
Dropping frame 1403637166.888319
Dropping frame 1403637166.9883189
Dropping frame 1403637167.0883191
Dropping frame 1403637167.2883189
Dropping frame 1403637167.5383191
Dropping frame 1403637167.7383192
Dropping frame 1403637167.9383192
Dropping frame 1403637168.188319
Dropping frame 1403637168.388319
Dropping frame 1403637168.5883191
Dropping frame 1403637168.688319
Dropping frame 1403637168.9383192
Dropping frame 1403637169.2883189
Dropping frame 1403637169.4883189
Dropping frame 1403637169.5883191
Dropping frame 1403637169.7883189
Dropping frame 1403637169.9883189
Dropping frame 1403637170.0883191
Dropping frame 1403637170.188319
Dropping frame 1403637170.388319
Dropping frame 1403637170.4883189
Dropping frame 1403637170.5883191
Dropping frame 1403637170.7883189
Dropping frame 1403637171.188319
Dropping frame 1403637171.388319
Dropping frame 1403637171.5883191
Dropping frame 1403637171.7883189
Dropping frame 1403637171.9883189
Dropping frame 1403637172.188319
Dropping frame 1403637172.4383192
Dropping frame 1403637172.638319
Dropping frame 1403637172.7383192
Dropping frame 1403637172.9883189
Dropping frame 1403637173.188319
Dropping frame 1403637173.2883189
Dropping frame 1403637173.7383192
Dropping frame 1403637173.8383191
Dropping frame 1403637174.188319
Dropping frame 1403637174.5883191
Dropping frame 1403637174.7883189
Dropping frame 1403637174.888319
Dropping frame 1403637175.138319
Dropping frame 1403637175.3383191
Dropping frame 1403637175.5383191
Dropping frame 1403637175.638319
Dropping frame 1403637175.888319
Dropping frame 1403637176.0883191
Dropping frame 1403637176.3383191
Dropping frame 1403637176.5383191
Dropping frame 1403637176.688319
Dropping frame 1403637176.888319
Dropping frame 1403637177.0883191
Dropping frame 1403637177.188319
Dropping frame 1403637177.4383192
Dropping frame 1403637177.638319
Dropping frame 1403637177.7883189
Dropping frame 1403637178.138319
Dropping frame 1403637178.2383192
Dropping frame 1403637178.5883191
Dropping frame 1403637178.888319
Dropping frame 1403637179.0883191
Dropping frame 1403637179.2383192
Dropping frame 1403637179.4383192
Dropping frame 1403637179.688319
Dropping frame 1403637180.2883189
Dropping frame 1403637180.5383191
Dropping frame 1403637180.688319
Dropping frame 1403637181.0383191
Dropping frame 1403637181.888319
Dropping frame 1403637182.2383192
Dropping frame 1403637182.688319
Dropping frame 1403637182.888319
Dropping frame 1403637183.188319
Dropping frame 1403637183.5383191
Dropping frame 1403637183.638319
Dropping frame 1403637183.888319
Dropping frame 1403637183.9883189
Dropping frame 1403637184.2383192
Dropping frame 1403637184.3383191
Dropping frame 1403637184.638319
Dropping frame 1403637184.7383192
Dropping frame 1403637184.9883189
Dropping frame 1403637185.0883191
Dropping frame 1403637185.3383191
Dropping frame 1403637185.5383191
Dropping frame 1403637185.638319
Dropping frame 1403637185.7383192
Dropping frame 1403637185.8383191
Dropping frame 1403637186.0383191
Dropping frame 1403637186.138319
Dropping frame 1403637186.3383191
Dropping frame 1403637186.638319
Dropping frame 1403637186.888319
Dropping frame 1403637187.0883191
Dropping frame 1403637187.188319
Dropping frame 1403637187.2883189
Dropping frame 1403637187.4883189
Dropping frame 1403637187.5883191
Dropping frame 1403637187.688319
Dropping frame 1403637187.888319
Dropping frame 1403637188.0883191
Dropping frame 1403637188.2883189
Dropping frame 1403637188.388319
Dropping frame 1403637188.4883189
Dropping frame 1403637188.688319
Dropping frame 1403637189.0383191
Dropping frame 1403637189.138319
Dropping frame 1403637189.388319
Dropping frame 1403637189.638319
Dropping frame 1403637189.7383192
Dropping frame 1403637189.9883189
Dropping frame 1403637190.2883189
Dropping frame 1403637190.5883191
Dropping frame 1403637190.888319
Dropping frame 1403637191.188319
Dropping frame 1403637191.4883189
Dropping frame 1403637191.8383191
Dropping frame 1403637192.2883189
Dropping frame 1403637193.0383191
Dropping frame 1403637193.5883191
Dropping frame 1403637193.7883189
Dropping frame 1403637193.9383192
Dropping frame 1403637194.2883189
Dropping frame 1403637194.388319
Dropping frame 1403637194.5883191
Dropping frame 1403637194.688319
Dropping frame 1403637194.9383192
Dropping frame 1403637195.0883191
Dropping frame 1403637195.2883189
Dropping frame 1403637195.4883189
Dropping frame 1403637195.5883191
Dropping frame 1403637195.688319
Dropping frame 1403637195.9383192
Dropping frame 1403637196.0383191
Dropping frame 1403637196.138319
Dropping frame 1403637196.3383191
Dropping frame 1403637196.4883189
Dropping frame 1403637196.688319
Dropping frame 1403637196.888319
Dropping frame 1403637196.9883189
Dropping frame 1403637197.0883191
Dropping frame 1403637197.188319
Dropping frame 1403637197.388319
Dropping frame 1403637197.4883189
Dropping frame 1403637197.5883191
Dropping frame 1403637197.7883189
Dropping frame 1403637197.888319
Dropping frame 1403637197.9883189
Dropping frame 1403637198.0883191
Dropping frame 1403637198.2883189
Dropping frame 1403637198.388319
Dropping frame 1403637198.4883189
Dropping frame 1403637198.688319
Dropping frame 1403637198.7883189
Dropping frame 1403637198.9883189
Dropping frame 1403637199.0883191
Dropping frame 1403637199.188319
Dropping frame 1403637199.388319
Dropping frame 1403637199.4883189
Dropping frame 1403637199.5883191
Dropping frame 1403637199.9383192
Dropping frame 1403637200.0383191
Dropping frame 1403637200.388319
Dropping frame 1403637200.4883189
Dropping frame 1403637200.7383192
Dropping frame 1403637200.9383192
Dropping frame 1403637201.0383191
Dropping frame 1403637201.138319
Dropping frame 1403637201.2383192
Dropping frame 1403637201.388319
Dropping frame 1403637201.5883191
Dropping frame 1403637201.7883189
Dropping frame 1403637201.888319
Dropping frame 1403637202.138319
Dropping frame 1403637202.3383191
Dropping frame 1403637202.4383192
Dropping frame 1403637202.5383191
Dropping frame 1403637202.688319
Dropping frame 1403637202.888319
Dropping frame 1403637202.9883189
Dropping frame 1403637203.0883191
Dropping frame 1403637203.2883189
Dropping frame 1403637203.388319
Dropping frame 1403637203.5883191
Dropping frame 1403637203.688319
Dropping frame 1403637203.7883189
Dropping frame 1403637203.9883189
Dropping frame 1403637204.0883191
Dropping frame 1403637204.188319
Dropping frame 1403637204.2883189
Dropping frame 1403637204.4883189
Dropping frame 1403637204.688319
Dropping frame 1403637204.9883189
Dropping frame 1403637205.2883189
Dropping frame 1403637205.388319
Dropping frame 1403637205.4883189
Dropping frame 1403637205.7383192
Dropping frame 1403637205.8383191
Dropping frame 1403637206.0383191
Dropping frame 1403637206.138319
Dropping frame 1403637206.2383192
Dropping frame 1403637206.3383191
Dropping frame 1403637206.4383192
Dropping frame 1403637206.688319
Dropping frame 1403637206.7883189
Dropping frame 1403637206.888319
Dropping frame 1403637207.138319
Dropping frame 1403637207.2383192
Dropping frame 1403637207.4883189
Dropping frame 1403637207.888319
Dropping frame 1403637207.9883189
Dropping frame 1403637208.0883191
Dropping frame 1403637208.188319
Dropping frame 1403637208.2883189
Dropping frame 1403637208.388319
Dropping frame 1403637208.5883191
Dropping frame 1403637208.688319
Dropping frame 1403637208.8383191
Dropping frame 1403637208.9383192
Dropping frame 1403637209.0383191
Dropping frame 1403637209.138319
Dropping frame 1403637209.2383192
Dropping frame 1403637209.4883189
Dropping frame 1403637209.5883191
Dropping frame 1403637209.7883189
Dropping frame 1403637209.888319
Dropping frame 1403637209.9883189
Dropping frame 1403637210.0883191
Dropping frame 1403637210.188319
Dropping frame 1403637210.388319
Dropping frame 1403637210.4883189
Dropping frame 1403637210.5883191
Dropping frame 1403637210.688319
Dropping frame 1403637210.7883189
Dropping frame 1403637211.0383191
Dropping frame 1403637211.2383192
Dropping frame 1403637211.3383191
Dropping frame 1403637211.4383192
Dropping frame 1403637211.5383191
Dropping frame 1403637211.7383192
Dropping frame 1403637211.9383192
Dropping frame 1403637212.0383191
Dropping frame 1403637212.138319
Dropping frame 1403637212.2383192
Dropping frame 1403637212.4383192
Dropping frame 1403637212.638319
Dropping frame 1403637212.7383192
Dropping frame 1403637212.8383191
Dropping frame 1403637212.9383192
Dropping frame 1403637213.0383191
Dropping frame 1403637213.2383192
Dropping frame 1403637213.4383192
Dropping frame 1403637213.5383191
Dropping frame 1403637213.638319
Dropping frame 1403637213.7383192
Dropping frame 1403637213.9383192
Dropping frame 1403637214.138319
Dropping frame 1403637214.2383192
Dropping frame 1403637214.3383191
Dropping frame 1403637214.4383192
Dropping frame 1403637214.638319
Dropping frame 1403637214.7383192
Dropping frame 1403637214.8383191
Dropping frame 1403637215.0383191
Dropping frame 1403637215.2383192
Dropping frame 1403637215.4383192
Dropping frame 1403637215.638319
Dropping frame 1403637215.7383192
Dropping frame 1403637215.8383191
Dropping frame 1403637216.0383191
Dropping frame 1403637216.2383192
Dropping frame 1403637216.3383191
Dropping frame 1403637216.4383192
Dropping frame 1403637216.638319
Dropping frame 1403637216.7383192
Dropping frame 1403637216.8383191
Dropping frame 1403637216.9383192
Dropping frame 1403637217.0383191
Dropping frame 1403637217.2383192
Dropping frame 1403637217.3383191
Dropping frame 1403637217.4383192
Dropping frame 1403637217.5383191
Dropping frame 1403637217.7383192
Dropping frame 1403637217.8383191
Dropping frame 1403637217.9383192
Dropping frame 1403637218.138319
Dropping frame 1403637218.3383191
Dropping frame 1403637218.638319
Dropping frame 1403637218.9883189
Dropping frame 1403637219.188319
Dropping frame 1403637219.2883189
Dropping frame 1403637219.388319
Dropping frame 1403637219.5883191
Dropping frame 1403637219.688319
Dropping frame 1403637219.7883189
Dropping frame 1403637219.9883189
Dropping frame 1403637220.0883191
Dropping frame 1403637220.188319
Dropping frame 1403637220.388319
Dropping frame 1403637220.5883191
Dropping frame 1403637220.7883189
Dropping frame 1403637220.888319
Dropping frame 1403637220.9883189
Dropping frame 1403637221.188319
Dropping frame 1403637221.2883189
Dropping frame 1403637221.388319
Dropping frame 1403637221.4883189
Dropping frame 1403637221.9383192
Dropping frame 1403637222.0383191
Dropping frame 1403637222.138319
Dropping frame 1403637222.688319
Dropping frame 1403637222.9383192
Dropping frame 1403637223.0383191
Dropping frame 1403637223.138319
Dropping frame 1403637223.3383191
Dropping frame 1403637223.4383192
Dropping frame 1403637223.5383191
Dropping frame 1403637223.638319
Dropping frame 1403637223.7383192
Dropping frame 1403637223.9383192
Dropping frame 1403637224.0383191
Dropping frame 1403637224.138319
Dropping frame 1403637224.4383192
Dropping frame 1403637224.5383191
Dropping frame 1403637224.638319
Dropping frame 1403637224.9383192
Dropping frame 1403637225.0383191
Dropping frame 1403637225.138319
Dropping frame 1403637225.2383192
Dropping frame 1403637225.3383191
Dropping frame 1403637225.5383191
Dropping frame 1403637225.638319
Dropping frame 1403637225.9883189
Dropping frame 1403637226.0883191
Dropping frame 1403637226.4883189
Dropping frame 1403637226.5883191
Dropping frame 1403637226.688319
Dropping frame 1403637226.7883189
Dropping frame 1403637226.9383192
Dropping frame 1403637227.2383192
Dropping frame 1403637227.3383191
Dropping frame 1403637227.4383192
Dropping frame 1403637227.5883191
Dropping frame 1403637227.688319
Dropping frame 1403637227.8383191
Dropping frame 1403637227.9383192
Dropping frame 1403637228.0383191
Dropping frame 1403637228.4383192
Dropping frame 1403637228.5383191
Dropping frame 1403637228.638319
Dropping frame 1403637228.7883189
Dropping frame 1403637228.9383192
Dropping frame 1403637229.0383191
Dropping frame 1403637229.3383191
Dropping frame 1403637229.4383192
Dropping frame 1403637229.5383191
Dropping frame 1403637229.7383192
Dropping frame 1403637229.8383191
Dropping frame 1403637230.0383191
Dropping frame 1403637230.138319
Dropping frame 1403637230.2383192
Dropping frame 1403637230.388319
Dropping frame 1403637230.638319
Dropping frame 1403637230.8383191
Dropping frame 1403637230.9383192
Dropping frame 1403637231.188319
Dropping frame 1403637231.388319
Dropping frame 1403637231.4883189
Dropping frame 1403637231.5883191
Dropping frame 1403637231.688319
Dropping frame 1403637231.888319
Dropping frame 1403637232.138319
Dropping frame 1403637232.2383192
Dropping frame 1403637232.3383191
Dropping frame 1403637232.5383191
Dropping frame 1403637232.638319
Dropping frame 1403637232.888319
Dropping frame 1403637233.0883191
Dropping frame 1403637233.2883189
Dropping frame 1403637233.7883189
Dropping frame 1403637233.9883189
Dropping frame 1403637234.0883191
Dropping frame 1403637234.3383191
Dropping frame 1403637234.5883191
Dropping frame 1403637234.688319
Dropping frame 1403637235.0383191
Dropping frame 1403637235.2383192
Dropping frame 1403637235.4383192
Dropping frame 1403637235.638319
Dropping frame 1403637235.8383191
Dropping frame 1403637235.9383192
Dropping frame 1403637236.3383191
Dropping frame 1403637236.5383191
Dropping frame 1403637236.638319
Dropping frame 1403637236.888319
Dropping frame 1403637237.0883191
Dropping frame 1403637237.2883189
Dropping frame 1403637237.4883189
Dropping frame 1403637237.5883191
Dropping frame 1403637237.688319
Dropping frame 1403637237.888319
Dropping frame 1403637238.0883191
Dropping frame 1403637238.2883189
Dropping frame 1403637238.388319
Dropping frame 1403637238.4883189
Dropping frame 1403637238.688319
Dropping frame 1403637238.888319
Dropping frame 1403637238.9883189
Dropping frame 1403637239.2383192
Dropping frame 1403637239.4383192
Dropping frame 1403637239.638319
Dropping frame 1403637239.9383192
Dropping frame 1403637240.138319
Dropping frame 1403637240.3383191
Dropping frame 1403637240.4383192
Dropping frame 1403637240.8383191
Dropping frame 1403637241.0383191
Dropping frame 1403637241.188319
Dropping frame 1403637241.5383191
Dropping frame 1403637241.7383192
Dropping frame 1403637241.888319
Dropping frame 1403637242.138319
Dropping frame 1403637242.5883191
Dropping frame 1403637242.7883189
Dropping frame 1403637242.9883189
Dropping frame 1403637243.2383192
Dropping frame 1403637243.3383191
Dropping frame 1403637243.4383192
Dropping frame 1403637243.638319
Dropping frame 1403637243.7383192
Dropping frame 1403637243.9883189
Dropping frame 1403637244.188319
Dropping frame 1403637244.2883189
Dropping frame 1403637244.388319
Dropping frame 1403637244.4883189
Dropping frame 1403637244.7383192
Dropping frame 1403637244.8383191
Dropping frame 1403637245.0383191
Dropping frame 1403637245.2383192
Dropping frame 1403637245.4383192
Dropping frame 1403637245.5383191
Dropping frame 1403637245.7383192
Dropping frame 1403637245.8383191
Dropping frame 1403637245.9383192
Dropping frame 1403637246.138319
Dropping frame 1403637246.3383191
Dropping frame 1403637246.5383191
Dropping frame 1403637246.638319
Dropping frame 1403637246.7383192
Dropping frame 1403637246.9383192
Dropping frame 1403637247.138319
Dropping frame 1403637247.2383192
Dropping frame 1403637247.3383191
Dropping frame 1403637247.5383191
Dropping frame 1403637247.7383192
Dropping frame 1403637247.9383192
Dropping frame 1403637248.0383191
Dropping frame 1403637248.138319
Dropping frame 1403637248.3383191
Dropping frame 1403637248.5383191
Dropping frame 1403637248.7383192
Dropping frame 1403637248.9383192
Dropping frame 1403637249.0383191
Dropping frame 1403637249.138319
Dropping frame 1403637249.3383191
Dropping frame 1403637249.4383192
Dropping frame 1403637249.5383191
Dropping frame 1403637249.7383192
Dropping frame 1403637249.8383191
Dropping frame 1403637249.9383192
Dropping frame 1403637250.0383191
Dropping frame 1403637250.138319
Dropping frame 1403637250.3383191
Dropping frame 1403637250.4383192
Dropping frame 1403637250.5383191
Dropping frame 1403637250.638319
Dropping frame 1403637250.888319
Dropping frame 1403637251.0883191
Dropping frame 1403637251.2883189
Dropping frame 1403637251.388319
Dropping frame 1403637251.4883189
Dropping frame 1403637251.5883191
Dropping frame 1403637251.7883189
Dropping frame 1403637251.9883189
Dropping frame 1403637252.0883191
Dropping frame 1403637252.188319
Dropping frame 1403637252.388319
Dropping frame 1403637252.5883191
Dropping frame 1403637252.7883189
Dropping frame 1403637252.9883189
Dropping frame 1403637253.188319
Dropping frame 1403637253.2883189
Dropping frame 1403637253.388319
Dropping frame 1403637253.4883189
Dropping frame 1403637253.688319
Dropping frame 1403637253.888319
Dropping frame 1403637254.0883191
Dropping frame 1403637254.188319
Dropping frame 1403637254.2883189
Dropping frame 1403637254.688319
Dropping frame 1403637254.7883189
Dropping frame 1403637254.888319
Dropping frame 1403637254.9883189
Dropping frame 1403637255.188319
Dropping frame 1403637255.2883189
Dropping frame 1403637255.388319
Dropping frame 1403637255.4883189
Dropping frame 1403637255.638319
Dropping frame 1403637255.7383192
Dropping frame 1403637255.9383192
Dropping frame 1403637256.138319
Dropping frame 1403637256.3383191
Dropping frame 1403637256.5383191
Dropping frame 1403637256.7383192
Dropping frame 1403637256.9383192
Dropping frame 1403637257.0383191
Dropping frame 1403637257.138319
Dropping frame 1403637257.3383191
Dropping frame 1403637257.5383191
Dropping frame 1403637257.638319
Dropping frame 1403637257.8383191
Dropping frame 1403637258.0383191
Dropping frame 1403637258.2383192
Dropping frame 1403637258.4383192
Dropping frame 1403637258.638319
Dropping frame 1403637258.7383192
Dropping frame 1403637258.8383191
Dropping frame 1403637258.9383192
Dropping frame 1403637259.138319
Dropping frame 1403637259.3383191
Dropping frame 1403637259.4383192
Dropping frame 1403637259.5383191
Dropping frame 1403637259.7383192
Dropping frame 1403637259.9383192
Dropping frame 1403637260.138319
Dropping frame 1403637260.3383191
Dropping frame 1403637260.5383191
Dropping frame 1403637260.638319
Dropping frame 1403637260.7383192
Dropping frame 1403637260.9383192
Dropping frame 1403637261.138319
Dropping frame 1403637261.3383191
Dropping frame 1403637261.5383191
Dropping frame 1403637261.7383192
Dropping frame 1403637261.8383191
Dropping frame 1403637261.9383192
Dropping frame 1403637262.0383191
Dropping frame 1403637262.2383192
Dropping frame 1403637262.3383191
Dropping frame 1403637262.4383192
Dropping frame 1403637262.638319
Dropping frame 1403637262.8383191
Dropping frame 1403637263.0383191
Dropping frame 1403637263.2383192
Dropping frame 1403637263.3383191
Dropping frame 1403637263.4383192
Dropping frame 1403637263.688319
Dropping frame 1403637263.9383192
Dropping frame 1403637264.138319
Dropping frame 1403637264.3383191
Dropping frame 1403637264.5383191
Dropping frame 1403637264.638319
Dropping frame 1403637264.9383192
Dropping frame 1403637265.188319
Dropping frame 1403637265.388319
Shutdown
SLAM Finished at System Time: 1732011983.02483

 TIME STATS in ms (mean$\pm$std)
OpenCV version: 4.8.1
---------------------------
Tracking

ORB Extraction: 18.707$\pm$2.4347
Stereo Matching: 8.0871$\pm$1.9684
IMU Preintegration: 0.25935$\pm$0.11052
Pose Prediction: 0.73419$\pm$1.7409
LM Track: 19.161$\pm$6.6402
New KF decision: 1.4655$\pm$2.6474
Total Tracking: 31.374$\pm$26.755



Local Mapping

KF Insertion: 15.182$\pm$5.8428
MP Culling: 0.59381$\pm$0.28351
MP Creation: 46.893$\pm$20.012
LBA: 156.31$\pm$69.655
KF Culling: 15.7$\pm$11.465
Total Local Mapping: 232.48$\pm$99.27
---------------------------

LBA complexity (mean$\pm$std)
LBA Edges: 1521.5$\pm$595.27
LBA KF optimized: 6.5$\pm$2.2913
LBA KF fixed: 1$\pm$0
LBA MP: nan$\pm$nan

LBA executions: 444
LBA aborts: 0
---------------------------

Map complexity
KFs in map: 148
MPs in map: 11679
---------------------------

Place Recognition (mean$\pm$std)
Database Query: 2.3542$\pm$1.3111
SE3 estimation: 28.938$\pm$17.658
Total Place Recognition: 23.455$\pm$21.038


Loop Closing (mean$\pm$std)
Loop Fusion: nan$\pm$nan
Essential Graph: nan$\pm$nan
Total Loop Closing: nan$\pm$nan

Num exec: 0
Number of KFs: nan$\pm$nan

Map Merging (mean$\pm$std)
Merge Maps: nan$\pm$nan
Welding BA: nan$\pm$nan
Optimization Ess.: nan$\pm$nan
Total Map Merging: nan$\pm$nan

Num exec: 0
Number of KFs: nan$\pm$nan
Number of MPs: nan$\pm$nan

Full GBA (mean$\pm$std)
GBA: nan$\pm$nan
Map Update: nan$\pm$nan
Total Full GBA: nan$\pm$nan

Num exec: 0
Num abort: 0
Number of KFs: nan$\pm$nan
Number of MPs: nan$\pm$nan

Saving trajectory to f_dataset-MH03_stereo_imu.txt ...
There are 1 maps in the atlas
  Map 0 has 148 KFs

End of saving trajectory to f_dataset-MH03_stereo_imu.txt ...

Saving keyframe trajectory to kf_dataset-MH03_stereo_imu.txt ...
