num_seq = 1
file name: dataset-MH03_stereo_imu
Loading images for sequence 0...LOADED!
Loading IMU for sequence 0...LOADED!

-------

ORB-SLAM3 Copyright (C) 2017-2020 Carlos Campos, Richard Elvira, Juan J. Gómez, José M.M. Montiel and Juan D. Tardós, University of Zaragoza.
ORB-SLAM2 Copyright (C) 2014-2016 Raúl Mur-Artal, José M.M. Montiel and Juan D. Tardós, University of Zaragoza.
This program comes with ABSOLUTELY NO WARRANTY;
This is free software, and you are welcome to redistribute it
under certain conditions. See LICENSE.txt.

Built with REGISTER_TIMES
Git Commit Hash: 5ee9387

Compiled with C++ version: 201703

Input sensor was set to: Stereo-Inertial
Loading settings from ./Examples/Stereo-Inertial/EuRoC_fov_deadlines_mask_6x6.yaml
	-Loaded camera 1
	-Loaded camera 2
	-Loaded image info
	-Loaded IMU calibration
	-Loaded ORB settings
	-Loaded viewer settings
	-Loaded Atlas settings
Deadlines enabled, will skip frames!
FOV enabled
Static mask size: 6x6
Dumping map points enabled
	-Loaded misc parameters
	-Computed rectification maps
----------------------------------
SLAM settings: 
	-Camera 1 parameters (Pinhole): [ 458.65399169921875 457.29598999023438 367.21499633789062 248.375 ]
	-Camera 1 distortion parameters: [  -0.28340810537338257 0.073959067463874817 0.00019359000725671649 1.7618711353861727e-05 ]
	-Camera 2 parameters (Pinhole: [ 457.58700561523438 456.13400268554688 379.99899291992188 255.23800659179688 ]
	-Camera 1 distortion parameters: [  -0.2836836576461792 0.074512839317321777 -0.00010473000293131918 -3.555907096597366e-05 ]
	-Original image size: [ 752 , 480 ]
	-Current image size: [ 752 , 480 ]
	-Camera 1 parameters after rectification: [  456.71499633789062 456.71499633789062 364.52615356445312 257.268798828125 ]
	-Sequence FPS: 20
	-Stereo baseline: 0.11007784307003021
	-Stereo depth threshold : 60
	-Gyro noise: 0.00016999999934341758
	-Accelerometer noise: 0.0020000000949949026
	-Gyro walk: 1.9392999092815444e-05
	-Accelerometer walk: 0.0030000000260770321
	-IMU frequency: 200
	-Features per image: 1200
	-ORB scale factor: 1.2000000476837158
	-ORB number of scales: 8
	-Initial FAST threshold: 20
	-Min FAST threshold: 7


Loading ORB Vocabulary. This could take a while...
Vocabulary loaded!

Initialization of Atlas from scratch 
Creation of new map with id: 0
Creation of new map with last KF id: 0
Seq. Name: 
There are 1 cameras in the atlas
Camera 0 is pinhole
SLAM Started at System Time: 1734432356.75397
not IMU meas
not IMU meas
not enough acceleration
not enough acceleration
First KF:0; Map init KF:0
New Map created with 228 points
Active map: 0
Not enough motion for initializing. Reseting...
TRACK: Reset map because local mapper set the bad imu flag 
LM: Reseting current map in Local Mapping...
LM: End reseting Local Mapping...
LM: Reset free the mutex
LM: Active map reset recieved
LM: Active map reset, waiting...
LM: Reseting current map in Local Mapping...
LM: End reseting Local Mapping...
LM: Reset free the mutex
LM: Active map reset, Done!!!
mnFirstFrameId = 4
mnInitialFrameId = 0
52 Frames set to lost
not IMU meas
First KF:11; Map init KF:0
New Map created with 256 points
Active map: 0
Dropping frame 1403637134.0883191
Dropping frame 1403637134.4883189
Dropping frame 1403637134.7883189
Dropping frame 1403637134.888319
Dropping frame 1403637135.0383191
Dropping frame 1403637135.2883189
Dropping frame 1403637136.2383192
Dropping frame 1403637136.5383191
Dropping frame 1403637137.138319
Dropping frame 1403637137.7883189
Dropping frame 1403637138.188319
Dropping frame 1403637138.2883189
Dropping frame 1403637138.4383192
Dropping frame 1403637138.688319
start VIBA 1
Dropping frame 1403637138.9383192
end VIBA 1
Dropping frame 1403637139.138319
Dropping frame 1403637139.638319
Dropping frame 1403637139.888319
Not enough motion for initializing. Reseting...
Dropping frame 1403637140.0883191
LM: Reseting current map in Local Mapping...
LM: End reseting Local Mapping...
LM: Reset free the mutex
Not enough motion for initializing. Reseting...
TRACK: Reset map because local mapper set the bad imu flag 
LM: Reseting current map in Local Mapping...
LM: End reseting Local Mapping...
LM: Reset free the mutex
LM: Active map reset recieved
LM: Active map reset, waiting...
LM: Reseting current map in Local Mapping...
LM: End reseting Local Mapping...
LM: Reset free the mutex
LM: Active map reset, Done!!!
mnFirstFrameId = 58
mnInitialFrameId = 56
169 Frames set to lost
not IMU meas
First KF:44; Map init KF:11
New Map created with 222 points
Active map: 0
Dropping frame 1403637140.7383192
Dropping frame 1403637140.8383191
Dropping frame 1403637141.9883189
Not enough motion for initializing. Reseting...
TRACK: Reset map because local mapper set the bad imu flag 
LM: Reseting current map in Local Mapping...
LM: End reseting Local Mapping...
LM: Reset free the mutex
LM: Active map reset recieved
LM: Active map reset, waiting...
LM: Reseting current map in Local Mapping...
LM: End reseting Local Mapping...
LM: Reset free the mutex
LM: Active map reset, Done!!!
mnFirstFrameId = 177
mnInitialFrameId = 175
223 Frames set to lost
not IMU meas
not enough acceleration
not enough acceleration
not enough acceleration
not enough acceleration
not enough acceleration
not enough acceleration
not enough acceleration
not enough acceleration
not enough acceleration
not enough acceleration
not enough acceleration
not enough acceleration
not enough acceleration
not enough acceleration
not enough acceleration
not enough acceleration
not enough acceleration
not enough acceleration
not enough acceleration
not enough acceleration
not enough acceleration
not enough acceleration
not enough acceleration
not enough acceleration
not enough acceleration
not enough acceleration
not enough acceleration
First KF:55; Map init KF:44
New Map created with 230 points
Active map: 0
Not enough motion for initializing. Reseting...
TRACK: Reset map because local mapper set the bad imu flag 
LM: Reseting current map in Local Mapping...
LM: End reseting Local Mapping...
LM: Reset free the mutex
LM: Active map reset recieved
LM: Active map reset, waiting...
LM: Reseting current map in Local Mapping...
LM: End reseting Local Mapping...
LM: Reset free the mutex
LM: Active map reset, Done!!!
mnFirstFrameId = 260
mnInitialFrameId = 231
279 Frames set to lost
not IMU meas
not enough acceleration
not enough acceleration
not enough acceleration
not enough acceleration
not enough acceleration
not enough acceleration
not enough acceleration
not enough acceleration
not enough acceleration
not enough acceleration
not enough acceleration
not enough acceleration
not enough acceleration
not enough acceleration
not enough acceleration
not enough acceleration
not enough acceleration
not enough acceleration
not enough acceleration
not enough acceleration
not enough acceleration
not enough acceleration
not enough acceleration
not enough acceleration
not enough acceleration
not enough acceleration
not enough acceleration
not enough acceleration
not enough acceleration
not enough acceleration
not enough acceleration
not enough acceleration
not enough acceleration
not enough acceleration
not enough acceleration
not enough acceleration
not enough acceleration
not enough acceleration
not enough acceleration
not enough acceleration
not enough acceleration
not enough acceleration
not enough acceleration
not enough acceleration
First KF:66; Map init KF:55
New Map created with 186 points
Active map: 0
Dropping frame 1403637153.3383191
Dropping frame 1403637153.638319
Dropping frame 1403637154.188319
Dropping frame 1403637154.4883189
Dropping frame 1403637154.7883189
Dropping frame 1403637154.9883189
start VIBA 1
Dropping frame 1403637155.3383191
end VIBA 1
Dropping frame 1403637155.4383192
Dropping frame 1403637155.688319
Dropping frame 1403637155.7883189
Dropping frame 1403637155.888319
Dropping frame 1403637156.2383192
Dropping frame 1403637156.3383191
Dropping frame 1403637156.4383192
Dropping frame 1403637156.5883191
Dropping frame 1403637156.7883189
Dropping frame 1403637156.888319
Dropping frame 1403637157.0383191
Dropping frame 1403637157.188319
Dropping frame 1403637157.388319
Dropping frame 1403637157.638319
Dropping frame 1403637157.7383192
Dropping frame 1403637157.8383191
Dropping frame 1403637157.9383192
Dropping frame 1403637158.0383191
Dropping frame 1403637158.2883189
Dropping frame 1403637158.388319
Dropping frame 1403637158.5383191
Dropping frame 1403637158.7383192
Dropping frame 1403637158.888319
Dropping frame 1403637159.0883191
Dropping frame 1403637159.188319
Dropping frame 1403637159.5883191
Dropping frame 1403637159.7883189
Dropping frame 1403637159.888319
Dropping frame 1403637159.9883189
Dropping frame 1403637160.2383192
Dropping frame 1403637160.4383192
Dropping frame 1403637160.638319
Dropping frame 1403637160.7383192
Dropping frame 1403637160.8383191
Dropping frame 1403637161.0383191
Dropping frame 1403637161.2383192
Dropping frame 1403637161.5883191
Dropping frame 1403637161.688319
Dropping frame 1403637161.888319
Dropping frame 1403637161.9883189
Dropping frame 1403637162.2383192
Dropping frame 1403637162.4383192
Dropping frame 1403637162.688319
Dropping frame 1403637162.7883189
Dropping frame 1403637162.9883189
Dropping frame 1403637163.2883189
Dropping frame 1403637163.388319
Dropping frame 1403637163.688319
Dropping frame 1403637163.888319
Dropping frame 1403637164.0883191
Dropping frame 1403637164.2883189
Dropping frame 1403637164.4883189
Dropping frame 1403637164.5883191
Dropping frame 1403637164.688319
Dropping frame 1403637165.0883191
start VIBA 2
Dropping frame 1403637165.3383191
Dropping frame 1403637165.4383192
end VIBA 2
Dropping frame 1403637166.2883189
Dropping frame 1403637166.388319
Dropping frame 1403637166.688319
Dropping frame 1403637167.138319
Dropping frame 1403637167.4883189
Dropping frame 1403637167.8383191
Dropping frame 1403637168.388319
Dropping frame 1403637168.7383192
Dropping frame 1403637169.0383191
Dropping frame 1403637169.3383191
Dropping frame 1403637169.4383192
Dropping frame 1403637169.9883189
Dropping frame 1403637170.0883191
Dropping frame 1403637170.3383191
Dropping frame 1403637170.5383191
Dropping frame 1403637170.888319
Dropping frame 1403637171.188319
Dropping frame 1403637171.2883189
Dropping frame 1403637171.388319
Dropping frame 1403637171.638319
Dropping frame 1403637171.9383192
Dropping frame 1403637172.2383192
Dropping frame 1403637172.5383191
Dropping frame 1403637172.7383192
Dropping frame 1403637172.888319
Dropping frame 1403637173.188319
Dropping frame 1403637173.4883189
Dropping frame 1403637173.7883189
Dropping frame 1403637174.0883191
Dropping frame 1403637174.388319
Dropping frame 1403637174.5883191
Dropping frame 1403637174.7883189
Dropping frame 1403637174.888319
Dropping frame 1403637175.0883191
Dropping frame 1403637178.5383191
Dropping frame 1403637179.4383192
Dropping frame 1403637179.9883189
Dropping frame 1403637180.2383192
Dropping frame 1403637180.4383192
Dropping frame 1403637180.638319
Dropping frame 1403637180.888319
Dropping frame 1403637181.138319
Dropping frame 1403637181.388319
Dropping frame 1403637181.5883191
Dropping frame 1403637181.688319
Dropping frame 1403637181.9883189
Dropping frame 1403637182.0883191
Dropping frame 1403637182.388319
Dropping frame 1403637183.4383192
Dropping frame 1403637183.7883189
Dropping frame 1403637184.188319
Dropping frame 1403637184.5883191
Dropping frame 1403637186.4883189
Dropping frame 1403637186.7383192
Dropping frame 1403637187.0883191
Dropping frame 1403637187.388319
Dropping frame 1403637188.0383191
Dropping frame 1403637188.138319
Dropping frame 1403637188.388319
Dropping frame 1403637188.4883189
Dropping frame 1403637188.5883191
Dropping frame 1403637188.8383191
Dropping frame 1403637188.9383192
Dropping frame 1403637189.188319
Dropping frame 1403637189.2883189
Dropping frame 1403637189.5383191
Dropping frame 1403637189.7883189
Dropping frame 1403637189.888319
Dropping frame 1403637189.9883189
Dropping frame 1403637190.138319
Dropping frame 1403637190.2383192
Dropping frame 1403637190.4383192
Dropping frame 1403637190.5883191
Dropping frame 1403637190.8383191
Dropping frame 1403637190.9883189
Dropping frame 1403637191.0883191
Dropping frame 1403637191.188319
Dropping frame 1403637191.4383192
Dropping frame 1403637191.5383191
Dropping frame 1403637191.7383192
Dropping frame 1403637191.8383191
Dropping frame 1403637191.9383192
Dropping frame 1403637192.0383191
Dropping frame 1403637192.188319
Dropping frame 1403637192.2883189
Dropping frame 1403637192.5383191
Dropping frame 1403637192.638319
Dropping frame 1403637192.7383192
Dropping frame 1403637192.9883189
Dropping frame 1403637193.2883189
Dropping frame 1403637193.4883189
Dropping frame 1403637193.638319
Dropping frame 1403637193.7883189
Dropping frame 1403637193.9383192
Dropping frame 1403637194.2883189
Dropping frame 1403637194.688319
Dropping frame 1403637194.7883189
Dropping frame 1403637194.888319
Dropping frame 1403637195.0383191
Dropping frame 1403637195.138319
Dropping frame 1403637195.388319
Dropping frame 1403637195.5883191
Dropping frame 1403637195.688319
Dropping frame 1403637195.9883189
Dropping frame 1403637196.0883191
Dropping frame 1403637196.3383191
Dropping frame 1403637196.4383192
Dropping frame 1403637196.5383191
Dropping frame 1403637196.7383192
Dropping frame 1403637196.8383191
Dropping frame 1403637196.9383192
Dropping frame 1403637197.0383191
Dropping frame 1403637197.2383192
Dropping frame 1403637197.3383191
Dropping frame 1403637197.4383192
Dropping frame 1403637197.5383191
Dropping frame 1403637197.7383192
Dropping frame 1403637197.9383192
Dropping frame 1403637198.138319
Dropping frame 1403637198.2383192
Dropping frame 1403637198.4883189
Dropping frame 1403637198.688319
Dropping frame 1403637198.7883189
Dropping frame 1403637198.9383192
Dropping frame 1403637199.0383191
Dropping frame 1403637199.2383192
Dropping frame 1403637199.4383192
Dropping frame 1403637199.5383191
Dropping frame 1403637199.888319
Dropping frame 1403637199.9883189
Dropping frame 1403637200.2883189
Dropping frame 1403637200.5383191
Dropping frame 1403637200.638319
Dropping frame 1403637200.9383192
Dropping frame 1403637201.0383191
Dropping frame 1403637201.138319
Dropping frame 1403637201.388319
Dropping frame 1403637201.4883189
Dropping frame 1403637201.5883191
Dropping frame 1403637201.688319
Dropping frame 1403637201.8383191
Dropping frame 1403637202.0383191
Dropping frame 1403637202.2883189
Dropping frame 1403637202.388319
Dropping frame 1403637202.4883189
Dropping frame 1403637202.688319
Dropping frame 1403637202.7883189
Dropping frame 1403637202.888319
Dropping frame 1403637202.9883189
Dropping frame 1403637203.0883191
Dropping frame 1403637203.188319
Dropping frame 1403637203.4383192
Dropping frame 1403637203.5383191
Dropping frame 1403637203.638319
Dropping frame 1403637203.7383192
Dropping frame 1403637203.8383191
Dropping frame 1403637204.0383191
Dropping frame 1403637204.388319
Dropping frame 1403637204.5383191
Dropping frame 1403637204.7883189
Dropping frame 1403637204.9883189
Dropping frame 1403637205.2883189
Dropping frame 1403637205.388319
Dropping frame 1403637205.4883189
Dropping frame 1403637205.638319
Dropping frame 1403637205.7383192
Dropping frame 1403637205.888319
Dropping frame 1403637206.0383191
Dropping frame 1403637206.2383192
Dropping frame 1403637206.3383191
Dropping frame 1403637206.4383192
Dropping frame 1403637206.5383191
Dropping frame 1403637206.7383192
Dropping frame 1403637206.8383191
Dropping frame 1403637206.9383192
Dropping frame 1403637207.0383191
Dropping frame 1403637207.138319
Dropping frame 1403637207.2383192
Dropping frame 1403637207.4383192
Dropping frame 1403637207.5383191
Dropping frame 1403637207.638319
Dropping frame 1403637207.7383192
Dropping frame 1403637207.8383191
Dropping frame 1403637208.0383191
Dropping frame 1403637208.138319
Dropping frame 1403637208.2383192
Dropping frame 1403637208.3383191
Dropping frame 1403637208.4383192
Dropping frame 1403637208.5883191
Dropping frame 1403637208.688319
Dropping frame 1403637208.8383191
Dropping frame 1403637208.9383192
Dropping frame 1403637209.188319
Dropping frame 1403637209.388319
Dropping frame 1403637209.4883189
Dropping frame 1403637209.5883191
Dropping frame 1403637209.688319
Dropping frame 1403637209.888319
Dropping frame 1403637210.0883191
Dropping frame 1403637210.2883189
Dropping frame 1403637210.388319
Dropping frame 1403637210.4883189
Dropping frame 1403637210.5883191
Dropping frame 1403637210.7883189
Dropping frame 1403637210.9883189
Dropping frame 1403637211.0883191
Dropping frame 1403637211.188319
Dropping frame 1403637211.2883189
Dropping frame 1403637211.4883189
Dropping frame 1403637211.688319
Dropping frame 1403637211.7883189
Dropping frame 1403637211.888319
Dropping frame 1403637211.9883189
Dropping frame 1403637212.188319
Dropping frame 1403637212.2883189
Dropping frame 1403637212.388319
Dropping frame 1403637212.4883189
Dropping frame 1403637212.688319
Dropping frame 1403637212.888319
Dropping frame 1403637213.0883191
Dropping frame 1403637213.188319
Dropping frame 1403637213.388319
Dropping frame 1403637213.638319
Dropping frame 1403637213.7383192
Dropping frame 1403637213.9383192
Dropping frame 1403637214.0383191
Dropping frame 1403637214.2383192
Dropping frame 1403637214.3383191
Dropping frame 1403637214.638319
Dropping frame 1403637214.888319
Dropping frame 1403637215.0883191
Dropping frame 1403637215.2883189
Dropping frame 1403637215.388319
Dropping frame 1403637215.4883189
Dropping frame 1403637215.5883191
Dropping frame 1403637215.7883189
Dropping frame 1403637215.9883189
Dropping frame 1403637216.2883189
Dropping frame 1403637216.4883189
Dropping frame 1403637216.688319
Dropping frame 1403637216.888319
Dropping frame 1403637216.9883189
Dropping frame 1403637217.188319
Dropping frame 1403637217.388319
Dropping frame 1403637217.5383191
Dropping frame 1403637217.638319
Dropping frame 1403637218.138319
Dropping frame 1403637218.2383192
Dropping frame 1403637218.3383191
Dropping frame 1403637218.4383192
Dropping frame 1403637218.638319
Dropping frame 1403637219.0383191
Dropping frame 1403637219.188319
Dropping frame 1403637219.4383192
Dropping frame 1403637219.638319
Dropping frame 1403637219.7383192
Dropping frame 1403637219.9383192
Dropping frame 1403637220.0383191
Dropping frame 1403637220.2383192
Dropping frame 1403637220.388319
Dropping frame 1403637220.7383192
Dropping frame 1403637220.8383191
Dropping frame 1403637221.2883189
Dropping frame 1403637221.4883189
Dropping frame 1403637221.688319
Dropping frame 1403637221.7883189
Dropping frame 1403637222.688319
Dropping frame 1403637222.9383192
Dropping frame 1403637223.888319
Dropping frame 1403637224.0883191
Dropping frame 1403637224.388319
Dropping frame 1403637224.5883191
Dropping frame 1403637224.9383192
Dropping frame 1403637225.388319
Dropping frame 1403637225.5883191
Dropping frame 1403637225.7883189
Dropping frame 1403637225.888319
Dropping frame 1403637225.9883189
Dropping frame 1403637226.2383192
Dropping frame 1403637226.4883189
Dropping frame 1403637226.638319
Dropping frame 1403637226.8383191
Dropping frame 1403637227.0383191
Dropping frame 1403637227.138319
Dropping frame 1403637227.4383192
Dropping frame 1403637227.5383191
Dropping frame 1403637227.638319
Dropping frame 1403637227.8383191
Dropping frame 1403637228.0383191
Dropping frame 1403637228.2883189
Dropping frame 1403637228.4883189
Dropping frame 1403637228.8383191
Dropping frame 1403637229.2383192
Dropping frame 1403637229.3383191
Dropping frame 1403637229.888319
Dropping frame 1403637230.2883189
Dropping frame 1403637230.638319
Dropping frame 1403637231.3383191
Dropping frame 1403637231.5383191
Dropping frame 1403637232.0383191
Dropping frame 1403637232.2383192
Dropping frame 1403637232.4383192
Dropping frame 1403637232.5383191
Dropping frame 1403637232.7383192
Dropping frame 1403637232.8383191
Dropping frame 1403637232.9383192
Dropping frame 1403637233.138319
Dropping frame 1403637233.2383192
Dropping frame 1403637233.3383191
Dropping frame 1403637233.5883191
Dropping frame 1403637233.7883189
Dropping frame 1403637233.9883189
Dropping frame 1403637234.0883191
Dropping frame 1403637234.188319
Dropping frame 1403637234.388319
Dropping frame 1403637234.5883191
Dropping frame 1403637234.7883189
Dropping frame 1403637234.9883189
Dropping frame 1403637235.188319
Dropping frame 1403637235.388319
Dropping frame 1403637235.4883189
Dropping frame 1403637235.5883191
Dropping frame 1403637235.8383191
Dropping frame 1403637236.0383191
Dropping frame 1403637236.2383192
Dropping frame 1403637236.4383192
Dropping frame 1403637236.638319
Dropping frame 1403637236.7383192
Dropping frame 1403637236.8383191
Dropping frame 1403637237.0383191
Dropping frame 1403637237.188319
Dropping frame 1403637237.5383191
Dropping frame 1403637237.638319
Dropping frame 1403637237.8383191
Dropping frame 1403637237.9383192
Dropping frame 1403637238.0383191
Dropping frame 1403637238.138319
Dropping frame 1403637238.3383191
Dropping frame 1403637238.4383192
Dropping frame 1403637238.5383191
Dropping frame 1403637238.7383192
Dropping frame 1403637238.888319
Dropping frame 1403637239.188319
Dropping frame 1403637239.388319
Dropping frame 1403637239.5883191
Dropping frame 1403637239.688319
Dropping frame 1403637239.888319
Dropping frame 1403637240.0883191
Dropping frame 1403637240.188319
Dropping frame 1403637240.388319
Dropping frame 1403637240.4883189
Dropping frame 1403637240.688319
Dropping frame 1403637240.7883189
Dropping frame 1403637240.888319
Dropping frame 1403637241.0883191
Dropping frame 1403637241.2883189
Dropping frame 1403637241.4883189
Dropping frame 1403637241.688319
Dropping frame 1403637241.7883189
Dropping frame 1403637241.888319
Dropping frame 1403637242.0883191
Dropping frame 1403637242.2883189
Dropping frame 1403637242.4883189
Dropping frame 1403637242.688319
Dropping frame 1403637242.888319
Dropping frame 1403637243.0883191
Dropping frame 1403637243.188319
Dropping frame 1403637243.2883189
Dropping frame 1403637243.4883189
Dropping frame 1403637243.688319
Dropping frame 1403637243.888319
Dropping frame 1403637244.0883191
Dropping frame 1403637244.2883189
Dropping frame 1403637244.388319
Dropping frame 1403637244.4883189
Dropping frame 1403637244.688319
Dropping frame 1403637244.888319
Dropping frame 1403637245.0883191
Dropping frame 1403637245.2883189
Dropping frame 1403637245.4883189
Dropping frame 1403637245.5883191
Dropping frame 1403637245.7883189
Dropping frame 1403637245.9883189
Dropping frame 1403637246.0883191
Dropping frame 1403637246.2883189
Dropping frame 1403637246.4883189
Dropping frame 1403637246.5883191
Dropping frame 1403637246.688319
Dropping frame 1403637246.7883189
Dropping frame 1403637246.9883189
Dropping frame 1403637247.0883191
Dropping frame 1403637247.188319
Dropping frame 1403637247.388319
Dropping frame 1403637247.5883191
Dropping frame 1403637247.7883189
Dropping frame 1403637247.9883189
Dropping frame 1403637248.0883191
Dropping frame 1403637248.188319
Dropping frame 1403637248.388319
Dropping frame 1403637248.4883189
Dropping frame 1403637248.5883191
Dropping frame 1403637248.7883189
Dropping frame 1403637248.888319
Dropping frame 1403637248.9883189
Dropping frame 1403637249.3383191
Dropping frame 1403637249.5383191
Dropping frame 1403637249.7383192
Dropping frame 1403637249.8383191
Dropping frame 1403637249.9383192
Dropping frame 1403637250.138319
Dropping frame 1403637250.2383192
Dropping frame 1403637250.4883189
Dropping frame 1403637250.688319
Dropping frame 1403637250.888319
Dropping frame 1403637251.0883191
Dropping frame 1403637251.188319
Dropping frame 1403637251.4383192
Dropping frame 1403637251.5383191
Dropping frame 1403637251.638319
Dropping frame 1403637251.9883189
Dropping frame 1403637252.188319
Dropping frame 1403637252.4383192
Dropping frame 1403637252.688319
Dropping frame 1403637252.888319
Dropping frame 1403637253.0883191
Dropping frame 1403637253.2883189
Dropping frame 1403637253.388319
Dropping frame 1403637253.888319
Dropping frame 1403637254.188319
Dropping frame 1403637254.638319
Dropping frame 1403637254.9883189
Dropping frame 1403637255.188319
Dropping frame 1403637255.3383191
Dropping frame 1403637255.5383191
Dropping frame 1403637255.7383192
Dropping frame 1403637255.8383191
Dropping frame 1403637256.0883191
Dropping frame 1403637256.3383191
Dropping frame 1403637256.4883189
Dropping frame 1403637256.8383191
Dropping frame 1403637257.388319
Dropping frame 1403637257.638319
Dropping frame 1403637257.9883189
Dropping frame 1403637258.188319
Dropping frame 1403637258.2883189
Dropping frame 1403637258.5883191
Dropping frame 1403637259.188319
Dropping frame 1403637259.5383191
Dropping frame 1403637259.8383191
Dropping frame 1403637259.9383192
Dropping frame 1403637260.138319
Dropping frame 1403637260.3383191
Dropping frame 1403637260.4383192
Dropping frame 1403637260.5383191
Dropping frame 1403637260.7383192
Dropping frame 1403637260.8383191
Dropping frame 1403637261.0883191
Dropping frame 1403637261.3383191
Dropping frame 1403637261.5383191
Dropping frame 1403637261.638319
Dropping frame 1403637261.888319
Dropping frame 1403637262.2383192
Dropping frame 1403637262.4383192
Dropping frame 1403637262.638319
Dropping frame 1403637262.8383191
Dropping frame 1403637263.3383191
Dropping frame 1403637263.638319
Dropping frame 1403637263.888319
Dropping frame 1403637264.0383191
Dropping frame 1403637264.2883189
Dropping frame 1403637264.388319
Dropping frame 1403637264.638319
Dropping frame 1403637264.8383191
Dropping frame 1403637264.9383192
Dropping frame 1403637265.0383191
Dropping frame 1403637265.2383192
Dropping frame 1403637265.4383192
Shutdown
SLAM Finished at System Time: 1734432517.97357

 TIME STATS in ms (mean$\pm$std)
OpenCV version: 4.8.1
---------------------------
Tracking

ORB Extraction: 16.482$\pm$2.0713
Stereo Matching: 7.6613$\pm$1.9984
IMU Preintegration: 0.2516$\pm$0.1065
Pose Prediction: 0.72881$\pm$1.7673
LM Track: 18.597$\pm$6.2674
New KF decision: 1.3789$\pm$2.5926
Total Tracking: 32.371$\pm$24.512



Local Mapping

KF Insertion: 14.077$\pm$5.5085
MP Culling: 0.56058$\pm$0.30306
MP Creation: 44.831$\pm$19.58
LBA: 148.37$\pm$67.543
KF Culling: 14.75$\pm$10.704
Total Local Mapping: 220.81$\pm$95.771
---------------------------

LBA complexity (mean$\pm$std)
LBA Edges: 1522.9$\pm$582.65
LBA KF optimized: 6.5$\pm$2.2913
LBA KF fixed: 1$\pm$0
LBA MP: nan$\pm$nan

LBA executions: 471
LBA aborts: 0
---------------------------

Map complexity
KFs in map: 166
MPs in map: 13285
---------------------------

Place Recognition (mean$\pm$std)
Database Query: 1.9833$\pm$0.99929
SE3 estimation: 25.09$\pm$15.968
Total Place Recognition: 20.36$\pm$18.599


Loop Closing (mean$\pm$std)
Loop Fusion: nan$\pm$nan
Essential Graph: nan$\pm$nan
Total Loop Closing: nan$\pm$nan

Num exec: 0
Number of KFs: nan$\pm$nan

Map Merging (mean$\pm$std)
Merge Maps: nan$\pm$nan
Welding BA: nan$\pm$nan
Optimization Ess.: nan$\pm$nan
Total Map Merging: nan$\pm$nan

Num exec: 0
Number of KFs: nan$\pm$nan
Number of MPs: nan$\pm$nan

Full GBA (mean$\pm$std)
GBA: nan$\pm$nan
Map Update: nan$\pm$nan
Total Full GBA: nan$\pm$nan

Num exec: 0
Num abort: 0
Number of KFs: nan$\pm$nan
Number of MPs: nan$\pm$nan

Saving trajectory to f_dataset-MH03_stereo_imu.txt ...
There are 1 maps in the atlas
  Map 0 has 166 KFs

End of saving trajectory to f_dataset-MH03_stereo_imu.txt ...

Saving keyframe trajectory to kf_dataset-MH03_stereo_imu.txt ...
