num_seq = 1
file name: dataset-MH03_stereo_imu
Loading images for sequence 0...LOADED!
Loading IMU for sequence 0...LOADED!

-------

ORB-SLAM3 Copyright (C) 2017-2020 Carlos Campos, Richard Elvira, Juan J. Gómez, José M.M. Montiel and Juan D. Tardós, University of Zaragoza.
ORB-SLAM2 Copyright (C) 2014-2016 Raúl Mur-Artal, José M.M. Montiel and Juan D. Tardós, University of Zaragoza.
This program comes with ABSOLUTELY NO WARRANTY;
This is free software, and you are welcome to redistribute it
under certain conditions. See LICENSE.txt.

Built with REGISTER_TIMES
Git Commit Hash: 5ee9387

Compiled with C++ version: 201703

Input sensor was set to: Stereo-Inertial
Loading settings from ./Examples/Stereo-Inertial/EuRoC_fov_deadlines_mask_11x11.yaml
	-Loaded camera 1
	-Loaded camera 2
	-Loaded image info
	-Loaded IMU calibration
	-Loaded ORB settings
	-Loaded viewer settings
	-Loaded Atlas settings
Deadlines enabled, will skip frames!
FOV enabled
Static mask size: 11x11
Dumping map points enabled
	-Loaded misc parameters
	-Computed rectification maps
----------------------------------
SLAM settings: 
	-Camera 1 parameters (Pinhole): [ 458.65399169921875 457.29598999023438 367.21499633789062 248.375 ]
	-Camera 1 distortion parameters: [  -0.28340810537338257 0.073959067463874817 0.00019359000725671649 1.7618711353861727e-05 ]
	-Camera 2 parameters (Pinhole: [ 457.58700561523438 456.13400268554688 379.99899291992188 255.23800659179688 ]
	-Camera 1 distortion parameters: [  -0.2836836576461792 0.074512839317321777 -0.00010473000293131918 -3.555907096597366e-05 ]
	-Original image size: [ 752 , 480 ]
	-Current image size: [ 752 , 480 ]
	-Camera 1 parameters after rectification: [  456.71499633789062 456.71499633789062 364.52615356445312 257.268798828125 ]
	-Sequence FPS: 20
	-Stereo baseline: 0.11007784307003021
	-Stereo depth threshold : 60
	-Gyro noise: 0.00016999999934341758
	-Accelerometer noise: 0.0020000000949949026
	-Gyro walk: 1.9392999092815444e-05
	-Accelerometer walk: 0.0030000000260770321
	-IMU frequency: 200
	-Features per image: 1200
	-ORB scale factor: 1.2000000476837158
	-ORB number of scales: 8
	-Initial FAST threshold: 20
	-Min FAST threshold: 7


Loading ORB Vocabulary. This could take a while...
Vocabulary loaded!

Initialization of Atlas from scratch 
Creation of new map with id: 0
Creation of new map with last KF id: 0
Seq. Name: 
There are 1 cameras in the atlas
Camera 0 is pinhole
SLAM Started at System Time: 1734436666.86258
not IMU meas
not IMU meas
not enough acceleration
not enough acceleration
First KF:0; Map init KF:0
New Map created with 248 points
Active map: 0
Dropping frame 1403637130.8383191
Not enough motion for initializing. Reseting...
TRACK: Reset map because local mapper set the bad imu flag 
LM: Reseting current map in Local Mapping...
LM: End reseting Local Mapping...
LM: Reset free the mutex
LM: Active map reset recieved
LM: Active map reset, waiting...
LM: Reseting current map in Local Mapping...
LM: End reseting Local Mapping...
LM: Reset free the mutex
LM: Active map reset, Done!!!
mnFirstFrameId = 4
mnInitialFrameId = 0
50 Frames set to lost
not IMU meas
not enough acceleration
First KF:11; Map init KF:0
New Map created with 276 points
Active map: 0
Dropping frame 1403637133.638319
Dropping frame 1403637134.2883189
Dropping frame 1403637134.688319
Dropping frame 1403637134.8383191
Dropping frame 1403637135.0383191
Dropping frame 1403637135.138319
Dropping frame 1403637135.3383191
Dropping frame 1403637135.5883191
Dropping frame 1403637136.0383191
Dropping frame 1403637136.388319
Dropping frame 1403637136.688319
Dropping frame 1403637136.8383191
Dropping frame 1403637137.0883191
Dropping frame 1403637137.3383191
Dropping frame 1403637137.5883191
Dropping frame 1403637137.8383191
Dropping frame 1403637138.2883189
Dropping frame 1403637138.4883189
Dropping frame 1403637138.5883191
start VIBA 1
Dropping frame 1403637138.888319
end VIBA 1
Dropping frame 1403637138.9883189
Dropping frame 1403637139.0883191
Dropping frame 1403637139.3383191
Dropping frame 1403637139.4383192
Dropping frame 1403637139.5383191
Dropping frame 1403637139.7883189
Dropping frame 1403637139.888319
Not enough motion for initializing. Reseting...
TRACK: Reset map because local mapper set the bad imu flag 
LM: Active map reset recieved
LM: Active map reset, waiting...
LM: Reseting current map in Local Mapping...
LM: End reseting Local Mapping...
LM: Reset free the mutex
LM: Active map reset, Done!!!
mnFirstFrameId = 57
mnInitialFrameId = 54
155 Frames set to lost
not IMU meas
not enough acceleration
Dropping frame 1403637140.188319
First KF:38; Map init KF:11
New Map created with 273 points
Active map: 0
Dropping frame 1403637140.7383192
Dropping frame 1403637140.8383191
Dropping frame 1403637140.9383192
Dropping frame 1403637141.138319
Dropping frame 1403637141.3383191
Dropping frame 1403637141.4383192
Dropping frame 1403637141.5383191
Dropping frame 1403637141.688319
Dropping frame 1403637141.888319
Dropping frame 1403637142.0883191
Dropping frame 1403637142.2883189
Dropping frame 1403637142.4383192
Dropping frame 1403637142.9883189
Not enough motion for initializing. Reseting...
TRACK: Reset map because local mapper set the bad imu flag 
LM: Active map reset recieved
LM: Active map reset, waiting...
LM: Reseting current map in Local Mapping...
LM: End reseting Local Mapping...
LM: Reset free the mutex
LM: Active map reset, Done!!!
mnFirstFrameId = 165
mnInitialFrameId = 162
205 Frames set to lost
not IMU meas
Dropping frame 1403637143.4883189
not enough acceleration
not enough acceleration
not enough acceleration
Dropping frame 1403637143.688319
not enough acceleration
not enough acceleration
not enough acceleration
not enough acceleration
not enough acceleration
Dropping frame 1403637143.9883189
First KF:49; Map init KF:38
New Map created with 271 points
Active map: 0
Not enough motion for initializing. Reseting...
TRACK: Reset map because local mapper set the bad imu flag 
LM: Active map reset recieved
LM: Active map reset, waiting...
LM: Reseting current map in Local Mapping...
LM: End reseting Local Mapping...
LM: Reset free the mutex
LM: Active map reset, Done!!!
mnFirstFrameId = 225
mnInitialFrameId = 215
262 Frames set to lost
not IMU meas
not enough acceleration
not enough acceleration
not enough acceleration
Dropping frame 1403637147.138319
not enough acceleration
not enough acceleration
not enough acceleration
not enough acceleration
not enough acceleration
not enough acceleration
not enough acceleration
not enough acceleration
not enough acceleration
not enough acceleration
not enough acceleration
not enough acceleration
not enough acceleration
not enough acceleration
Dropping frame 1403637147.888319
not enough acceleration
not enough acceleration
not enough acceleration
not enough acceleration
not enough acceleration
not enough acceleration
not enough acceleration
not enough acceleration
not enough acceleration
not enough acceleration
not enough acceleration
not enough acceleration
not enough acceleration
not enough acceleration
not enough acceleration
not enough acceleration
Dropping frame 1403637148.7383192
First KF:60; Map init KF:49
New Map created with 258 points
Active map: 0
Dropping frame 1403637149.5383191
Dropping frame 1403637151.138319
Dropping frame 1403637151.7383192
Dropping frame 1403637153.8383191
start VIBA 1
end VIBA 1
Dropping frame 1403637155.688319
Dropping frame 1403637155.9883189
Dropping frame 1403637156.2883189
Dropping frame 1403637156.5883191
Dropping frame 1403637156.7883189
Dropping frame 1403637156.888319
Dropping frame 1403637157.0883191
Dropping frame 1403637157.3383191
Dropping frame 1403637157.4383192
Dropping frame 1403637157.5883191
Dropping frame 1403637157.688319
Dropping frame 1403637157.8383191
Dropping frame 1403637157.9383192
Dropping frame 1403637158.0383191
Dropping frame 1403637158.188319
Dropping frame 1403637158.2883189
Dropping frame 1403637158.4883189
Dropping frame 1403637158.638319
Dropping frame 1403637158.7383192
Dropping frame 1403637158.8383191
Dropping frame 1403637158.9383192
Dropping frame 1403637159.0383191
Dropping frame 1403637159.138319
Dropping frame 1403637159.2383192
Dropping frame 1403637159.3383191
Dropping frame 1403637159.4383192
Dropping frame 1403637159.5383191
Dropping frame 1403637159.638319
Dropping frame 1403637159.7383192
Dropping frame 1403637159.8383191
Dropping frame 1403637159.9383192
Dropping frame 1403637160.0383191
Dropping frame 1403637160.138319
Dropping frame 1403637160.2383192
Dropping frame 1403637160.388319
Dropping frame 1403637160.4883189
Dropping frame 1403637160.5883191
Dropping frame 1403637160.688319
Dropping frame 1403637160.7883189
Dropping frame 1403637160.888319
Dropping frame 1403637160.9883189
Dropping frame 1403637161.188319
Dropping frame 1403637161.2883189
Dropping frame 1403637161.388319
Dropping frame 1403637161.4883189
Dropping frame 1403637161.5883191
Dropping frame 1403637161.688319
Dropping frame 1403637161.7883189
Dropping frame 1403637161.9383192
Dropping frame 1403637162.0883191
Dropping frame 1403637162.2383192
Dropping frame 1403637162.3383191
Dropping frame 1403637162.4383192
Dropping frame 1403637162.5383191
Dropping frame 1403637162.688319
Dropping frame 1403637162.7883189
Dropping frame 1403637162.888319
Dropping frame 1403637163.0383191
Dropping frame 1403637163.138319
Dropping frame 1403637163.2383192
Dropping frame 1403637163.3383191
Dropping frame 1403637163.4383192
Dropping frame 1403637163.5383191
Dropping frame 1403637163.638319
Dropping frame 1403637163.7383192
Dropping frame 1403637163.8383191
Dropping frame 1403637163.9383192
Dropping frame 1403637164.0383191
start VIBA 2
Dropping frame 1403637164.2383192
Dropping frame 1403637164.3383191
Dropping frame 1403637164.5383191
end VIBA 2
Dropping frame 1403637164.638319
Dropping frame 1403637164.7383192
Dropping frame 1403637164.888319
Dropping frame 1403637165.0883191
Dropping frame 1403637165.2383192
Dropping frame 1403637165.3383191
Dropping frame 1403637165.4383192
Dropping frame 1403637165.638319
Dropping frame 1403637165.7383192
Dropping frame 1403637165.8383191
Dropping frame 1403637165.9383192
Dropping frame 1403637166.0383191
Dropping frame 1403637166.2383192
Dropping frame 1403637166.3383191
Dropping frame 1403637166.4383192
Dropping frame 1403637166.638319
Dropping frame 1403637166.8383191
Dropping frame 1403637166.9383192
Dropping frame 1403637167.0383191
Dropping frame 1403637167.2383192
Dropping frame 1403637167.3383191
Dropping frame 1403637167.4383192
Dropping frame 1403637167.5383191
Dropping frame 1403637167.888319
Dropping frame 1403637167.9883189
Dropping frame 1403637168.188319
Dropping frame 1403637168.388319
Dropping frame 1403637168.4883189
Dropping frame 1403637168.688319
Dropping frame 1403637168.888319
Dropping frame 1403637169.0883191
Dropping frame 1403637169.188319
Dropping frame 1403637169.388319
Dropping frame 1403637169.5883191
Dropping frame 1403637169.688319
Dropping frame 1403637169.7883189
Dropping frame 1403637169.9883189
Dropping frame 1403637170.0883191
Dropping frame 1403637170.2883189
Dropping frame 1403637170.4883189
Dropping frame 1403637170.688319
Dropping frame 1403637170.888319
Dropping frame 1403637171.0883191
Dropping frame 1403637171.2883189
Dropping frame 1403637171.4883189
Dropping frame 1403637171.688319
Dropping frame 1403637171.888319
Dropping frame 1403637172.0883191
Dropping frame 1403637172.2883189
Dropping frame 1403637172.4883189
Dropping frame 1403637172.688319
Dropping frame 1403637172.888319
Dropping frame 1403637173.0883191
Dropping frame 1403637173.2883189
Dropping frame 1403637173.4883189
Dropping frame 1403637173.7383192
Dropping frame 1403637173.9383192
Dropping frame 1403637174.138319
Dropping frame 1403637174.3383191
Dropping frame 1403637174.5383191
Dropping frame 1403637174.7383192
Dropping frame 1403637174.9383192
Dropping frame 1403637175.0383191
Dropping frame 1403637175.138319
Dropping frame 1403637175.3383191
Dropping frame 1403637175.5383191
Dropping frame 1403637175.7383192
Dropping frame 1403637176.9883189
Dropping frame 1403637177.188319
Dropping frame 1403637177.388319
Dropping frame 1403637177.5883191
Dropping frame 1403637177.688319
Dropping frame 1403637177.888319
Dropping frame 1403637178.0883191
Dropping frame 1403637178.2883189
Dropping frame 1403637178.5383191
Dropping frame 1403637178.7383192
Dropping frame 1403637178.9383192
Dropping frame 1403637179.138319
Dropping frame 1403637179.4883189
Dropping frame 1403637179.688319
Dropping frame 1403637179.888319
Dropping frame 1403637180.0883191
Dropping frame 1403637180.2883189
Dropping frame 1403637180.4883189
Dropping frame 1403637180.5883191
Dropping frame 1403637180.9883189
Dropping frame 1403637181.2883189
Dropping frame 1403637181.4883189
Dropping frame 1403637181.688319
Dropping frame 1403637181.7883189
Dropping frame 1403637181.9883189
Dropping frame 1403637182.0883191
Dropping frame 1403637182.388319
Dropping frame 1403637182.7383192
Dropping frame 1403637183.0383191
Dropping frame 1403637183.388319
Dropping frame 1403637183.5883191
Dropping frame 1403637183.7883189
Dropping frame 1403637183.9883189
Dropping frame 1403637184.138319
Dropping frame 1403637184.4883189
Dropping frame 1403637184.688319
Dropping frame 1403637184.7883189
Dropping frame 1403637185.0383191
Dropping frame 1403637185.3383191
Dropping frame 1403637185.5383191
Dropping frame 1403637185.7383192
Dropping frame 1403637185.8383191
Dropping frame 1403637186.0883191
Dropping frame 1403637186.2883189
Dropping frame 1403637186.4883189
Dropping frame 1403637186.688319
Dropping frame 1403637187.138319
Dropping frame 1403637187.3383191
Dropping frame 1403637187.4383192
Dropping frame 1403637187.688319
Dropping frame 1403637187.9883189
Dropping frame 1403637188.188319
Dropping frame 1403637188.2883189
Dropping frame 1403637188.5383191
Dropping frame 1403637188.638319
Dropping frame 1403637188.7383192
Dropping frame 1403637188.9383192
Dropping frame 1403637189.0383191
Dropping frame 1403637189.2883189
Dropping frame 1403637189.4883189
Dropping frame 1403637189.638319
Dropping frame 1403637189.8383191
Dropping frame 1403637189.9883189
Dropping frame 1403637190.188319
Dropping frame 1403637190.388319
Dropping frame 1403637190.5883191
Dropping frame 1403637190.688319
Dropping frame 1403637190.7883189
Dropping frame 1403637190.9883189
Dropping frame 1403637191.188319
Dropping frame 1403637191.2883189
Dropping frame 1403637191.388319
Dropping frame 1403637191.5883191
Dropping frame 1403637191.688319
Dropping frame 1403637191.9383192
Dropping frame 1403637192.0383191
Dropping frame 1403637192.2883189
Dropping frame 1403637192.5883191
Dropping frame 1403637192.688319
Dropping frame 1403637192.9383192
Dropping frame 1403637193.2383192
Dropping frame 1403637193.3383191
Dropping frame 1403637193.5883191
Dropping frame 1403637193.688319
Dropping frame 1403637193.9383192
Dropping frame 1403637194.0383191
Dropping frame 1403637194.138319
Dropping frame 1403637194.3383191
Dropping frame 1403637194.4383192
Dropping frame 1403637194.5383191
Dropping frame 1403637194.7383192
Dropping frame 1403637194.8383191
Dropping frame 1403637195.0883191
Dropping frame 1403637195.388319
Dropping frame 1403637195.5383191
Dropping frame 1403637195.7383192
Dropping frame 1403637195.8383191
Dropping frame 1403637196.0883191
Dropping frame 1403637196.388319
Dropping frame 1403637196.5383191
Dropping frame 1403637196.7383192
Dropping frame 1403637196.8383191
Dropping frame 1403637197.0883191
Dropping frame 1403637197.4383192
Dropping frame 1403637197.5383191
Dropping frame 1403637197.8383191
Dropping frame 1403637197.9383192
Dropping frame 1403637198.188319
Dropping frame 1403637198.2883189
Dropping frame 1403637198.4883189
Dropping frame 1403637198.5883191
Dropping frame 1403637199.188319
Dropping frame 1403637199.388319
Dropping frame 1403637199.5883191
Dropping frame 1403637199.7883189
Dropping frame 1403637199.888319
Dropping frame 1403637199.9883189
Dropping frame 1403637200.5383191
Dropping frame 1403637200.7883189
Dropping frame 1403637200.9383192
Dropping frame 1403637201.138319
Dropping frame 1403637201.2883189
Dropping frame 1403637201.388319
Dropping frame 1403637201.5383191
Dropping frame 1403637201.638319
Dropping frame 1403637201.7383192
Dropping frame 1403637201.8383191
Dropping frame 1403637201.9383192
Dropping frame 1403637202.0883191
Dropping frame 1403637202.188319
Dropping frame 1403637202.2883189
Dropping frame 1403637202.388319
Dropping frame 1403637202.4883189
Dropping frame 1403637202.5883191
Dropping frame 1403637202.688319
Dropping frame 1403637202.888319
Dropping frame 1403637202.9883189
Dropping frame 1403637203.0883191
Dropping frame 1403637203.2883189
Dropping frame 1403637203.388319
Dropping frame 1403637203.4883189
Dropping frame 1403637203.688319
Dropping frame 1403637203.7883189
Dropping frame 1403637203.888319
Dropping frame 1403637204.0883191
Dropping frame 1403637204.2883189
Dropping frame 1403637204.388319
Dropping frame 1403637204.4883189
Dropping frame 1403637204.688319
Dropping frame 1403637204.7883189
Dropping frame 1403637204.888319
Dropping frame 1403637205.0883191
Dropping frame 1403637205.2383192
Dropping frame 1403637205.4383192
Dropping frame 1403637205.5383191
Dropping frame 1403637205.638319
Dropping frame 1403637205.7383192
Dropping frame 1403637205.9383192
Dropping frame 1403637206.0383191
Dropping frame 1403637206.138319
Dropping frame 1403637206.3383191
Dropping frame 1403637206.4383192
Dropping frame 1403637206.5383191
Dropping frame 1403637206.7383192
Dropping frame 1403637206.8383191
Dropping frame 1403637207.0883191
Dropping frame 1403637207.188319
Dropping frame 1403637207.2883189
Dropping frame 1403637207.4383192
Dropping frame 1403637207.5383191
Dropping frame 1403637207.7383192
Dropping frame 1403637207.8383191
Dropping frame 1403637208.0883191
Dropping frame 1403637208.188319
Dropping frame 1403637208.2883189
Dropping frame 1403637208.4883189
Dropping frame 1403637208.5883191
Dropping frame 1403637208.688319
Dropping frame 1403637208.888319
Dropping frame 1403637209.0383191
Dropping frame 1403637209.2383192
Dropping frame 1403637209.3383191
Dropping frame 1403637209.4383192
Dropping frame 1403637209.638319
Dropping frame 1403637209.8383191
Dropping frame 1403637209.9383192
Dropping frame 1403637210.0883191
Dropping frame 1403637210.188319
Dropping frame 1403637210.4883189
Dropping frame 1403637210.5883191
Dropping frame 1403637210.688319
Dropping frame 1403637210.7883189
Dropping frame 1403637210.888319
Dropping frame 1403637211.0883191
Dropping frame 1403637211.188319
Dropping frame 1403637211.2883189
Dropping frame 1403637211.4883189
Dropping frame 1403637211.5883191
Dropping frame 1403637211.688319
Dropping frame 1403637211.888319
Dropping frame 1403637212.0883191
Dropping frame 1403637212.188319
Dropping frame 1403637212.2883189
Dropping frame 1403637212.4883189
Dropping frame 1403637212.688319
Dropping frame 1403637212.7883189
Dropping frame 1403637212.888319
Dropping frame 1403637212.9883189
Dropping frame 1403637213.0883191
Dropping frame 1403637213.2883189
Dropping frame 1403637213.388319
Dropping frame 1403637213.4883189
Dropping frame 1403637213.8383191
Dropping frame 1403637213.9383192
Dropping frame 1403637214.0383191
Dropping frame 1403637214.188319
Dropping frame 1403637214.388319
Dropping frame 1403637214.4883189
Dropping frame 1403637214.5883191
Dropping frame 1403637214.688319
Dropping frame 1403637214.7883189
Dropping frame 1403637214.888319
Dropping frame 1403637215.0883191
Dropping frame 1403637215.188319
Dropping frame 1403637215.2883189
Dropping frame 1403637215.4883189
Dropping frame 1403637215.5883191
Dropping frame 1403637215.688319
Dropping frame 1403637215.888319
Dropping frame 1403637215.9883189
Dropping frame 1403637216.0883191
Dropping frame 1403637216.2883189
Dropping frame 1403637216.388319
Dropping frame 1403637216.5883191
Dropping frame 1403637216.688319
Dropping frame 1403637216.7883189
Dropping frame 1403637216.888319
Dropping frame 1403637217.188319
Dropping frame 1403637217.2883189
Dropping frame 1403637217.388319
Dropping frame 1403637217.5883191
Dropping frame 1403637217.7883189
Dropping frame 1403637217.888319
Dropping frame 1403637217.9883189
Dropping frame 1403637218.0883191
Dropping frame 1403637218.2883189
Dropping frame 1403637218.388319
Dropping frame 1403637218.4883189
Dropping frame 1403637218.5883191
Dropping frame 1403637218.688319
Dropping frame 1403637218.888319
Dropping frame 1403637218.9883189
Dropping frame 1403637219.0883191
Dropping frame 1403637219.2883189
Dropping frame 1403637219.388319
Dropping frame 1403637219.4883189
Dropping frame 1403637219.688319
Dropping frame 1403637219.888319
Dropping frame 1403637219.9883189
Dropping frame 1403637220.0883191
Dropping frame 1403637220.188319
Dropping frame 1403637220.388319
Dropping frame 1403637220.4883189
Dropping frame 1403637220.5883191
Dropping frame 1403637220.7883189
Dropping frame 1403637220.888319
Dropping frame 1403637220.9883189
Dropping frame 1403637221.188319
Dropping frame 1403637221.2883189
Dropping frame 1403637221.388319
Dropping frame 1403637221.5883191
Dropping frame 1403637221.688319
Dropping frame 1403637221.7883189
Dropping frame 1403637221.888319
Dropping frame 1403637221.9883189
Dropping frame 1403637222.0883191
Dropping frame 1403637222.188319
Dropping frame 1403637222.2883189
Dropping frame 1403637222.4883189
Dropping frame 1403637222.5883191
Dropping frame 1403637222.688319
Dropping frame 1403637222.888319
Dropping frame 1403637223.0883191
Dropping frame 1403637223.188319
Dropping frame 1403637223.2883189
Dropping frame 1403637223.388319
Dropping frame 1403637223.5883191
Dropping frame 1403637223.688319
Dropping frame 1403637223.7883189
Dropping frame 1403637223.888319
Dropping frame 1403637223.9883189
Dropping frame 1403637224.188319
Dropping frame 1403637224.2883189
Dropping frame 1403637224.388319
Dropping frame 1403637224.5883191
Dropping frame 1403637224.7883189
Dropping frame 1403637224.888319
Dropping frame 1403637224.9883189
Dropping frame 1403637225.0883191
Dropping frame 1403637225.2883189
Dropping frame 1403637225.4883189
Dropping frame 1403637225.688319
Dropping frame 1403637225.7883189
Dropping frame 1403637225.888319
Dropping frame 1403637226.0883191
Dropping frame 1403637226.2883189
Dropping frame 1403637226.388319
Dropping frame 1403637226.4883189
Dropping frame 1403637226.5883191
Dropping frame 1403637226.7883189
Dropping frame 1403637226.888319
Dropping frame 1403637226.9883189
Dropping frame 1403637227.188319
Dropping frame 1403637227.4383192
Dropping frame 1403637227.5383191
Dropping frame 1403637227.638319
Dropping frame 1403637227.8383191
Dropping frame 1403637227.9383192
Dropping frame 1403637228.138319
Dropping frame 1403637228.2383192
Dropping frame 1403637228.3383191
Dropping frame 1403637228.5383191
Dropping frame 1403637228.638319
Dropping frame 1403637228.7383192
Dropping frame 1403637228.9383192
Dropping frame 1403637229.0383191
Dropping frame 1403637229.2883189
Dropping frame 1403637229.4883189
Dropping frame 1403637229.688319
Dropping frame 1403637229.7883189
Dropping frame 1403637229.888319
Dropping frame 1403637230.0883191
Dropping frame 1403637230.188319
Dropping frame 1403637230.2883189
Dropping frame 1403637230.4883189
Dropping frame 1403637230.688319
Dropping frame 1403637230.9883189
Dropping frame 1403637231.188319
Dropping frame 1403637231.388319
Dropping frame 1403637231.4883189
Dropping frame 1403637231.638319
Dropping frame 1403637231.8383191
Dropping frame 1403637232.0383191
Dropping frame 1403637232.138319
Dropping frame 1403637232.2383192
Dropping frame 1403637232.4883189
Dropping frame 1403637232.5883191
Dropping frame 1403637232.7383192
Dropping frame 1403637232.8383191
Dropping frame 1403637233.0383191
Dropping frame 1403637233.2383192
Dropping frame 1403637233.3383191
Dropping frame 1403637233.4883189
Dropping frame 1403637233.688319
Dropping frame 1403637233.7883189
Dropping frame 1403637233.888319
Dropping frame 1403637233.9883189
Dropping frame 1403637234.0883191
Dropping frame 1403637234.2883189
Dropping frame 1403637234.4883189
Dropping frame 1403637234.5883191
Dropping frame 1403637234.688319
Dropping frame 1403637234.7883189
Dropping frame 1403637234.9883189
Dropping frame 1403637235.188319
Dropping frame 1403637235.2883189
Dropping frame 1403637235.4383192
Dropping frame 1403637235.638319
Dropping frame 1403637235.8383191
Dropping frame 1403637236.0383191
Dropping frame 1403637236.138319
Dropping frame 1403637236.2383192
Dropping frame 1403637236.4383192
Dropping frame 1403637236.638319
Dropping frame 1403637236.8383191
Dropping frame 1403637237.138319
Dropping frame 1403637237.3383191
Dropping frame 1403637237.4883189
Dropping frame 1403637237.7383192
Dropping frame 1403637237.8383191
Dropping frame 1403637237.9383192
Dropping frame 1403637238.2383192
Dropping frame 1403637238.3383191
Dropping frame 1403637238.5383191
Dropping frame 1403637238.638319
Dropping frame 1403637238.888319
Dropping frame 1403637239.0883191
Dropping frame 1403637239.4383192
Dropping frame 1403637240.2883189
Dropping frame 1403637240.5383191
Dropping frame 1403637240.8383191
Dropping frame 1403637240.9383192
Dropping frame 1403637241.3383191
Dropping frame 1403637241.5383191
Dropping frame 1403637241.7883189
Dropping frame 1403637241.9883189
Dropping frame 1403637242.188319
Dropping frame 1403637242.2883189
Dropping frame 1403637242.388319
Dropping frame 1403637242.638319
Dropping frame 1403637242.8383191
Dropping frame 1403637242.9383192
Dropping frame 1403637243.188319
Dropping frame 1403637243.388319
Dropping frame 1403637243.4883189
Dropping frame 1403637243.7383192
Dropping frame 1403637244.188319
Dropping frame 1403637244.4883189
Dropping frame 1403637244.5883191
Dropping frame 1403637244.8383191
Dropping frame 1403637244.9383192
Dropping frame 1403637245.188319
Dropping frame 1403637245.388319
Dropping frame 1403637245.5883191
Dropping frame 1403637245.688319
Dropping frame 1403637245.888319
Dropping frame 1403637246.0883191
Dropping frame 1403637246.388319
Dropping frame 1403637246.4883189
Dropping frame 1403637246.5883191
Dropping frame 1403637246.8383191
Dropping frame 1403637246.9383192
Dropping frame 1403637247.138319
Dropping frame 1403637247.2383192
Dropping frame 1403637247.4883189
Dropping frame 1403637247.7383192
Dropping frame 1403637247.9383192
Dropping frame 1403637248.0383191
Dropping frame 1403637248.2383192
Dropping frame 1403637248.4383192
Dropping frame 1403637248.638319
Dropping frame 1403637248.8383191
Dropping frame 1403637249.0383191
Dropping frame 1403637249.138319
Dropping frame 1403637249.3383191
Dropping frame 1403637249.5383191
Dropping frame 1403637249.7383192
Dropping frame 1403637249.9383192
Dropping frame 1403637250.138319
Dropping frame 1403637250.3383191
Dropping frame 1403637250.5383191
Dropping frame 1403637250.638319
Dropping frame 1403637250.7383192
Dropping frame 1403637250.9383192
Dropping frame 1403637251.138319
Dropping frame 1403637251.3383191
Dropping frame 1403637251.4383192
Dropping frame 1403637251.5383191
Dropping frame 1403637251.7383192
Dropping frame 1403637251.9383192
Dropping frame 1403637252.138319
Dropping frame 1403637252.2383192
Dropping frame 1403637252.3383191
Dropping frame 1403637252.5383191
Dropping frame 1403637252.7383192
Dropping frame 1403637252.9383192
Dropping frame 1403637253.0383191
Dropping frame 1403637253.138319
Dropping frame 1403637253.5883191
Dropping frame 1403637253.7883189
Dropping frame 1403637254.388319
Dropping frame 1403637254.5883191
Dropping frame 1403637254.688319
Dropping frame 1403637254.7883189
Dropping frame 1403637254.9883189
Dropping frame 1403637255.0883191
Dropping frame 1403637255.2883189
Dropping frame 1403637255.388319
Dropping frame 1403637255.4883189
Dropping frame 1403637255.688319
Dropping frame 1403637255.888319
Dropping frame 1403637256.0883191
Dropping frame 1403637256.2883189
Dropping frame 1403637256.388319
Dropping frame 1403637256.4883189
Dropping frame 1403637256.688319
Dropping frame 1403637256.888319
Dropping frame 1403637257.0883191
Dropping frame 1403637257.188319
Dropping frame 1403637257.2883189
Dropping frame 1403637257.4883189
Dropping frame 1403637257.688319
Dropping frame 1403637257.888319
Dropping frame 1403637257.9883189
Dropping frame 1403637258.0883191
Dropping frame 1403637258.2883189
Dropping frame 1403637258.4883189
Dropping frame 1403637258.5883191
Dropping frame 1403637258.688319
Dropping frame 1403637258.7883189
Dropping frame 1403637258.9883189
Dropping frame 1403637259.188319
Dropping frame 1403637259.388319
Dropping frame 1403637259.4883189
Dropping frame 1403637259.688319
Dropping frame 1403637259.888319
Dropping frame 1403637259.9883189
Dropping frame 1403637260.0883191
Dropping frame 1403637260.2883189
Dropping frame 1403637260.4883189
Dropping frame 1403637260.5883191
Dropping frame 1403637260.688319
Dropping frame 1403637260.7883189
Dropping frame 1403637260.9883189
Dropping frame 1403637261.188319
Dropping frame 1403637261.388319
Dropping frame 1403637261.4883189
Dropping frame 1403637261.5883191
Dropping frame 1403637261.7883189
Dropping frame 1403637261.9883189
Dropping frame 1403637262.188319
Dropping frame 1403637262.2883189
Dropping frame 1403637262.388319
Dropping frame 1403637262.5883191
Dropping frame 1403637262.688319
Dropping frame 1403637262.888319
Dropping frame 1403637262.9883189
Fail to track local map!
Dropping frame 1403637263.0883191
Fail to track local map!
Fail to track local map!
Fail to track local map!
Dropping frame 1403637263.2883189
Fail to track local map!
Fail to track local map!
Fail to track local map!
Dropping frame 1403637263.4883189
Fail to track local map!
Fail to track local map!
Fail to track local map!
Dropping frame 1403637263.688319
Fail to track local map!
Dropping frame 1403637263.7883189
Fail to track local map!
Dropping frame 1403637263.888319
Fail to track local map!
Fail to track local map!
Dropping frame 1403637264.0883191
Fail to track local map!
Dropping frame 1403637264.188319
Fail to track local map!
Dropping frame 1403637264.2883189
Fail to track local map!
Fail to track local map!
Dropping frame 1403637264.4883189
Fail to track local map!
Fail to track local map!
Fail to track local map!
Dropping frame 1403637264.688319
Dropping frame 1403637264.7883189
Fail to track local map!
Dropping frame 1403637264.9883189
Dropping frame 1403637265.188319
Dropping frame 1403637265.2883189
Dropping frame 1403637265.388319
Dropping frame 1403637265.4883189
Shutdown
SLAM Finished at System Time: 1734436833.97484

 TIME STATS in ms (mean$\pm$std)
OpenCV version: 4.8.1
---------------------------
Tracking

ORB Extraction: 19.901$\pm$2.6989
Stereo Matching: 7.9616$\pm$1.966
IMU Preintegration: 0.24855$\pm$0.098968
Pose Prediction: 0.79412$\pm$1.8795
LM Track: 19.367$\pm$6.8508
New KF decision: 1.4589$\pm$2.6238
Total Tracking: 31.359$\pm$27.658



Local Mapping

KF Insertion: 15.434$\pm$5.7996
MP Culling: 0.60541$\pm$0.2757
MP Creation: 47.423$\pm$20.419
LBA: 156.05$\pm$66.145
KF Culling: 15.194$\pm$11.118
Total Local Mapping: 232.64$\pm$96.425
---------------------------

LBA complexity (mean$\pm$std)
LBA Edges: 1566.5$\pm$545.37
LBA KF optimized: 6.5$\pm$2.2913
LBA KF fixed: 1$\pm$0
LBA MP: nan$\pm$nan

LBA executions: 436
LBA aborts: 0
---------------------------

Map complexity
KFs in map: 147
MPs in map: 11403
---------------------------

Place Recognition (mean$\pm$std)
Database Query: 2.1885$\pm$1.2091
SE3 estimation: 27.524$\pm$16.022
Total Place Recognition: 22.346$\pm$19.474


Loop Closing (mean$\pm$std)
Loop Fusion: nan$\pm$nan
Essential Graph: nan$\pm$nan
Total Loop Closing: nan$\pm$nan

Num exec: 0
Number of KFs: nan$\pm$nan

Map Merging (mean$\pm$std)
Merge Maps: nan$\pm$nan
Welding BA: nan$\pm$nan
Optimization Ess.: nan$\pm$nan
Total Map Merging: nan$\pm$nan

Num exec: 0
Number of KFs: nan$\pm$nan
Number of MPs: nan$\pm$nan

Full GBA (mean$\pm$std)
GBA: nan$\pm$nan
Map Update: nan$\pm$nan
Total Full GBA: nan$\pm$nan

Num exec: 0
Num abort: 0
Number of KFs: nan$\pm$nan
Number of MPs: nan$\pm$nan

Saving trajectory to f_dataset-MH03_stereo_imu.txt ...
There are 1 maps in the atlas
  Map 0 has 147 KFs

End of saving trajectory to f_dataset-MH03_stereo_imu.txt ...

Saving keyframe trajectory to kf_dataset-MH03_stereo_imu.txt ...
