num_seq = 1
file name: dataset-MH05_stereo_imu
Loading images for sequence 0...LOADED!
Loading IMU for sequence 0...LOADED!

-------

ORB-SLAM3 Copyright (C) 2017-2020 Carlos Campos, Richard Elvira, Juan J. Gómez, José M.M. Montiel and Juan D. Tardós, University of Zaragoza.
ORB-SLAM2 Copyright (C) 2014-2016 Raúl Mur-Artal, José M.M. Montiel and Juan D. Tardós, University of Zaragoza.
This program comes with ABSOLUTELY NO WARRANTY;
This is free software, and you are welcome to redistribute it
under certain conditions. See LICENSE.txt.

Built with REGISTER_TIMES
Git Commit Hash: 90f15d8

Input sensor was set to: Stereo-Inertial
Loading settings from ./Examples/Stereo-Inertial/EuRoC_fov_deadlines_mask_5x5.yaml
	-Loaded camera 1
	-Loaded camera 2
	-Loaded image info
	-Loaded IMU calibration
	-Loaded ORB settings
	-Loaded viewer settings
	-Loaded Atlas settings
Deadlines enabled, will skip frames!
FOV enabled
Static mask size: 5x5
Dumping map points enabled
	-Loaded misc parameters
	-Computed rectification maps
----------------------------------
SLAM settings: 
	-Camera 1 parameters (Pinhole): [ 458.65399169921875 457.29598999023438 367.21499633789062 248.375 ]
	-Camera 1 distortion parameters: [  -0.28340810537338257 0.073959067463874817 0.00019359000725671649 1.7618711353861727e-05 ]
	-Camera 2 parameters (Pinhole: [ 457.58700561523438 456.13400268554688 379.99899291992188 255.23800659179688 ]
	-Camera 1 distortion parameters: [  -0.2836836576461792 0.074512839317321777 -0.00010473000293131918 -3.555907096597366e-05 ]
	-Original image size: [ 752 , 480 ]
	-Current image size: [ 752 , 480 ]
	-Camera 1 parameters after rectification: [  456.71499633789062 456.71499633789062 364.52615356445312 257.268798828125 ]
	-Sequence FPS: 20
	-Stereo baseline: 0.11007784307003021
	-Stereo depth threshold : 60
	-Gyro noise: 0.00016999999934341758
	-Accelerometer noise: 0.0020000000949949026
	-Gyro walk: 1.9392999092815444e-05
	-Accelerometer walk: 0.0030000000260770321
	-IMU frequency: 200
	-Features per image: 1200
	-ORB scale factor: 1.2000000476837158
	-ORB number of scales: 8
	-Initial FAST threshold: 20
	-Min FAST threshold: 7


Loading ORB Vocabulary. This could take a while...
Vocabulary loaded!

Initialization of Atlas from scratch 
Creation of new map with id: 0
Creation of new map with last KF id: 0
Seq. Name: 
There are 1 cameras in the atlas
Camera 0 is pinhole
SLAM Started at System Time: 1732008691.54117
not IMU meas
not IMU meas
not enough acceleration
not enough acceleration
not enough acceleration
not enough acceleration
not enough acceleration
not enough acceleration
not enough acceleration
not enough acceleration
not enough acceleration
not enough acceleration
not enough acceleration
not enough acceleration
not enough acceleration
not enough acceleration
not enough acceleration
not enough acceleration
not enough acceleration
not enough acceleration
not enough acceleration
not enough acceleration
not enough acceleration
not enough acceleration
not enough acceleration
not enough acceleration
not enough acceleration
not enough acceleration
not enough acceleration
not enough acceleration
not enough acceleration
not enough acceleration
not enough acceleration
not enough acceleration
not enough acceleration
not enough acceleration
not enough acceleration
not enough acceleration
not enough acceleration
not enough acceleration
not enough acceleration
not enough acceleration
not enough acceleration
not enough acceleration
not enough acceleration
not enough acceleration
not enough acceleration
not enough acceleration
not enough acceleration
not enough acceleration
not enough acceleration
not enough acceleration
not enough acceleration
not enough acceleration
not enough acceleration
not enough acceleration
not enough acceleration
not enough acceleration
not enough acceleration
not enough acceleration
not enough acceleration
not enough acceleration
not enough acceleration
not enough acceleration
not enough acceleration
not enough acceleration
not enough acceleration
not enough acceleration
not enough acceleration
not enough acceleration
not enough acceleration
not enough acceleration
not enough acceleration
not enough acceleration
not enough acceleration
not enough acceleration
not enough acceleration
not enough acceleration
not enough acceleration
not enough acceleration
First KF:0; Map init KF:0
New Map created with 83 points
Active map: 0
Dropping frame 1403638523.7778294
Dropping frame 1403638524.7278295
Dropping frame 1403638524.8778293
Dropping frame 1403638525.0778294
Dropping frame 1403638525.3278296
Dropping frame 1403638525.4278295
Dropping frame 1403638525.5278294
Dropping frame 1403638525.7278295
Dropping frame 1403638525.8278296
Dropping frame 1403638526.1278296
Dropping frame 1403638526.3278296
Dropping frame 1403638526.5278294
Dropping frame 1403638526.8278296
start VIBA 1
Dropping frame 1403638527.3778293
end VIBA 1
Dropping frame 1403638527.5278294
Dropping frame 1403638528.3278296
Dropping frame 1403638529.1778293
Dropping frame 1403638529.2778294
Dropping frame 1403638530.1278296
Dropping frame 1403638530.4778295
Dropping frame 1403638531.2778294
Dropping frame 1403638531.3778293
Not enough motion for initializing. Reseting...
TRACK: Reset map because local mapper set the bad imu flag 
LM: Active map reset recieved
LM: Active map reset, waiting...
LM: Reseting current map in Local Mapping...
LM: End reseting Local Mapping...
LM: Reset free the mutex
LM: Active map reset, Done!!!
mnFirstFrameId = 80
mnInitialFrameId = 0
167 Frames set to lost
not IMU meas
not enough acceleration
not enough acceleration
not enough acceleration
not enough acceleration
not enough acceleration
not enough acceleration
not enough acceleration
not enough acceleration
not enough acceleration
not enough acceleration
not enough acceleration
not enough acceleration
not enough acceleration
not enough acceleration
not enough acceleration
not enough acceleration
not enough acceleration
not enough acceleration
not enough acceleration
not enough acceleration
not enough acceleration
not enough acceleration
not enough acceleration
not enough acceleration
not enough acceleration
not enough acceleration
not enough acceleration
not enough acceleration
not enough acceleration
not enough acceleration
not enough acceleration
not enough acceleration
not enough acceleration
not enough acceleration
not enough acceleration
not enough acceleration
not enough acceleration
not enough acceleration
not enough acceleration
not enough acceleration
not enough acceleration
Dropping frame 1403638533.6778293
not enough acceleration
not enough acceleration
not enough acceleration
Dropping frame 1403638533.8778293
not enough acceleration
not enough acceleration
not enough acceleration
not enough acceleration
not enough acceleration
not enough acceleration
not enough acceleration
not enough acceleration
not enough acceleration
not enough acceleration
not enough acceleration
not enough acceleration
not enough acceleration
not enough acceleration
not enough acceleration
not enough acceleration
not enough acceleration
not enough acceleration
not enough acceleration
not enough acceleration
not enough acceleration
not enough acceleration
not enough acceleration
not enough acceleration
not enough acceleration
not enough acceleration
not enough acceleration
not enough acceleration
not enough acceleration
not enough acceleration
not enough acceleration
not enough acceleration
not enough acceleration
not enough acceleration
not enough acceleration
not enough acceleration
not enough acceleration
not enough acceleration
not enough acceleration
not enough acceleration
not enough acceleration
not enough acceleration
not enough acceleration
not enough acceleration
not enough acceleration
not enough acceleration
not enough acceleration
not enough acceleration
not enough acceleration
not enough acceleration
not enough acceleration
not enough acceleration
not enough acceleration
not enough acceleration
not enough acceleration
not enough acceleration
not enough acceleration
not enough acceleration
not enough acceleration
not enough acceleration
not enough acceleration
not enough acceleration
not enough acceleration
not enough acceleration
not enough acceleration
not enough acceleration
not enough acceleration
not enough acceleration
not enough acceleration
not enough acceleration
not enough acceleration
not enough acceleration
not enough acceleration
not enough acceleration
not enough acceleration
not enough acceleration
not enough acceleration
not enough acceleration
not enough acceleration
not enough acceleration
not enough acceleration
not enough acceleration
not enough acceleration
not enough acceleration
not enough acceleration
not enough acceleration
not enough acceleration
not enough acceleration
not enough acceleration
not enough acceleration
not enough acceleration
not enough acceleration
not enough acceleration
not enough acceleration
not enough acceleration
not enough acceleration
not enough acceleration
First KF:39; Map init KF:0
New Map created with 116 points
Active map: 0
Dropping frame 1403638542.7278295
start VIBA 1
end VIBA 1
Dropping frame 1403638545.3778293
Dropping frame 1403638546.7778294
Dropping frame 1403638547.3278296
Dropping frame 1403638547.8278296
Dropping frame 1403638548.2778294
Dropping frame 1403638548.3778293
Dropping frame 1403638548.6278296
Dropping frame 1403638548.7778294
Dropping frame 1403638549.4278295
Dropping frame 1403638549.9278295
Dropping frame 1403638550.5778294
Dropping frame 1403638550.7278295
Dropping frame 1403638551.2278295
Dropping frame 1403638551.3278296
Dropping frame 1403638551.8278296
Dropping frame 1403638552.0778294
Dropping frame 1403638552.3778293
Dropping frame 1403638552.6278296
Dropping frame 1403638552.7278295
Dropping frame 1403638553.4278295
Dropping frame 1403638553.5278294
Dropping frame 1403638553.6778293
Dropping frame 1403638553.7778294
start VIBA 2
Dropping frame 1403638554.1778293
end VIBA 2
Dropping frame 1403638554.9278295
Dropping frame 1403638555.1778293
Dropping frame 1403638555.2778294
Dropping frame 1403638555.3778293
Dropping frame 1403638555.8778293
Dropping frame 1403638556.0778294
Dropping frame 1403638556.2278295
Dropping frame 1403638556.3278296
Dropping frame 1403638556.7778294
Dropping frame 1403638556.8778293
Dropping frame 1403638556.9778295
Dropping frame 1403638557.0778294
Dropping frame 1403638557.2778294
Dropping frame 1403638557.3778293
Dropping frame 1403638557.4778295
Dropping frame 1403638557.5778294
Dropping frame 1403638557.6778293
Dropping frame 1403638557.8778293
Dropping frame 1403638557.9778295
Dropping frame 1403638558.1278296
Dropping frame 1403638558.3278296
Dropping frame 1403638558.5278294
Dropping frame 1403638558.6278296
Dropping frame 1403638558.7278295
Dropping frame 1403638558.8278296
Dropping frame 1403638559.0778294
Dropping frame 1403638559.1778293
Dropping frame 1403638559.3278296
Dropping frame 1403638559.6278296
Dropping frame 1403638559.8278296
Dropping frame 1403638559.9278295
Dropping frame 1403638560.1278296
Dropping frame 1403638560.3278296
Dropping frame 1403638560.4278295
Dropping frame 1403638560.5278294
Dropping frame 1403638560.6278296
Dropping frame 1403638560.7278295
Dropping frame 1403638561.0278294
Dropping frame 1403638561.8778293
Dropping frame 1403638561.9778295
Dropping frame 1403638562.0778294
Dropping frame 1403638562.3278296
Dropping frame 1403638562.5278294
Dropping frame 1403638562.7278295
Dropping frame 1403638562.8278296
Dropping frame 1403638562.9278295
Dropping frame 1403638563.7278295
Dropping frame 1403638563.9278295
Dropping frame 1403638564.1278296
Dropping frame 1403638564.2778294
Dropping frame 1403638564.3778293
Dropping frame 1403638564.4778295
Dropping frame 1403638564.6778293
Dropping frame 1403638564.8778293
Dropping frame 1403638565.0778294
Dropping frame 1403638565.2778294
Dropping frame 1403638565.4778295
Dropping frame 1403638565.5778294
Dropping frame 1403638565.8278296
Dropping frame 1403638566.0278294
Dropping frame 1403638566.2278295
Dropping frame 1403638566.5778294
Dropping frame 1403638566.6778293
Dropping frame 1403638566.9278295
Dropping frame 1403638567.1278296
Dropping frame 1403638567.2278295
Dropping frame 1403638567.4278295
Dropping frame 1403638567.5278294
Dropping frame 1403638567.6278296
Dropping frame 1403638567.8278296
Dropping frame 1403638567.9278295
Dropping frame 1403638568.1778293
Dropping frame 1403638568.3778293
Dropping frame 1403638568.5778294
Dropping frame 1403638568.7778294
Dropping frame 1403638568.8778293
Dropping frame 1403638568.9778295
Dropping frame 1403638569.2278295
Dropping frame 1403638569.4278295
Dropping frame 1403638569.6778293
Dropping frame 1403638569.7778294
Dropping frame 1403638569.8778293
Dropping frame 1403638570.1778293
Dropping frame 1403638570.4778295
Dropping frame 1403638570.6778293
Dropping frame 1403638571.8278296
Dropping frame 1403638571.9278295
Dropping frame 1403638572.2778294
Dropping frame 1403638572.6278296
Dropping frame 1403638573.2778294
Dropping frame 1403638573.4778295
Dropping frame 1403638573.9778295
Dropping frame 1403638574.2778294
Dropping frame 1403638574.7278295
Dropping frame 1403638574.9278295
Dropping frame 1403638575.8278296
Dropping frame 1403638576.1278296
Dropping frame 1403638576.4278295
Dropping frame 1403638576.6778293
Dropping frame 1403638577.0278294
Dropping frame 1403638577.1278296
Dropping frame 1403638577.3778293
Dropping frame 1403638577.6778293
Dropping frame 1403638577.7778294
Dropping frame 1403638578.0278294
Dropping frame 1403638578.5778294
Dropping frame 1403638579.9778295
Dropping frame 1403638580.4778295
Dropping frame 1403638580.7778294
Dropping frame 1403638581.3778293
Dropping frame 1403638581.5778294
Dropping frame 1403638581.7278295
Dropping frame 1403638581.9278295
Dropping frame 1403638582.1278296
Dropping frame 1403638582.2278295
Dropping frame 1403638582.5278294
Dropping frame 1403638582.6278296
Dropping frame 1403638582.8778293
Dropping frame 1403638582.9778295
Dropping frame 1403638583.2278295
Dropping frame 1403638583.3278296
Dropping frame 1403638583.5778294
Dropping frame 1403638583.7778294
Dropping frame 1403638583.9778295
Dropping frame 1403638584.0778294
Dropping frame 1403638584.2278295
Dropping frame 1403638584.4278295
Dropping frame 1403638584.5278294
Dropping frame 1403638584.7778294
Dropping frame 1403638584.8778293
Dropping frame 1403638584.9778295
Dropping frame 1403638585.0778294
Dropping frame 1403638585.2778294
Dropping frame 1403638585.4778295
Dropping frame 1403638585.6778293
Dropping frame 1403638585.7778294
Dropping frame 1403638585.8778293
Dropping frame 1403638586.1778293
Dropping frame 1403638586.2778294
Dropping frame 1403638586.3778293
Dropping frame 1403638586.4778295
Dropping frame 1403638586.7278295
Dropping frame 1403638586.8278296
Dropping frame 1403638586.9278295
Dropping frame 1403638587.1278296
Dropping frame 1403638587.2278295
Dropping frame 1403638587.4778295
Dropping frame 1403638587.7778294
Dropping frame 1403638588.0278294
Dropping frame 1403638588.2278295
Dropping frame 1403638588.6278296
Dropping frame 1403638588.8778293
Dropping frame 1403638589.0778294
Dropping frame 1403638589.4278295
Dropping frame 1403638589.8278296
Dropping frame 1403638589.9278295
Dropping frame 1403638590.2278295
Dropping frame 1403638590.6278296
Dropping frame 1403638592.0778294
Dropping frame 1403638592.4778295
Dropping frame 1403638618.8778293
*Loop detected
phi =  0.074133445452117322 -0.035779533459498684 -0.030119523447931746
BAD LOOP!!!
*Loop detected
phi =  0.028099448991133869 -0.026380257621919458 -0.025957657904158785
BAD LOOP!!!
*Loop detected
phi =  0.010383889516531615  -0.03016824159016639 -0.029935898508960331
BAD LOOP!!!
*Loop detected
phi = 0.0039007040582916914 -0.012993054378145678 -0.013457591290208338
BAD LOOP!!!
*Loop detected
phi =  0.0079587515857258099 -0.0070837111610524911 -0.0091439786126377189
Local Mapping STOP
Local Mapping RELEASE
Local Mapping STOP
Local Mapping RELEASE
Dropping frame 1403638624.8278296
Dropping frame 1403638625.2278295
Dropping frame 1403638625.4778295
Dropping frame 1403638625.7778294
Dropping frame 1403638626.0778294
Dropping frame 1403638626.5778294
Dropping frame 1403638626.8278296
Dropping frame 1403638627.1278296
Dropping frame 1403638627.2278295
Dropping frame 1403638627.4778295
Dropping frame 1403638627.5778294
Dropping frame 1403638627.8278296
Dropping frame 1403638628.3778293
Dropping frame 1403638628.6278296
Dropping frame 1403638628.7278295
Dropping frame 1403638629.0278294
Dropping frame 1403638629.1278296
Dropping frame 1403638629.3778293
Dropping frame 1403638629.7278295
Dropping frame 1403638629.8778293
Dropping frame 1403638630.5278294
Dropping frame 1403638630.8278296
Dropping frame 1403638631.4278295
Dropping frame 1403638631.6278296
Shutdown
SLAM Finished at System Time: 1732008824.86674

 TIME STATS in ms (mean$\pm$std)
OpenCV version: 4.8.1
---------------------------
Tracking

ORB Extraction: 14.147$\pm$2.0671
Stereo Matching: 7.4149$\pm$2.2152
IMU Preintegration: 0.2002$\pm$0.089337
Pose Prediction: 0.38329$\pm$1.212
LM Track: 16.225$\pm$4.6117
New KF decision: 1.0383$\pm$1.8737
Total Tracking: 34.303$\pm$18.509



Local Mapping

KF Insertion: 11.008$\pm$4.3573
MP Culling: 0.41698$\pm$0.23538
MP Creation: 36.057$\pm$13.56
LBA: 129.38$\pm$50.362
KF Culling: 9.0419$\pm$6.819
Total Local Mapping: 185.88$\pm$70.797
---------------------------

LBA complexity (mean$\pm$std)
LBA Edges: 2096.4$\pm$1188.1
LBA KF optimized: 6.5$\pm$2.2913
LBA KF fixed: 1$\pm$0
LBA MP: nan$\pm$nan

LBA executions: 445
LBA aborts: 0
---------------------------

Map complexity
KFs in map: 195
MPs in map: 16251
---------------------------

Place Recognition (mean$\pm$std)
Database Query: 1.6228$\pm$0.98676
SE3 estimation: 23.971$\pm$14.536
Total Place Recognition: 19.794$\pm$17.19


Loop Closing (mean$\pm$std)
Loop Fusion: 180.78$\pm$0
Essential Graph: 119.23$\pm$0
Total Loop Closing: 306.25$\pm$0

Num exec: 1
Number of KFs: nan$\pm$nan

Map Merging (mean$\pm$std)
Merge Maps: nan$\pm$nan
Welding BA: nan$\pm$nan
Optimization Ess.: nan$\pm$nan
Total Map Merging: nan$\pm$nan

Num exec: 0
Number of KFs: nan$\pm$nan
Number of MPs: nan$\pm$nan

Full GBA (mean$\pm$std)
GBA: 1750.8$\pm$0
Map Update: 17.346$\pm$0
Total Full GBA: 1768.2$\pm$0

Num exec: 1
Num abort: 0
Number of KFs: 195$\pm$0
Number of MPs: 16961$\pm$0

Saving trajectory to f_dataset-MH05_stereo_imu.txt ...
There are 1 maps in the atlas
  Map 0 has 195 KFs

End of saving trajectory to f_dataset-MH05_stereo_imu.txt ...

Saving keyframe trajectory to kf_dataset-MH05_stereo_imu.txt ...
