num_seq = 1
file name: dataset-MH02_stereo_imu
Loading images for sequence 0...LOADED!
Loading IMU for sequence 0...LOADED!

-------

ORB-SLAM3 Copyright (C) 2017-2020 Carlos Campos, Richard Elvira, Juan J. Gómez, José M.M. Montiel and Juan D. Tardós, University of Zaragoza.
ORB-SLAM2 Copyright (C) 2014-2016 Raúl Mur-Artal, José M.M. Montiel and Juan D. Tardós, University of Zaragoza.
This program comes with ABSOLUTELY NO WARRANTY;
This is free software, and you are welcome to redistribute it
under certain conditions. See LICENSE.txt.

Built with REGISTER_TIMES
Git Commit Hash: 42e930e

Compiled with C++ version: 201703

Input sensor was set to: Stereo-Inertial
Loading settings from ./Examples/Stereo-Inertial/EuRoC_fov_deadlines_mask_6x6.yaml
	-Loaded camera 1
	-Loaded camera 2
	-Loaded image info
	-Loaded IMU calibration
	-Loaded ORB settings
	-Loaded viewer settings
	-Loaded Atlas settings
Deadlines enabled, will skip frames!
FOV enabled
Static mask size: 6x6
Dumping map points enabled
	-Loaded misc parameters
	-Computed rectification maps
----------------------------------
SLAM settings: 
	-Camera 1 parameters (Pinhole): [ 458.65399169921875 457.29598999023438 367.21499633789062 248.375 ]
	-Camera 1 distortion parameters: [  -0.28340810537338257 0.073959067463874817 0.00019359000725671649 1.7618711353861727e-05 ]
	-Camera 2 parameters (Pinhole: [ 457.58700561523438 456.13400268554688 379.99899291992188 255.23800659179688 ]
	-Camera 1 distortion parameters: [  -0.2836836576461792 0.074512839317321777 -0.00010473000293131918 -3.555907096597366e-05 ]
	-Original image size: [ 752 , 480 ]
	-Current image size: [ 752 , 480 ]
	-Camera 1 parameters after rectification: [  456.71499633789062 456.71499633789062 364.52615356445312 257.268798828125 ]
	-Sequence FPS: 20
	-Stereo baseline: 0.11007784307003021
	-Stereo depth threshold : 60
	-Gyro noise: 0.00016999999934341758
	-Accelerometer noise: 0.0020000000949949026
	-Gyro walk: 1.9392999092815444e-05
	-Accelerometer walk: 0.0030000000260770321
	-IMU frequency: 200
	-Features per image: 1200
	-ORB scale factor: 1.2000000476837158
	-ORB number of scales: 8
	-Initial FAST threshold: 20
	-Min FAST threshold: 7


Loading ORB Vocabulary. This could take a while...
Vocabulary loaded!

Initialization of Atlas from scratch 
Creation of new map with id: 0
Creation of new map with last KF id: 0
Seq. Name: 
There are 1 cameras in the atlas
Camera 0 is pinhole
SLAM Started at System Time: 1734507626.07384
not IMU meas
not IMU meas
not enough acceleration
not enough acceleration
not enough acceleration
not enough acceleration
not enough acceleration
not enough acceleration
First KF:0; Map init KF:0
New Map created with 175 points
Active map: 0
Dropping frame 1403636859.6016665
Dropping frame 1403636859.9516664
Dropping frame 1403636860.2516665
Dropping frame 1403636860.3516665
Dropping frame 1403636860.7016666
Dropping frame 1403636861.6016665
Dropping frame 1403636861.9016666
Dropping frame 1403636862.1516664
Dropping frame 1403636862.2516665
Dropping frame 1403636862.4516664
Dropping frame 1403636862.5516665
Dropping frame 1403636862.9016666
Dropping frame 1403636863.8016665
Dropping frame 1403636863.9016666
Dropping frame 1403636864.0516665
start VIBA 1
Dropping frame 1403636864.3516665
end VIBA 1
Dropping frame 1403636864.8016665
Dropping frame 1403636864.9516664
Dropping frame 1403636865.2016666
Dropping frame 1403636865.6516664
Dropping frame 1403636865.9016666
Dropping frame 1403636866.0016665
Dropping frame 1403636866.4516664
Dropping frame 1403636866.6516664
Dropping frame 1403636866.9516664
Dropping frame 1403636867.0516665
Dropping frame 1403636867.2516665
Dropping frame 1403636867.6516664
Dropping frame 1403636868.2016666
Dropping frame 1403636868.6516664
Dropping frame 1403636868.7516665
Dropping frame 1403636868.9016666
Dropping frame 1403636869.0016665
Dropping frame 1403636869.2016666
Not enough motion for initializing. Reseting...
TRACK: Reset map because local mapper set the bad imu flag 
LM: Active map reset recieved
LM: Active map reset, waiting...
LM: Reseting current map in Local Mapping...
LM: End reseting Local Mapping...
LM: Reset free the mutex
LM: Active map reset, Done!!!
mnFirstFrameId = 8
mnInitialFrameId = 0
172 Frames set to lost
not IMU meas
not enough acceleration
Dropping frame 1403636869.5016665
not enough acceleration
not enough acceleration
not enough acceleration
Dropping frame 1403636869.7016666
not enough acceleration
not enough acceleration
not enough acceleration
not enough acceleration
not enough acceleration
not enough acceleration
not enough acceleration
Dropping frame 1403636870.1016665
not enough acceleration
not enough acceleration
not enough acceleration
not enough acceleration
not enough acceleration
not enough acceleration
First KF:38; Map init KF:0
New Map created with 361 points
Active map: 0
Dropping frame 1403636870.5516665
Dropping frame 1403636871.6516664
Dropping frame 1403636872.3516665
Dropping frame 1403636872.7516665
Dropping frame 1403636873.0516665
Dropping frame 1403636873.2516665
Dropping frame 1403636874.5516665
Dropping frame 1403636874.8516665
Dropping frame 1403636875.2016666
Dropping frame 1403636876.0516665
start VIBA 1
end VIBA 1
Dropping frame 1403636877.6016665
Dropping frame 1403636877.9016666
Dropping frame 1403636879.1016665
Dropping frame 1403636879.3516665
Dropping frame 1403636880.1516664
Dropping frame 1403636881.5516665
Dropping frame 1403636881.7516665
Dropping frame 1403636882.8516665
Dropping frame 1403636883.2016666
Dropping frame 1403636884.5016665
Dropping frame 1403636885.8516665
Dropping frame 1403636886.2516665
Dropping frame 1403636886.3516665
Dropping frame 1403636886.5516665
start VIBA 2
end VIBA 2
Dropping frame 1403636905.5016665
Dropping frame 1403636906.0516665
Dropping frame 1403636906.5516665
Dropping frame 1403636906.6516664
Dropping frame 1403636907.2016666
Dropping frame 1403636907.5516665
Dropping frame 1403636907.8016665
Dropping frame 1403636908.1016665
Dropping frame 1403636908.2016666
Dropping frame 1403636908.5516665
Dropping frame 1403636908.7516665
Dropping frame 1403636908.8516665
Dropping frame 1403636909.1516664
Dropping frame 1403636909.4016666
Dropping frame 1403636909.7016666
Dropping frame 1403636909.8016665
Dropping frame 1403636910.0516665
Dropping frame 1403636910.5516665
Dropping frame 1403636910.6516664
Dropping frame 1403636910.7516665
Dropping frame 1403636911.0516665
Dropping frame 1403636911.3016665
Dropping frame 1403636911.6016665
Dropping frame 1403636911.9516664
Dropping frame 1403636912.0516665
Dropping frame 1403636912.1516664
Dropping frame 1403636912.5516665
Dropping frame 1403636913.1016665
Dropping frame 1403636913.2016666
Dropping frame 1403636913.4516664
Dropping frame 1403636913.6016665
Dropping frame 1403636913.9016666
Dropping frame 1403636914.0016665
Dropping frame 1403636914.2516665
Dropping frame 1403636914.3516665
Dropping frame 1403636914.4516664
Dropping frame 1403636914.8516665
Dropping frame 1403636914.9516664
Dropping frame 1403636915.1516664
Dropping frame 1403636915.3016665
Dropping frame 1403636915.4516664
Dropping frame 1403636915.7016666
Dropping frame 1403636915.8516665
Dropping frame 1403636915.9516664
Dropping frame 1403636916.2516665
Dropping frame 1403636916.3516665
Dropping frame 1403636916.4516664
Dropping frame 1403636916.5516665
Dropping frame 1403636916.7516665
Dropping frame 1403636916.8516665
Dropping frame 1403636917.2016666
Dropping frame 1403636917.4016666
Dropping frame 1403636917.6516664
Dropping frame 1403636917.9016666
Dropping frame 1403636918.2016666
Dropping frame 1403636918.4016666
Dropping frame 1403636918.5016665
Dropping frame 1403636918.7016666
Dropping frame 1403636918.9016666
Dropping frame 1403636919.2516665
Dropping frame 1403636919.3516665
Dropping frame 1403636919.7016666
Dropping frame 1403636919.9016666
Dropping frame 1403636920.0016665
Dropping frame 1403636920.4516664
Dropping frame 1403636920.5516665
Dropping frame 1403636920.9516664
Dropping frame 1403636921.1516664
Dropping frame 1403636921.3516665
Dropping frame 1403636921.7516665
Dropping frame 1403636922.1516664
Dropping frame 1403636922.2516665
Dropping frame 1403636922.6516664
Dropping frame 1403636923.0016665
Dropping frame 1403636923.2016666
Dropping frame 1403636923.4016666
Dropping frame 1403636923.5016665
Dropping frame 1403636923.6016665
Dropping frame 1403636924.0016665
Dropping frame 1403636924.1016665
Dropping frame 1403636924.5016665
Dropping frame 1403636924.7516665
Dropping frame 1403636924.9516664
Dropping frame 1403636925.0516665
Dropping frame 1403636925.3516665
Dropping frame 1403636925.4516664
Dropping frame 1403636925.6516664
Dropping frame 1403636926.0516665
Dropping frame 1403636926.2516665
Dropping frame 1403636926.3516665
Dropping frame 1403636926.8016665
Dropping frame 1403636927.0016665
Dropping frame 1403636927.1516664
Dropping frame 1403636927.2516665
Dropping frame 1403636927.6016665
Dropping frame 1403636927.8016665
Dropping frame 1403636928.1016665
Dropping frame 1403636928.2016666
Dropping frame 1403636928.4016666
Dropping frame 1403636928.5016665
Dropping frame 1403636928.7016666
Dropping frame 1403636929.0516665
Dropping frame 1403636929.1516664
Dropping frame 1403636929.3516665
Dropping frame 1403636929.5516665
Dropping frame 1403636929.6516664
Dropping frame 1403636929.7516665
Dropping frame 1403636930.2016666
Dropping frame 1403636930.4016666
Dropping frame 1403636930.6016665
Dropping frame 1403636930.9016666
Dropping frame 1403636931.1016665
Dropping frame 1403636931.2016666
Dropping frame 1403636931.6016665
Dropping frame 1403636931.7016666
Dropping frame 1403636931.8016665
Dropping frame 1403636932.0016665
Dropping frame 1403636932.2016666
Dropping frame 1403636932.4016666
Dropping frame 1403636932.7516665
Dropping frame 1403636932.9016666
Dropping frame 1403636933.0016665
Dropping frame 1403636933.1016665
Dropping frame 1403636933.3016665
Dropping frame 1403636933.6016665
Dropping frame 1403636933.8016665
Dropping frame 1403636933.9016666
Dropping frame 1403636934.0016665
Dropping frame 1403636934.2016666
Dropping frame 1403636934.5016665
Dropping frame 1403636934.6016665
Dropping frame 1403636935.0016665
Dropping frame 1403636935.2016666
Dropping frame 1403636935.3016665
Dropping frame 1403636935.4516664
Dropping frame 1403636935.7516665
Dropping frame 1403636935.8516665
Dropping frame 1403636936.1016665
Dropping frame 1403636936.3016665
Dropping frame 1403636936.4016666
Dropping frame 1403636936.7516665
Dropping frame 1403636936.9516664
Dropping frame 1403636937.1516664
Dropping frame 1403636937.2516665
Dropping frame 1403636937.7016666
Dropping frame 1403636937.8016665
Dropping frame 1403636937.9016666
Dropping frame 1403636938.1016665
Dropping frame 1403636938.4016666
Dropping frame 1403636938.5016665
Dropping frame 1403636938.6016665
Dropping frame 1403636938.7016666
Dropping frame 1403636939.0516665
Dropping frame 1403636939.1516664
Dropping frame 1403636939.2516665
Dropping frame 1403636939.5016665
Dropping frame 1403636939.7016666
Dropping frame 1403636940.2016666
Dropping frame 1403636940.6016665
Dropping frame 1403636940.8516665
Dropping frame 1403636940.9516664
Dropping frame 1403636941.2016666
Dropping frame 1403636941.3016665
Dropping frame 1403636941.5516665
Dropping frame 1403636941.7516665
Dropping frame 1403636941.9516664
Dropping frame 1403636942.1016665
Dropping frame 1403636942.2016666
Dropping frame 1403636942.3516665
Dropping frame 1403636942.6016665
Dropping frame 1403636942.8016665
Dropping frame 1403636942.9016666
Dropping frame 1403636943.0016665
Dropping frame 1403636943.1016665
Dropping frame 1403636943.2516665
Dropping frame 1403636943.3516665
Dropping frame 1403636943.5516665
Dropping frame 1403636943.6516664
Dropping frame 1403636943.7516665
Dropping frame 1403636943.8516665
Dropping frame 1403636944.0516665
Dropping frame 1403636944.1516664
Dropping frame 1403636944.2516665
Dropping frame 1403636944.4516664
Dropping frame 1403636944.6516664
Dropping frame 1403636944.7516665
Dropping frame 1403636944.8516665
Dropping frame 1403636944.9516664
Dropping frame 1403636945.2016666
Dropping frame 1403636945.4016666
Dropping frame 1403636945.5016665
Dropping frame 1403636945.6016665
Dropping frame 1403636945.8016665
Dropping frame 1403636945.9016666
Dropping frame 1403636946.3516665
Dropping frame 1403636946.6516664
Dropping frame 1403636946.8516665
Dropping frame 1403636946.9516664
Dropping frame 1403636947.4516664
Dropping frame 1403636947.5516665
Dropping frame 1403636947.6516664
Dropping frame 1403636947.8516665
Dropping frame 1403636947.9516664
Dropping frame 1403636948.1516664
Dropping frame 1403636948.3516665
Dropping frame 1403636948.4516664
Dropping frame 1403636948.6016665
Dropping frame 1403636948.9016666
Dropping frame 1403636949.0516665
Dropping frame 1403636949.2516665
Dropping frame 1403636949.3516665
Dropping frame 1403636949.4516664
Dropping frame 1403636949.7516665
Dropping frame 1403636949.9516664
Dropping frame 1403636950.1016665
Dropping frame 1403636950.3016665
Dropping frame 1403636950.6016665
Dropping frame 1403636950.8016665
Dropping frame 1403636950.9016666
Dropping frame 1403636951.9516664
Dropping frame 1403636952.1516664
Dropping frame 1403636952.6016665
Dropping frame 1403636952.7016666
Dropping frame 1403636952.9516664
Dropping frame 1403636953.2516665
Dropping frame 1403636953.3516665
Dropping frame 1403636953.6016665
Dropping frame 1403636953.7016666
Dropping frame 1403636954.1016665
Dropping frame 1403636954.2016666
Dropping frame 1403636954.4016666
Dropping frame 1403636954.6016665
Dropping frame 1403636954.8016665
Dropping frame 1403636955.0016665
Dropping frame 1403636955.2016666
Dropping frame 1403636955.4016666
Dropping frame 1403636955.6016665
Dropping frame 1403636955.7016666
Dropping frame 1403636955.9516664
Dropping frame 1403636956.0516665
Dropping frame 1403636956.1516664
Dropping frame 1403636956.3516665
Dropping frame 1403636956.6516664
Dropping frame 1403636956.8016665
Dropping frame 1403636956.9516664
Dropping frame 1403636957.0516665
Dropping frame 1403636957.4516664
Dropping frame 1403636958.0516665
Dropping frame 1403636958.2516665
Dropping frame 1403636958.3516665
Dropping frame 1403636958.5516665
Dropping frame 1403636958.8516665
Dropping frame 1403636959.0516665
Dropping frame 1403636959.2516665
Dropping frame 1403636959.3516665
Dropping frame 1403636959.4516664
Dropping frame 1403636959.6516664
Dropping frame 1403636959.7516665
Dropping frame 1403636960.1016665
Dropping frame 1403636960.3516665
Dropping frame 1403636960.4516664
Dropping frame 1403636960.6016665
Dropping frame 1403636960.9016666
Dropping frame 1403636961.2016666
Dropping frame 1403636961.4016666
Dropping frame 1403636961.6516664
Dropping frame 1403636962.0516665
Dropping frame 1403636962.2516665
Dropping frame 1403636962.6016665
Dropping frame 1403636962.7016666
Dropping frame 1403636962.9516664
Dropping frame 1403636963.1516664
Dropping frame 1403636963.2516665
Dropping frame 1403636963.3516665
Dropping frame 1403636964.2016666
Dropping frame 1403636964.4016666
Dropping frame 1403636964.5016665
Dropping frame 1403636964.6016665
Dropping frame 1403636964.7016666
Dropping frame 1403636965.1016665
Dropping frame 1403636965.3016665
Dropping frame 1403636965.7516665
Dropping frame 1403636966.1516664
Dropping frame 1403636966.3516665
Dropping frame 1403636966.5516665
Dropping frame 1403636967.0016665
Dropping frame 1403636968.3516665
Dropping frame 1403636968.6516664
Dropping frame 1403636968.7516665
Dropping frame 1403636969.2016666
Dropping frame 1403636969.3516665
Dropping frame 1403636969.6016665
Dropping frame 1403636969.8016665
Dropping frame 1403636970.1516664
Dropping frame 1403636970.3516665
Dropping frame 1403636970.7016666
Dropping frame 1403636971.2516665
Dropping frame 1403636971.5016665
Dropping frame 1403636971.7016666
Dropping frame 1403636971.9516664
Dropping frame 1403636972.1016665
Dropping frame 1403636972.2016666
Dropping frame 1403636972.6516664
Dropping frame 1403636972.8516665
Dropping frame 1403636973.2016666
Dropping frame 1403636973.3016665
Dropping frame 1403636973.7016666
Dropping frame 1403636973.8016665
Dropping frame 1403636974.3016665
Dropping frame 1403636974.7516665
Dropping frame 1403636974.9516664
Dropping frame 1403636975.2016666
Dropping frame 1403636975.4516664
Dropping frame 1403636975.6016665
Dropping frame 1403636975.8016665
Dropping frame 1403636976.0016665
Dropping frame 1403636976.2016666
Dropping frame 1403636976.4016666
Dropping frame 1403636976.5016665
Dropping frame 1403636976.6016665
Dropping frame 1403636976.7016666
Dropping frame 1403636976.9016666
Dropping frame 1403636977.2016666
Dropping frame 1403636977.4016666
Dropping frame 1403636977.6016665
Dropping frame 1403636977.7016666
Dropping frame 1403636977.8016665
Dropping frame 1403636978.0016665
Dropping frame 1403636978.2016666
Dropping frame 1403636978.3016665
Dropping frame 1403636978.4016666
Dropping frame 1403636978.5016665
Dropping frame 1403636978.6016665
Dropping frame 1403636978.7016666
Dropping frame 1403636978.8016665
Dropping frame 1403636979.0516665
Dropping frame 1403636979.3016665
Dropping frame 1403636979.5016665
Dropping frame 1403636979.6516664
Dropping frame 1403636979.8516665
Dropping frame 1403636980.0516665
Dropping frame 1403636980.1516664
Dropping frame 1403636980.3016665
Dropping frame 1403636980.5016665
Dropping frame 1403636980.6516664
Dropping frame 1403636980.8516665
Dropping frame 1403636981.0516665
Dropping frame 1403636981.2516665
Dropping frame 1403636981.3516665
Dropping frame 1403636981.4516664
Dropping frame 1403636981.6516664
Dropping frame 1403636981.8516665
Dropping frame 1403636982.1516664
Dropping frame 1403636982.2516665
Dropping frame 1403636982.3516665
Dropping frame 1403636982.5516665
Dropping frame 1403636982.7516665
Dropping frame 1403636983.0016665
Dropping frame 1403636983.1016665
Dropping frame 1403636983.2016666
Dropping frame 1403636983.3016665
Dropping frame 1403636983.5516665
Dropping frame 1403636983.6516664
Dropping frame 1403636983.8516665
Dropping frame 1403636984.0016665
Dropping frame 1403636984.3516665
Dropping frame 1403636984.5516665
Dropping frame 1403636984.6516664
Dropping frame 1403636985.0016665
Dropping frame 1403636985.5016665
Dropping frame 1403636985.6016665
Dropping frame 1403636985.8516665
Dropping frame 1403636986.0516665
Dropping frame 1403636986.4016666
Dropping frame 1403636986.8016665
Dropping frame 1403636987.1016665
Dropping frame 1403636989.1516664
Dropping frame 1403636989.5516665
Dropping frame 1403636990.2016666
Dropping frame 1403636990.8516665
Dropping frame 1403636991.2016666
Dropping frame 1403636991.5016665
Dropping frame 1403636991.8016665
Dropping frame 1403636992.1016665
Dropping frame 1403636992.3516665
Dropping frame 1403636992.4516664
Dropping frame 1403636992.5516665
Dropping frame 1403636992.8016665
Dropping frame 1403636992.9016666
Dropping frame 1403636993.1016665
Dropping frame 1403636993.3016665
Dropping frame 1403636993.4016666
Dropping frame 1403636993.7016666
Dropping frame 1403636993.9016666
Dropping frame 1403636994.1016665
Dropping frame 1403636994.2016666
Dropping frame 1403636994.3016665
Dropping frame 1403636994.5016665
Dropping frame 1403636994.6016665
Dropping frame 1403636994.7016666
Dropping frame 1403636995.0016665
Dropping frame 1403636995.4516664
Dropping frame 1403636995.6516664
Dropping frame 1403636995.8516665
Dropping frame 1403636996.2016666
Dropping frame 1403636996.4016666
Dropping frame 1403636996.5516665
Dropping frame 1403636996.6516664
Dropping frame 1403636996.8516665
Dropping frame 1403636996.9516664
Dropping frame 1403636997.1516664
Dropping frame 1403636997.3016665
Dropping frame 1403636997.5016665
Dropping frame 1403636997.7016666
Dropping frame 1403636997.8016665
Dropping frame 1403636997.9016666
Dropping frame 1403636998.1016665
Dropping frame 1403636998.2516665
Dropping frame 1403636998.4016666
Dropping frame 1403636998.8516665
Dropping frame 1403636998.9516664
Dropping frame 1403636999.0516665
Dropping frame 1403636999.2516665
Dropping frame 1403636999.4516664
Dropping frame 1403636999.6516664
Dropping frame 1403636999.8016665
Dropping frame 1403637000.0016665
Dropping frame 1403637000.2016666
Dropping frame 1403637000.3016665
Dropping frame 1403637000.4516664
Dropping frame 1403637000.6016665
Dropping frame 1403637000.8016665
Dropping frame 1403637000.9016666
Dropping frame 1403637001.0016665
Dropping frame 1403637001.2516665
Dropping frame 1403637001.4516664
Dropping frame 1403637001.5516665
Dropping frame 1403637001.7516665
Dropping frame 1403637001.8516665
Dropping frame 1403637002.2016666
Dropping frame 1403637002.3016665
Dropping frame 1403637002.6516664
Dropping frame 1403637002.7516665
Dropping frame 1403637003.0016665
Dropping frame 1403637003.1516664
Dropping frame 1403637003.2516665
Dropping frame 1403637003.4516664
Dropping frame 1403637003.6016665
Dropping frame 1403637003.7016666
Dropping frame 1403637003.8016665
Dropping frame 1403637003.9516664
Dropping frame 1403637004.1516664
Dropping frame 1403637004.2516665
Dropping frame 1403637004.3516665
Dropping frame 1403637004.6516664
Dropping frame 1403637004.7516665
Dropping frame 1403637005.0516665
Dropping frame 1403637005.2516665
Dropping frame 1403637005.3516665
Dropping frame 1403637005.4516664
Dropping frame 1403637005.7016666
Dropping frame 1403637005.8016665
Dropping frame 1403637005.9016666
Dropping frame 1403637006.1016665
Dropping frame 1403637006.3016665
Dropping frame 1403637006.5016665
Dropping frame 1403637006.6016665
Dropping frame 1403637006.7016666
Dropping frame 1403637006.8016665
Dropping frame 1403637007.0016665
Dropping frame 1403637007.1016665
Dropping frame 1403637007.2016666
Dropping frame 1403637007.5016665
Dropping frame 1403637007.6016665
Dropping frame 1403637007.8516665
Dropping frame 1403637007.9516664
Dropping frame 1403637008.0516665
Dropping frame 1403637008.2516665
Dropping frame 1403637008.4516664
Dropping frame 1403637008.6516664
Dropping frame 1403637008.8516665
Dropping frame 1403637009.4016666
Dropping frame 1403637009.6516664
Dropping frame 1403637009.8516665
Dropping frame 1403637010.2516665
Dropping frame 1403637010.3516665
Dropping frame 1403637010.4516664
Dropping frame 1403637010.5516665
Shutdown
SLAM Finished at System Time: 1734507807.61253

 TIME STATS in ms (mean$\pm$std)
OpenCV version: 4.8.1
---------------------------
Tracking

ORB Extraction: 16.836$\pm$1.6616
Stereo Matching: 7.2617$\pm$1.9792
IMU Preintegration: 0.24302$\pm$0.10538
Pose Prediction: 0.29165$\pm$0.89596
LM Track: 19.277$\pm$5.3682
New KF decision: 1.1687$\pm$2.2352
Total Tracking: 34.634$\pm$23.89



Local Mapping

KF Insertion: 15.103$\pm$5.4223
MP Culling: 0.53449$\pm$0.22061
MP Creation: 46.993$\pm$16.638
LBA: 145.41$\pm$60.704
KF Culling: 14.644$\pm$11.138
Total Local Mapping: 222.68$\pm$86.809
---------------------------

LBA complexity (mean$\pm$std)
LBA Edges: 1647.8$\pm$502.87
LBA KF optimized: 5.8125$\pm$2.1278
LBA KF fixed: 1.5625$\pm$1.4987
LBA MP: nan$\pm$nan

LBA executions: 478
LBA aborts: 0
---------------------------

Map complexity
KFs in map: 139
MPs in map: 11628
---------------------------

Place Recognition (mean$\pm$std)
Database Query: 1.679$\pm$0.89488
SE3 estimation: 16.937$\pm$15.204
Total Place Recognition: 12.713$\pm$15.515


Loop Closing (mean$\pm$std)
Loop Fusion: nan$\pm$nan
Essential Graph: nan$\pm$nan
Total Loop Closing: nan$\pm$nan

Num exec: 0
Number of KFs: nan$\pm$nan

Map Merging (mean$\pm$std)
Merge Maps: nan$\pm$nan
Welding BA: nan$\pm$nan
Optimization Ess.: nan$\pm$nan
Total Map Merging: nan$\pm$nan

Num exec: 0
Number of KFs: nan$\pm$nan
Number of MPs: nan$\pm$nan

Full GBA (mean$\pm$std)
GBA: nan$\pm$nan
Map Update: nan$\pm$nan
Total Full GBA: nan$\pm$nan

Num exec: 0
Num abort: 0
Number of KFs: nan$\pm$nan
Number of MPs: nan$\pm$nan

Saving trajectory to f_dataset-MH02_stereo_imu.txt ...
There are 1 maps in the atlas
  Map 0 has 139 KFs

End of saving trajectory to f_dataset-MH02_stereo_imu.txt ...

Saving keyframe trajectory to kf_dataset-MH02_stereo_imu.txt ...
