num_seq = 1
file name: dataset-MH04_stereo_imu
Loading images for sequence 0...LOADED!
Loading IMU for sequence 0...LOADED!

-------

ORB-SLAM3 Copyright (C) 2017-2020 Carlos Campos, Richard Elvira, Juan J. Gómez, José M.M. Montiel and Juan D. Tardós, University of Zaragoza.
ORB-SLAM2 Copyright (C) 2014-2016 Raúl Mur-Artal, José M.M. Montiel and Juan D. Tardós, University of Zaragoza.
This program comes with ABSOLUTELY NO WARRANTY;
This is free software, and you are welcome to redistribute it
under certain conditions. See LICENSE.txt.

Built with REGISTER_TIMES
Git Commit Hash: 42e930e

Compiled with C++ version: 201703

Input sensor was set to: Stereo-Inertial
Loading settings from ./Examples/Stereo-Inertial/EuRoC_fov_deadlines_mask_6x6.yaml
	-Loaded camera 1
	-Loaded camera 2
	-Loaded image info
	-Loaded IMU calibration
	-Loaded ORB settings
	-Loaded viewer settings
	-Loaded Atlas settings
Deadlines enabled, will skip frames!
FOV enabled
Static mask size: 6x6
Dumping map points enabled
	-Loaded misc parameters
	-Computed rectification maps
----------------------------------
SLAM settings: 
	-Camera 1 parameters (Pinhole): [ 458.65399169921875 457.29598999023438 367.21499633789062 248.375 ]
	-Camera 1 distortion parameters: [  -0.28340810537338257 0.073959067463874817 0.00019359000725671649 1.7618711353861727e-05 ]
	-Camera 2 parameters (Pinhole: [ 457.58700561523438 456.13400268554688 379.99899291992188 255.23800659179688 ]
	-Camera 1 distortion parameters: [  -0.2836836576461792 0.074512839317321777 -0.00010473000293131918 -3.555907096597366e-05 ]
	-Original image size: [ 752 , 480 ]
	-Current image size: [ 752 , 480 ]
	-Camera 1 parameters after rectification: [  456.71499633789062 456.71499633789062 364.52615356445312 257.268798828125 ]
	-Sequence FPS: 20
	-Stereo baseline: 0.11007784307003021
	-Stereo depth threshold : 60
	-Gyro noise: 0.00016999999934341758
	-Accelerometer noise: 0.0020000000949949026
	-Gyro walk: 1.9392999092815444e-05
	-Accelerometer walk: 0.0030000000260770321
	-IMU frequency: 200
	-Features per image: 1200
	-ORB scale factor: 1.2000000476837158
	-ORB number of scales: 8
	-Initial FAST threshold: 20
	-Min FAST threshold: 7


Loading ORB Vocabulary. This could take a while...
Vocabulary loaded!

Initialization of Atlas from scratch 
Creation of new map with id: 0
Creation of new map with last KF id: 0
Seq. Name: 
There are 1 cameras in the atlas
Camera 0 is pinhole
SLAM Started at System Time: 1734507982.36948
not IMU meas
not IMU meas
not enough acceleration
not enough acceleration
not enough acceleration
not enough acceleration
not enough acceleration
not enough acceleration
not enough acceleration
not enough acceleration
not enough acceleration
not enough acceleration
not enough acceleration
not enough acceleration
not enough acceleration
not enough acceleration
not enough acceleration
not enough acceleration
not enough acceleration
not enough acceleration
not enough acceleration
not enough acceleration
not enough acceleration
not enough acceleration
not enough acceleration
not enough acceleration
not enough acceleration
not enough acceleration
not enough acceleration
not enough acceleration
not enough acceleration
not enough acceleration
First KF:0; Map init KF:0
New Map created with 109 points
Active map: 0
Dropping frame 1403638130.4950972
Dropping frame 1403638130.695097
Dropping frame 1403638130.8450971
Dropping frame 1403638131.0450969
Dropping frame 1403638131.2950971
Dropping frame 1403638131.5950971
Dropping frame 1403638131.695097
Dropping frame 1403638131.9950972
Dropping frame 1403638132.145097
Dropping frame 1403638132.2450969
Dropping frame 1403638132.4950972
Dropping frame 1403638132.695097
Dropping frame 1403638132.8450971
Dropping frame 1403638133.145097
Dropping frame 1403638133.5450969
Dropping frame 1403638133.645097
Dropping frame 1403638133.7950971
Dropping frame 1403638133.9950972
Dropping frame 1403638134.0950971
Dropping frame 1403638134.3450971
start VIBA 1
Dropping frame 1403638134.445097
end VIBA 1
Dropping frame 1403638134.645097
Dropping frame 1403638134.7450969
Dropping frame 1403638134.895097
Dropping frame 1403638135.195097
Dropping frame 1403638135.2950971
Dropping frame 1403638135.695097
Dropping frame 1403638135.895097
Dropping frame 1403638136.145097
Dropping frame 1403638136.2450969
Dropping frame 1403638136.4950972
Dropping frame 1403638136.695097
Dropping frame 1403638136.7950971
Dropping frame 1403638136.895097
Dropping frame 1403638136.9950972
Dropping frame 1403638137.195097
Dropping frame 1403638137.395097
Dropping frame 1403638137.8450971
Dropping frame 1403638137.945097
Dropping frame 1403638138.195097
Dropping frame 1403638138.3450971
Dropping frame 1403638138.5950971
Not enough motion for initializing. Reseting...
TRACK: Reset map because local mapper set the bad imu flag 
LM: Active map reset recieved
LM: Active map reset, waiting...
LM: Reseting current map in Local Mapping...
LM: End reseting Local Mapping...
LM: Reset free the mutex
LM: Active map reset, Done!!!
mnFirstFrameId = 32
mnInitialFrameId = 0
155 Frames set to lost
not IMU meas
Dropping frame 1403638138.8450971
not enough acceleration
not enough acceleration
not enough acceleration
First KF:39; Map init KF:0
New Map created with 141 points
Active map: 0
Dropping frame 1403638139.2950971
Dropping frame 1403638139.395097
Dropping frame 1403638139.4950972
Dropping frame 1403638139.695097
Dropping frame 1403638139.7950971
Dropping frame 1403638139.895097
Dropping frame 1403638140.2950971
Dropping frame 1403638140.395097
Dropping frame 1403638140.4950972
Dropping frame 1403638140.7450969
Dropping frame 1403638140.8450971
Dropping frame 1403638141.0950971
Dropping frame 1403638141.2950971
Dropping frame 1403638141.4950972
Dropping frame 1403638141.695097
Dropping frame 1403638141.7950971
Not enough motion for initializing. Reseting...
TRACK: Reset map because local mapper set the bad imu flag 
LM: Reseting current map in Local Mapping...
LM: End reseting Local Mapping...
LM: Reset free the mutex
LM: Active map reset recieved
LM: Active map reset, waiting...
LM: Reseting current map in Local Mapping...
LM: End reseting Local Mapping...
LM: Reset free the mutex
LM: Active map reset, Done!!!
mnFirstFrameId = 192
mnInitialFrameId = 187
197 Frames set to lost
not IMU meas
Dropping frame 1403638142.0450969
not enough acceleration
not enough acceleration
Dropping frame 1403638142.195097
not enough acceleration
First KF:50; Map init KF:39
New Map created with 145 points
Active map: 0
Dropping frame 1403638142.395097
Dropping frame 1403638143.895097
Dropping frame 1403638144.0950971
Dropping frame 1403638144.145097
Not enough motion for initializing. Reseting...
LM: Reseting current map in Local Mapping...
LM: End reseting Local Mapping...
LM: Reset free the mutex
Not enough motion for initializing. Reseting...
LM: Reseting current map in Local Mapping...
LM: End reseting Local Mapping...
LM: Reset free the mutex
Not enough motion for initializing. Reseting...
TRACK: Reset map because local mapper set the bad imu flag 
LM: Reseting current map in Local Mapping...
LM: End reseting Local Mapping...
LM: Reset free the mutex
LM: Active map reset recieved
LM: Active map reset, waiting...
LM: Reseting current map in Local Mapping...
LM: End reseting Local Mapping...
LM: Reset free the mutex
LM: Active map reset, Done!!!
mnFirstFrameId = 239
mnInitialFrameId = 234
272 Frames set to lost
not IMU meas
not enough acceleration
not enough acceleration
not enough acceleration
not enough acceleration
not enough acceleration
not enough acceleration
not enough acceleration
not enough acceleration
not enough acceleration
not enough acceleration
not enough acceleration
not enough acceleration
not enough acceleration
not enough acceleration
not enough acceleration
not enough acceleration
not enough acceleration
not enough acceleration
not enough acceleration
not enough acceleration
not enough acceleration
not enough acceleration
not enough acceleration
not enough acceleration
not enough acceleration
not enough acceleration
not enough acceleration
not enough acceleration
not enough acceleration
First KF:63; Map init KF:50
New Map created with 155 points
Active map: 0
start VIBA 1
end VIBA 1
Dropping frame 1403638155.945097
Dropping frame 1403638156.145097
Dropping frame 1403638156.2950971
Dropping frame 1403638156.4950972
Dropping frame 1403638156.645097
Dropping frame 1403638156.7450969
Dropping frame 1403638156.895097
Dropping frame 1403638157.0450969
Dropping frame 1403638157.145097
Dropping frame 1403638157.2950971
Dropping frame 1403638157.4950972
Dropping frame 1403638157.695097
Dropping frame 1403638158.2450969
Dropping frame 1403638159.0950971
Dropping frame 1403638159.2450969
Dropping frame 1403638159.7450969
Dropping frame 1403638160.0450969
Dropping frame 1403638161.2950971
Dropping frame 1403638161.395097
Dropping frame 1403638161.945097
Dropping frame 1403638162.0450969
Dropping frame 1403638162.2950971
Dropping frame 1403638162.395097
Dropping frame 1403638162.5950971
Dropping frame 1403638162.8450971
start VIBA 2
end VIBA 2
Dropping frame 1403638163.895097
Dropping frame 1403638164.145097
Dropping frame 1403638164.395097
Dropping frame 1403638164.4950972
Dropping frame 1403638164.7950971
Dropping frame 1403638164.9950972
Dropping frame 1403638165.195097
Dropping frame 1403638165.2950971
Dropping frame 1403638165.4950972
Dropping frame 1403638165.7450969
Dropping frame 1403638165.945097
Dropping frame 1403638166.0450969
Dropping frame 1403638166.2450969
Dropping frame 1403638166.3450971
Dropping frame 1403638166.5950971
Dropping frame 1403638166.695097
Dropping frame 1403638166.945097
Dropping frame 1403638167.0950971
Dropping frame 1403638167.195097
Dropping frame 1403638167.395097
Dropping frame 1403638167.7450969
Dropping frame 1403638170.145097
Dropping frame 1403638170.445097
Dropping frame 1403638170.645097
Dropping frame 1403638171.395097
Dropping frame 1403638171.4950972
Dropping frame 1403638171.945097
Dropping frame 1403638172.145097
Dropping frame 1403638172.3450971
Dropping frame 1403638172.445097
Dropping frame 1403638172.5450969
Dropping frame 1403638172.7950971
Dropping frame 1403638172.9950972
Dropping frame 1403638173.0950971
Dropping frame 1403638173.3450971
Dropping frame 1403638173.445097
Dropping frame 1403638173.5450969
Dropping frame 1403638173.7950971
Dropping frame 1403638173.895097
Dropping frame 1403638174.145097
Dropping frame 1403638175.0450969
Dropping frame 1403638175.145097
Dropping frame 1403638175.7450969
Dropping frame 1403638175.945097
Dropping frame 1403638176.0450969
Dropping frame 1403638176.195097
Dropping frame 1403638176.445097
Dropping frame 1403638176.5450969
Dropping frame 1403638176.645097
Dropping frame 1403638176.8450971
Dropping frame 1403638176.9950972
Dropping frame 1403638177.195097
Dropping frame 1403638177.395097
Dropping frame 1403638177.695097
Dropping frame 1403638177.7950971
Dropping frame 1403638178.0950971
Dropping frame 1403638178.5450969
Dropping frame 1403638178.645097
Dropping frame 1403638178.895097
Dropping frame 1403638179.0950971
Dropping frame 1403638179.195097
Dropping frame 1403638179.4950972
Dropping frame 1403638179.695097
Dropping frame 1403638179.8450971
Dropping frame 1403638180.0950971
Dropping frame 1403638180.3450971
Dropping frame 1403638180.5450969
Dropping frame 1403638180.645097
Dropping frame 1403638180.895097
Dropping frame 1403638181.0450969
Dropping frame 1403638181.195097
Dropping frame 1403638181.445097
Dropping frame 1403638181.5450969
Dropping frame 1403638181.7950971
Dropping frame 1403638182.4950972
Dropping frame 1403638184.445097
Dropping frame 1403638184.7450969
Dropping frame 1403638185.5950971
Dropping frame 1403638185.7950971
Dropping frame 1403638185.895097
Dropping frame 1403638186.0950971
Dropping frame 1403638186.445097
Dropping frame 1403638186.5450969
Dropping frame 1403638186.8450971
Dropping frame 1403638187.0950971
Dropping frame 1403638187.2950971
Dropping frame 1403638187.4950972
Dropping frame 1403638187.645097
Dropping frame 1403638188.2950971
Dropping frame 1403638188.645097
Dropping frame 1403638188.9950972
Dropping frame 1403638189.3450971
Dropping frame 1403638190.0450969
Dropping frame 1403638190.4950972
Dropping frame 1403638190.895097
Dropping frame 1403638191.0950971
Dropping frame 1403638191.195097
Dropping frame 1403638191.395097
Dropping frame 1403638191.645097
Dropping frame 1403638191.945097
Dropping frame 1403638192.0450969
Dropping frame 1403638192.145097
Dropping frame 1403638192.3450971
Dropping frame 1403638192.5450969
Dropping frame 1403638192.645097
Dropping frame 1403638192.8450971
Dropping frame 1403638192.945097
Dropping frame 1403638193.2450969
Dropping frame 1403638193.445097
Dropping frame 1403638193.645097
Dropping frame 1403638193.7450969
Dropping frame 1403638193.8450971
Dropping frame 1403638194.0450969
Dropping frame 1403638194.2950971
Dropping frame 1403638194.395097
Dropping frame 1403638194.645097
Dropping frame 1403638194.7450969
Dropping frame 1403638194.9950972
Dropping frame 1403638195.0950971
Dropping frame 1403638195.2950971
Dropping frame 1403638195.4950972
Dropping frame 1403638195.695097
Dropping frame 1403638195.7950971
Dropping frame 1403638196.145097
Dropping frame 1403638196.2450969
Dropping frame 1403638196.395097
Dropping frame 1403638196.7950971
Dropping frame 1403638196.9950972
Dropping frame 1403638197.0950971
Dropping frame 1403638197.395097
Dropping frame 1403638197.695097
Dropping frame 1403638199.0450969
Dropping frame 1403638199.5950971
Dropping frame 1403638200.145097
Dropping frame 1403638218.2950971
Dropping frame 1403638219.395097
Dropping frame 1403638222.145097
Dropping frame 1403638226.395097
Dropping frame 1403638226.645097
Dropping frame 1403638227.0950971
Dropping frame 1403638227.445097
Dropping frame 1403638227.9950972
Dropping frame 1403638228.5950971
Dropping frame 1403638228.7450969
Shutdown
SLAM Finished at System Time: 1734508100.84096

 TIME STATS in ms (mean$\pm$std)
OpenCV version: 4.8.1
---------------------------
Tracking

ORB Extraction: 15.147$\pm$2.0736
Stereo Matching: 7.5566$\pm$1.9939
IMU Preintegration: 0.20363$\pm$0.092047
Pose Prediction: 0.5443$\pm$1.4323
LM Track: 15.474$\pm$5.2549
New KF decision: 0.95525$\pm$1.7811
Total Tracking: 34.884$\pm$19.187



Local Mapping

KF Insertion: 11.369$\pm$4.168
MP Culling: 0.40881$\pm$0.22734
MP Creation: 36.104$\pm$15.043
LBA: 125.83$\pm$49.588
KF Culling: 9.4635$\pm$8.1433
Total Local Mapping: 183.12$\pm$74.894
---------------------------

LBA complexity (mean$\pm$std)
LBA Edges: 1463.8$\pm$1168.1
LBA KF optimized: 6.5$\pm$2.2913
LBA KF fixed: 1$\pm$0
LBA MP: nan$\pm$nan

LBA executions: 412
LBA aborts: 0
---------------------------

Map complexity
KFs in map: 191
MPs in map: 15331
---------------------------

Place Recognition (mean$\pm$std)
Database Query: 1.8571$\pm$0.97166
SE3 estimation: 24.105$\pm$14.193
Total Place Recognition: 18.26$\pm$17.106


Loop Closing (mean$\pm$std)
Loop Fusion: nan$\pm$nan
Essential Graph: nan$\pm$nan
Total Loop Closing: nan$\pm$nan

Num exec: 0
Number of KFs: nan$\pm$nan

Map Merging (mean$\pm$std)
Merge Maps: nan$\pm$nan
Welding BA: nan$\pm$nan
Optimization Ess.: nan$\pm$nan
Total Map Merging: nan$\pm$nan

Num exec: 0
Number of KFs: nan$\pm$nan
Number of MPs: nan$\pm$nan

Full GBA (mean$\pm$std)
GBA: nan$\pm$nan
Map Update: nan$\pm$nan
Total Full GBA: nan$\pm$nan

Num exec: 0
Num abort: 0
Number of KFs: nan$\pm$nan
Number of MPs: nan$\pm$nan

Saving trajectory to f_dataset-MH04_stereo_imu.txt ...
There are 1 maps in the atlas
  Map 0 has 191 KFs

End of saving trajectory to f_dataset-MH04_stereo_imu.txt ...

Saving keyframe trajectory to kf_dataset-MH04_stereo_imu.txt ...
