num_seq = 1
file name: dataset-MH04_stereo_imu
Loading images for sequence 0...LOADED!
Loading IMU for sequence 0...LOADED!

-------

ORB-SLAM3 Copyright (C) 2017-2020 Carlos Campos, Richard Elvira, Juan J. Gómez, José M.M. Montiel and Juan D. Tardós, University of Zaragoza.
ORB-SLAM2 Copyright (C) 2014-2016 Raúl Mur-Artal, José M.M. Montiel and Juan D. Tardós, University of Zaragoza.
This program comes with ABSOLUTELY NO WARRANTY;
This is free software, and you are welcome to redistribute it
under certain conditions. See LICENSE.txt.

Built with REGISTER_TIMES
Git Commit Hash: 90f15d8

Input sensor was set to: Stereo-Inertial
Loading settings from ./Examples/Stereo-Inertial/EuRoC_fov_deadlines_mask_9x9.yaml
	-Loaded camera 1
	-Loaded camera 2
	-Loaded image info
	-Loaded IMU calibration
	-Loaded ORB settings
	-Loaded viewer settings
	-Loaded Atlas settings
Deadlines enabled, will skip frames!
FOV enabled
Static mask size: 9x9
Dumping map points enabled
	-Loaded misc parameters
	-Computed rectification maps
----------------------------------
SLAM settings: 
	-Camera 1 parameters (Pinhole): [ 458.65399169921875 457.29598999023438 367.21499633789062 248.375 ]
	-Camera 1 distortion parameters: [  -0.28340810537338257 0.073959067463874817 0.00019359000725671649 1.7618711353861727e-05 ]
	-Camera 2 parameters (Pinhole: [ 457.58700561523438 456.13400268554688 379.99899291992188 255.23800659179688 ]
	-Camera 1 distortion parameters: [  -0.2836836576461792 0.074512839317321777 -0.00010473000293131918 -3.555907096597366e-05 ]
	-Original image size: [ 752 , 480 ]
	-Current image size: [ 752 , 480 ]
	-Camera 1 parameters after rectification: [  456.71499633789062 456.71499633789062 364.52615356445312 257.268798828125 ]
	-Sequence FPS: 20
	-Stereo baseline: 0.11007784307003021
	-Stereo depth threshold : 60
	-Gyro noise: 0.00016999999934341758
	-Accelerometer noise: 0.0020000000949949026
	-Gyro walk: 1.9392999092815444e-05
	-Accelerometer walk: 0.0030000000260770321
	-IMU frequency: 200
	-Features per image: 1200
	-ORB scale factor: 1.2000000476837158
	-ORB number of scales: 8
	-Initial FAST threshold: 20
	-Min FAST threshold: 7


Loading ORB Vocabulary. This could take a while...
Vocabulary loaded!

Initialization of Atlas from scratch 
Creation of new map with id: 0
Creation of new map with last KF id: 0
Seq. Name: 
There are 1 cameras in the atlas
Camera 0 is pinhole
SLAM Started at System Time: 1732011989.86741
not IMU meas
not IMU meas
not enough acceleration
not enough acceleration
not enough acceleration
not enough acceleration
not enough acceleration
not enough acceleration
not enough acceleration
not enough acceleration
not enough acceleration
not enough acceleration
not enough acceleration
not enough acceleration
not enough acceleration
not enough acceleration
not enough acceleration
not enough acceleration
not enough acceleration
not enough acceleration
not enough acceleration
not enough acceleration
not enough acceleration
not enough acceleration
not enough acceleration
not enough acceleration
not enough acceleration
not enough acceleration
not enough acceleration
not enough acceleration
not enough acceleration
not enough acceleration
First KF:0; Map init KF:0
New Map created with 134 points
Active map: 0
Dropping frame 1403638130.445097
Dropping frame 1403638130.645097
Dropping frame 1403638130.945097
Dropping frame 1403638131.145097
Dropping frame 1403638131.395097
Dropping frame 1403638131.695097
Dropping frame 1403638131.8450971
Dropping frame 1403638132.145097
Dropping frame 1403638132.3450971
Dropping frame 1403638132.5450969
Dropping frame 1403638132.645097
Dropping frame 1403638132.8450971
Dropping frame 1403638133.2450969
Dropping frame 1403638133.5450969
Dropping frame 1403638133.645097
Dropping frame 1403638133.895097
Dropping frame 1403638134.0950971
start VIBA 1
Dropping frame 1403638134.4950972
end VIBA 1
Dropping frame 1403638134.5950971
Dropping frame 1403638134.945097
Dropping frame 1403638135.0450969
Dropping frame 1403638135.2450969
Dropping frame 1403638135.445097
Dropping frame 1403638135.645097
Dropping frame 1403638135.7450969
Dropping frame 1403638135.8450971
Dropping frame 1403638136.0950971
Dropping frame 1403638136.395097
Dropping frame 1403638136.4950972
Dropping frame 1403638136.5950971
Dropping frame 1403638136.7450969
Dropping frame 1403638137.0450969
Dropping frame 1403638137.2450969
Dropping frame 1403638137.3450971
Dropping frame 1403638137.4950972
Dropping frame 1403638137.645097
Dropping frame 1403638137.8450971
Dropping frame 1403638138.0450969
Dropping frame 1403638138.145097
Dropping frame 1403638138.2450969
Dropping frame 1403638138.445097
Dropping frame 1403638138.5450969
Dropping frame 1403638138.645097
Not enough motion for initializing. Reseting...
TRACK: Reset map because local mapper set the bad imu flag 
LM: Active map reset recieved
LM: Active map reset, waiting...
LM: Reseting current map in Local Mapping...
LM: End reseting Local Mapping...
LM: Reset free the mutex
LM: Active map reset, Done!!!
mnFirstFrameId = 32
mnInitialFrameId = 0
153 Frames set to lost
not IMU meas
not enough acceleration
Dropping frame 1403638138.8450971
not enough acceleration
Dropping frame 1403638138.945097
not enough acceleration
not enough acceleration
First KF:39; Map init KF:0
New Map created with 159 points
Active map: 0
Dropping frame 1403638139.195097
Dropping frame 1403638139.395097
Dropping frame 1403638139.5950971
Dropping frame 1403638139.695097
Dropping frame 1403638139.7950971
Dropping frame 1403638140.0450969
Dropping frame 1403638140.195097
Dropping frame 1403638140.2950971
Dropping frame 1403638140.695097
Dropping frame 1403638140.895097
Dropping frame 1403638141.145097
Dropping frame 1403638141.2450969
Dropping frame 1403638141.445097
Dropping frame 1403638141.645097
Dropping frame 1403638141.7950971
Dropping frame 1403638141.9950972
Not enough motion for initializing. Reseting...
TRACK: Reset map because local mapper set the bad imu flag 
LM: Reseting current map in Local Mapping...
LM: End reseting Local Mapping...
LM: Reset free the mutex
LM: Active map reset recieved
LM: Active map reset, waiting...
LM: Reseting current map in Local Mapping...
LM: End reseting Local Mapping...
LM: Reset free the mutex
LM: Active map reset, Done!!!
mnFirstFrameId = 191
mnInitialFrameId = 185
197 Frames set to lost
not IMU meas
Dropping frame 1403638142.195097
not enough acceleration
Dropping frame 1403638142.2950971
First KF:50; Map init KF:39
New Map created with 169 points
Active map: 0
Dropping frame 1403638143.895097
Dropping frame 1403638144.145097
Dropping frame 1403638144.195097
Not enough motion for initializing. Reseting...
TRACK: Reset map because local mapper set the bad imu flag 
LM: Reseting current map in Local Mapping...
LM: End reseting Local Mapping...
LM: Reset free the mutex
LM: Active map reset recieved
LM: Active map reset, waiting...
LM: Reseting current map in Local Mapping...
LM: End reseting Local Mapping...
LM: Reset free the mutex
LM: Active map reset, Done!!!
mnFirstFrameId = 238
mnInitialFrameId = 235
250 Frames set to lost
not IMU meas
not enough acceleration
not enough acceleration
not enough acceleration
not enough acceleration
not enough acceleration
not enough acceleration
not enough acceleration
not enough acceleration
not enough acceleration
not enough acceleration
not enough acceleration
not enough acceleration
not enough acceleration
not enough acceleration
not enough acceleration
not enough acceleration
not enough acceleration
not enough acceleration
not enough acceleration
not enough acceleration
not enough acceleration
not enough acceleration
not enough acceleration
not enough acceleration
not enough acceleration
not enough acceleration
not enough acceleration
not enough acceleration
not enough acceleration
not enough acceleration
not enough acceleration
not enough acceleration
not enough acceleration
not enough acceleration
not enough acceleration
not enough acceleration
not enough acceleration
not enough acceleration
not enough acceleration
not enough acceleration
not enough acceleration
not enough acceleration
not enough acceleration
not enough acceleration
not enough acceleration
not enough acceleration
not enough acceleration
not enough acceleration
not enough acceleration
not enough acceleration
not enough acceleration
First KF:61; Map init KF:50
New Map created with 168 points
Active map: 0
start VIBA 1
end VIBA 1
Dropping frame 1403638155.7450969
Dropping frame 1403638156.0450969
Dropping frame 1403638156.2450969
Dropping frame 1403638156.3450971
Dropping frame 1403638156.445097
Dropping frame 1403638156.5450969
Dropping frame 1403638156.7950971
Dropping frame 1403638156.945097
Dropping frame 1403638157.195097
Dropping frame 1403638157.5450969
Dropping frame 1403638157.7450969
Dropping frame 1403638157.945097
Dropping frame 1403638158.0450969
Dropping frame 1403638158.145097
Dropping frame 1403638158.2450969
Dropping frame 1403638158.3450971
Dropping frame 1403638158.4950972
Dropping frame 1403638158.7450969
Dropping frame 1403638159.7950971
Dropping frame 1403638159.895097
Dropping frame 1403638160.2950971
Dropping frame 1403638160.395097
Dropping frame 1403638160.695097
Dropping frame 1403638161.0950971
Dropping frame 1403638161.445097
Dropping frame 1403638161.695097
Dropping frame 1403638161.7950971
Dropping frame 1403638162.7950971
start VIBA 2
Dropping frame 1403638163.0950971
Dropping frame 1403638163.2950971
end VIBA 2
Dropping frame 1403638163.4950972
Dropping frame 1403638163.8450971
Dropping frame 1403638164.445097
Dropping frame 1403638164.5450969
Dropping frame 1403638164.945097
Dropping frame 1403638165.145097
Dropping frame 1403638165.3450971
Dropping frame 1403638165.445097
Dropping frame 1403638165.5950971
Dropping frame 1403638165.7950971
Dropping frame 1403638165.895097
Dropping frame 1403638166.0950971
Dropping frame 1403638166.195097
Dropping frame 1403638166.3450971
Dropping frame 1403638166.5450969
Dropping frame 1403638166.695097
Dropping frame 1403638166.7950971
Dropping frame 1403638166.895097
Dropping frame 1403638167.145097
Dropping frame 1403638167.445097
Dropping frame 1403638167.7450969
Dropping frame 1403638167.945097
Dropping frame 1403638168.145097
Dropping frame 1403638168.3450971
Dropping frame 1403638168.5450969
Dropping frame 1403638168.645097
Dropping frame 1403638168.8450971
Dropping frame 1403638168.945097
Dropping frame 1403638169.0450969
Dropping frame 1403638169.2950971
Dropping frame 1403638169.395097
Dropping frame 1403638169.5450969
Dropping frame 1403638169.695097
Dropping frame 1403638170.7450969
Dropping frame 1403638170.8450971
Dropping frame 1403638171.0450969
Dropping frame 1403638171.145097
Dropping frame 1403638171.2450969
Dropping frame 1403638171.445097
Dropping frame 1403638171.645097
Dropping frame 1403638171.7450969
Dropping frame 1403638171.8450971
Dropping frame 1403638172.145097
Dropping frame 1403638172.2450969
Dropping frame 1403638172.395097
Dropping frame 1403638172.5950971
Dropping frame 1403638172.7950971
Dropping frame 1403638172.945097
Dropping frame 1403638173.2950971
Dropping frame 1403638173.395097
Dropping frame 1403638173.4950972
Dropping frame 1403638173.7450969
Dropping frame 1403638173.945097
Dropping frame 1403638174.0450969
Dropping frame 1403638174.145097
Dropping frame 1403638174.2450969
Dropping frame 1403638174.4950972
Dropping frame 1403638174.5950971
Dropping frame 1403638174.8450971
Dropping frame 1403638174.945097
Dropping frame 1403638175.195097
Dropping frame 1403638175.2950971
Dropping frame 1403638175.4950972
Dropping frame 1403638175.5950971
Dropping frame 1403638175.695097
Dropping frame 1403638175.9950972
Dropping frame 1403638176.2950971
Dropping frame 1403638176.5950971
Dropping frame 1403638176.695097
Dropping frame 1403638176.8450971
Dropping frame 1403638177.145097
Dropping frame 1403638177.3450971
Dropping frame 1403638177.5950971
Dropping frame 1403638177.695097
Dropping frame 1403638177.9950972
Dropping frame 1403638178.195097
Dropping frame 1403638178.2950971
Dropping frame 1403638178.395097
Dropping frame 1403638178.7950971
Dropping frame 1403638178.895097
Dropping frame 1403638178.9950972
Dropping frame 1403638179.195097
Dropping frame 1403638179.3450971
Dropping frame 1403638179.5450969
Dropping frame 1403638179.7450969
Dropping frame 1403638180.0450969
Dropping frame 1403638180.2950971
Dropping frame 1403638180.4950972
Dropping frame 1403638180.645097
Dropping frame 1403638180.8450971
Dropping frame 1403638181.0450969
Dropping frame 1403638181.145097
Dropping frame 1403638181.3450971
Dropping frame 1403638181.445097
Dropping frame 1403638181.5450969
Dropping frame 1403638181.7950971
Dropping frame 1403638181.9950972
Dropping frame 1403638182.195097
Dropping frame 1403638182.395097
Dropping frame 1403638182.4950972
Dropping frame 1403638182.5950971
Dropping frame 1403638182.8450971
Dropping frame 1403638182.945097
Dropping frame 1403638183.0950971
Dropping frame 1403638183.3450971
Dropping frame 1403638183.445097
Dropping frame 1403638183.7950971
Dropping frame 1403638183.895097
Dropping frame 1403638184.195097
Dropping frame 1403638184.5450969
Dropping frame 1403638184.9950972
Dropping frame 1403638185.2450969
Dropping frame 1403638185.4950972
Dropping frame 1403638185.895097
Dropping frame 1403638186.3450971
Dropping frame 1403638186.445097
Dropping frame 1403638186.8450971
Dropping frame 1403638190.195097
Dropping frame 1403638190.4950972
Dropping frame 1403638190.5950971
Dropping frame 1403638190.895097
Dropping frame 1403638191.0950971
Dropping frame 1403638191.2450969
Dropping frame 1403638191.7450969
Dropping frame 1403638191.945097
Dropping frame 1403638192.2950971
Dropping frame 1403638192.5950971
Dropping frame 1403638192.945097
Dropping frame 1403638193.145097
Dropping frame 1403638193.2450969
Dropping frame 1403638193.5450969
Dropping frame 1403638193.7450969
Dropping frame 1403638194.2450969
Dropping frame 1403638194.3450971
Dropping frame 1403638194.645097
Dropping frame 1403638194.945097
Dropping frame 1403638195.145097
Dropping frame 1403638195.3450971
Dropping frame 1403638195.5450969
Dropping frame 1403638195.695097
Dropping frame 1403638195.7950971
Dropping frame 1403638195.895097
Dropping frame 1403638196.0950971
Dropping frame 1403638196.2950971
Dropping frame 1403638196.5450969
Dropping frame 1403638196.645097
Dropping frame 1403638196.9950972
Dropping frame 1403638197.195097
Dropping frame 1403638197.2950971
Dropping frame 1403638197.5950971
Dropping frame 1403638197.7450969
Dropping frame 1403638197.945097
Dropping frame 1403638198.2450969
Dropping frame 1403638198.3450971
Dropping frame 1403638198.445097
Dropping frame 1403638198.695097
Dropping frame 1403638198.895097
Dropping frame 1403638198.9950972
Dropping frame 1403638199.145097
Dropping frame 1403638199.395097
Dropping frame 1403638199.4950972
Dropping frame 1403638199.7450969
Dropping frame 1403638199.945097
Dropping frame 1403638200.2450969
Dropping frame 1403638200.645097
Dropping frame 1403638200.8450971
Dropping frame 1403638201.4950972
Dropping frame 1403638201.7950971
Dropping frame 1403638201.895097
Dropping frame 1403638202.145097
Dropping frame 1403638202.695097
Dropping frame 1403638202.895097
Dropping frame 1403638203.195097
Dropping frame 1403638203.2950971
Dropping frame 1403638203.4950972
Dropping frame 1403638203.7950971
Dropping frame 1403638203.945097
Dropping frame 1403638204.145097
Dropping frame 1403638204.3450971
Dropping frame 1403638204.445097
Dropping frame 1403638204.8450971
Dropping frame 1403638205.5950971
Dropping frame 1403638205.895097
Dropping frame 1403638206.3450971
Dropping frame 1403638206.9950972
Dropping frame 1403638207.0950971
Dropping frame 1403638207.3450971
Dropping frame 1403638207.7950971
Dropping frame 1403638209.645097
Dropping frame 1403638220.0450969
Dropping frame 1403638220.2950971
Dropping frame 1403638221.2450969
Dropping frame 1403638221.5450969
Dropping frame 1403638221.8450971
Dropping frame 1403638222.0950971
Dropping frame 1403638222.445097
Dropping frame 1403638222.7450969
Dropping frame 1403638223.3450971
Dropping frame 1403638223.5450969
Dropping frame 1403638223.645097
Dropping frame 1403638223.7450969
Dropping frame 1403638224.0950971
Dropping frame 1403638224.395097
Dropping frame 1403638224.5950971
Dropping frame 1403638224.695097
Dropping frame 1403638224.7950971
Dropping frame 1403638225.0950971
Dropping frame 1403638225.3450971
Dropping frame 1403638225.645097
Dropping frame 1403638225.7450969
Dropping frame 1403638226.2450969
Dropping frame 1403638226.445097
Dropping frame 1403638226.5450969
Dropping frame 1403638226.8450971
Dropping frame 1403638226.945097
Dropping frame 1403638227.5450969
Dropping frame 1403638227.645097
Dropping frame 1403638227.7450969
Dropping frame 1403638227.9950972
Dropping frame 1403638228.195097
Dropping frame 1403638228.3450971
Dropping frame 1403638228.445097
Dropping frame 1403638228.645097
Dropping frame 1403638228.7450969
Dropping frame 1403638228.8450971
Shutdown
SLAM Finished at System Time: 1732012109.53816

 TIME STATS in ms (mean$\pm$std)
OpenCV version: 4.8.1
---------------------------
Tracking

ORB Extraction: 17.003$\pm$2.1697
Stereo Matching: 7.8229$\pm$1.9419
IMU Preintegration: 0.20487$\pm$0.089677
Pose Prediction: 0.59304$\pm$1.4798
LM Track: 16.208$\pm$5.5208
New KF decision: 1.0238$\pm$1.8294
Total Tracking: 33.919$\pm$21.967



Local Mapping

KF Insertion: 12.5$\pm$5.0106
MP Culling: 0.44013$\pm$0.21592
MP Creation: 39.418$\pm$16.438
LBA: 135.48$\pm$48.869
KF Culling: 10.139$\pm$8.8075
Total Local Mapping: 196.98$\pm$73.15
---------------------------

LBA complexity (mean$\pm$std)
LBA Edges: 1487.9$\pm$1061.4
LBA KF optimized: 6.5$\pm$2.2913
LBA KF fixed: 1$\pm$0
LBA MP: nan$\pm$nan

LBA executions: 393
LBA aborts: 0
---------------------------

Map complexity
KFs in map: 173
MPs in map: 14117
---------------------------

Place Recognition (mean$\pm$std)
Database Query: 2.0115$\pm$1.0319
SE3 estimation: 26.316$\pm$15.064
Total Place Recognition: 19.638$\pm$18.523


Loop Closing (mean$\pm$std)
Loop Fusion: nan$\pm$nan
Essential Graph: nan$\pm$nan
Total Loop Closing: nan$\pm$nan

Num exec: 0
Number of KFs: nan$\pm$nan

Map Merging (mean$\pm$std)
Merge Maps: nan$\pm$nan
Welding BA: nan$\pm$nan
Optimization Ess.: nan$\pm$nan
Total Map Merging: nan$\pm$nan

Num exec: 0
Number of KFs: nan$\pm$nan
Number of MPs: nan$\pm$nan

Full GBA (mean$\pm$std)
GBA: nan$\pm$nan
Map Update: nan$\pm$nan
Total Full GBA: nan$\pm$nan

Num exec: 0
Num abort: 0
Number of KFs: nan$\pm$nan
Number of MPs: nan$\pm$nan

Saving trajectory to f_dataset-MH04_stereo_imu.txt ...
There are 1 maps in the atlas
  Map 0 has 173 KFs

End of saving trajectory to f_dataset-MH04_stereo_imu.txt ...

Saving keyframe trajectory to kf_dataset-MH04_stereo_imu.txt ...
