num_seq = 1
file name: dataset-MH05_stereo_imu
Loading images for sequence 0...LOADED!
Loading IMU for sequence 0...LOADED!

-------

ORB-SLAM3 Copyright (C) 2017-2020 Carlos Campos, Richard Elvira, Juan J. Gómez, José M.M. Montiel and Juan D. Tardós, University of Zaragoza.
ORB-SLAM2 Copyright (C) 2014-2016 Raúl Mur-Artal, José M.M. Montiel and Juan D. Tardós, University of Zaragoza.
This program comes with ABSOLUTELY NO WARRANTY;
This is free software, and you are welcome to redistribute it
under certain conditions. See LICENSE.txt.

Built with REGISTER_TIMES
Git Commit Hash: 42e930e

Compiled with C++ version: 201703

Input sensor was set to: Stereo-Inertial
Loading settings from ./Examples/Stereo-Inertial/EuRoC_fov_deadlines_mask_12x12.yaml
	-Loaded camera 1
	-Loaded camera 2
	-Loaded image info
	-Loaded IMU calibration
	-Loaded ORB settings
	-Loaded viewer settings
	-Loaded Atlas settings
Deadlines enabled, will skip frames!
FOV enabled
Static mask size: 12x12
Dumping map points enabled
	-Loaded misc parameters
	-Computed rectification maps
----------------------------------
SLAM settings: 
	-Camera 1 parameters (Pinhole): [ 458.65399169921875 457.29598999023438 367.21499633789062 248.375 ]
	-Camera 1 distortion parameters: [  -0.28340810537338257 0.073959067463874817 0.00019359000725671649 1.7618711353861727e-05 ]
	-Camera 2 parameters (Pinhole: [ 457.58700561523438 456.13400268554688 379.99899291992188 255.23800659179688 ]
	-Camera 1 distortion parameters: [  -0.2836836576461792 0.074512839317321777 -0.00010473000293131918 -3.555907096597366e-05 ]
	-Original image size: [ 752 , 480 ]
	-Current image size: [ 752 , 480 ]
	-Camera 1 parameters after rectification: [  456.71499633789062 456.71499633789062 364.52615356445312 257.268798828125 ]
	-Sequence FPS: 20
	-Stereo baseline: 0.11007784307003021
	-Stereo depth threshold : 60
	-Gyro noise: 0.00016999999934341758
	-Accelerometer noise: 0.0020000000949949026
	-Gyro walk: 1.9392999092815444e-05
	-Accelerometer walk: 0.0030000000260770321
	-IMU frequency: 200
	-Features per image: 1200
	-ORB scale factor: 1.2000000476837158
	-ORB number of scales: 8
	-Initial FAST threshold: 20
	-Min FAST threshold: 7


Loading ORB Vocabulary. This could take a while...
Vocabulary loaded!

Initialization of Atlas from scratch 
Creation of new map with id: 0
Creation of new map with last KF id: 0
Seq. Name: 
There are 1 cameras in the atlas
Camera 0 is pinhole
SLAM Started at System Time: 1734513309.8402
not IMU meas
not IMU meas
not enough acceleration
not enough acceleration
not enough acceleration
not enough acceleration
not enough acceleration
not enough acceleration
not enough acceleration
not enough acceleration
not enough acceleration
not enough acceleration
not enough acceleration
not enough acceleration
not enough acceleration
not enough acceleration
not enough acceleration
not enough acceleration
not enough acceleration
not enough acceleration
not enough acceleration
not enough acceleration
not enough acceleration
not enough acceleration
not enough acceleration
not enough acceleration
not enough acceleration
not enough acceleration
not enough acceleration
not enough acceleration
not enough acceleration
not enough acceleration
not enough acceleration
not enough acceleration
not enough acceleration
not enough acceleration
not enough acceleration
not enough acceleration
not enough acceleration
not enough acceleration
not enough acceleration
not enough acceleration
not enough acceleration
not enough acceleration
not enough acceleration
not enough acceleration
not enough acceleration
not enough acceleration
not enough acceleration
not enough acceleration
not enough acceleration
not enough acceleration
not enough acceleration
not enough acceleration
not enough acceleration
not enough acceleration
not enough acceleration
not enough acceleration
not enough acceleration
not enough acceleration
not enough acceleration
not enough acceleration
not enough acceleration
not enough acceleration
not enough acceleration
not enough acceleration
not enough acceleration
not enough acceleration
not enough acceleration
not enough acceleration
not enough acceleration
not enough acceleration
not enough acceleration
not enough acceleration
not enough acceleration
not enough acceleration
not enough acceleration
not enough acceleration
not enough acceleration
not enough acceleration
First KF:0; Map init KF:0
New Map created with 124 points
Active map: 0
Dropping frame 1403638522.9778295
Dropping frame 1403638523.1778293
Dropping frame 1403638523.4778295
Dropping frame 1403638523.6278296
Dropping frame 1403638523.9278295
Dropping frame 1403638524.1778293
Dropping frame 1403638524.3278296
Dropping frame 1403638524.6778293
Dropping frame 1403638525.0278294
Dropping frame 1403638525.2778294
Dropping frame 1403638525.3778293
Dropping frame 1403638525.4778295
Dropping frame 1403638525.7778294
Dropping frame 1403638526.0778294
Dropping frame 1403638526.2778294
Dropping frame 1403638526.3778293
Dropping frame 1403638526.4778295
Dropping frame 1403638526.7278295
Dropping frame 1403638526.9278295
Dropping frame 1403638527.2278295
start VIBA 1
Dropping frame 1403638527.5278294
end VIBA 1
Dropping frame 1403638527.9278295
Dropping frame 1403638528.0778294
Dropping frame 1403638528.2778294
Dropping frame 1403638528.6278296
Dropping frame 1403638528.7278295
Dropping frame 1403638529.0278294
Dropping frame 1403638530.0278294
Dropping frame 1403638530.5278294
Dropping frame 1403638530.6278296
Dropping frame 1403638530.8278296
Dropping frame 1403638530.9278295
Dropping frame 1403638531.0278294
Dropping frame 1403638531.2278295
Dropping frame 1403638531.3278296
Dropping frame 1403638531.4278295
Not enough motion for initializing. Reseting...
Dropping frame 1403638531.7778294
TRACK: Reset map because local mapper set the bad imu flag 
LM: Reseting current map in Local Mapping...
LM: End reseting Local Mapping...
LM: Reset free the mutex
LM: Active map reset recieved
LM: Active map reset, waiting...
LM: Reseting current map in Local Mapping...
LM: End reseting Local Mapping...
LM: Reset free the mutex
LM: Active map reset, Done!!!
mnFirstFrameId = 80
mnInitialFrameId = 0
158 Frames set to lost
not IMU meas
not enough acceleration
Dropping frame 1403638531.9778295
not enough acceleration
Dropping frame 1403638532.0778294
not enough acceleration
Dropping frame 1403638532.1778293
not enough acceleration
not enough acceleration
not enough acceleration
not enough acceleration
not enough acceleration
Dropping frame 1403638532.4778295
not enough acceleration
Dropping frame 1403638532.5778294
not enough acceleration
not enough acceleration
Dropping frame 1403638532.7278295
not enough acceleration
Dropping frame 1403638532.8278296
not enough acceleration
not enough acceleration
not enough acceleration
not enough acceleration
not enough acceleration
not enough acceleration
not enough acceleration
not enough acceleration
not enough acceleration
not enough acceleration
not enough acceleration
not enough acceleration
not enough acceleration
not enough acceleration
not enough acceleration
not enough acceleration
not enough acceleration
not enough acceleration
not enough acceleration
not enough acceleration
not enough acceleration
not enough acceleration
not enough acceleration
not enough acceleration
not enough acceleration
not enough acceleration
not enough acceleration
not enough acceleration
Dropping frame 1403638534.2778294
not enough acceleration
not enough acceleration
not enough acceleration
not enough acceleration
not enough acceleration
not enough acceleration
not enough acceleration
not enough acceleration
not enough acceleration
not enough acceleration
not enough acceleration
not enough acceleration
not enough acceleration
not enough acceleration
not enough acceleration
not enough acceleration
not enough acceleration
not enough acceleration
not enough acceleration
not enough acceleration
not enough acceleration
not enough acceleration
not enough acceleration
not enough acceleration
not enough acceleration
Dropping frame 1403638535.5778294
not enough acceleration
not enough acceleration
not enough acceleration
not enough acceleration
not enough acceleration
not enough acceleration
not enough acceleration
not enough acceleration
not enough acceleration
not enough acceleration
not enough acceleration
not enough acceleration
not enough acceleration
not enough acceleration
not enough acceleration
not enough acceleration
not enough acceleration
not enough acceleration
not enough acceleration
not enough acceleration
not enough acceleration
not enough acceleration
not enough acceleration
not enough acceleration
not enough acceleration
not enough acceleration
not enough acceleration
not enough acceleration
not enough acceleration
not enough acceleration
not enough acceleration
not enough acceleration
not enough acceleration
not enough acceleration
not enough acceleration
not enough acceleration
not enough acceleration
not enough acceleration
not enough acceleration
not enough acceleration
not enough acceleration
not enough acceleration
not enough acceleration
not enough acceleration
not enough acceleration
not enough acceleration
not enough acceleration
not enough acceleration
not enough acceleration
not enough acceleration
not enough acceleration
not enough acceleration
not enough acceleration
not enough acceleration
not enough acceleration
not enough acceleration
not enough acceleration
not enough acceleration
not enough acceleration
not enough acceleration
not enough acceleration
not enough acceleration
not enough acceleration
First KF:38; Map init KF:0
New Map created with 169 points
Active map: 0
start VIBA 1
end VIBA 1
Dropping frame 1403638544.6778293
Dropping frame 1403638544.9778295
Dropping frame 1403638545.2278295
Dropping frame 1403638545.5278294
Dropping frame 1403638545.6778293
Dropping frame 1403638545.9278295
Dropping frame 1403638546.0278294
Dropping frame 1403638546.3778293
Dropping frame 1403638546.5778294
Dropping frame 1403638546.8278296
Dropping frame 1403638546.9778295
Dropping frame 1403638547.0778294
Dropping frame 1403638547.1778293
Dropping frame 1403638547.3278296
Dropping frame 1403638547.5778294
Dropping frame 1403638547.7778294
Dropping frame 1403638547.9278295
Dropping frame 1403638548.4778295
Dropping frame 1403638548.7278295
Dropping frame 1403638548.8278296
Dropping frame 1403638549.0778294
Dropping frame 1403638549.4778295
Dropping frame 1403638550.0278294
Dropping frame 1403638550.1778293
Dropping frame 1403638550.4278295
Dropping frame 1403638550.5278294
Dropping frame 1403638550.7278295
Dropping frame 1403638550.8278296
Dropping frame 1403638550.9278295
Dropping frame 1403638551.0778294
Dropping frame 1403638551.2778294
Dropping frame 1403638551.3778293
Dropping frame 1403638551.4778295
Dropping frame 1403638551.5778294
Dropping frame 1403638551.7778294
Dropping frame 1403638551.8778293
Dropping frame 1403638551.9778295
Dropping frame 1403638552.0778294
Dropping frame 1403638552.1778293
Dropping frame 1403638552.3778293
Dropping frame 1403638552.4778295
Dropping frame 1403638552.6778293
Dropping frame 1403638552.7778294
Dropping frame 1403638552.8778293
Dropping frame 1403638552.9778295
Dropping frame 1403638553.1778293
Dropping frame 1403638553.3778293
Dropping frame 1403638553.4778295
Dropping frame 1403638553.5778294
Dropping frame 1403638553.6778293
Dropping frame 1403638553.7778294
Dropping frame 1403638553.8778293
Dropping frame 1403638554.0778294
Dropping frame 1403638554.1778293
start VIBA 2
Dropping frame 1403638554.2778294
Dropping frame 1403638554.4778295
Dropping frame 1403638554.5778294
end VIBA 2
Dropping frame 1403638554.6778293
Dropping frame 1403638554.7778294
Dropping frame 1403638554.9778295
Dropping frame 1403638555.0778294
Dropping frame 1403638555.2778294
Dropping frame 1403638555.4778295
Dropping frame 1403638555.6778293
Dropping frame 1403638555.7778294
Dropping frame 1403638555.9778295
Dropping frame 1403638556.0778294
Dropping frame 1403638556.1778293
Dropping frame 1403638556.4278295
Dropping frame 1403638556.5278294
Dropping frame 1403638556.6278296
Dropping frame 1403638556.8278296
Dropping frame 1403638556.9278295
Dropping frame 1403638557.1278296
Dropping frame 1403638557.2278295
Dropping frame 1403638557.3278296
Dropping frame 1403638557.4278295
Dropping frame 1403638557.5778294
Dropping frame 1403638557.9778295
Dropping frame 1403638558.0778294
Dropping frame 1403638558.1778293
Dropping frame 1403638558.4278295
Dropping frame 1403638558.6278296
Dropping frame 1403638558.7778294
Dropping frame 1403638558.8778293
Dropping frame 1403638559.0778294
Dropping frame 1403638559.1778293
Dropping frame 1403638559.2778294
Dropping frame 1403638559.3778293
Dropping frame 1403638559.5278294
Dropping frame 1403638559.6278296
Dropping frame 1403638559.8278296
Dropping frame 1403638559.9278295
Dropping frame 1403638560.0278294
Dropping frame 1403638560.4278295
Dropping frame 1403638560.6278296
Dropping frame 1403638560.8778293
Dropping frame 1403638560.9778295
Dropping frame 1403638561.2778294
Dropping frame 1403638561.4778295
Dropping frame 1403638561.5778294
Dropping frame 1403638561.6778293
Dropping frame 1403638561.8778293
Dropping frame 1403638562.0778294
Dropping frame 1403638562.2778294
Dropping frame 1403638562.3778293
Dropping frame 1403638562.5778294
Dropping frame 1403638562.6778293
Dropping frame 1403638562.7778294
Dropping frame 1403638562.9778295
Dropping frame 1403638563.1778293
Dropping frame 1403638563.3778293
Dropping frame 1403638563.5778294
Dropping frame 1403638563.6778293
Dropping frame 1403638563.7778294
Dropping frame 1403638563.9778295
Dropping frame 1403638564.1778293
Dropping frame 1403638564.3778293
Dropping frame 1403638564.5778294
Dropping frame 1403638564.7778294
Dropping frame 1403638564.8778293
Dropping frame 1403638564.9778295
Dropping frame 1403638565.1778293
Dropping frame 1403638565.3778293
Dropping frame 1403638565.4778295
Dropping frame 1403638565.5778294
Dropping frame 1403638565.7778294
Dropping frame 1403638565.9778295
Dropping frame 1403638566.1778293
Dropping frame 1403638566.3778293
Dropping frame 1403638566.4778295
Dropping frame 1403638566.5778294
Dropping frame 1403638566.7778294
Dropping frame 1403638566.8778293
Dropping frame 1403638566.9778295
Dropping frame 1403638567.1778293
Dropping frame 1403638567.3778293
Dropping frame 1403638567.5778294
Dropping frame 1403638567.7778294
Dropping frame 1403638567.9778295
Dropping frame 1403638568.1778293
Dropping frame 1403638568.2778294
Dropping frame 1403638568.3778293
Dropping frame 1403638568.5778294
Dropping frame 1403638568.7778294
Dropping frame 1403638568.9778295
Dropping frame 1403638569.0778294
Dropping frame 1403638569.3278296
Dropping frame 1403638569.5278294
Dropping frame 1403638569.7278295
Dropping frame 1403638569.9278295
Dropping frame 1403638570.0278294
Dropping frame 1403638570.1278296
Dropping frame 1403638570.3278296
Dropping frame 1403638570.5278294
Dropping frame 1403638570.6278296
Dropping frame 1403638570.7278295
Dropping frame 1403638570.9278295
Dropping frame 1403638571.0778294
Dropping frame 1403638571.2778294
Dropping frame 1403638571.3778293
Dropping frame 1403638571.4778295
Dropping frame 1403638571.6778293
Dropping frame 1403638571.8778293
Dropping frame 1403638571.9778295
Dropping frame 1403638572.0778294
Dropping frame 1403638572.2778294
Dropping frame 1403638572.4778295
Dropping frame 1403638572.6778293
Dropping frame 1403638572.7778294
Dropping frame 1403638572.8778293
Dropping frame 1403638572.9778295
Dropping frame 1403638573.1778293
Dropping frame 1403638573.3778293
Dropping frame 1403638573.5778294
Dropping frame 1403638573.6778293
Dropping frame 1403638573.7778294
Dropping frame 1403638573.9778295
Dropping frame 1403638574.1778293
Dropping frame 1403638574.2778294
Dropping frame 1403638574.3778293
Dropping frame 1403638574.5778294
Dropping frame 1403638574.7778294
Dropping frame 1403638574.9778295
Dropping frame 1403638575.3778293
Dropping frame 1403638575.4778295
Dropping frame 1403638575.7278295
Dropping frame 1403638575.8278296
Dropping frame 1403638576.1778293
Dropping frame 1403638576.5278294
Dropping frame 1403638576.9778295
Dropping frame 1403638577.0778294
Dropping frame 1403638577.2778294
Dropping frame 1403638577.4778295
Dropping frame 1403638577.5778294
Dropping frame 1403638577.8278296
Dropping frame 1403638578.0278294
Dropping frame 1403638578.2278295
Dropping frame 1403638578.4278295
Dropping frame 1403638578.5278294
Dropping frame 1403638578.7278295
Dropping frame 1403638578.9278295
Dropping frame 1403638579.0278294
Dropping frame 1403638579.1278296
Dropping frame 1403638579.3278296
Dropping frame 1403638579.5278294
Dropping frame 1403638579.7278295
Dropping frame 1403638579.8278296
Dropping frame 1403638579.9278295
Dropping frame 1403638580.1778293
Dropping frame 1403638580.4778295
Dropping frame 1403638581.1278296
Dropping frame 1403638581.2778294
Dropping frame 1403638581.5778294
Dropping frame 1403638581.6778293
Dropping frame 1403638581.9278295
Dropping frame 1403638582.1278296
Dropping frame 1403638582.3278296
Dropping frame 1403638582.6278296
Dropping frame 1403638582.7278295
Dropping frame 1403638582.9778295
Dropping frame 1403638583.0778294
Dropping frame 1403638583.1778293
Dropping frame 1403638583.3778293
Dropping frame 1403638583.5778294
Dropping frame 1403638583.6778293
Dropping frame 1403638583.9278295
Dropping frame 1403638584.1278296
Dropping frame 1403638584.3278296
Dropping frame 1403638584.4278295
Dropping frame 1403638584.6778293
Dropping frame 1403638584.7778294
Dropping frame 1403638585.0278294
Dropping frame 1403638585.1278296
Dropping frame 1403638585.2278295
Dropping frame 1403638585.4278295
Dropping frame 1403638585.5278294
Dropping frame 1403638586.3278296
Dropping frame 1403638586.4278295
Dropping frame 1403638586.6778293
Dropping frame 1403638586.7778294
Dropping frame 1403638586.8778293
Dropping frame 1403638587.0778294
Dropping frame 1403638587.1778293
Dropping frame 1403638587.4278295
Dropping frame 1403638587.5278294
Dropping frame 1403638587.9278295
Dropping frame 1403638588.3778293
Dropping frame 1403638588.4778295
Dropping frame 1403638588.8778293
Dropping frame 1403638589.3278296
Dropping frame 1403638589.6778293
Dropping frame 1403638589.9778295
Dropping frame 1403638590.2278295
Dropping frame 1403638590.4278295
Dropping frame 1403638590.6278296
Dropping frame 1403638591.0778294
Dropping frame 1403638591.2778294
Dropping frame 1403638591.4278295
Dropping frame 1403638591.6278296
Dropping frame 1403638591.9278295
Dropping frame 1403638592.2278295
Dropping frame 1403638592.3278296
Dropping frame 1403638592.5778294
Dropping frame 1403638592.8778293
Dropping frame 1403638592.9778295
Dropping frame 1403638593.0778294
Dropping frame 1403638593.2778294
Dropping frame 1403638593.4778295
Dropping frame 1403638593.6778293
Dropping frame 1403638593.7778294
Dropping frame 1403638593.8778293
Dropping frame 1403638594.0778294
Dropping frame 1403638594.1778293
Dropping frame 1403638594.2778294
Dropping frame 1403638594.4778295
Dropping frame 1403638594.5778294
Dropping frame 1403638594.6778293
Dropping frame 1403638594.8778293
Dropping frame 1403638595.0778294
Dropping frame 1403638595.1778293
Dropping frame 1403638595.3278296
Dropping frame 1403638595.5278294
Dropping frame 1403638595.6278296
Dropping frame 1403638595.8778293
Dropping frame 1403638595.9778295
Dropping frame 1403638596.0778294
Dropping frame 1403638596.2778294
Dropping frame 1403638596.3778293
Dropping frame 1403638596.4778295
Dropping frame 1403638596.6778293
Dropping frame 1403638596.8778293
Dropping frame 1403638597.0778294
Dropping frame 1403638597.3778293
Dropping frame 1403638597.4778295
Dropping frame 1403638597.5778294
Dropping frame 1403638597.7778294
Dropping frame 1403638597.9778295
Dropping frame 1403638598.1778293
Dropping frame 1403638598.2778294
Dropping frame 1403638598.5778294
Dropping frame 1403638598.7778294
Dropping frame 1403638598.8778293
Dropping frame 1403638599.1278296
Dropping frame 1403638599.3278296
Dropping frame 1403638599.5278294
Dropping frame 1403638599.6278296
Dropping frame 1403638599.7278295
Dropping frame 1403638599.9278295
Dropping frame 1403638600.0278294
Dropping frame 1403638600.4278295
Dropping frame 1403638600.8778293
Dropping frame 1403638600.9778295
Dropping frame 1403638601.2778294
Dropping frame 1403638601.6778293
Dropping frame 1403638602.0778294
Dropping frame 1403638602.3778293
Dropping frame 1403638602.4778295
Dropping frame 1403638602.6778293
Dropping frame 1403638602.8278296
Dropping frame 1403638603.0278294
Dropping frame 1403638603.2278295
Dropping frame 1403638603.4278295
Dropping frame 1403638603.5778294
Dropping frame 1403638603.8778293
Dropping frame 1403638604.0778294
Dropping frame 1403638604.2778294
Dropping frame 1403638604.4778295
Dropping frame 1403638604.6278296
Dropping frame 1403638604.8278296
Dropping frame 1403638605.1278296
Dropping frame 1403638605.4278295
Dropping frame 1403638605.9278295
Dropping frame 1403638606.1278296
Dropping frame 1403638606.4778295
Dropping frame 1403638606.6778293
Dropping frame 1403638606.8778293
Dropping frame 1403638607.1778293
Dropping frame 1403638607.2778294
Dropping frame 1403638607.6778293
Dropping frame 1403638608.2278295
Dropping frame 1403638608.4278295
Dropping frame 1403638608.5278294
Dropping frame 1403638609.2778294
Dropping frame 1403638609.7778294
Dropping frame 1403638610.1778293
Dropping frame 1403638610.3778293
Dropping frame 1403638610.5778294
Dropping frame 1403638610.8778293
Dropping frame 1403638611.1778293
Dropping frame 1403638611.3778293
Dropping frame 1403638611.5778294
Dropping frame 1403638611.6778293
Dropping frame 1403638611.9278295
Dropping frame 1403638612.0278294
Dropping frame 1403638612.2778294
Dropping frame 1403638612.5778294
Dropping frame 1403638612.7778294
Dropping frame 1403638613.1278296
Dropping frame 1403638615.3778293
Dropping frame 1403638616.2778294
Dropping frame 1403638616.9278295
Dropping frame 1403638617.6278296
Dropping frame 1403638617.8778293
Dropping frame 1403638618.4278295
Dropping frame 1403638618.8778293
Dropping frame 1403638618.9778295
Dropping frame 1403638620.0278294
Dropping frame 1403638621.7778294
Dropping frame 1403638622.1278296
Dropping frame 1403638622.2278295
Dropping frame 1403638623.0778294
Dropping frame 1403638624.0778294
Dropping frame 1403638624.7278295
Dropping frame 1403638625.2778294
Dropping frame 1403638626.3778293
Dropping frame 1403638626.4778295
Dropping frame 1403638626.7278295
Dropping frame 1403638626.8278296
Dropping frame 1403638627.0778294
Dropping frame 1403638627.1778293
Dropping frame 1403638627.4778295
Dropping frame 1403638627.7278295
Dropping frame 1403638627.8278296
Dropping frame 1403638628.0778294
Dropping frame 1403638628.1778293
Dropping frame 1403638628.3778293
Dropping frame 1403638628.4778295
Dropping frame 1403638628.7278295
Dropping frame 1403638628.8278296
Dropping frame 1403638628.9278295
Dropping frame 1403638629.0278294
Dropping frame 1403638629.2778294
Dropping frame 1403638629.3778293
Dropping frame 1403638629.7278295
Dropping frame 1403638630.4278295
Dropping frame 1403638630.6278296
Dropping frame 1403638630.8278296
Dropping frame 1403638631.0278294
Dropping frame 1403638631.1278296
Dropping frame 1403638631.2278295
Dropping frame 1403638631.4278295
Dropping frame 1403638631.5278294
Shutdown
SLAM Finished at System Time: 1734513446.7116

 TIME STATS in ms (mean$\pm$std)
OpenCV version: 4.8.1
---------------------------
Tracking

ORB Extraction: 18.665$\pm$2.3365
Stereo Matching: 8.1977$\pm$1.9187
IMU Preintegration: 0.21322$\pm$0.086171
Pose Prediction: 0.4098$\pm$1.2048
LM Track: 18.254$\pm$4.8211
New KF decision: 1.1092$\pm$1.8575
Total Tracking: 33.106$\pm$24.52



Local Mapping

KF Insertion: 14.104$\pm$4.5457
MP Culling: 0.48881$\pm$0.19013
MP Creation: 45.758$\pm$13.53
LBA: 146.78$\pm$41.79
KF Culling: 11.194$\pm$7.3023
Total Local Mapping: 219.29$\pm$63.974
---------------------------

LBA complexity (mean$\pm$std)
LBA Edges: 2002.4$\pm$1046.1
LBA KF optimized: 6.5$\pm$2.2913
LBA KF fixed: 1$\pm$0
LBA MP: nan$\pm$nan

LBA executions: 393
LBA aborts: 0
---------------------------

Map complexity
KFs in map: 159
MPs in map: 12673
---------------------------

Place Recognition (mean$\pm$std)
Database Query: 2.1288$\pm$1.0236
SE3 estimation: 27.955$\pm$17.201
Total Place Recognition: 22.454$\pm$20.307


Loop Closing (mean$\pm$std)
Loop Fusion: nan$\pm$nan
Essential Graph: nan$\pm$nan
Total Loop Closing: nan$\pm$nan

Num exec: 0
Number of KFs: nan$\pm$nan

Map Merging (mean$\pm$std)
Merge Maps: nan$\pm$nan
Welding BA: nan$\pm$nan
Optimization Ess.: nan$\pm$nan
Total Map Merging: nan$\pm$nan

Num exec: 0
Number of KFs: nan$\pm$nan
Number of MPs: nan$\pm$nan

Full GBA (mean$\pm$std)
GBA: nan$\pm$nan
Map Update: nan$\pm$nan
Total Full GBA: nan$\pm$nan

Num exec: 0
Num abort: 0
Number of KFs: nan$\pm$nan
Number of MPs: nan$\pm$nan

Saving trajectory to f_dataset-MH05_stereo_imu.txt ...
There are 1 maps in the atlas
  Map 0 has 159 KFs

End of saving trajectory to f_dataset-MH05_stereo_imu.txt ...

Saving keyframe trajectory to kf_dataset-MH05_stereo_imu.txt ...
