num_seq = 1
file name: dataset-MH05_stereo_imu
Loading images for sequence 0...LOADED!
Loading IMU for sequence 0...LOADED!

-------

ORB-SLAM3 Copyright (C) 2017-2020 Carlos Campos, Richard Elvira, Juan J. Gómez, José M.M. Montiel and Juan D. Tardós, University of Zaragoza.
ORB-SLAM2 Copyright (C) 2014-2016 Raúl Mur-Artal, José M.M. Montiel and Juan D. Tardós, University of Zaragoza.
This program comes with ABSOLUTELY NO WARRANTY;
This is free software, and you are welcome to redistribute it
under certain conditions. See LICENSE.txt.

Built with REGISTER_TIMES
Git Commit Hash: 56828b7

Build Type: Release

Compiled with C++ version: 201703

Input sensor was set to: Stereo-Inertial
Loading settings from ./Examples/Stereo-Inertial/EuRoC_fov_deadlines_mask_3x3.yaml
	-Loaded camera 1
	-Loaded camera 2
	-Loaded image info
	-Loaded IMU calibration
	-Loaded ORB settings
	-Loaded viewer settings
	-Loaded Atlas settings
Deadlines enabled, will skip frames!
FOV enabled
Static mask size: 3x3
Dumping map points enabled
	-Loaded misc parameters
	-Computed rectification maps
----------------------------------
SLAM settings: 
	-Camera 1 parameters (Pinhole): [ 458.65399169921875 457.29598999023438 367.21499633789062 248.375 ]
	-Camera 1 distortion parameters: [  -0.28340810537338257 0.073959067463874817 0.00019359000725671649 1.7618711353861727e-05 ]
	-Camera 2 parameters (Pinhole: [ 457.58700561523438 456.13400268554688 379.99899291992188 255.23800659179688 ]
	-Camera 1 distortion parameters: [  -0.2836836576461792 0.074512839317321777 -0.00010473000293131918 -3.555907096597366e-05 ]
	-Original image size: [ 752 , 480 ]
	-Current image size: [ 752 , 480 ]
	-Camera 1 parameters after rectification: [  456.71499633789062 456.71499633789062 364.52615356445312 257.268798828125 ]
	-Sequence FPS: 20
	-Stereo baseline: 0.11007784307003021
	-Stereo depth threshold : 60
	-Gyro noise: 0.00016999999934341758
	-Accelerometer noise: 0.0020000000949949026
	-Gyro walk: 1.9392999092815444e-05
	-Accelerometer walk: 0.0030000000260770321
	-IMU frequency: 200
	-Features per image: 1200
	-ORB scale factor: 1.2000000476837158
	-ORB number of scales: 8
	-Initial FAST threshold: 20
	-Min FAST threshold: 7


Loading ORB Vocabulary. This could take a while...
Vocabulary loaded!

Initialization of Atlas from scratch 
Creation of new map with id: 0
Creation of new map with last KF id: 0
Seq. Name: 
There are 1 cameras in the atlas
Camera 0 is pinhole
SLAM Started at System Time: 1735290553.30665
not IMU meas
not IMU meas
not enough acceleration
not enough acceleration
not enough acceleration
not enough acceleration
not enough acceleration
not enough acceleration
not enough acceleration
not enough acceleration
not enough acceleration
not enough acceleration
not enough acceleration
not enough acceleration
not enough acceleration
not enough acceleration
not enough acceleration
not enough acceleration
not enough acceleration
not enough acceleration
not enough acceleration
not enough acceleration
not enough acceleration
not enough acceleration
not enough acceleration
not enough acceleration
not enough acceleration
not enough acceleration
not enough acceleration
not enough acceleration
not enough acceleration
not enough acceleration
not enough acceleration
not enough acceleration
not enough acceleration
not enough acceleration
not enough acceleration
not enough acceleration
not enough acceleration
not enough acceleration
not enough acceleration
not enough acceleration
not enough acceleration
not enough acceleration
not enough acceleration
not enough acceleration
not enough acceleration
not enough acceleration
not enough acceleration
not enough acceleration
not enough acceleration
not enough acceleration
not enough acceleration
not enough acceleration
not enough acceleration
not enough acceleration
not enough acceleration
not enough acceleration
not enough acceleration
not enough acceleration
not enough acceleration
not enough acceleration
not enough acceleration
not enough acceleration
not enough acceleration
not enough acceleration
not enough acceleration
not enough acceleration
not enough acceleration
not enough acceleration
not enough acceleration
not enough acceleration
not enough acceleration
not enough acceleration
not enough acceleration
not enough acceleration
not enough acceleration
not enough acceleration
not enough acceleration
not enough acceleration
First KF:0; Map init KF:0
New Map created with 54 points
Active map: 0
start VIBA 1
end VIBA 1
start VIBA 2
end VIBA 2
*Loop detected
phi = -0.016037523604829455  0.012135076798181949  0.017525147085676551
BAD LOOP!!!
*Loop detected
phi = 0.00077101885582189181  0.0090299820287751582   0.032531778427840018
BAD LOOP!!!
*Loop detected
phi = -0.0060312811957139523  0.0077427178177592046   0.014680167823990025
Local Mapping STOP
Local Mapping RELEASE
*Loop detected
phi =   0.048827690262888468  -0.066697569826071862 -0.0069504451204626212
BAD LOOP!!!
*Loop detected
phi = 0.0035733877368418427 -0.052213362411014722  0.002535149309202552
BAD LOOP!!!
*Loop detected
phi =   0.02147377891778738 -0.024784411453260165  0.030145035497398557
BAD LOOP!!!
*Loop detected
phi =  0.023086845151217131 -0.030454184400675342  0.020763059977666892
BAD LOOP!!!
*Loop detected
phi =  0.020386707535359833 -0.025596747234150882  0.029397622989364072
BAD LOOP!!!
*Loop detected
phi =  0.020954680064307472 -0.021368042827339839  0.029436283664694037
BAD LOOP!!!
*Loop detected
phi =  0.019403303858513077 -0.020777313908550438  0.029892564477231952
BAD LOOP!!!
*Loop detected
phi = 0.010357082957874689  -0.0167394369791663 0.035895474938392007
BAD LOOP!!!
*Loop detected
phi =  0.017533567506009283 -0.011248033129341872  0.053629181958637834
BAD LOOP!!!
*Loop detected
phi =  0.011725495510824285 -0.010950958038233172  0.043571542125257504
BAD LOOP!!!
*Loop detected
phi =  0.026174151072368129 -0.010142935344293206  0.034891348779275917
BAD LOOP!!!
*Loop detected
phi =  0.022446388582310052 -0.006629762688464191   0.04039724549471118
BAD LOOP!!!
Shutdown
SLAM Finished at System Time: 1735290678.80502

 TIME STATS in ms (mean$\pm$std)
OpenCV version: 4.6.0
---------------------------
Tracking

ORB Extraction: 7.9601$\pm$1.5826
Stereo Matching: 4.2819$\pm$2.3282
IMU Preintegration: 0.12654$\pm$0.075351
Pose Prediction: 0.10551$\pm$0.44333
LM Track: 7.9208$\pm$3.7747
New KF decision: 0.90436$\pm$1.7852
Total Tracking: 24.079$\pm$7.5223



Local Mapping

KF Insertion: 5.1986$\pm$2.509
MP Culling: 0.14831$\pm$0.091503
MP Creation: 18.157$\pm$10.578
LBA: 90.693$\pm$50.823
KF Culling: 4.1186$\pm$3.4005
Total Local Mapping: 120.62$\pm$91.786
---------------------------

LBA complexity (mean$\pm$std)
LBA Edges: 2163.9$\pm$987.47
LBA KF optimized: 5.5$\pm$2.2913
LBA KF fixed: 1$\pm$0
LBA MP: -nan$\pm$-nan

LBA executions: 594
LBA aborts: 0
---------------------------

Map complexity
KFs in map: 305
MPs in map: 20771
---------------------------

Place Recognition (mean$\pm$std)
Database Query: 0.66686$\pm$0.46739
SE3 estimation: 10.167$\pm$7.7332
Total Place Recognition: 9.431$\pm$8.4159


Loop Closing (mean$\pm$std)
Loop Fusion: 35.372$\pm$0
Essential Graph: 145.31$\pm$0
Total Loop Closing: 200.26$\pm$0

Num exec: 1
Number of KFs: -nan$\pm$-nan

Map Merging (mean$\pm$std)
Merge Maps: -nan$\pm$-nan
Welding BA: -nan$\pm$-nan
Optimization Ess.: -nan$\pm$-nan
Total Map Merging: -nan$\pm$-nan

Num exec: 0
Number of KFs: -nan$\pm$-nan
Number of MPs: -nan$\pm$-nan

Full GBA (mean$\pm$std)
GBA: -nan$\pm$-nan
Map Update: -nan$\pm$-nan
Total Full GBA: -nan$\pm$-nan

Num exec: 0
Num abort: 0
Number of KFs: -nan$\pm$-nan
Number of MPs: -nan$\pm$-nan

Saving trajectory to f_dataset-MH05_stereo_imu.txt ...
There are 1 maps in the atlas
  Map 0 has 305 KFs

End of saving trajectory to f_dataset-MH05_stereo_imu.txt ...

Saving keyframe trajectory to kf_dataset-MH05_stereo_imu.txt ...
