num_seq = 1
file name: dataset-MH04_stereo_imu
Loading images for sequence 0...LOADED!
Loading IMU for sequence 0...LOADED!

-------

ORB-SLAM3 Copyright (C) 2017-2020 Carlos Campos, Richard Elvira, Juan J. Gómez, José M.M. Montiel and Juan D. Tardós, University of Zaragoza.
ORB-SLAM2 Copyright (C) 2014-2016 Raúl Mur-Artal, José M.M. Montiel and Juan D. Tardós, University of Zaragoza.
This program comes with ABSOLUTELY NO WARRANTY;
This is free software, and you are welcome to redistribute it
under certain conditions. See LICENSE.txt.

Built with REGISTER_TIMES
Git Commit Hash: 90f15d8

Input sensor was set to: Stereo-Inertial
Loading settings from ./Examples/Stereo-Inertial/EuRoC_fov_deadlines_mask_4x4.yaml
	-Loaded camera 1
	-Loaded camera 2
	-Loaded image info
	-Loaded IMU calibration
	-Loaded ORB settings
	-Loaded viewer settings
	-Loaded Atlas settings
Deadlines enabled, will skip frames!
FOV enabled
Static mask size: 4x4
Dumping map points enabled
	-Loaded misc parameters
	-Computed rectification maps
----------------------------------
SLAM settings: 
	-Camera 1 parameters (Pinhole): [ 458.65399169921875 457.29598999023438 367.21499633789062 248.375 ]
	-Camera 1 distortion parameters: [  -0.28340810537338257 0.073959067463874817 0.00019359000725671649 1.7618711353861727e-05 ]
	-Camera 2 parameters (Pinhole: [ 457.58700561523438 456.13400268554688 379.99899291992188 255.23800659179688 ]
	-Camera 1 distortion parameters: [  -0.2836836576461792 0.074512839317321777 -0.00010473000293131918 -3.555907096597366e-05 ]
	-Original image size: [ 752 , 480 ]
	-Current image size: [ 752 , 480 ]
	-Camera 1 parameters after rectification: [  456.71499633789062 456.71499633789062 364.52615356445312 257.268798828125 ]
	-Sequence FPS: 20
	-Stereo baseline: 0.11007784307003021
	-Stereo depth threshold : 60
	-Gyro noise: 0.00016999999934341758
	-Accelerometer noise: 0.0020000000949949026
	-Gyro walk: 1.9392999092815444e-05
	-Accelerometer walk: 0.0030000000260770321
	-IMU frequency: 200
	-Features per image: 1200
	-ORB scale factor: 1.2000000476837158
	-ORB number of scales: 8
	-Initial FAST threshold: 20
	-Min FAST threshold: 7


Loading ORB Vocabulary. This could take a while...
Vocabulary loaded!

Initialization of Atlas from scratch 
Creation of new map with id: 0
Creation of new map with last KF id: 0
Seq. Name: 
There are 1 cameras in the atlas
Camera 0 is pinhole
SLAM Started at System Time: 1732007719.53929
not IMU meas
not IMU meas
not enough acceleration
not enough acceleration
not enough acceleration
not enough acceleration
not enough acceleration
not enough acceleration
not enough acceleration
not enough acceleration
not enough acceleration
not enough acceleration
not enough acceleration
not enough acceleration
not enough acceleration
not enough acceleration
not enough acceleration
not enough acceleration
not enough acceleration
not enough acceleration
not enough acceleration
not enough acceleration
not enough acceleration
not enough acceleration
not enough acceleration
not enough acceleration
not enough acceleration
not enough acceleration
not enough acceleration
not enough acceleration
not enough acceleration
not enough acceleration
First KF:0; Map init KF:0
New Map created with 81 points
Active map: 0
Dropping frame 1403638130.445097
Dropping frame 1403638130.645097
Dropping frame 1403638130.7450969
Dropping frame 1403638130.9950972
Dropping frame 1403638131.195097
Dropping frame 1403638131.5450969
Dropping frame 1403638131.8450971
Dropping frame 1403638131.945097
Dropping frame 1403638132.195097
Dropping frame 1403638132.7450969
Dropping frame 1403638132.945097
Dropping frame 1403638133.895097
start VIBA 1
Dropping frame 1403638134.195097
end VIBA 1
Dropping frame 1403638135.2450969
Dropping frame 1403638135.695097
Dropping frame 1403638136.7950971
Dropping frame 1403638136.895097
Dropping frame 1403638136.9950972
Dropping frame 1403638137.445097
Not enough motion for initializing. Reseting...
TRACK: Reset map because local mapper set the bad imu flag 
LM: Active map reset recieved
LM: Active map reset, waiting...
LM: Reseting current map in Local Mapping...
LM: End reseting Local Mapping...
LM: Reset free the mutex
LM: Active map reset, Done!!!
mnFirstFrameId = 32
mnInitialFrameId = 0
170 Frames set to lost
not IMU meas
First KF:42; Map init KF:0
New Map created with 100 points
Active map: 0
Dropping frame 1403638138.645097
Dropping frame 1403638138.8450971
Dropping frame 1403638139.0450969
Dropping frame 1403638139.145097
Not enough motion for initializing. Reseting...
LM: Reseting current map in Local Mapping...
LM: End reseting Local Mapping...
LM: Reset free the mutex
Not enough motion for initializing. Reseting...
LM: Reseting current map in Local Mapping...
LM: End reseting Local Mapping...
LM: Reset free the mutex
Not enough motion for initializing. Reseting...
TRACK: Reset map because local mapper set the bad imu flag 
LM: Reseting current map in Local Mapping...
LM: End reseting Local Mapping...
LM: Reset free the mutex
LM: Active map reset recieved
LM: Active map reset, waiting...
LM: Reseting current map in Local Mapping...
LM: End reseting Local Mapping...
LM: Reset free the mutex
LM: Active map reset, Done!!!
mnFirstFrameId = 204
mnInitialFrameId = 202
242 Frames set to lost
not IMU meas
not enough acceleration
not enough acceleration
First KF:55; Map init KF:42
New Map created with 109 points
Active map: 0
Not enough motion for initializing. Reseting...
LM: Reseting current map in Local Mapping...
LM: End reseting Local Mapping...
LM: Reset free the mutex
Not enough motion for initializing. Reseting...
TRACK: Reset map because local mapper set the bad imu flag 
LM: Reseting current map in Local Mapping...
LM: End reseting Local Mapping...
LM: Reset free the mutex
LM: Active map reset recieved
LM: Active map reset, waiting...
LM: Reseting current map in Local Mapping...
LM: End reseting Local Mapping...
LM: Reset free the mutex
LM: Active map reset, Done!!!
mnFirstFrameId = 280
mnInitialFrameId = 276
308 Frames set to lost
not IMU meas
not enough acceleration
not enough acceleration
not enough acceleration
not enough acceleration
not enough acceleration
not enough acceleration
not enough acceleration
not enough acceleration
not enough acceleration
not enough acceleration
not enough acceleration
not enough acceleration
not enough acceleration
not enough acceleration
not enough acceleration
not enough acceleration
not enough acceleration
not enough acceleration
not enough acceleration
not enough acceleration
not enough acceleration
not enough acceleration
not enough acceleration
not enough acceleration
not enough acceleration
not enough acceleration
not enough acceleration
not enough acceleration
not enough acceleration
not enough acceleration
not enough acceleration
not enough acceleration
not enough acceleration
not enough acceleration
not enough acceleration
not enough acceleration
not enough acceleration
not enough acceleration
not enough acceleration
First KF:67; Map init KF:55
New Map created with 147 points
Active map: 0
Dropping frame 1403638151.7450969
start VIBA 1
end VIBA 1
Dropping frame 1403638153.2950971
Dropping frame 1403638154.2950971
Dropping frame 1403638154.445097
Dropping frame 1403638154.5950971
Dropping frame 1403638156.895097
Dropping frame 1403638157.3450971
Dropping frame 1403638157.645097
Dropping frame 1403638158.2950971
Dropping frame 1403638160.0450969
Dropping frame 1403638160.145097
Dropping frame 1403638160.445097
Dropping frame 1403638160.695097
Dropping frame 1403638160.7950971
Dropping frame 1403638161.2950971
Dropping frame 1403638161.895097
Dropping frame 1403638161.9950972
Dropping frame 1403638162.0950971
Dropping frame 1403638162.695097
start VIBA 2
end VIBA 2
Dropping frame 1403638163.895097
Dropping frame 1403638164.0950971
Dropping frame 1403638164.2450969
Dropping frame 1403638164.3450971
Dropping frame 1403638164.5950971
Dropping frame 1403638164.695097
Dropping frame 1403638164.9950972
Dropping frame 1403638165.195097
Dropping frame 1403638165.5950971
Dropping frame 1403638165.8450971
Dropping frame 1403638166.0450969
Dropping frame 1403638166.395097
Dropping frame 1403638166.645097
Dropping frame 1403638166.8450971
Dropping frame 1403638167.0450969
Dropping frame 1403638167.145097
Dropping frame 1403638167.2450969
Dropping frame 1403638167.5450969
Dropping frame 1403638167.895097
Dropping frame 1403638167.9950972
Dropping frame 1403638168.0950971
Dropping frame 1403638169.2950971
Dropping frame 1403638169.395097
Dropping frame 1403638169.645097
Dropping frame 1403638169.7450969
Dropping frame 1403638169.945097
Dropping frame 1403638170.145097
Dropping frame 1403638170.2450969
Dropping frame 1403638170.5450969
Dropping frame 1403638170.7450969
Dropping frame 1403638171.195097
Dropping frame 1403638171.445097
Dropping frame 1403638171.9950972
Dropping frame 1403638172.2950971
Dropping frame 1403638172.5950971
Dropping frame 1403638172.695097
Dropping frame 1403638173.0950971
Dropping frame 1403638173.195097
Dropping frame 1403638173.4950972
Dropping frame 1403638173.5950971
Dropping frame 1403638173.8450971
Dropping frame 1403638173.945097
Dropping frame 1403638174.0450969
Dropping frame 1403638174.2450969
Dropping frame 1403638174.445097
Dropping frame 1403638174.645097
Dropping frame 1403638174.7450969
Dropping frame 1403638174.945097
Dropping frame 1403638175.145097
Dropping frame 1403638175.2950971
Dropping frame 1403638175.645097
Dropping frame 1403638175.8450971
Dropping frame 1403638176.0450969
Dropping frame 1403638177.4950972
Dropping frame 1403638177.9950972
Dropping frame 1403638178.695097
Dropping frame 1403638180.145097
Dropping frame 1403638180.895097
Dropping frame 1403638181.195097
Dropping frame 1403638181.7450969
Dropping frame 1403638181.8450971
Dropping frame 1403638184.0450969
Dropping frame 1403638184.3450971
Dropping frame 1403638184.7950971
Dropping frame 1403638185.145097
Dropping frame 1403638185.7450969
Dropping frame 1403638186.0450969
Dropping frame 1403638186.145097
Dropping frame 1403638186.395097
Dropping frame 1403638187.3450971
Dropping frame 1403638187.9950972
Dropping frame 1403638188.0950971
Dropping frame 1403638188.4950972
Dropping frame 1403638212.395097
Dropping frame 1403638217.445097
Dropping frame 1403638217.695097
Dropping frame 1403638220.395097
Dropping frame 1403638221.195097
Dropping frame 1403638221.2950971
Dropping frame 1403638221.645097
Dropping frame 1403638221.8450971
Dropping frame 1403638221.945097
Dropping frame 1403638222.2950971
Dropping frame 1403638222.4950972
Dropping frame 1403638223.395097
Dropping frame 1403638227.5450969
Shutdown
SLAM Finished at System Time: 1732007838.81238

 TIME STATS in ms (mean$\pm$std)
OpenCV version: 4.8.1
---------------------------
Tracking

ORB Extraction: 13.183$\pm$2.0818
Stereo Matching: 7.2959$\pm$2.5122
IMU Preintegration: 0.18717$\pm$0.073164
Pose Prediction: 0.52412$\pm$1.4044
LM Track: 14.259$\pm$5.0081
New KF decision: 0.91994$\pm$1.7875
Total Tracking: 35.447$\pm$15.417



Local Mapping

KF Insertion: 9.7413$\pm$4.5142
MP Culling: 0.37225$\pm$0.21658
MP Creation: 31.336$\pm$15.396
LBA: 113.63$\pm$49.394
KF Culling: 6.9829$\pm$7.199
Total Local Mapping: 161.73$\pm$71.312
---------------------------

LBA complexity (mean$\pm$std)
LBA Edges: 1349.9$\pm$1124.9
LBA KF optimized: 6.5$\pm$2.2913
LBA KF fixed: 1$\pm$0
LBA MP: nan$\pm$nan

LBA executions: 427
LBA aborts: 0
---------------------------

Map complexity
KFs in map: 211
MPs in map: 17020
---------------------------

Place Recognition (mean$\pm$std)
Database Query: 1.5878$\pm$0.9601
SE3 estimation: 24.78$\pm$15.39
Total Place Recognition: 18.313$\pm$18.059


Loop Closing (mean$\pm$std)
Loop Fusion: nan$\pm$nan
Essential Graph: nan$\pm$nan
Total Loop Closing: nan$\pm$nan

Num exec: 0
Number of KFs: nan$\pm$nan

Map Merging (mean$\pm$std)
Merge Maps: nan$\pm$nan
Welding BA: nan$\pm$nan
Optimization Ess.: nan$\pm$nan
Total Map Merging: nan$\pm$nan

Num exec: 0
Number of KFs: nan$\pm$nan
Number of MPs: nan$\pm$nan

Full GBA (mean$\pm$std)
GBA: nan$\pm$nan
Map Update: nan$\pm$nan
Total Full GBA: nan$\pm$nan

Num exec: 0
Num abort: 0
Number of KFs: nan$\pm$nan
Number of MPs: nan$\pm$nan

Saving trajectory to f_dataset-MH04_stereo_imu.txt ...
There are 1 maps in the atlas
  Map 0 has 211 KFs

End of saving trajectory to f_dataset-MH04_stereo_imu.txt ...

Saving keyframe trajectory to kf_dataset-MH04_stereo_imu.txt ...
