num_seq = 1
file name: dataset-MH03_stereo_imu
Loading images for sequence 0...LOADED!
Loading IMU for sequence 0...LOADED!

-------

ORB-SLAM3 Copyright (C) 2017-2020 Carlos Campos, Richard Elvira, Juan J. Gómez, José M.M. Montiel and Juan D. Tardós, University of Zaragoza.
ORB-SLAM2 Copyright (C) 2014-2016 Raúl Mur-Artal, José M.M. Montiel and Juan D. Tardós, University of Zaragoza.
This program comes with ABSOLUTELY NO WARRANTY;
This is free software, and you are welcome to redistribute it
under certain conditions. See LICENSE.txt.

Built with REGISTER_TIMES
Git Commit Hash: 90f15d8

Input sensor was set to: Stereo-Inertial
Loading settings from ./Examples/Stereo-Inertial/EuRoC_fov_deadlines_mask_10x10.yaml
	-Loaded camera 1
	-Loaded camera 2
	-Loaded image info
	-Loaded IMU calibration
	-Loaded ORB settings
	-Loaded viewer settings
	-Loaded Atlas settings
Deadlines enabled, will skip frames!
FOV enabled
Static mask size: 10x10
Dumping map points enabled
	-Loaded misc parameters
	-Computed rectification maps
----------------------------------
SLAM settings: 
	-Camera 1 parameters (Pinhole): [ 458.65399169921875 457.29598999023438 367.21499633789062 248.375 ]
	-Camera 1 distortion parameters: [  -0.28340810537338257 0.073959067463874817 0.00019359000725671649 1.7618711353861727e-05 ]
	-Camera 2 parameters (Pinhole: [ 457.58700561523438 456.13400268554688 379.99899291992188 255.23800659179688 ]
	-Camera 1 distortion parameters: [  -0.2836836576461792 0.074512839317321777 -0.00010473000293131918 -3.555907096597366e-05 ]
	-Original image size: [ 752 , 480 ]
	-Current image size: [ 752 , 480 ]
	-Camera 1 parameters after rectification: [  456.71499633789062 456.71499633789062 364.52615356445312 257.268798828125 ]
	-Sequence FPS: 20
	-Stereo baseline: 0.11007784307003021
	-Stereo depth threshold : 60
	-Gyro noise: 0.00016999999934341758
	-Accelerometer noise: 0.0020000000949949026
	-Gyro walk: 1.9392999092815444e-05
	-Accelerometer walk: 0.0030000000260770321
	-IMU frequency: 200
	-Features per image: 1200
	-ORB scale factor: 1.2000000476837158
	-ORB number of scales: 8
	-Initial FAST threshold: 20
	-Min FAST threshold: 7


Loading ORB Vocabulary. This could take a while...
Vocabulary loaded!

Initialization of Atlas from scratch 
Creation of new map with id: 0
Creation of new map with last KF id: 0
Seq. Name: 
There are 1 cameras in the atlas
Camera 0 is pinhole
SLAM Started at System Time: 1732012684.02641
not IMU meas
not IMU meas
not enough acceleration
not enough acceleration
First KF:0; Map init KF:0
New Map created with 251 points
Active map: 0
Not enough motion for initializing. Reseting...
TRACK: Reset map because local mapper set the bad imu flag 
LM: Active map reset recieved
LM: Active map reset, waiting...
LM: Reseting current map in Local Mapping...
LM: End reseting Local Mapping...
LM: Reset free the mutex
LM: Active map reset, Done!!!
mnFirstFrameId = 4
mnInitialFrameId = 0
53 Frames set to lost
not IMU meas
Dropping frame 1403637133.4883189
First KF:11; Map init KF:0
New Map created with 272 points
Active map: 0
Dropping frame 1403637133.7383192
Dropping frame 1403637134.0883191
Dropping frame 1403637134.4883189
Dropping frame 1403637134.7883189
Dropping frame 1403637135.0883191
Dropping frame 1403637135.188319
Dropping frame 1403637135.3383191
Dropping frame 1403637136.2383192
Dropping frame 1403637136.4883189
Dropping frame 1403637136.638319
Dropping frame 1403637136.8383191
Dropping frame 1403637136.9383192
Dropping frame 1403637137.188319
Dropping frame 1403637137.4883189
Dropping frame 1403637138.0383191
Dropping frame 1403637138.3383191
Dropping frame 1403637138.5383191
Dropping frame 1403637138.638319
start VIBA 1
end VIBA 1
Dropping frame 1403637138.9383192
Dropping frame 1403637139.0383191
Dropping frame 1403637139.2383192
Dropping frame 1403637139.4383192
Dropping frame 1403637139.5383191
Not enough motion for initializing. Reseting...
TRACK: Reset map because local mapper set the bad imu flag 
LM: Reseting current map in Local Mapping...
LM: End reseting Local Mapping...
LM: Reset free the mutex
LM: Active map reset recieved
LM: Active map reset, waiting...
LM: Reseting current map in Local Mapping...
LM: End reseting Local Mapping...
LM: Reset free the mutex
LM: Active map reset, Done!!!
mnFirstFrameId = 59
mnInitialFrameId = 57
160 Frames set to lost
not IMU meas
not enough acceleration
Dropping frame 1403637140.188319
First KF:38; Map init KF:11
New Map created with 267 points
Active map: 0
Dropping frame 1403637140.5383191
Dropping frame 1403637140.638319
Dropping frame 1403637140.7383192
Dropping frame 1403637140.9383192
Dropping frame 1403637141.138319
Dropping frame 1403637141.2383192
Dropping frame 1403637141.5883191
Dropping frame 1403637141.7883189
Dropping frame 1403637141.9383192
Not enough motion for initializing. Reseting...
TRACK: Reset map because local mapper set the bad imu flag 
LM: Active map reset recieved
LM: Active map reset, waiting...
LM: Reseting current map in Local Mapping...
LM: End reseting Local Mapping...
LM: Reset free the mutex
LM: Active map reset, Done!!!
mnFirstFrameId = 169
mnInitialFrameId = 166
210 Frames set to lost
not IMU meas
Dropping frame 1403637143.2883189
not enough acceleration
not enough acceleration
not enough acceleration
not enough acceleration
not enough acceleration
not enough acceleration
not enough acceleration
not enough acceleration
not enough acceleration
not enough acceleration
not enough acceleration
not enough acceleration
not enough acceleration
not enough acceleration
not enough acceleration
not enough acceleration
not enough acceleration
not enough acceleration
not enough acceleration
not enough acceleration
not enough acceleration
not enough acceleration
not enough acceleration
not enough acceleration
not enough acceleration
not enough acceleration
First KF:49; Map init KF:38
New Map created with 286 points
Active map: 0
Dropping frame 1403637145.0383191
Dropping frame 1403637146.7883189
Not enough motion for initializing. Reseting...
TRACK: Reset map because local mapper set the bad imu flag 
LM: Reseting current map in Local Mapping...
LM: End reseting Local Mapping...
LM: Reset free the mutex
LM: Active map reset recieved
LM: Active map reset, waiting...
LM: Reseting current map in Local Mapping...
LM: End reseting Local Mapping...
LM: Reset free the mutex
LM: Active map reset, Done!!!
mnFirstFrameId = 247
mnInitialFrameId = 219
264 Frames set to lost
not IMU meas
not enough acceleration
not enough acceleration
not enough acceleration
not enough acceleration
not enough acceleration
not enough acceleration
not enough acceleration
not enough acceleration
not enough acceleration
not enough acceleration
not enough acceleration
not enough acceleration
not enough acceleration
not enough acceleration
not enough acceleration
not enough acceleration
Dropping frame 1403637148.3383191
not enough acceleration
not enough acceleration
not enough acceleration
not enough acceleration
not enough acceleration
not enough acceleration
not enough acceleration
not enough acceleration
not enough acceleration
not enough acceleration
not enough acceleration
not enough acceleration
not enough acceleration
not enough acceleration
not enough acceleration
not enough acceleration
not enough acceleration
not enough acceleration
not enough acceleration
not enough acceleration
not enough acceleration
not enough acceleration
not enough acceleration
not enough acceleration
not enough acceleration
not enough acceleration
not enough acceleration
First KF:60; Map init KF:49
New Map created with 230 points
Active map: 0
Dropping frame 1403637151.2883189
Dropping frame 1403637153.688319
Dropping frame 1403637154.5383191
Dropping frame 1403637154.688319
Dropping frame 1403637154.888319
start VIBA 1
end VIBA 1
Dropping frame 1403637155.188319
Dropping frame 1403637155.5383191
Dropping frame 1403637155.638319
Dropping frame 1403637155.7883189
Dropping frame 1403637155.9383192
Dropping frame 1403637156.0383191
Dropping frame 1403637156.2383192
Dropping frame 1403637156.3383191
Dropping frame 1403637156.5383191
Dropping frame 1403637156.638319
Dropping frame 1403637156.7383192
Dropping frame 1403637156.8383191
Dropping frame 1403637156.9383192
Dropping frame 1403637157.138319
Dropping frame 1403637157.2883189
Dropping frame 1403637157.388319
Dropping frame 1403637157.5383191
Dropping frame 1403637157.638319
Dropping frame 1403637157.7383192
Dropping frame 1403637157.9383192
Dropping frame 1403637158.0383191
Dropping frame 1403637158.138319
Dropping frame 1403637158.2383192
Dropping frame 1403637158.4383192
Dropping frame 1403637158.5383191
Dropping frame 1403637158.638319
Dropping frame 1403637158.7383192
Dropping frame 1403637158.8383191
Dropping frame 1403637158.9383192
Dropping frame 1403637159.138319
Dropping frame 1403637159.2883189
Dropping frame 1403637159.4883189
Dropping frame 1403637159.5883191
Dropping frame 1403637159.7383192
Dropping frame 1403637159.8383191
Dropping frame 1403637159.9383192
Dropping frame 1403637160.0883191
Dropping frame 1403637160.188319
Dropping frame 1403637160.2883189
Dropping frame 1403637160.388319
Dropping frame 1403637160.4883189
Dropping frame 1403637160.5883191
Dropping frame 1403637160.688319
Dropping frame 1403637160.7883189
Dropping frame 1403637160.888319
Dropping frame 1403637161.0883191
Dropping frame 1403637161.188319
Dropping frame 1403637161.388319
Dropping frame 1403637161.4883189
Dropping frame 1403637161.5883191
Dropping frame 1403637161.7883189
Dropping frame 1403637161.888319
Dropping frame 1403637162.0383191
Dropping frame 1403637162.2883189
Dropping frame 1403637162.388319
Dropping frame 1403637162.4883189
Dropping frame 1403637162.5883191
Dropping frame 1403637162.7383192
Dropping frame 1403637163.0883191
Dropping frame 1403637163.188319
Dropping frame 1403637163.388319
Dropping frame 1403637163.4883189
Dropping frame 1403637163.688319
Dropping frame 1403637163.888319
Dropping frame 1403637163.9883189
Dropping frame 1403637164.2383192
Dropping frame 1403637164.4383192
Dropping frame 1403637164.5383191
Dropping frame 1403637164.638319
Dropping frame 1403637164.8383191
Dropping frame 1403637165.0383191
start VIBA 2
Dropping frame 1403637165.2383192
end VIBA 2
Dropping frame 1403637165.4383192
Dropping frame 1403637165.638319
Dropping frame 1403637165.7383192
Dropping frame 1403637165.8383191
Dropping frame 1403637166.0883191
Dropping frame 1403637166.2883189
Dropping frame 1403637166.4883189
Dropping frame 1403637166.5883191
Dropping frame 1403637166.7883189
Dropping frame 1403637167.138319
Dropping frame 1403637167.2383192
Dropping frame 1403637167.4883189
Dropping frame 1403637167.688319
Dropping frame 1403637167.888319
Dropping frame 1403637168.0883191
Dropping frame 1403637168.188319
Dropping frame 1403637168.2883189
Dropping frame 1403637168.4883189
Dropping frame 1403637168.688319
Dropping frame 1403637168.888319
Dropping frame 1403637169.0883191
Dropping frame 1403637169.2883189
Dropping frame 1403637169.4883189
Dropping frame 1403637169.5883191
Dropping frame 1403637169.8383191
Dropping frame 1403637169.9383192
Dropping frame 1403637170.138319
Dropping frame 1403637170.2383192
Dropping frame 1403637170.3383191
Dropping frame 1403637170.5383191
Dropping frame 1403637170.7383192
Dropping frame 1403637170.9883189
Dropping frame 1403637171.188319
Dropping frame 1403637171.388319
Dropping frame 1403637171.4883189
Dropping frame 1403637171.8383191
Dropping frame 1403637172.0383191
Dropping frame 1403637172.2383192
Dropping frame 1403637172.4383192
Dropping frame 1403637172.638319
Dropping frame 1403637172.9883189
Dropping frame 1403637173.188319
Dropping frame 1403637173.2883189
Dropping frame 1403637173.388319
Dropping frame 1403637173.5883191
Dropping frame 1403637173.7883189
Dropping frame 1403637173.888319
Dropping frame 1403637174.138319
Dropping frame 1403637174.3383191
Dropping frame 1403637174.5383191
Dropping frame 1403637174.638319
Dropping frame 1403637174.888319
Dropping frame 1403637175.0883191
Dropping frame 1403637175.388319
Dropping frame 1403637175.688319
Dropping frame 1403637175.888319
Dropping frame 1403637176.0883191
Dropping frame 1403637176.2883189
Dropping frame 1403637176.388319
Dropping frame 1403637176.5883191
Dropping frame 1403637176.688319
Dropping frame 1403637176.888319
Dropping frame 1403637177.138319
Dropping frame 1403637177.3383191
Dropping frame 1403637177.4383192
Dropping frame 1403637177.688319
Dropping frame 1403637177.888319
Dropping frame 1403637178.0383191
Dropping frame 1403637178.2383192
Dropping frame 1403637178.388319
Dropping frame 1403637178.5883191
Dropping frame 1403637178.7883189
Dropping frame 1403637178.888319
Dropping frame 1403637179.188319
Dropping frame 1403637179.2883189
Dropping frame 1403637179.5383191
Dropping frame 1403637179.7383192
Dropping frame 1403637179.9383192
Dropping frame 1403637180.0383191
Dropping frame 1403637180.2883189
Dropping frame 1403637181.188319
Dropping frame 1403637181.5383191
Dropping frame 1403637181.8383191
Dropping frame 1403637182.138319
Dropping frame 1403637182.638319
Dropping frame 1403637182.8383191
Dropping frame 1403637182.9383192
Dropping frame 1403637183.0383191
Dropping frame 1403637183.2383192
Dropping frame 1403637183.4383192
Dropping frame 1403637183.5383191
Dropping frame 1403637183.7883189
Dropping frame 1403637183.9883189
Dropping frame 1403637184.388319
Dropping frame 1403637184.638319
Dropping frame 1403637184.7383192
Dropping frame 1403637185.0383191
Dropping frame 1403637185.138319
Dropping frame 1403637185.3383191
Dropping frame 1403637185.5383191
Dropping frame 1403637185.9883189
Dropping frame 1403637186.0883191
Dropping frame 1403637186.3383191
Dropping frame 1403637186.4383192
Dropping frame 1403637186.688319
Dropping frame 1403637186.9883189
Dropping frame 1403637187.0883191
Dropping frame 1403637187.3383191
Dropping frame 1403637187.638319
Dropping frame 1403637187.8383191
Dropping frame 1403637187.9383192
Dropping frame 1403637188.0383191
Dropping frame 1403637188.138319
Dropping frame 1403637188.3383191
Dropping frame 1403637188.5383191
Dropping frame 1403637188.638319
Dropping frame 1403637188.888319
Dropping frame 1403637189.0883191
Dropping frame 1403637189.2883189
Dropping frame 1403637189.5883191
Dropping frame 1403637189.888319
Dropping frame 1403637189.9883189
Dropping frame 1403637190.2883189
Dropping frame 1403637190.5883191
Dropping frame 1403637190.688319
Dropping frame 1403637190.7883189
Dropping frame 1403637190.9883189
Dropping frame 1403637191.2383192
Dropping frame 1403637191.3383191
Dropping frame 1403637191.688319
Dropping frame 1403637191.7883189
Dropping frame 1403637191.888319
Dropping frame 1403637192.0883191
Dropping frame 1403637192.188319
Dropping frame 1403637192.4383192
Dropping frame 1403637192.5383191
Dropping frame 1403637192.7883189
Dropping frame 1403637192.888319
Dropping frame 1403637193.138319
Dropping frame 1403637193.8383191
Dropping frame 1403637194.0383191
Dropping frame 1403637194.2383192
Dropping frame 1403637194.5383191
Dropping frame 1403637194.638319
Dropping frame 1403637194.7383192
Dropping frame 1403637195.0883191
Dropping frame 1403637195.188319
Dropping frame 1403637195.4883189
Dropping frame 1403637195.5883191
Dropping frame 1403637195.8383191
Dropping frame 1403637195.9883189
Dropping frame 1403637196.188319
Dropping frame 1403637196.388319
Dropping frame 1403637196.4883189
Dropping frame 1403637196.5883191
Dropping frame 1403637196.8383191
Dropping frame 1403637196.9383192
Dropping frame 1403637197.0383191
Dropping frame 1403637197.2383192
Dropping frame 1403637197.3383191
Dropping frame 1403637197.4383192
Dropping frame 1403637197.5383191
Dropping frame 1403637197.7883189
Dropping frame 1403637197.888319
Dropping frame 1403637197.9883189
Dropping frame 1403637198.0883191
Dropping frame 1403637198.188319
Dropping frame 1403637198.388319
Dropping frame 1403637198.4883189
Dropping frame 1403637198.5883191
Dropping frame 1403637198.7883189
Dropping frame 1403637198.888319
Dropping frame 1403637199.188319
Dropping frame 1403637199.2883189
Dropping frame 1403637199.7383192
Dropping frame 1403637200.0883191
Dropping frame 1403637200.2383192
Dropping frame 1403637200.4383192
Dropping frame 1403637200.5383191
Dropping frame 1403637200.638319
Dropping frame 1403637200.7383192
Dropping frame 1403637200.9383192
Dropping frame 1403637201.0383191
Dropping frame 1403637201.138319
Dropping frame 1403637201.3383191
Dropping frame 1403637201.5883191
Dropping frame 1403637201.688319
Dropping frame 1403637201.7883189
Dropping frame 1403637201.9883189
Dropping frame 1403637202.0883191
Dropping frame 1403637202.188319
Dropping frame 1403637202.388319
Dropping frame 1403637202.4883189
Dropping frame 1403637202.688319
Dropping frame 1403637202.7883189
Dropping frame 1403637203.0383191
Dropping frame 1403637203.138319
Dropping frame 1403637203.3383191
Dropping frame 1403637203.638319
Dropping frame 1403637203.7383192
Dropping frame 1403637203.8383191
Dropping frame 1403637204.0383191
Dropping frame 1403637204.2383192
Dropping frame 1403637204.3383191
Dropping frame 1403637204.4383192
Dropping frame 1403637204.5383191
Dropping frame 1403637204.638319
Dropping frame 1403637204.8383191
Dropping frame 1403637205.0383191
Dropping frame 1403637205.138319
Dropping frame 1403637205.2383192
Dropping frame 1403637205.3383191
Dropping frame 1403637205.5383191
Dropping frame 1403637205.638319
Dropping frame 1403637205.7383192
Dropping frame 1403637205.9383192
Dropping frame 1403637206.0383191
Dropping frame 1403637206.138319
Dropping frame 1403637206.3383191
Dropping frame 1403637206.5383191
Dropping frame 1403637206.7383192
Dropping frame 1403637206.9383192
Dropping frame 1403637207.0383191
Dropping frame 1403637207.188319
Dropping frame 1403637207.2883189
Dropping frame 1403637207.4383192
Dropping frame 1403637207.5383191
Dropping frame 1403637207.638319
Dropping frame 1403637207.7383192
Dropping frame 1403637207.9383192
Dropping frame 1403637208.0383191
Dropping frame 1403637208.138319
Dropping frame 1403637208.4383192
Dropping frame 1403637208.5383191
Dropping frame 1403637208.638319
Dropping frame 1403637208.8383191
Dropping frame 1403637209.0383191
Dropping frame 1403637209.138319
Dropping frame 1403637209.2383192
Dropping frame 1403637209.3383191
Dropping frame 1403637209.5883191
Dropping frame 1403637209.688319
Dropping frame 1403637209.7883189
Dropping frame 1403637209.888319
Dropping frame 1403637209.9883189
Dropping frame 1403637210.188319
Dropping frame 1403637210.2883189
Dropping frame 1403637210.388319
Dropping frame 1403637210.4883189
Dropping frame 1403637210.638319
Dropping frame 1403637210.7383192
Dropping frame 1403637210.8383191
Dropping frame 1403637211.0883191
Dropping frame 1403637211.188319
Dropping frame 1403637211.2883189
Dropping frame 1403637211.4883189
Dropping frame 1403637211.688319
Dropping frame 1403637211.888319
Dropping frame 1403637211.9883189
Dropping frame 1403637212.0883191
Dropping frame 1403637212.2883189
Dropping frame 1403637212.388319
Dropping frame 1403637212.4883189
Dropping frame 1403637212.688319
Dropping frame 1403637212.888319
Dropping frame 1403637212.9883189
Dropping frame 1403637213.0883191
Dropping frame 1403637213.188319
Dropping frame 1403637213.388319
Dropping frame 1403637213.4883189
Dropping frame 1403637214.188319
Dropping frame 1403637214.2883189
Dropping frame 1403637214.388319
Dropping frame 1403637214.4883189
Dropping frame 1403637214.688319
Dropping frame 1403637214.888319
Dropping frame 1403637214.9883189
Dropping frame 1403637215.0883191
Dropping frame 1403637215.188319
Dropping frame 1403637215.2883189
Dropping frame 1403637215.4883189
Dropping frame 1403637215.688319
Dropping frame 1403637215.7883189
Dropping frame 1403637215.888319
Dropping frame 1403637216.0883191
Dropping frame 1403637216.188319
Dropping frame 1403637216.2883189
Dropping frame 1403637216.4883189
Dropping frame 1403637216.5883191
Dropping frame 1403637216.688319
Dropping frame 1403637216.7883189
Dropping frame 1403637216.9383192
Dropping frame 1403637217.0383191
Dropping frame 1403637217.138319
Dropping frame 1403637217.3383191
Dropping frame 1403637217.5383191
Dropping frame 1403637217.638319
Dropping frame 1403637217.7383192
Dropping frame 1403637217.9883189
Dropping frame 1403637218.188319
Dropping frame 1403637218.2883189
Dropping frame 1403637218.388319
Dropping frame 1403637218.4883189
Dropping frame 1403637218.688319
Dropping frame 1403637218.7883189
Dropping frame 1403637218.888319
Dropping frame 1403637218.9883189
Dropping frame 1403637219.0883191
Dropping frame 1403637219.2883189
Dropping frame 1403637219.4883189
Dropping frame 1403637219.5883191
Dropping frame 1403637219.688319
Dropping frame 1403637219.7883189
Dropping frame 1403637219.9883189
Dropping frame 1403637220.0883191
Dropping frame 1403637220.188319
Dropping frame 1403637220.2883189
Dropping frame 1403637220.5383191
Dropping frame 1403637220.638319
Dropping frame 1403637220.7383192
Dropping frame 1403637220.9383192
Dropping frame 1403637221.138319
Dropping frame 1403637221.3383191
Dropping frame 1403637221.5383191
Dropping frame 1403637221.638319
Dropping frame 1403637221.7383192
Dropping frame 1403637221.9383192
Dropping frame 1403637222.0383191
Dropping frame 1403637222.138319
Dropping frame 1403637222.3383191
Dropping frame 1403637222.5383191
Dropping frame 1403637222.638319
Dropping frame 1403637222.7883189
Dropping frame 1403637222.9883189
Dropping frame 1403637223.0883191
Dropping frame 1403637223.188319
Dropping frame 1403637223.388319
Dropping frame 1403637223.4883189
Dropping frame 1403637223.5883191
Dropping frame 1403637223.7883189
Dropping frame 1403637223.888319
Dropping frame 1403637223.9883189
Dropping frame 1403637224.0883191
Dropping frame 1403637224.3383191
Dropping frame 1403637224.4383192
Dropping frame 1403637224.5383191
Dropping frame 1403637224.638319
Dropping frame 1403637224.7383192
Dropping frame 1403637224.9383192
Dropping frame 1403637225.138319
Dropping frame 1403637225.2383192
Dropping frame 1403637225.3383191
Dropping frame 1403637225.4383192
Dropping frame 1403637225.5383191
Dropping frame 1403637225.7383192
Dropping frame 1403637225.8383191
Dropping frame 1403637225.9383192
Dropping frame 1403637226.0383191
Dropping frame 1403637226.2883189
Dropping frame 1403637226.4883189
Dropping frame 1403637226.688319
Dropping frame 1403637226.8383191
Dropping frame 1403637227.0383191
Dropping frame 1403637227.138319
Dropping frame 1403637227.2383192
Dropping frame 1403637227.4883189
Dropping frame 1403637227.688319
Dropping frame 1403637227.7883189
Dropping frame 1403637227.888319
Dropping frame 1403637227.9883189
Dropping frame 1403637228.2883189
Dropping frame 1403637228.4883189
Dropping frame 1403637228.688319
Dropping frame 1403637228.8383191
Dropping frame 1403637229.0383191
Dropping frame 1403637229.2383192
Dropping frame 1403637229.3383191
Dropping frame 1403637229.4883189
Dropping frame 1403637229.688319
Dropping frame 1403637229.888319
Dropping frame 1403637229.9883189
Dropping frame 1403637230.0883191
Dropping frame 1403637230.3383191
Dropping frame 1403637230.5383191
Dropping frame 1403637230.638319
Dropping frame 1403637231.4383192
Dropping frame 1403637231.7383192
Dropping frame 1403637231.8383191
Dropping frame 1403637232.0883191
Dropping frame 1403637232.2383192
Dropping frame 1403637232.4883189
Dropping frame 1403637232.5883191
Dropping frame 1403637232.7383192
Dropping frame 1403637232.9383192
Dropping frame 1403637233.138319
Dropping frame 1403637233.3383191
Dropping frame 1403637233.4383192
Dropping frame 1403637233.5883191
Dropping frame 1403637233.888319
Dropping frame 1403637234.0883191
Dropping frame 1403637234.188319
Dropping frame 1403637234.388319
Dropping frame 1403637234.5883191
Dropping frame 1403637234.7883189
Dropping frame 1403637234.888319
Dropping frame 1403637235.188319
Dropping frame 1403637235.2883189
Dropping frame 1403637235.4883189
Dropping frame 1403637235.5883191
Dropping frame 1403637235.8383191
Dropping frame 1403637235.9383192
Dropping frame 1403637236.188319
Dropping frame 1403637236.388319
Dropping frame 1403637236.5883191
Dropping frame 1403637236.7883189
Dropping frame 1403637236.9883189
Dropping frame 1403637237.3383191
Dropping frame 1403637237.4383192
Dropping frame 1403637237.688319
Dropping frame 1403637237.888319
Dropping frame 1403637238.0883191
Dropping frame 1403637238.2883189
Dropping frame 1403637238.388319
Dropping frame 1403637238.4883189
Dropping frame 1403637238.7383192
Dropping frame 1403637238.9383192
Dropping frame 1403637239.138319
Dropping frame 1403637239.3383191
Dropping frame 1403637239.5383191
Dropping frame 1403637239.638319
Dropping frame 1403637239.7383192
Dropping frame 1403637239.9383192
Dropping frame 1403637240.5383191
Dropping frame 1403637240.7383192
Dropping frame 1403637241.138319
Dropping frame 1403637241.3383191
Dropping frame 1403637241.5383191
Dropping frame 1403637241.7883189
Dropping frame 1403637241.9883189
Dropping frame 1403637242.0883191
Dropping frame 1403637242.4883189
Dropping frame 1403637242.8383191
Dropping frame 1403637243.0383191
Dropping frame 1403637243.2383192
Dropping frame 1403637243.4383192
Dropping frame 1403637243.638319
Dropping frame 1403637243.7383192
Dropping frame 1403637243.9883189
Dropping frame 1403637244.188319
Dropping frame 1403637244.388319
Dropping frame 1403637244.4883189
Dropping frame 1403637244.5883191
Dropping frame 1403637244.7883189
Dropping frame 1403637244.888319
Dropping frame 1403637244.9883189
Dropping frame 1403637245.0883191
Dropping frame 1403637245.2883189
Dropping frame 1403637245.4883189
Dropping frame 1403637245.688319
Dropping frame 1403637245.7883189
Dropping frame 1403637246.0383191
Dropping frame 1403637246.2383192
Dropping frame 1403637246.4383192
Dropping frame 1403637246.5383191
Dropping frame 1403637246.638319
Dropping frame 1403637246.8383191
Dropping frame 1403637247.0383191
Dropping frame 1403637247.138319
Dropping frame 1403637247.2383192
Dropping frame 1403637247.4383192
Dropping frame 1403637247.638319
Dropping frame 1403637247.7383192
Dropping frame 1403637247.8383191
Dropping frame 1403637247.9383192
Dropping frame 1403637248.138319
Dropping frame 1403637248.3383191
Dropping frame 1403637248.4383192
Dropping frame 1403637248.5383191
Dropping frame 1403637248.7383192
Dropping frame 1403637248.8383191
Dropping frame 1403637248.9383192
Dropping frame 1403637249.0383191
Dropping frame 1403637249.138319
Dropping frame 1403637249.3383191
Dropping frame 1403637249.5383191
Dropping frame 1403637249.7383192
Dropping frame 1403637250.0383191
Dropping frame 1403637250.138319
Dropping frame 1403637250.2383192
Dropping frame 1403637250.4383192
Dropping frame 1403637250.638319
Dropping frame 1403637250.8383191
Dropping frame 1403637251.0383191
Dropping frame 1403637251.2383192
Dropping frame 1403637251.3383191
Dropping frame 1403637251.4383192
Dropping frame 1403637251.638319
Dropping frame 1403637251.7383192
Dropping frame 1403637251.8383191
Dropping frame 1403637252.0383191
Dropping frame 1403637252.2383192
Dropping frame 1403637252.4383192
Dropping frame 1403637252.638319
Dropping frame 1403637252.7383192
Dropping frame 1403637252.8383191
Dropping frame 1403637253.0383191
Dropping frame 1403637253.2383192
Dropping frame 1403637253.4383192
Dropping frame 1403637253.5383191
Dropping frame 1403637253.7883189
Dropping frame 1403637253.9883189
Dropping frame 1403637254.188319
Dropping frame 1403637254.2883189
Dropping frame 1403637254.388319
Dropping frame 1403637254.5883191
Dropping frame 1403637254.688319
Dropping frame 1403637254.7883189
Dropping frame 1403637254.9883189
Dropping frame 1403637255.0883191
Dropping frame 1403637255.188319
Dropping frame 1403637255.388319
Dropping frame 1403637255.4883189
Dropping frame 1403637255.5883191
Dropping frame 1403637255.7883189
Dropping frame 1403637255.9883189
Dropping frame 1403637256.0883191
Dropping frame 1403637256.2883189
Dropping frame 1403637256.4883189
Dropping frame 1403637256.5883191
Dropping frame 1403637256.7883189
Dropping frame 1403637256.9883189
Dropping frame 1403637257.188319
Dropping frame 1403637257.388319
Dropping frame 1403637257.4883189
Dropping frame 1403637257.5883191
Dropping frame 1403637257.7883189
Dropping frame 1403637257.9883189
Dropping frame 1403637258.188319
Dropping frame 1403637258.2883189
Dropping frame 1403637258.388319
Dropping frame 1403637258.4883189
Dropping frame 1403637258.5883191
Dropping frame 1403637258.7883189
Dropping frame 1403637258.9883189
Dropping frame 1403637259.188319
Dropping frame 1403637259.2883189
Dropping frame 1403637259.388319
Dropping frame 1403637259.5883191
Dropping frame 1403637259.688319
Dropping frame 1403637259.7883189
Dropping frame 1403637259.9883189
Dropping frame 1403637260.188319
Dropping frame 1403637260.388319
Dropping frame 1403637260.5883191
Dropping frame 1403637260.688319
Dropping frame 1403637260.7883189
Dropping frame 1403637260.888319
Dropping frame 1403637261.0883191
Dropping frame 1403637261.2883189
Dropping frame 1403637261.4883189
Dropping frame 1403637261.688319
Dropping frame 1403637261.888319
Dropping frame 1403637261.9883189
Dropping frame 1403637262.0883191
Dropping frame 1403637262.2883189
Dropping frame 1403637262.4883189
Dropping frame 1403637262.688319
Dropping frame 1403637262.888319
Dropping frame 1403637262.9883189
Dropping frame 1403637263.188319
Dropping frame 1403637263.388319
Dropping frame 1403637263.5883191
Dropping frame 1403637263.688319
Dropping frame 1403637263.7883189
Dropping frame 1403637263.888319
Dropping frame 1403637264.0883191
Dropping frame 1403637264.2883189
Dropping frame 1403637264.4883189
Dropping frame 1403637264.5883191
Dropping frame 1403637264.8383191
Dropping frame 1403637264.9383192
Shutdown
SLAM Finished at System Time: 1732012848.85207

 TIME STATS in ms (mean$\pm$std)
OpenCV version: 4.8.1
---------------------------
Tracking

ORB Extraction: 19.561$\pm$2.6737
Stereo Matching: 7.7533$\pm$1.9392
IMU Preintegration: 0.23693$\pm$0.090345
Pose Prediction: 0.7939$\pm$1.899
LM Track: 18.705$\pm$6.5152
New KF decision: 1.4895$\pm$2.6899
Total Tracking: 31.145$\pm$26.808



Local Mapping

KF Insertion: 15.19$\pm$5.7828
MP Culling: 0.59182$\pm$0.26605
MP Creation: 46.657$\pm$19.275
LBA: 157.84$\pm$66.998
KF Culling: 15.179$\pm$10.339
Total Local Mapping: 233.14$\pm$94.155
---------------------------

LBA complexity (mean$\pm$std)
LBA Edges: 1677.6$\pm$611.75
LBA KF optimized: 6.5$\pm$2.2913
LBA KF fixed: 1$\pm$0
LBA MP: nan$\pm$nan

LBA executions: 441
LBA aborts: 0
---------------------------

Map complexity
KFs in map: 145
MPs in map: 11145
---------------------------

Place Recognition (mean$\pm$std)
Database Query: 2.2198$\pm$1.1578
SE3 estimation: 28.239$\pm$15.725
Total Place Recognition: 22.779$\pm$19.487


Loop Closing (mean$\pm$std)
Loop Fusion: nan$\pm$nan
Essential Graph: nan$\pm$nan
Total Loop Closing: nan$\pm$nan

Num exec: 0
Number of KFs: nan$\pm$nan

Map Merging (mean$\pm$std)
Merge Maps: nan$\pm$nan
Welding BA: nan$\pm$nan
Optimization Ess.: nan$\pm$nan
Total Map Merging: nan$\pm$nan

Num exec: 0
Number of KFs: nan$\pm$nan
Number of MPs: nan$\pm$nan

Full GBA (mean$\pm$std)
GBA: nan$\pm$nan
Map Update: nan$\pm$nan
Total Full GBA: nan$\pm$nan

Num exec: 0
Num abort: 0
Number of KFs: nan$\pm$nan
Number of MPs: nan$\pm$nan

Saving trajectory to f_dataset-MH03_stereo_imu.txt ...
There are 1 maps in the atlas
  Map 0 has 145 KFs

End of saving trajectory to f_dataset-MH03_stereo_imu.txt ...

Saving keyframe trajectory to kf_dataset-MH03_stereo_imu.txt ...
