num_seq = 1
file name: dataset-MH05_stereo_imu
Loading images for sequence 0...LOADED!
Loading IMU for sequence 0...LOADED!

-------

ORB-SLAM3 Copyright (C) 2017-2020 Carlos Campos, Richard Elvira, Juan J. Gómez, José M.M. Montiel and Juan D. Tardós, University of Zaragoza.
ORB-SLAM2 Copyright (C) 2014-2016 Raúl Mur-Artal, José M.M. Montiel and Juan D. Tardós, University of Zaragoza.
This program comes with ABSOLUTELY NO WARRANTY;
This is free software, and you are welcome to redistribute it
under certain conditions. See LICENSE.txt.

Built with REGISTER_TIMES
Git Commit Hash: 5ee9387

Compiled with C++ version: 201703

Input sensor was set to: Stereo-Inertial
Loading settings from ./Examples/Stereo-Inertial/EuRoC_fov_deadlines_mask_8x8.yaml
	-Loaded camera 1
	-Loaded camera 2
	-Loaded image info
	-Loaded IMU calibration
	-Loaded ORB settings
	-Loaded viewer settings
	-Loaded Atlas settings
Deadlines enabled, will skip frames!
FOV enabled
Static mask size: 8x8
Dumping map points enabled
	-Loaded misc parameters
	-Computed rectification maps
----------------------------------
SLAM settings: 
	-Camera 1 parameters (Pinhole): [ 458.65399169921875 457.29598999023438 367.21499633789062 248.375 ]
	-Camera 1 distortion parameters: [  -0.28340810537338257 0.073959067463874817 0.00019359000725671649 1.7618711353861727e-05 ]
	-Camera 2 parameters (Pinhole: [ 457.58700561523438 456.13400268554688 379.99899291992188 255.23800659179688 ]
	-Camera 1 distortion parameters: [  -0.2836836576461792 0.074512839317321777 -0.00010473000293131918 -3.555907096597366e-05 ]
	-Original image size: [ 752 , 480 ]
	-Current image size: [ 752 , 480 ]
	-Camera 1 parameters after rectification: [  456.71499633789062 456.71499633789062 364.52615356445312 257.268798828125 ]
	-Sequence FPS: 20
	-Stereo baseline: 0.11007784307003021
	-Stereo depth threshold : 60
	-Gyro noise: 0.00016999999934341758
	-Accelerometer noise: 0.0020000000949949026
	-Gyro walk: 1.9392999092815444e-05
	-Accelerometer walk: 0.0030000000260770321
	-IMU frequency: 200
	-Features per image: 1200
	-ORB scale factor: 1.2000000476837158
	-ORB number of scales: 8
	-Initial FAST threshold: 20
	-Min FAST threshold: 7


Loading ORB Vocabulary. This could take a while...
Vocabulary loaded!

Initialization of Atlas from scratch 
Creation of new map with id: 0
Creation of new map with last KF id: 0
Seq. Name: 
There are 1 cameras in the atlas
Camera 0 is pinhole
SLAM Started at System Time: 1734434362.82581
not IMU meas
not IMU meas
not enough acceleration
not enough acceleration
not enough acceleration
not enough acceleration
not enough acceleration
not enough acceleration
not enough acceleration
not enough acceleration
not enough acceleration
not enough acceleration
not enough acceleration
not enough acceleration
not enough acceleration
not enough acceleration
not enough acceleration
not enough acceleration
not enough acceleration
not enough acceleration
not enough acceleration
not enough acceleration
not enough acceleration
not enough acceleration
not enough acceleration
not enough acceleration
not enough acceleration
not enough acceleration
not enough acceleration
not enough acceleration
not enough acceleration
not enough acceleration
not enough acceleration
not enough acceleration
not enough acceleration
not enough acceleration
not enough acceleration
not enough acceleration
not enough acceleration
not enough acceleration
not enough acceleration
not enough acceleration
not enough acceleration
not enough acceleration
not enough acceleration
not enough acceleration
not enough acceleration
not enough acceleration
not enough acceleration
not enough acceleration
not enough acceleration
not enough acceleration
not enough acceleration
not enough acceleration
not enough acceleration
not enough acceleration
not enough acceleration
not enough acceleration
not enough acceleration
not enough acceleration
not enough acceleration
not enough acceleration
not enough acceleration
not enough acceleration
not enough acceleration
not enough acceleration
not enough acceleration
not enough acceleration
not enough acceleration
not enough acceleration
not enough acceleration
not enough acceleration
not enough acceleration
not enough acceleration
not enough acceleration
not enough acceleration
not enough acceleration
not enough acceleration
not enough acceleration
not enough acceleration
First KF:0; Map init KF:0
New Map created with 114 points
Active map: 0
Dropping frame 1403638522.9778295
Dropping frame 1403638523.1778293
Dropping frame 1403638523.4778295
Dropping frame 1403638523.5778294
Dropping frame 1403638523.9278295
Dropping frame 1403638525.3778293
Dropping frame 1403638525.6278296
Dropping frame 1403638526.2278295
Dropping frame 1403638526.9778295
Dropping frame 1403638527.1778293
start VIBA 1
end VIBA 1
Dropping frame 1403638527.6778293
Dropping frame 1403638529.9778295
Dropping frame 1403638530.0778294
Dropping frame 1403638530.4278295
Dropping frame 1403638530.5778294
Dropping frame 1403638531.5778294
Not enough motion for initializing. Reseting...
TRACK: Reset map because local mapper set the bad imu flag 
LM: Active map reset recieved
LM: Active map reset, waiting...
LM: Reseting current map in Local Mapping...
LM: End reseting Local Mapping...
LM: Reset free the mutex
LM: Active map reset, Done!!!
mnFirstFrameId = 80
mnInitialFrameId = 0
178 Frames set to lost
not IMU meas
not enough acceleration
not enough acceleration
not enough acceleration
Dropping frame 1403638532.0278294
not enough acceleration
not enough acceleration
not enough acceleration
not enough acceleration
not enough acceleration
not enough acceleration
not enough acceleration
not enough acceleration
not enough acceleration
not enough acceleration
not enough acceleration
not enough acceleration
not enough acceleration
not enough acceleration
not enough acceleration
not enough acceleration
not enough acceleration
not enough acceleration
not enough acceleration
not enough acceleration
not enough acceleration
not enough acceleration
not enough acceleration
not enough acceleration
not enough acceleration
not enough acceleration
not enough acceleration
not enough acceleration
not enough acceleration
Dropping frame 1403638533.5278294
not enough acceleration
not enough acceleration
not enough acceleration
not enough acceleration
not enough acceleration
not enough acceleration
not enough acceleration
not enough acceleration
not enough acceleration
not enough acceleration
not enough acceleration
not enough acceleration
not enough acceleration
not enough acceleration
not enough acceleration
not enough acceleration
not enough acceleration
not enough acceleration
not enough acceleration
not enough acceleration
not enough acceleration
not enough acceleration
not enough acceleration
not enough acceleration
not enough acceleration
not enough acceleration
not enough acceleration
not enough acceleration
not enough acceleration
not enough acceleration
not enough acceleration
not enough acceleration
not enough acceleration
not enough acceleration
not enough acceleration
not enough acceleration
not enough acceleration
not enough acceleration
not enough acceleration
not enough acceleration
not enough acceleration
not enough acceleration
not enough acceleration
not enough acceleration
not enough acceleration
not enough acceleration
not enough acceleration
not enough acceleration
not enough acceleration
not enough acceleration
not enough acceleration
not enough acceleration
not enough acceleration
not enough acceleration
not enough acceleration
not enough acceleration
not enough acceleration
not enough acceleration
not enough acceleration
not enough acceleration
not enough acceleration
not enough acceleration
not enough acceleration
not enough acceleration
not enough acceleration
not enough acceleration
not enough acceleration
not enough acceleration
not enough acceleration
not enough acceleration
not enough acceleration
not enough acceleration
not enough acceleration
not enough acceleration
not enough acceleration
not enough acceleration
not enough acceleration
not enough acceleration
not enough acceleration
not enough acceleration
not enough acceleration
not enough acceleration
not enough acceleration
not enough acceleration
not enough acceleration
not enough acceleration
not enough acceleration
not enough acceleration
not enough acceleration
not enough acceleration
not enough acceleration
not enough acceleration
not enough acceleration
not enough acceleration
not enough acceleration
not enough acceleration
not enough acceleration
not enough acceleration
not enough acceleration
not enough acceleration
not enough acceleration
not enough acceleration
not enough acceleration
not enough acceleration
First KF:38; Map init KF:0
New Map created with 154 points
Active map: 0
Dropping frame 1403638542.3778293
Dropping frame 1403638542.5278294
Dropping frame 1403638542.7278295
Dropping frame 1403638543.0278294
Dropping frame 1403638543.5278294
Dropping frame 1403638543.7778294
Dropping frame 1403638543.8778293
Dropping frame 1403638543.9778295
start VIBA 1
end VIBA 1
Dropping frame 1403638544.2778294
Dropping frame 1403638544.3778293
Dropping frame 1403638544.6778293
Dropping frame 1403638544.8778293
Dropping frame 1403638544.9778295
Dropping frame 1403638545.1778293
Dropping frame 1403638545.2778294
Dropping frame 1403638545.3778293
Dropping frame 1403638545.5778294
Dropping frame 1403638545.6778293
Dropping frame 1403638545.7778294
Dropping frame 1403638545.9278295
Dropping frame 1403638546.1278296
Dropping frame 1403638546.2778294
Dropping frame 1403638546.4778295
Dropping frame 1403638546.8278296
Dropping frame 1403638547.1778293
Dropping frame 1403638547.5778294
Dropping frame 1403638547.9278295
Dropping frame 1403638548.1278296
Dropping frame 1403638548.2278295
Dropping frame 1403638548.3278296
Dropping frame 1403638548.4278295
Dropping frame 1403638548.5278294
Dropping frame 1403638548.7278295
Dropping frame 1403638548.8278296
Dropping frame 1403638548.9278295
Dropping frame 1403638549.1278296
Dropping frame 1403638549.3278296
Dropping frame 1403638549.4278295
Dropping frame 1403638549.6778293
Dropping frame 1403638549.8778293
Dropping frame 1403638550.0778294
Dropping frame 1403638550.1778293
Dropping frame 1403638550.4278295
Dropping frame 1403638550.6278296
Dropping frame 1403638550.8278296
Dropping frame 1403638550.9278295
Dropping frame 1403638551.1278296
Dropping frame 1403638551.2278295
Dropping frame 1403638551.3278296
Dropping frame 1403638551.5278294
Dropping frame 1403638551.7778294
Dropping frame 1403638551.8778293
Dropping frame 1403638551.9778295
Dropping frame 1403638552.1778293
Dropping frame 1403638552.2778294
Dropping frame 1403638552.4278295
Dropping frame 1403638552.5278294
Dropping frame 1403638552.6278296
Dropping frame 1403638552.8278296
Dropping frame 1403638552.9278295
Dropping frame 1403638553.3278296
Dropping frame 1403638553.4278295
Dropping frame 1403638553.5278294
start VIBA 2
Dropping frame 1403638554.3278296
Dropping frame 1403638554.4278295
end VIBA 2
Dropping frame 1403638554.6778293
Dropping frame 1403638554.8778293
Dropping frame 1403638555.0778294
Dropping frame 1403638555.2778294
Dropping frame 1403638555.4778295
Dropping frame 1403638555.5778294
Dropping frame 1403638555.6778293
Dropping frame 1403638555.8778293
Dropping frame 1403638556.0778294
Dropping frame 1403638556.2778294
Dropping frame 1403638556.3778293
Dropping frame 1403638556.4778295
Dropping frame 1403638556.7278295
Dropping frame 1403638556.9778295
Dropping frame 1403638557.1778293
Dropping frame 1403638557.2778294
Dropping frame 1403638557.5778294
Dropping frame 1403638557.6778293
Dropping frame 1403638557.7778294
Dropping frame 1403638557.9778295
Dropping frame 1403638558.0778294
Dropping frame 1403638558.3278296
Dropping frame 1403638558.5278294
Dropping frame 1403638558.6778293
Dropping frame 1403638558.9278295
Dropping frame 1403638559.0278294
Dropping frame 1403638559.2778294
Dropping frame 1403638559.3778293
Dropping frame 1403638559.6278296
Dropping frame 1403638559.8278296
Dropping frame 1403638559.9278295
Dropping frame 1403638560.1778293
Dropping frame 1403638560.3778293
Dropping frame 1403638560.5778294
Dropping frame 1403638560.6778293
Dropping frame 1403638560.7778294
Dropping frame 1403638560.9778295
Dropping frame 1403638561.1278296
Dropping frame 1403638561.2278295
Dropping frame 1403638561.4278295
Dropping frame 1403638561.6278296
Dropping frame 1403638561.8278296
Dropping frame 1403638561.9778295
Dropping frame 1403638562.1778293
Dropping frame 1403638562.3778293
Dropping frame 1403638562.4778295
Dropping frame 1403638562.6778293
Dropping frame 1403638562.8778293
Dropping frame 1403638563.0778294
Dropping frame 1403638563.1778293
Dropping frame 1403638563.2778294
Dropping frame 1403638563.4778295
Dropping frame 1403638563.6778293
Dropping frame 1403638563.7778294
Dropping frame 1403638563.8778293
Dropping frame 1403638564.0278294
Dropping frame 1403638564.1278296
Dropping frame 1403638564.3778293
Dropping frame 1403638564.5778294
Dropping frame 1403638564.7778294
Dropping frame 1403638564.8778293
Dropping frame 1403638564.9778295
Dropping frame 1403638565.1778293
Dropping frame 1403638565.2778294
Dropping frame 1403638565.8778293
Dropping frame 1403638566.1278296
Dropping frame 1403638566.2278295
Dropping frame 1403638566.3278296
Dropping frame 1403638566.5278294
Dropping frame 1403638566.6278296
Dropping frame 1403638566.7278295
Dropping frame 1403638566.9278295
Dropping frame 1403638567.0278294
Dropping frame 1403638567.2778294
Dropping frame 1403638567.3778293
Dropping frame 1403638567.4778295
Dropping frame 1403638567.6778293
Dropping frame 1403638567.7778294
Dropping frame 1403638568.0278294
Dropping frame 1403638568.2278295
Dropping frame 1403638568.4278295
Dropping frame 1403638568.5278294
Dropping frame 1403638568.7778294
Dropping frame 1403638568.8778293
Dropping frame 1403638569.1278296
Dropping frame 1403638569.2278295
Dropping frame 1403638569.3278296
Dropping frame 1403638569.5278294
Dropping frame 1403638569.7278295
Dropping frame 1403638569.9278295
Dropping frame 1403638570.0278294
Dropping frame 1403638570.1778293
Dropping frame 1403638570.3778293
Dropping frame 1403638570.4778295
Dropping frame 1403638570.5778294
Dropping frame 1403638570.6778293
Dropping frame 1403638570.8778293
Dropping frame 1403638570.9778295
Dropping frame 1403638571.0778294
Dropping frame 1403638571.2778294
Dropping frame 1403638571.4778295
Dropping frame 1403638571.5778294
Dropping frame 1403638571.6778293
Dropping frame 1403638571.8278296
Dropping frame 1403638572.0278294
Dropping frame 1403638572.2278295
Dropping frame 1403638572.4278295
Dropping frame 1403638572.5778294
Dropping frame 1403638572.7778294
Dropping frame 1403638572.9778295
Dropping frame 1403638573.0778294
Dropping frame 1403638573.3778293
Dropping frame 1403638573.4778295
Dropping frame 1403638573.5778294
Dropping frame 1403638573.7778294
Dropping frame 1403638573.8778293
Dropping frame 1403638574.0778294
Dropping frame 1403638574.1778293
Dropping frame 1403638574.2778294
Dropping frame 1403638574.5278294
Dropping frame 1403638574.7278295
Dropping frame 1403638574.8278296
Dropping frame 1403638574.9278295
Dropping frame 1403638575.0278294
Dropping frame 1403638575.2278295
Dropping frame 1403638575.4278295
Dropping frame 1403638575.5278294
Dropping frame 1403638575.6278296
Dropping frame 1403638575.8778293
Dropping frame 1403638576.1778293
Dropping frame 1403638576.3778293
Dropping frame 1403638576.7278295
Dropping frame 1403638577.4278295
Dropping frame 1403638577.6278296
Dropping frame 1403638577.9278295
Dropping frame 1403638578.3278296
Dropping frame 1403638578.6778293
Dropping frame 1403638578.9278295
Dropping frame 1403638579.2278295
Dropping frame 1403638579.4778295
Dropping frame 1403638579.5778294
Dropping frame 1403638579.8278296
Dropping frame 1403638579.9278295
Dropping frame 1403638580.3278296
Dropping frame 1403638580.4278295
Dropping frame 1403638580.6778293
Dropping frame 1403638580.8278296
Dropping frame 1403638581.2778294
Dropping frame 1403638581.4778295
Dropping frame 1403638581.9278295
Dropping frame 1403638582.2278295
Dropping frame 1403638582.4278295
Dropping frame 1403638582.6278296
Dropping frame 1403638582.7278295
Dropping frame 1403638582.9278295
Dropping frame 1403638583.1278296
Dropping frame 1403638583.2278295
Dropping frame 1403638583.3278296
Dropping frame 1403638583.5778294
Dropping frame 1403638583.7278295
Dropping frame 1403638583.9278295
Dropping frame 1403638584.0278294
Dropping frame 1403638584.4278295
Dropping frame 1403638584.7278295
Dropping frame 1403638586.0278294
Dropping frame 1403638586.3778293
Dropping frame 1403638586.9778295
Dropping frame 1403638587.2778294
Dropping frame 1403638587.4778295
Dropping frame 1403638587.6278296
Dropping frame 1403638588.0278294
Dropping frame 1403638588.2278295
Dropping frame 1403638588.3778293
Dropping frame 1403638588.5778294
Dropping frame 1403638588.8278296
Dropping frame 1403638588.9278295
Dropping frame 1403638589.1778293
Dropping frame 1403638589.3278296
Dropping frame 1403638589.5278294
Dropping frame 1403638589.8278296
Dropping frame 1403638590.0278294
Dropping frame 1403638590.1278296
Dropping frame 1403638590.4278295
Dropping frame 1403638590.6278296
Dropping frame 1403638590.7278295
Dropping frame 1403638590.8778293
Dropping frame 1403638591.2278295
Dropping frame 1403638591.4278295
Dropping frame 1403638591.5278294
Dropping frame 1403638591.6278296
Dropping frame 1403638591.8278296
Dropping frame 1403638591.9278295
Dropping frame 1403638592.1778293
Dropping frame 1403638592.2778294
Dropping frame 1403638592.3778293
Dropping frame 1403638592.5778294
Dropping frame 1403638592.7778294
Dropping frame 1403638592.8778293
Dropping frame 1403638593.0778294
Dropping frame 1403638593.1778293
Dropping frame 1403638593.2778294
Dropping frame 1403638593.4778295
Dropping frame 1403638593.6778293
Dropping frame 1403638593.8778293
Dropping frame 1403638594.0778294
Dropping frame 1403638594.1778293
Dropping frame 1403638594.2778294
Dropping frame 1403638594.4778295
Dropping frame 1403638594.6778293
Dropping frame 1403638594.8778293
Dropping frame 1403638594.9778295
Dropping frame 1403638595.2278295
Dropping frame 1403638595.3278296
Dropping frame 1403638595.5778294
Dropping frame 1403638595.7778294
Dropping frame 1403638595.9778295
Dropping frame 1403638596.0778294
Dropping frame 1403638596.2778294
Dropping frame 1403638596.3778293
Dropping frame 1403638596.6778293
Dropping frame 1403638596.9278295
Dropping frame 1403638597.0278294
Dropping frame 1403638597.1278296
Dropping frame 1403638597.3278296
Dropping frame 1403638597.4278295
Dropping frame 1403638597.6278296
Dropping frame 1403638597.9778295
Dropping frame 1403638598.2278295
Dropping frame 1403638598.4278295
Dropping frame 1403638598.5278294
Dropping frame 1403638598.7278295
Dropping frame 1403638598.9278295
Dropping frame 1403638599.1278296
Dropping frame 1403638599.7278295
Dropping frame 1403638600.0278294
Dropping frame 1403638600.3778293
Dropping frame 1403638600.4778295
Dropping frame 1403638600.7778294
Dropping frame 1403638601.0778294
Dropping frame 1403638601.2778294
Dropping frame 1403638601.4778295
Dropping frame 1403638601.6778293
Dropping frame 1403638601.7778294
Dropping frame 1403638601.8778293
Dropping frame 1403638602.1278296
Dropping frame 1403638602.3778293
Dropping frame 1403638602.5778294
Dropping frame 1403638602.8278296
Dropping frame 1403638602.9278295
Dropping frame 1403638603.2278295
Dropping frame 1403638603.5778294
Dropping frame 1403638607.5778294
Dropping frame 1403638620.2278295
Dropping frame 1403638621.2278295
Dropping frame 1403638621.7278295
Dropping frame 1403638621.8278296
Dropping frame 1403638622.1778293
Dropping frame 1403638622.3778293
Dropping frame 1403638622.6778293
Dropping frame 1403638622.8778293
Dropping frame 1403638622.9778295
Dropping frame 1403638623.0778294
Dropping frame 1403638623.3278296
Dropping frame 1403638623.5278294
Dropping frame 1403638623.7278295
Dropping frame 1403638623.8278296
Dropping frame 1403638624.0778294
Dropping frame 1403638624.1778293
Dropping frame 1403638624.2778294
Dropping frame 1403638624.4778295
Dropping frame 1403638624.6778293
Dropping frame 1403638624.9778295
Dropping frame 1403638625.1778293
Dropping frame 1403638625.3778293
Dropping frame 1403638625.9278295
Dropping frame 1403638626.2278295
Dropping frame 1403638626.5278294
Dropping frame 1403638626.7278295
Dropping frame 1403638626.9278295
Dropping frame 1403638627.2278295
Dropping frame 1403638627.5778294
Dropping frame 1403638627.6778293
Dropping frame 1403638628.0278294
Dropping frame 1403638628.1778293
Dropping frame 1403638628.2778294
Dropping frame 1403638628.4778295
Dropping frame 1403638628.6778293
Dropping frame 1403638628.8278296
Dropping frame 1403638629.0778294
Dropping frame 1403638629.1778293
Dropping frame 1403638629.4278295
Dropping frame 1403638629.5278294
Dropping frame 1403638629.7778294
Dropping frame 1403638629.9778295
Dropping frame 1403638630.1278296
Dropping frame 1403638630.4778295
Dropping frame 1403638630.5778294
Dropping frame 1403638630.9278295
Dropping frame 1403638631.2778294
Dropping frame 1403638631.4778295
Shutdown
SLAM Finished at System Time: 1734434497.84241

 TIME STATS in ms (mean$\pm$std)
OpenCV version: 4.8.1
---------------------------
Tracking

ORB Extraction: 16.697$\pm$2.3096
Stereo Matching: 8.0094$\pm$1.9199
IMU Preintegration: 0.21145$\pm$0.085891
Pose Prediction: 0.41069$\pm$1.2308
LM Track: 17.921$\pm$4.6386
New KF decision: 1.0915$\pm$1.8942
Total Tracking: 33.403$\pm$22.714



Local Mapping

KF Insertion: 13.347$\pm$4.6607
MP Culling: 0.47123$\pm$0.21297
MP Creation: 42.899$\pm$14.172
LBA: 144.14$\pm$43.949
KF Culling: 10.585$\pm$7.3067
Total Local Mapping: 212.07$\pm$66.752
---------------------------

LBA complexity (mean$\pm$std)
LBA Edges: 2094.3$\pm$1084.7
LBA KF optimized: 6.5$\pm$2.2913
LBA KF fixed: 1$\pm$0
LBA MP: nan$\pm$nan

LBA executions: 404
LBA aborts: 0
---------------------------

Map complexity
KFs in map: 181
MPs in map: 14448
---------------------------

Place Recognition (mean$\pm$std)
Database Query: 2.0767$\pm$1.1535
SE3 estimation: 28.061$\pm$16.564
Total Place Recognition: 22.65$\pm$19.903


Loop Closing (mean$\pm$std)
Loop Fusion: nan$\pm$nan
Essential Graph: nan$\pm$nan
Total Loop Closing: nan$\pm$nan

Num exec: 0
Number of KFs: nan$\pm$nan

Map Merging (mean$\pm$std)
Merge Maps: nan$\pm$nan
Welding BA: nan$\pm$nan
Optimization Ess.: nan$\pm$nan
Total Map Merging: nan$\pm$nan

Num exec: 0
Number of KFs: nan$\pm$nan
Number of MPs: nan$\pm$nan

Full GBA (mean$\pm$std)
GBA: nan$\pm$nan
Map Update: nan$\pm$nan
Total Full GBA: nan$\pm$nan

Num exec: 0
Num abort: 0
Number of KFs: nan$\pm$nan
Number of MPs: nan$\pm$nan

Saving trajectory to f_dataset-MH05_stereo_imu.txt ...
There are 1 maps in the atlas
  Map 0 has 181 KFs

End of saving trajectory to f_dataset-MH05_stereo_imu.txt ...

Saving keyframe trajectory to kf_dataset-MH05_stereo_imu.txt ...
