num_seq = 1
file name: dataset-MH02_stereo_imu
Loading images for sequence 0...LOADED!
Loading IMU for sequence 0...LOADED!

-------

ORB-SLAM3 Copyright (C) 2017-2020 Carlos Campos, Richard Elvira, Juan J. Gómez, José M.M. Montiel and Juan D. Tardós, University of Zaragoza.
ORB-SLAM2 Copyright (C) 2014-2016 Raúl Mur-Artal, José M.M. Montiel and Juan D. Tardós, University of Zaragoza.
This program comes with ABSOLUTELY NO WARRANTY;
This is free software, and you are welcome to redistribute it
under certain conditions. See LICENSE.txt.

Built with REGISTER_TIMES
Git Commit Hash: 42e930e

Compiled with C++ version: 201703

Input sensor was set to: Stereo-Inertial
Loading settings from ./Examples/Stereo-Inertial/EuRoC_fov_deadlines_mask_10x10.yaml
	-Loaded camera 1
	-Loaded camera 2
	-Loaded image info
	-Loaded IMU calibration
	-Loaded ORB settings
	-Loaded viewer settings
	-Loaded Atlas settings
Deadlines enabled, will skip frames!
FOV enabled
Static mask size: 10x10
Dumping map points enabled
	-Loaded misc parameters
	-Computed rectification maps
----------------------------------
SLAM settings: 
	-Camera 1 parameters (Pinhole): [ 458.65399169921875 457.29598999023438 367.21499633789062 248.375 ]
	-Camera 1 distortion parameters: [  -0.28340810537338257 0.073959067463874817 0.00019359000725671649 1.7618711353861727e-05 ]
	-Camera 2 parameters (Pinhole: [ 457.58700561523438 456.13400268554688 379.99899291992188 255.23800659179688 ]
	-Camera 1 distortion parameters: [  -0.2836836576461792 0.074512839317321777 -0.00010473000293131918 -3.555907096597366e-05 ]
	-Original image size: [ 752 , 480 ]
	-Current image size: [ 752 , 480 ]
	-Camera 1 parameters after rectification: [  456.71499633789062 456.71499633789062 364.52615356445312 257.268798828125 ]
	-Sequence FPS: 20
	-Stereo baseline: 0.11007784307003021
	-Stereo depth threshold : 60
	-Gyro noise: 0.00016999999934341758
	-Accelerometer noise: 0.0020000000949949026
	-Gyro walk: 1.9392999092815444e-05
	-Accelerometer walk: 0.0030000000260770321
	-IMU frequency: 200
	-Features per image: 1200
	-ORB scale factor: 1.2000000476837158
	-ORB number of scales: 8
	-Initial FAST threshold: 20
	-Min FAST threshold: 7


Loading ORB Vocabulary. This could take a while...
Vocabulary loaded!

Initialization of Atlas from scratch 
Creation of new map with id: 0
Creation of new map with last KF id: 0
Seq. Name: 
There are 1 cameras in the atlas
Camera 0 is pinhole
SLAM Started at System Time: 1734511065.89395
not IMU meas
not IMU meas
not enough acceleration
not enough acceleration
not enough acceleration
not enough acceleration
not enough acceleration
not enough acceleration
First KF:0; Map init KF:0
New Map created with 194 points
Active map: 0
Dropping frame 1403636859.1516664
Dropping frame 1403636859.7016666
Dropping frame 1403636860.0516665
Dropping frame 1403636860.2516665
Dropping frame 1403636860.5016665
Dropping frame 1403636860.6016665
Dropping frame 1403636860.9016666
Dropping frame 1403636861.3516665
Dropping frame 1403636861.5016665
Dropping frame 1403636861.8016665
Dropping frame 1403636862.1016665
Dropping frame 1403636862.6016665
Dropping frame 1403636862.7016666
Dropping frame 1403636862.8516665
Dropping frame 1403636862.9516664
Dropping frame 1403636863.1516664
Dropping frame 1403636863.3516665
Dropping frame 1403636863.6016665
Dropping frame 1403636863.9516664
Dropping frame 1403636864.4016666
start VIBA 1
Dropping frame 1403636864.5016665
end VIBA 1
Dropping frame 1403636864.7016666
Dropping frame 1403636864.9016666
Dropping frame 1403636865.0016665
Dropping frame 1403636865.2516665
Dropping frame 1403636865.3516665
Dropping frame 1403636865.4516664
Dropping frame 1403636865.6516664
Dropping frame 1403636865.8016665
Dropping frame 1403636866.2016666
Dropping frame 1403636866.5516665
Dropping frame 1403636866.8516665
Dropping frame 1403636867.2516665
Dropping frame 1403636867.3516665
Dropping frame 1403636867.4516664
Dropping frame 1403636867.6516664
Dropping frame 1403636867.7516665
Dropping frame 1403636868.0016665
Dropping frame 1403636868.2016666
Dropping frame 1403636868.4016666
Dropping frame 1403636868.7516665
Dropping frame 1403636869.0516665
Dropping frame 1403636869.2516665
Dropping frame 1403636869.3516665
Dropping frame 1403636869.5516665
Dropping frame 1403636869.6516664
Dropping frame 1403636869.9016666
Dropping frame 1403636870.1516664
Dropping frame 1403636870.2516665
Dropping frame 1403636870.3516665
Dropping frame 1403636870.4516664
Dropping frame 1403636870.6016665
Dropping frame 1403636870.8016665
Dropping frame 1403636870.9016666
Dropping frame 1403636871.0016665
Dropping frame 1403636871.1016665
Dropping frame 1403636871.3516665
Dropping frame 1403636871.4516664
Dropping frame 1403636871.5516665
Dropping frame 1403636871.7016666
Dropping frame 1403636872.1516664
Dropping frame 1403636872.3516665
Dropping frame 1403636872.4516664
Dropping frame 1403636872.7016666
Dropping frame 1403636872.9516664
Dropping frame 1403636873.3016665
Dropping frame 1403636873.5516665
Dropping frame 1403636873.6516664
Dropping frame 1403636873.7516665
Dropping frame 1403636874.0516665
Dropping frame 1403636874.4516664
Dropping frame 1403636874.8016665
Dropping frame 1403636874.9016666
start VIBA 2
Dropping frame 1403636875.1516664
end VIBA 2
Dropping frame 1403636875.3516665
Dropping frame 1403636875.4516664
Dropping frame 1403636875.7016666
Dropping frame 1403636875.9016666
Dropping frame 1403636876.1016665
Dropping frame 1403636876.3016665
Dropping frame 1403636876.4516664
Dropping frame 1403636876.7016666
Dropping frame 1403636876.9016666
Dropping frame 1403636877.1016665
Dropping frame 1403636877.5016665
Dropping frame 1403636877.8016665
Dropping frame 1403636878.0016665
Dropping frame 1403636878.2016666
Dropping frame 1403636878.4016666
Dropping frame 1403636878.7516665
Dropping frame 1403636878.9516664
Dropping frame 1403636879.1516664
Dropping frame 1403636879.4016666
Dropping frame 1403636879.9516664
Dropping frame 1403636880.2516665
Dropping frame 1403636881.0516665
Dropping frame 1403636881.5016665
Dropping frame 1403636881.8516665
Dropping frame 1403636882.2016666
Dropping frame 1403636882.6016665
Dropping frame 1403636882.9516664
Dropping frame 1403636883.2016666
Dropping frame 1403636883.6016665
Dropping frame 1403636884.3516665
Dropping frame 1403636884.9016666
Dropping frame 1403636885.1516664
Dropping frame 1403636885.4516664
Dropping frame 1403636885.7516665
Dropping frame 1403636886.0516665
Dropping frame 1403636886.3516665
Dropping frame 1403636886.6516664
Dropping frame 1403636886.9516664
Dropping frame 1403636887.4516664
Dropping frame 1403636887.8516665
Dropping frame 1403636888.1516664
Dropping frame 1403636888.4516664
Dropping frame 1403636888.7516665
Dropping frame 1403636888.9516664
Dropping frame 1403636889.2516665
Dropping frame 1403636889.5516665
Dropping frame 1403636889.8516665
Dropping frame 1403636889.9516664
Dropping frame 1403636890.0516665
Dropping frame 1403636890.9516664
Dropping frame 1403636891.3016665
Dropping frame 1403636891.5516665
Dropping frame 1403636891.7016666
Dropping frame 1403636892.0016665
Dropping frame 1403636892.1016665
Dropping frame 1403636892.4516664
Dropping frame 1403636893.0016665
Dropping frame 1403636893.4016666
Dropping frame 1403636893.5516665
Dropping frame 1403636893.9516664
Dropping frame 1403636894.1016665
Dropping frame 1403636894.5516665
Dropping frame 1403636895.2016666
Dropping frame 1403636896.7516665
Dropping frame 1403636897.1516664
Dropping frame 1403636897.5016665
Dropping frame 1403636897.9016666
Dropping frame 1403636898.1516664
Dropping frame 1403636898.7016666
Dropping frame 1403636898.8516665
Dropping frame 1403636899.2016666
Dropping frame 1403636899.5516665
Dropping frame 1403636900.5516665
Dropping frame 1403636901.0516665
Dropping frame 1403636901.4016666
Dropping frame 1403636901.8016665
Dropping frame 1403636902.0516665
Dropping frame 1403636902.5016665
Dropping frame 1403636902.9516664
Dropping frame 1403636903.6516664
Dropping frame 1403636903.8516665
Dropping frame 1403636904.0516665
Dropping frame 1403636904.6016665
Dropping frame 1403636905.1516664
Dropping frame 1403636906.0516665
Dropping frame 1403636906.4516664
Dropping frame 1403636906.6516664
Dropping frame 1403636906.7516665
Dropping frame 1403636906.8516665
Dropping frame 1403636907.8016665
Dropping frame 1403636908.5016665
Dropping frame 1403636908.7016666
Dropping frame 1403636909.2516665
Dropping frame 1403636909.4016666
Dropping frame 1403636910.5516665
Dropping frame 1403636910.7016666
Dropping frame 1403636911.1516664
Dropping frame 1403636912.1016665
Dropping frame 1403636912.3516665
Dropping frame 1403636912.8516665
Dropping frame 1403636912.9516664
Dropping frame 1403636913.9516664
Dropping frame 1403636914.5016665
Dropping frame 1403636914.6016665
Dropping frame 1403636914.7016666
Dropping frame 1403636915.1016665
Dropping frame 1403636915.2516665
Dropping frame 1403636915.4016666
Dropping frame 1403636915.7516665
Dropping frame 1403636915.9016666
Dropping frame 1403636916.1516664
Dropping frame 1403636916.3516665
Dropping frame 1403636916.6016665
Dropping frame 1403636916.7016666
Dropping frame 1403636916.8516665
Dropping frame 1403636916.9516664
Dropping frame 1403636917.2016666
Dropping frame 1403636917.3016665
Dropping frame 1403636917.6016665
Dropping frame 1403636917.7016666
Dropping frame 1403636917.9516664
Dropping frame 1403636918.0516665
Dropping frame 1403636918.2016666
Dropping frame 1403636918.4016666
Dropping frame 1403636918.5016665
Dropping frame 1403636918.6016665
Dropping frame 1403636918.7016666
Dropping frame 1403636918.8516665
Dropping frame 1403636919.0516665
Dropping frame 1403636919.1516664
Dropping frame 1403636919.2516665
Dropping frame 1403636919.4516664
Dropping frame 1403636919.5516665
Dropping frame 1403636919.7516665
Dropping frame 1403636919.8516665
Dropping frame 1403636920.0016665
Dropping frame 1403636920.2016666
Dropping frame 1403636920.3016665
Dropping frame 1403636920.4016666
Dropping frame 1403636920.5016665
Dropping frame 1403636920.6016665
Dropping frame 1403636920.7016666
Dropping frame 1403636921.0016665
Dropping frame 1403636921.1016665
Dropping frame 1403636921.2016666
Dropping frame 1403636921.3016665
Dropping frame 1403636921.7016666
Dropping frame 1403636921.8016665
Dropping frame 1403636921.9016666
Dropping frame 1403636922.0016665
Dropping frame 1403636922.1016665
Dropping frame 1403636922.2016666
Dropping frame 1403636922.3016665
Dropping frame 1403636922.5016665
Dropping frame 1403636922.6516664
Dropping frame 1403636922.7516665
Dropping frame 1403636922.9516664
Dropping frame 1403636923.0516665
Dropping frame 1403636923.1516664
Dropping frame 1403636923.3516665
Dropping frame 1403636923.4516664
Dropping frame 1403636923.5516665
Dropping frame 1403636923.7516665
Dropping frame 1403636923.8516665
Dropping frame 1403636923.9516664
Dropping frame 1403636924.0516665
Dropping frame 1403636924.2016666
Dropping frame 1403636924.3516665
Dropping frame 1403636924.4516664
Dropping frame 1403636924.5516665
Dropping frame 1403636924.7516665
Dropping frame 1403636924.8516665
Dropping frame 1403636924.9516664
Dropping frame 1403636925.0516665
Dropping frame 1403636925.1516664
Dropping frame 1403636925.4016666
Dropping frame 1403636925.5016665
Dropping frame 1403636925.7016666
Dropping frame 1403636925.8016665
Dropping frame 1403636925.9016666
Dropping frame 1403636926.1016665
Dropping frame 1403636926.2016666
Dropping frame 1403636926.4016666
Dropping frame 1403636926.5016665
Dropping frame 1403636926.6016665
Dropping frame 1403636926.8016665
Dropping frame 1403636926.9016666
Dropping frame 1403636927.0016665
Dropping frame 1403636927.2016666
Dropping frame 1403636927.3016665
Dropping frame 1403636927.4016666
Dropping frame 1403636927.6516664
Dropping frame 1403636927.8516665
Dropping frame 1403636927.9516664
Dropping frame 1403636928.0516665
Dropping frame 1403636928.2516665
Dropping frame 1403636928.4516664
Dropping frame 1403636928.6516664
Dropping frame 1403636928.7516665
Dropping frame 1403636928.8516665
Dropping frame 1403636928.9516664
Dropping frame 1403636929.0516665
Dropping frame 1403636929.3016665
Dropping frame 1403636929.6016665
Dropping frame 1403636929.7016666
Dropping frame 1403636930.0516665
Dropping frame 1403636930.1516664
Dropping frame 1403636930.4516664
Dropping frame 1403636930.5516665
Dropping frame 1403636930.6516664
Dropping frame 1403636930.9016666
Dropping frame 1403636931.1016665
Dropping frame 1403636931.2016666
Dropping frame 1403636931.4516664
Dropping frame 1403636931.5516665
Dropping frame 1403636931.8016665
Dropping frame 1403636932.0016665
Dropping frame 1403636932.2516665
Dropping frame 1403636932.5016665
Dropping frame 1403636932.7016666
Dropping frame 1403636932.8016665
Dropping frame 1403636933.3016665
Dropping frame 1403636933.4016666
Dropping frame 1403636933.6516664
Dropping frame 1403636933.7516665
Dropping frame 1403636933.9016666
Dropping frame 1403636934.1016665
Dropping frame 1403636934.3516665
Dropping frame 1403636934.7516665
Dropping frame 1403636935.3516665
Dropping frame 1403636935.6016665
Dropping frame 1403636935.8016665
Dropping frame 1403636935.9016666
Dropping frame 1403636936.1516664
Dropping frame 1403636936.2516665
Dropping frame 1403636936.5516665
Dropping frame 1403636936.6516664
Dropping frame 1403636937.2016666
Dropping frame 1403636937.4016666
Dropping frame 1403636937.5016665
Dropping frame 1403636937.6016665
Dropping frame 1403636937.9016666
Dropping frame 1403636938.0516665
Dropping frame 1403636938.1516664
Dropping frame 1403636938.5016665
Dropping frame 1403636938.6016665
Dropping frame 1403636938.7016666
Dropping frame 1403636938.9016666
Dropping frame 1403636939.0016665
Dropping frame 1403636939.1516664
Dropping frame 1403636939.3016665
Dropping frame 1403636939.4016666
Dropping frame 1403636939.5016665
Dropping frame 1403636939.6016665
Dropping frame 1403636939.8516665
Dropping frame 1403636940.0516665
Dropping frame 1403636940.2516665
Dropping frame 1403636940.3516665
Dropping frame 1403636940.8016665
Dropping frame 1403636940.9016666
Dropping frame 1403636941.1016665
Dropping frame 1403636941.2016666
Dropping frame 1403636941.4016666
Dropping frame 1403636941.5016665
Dropping frame 1403636941.6516664
Dropping frame 1403636941.8016665
Dropping frame 1403636942.0016665
Dropping frame 1403636942.2516665
Dropping frame 1403636942.3516665
Dropping frame 1403636942.4516664
Dropping frame 1403636942.7016666
Dropping frame 1403636942.8016665
Dropping frame 1403636943.0516665
Dropping frame 1403636943.1516664
Dropping frame 1403636943.2516665
Dropping frame 1403636943.5016665
Dropping frame 1403636943.7016666
Dropping frame 1403636943.8016665
Dropping frame 1403636944.0016665
Dropping frame 1403636944.2016666
Dropping frame 1403636944.3016665
Dropping frame 1403636944.4016666
Dropping frame 1403636944.6516664
Dropping frame 1403636944.8516665
Dropping frame 1403636944.9516664
Dropping frame 1403636945.0516665
Dropping frame 1403636945.1516664
Dropping frame 1403636945.2516665
Dropping frame 1403636945.4516664
Dropping frame 1403636945.6516664
Dropping frame 1403636945.7516665
Dropping frame 1403636945.8516665
Dropping frame 1403636946.1016665
Dropping frame 1403636946.3016665
Dropping frame 1403636946.4016666
Dropping frame 1403636946.6016665
Dropping frame 1403636946.7016666
Dropping frame 1403636946.8016665
Dropping frame 1403636947.0016665
Dropping frame 1403636947.2016666
Dropping frame 1403636947.4016666
Dropping frame 1403636947.6016665
Dropping frame 1403636947.7016666
Dropping frame 1403636947.9016666
Dropping frame 1403636948.0016665
Dropping frame 1403636948.1016665
Dropping frame 1403636948.3016665
Dropping frame 1403636948.5016665
Dropping frame 1403636948.7016666
Dropping frame 1403636948.8016665
Dropping frame 1403636948.9016666
Dropping frame 1403636949.1016665
Dropping frame 1403636949.3016665
Dropping frame 1403636949.4016666
Dropping frame 1403636949.5016665
Dropping frame 1403636949.7016666
Dropping frame 1403636949.9016666
Dropping frame 1403636950.0016665
Dropping frame 1403636950.2016666
Dropping frame 1403636950.3016665
Dropping frame 1403636950.4016666
Dropping frame 1403636950.6016665
Dropping frame 1403636950.8016665
Dropping frame 1403636951.0016665
Dropping frame 1403636951.2016666
Dropping frame 1403636951.4016666
Dropping frame 1403636951.6016665
Dropping frame 1403636951.7016666
Dropping frame 1403636951.8016665
Dropping frame 1403636951.9516664
Dropping frame 1403636952.1516664
Dropping frame 1403636952.3516665
Dropping frame 1403636952.5516665
Dropping frame 1403636952.7516665
Dropping frame 1403636952.8516665
Dropping frame 1403636952.9516664
Dropping frame 1403636953.0516665
Dropping frame 1403636953.1516664
Dropping frame 1403636953.2516665
Dropping frame 1403636953.3516665
Dropping frame 1403636953.5516665
Dropping frame 1403636953.7516665
Dropping frame 1403636953.9516664
Dropping frame 1403636954.1516664
Dropping frame 1403636954.6516664
Dropping frame 1403636954.7516665
Dropping frame 1403636954.8516665
Dropping frame 1403636955.0516665
Dropping frame 1403636955.3016665
Dropping frame 1403636955.5016665
Dropping frame 1403636955.6016665
Dropping frame 1403636955.7016666
Dropping frame 1403636955.9016666
Dropping frame 1403636956.1016665
Dropping frame 1403636956.3016665
Dropping frame 1403636956.4016666
Dropping frame 1403636956.5016665
Dropping frame 1403636956.7016666
Dropping frame 1403636956.9016666
Dropping frame 1403636957.1016665
Dropping frame 1403636957.2016666
Dropping frame 1403636957.3016665
Dropping frame 1403636957.5016665
Dropping frame 1403636957.7016666
Dropping frame 1403636958.2516665
Dropping frame 1403636958.3516665
Dropping frame 1403636958.5516665
Dropping frame 1403636958.7516665
Dropping frame 1403636958.9516664
Dropping frame 1403636959.0516665
Dropping frame 1403636959.1516664
Dropping frame 1403636959.3516665
Dropping frame 1403636959.5516665
Dropping frame 1403636959.7516665
Dropping frame 1403636959.9516664
Dropping frame 1403636960.1516664
Dropping frame 1403636960.2516665
Dropping frame 1403636960.3516665
Dropping frame 1403636960.6016665
Dropping frame 1403636960.8016665
Dropping frame 1403636960.9016666
Dropping frame 1403636961.1516664
Dropping frame 1403636961.3516665
Dropping frame 1403636961.5516665
Dropping frame 1403636961.6516664
Dropping frame 1403636961.7516665
Dropping frame 1403636961.9516664
Dropping frame 1403636962.1516664
Dropping frame 1403636962.2516665
Dropping frame 1403636962.3516665
Dropping frame 1403636962.5516665
Dropping frame 1403636962.7516665
Dropping frame 1403636962.9516664
Dropping frame 1403636963.0516665
Dropping frame 1403636963.1516664
Dropping frame 1403636963.3516665
Dropping frame 1403636963.5516665
Dropping frame 1403636963.8516665
Dropping frame 1403636964.2016666
Dropping frame 1403636964.4016666
Dropping frame 1403636964.5016665
Dropping frame 1403636964.6016665
Dropping frame 1403636964.9016666
Dropping frame 1403636965.0016665
Dropping frame 1403636965.2016666
Dropping frame 1403636965.4016666
Dropping frame 1403636965.6016665
Dropping frame 1403636965.7016666
Dropping frame 1403636965.9516664
Dropping frame 1403636966.1016665
Dropping frame 1403636966.3016665
Dropping frame 1403636966.6016665
Dropping frame 1403636966.8016665
Dropping frame 1403636967.0016665
Dropping frame 1403636967.3516665
Dropping frame 1403636967.4516664
Dropping frame 1403636967.5516665
Dropping frame 1403636967.8016665
Dropping frame 1403636967.9016666
Dropping frame 1403636968.0016665
Dropping frame 1403636968.1016665
Dropping frame 1403636968.3516665
Dropping frame 1403636968.5516665
Dropping frame 1403636968.6516664
Dropping frame 1403636969.0516665
Dropping frame 1403636969.2516665
Dropping frame 1403636969.3516665
Dropping frame 1403636969.4516664
Dropping frame 1403636969.7516665
Dropping frame 1403636969.9516664
Dropping frame 1403636970.1516664
Dropping frame 1403636970.5016665
Dropping frame 1403636970.6016665
Dropping frame 1403636970.7016666
Dropping frame 1403636970.9016666
Dropping frame 1403636971.1016665
Dropping frame 1403636971.2016666
Dropping frame 1403636971.3516665
Dropping frame 1403636971.5516665
Dropping frame 1403636971.7516665
Dropping frame 1403636971.9016666
Dropping frame 1403636972.0016665
Dropping frame 1403636972.2016666
Dropping frame 1403636972.3516665
Dropping frame 1403636972.6016665
Dropping frame 1403636972.7016666
Dropping frame 1403636972.9516664
Dropping frame 1403636973.0516665
Dropping frame 1403636973.3516665
Dropping frame 1403636973.4516664
Dropping frame 1403636973.5516665
Dropping frame 1403636973.7516665
Dropping frame 1403636973.9516664
Dropping frame 1403636974.0516665
Dropping frame 1403636974.1516664
Dropping frame 1403636974.2516665
Dropping frame 1403636974.3516665
Dropping frame 1403636974.7516665
Dropping frame 1403636974.9516664
Dropping frame 1403636975.0516665
Dropping frame 1403636975.3516665
Dropping frame 1403636975.5516665
Dropping frame 1403636975.6516664
Dropping frame 1403636975.8516665
Dropping frame 1403636975.9516664
Dropping frame 1403636976.2016666
Dropping frame 1403636976.3016665
Dropping frame 1403636976.4016666
Dropping frame 1403636976.5016665
Dropping frame 1403636977.1516664
Dropping frame 1403636977.6516664
Dropping frame 1403636977.7516665
Dropping frame 1403636977.9516664
Dropping frame 1403636978.1016665
Dropping frame 1403636978.2016666
Dropping frame 1403636978.4016666
Dropping frame 1403636978.5016665
Dropping frame 1403636978.6016665
Dropping frame 1403636978.8016665
Dropping frame 1403636979.0016665
Dropping frame 1403636979.1516664
Dropping frame 1403636979.2516665
Dropping frame 1403636979.4516664
Dropping frame 1403636979.6516664
Dropping frame 1403636979.7516665
Dropping frame 1403636979.9516664
Dropping frame 1403636980.1516664
Dropping frame 1403636980.3516665
Dropping frame 1403636980.4516664
Dropping frame 1403636980.6516664
Dropping frame 1403636980.8016665
Dropping frame 1403636980.9016666
Dropping frame 1403636981.2016666
Dropping frame 1403636981.3516665
Dropping frame 1403636981.5516665
Dropping frame 1403636981.7516665
Dropping frame 1403636981.9516664
Dropping frame 1403636982.3516665
Dropping frame 1403636982.4516664
Dropping frame 1403636982.6516664
Dropping frame 1403636982.8516665
Dropping frame 1403636982.9516664
Dropping frame 1403636983.0516665
Dropping frame 1403636983.2516665
Dropping frame 1403636983.4516664
Dropping frame 1403636983.6516664
Dropping frame 1403636983.8516665
Dropping frame 1403636984.0016665
Dropping frame 1403636984.2016666
Dropping frame 1403636984.4016666
Dropping frame 1403636984.5016665
Dropping frame 1403636984.7016666
Dropping frame 1403636984.8016665
Dropping frame 1403636985.0016665
Dropping frame 1403636985.2016666
Dropping frame 1403636985.4016666
Dropping frame 1403636985.6016665
Dropping frame 1403636985.7016666
Dropping frame 1403636986.0016665
Dropping frame 1403636986.1016665
Dropping frame 1403636986.2016666
Dropping frame 1403636986.4016666
Dropping frame 1403636986.5516665
Dropping frame 1403636986.7516665
Dropping frame 1403636986.9516664
Dropping frame 1403636987.5016665
Dropping frame 1403636987.7016666
Dropping frame 1403636988.0016665
Dropping frame 1403636988.2016666
Dropping frame 1403636988.3016665
Dropping frame 1403636988.5516665
Dropping frame 1403636988.7516665
Dropping frame 1403636988.8516665
Dropping frame 1403636989.2516665
Dropping frame 1403636989.3516665
Dropping frame 1403636989.7016666
Dropping frame 1403636990.1016665
Dropping frame 1403636990.3016665
Dropping frame 1403636990.4016666
Dropping frame 1403636990.7016666
Dropping frame 1403636991.0516665
Dropping frame 1403636991.2516665
Dropping frame 1403636991.4516664
Dropping frame 1403636991.7516665
Dropping frame 1403636992.0516665
Dropping frame 1403636992.3016665
Dropping frame 1403636992.5016665
Dropping frame 1403636992.6016665
Dropping frame 1403636992.8516665
Dropping frame 1403636993.0016665
Dropping frame 1403636993.3516665
Dropping frame 1403636993.5516665
Dropping frame 1403636993.6516664
Dropping frame 1403636993.7516665
Dropping frame 1403636994.0516665
Dropping frame 1403636994.3016665
Dropping frame 1403636994.5016665
Dropping frame 1403636994.7016666
Dropping frame 1403636994.9016666
Dropping frame 1403636995.1016665
Dropping frame 1403636995.2016666
Dropping frame 1403636995.3016665
Dropping frame 1403636995.5016665
Dropping frame 1403636995.6016665
Dropping frame 1403636995.7016666
Dropping frame 1403636995.9016666
Dropping frame 1403636996.1016665
Dropping frame 1403636996.3016665
Dropping frame 1403636996.4016666
Dropping frame 1403636996.5016665
Dropping frame 1403636996.6016665
Dropping frame 1403636996.8016665
Dropping frame 1403636996.9016666
Dropping frame 1403636997.0016665
Dropping frame 1403636997.2016666
Dropping frame 1403636997.4016666
Dropping frame 1403636997.5016665
Dropping frame 1403636997.7516665
Dropping frame 1403636997.9516664
Dropping frame 1403636998.1516664
Dropping frame 1403636998.2516665
Dropping frame 1403636998.5016665
Dropping frame 1403636998.6016665
Dropping frame 1403636998.7016666
Dropping frame 1403636998.9016666
Dropping frame 1403636999.2016666
Dropping frame 1403636999.3016665
Dropping frame 1403636999.4016666
Dropping frame 1403636999.6016665
Dropping frame 1403636999.8016665
Dropping frame 1403636999.9016666
Dropping frame 1403637000.1516664
Dropping frame 1403637000.3516665
Dropping frame 1403637000.5516665
Dropping frame 1403637000.6516664
Dropping frame 1403637000.7516665
Dropping frame 1403637000.9516664
Dropping frame 1403637001.0516665
Dropping frame 1403637001.1516664
Dropping frame 1403637001.3516665
Dropping frame 1403637001.4516664
Dropping frame 1403637001.5516665
Dropping frame 1403637001.7516665
Dropping frame 1403637001.9516664
Dropping frame 1403637002.1516664
Dropping frame 1403637002.2516665
Dropping frame 1403637002.3516665
Dropping frame 1403637002.5516665
Dropping frame 1403637002.6516664
Dropping frame 1403637002.7516665
Dropping frame 1403637002.9516664
Dropping frame 1403637003.1516664
Dropping frame 1403637003.3516665
Dropping frame 1403637003.4516664
Dropping frame 1403637003.5516665
Dropping frame 1403637003.7516665
Dropping frame 1403637003.8516665
Dropping frame 1403637003.9516664
Dropping frame 1403637004.1516664
Dropping frame 1403637004.3516665
Dropping frame 1403637004.4516664
Dropping frame 1403637004.5516665
Dropping frame 1403637004.7516665
Dropping frame 1403637004.9516664
Dropping frame 1403637005.1516664
Dropping frame 1403637005.2516665
Dropping frame 1403637005.3516665
Dropping frame 1403637005.5516665
Dropping frame 1403637005.6516664
Dropping frame 1403637005.9516664
Dropping frame 1403637006.2016666
Dropping frame 1403637006.3016665
Dropping frame 1403637006.5516665
Dropping frame 1403637006.6516664
Dropping frame 1403637006.7516665
Dropping frame 1403637006.9516664
Dropping frame 1403637007.1016665
Dropping frame 1403637007.4516664
Dropping frame 1403637007.6516664
Dropping frame 1403637007.7516665
Dropping frame 1403637007.9516664
Dropping frame 1403637008.0516665
Dropping frame 1403637008.1516664
Dropping frame 1403637008.4016666
Dropping frame 1403637008.6516664
Dropping frame 1403637008.7516665
Dropping frame 1403637009.4016666
Dropping frame 1403637009.6016665
Dropping frame 1403637009.8016665
Dropping frame 1403637010.0016665
Dropping frame 1403637010.2016666
Dropping frame 1403637010.4016666
Dropping frame 1403637010.5016665
Dropping frame 1403637010.6016665
Shutdown
SLAM Finished at System Time: 1734511252.21691

 TIME STATS in ms (mean$\pm$std)
OpenCV version: 4.8.1
---------------------------
Tracking

ORB Extraction: 19.986$\pm$2.1167
Stereo Matching: 7.3791$\pm$2.0068
IMU Preintegration: 0.24585$\pm$0.098428
Pose Prediction: 0.22365$\pm$0.64213
LM Track: 19.515$\pm$5.6274
New KF decision: 1.2748$\pm$2.3739
Total Tracking: 32.902$\pm$26.849



Local Mapping

KF Insertion: 16.887$\pm$5.6776
MP Culling: 0.5585$\pm$0.21524
MP Creation: 49.927$\pm$16.26
LBA: 152.02$\pm$56.01
KF Culling: 16.328$\pm$10.721
Total Local Mapping: 235.7$\pm$78.95
---------------------------

LBA complexity (mean$\pm$std)
LBA Edges: 1717.6$\pm$594.72
LBA KF optimized: 6.5$\pm$2.2913
LBA KF fixed: 1$\pm$0
LBA MP: nan$\pm$nan

LBA executions: 461
LBA aborts: 0
---------------------------

Map complexity
KFs in map: 130
MPs in map: 10033
---------------------------

Place Recognition (mean$\pm$std)
Database Query: 1.4807$\pm$0.76441
SE3 estimation: 12.447$\pm$15.928
Total Place Recognition: 12.486$\pm$16.08


Loop Closing (mean$\pm$std)
Loop Fusion: nan$\pm$nan
Essential Graph: nan$\pm$nan
Total Loop Closing: nan$\pm$nan

Num exec: 0
Number of KFs: nan$\pm$nan

Map Merging (mean$\pm$std)
Merge Maps: nan$\pm$nan
Welding BA: nan$\pm$nan
Optimization Ess.: nan$\pm$nan
Total Map Merging: nan$\pm$nan

Num exec: 0
Number of KFs: nan$\pm$nan
Number of MPs: nan$\pm$nan

Full GBA (mean$\pm$std)
GBA: nan$\pm$nan
Map Update: nan$\pm$nan
Total Full GBA: nan$\pm$nan

Num exec: 0
Num abort: 0
Number of KFs: nan$\pm$nan
Number of MPs: nan$\pm$nan

Saving trajectory to f_dataset-MH02_stereo_imu.txt ...
There are 1 maps in the atlas
  Map 0 has 130 KFs

End of saving trajectory to f_dataset-MH02_stereo_imu.txt ...

Saving keyframe trajectory to kf_dataset-MH02_stereo_imu.txt ...
