num_seq = 1
file name: dataset-MH03_stereo_imu
Loading images for sequence 0...LOADED!
Loading IMU for sequence 0...LOADED!

-------

ORB-SLAM3 Copyright (C) 2017-2020 Carlos Campos, Richard Elvira, Juan J. Gómez, José M.M. Montiel and Juan D. Tardós, University of Zaragoza.
ORB-SLAM2 Copyright (C) 2014-2016 Raúl Mur-Artal, José M.M. Montiel and Juan D. Tardós, University of Zaragoza.
This program comes with ABSOLUTELY NO WARRANTY;
This is free software, and you are welcome to redistribute it
under certain conditions. See LICENSE.txt.

Built with REGISTER_TIMES
Git Commit Hash: 90f15d8

Input sensor was set to: Stereo-Inertial
Loading settings from ./Examples/Stereo-Inertial/EuRoC_fov_deadlines_mask_8x8.yaml
	-Loaded camera 1
	-Loaded camera 2
	-Loaded image info
	-Loaded IMU calibration
	-Loaded ORB settings
	-Loaded viewer settings
	-Loaded Atlas settings
Deadlines enabled, will skip frames!
FOV enabled
Static mask size: 8x8
Dumping map points enabled
	-Loaded misc parameters
	-Computed rectification maps
----------------------------------
SLAM settings: 
	-Camera 1 parameters (Pinhole): [ 458.65399169921875 457.29598999023438 367.21499633789062 248.375 ]
	-Camera 1 distortion parameters: [  -0.28340810537338257 0.073959067463874817 0.00019359000725671649 1.7618711353861727e-05 ]
	-Camera 2 parameters (Pinhole: [ 457.58700561523438 456.13400268554688 379.99899291992188 255.23800659179688 ]
	-Camera 1 distortion parameters: [  -0.2836836576461792 0.074512839317321777 -0.00010473000293131918 -3.555907096597366e-05 ]
	-Original image size: [ 752 , 480 ]
	-Current image size: [ 752 , 480 ]
	-Camera 1 parameters after rectification: [  456.71499633789062 456.71499633789062 364.52615356445312 257.268798828125 ]
	-Sequence FPS: 20
	-Stereo baseline: 0.11007784307003021
	-Stereo depth threshold : 60
	-Gyro noise: 0.00016999999934341758
	-Accelerometer noise: 0.0020000000949949026
	-Gyro walk: 1.9392999092815444e-05
	-Accelerometer walk: 0.0030000000260770321
	-IMU frequency: 200
	-Features per image: 1200
	-ORB scale factor: 1.2000000476837158
	-ORB number of scales: 8
	-Initial FAST threshold: 20
	-Min FAST threshold: 7


Loading ORB Vocabulary. This could take a while...
Vocabulary loaded!

Initialization of Atlas from scratch 
Creation of new map with id: 0
Creation of new map with last KF id: 0
Seq. Name: 
There are 1 cameras in the atlas
Camera 0 is pinhole
SLAM Started at System Time: 1732010957.29025
not IMU meas
not IMU meas
not enough acceleration
not enough acceleration
First KF:0; Map init KF:0
New Map created with 238 points
Active map: 0
Dropping frame 1403637130.8383191
Not enough motion for initializing. Reseting...
TRACK: Reset map because local mapper set the bad imu flag 
LM: Reseting current map in Local Mapping...
LM: End reseting Local Mapping...
LM: Reset free the mutex
LM: Active map reset recieved
LM: Active map reset, waiting...
LM: Reseting current map in Local Mapping...
LM: End reseting Local Mapping...
LM: Reset free the mutex
LM: Active map reset, Done!!!
mnFirstFrameId = 4
mnInitialFrameId = 0
52 Frames set to lost
not IMU meas
First KF:11; Map init KF:0
New Map created with 259 points
Active map: 0
Dropping frame 1403637134.188319
Dropping frame 1403637134.5883191
Dropping frame 1403637134.8383191
Dropping frame 1403637135.0383191
Dropping frame 1403637135.388319
Dropping frame 1403637135.7383192
Dropping frame 1403637136.138319
Dropping frame 1403637136.3383191
Dropping frame 1403637136.638319
Dropping frame 1403637136.888319
Dropping frame 1403637136.9883189
Dropping frame 1403637137.2383192
Dropping frame 1403637138.3383191
Dropping frame 1403637138.4383192
Dropping frame 1403637138.5883191
Dropping frame 1403637138.8383191
start VIBA 1
end VIBA 1
Dropping frame 1403637139.0883191
Dropping frame 1403637139.2383192
Not enough motion for initializing. Reseting...
TRACK: Reset map because local mapper set the bad imu flag 
LM: Reseting current map in Local Mapping...
LM: End reseting Local Mapping...
LM: Reset free the mutex
LM: Active map reset recieved
LM: Active map reset, waiting...
LM: Reseting current map in Local Mapping...
LM: End reseting Local Mapping...
LM: Reset free the mutex
LM: Active map reset, Done!!!
mnFirstFrameId = 58
mnInitialFrameId = 56
164 Frames set to lost
not IMU meas
not enough acceleration
not enough acceleration
First KF:43; Map init KF:11
New Map created with 254 points
Active map: 0
Dropping frame 1403637140.2383192
Dropping frame 1403637140.4883189
Dropping frame 1403637140.5883191
Dropping frame 1403637140.7383192
Dropping frame 1403637141.0883191
Dropping frame 1403637141.2883189
Dropping frame 1403637141.5383191
Dropping frame 1403637142.638319
Not enough motion for initializing. Reseting...
TRACK: Reset map because local mapper set the bad imu flag 
LM: Reseting current map in Local Mapping...
LM: End reseting Local Mapping...
LM: Reset free the mutex
LM: Active map reset recieved
LM: Active map reset, waiting...
LM: Reseting current map in Local Mapping...
LM: End reseting Local Mapping...
LM: Reset free the mutex
LM: Active map reset, Done!!!
mnFirstFrameId = 174
mnInitialFrameId = 170
215 Frames set to lost
not IMU meas
not enough acceleration
not enough acceleration
not enough acceleration
not enough acceleration
not enough acceleration
not enough acceleration
not enough acceleration
not enough acceleration
not enough acceleration
not enough acceleration
not enough acceleration
not enough acceleration
not enough acceleration
not enough acceleration
not enough acceleration
not enough acceleration
not enough acceleration
not enough acceleration
not enough acceleration
not enough acceleration
not enough acceleration
not enough acceleration
not enough acceleration
not enough acceleration
not enough acceleration
not enough acceleration
not enough acceleration
not enough acceleration
First KF:54; Map init KF:43
New Map created with 260 points
Active map: 0
Not enough motion for initializing. Reseting...
TRACK: Reset map because local mapper set the bad imu flag 
LM: Reseting current map in Local Mapping...
LM: End reseting Local Mapping...
LM: Reset free the mutex
LM: Active map reset recieved
LM: Active map reset, waiting...
LM: Reseting current map in Local Mapping...
LM: End reseting Local Mapping...
LM: Reset free the mutex
LM: Active map reset, Done!!!
mnFirstFrameId = 255
mnInitialFrameId = 225
271 Frames set to lost
not IMU meas
not enough acceleration
not enough acceleration
not enough acceleration
not enough acceleration
not enough acceleration
not enough acceleration
not enough acceleration
not enough acceleration
not enough acceleration
not enough acceleration
not enough acceleration
not enough acceleration
not enough acceleration
not enough acceleration
not enough acceleration
not enough acceleration
not enough acceleration
not enough acceleration
not enough acceleration
not enough acceleration
not enough acceleration
not enough acceleration
not enough acceleration
not enough acceleration
not enough acceleration
not enough acceleration
not enough acceleration
not enough acceleration
not enough acceleration
not enough acceleration
not enough acceleration
not enough acceleration
not enough acceleration
not enough acceleration
not enough acceleration
not enough acceleration
not enough acceleration
not enough acceleration
not enough acceleration
not enough acceleration
not enough acceleration
not enough acceleration
not enough acceleration
not enough acceleration
First KF:65; Map init KF:54
New Map created with 216 points
Active map: 0
Dropping frame 1403637153.5883191
Dropping frame 1403637153.888319
Dropping frame 1403637154.0383191
Dropping frame 1403637154.2383192
Dropping frame 1403637154.5383191
Dropping frame 1403637154.8383191
Dropping frame 1403637154.9383192
start VIBA 1
Dropping frame 1403637155.138319
end VIBA 1
Dropping frame 1403637155.2883189
Dropping frame 1403637155.5383191
Dropping frame 1403637155.7883189
Dropping frame 1403637155.9883189
Dropping frame 1403637156.2383192
Dropping frame 1403637156.3383191
Dropping frame 1403637156.4883189
Dropping frame 1403637156.5883191
Dropping frame 1403637156.688319
Dropping frame 1403637156.7883189
Dropping frame 1403637156.888319
Dropping frame 1403637157.0383191
Dropping frame 1403637157.2883189
Dropping frame 1403637157.4883189
Dropping frame 1403637157.5883191
Dropping frame 1403637157.688319
Dropping frame 1403637157.7883189
Dropping frame 1403637157.888319
Dropping frame 1403637158.0883191
Dropping frame 1403637158.188319
Dropping frame 1403637158.388319
Dropping frame 1403637158.4883189
Dropping frame 1403637158.5883191
Dropping frame 1403637158.7883189
Dropping frame 1403637158.888319
Dropping frame 1403637158.9883189
Dropping frame 1403637159.0883191
Dropping frame 1403637159.3383191
Dropping frame 1403637159.4383192
Dropping frame 1403637159.5383191
Dropping frame 1403637159.638319
Dropping frame 1403637159.888319
Dropping frame 1403637160.3383191
Dropping frame 1403637160.4383192
Dropping frame 1403637160.638319
Dropping frame 1403637160.7383192
Dropping frame 1403637160.8383191
Dropping frame 1403637161.0883191
Dropping frame 1403637161.2383192
Dropping frame 1403637161.3383191
Dropping frame 1403637161.5383191
Dropping frame 1403637161.8383191
Dropping frame 1403637161.9883189
Dropping frame 1403637162.0883191
Dropping frame 1403637162.2883189
Dropping frame 1403637162.4883189
Dropping frame 1403637162.5883191
Dropping frame 1403637162.7883189
Dropping frame 1403637162.9883189
Dropping frame 1403637163.188319
Dropping frame 1403637163.388319
Dropping frame 1403637163.5883191
Dropping frame 1403637163.688319
Dropping frame 1403637163.888319
Dropping frame 1403637163.9883189
Dropping frame 1403637164.138319
Dropping frame 1403637164.3383191
Dropping frame 1403637164.4383192
Dropping frame 1403637164.688319
Dropping frame 1403637164.888319
start VIBA 2
Dropping frame 1403637165.0883191
end VIBA 2
Dropping frame 1403637165.2883189
Dropping frame 1403637165.4883189
Dropping frame 1403637165.5883191
Dropping frame 1403637165.688319
Dropping frame 1403637165.888319
Dropping frame 1403637166.0883191
Dropping frame 1403637166.188319
Dropping frame 1403637166.4383192
Dropping frame 1403637166.638319
Dropping frame 1403637166.8383191
Dropping frame 1403637166.9383192
Dropping frame 1403637167.188319
Dropping frame 1403637167.5383191
Dropping frame 1403637167.7383192
Dropping frame 1403637168.0883191
Dropping frame 1403637168.2883189
Dropping frame 1403637168.4883189
Dropping frame 1403637168.688319
Dropping frame 1403637168.7883189
Dropping frame 1403637168.888319
Dropping frame 1403637169.138319
Dropping frame 1403637169.2383192
Dropping frame 1403637169.9883189
Dropping frame 1403637170.3383191
Dropping frame 1403637170.5383191
Dropping frame 1403637170.688319
Dropping frame 1403637170.7883189
Dropping frame 1403637171.0383191
Dropping frame 1403637171.2383192
Dropping frame 1403637171.7883189
Dropping frame 1403637172.0883191
Dropping frame 1403637172.188319
Dropping frame 1403637172.5383191
Dropping frame 1403637172.638319
Dropping frame 1403637172.888319
Dropping frame 1403637173.188319
Dropping frame 1403637173.388319
Dropping frame 1403637173.5383191
Dropping frame 1403637173.7383192
Dropping frame 1403637174.138319
Dropping frame 1403637174.9883189
Dropping frame 1403637175.2883189
Dropping frame 1403637175.688319
Dropping frame 1403637175.7883189
Dropping frame 1403637176.0383191
Dropping frame 1403637177.388319
Dropping frame 1403637177.7383192
Dropping frame 1403637178.5883191
Dropping frame 1403637178.688319
Dropping frame 1403637178.9883189
Dropping frame 1403637179.3383191
Dropping frame 1403637179.5883191
Dropping frame 1403637179.8383191
Dropping frame 1403637179.9883189
Dropping frame 1403637180.5883191
Dropping frame 1403637180.888319
Dropping frame 1403637181.138319
Dropping frame 1403637181.4383192
Dropping frame 1403637181.688319
Dropping frame 1403637181.7883189
Dropping frame 1403637181.888319
Dropping frame 1403637182.0883191
Dropping frame 1403637182.188319
Dropping frame 1403637182.4383192
Dropping frame 1403637182.638319
Dropping frame 1403637182.8383191
Dropping frame 1403637182.9883189
Dropping frame 1403637183.2383192
Dropping frame 1403637183.4383192
Dropping frame 1403637183.5383191
Dropping frame 1403637183.7383192
Dropping frame 1403637183.9883189
Dropping frame 1403637184.2383192
Dropping frame 1403637184.4883189
Dropping frame 1403637184.5883191
Dropping frame 1403637184.8383191
Dropping frame 1403637185.0383191
Dropping frame 1403637185.188319
Dropping frame 1403637185.388319
Dropping frame 1403637185.4883189
Dropping frame 1403637185.688319
Dropping frame 1403637185.888319
Dropping frame 1403637186.0883191
Dropping frame 1403637186.2883189
Dropping frame 1403637186.5883191
Dropping frame 1403637186.688319
Dropping frame 1403637187.2883189
Dropping frame 1403637187.688319
Dropping frame 1403637188.2883189
Dropping frame 1403637189.138319
Dropping frame 1403637189.4883189
Dropping frame 1403637189.9383192
Dropping frame 1403637190.0383191
Dropping frame 1403637190.2883189
Dropping frame 1403637190.888319
Dropping frame 1403637191.4883189
Dropping frame 1403637191.5883191
Dropping frame 1403637191.688319
Dropping frame 1403637191.7883189
Dropping frame 1403637192.0383191
Dropping frame 1403637192.138319
Dropping frame 1403637192.2383192
Dropping frame 1403637192.3383191
Dropping frame 1403637192.4883189
Dropping frame 1403637192.7383192
Dropping frame 1403637192.9383192
Dropping frame 1403637193.0383191
Dropping frame 1403637193.138319
Dropping frame 1403637193.388319
Dropping frame 1403637193.4883189
Dropping frame 1403637193.5883191
Dropping frame 1403637193.688319
Dropping frame 1403637193.7883189
Dropping frame 1403637193.888319
Dropping frame 1403637193.9883189
Dropping frame 1403637194.138319
Dropping frame 1403637194.2383192
Dropping frame 1403637194.4383192
Dropping frame 1403637194.688319
Dropping frame 1403637194.7883189
Dropping frame 1403637194.888319
Dropping frame 1403637195.138319
Dropping frame 1403637195.2383192
Dropping frame 1403637195.3383191
Dropping frame 1403637195.5883191
Dropping frame 1403637195.688319
Dropping frame 1403637195.7883189
Dropping frame 1403637195.888319
Dropping frame 1403637196.0383191
Dropping frame 1403637196.2383192
Dropping frame 1403637196.3383191
Dropping frame 1403637196.4383192
Dropping frame 1403637196.5383191
Dropping frame 1403637196.8383191
Dropping frame 1403637196.9383192
Dropping frame 1403637197.2883189
Dropping frame 1403637197.4883189
Dropping frame 1403637197.688319
Dropping frame 1403637197.7883189
Dropping frame 1403637197.888319
Dropping frame 1403637198.188319
Dropping frame 1403637198.3383191
Dropping frame 1403637198.7383192
Dropping frame 1403637198.8383191
Dropping frame 1403637199.7383192
Dropping frame 1403637200.0383191
Dropping frame 1403637200.138319
Dropping frame 1403637200.388319
Dropping frame 1403637200.4883189
Dropping frame 1403637200.5883191
Dropping frame 1403637200.688319
Dropping frame 1403637200.9883189
Dropping frame 1403637201.0883191
Dropping frame 1403637201.188319
Dropping frame 1403637201.388319
Dropping frame 1403637201.4883189
Dropping frame 1403637201.638319
Dropping frame 1403637201.888319
Dropping frame 1403637201.9883189
Dropping frame 1403637202.0883191
Dropping frame 1403637202.3383191
Dropping frame 1403637202.5383191
Dropping frame 1403637202.7383192
Dropping frame 1403637202.8383191
Dropping frame 1403637202.9383192
Dropping frame 1403637203.138319
Dropping frame 1403637203.3383191
Dropping frame 1403637203.4383192
Dropping frame 1403637203.5383191
Dropping frame 1403637203.7883189
Dropping frame 1403637203.888319
Dropping frame 1403637203.9883189
Dropping frame 1403637204.188319
Dropping frame 1403637204.2883189
Dropping frame 1403637204.388319
Dropping frame 1403637204.5883191
Dropping frame 1403637204.688319
Dropping frame 1403637204.888319
Dropping frame 1403637204.9883189
Dropping frame 1403637205.0883191
Dropping frame 1403637205.188319
Dropping frame 1403637205.388319
Dropping frame 1403637205.4883189
Dropping frame 1403637205.5883191
Dropping frame 1403637205.7883189
Dropping frame 1403637205.9883189
Dropping frame 1403637206.0883191
Dropping frame 1403637206.188319
Dropping frame 1403637206.388319
Dropping frame 1403637206.4883189
Dropping frame 1403637206.5883191
Dropping frame 1403637206.688319
Dropping frame 1403637206.888319
Dropping frame 1403637206.9883189
Dropping frame 1403637207.0883191
Dropping frame 1403637207.188319
Dropping frame 1403637207.388319
Dropping frame 1403637207.4883189
Dropping frame 1403637207.5883191
Dropping frame 1403637207.688319
Dropping frame 1403637207.888319
Dropping frame 1403637208.0883191
Dropping frame 1403637208.188319
Dropping frame 1403637208.2883189
Dropping frame 1403637208.388319
Dropping frame 1403637208.5883191
Dropping frame 1403637208.688319
Dropping frame 1403637208.7883189
Dropping frame 1403637208.9883189
Dropping frame 1403637209.0883191
Dropping frame 1403637209.2883189
Dropping frame 1403637209.388319
Dropping frame 1403637209.4883189
Dropping frame 1403637209.688319
Dropping frame 1403637209.888319
Dropping frame 1403637209.9883189
Dropping frame 1403637210.0883191
Dropping frame 1403637210.2883189
Dropping frame 1403637210.388319
Dropping frame 1403637210.4883189
Dropping frame 1403637210.688319
Dropping frame 1403637210.7883189
Dropping frame 1403637210.888319
Dropping frame 1403637211.0883191
Dropping frame 1403637211.188319
Dropping frame 1403637211.2883189
Dropping frame 1403637211.4883189
Dropping frame 1403637211.5883191
Dropping frame 1403637211.688319
Dropping frame 1403637211.7883189
Dropping frame 1403637211.888319
Dropping frame 1403637212.0883191
Dropping frame 1403637212.2883189
Dropping frame 1403637212.388319
Dropping frame 1403637212.4883189
Dropping frame 1403637212.5883191
Dropping frame 1403637212.688319
Dropping frame 1403637212.7883189
Dropping frame 1403637212.888319
Dropping frame 1403637212.9883189
Dropping frame 1403637213.0883191
Dropping frame 1403637213.188319
Dropping frame 1403637213.2883189
Dropping frame 1403637213.4883189
Dropping frame 1403637213.5883191
Dropping frame 1403637213.688319
Dropping frame 1403637213.7883189
Dropping frame 1403637213.888319
Dropping frame 1403637213.9883189
Dropping frame 1403637214.2383192
Dropping frame 1403637214.3383191
Dropping frame 1403637214.4383192
Dropping frame 1403637214.5383191
Dropping frame 1403637214.638319
Dropping frame 1403637214.7383192
Dropping frame 1403637214.8383191
Dropping frame 1403637214.9383192
Dropping frame 1403637215.0383191
Dropping frame 1403637215.138319
Dropping frame 1403637215.2383192
Dropping frame 1403637215.4383192
Dropping frame 1403637215.5383191
Dropping frame 1403637215.638319
Dropping frame 1403637215.7383192
Dropping frame 1403637215.8383191
Dropping frame 1403637215.9383192
Dropping frame 1403637216.0383191
Dropping frame 1403637216.138319
Dropping frame 1403637216.2383192
Dropping frame 1403637216.3383191
Dropping frame 1403637216.4383192
Dropping frame 1403637216.5383191
Dropping frame 1403637216.7383192
Dropping frame 1403637216.9883189
Dropping frame 1403637217.0883191
Dropping frame 1403637217.188319
Dropping frame 1403637217.2883189
Dropping frame 1403637217.388319
Dropping frame 1403637217.638319
Dropping frame 1403637217.7383192
Dropping frame 1403637217.8383191
Dropping frame 1403637217.9383192
Dropping frame 1403637218.138319
Dropping frame 1403637218.2383192
Dropping frame 1403637218.4383192
Dropping frame 1403637218.638319
Dropping frame 1403637218.7383192
Dropping frame 1403637218.8383191
Dropping frame 1403637218.9383192
Dropping frame 1403637219.138319
Dropping frame 1403637219.2383192
Dropping frame 1403637219.3383191
Dropping frame 1403637219.688319
Dropping frame 1403637219.8383191
Dropping frame 1403637220.0383191
Dropping frame 1403637220.138319
Dropping frame 1403637220.2883189
Dropping frame 1403637220.4383192
Dropping frame 1403637220.5383191
Dropping frame 1403637220.7883189
Dropping frame 1403637220.9883189
Dropping frame 1403637221.188319
Dropping frame 1403637221.388319
Dropping frame 1403637221.5883191
Dropping frame 1403637221.7383192
Dropping frame 1403637221.9883189
Dropping frame 1403637222.188319
Dropping frame 1403637222.388319
Dropping frame 1403637222.5883191
Dropping frame 1403637222.688319
Dropping frame 1403637222.888319
Dropping frame 1403637222.9883189
Dropping frame 1403637223.0883191
Dropping frame 1403637223.188319
Dropping frame 1403637223.388319
Dropping frame 1403637223.4883189
Dropping frame 1403637223.5883191
Dropping frame 1403637223.7883189
Dropping frame 1403637223.9883189
Dropping frame 1403637224.188319
Dropping frame 1403637224.2883189
Dropping frame 1403637224.388319
Dropping frame 1403637224.638319
Dropping frame 1403637224.8383191
Dropping frame 1403637225.0383191
Dropping frame 1403637225.2383192
Dropping frame 1403637225.4383192
Dropping frame 1403637225.638319
Dropping frame 1403637225.8383191
Dropping frame 1403637226.0883191
Dropping frame 1403637226.8383191
Dropping frame 1403637227.0383191
Dropping frame 1403637227.2383192
Dropping frame 1403637227.3383191
Dropping frame 1403637227.4383192
Dropping frame 1403637227.688319
Dropping frame 1403637227.888319
Dropping frame 1403637228.0883191
Dropping frame 1403637228.188319
Dropping frame 1403637228.4883189
Dropping frame 1403637228.688319
Dropping frame 1403637228.888319
Dropping frame 1403637229.0883191
Dropping frame 1403637229.188319
Dropping frame 1403637229.638319
Dropping frame 1403637229.9883189
Dropping frame 1403637230.188319
Dropping frame 1403637230.5883191
Dropping frame 1403637230.7883189
Dropping frame 1403637230.888319
Dropping frame 1403637231.0383191
Dropping frame 1403637231.3383191
Dropping frame 1403637231.4383192
Dropping frame 1403637231.688319
Dropping frame 1403637231.7883189
Dropping frame 1403637231.888319
Dropping frame 1403637232.0883191
Dropping frame 1403637232.4383192
Dropping frame 1403637232.5383191
Dropping frame 1403637233.688319
Dropping frame 1403637234.5383191
Dropping frame 1403637234.9383192
Dropping frame 1403637235.2883189
Dropping frame 1403637235.638319
Dropping frame 1403637235.8383191
Dropping frame 1403637236.0383191
Dropping frame 1403637236.2383192
Dropping frame 1403637236.388319
Dropping frame 1403637236.688319
Dropping frame 1403637236.888319
Dropping frame 1403637237.0883191
Dropping frame 1403637237.188319
Dropping frame 1403637237.4383192
Dropping frame 1403637237.638319
Dropping frame 1403637237.7383192
Dropping frame 1403637237.9383192
Dropping frame 1403637238.0383191
Dropping frame 1403637238.138319
Dropping frame 1403637238.2383192
Dropping frame 1403637238.4383192
Dropping frame 1403637238.638319
Dropping frame 1403637238.8383191
Dropping frame 1403637238.9383192
Dropping frame 1403637239.0383191
Dropping frame 1403637239.138319
Dropping frame 1403637239.3383191
Dropping frame 1403637239.4383192
Dropping frame 1403637239.5383191
Dropping frame 1403637239.7383192
Dropping frame 1403637239.8383191
Dropping frame 1403637239.9383192
Dropping frame 1403637240.138319
Dropping frame 1403637240.3383191
Dropping frame 1403637240.5383191
Dropping frame 1403637240.638319
Dropping frame 1403637240.7383192
Dropping frame 1403637240.9383192
Dropping frame 1403637241.0383191
Dropping frame 1403637241.138319
Dropping frame 1403637241.3383191
Dropping frame 1403637241.5383191
Dropping frame 1403637241.7383192
Dropping frame 1403637241.8383191
Dropping frame 1403637241.9383192
Dropping frame 1403637242.0383191
Dropping frame 1403637242.2383192
Dropping frame 1403637242.4383192
Dropping frame 1403637242.638319
Dropping frame 1403637242.7383192
Dropping frame 1403637242.8383191
Dropping frame 1403637243.0383191
Dropping frame 1403637243.2383192
Dropping frame 1403637243.4383192
Dropping frame 1403637243.5383191
Dropping frame 1403637243.9383192
Dropping frame 1403637244.0383191
Dropping frame 1403637244.138319
Dropping frame 1403637244.3383191
Dropping frame 1403637244.8383191
Dropping frame 1403637244.9383192
Dropping frame 1403637245.0383191
Dropping frame 1403637245.2383192
Dropping frame 1403637245.4383192
Dropping frame 1403637245.638319
Dropping frame 1403637245.7383192
Dropping frame 1403637245.8383191
Dropping frame 1403637246.0383191
Dropping frame 1403637246.138319
Dropping frame 1403637246.2383192
Dropping frame 1403637246.4383192
Dropping frame 1403637246.638319
Dropping frame 1403637246.8383191
Dropping frame 1403637246.9383192
Dropping frame 1403637247.0383191
Dropping frame 1403637247.2383192
Dropping frame 1403637247.4383192
Dropping frame 1403637247.638319
Dropping frame 1403637247.8383191
Dropping frame 1403637247.9383192
Dropping frame 1403637248.0383191
Dropping frame 1403637248.2383192
Dropping frame 1403637248.4383192
Dropping frame 1403637248.638319
Dropping frame 1403637248.8383191
Dropping frame 1403637248.9383192
Dropping frame 1403637249.0383191
Dropping frame 1403637249.2383192
Dropping frame 1403637249.7383192
Dropping frame 1403637249.8383191
Dropping frame 1403637249.9383192
Dropping frame 1403637250.138319
Dropping frame 1403637250.2383192
Dropping frame 1403637250.4883189
Dropping frame 1403637250.688319
Dropping frame 1403637250.888319
Dropping frame 1403637251.0883191
Dropping frame 1403637251.188319
Dropping frame 1403637251.2883189
Dropping frame 1403637251.4883189
Dropping frame 1403637251.688319
Dropping frame 1403637251.888319
Dropping frame 1403637251.9883189
Dropping frame 1403637252.0883191
Dropping frame 1403637252.2883189
Dropping frame 1403637252.4883189
Dropping frame 1403637252.5883191
Dropping frame 1403637252.688319
Dropping frame 1403637252.888319
Dropping frame 1403637253.0883191
Dropping frame 1403637253.2883189
Dropping frame 1403637253.388319
Dropping frame 1403637253.4883189
Dropping frame 1403637253.688319
Dropping frame 1403637253.7883189
Dropping frame 1403637253.888319
Dropping frame 1403637254.0883191
Dropping frame 1403637254.2883189
Dropping frame 1403637254.4883189
Dropping frame 1403637254.5883191
Dropping frame 1403637254.688319
Dropping frame 1403637254.888319
Dropping frame 1403637255.0883191
Dropping frame 1403637255.2883189
Dropping frame 1403637255.388319
Dropping frame 1403637255.4883189
Dropping frame 1403637255.688319
Dropping frame 1403637255.888319
Dropping frame 1403637256.0883191
Dropping frame 1403637256.188319
Dropping frame 1403637256.2883189
Dropping frame 1403637256.4883189
Dropping frame 1403637256.688319
Dropping frame 1403637256.888319
Dropping frame 1403637256.9883189
Dropping frame 1403637257.0883191
Dropping frame 1403637257.2883189
Dropping frame 1403637257.638319
Dropping frame 1403637257.8383191
Dropping frame 1403637258.2883189
Dropping frame 1403637258.388319
Dropping frame 1403637258.638319
Dropping frame 1403637258.8383191
Dropping frame 1403637259.0383191
Dropping frame 1403637259.388319
Dropping frame 1403637259.5883191
Dropping frame 1403637259.9383192
Dropping frame 1403637260.138319
Dropping frame 1403637260.3383191
Dropping frame 1403637260.5383191
Dropping frame 1403637260.688319
Dropping frame 1403637261.0383191
Dropping frame 1403637261.2383192
Dropping frame 1403637261.4383192
Dropping frame 1403637261.638319
Dropping frame 1403637261.8383191
Dropping frame 1403637262.0383191
Dropping frame 1403637262.2383192
Dropping frame 1403637262.5883191
Dropping frame 1403637263.0883191
Dropping frame 1403637263.2883189
Dropping frame 1403637263.4883189
Dropping frame 1403637263.688319
Dropping frame 1403637263.888319
Dropping frame 1403637264.0883191
Dropping frame 1403637264.188319
Dropping frame 1403637264.5883191
Dropping frame 1403637264.7883189
Dropping frame 1403637265.138319
Dropping frame 1403637265.3383191
Shutdown
SLAM Finished at System Time: 1732011120.20183

 TIME STATS in ms (mean$\pm$std)
OpenCV version: 4.8.1
---------------------------
Tracking

ORB Extraction: 18.165$\pm$2.3258
Stereo Matching: 7.6872$\pm$1.9355
IMU Preintegration: 0.243$\pm$0.092239
Pose Prediction: 0.76214$\pm$1.8238
LM Track: 18.677$\pm$6.3814
New KF decision: 1.3969$\pm$2.5716
Total Tracking: 31.906$\pm$25.685



Local Mapping

KF Insertion: 14.744$\pm$5.2776
MP Culling: 0.58383$\pm$0.28396
MP Creation: 45.755$\pm$19.101
LBA: 157.86$\pm$66.358
KF Culling: 15.221$\pm$10.587
Total Local Mapping: 231.99$\pm$94.528
---------------------------

LBA complexity (mean$\pm$std)
LBA Edges: 1595.4$\pm$597.38
LBA KF optimized: 6.5$\pm$2.2913
LBA KF fixed: 1$\pm$0
LBA MP: nan$\pm$nan

LBA executions: 449
LBA aborts: 0
---------------------------

Map complexity
KFs in map: 153
MPs in map: 12030
---------------------------

Place Recognition (mean$\pm$std)
Database Query: 2.2187$\pm$1.1599
SE3 estimation: 28.803$\pm$17.256
Total Place Recognition: 23.078$\pm$20.664


Loop Closing (mean$\pm$std)
Loop Fusion: nan$\pm$nan
Essential Graph: nan$\pm$nan
Total Loop Closing: nan$\pm$nan

Num exec: 0
Number of KFs: nan$\pm$nan

Map Merging (mean$\pm$std)
Merge Maps: nan$\pm$nan
Welding BA: nan$\pm$nan
Optimization Ess.: nan$\pm$nan
Total Map Merging: nan$\pm$nan

Num exec: 0
Number of KFs: nan$\pm$nan
Number of MPs: nan$\pm$nan

Full GBA (mean$\pm$std)
GBA: nan$\pm$nan
Map Update: nan$\pm$nan
Total Full GBA: nan$\pm$nan

Num exec: 0
Num abort: 0
Number of KFs: nan$\pm$nan
Number of MPs: nan$\pm$nan

Saving trajectory to f_dataset-MH03_stereo_imu.txt ...
There are 1 maps in the atlas
  Map 0 has 153 KFs

End of saving trajectory to f_dataset-MH03_stereo_imu.txt ...

Saving keyframe trajectory to kf_dataset-MH03_stereo_imu.txt ...
