num_seq = 1
file name: dataset-MH02_stereo_imu
Loading images for sequence 0...LOADED!
Loading IMU for sequence 0...LOADED!

-------

ORB-SLAM3 Copyright (C) 2017-2020 Carlos Campos, Richard Elvira, Juan J. Gómez, José M.M. Montiel and Juan D. Tardós, University of Zaragoza.
ORB-SLAM2 Copyright (C) 2014-2016 Raúl Mur-Artal, José M.M. Montiel and Juan D. Tardós, University of Zaragoza.
This program comes with ABSOLUTELY NO WARRANTY;
This is free software, and you are welcome to redistribute it
under certain conditions. See LICENSE.txt.

Built with REGISTER_TIMES
Git Commit Hash: 42e930e

Compiled with C++ version: 201703

Input sensor was set to: Stereo-Inertial
Loading settings from ./Examples/Stereo-Inertial/EuRoC_fov_deadlines_mask_12x12.yaml
	-Loaded camera 1
	-Loaded camera 2
	-Loaded image info
	-Loaded IMU calibration
	-Loaded ORB settings
	-Loaded viewer settings
	-Loaded Atlas settings
Deadlines enabled, will skip frames!
FOV enabled
Static mask size: 12x12
Dumping map points enabled
	-Loaded misc parameters
	-Computed rectification maps
----------------------------------
SLAM settings: 
	-Camera 1 parameters (Pinhole): [ 458.65399169921875 457.29598999023438 367.21499633789062 248.375 ]
	-Camera 1 distortion parameters: [  -0.28340810537338257 0.073959067463874817 0.00019359000725671649 1.7618711353861727e-05 ]
	-Camera 2 parameters (Pinhole: [ 457.58700561523438 456.13400268554688 379.99899291992188 255.23800659179688 ]
	-Camera 1 distortion parameters: [  -0.2836836576461792 0.074512839317321777 -0.00010473000293131918 -3.555907096597366e-05 ]
	-Original image size: [ 752 , 480 ]
	-Current image size: [ 752 , 480 ]
	-Camera 1 parameters after rectification: [  456.71499633789062 456.71499633789062 364.52615356445312 257.268798828125 ]
	-Sequence FPS: 20
	-Stereo baseline: 0.11007784307003021
	-Stereo depth threshold : 60
	-Gyro noise: 0.00016999999934341758
	-Accelerometer noise: 0.0020000000949949026
	-Gyro walk: 1.9392999092815444e-05
	-Accelerometer walk: 0.0030000000260770321
	-IMU frequency: 200
	-Features per image: 1200
	-ORB scale factor: 1.2000000476837158
	-ORB number of scales: 8
	-Initial FAST threshold: 20
	-Min FAST threshold: 7


Loading ORB Vocabulary. This could take a while...
Vocabulary loaded!

Initialization of Atlas from scratch 
Creation of new map with id: 0
Creation of new map with last KF id: 0
Seq. Name: 
There are 1 cameras in the atlas
Camera 0 is pinhole
SLAM Started at System Time: 1734512813.2809
not IMU meas
not IMU meas
not enough acceleration
not enough acceleration
not enough acceleration
not enough acceleration
not enough acceleration
not enough acceleration
First KF:0; Map init KF:0
New Map created with 189 points
Active map: 0
Dropping frame 1403636859.1516664
Dropping frame 1403636859.7016666
Dropping frame 1403636860.0016665
Dropping frame 1403636860.1016665
Dropping frame 1403636860.3016665
Dropping frame 1403636860.5016665
Dropping frame 1403636860.7016666
Dropping frame 1403636860.8016665
Dropping frame 1403636861.0516665
Dropping frame 1403636861.4016666
Dropping frame 1403636861.6516664
Dropping frame 1403636861.8516665
Dropping frame 1403636862.0516665
Dropping frame 1403636862.2516665
Dropping frame 1403636862.4016666
Dropping frame 1403636862.6016665
Dropping frame 1403636862.9016666
Dropping frame 1403636863.1516664
Dropping frame 1403636863.2516665
Dropping frame 1403636863.5016665
Dropping frame 1403636863.6016665
Dropping frame 1403636863.7016666
Dropping frame 1403636863.9016666
Dropping frame 1403636864.4016666
start VIBA 1
Dropping frame 1403636864.5516665
end VIBA 1
Dropping frame 1403636864.7516665
Dropping frame 1403636864.8516665
Dropping frame 1403636864.9516664
Dropping frame 1403636865.1016665
Dropping frame 1403636865.3016665
Dropping frame 1403636865.4016666
Dropping frame 1403636865.7016666
Dropping frame 1403636865.9016666
Dropping frame 1403636866.0016665
Dropping frame 1403636866.1016665
Dropping frame 1403636866.2016666
Dropping frame 1403636866.5516665
Dropping frame 1403636867.0016665
Dropping frame 1403636867.1016665
Dropping frame 1403636867.2016666
Dropping frame 1403636867.3516665
Dropping frame 1403636867.5516665
Dropping frame 1403636867.6516664
Dropping frame 1403636867.9016666
Dropping frame 1403636868.1016665
Dropping frame 1403636868.2016666
Dropping frame 1403636868.3016665
Dropping frame 1403636868.5016665
Dropping frame 1403636868.7016666
Dropping frame 1403636868.9016666
Dropping frame 1403636869.0016665
Dropping frame 1403636869.2016666
Dropping frame 1403636869.3016665
Dropping frame 1403636869.4016666
Dropping frame 1403636869.7516665
Dropping frame 1403636869.9516664
Dropping frame 1403636870.2016666
Dropping frame 1403636870.3016665
Dropping frame 1403636870.4016666
Dropping frame 1403636870.6016665
Dropping frame 1403636870.8016665
Dropping frame 1403636871.0016665
Dropping frame 1403636871.2016666
Dropping frame 1403636871.3016665
Dropping frame 1403636871.4016666
Dropping frame 1403636871.5516665
Dropping frame 1403636871.6516664
Dropping frame 1403636871.8516665
Dropping frame 1403636872.0016665
Dropping frame 1403636872.1016665
Dropping frame 1403636872.2016666
Dropping frame 1403636872.4016666
Dropping frame 1403636872.6016665
Dropping frame 1403636872.9516664
Dropping frame 1403636873.0516665
Dropping frame 1403636873.3016665
Dropping frame 1403636873.4016666
Dropping frame 1403636873.6016665
Dropping frame 1403636873.9516664
Dropping frame 1403636874.4016666
Dropping frame 1403636874.6016665
Dropping frame 1403636874.8016665
start VIBA 2
Dropping frame 1403636875.1016665
end VIBA 2
Dropping frame 1403636875.4016666
Dropping frame 1403636875.5016665
Dropping frame 1403636875.6016665
Dropping frame 1403636875.9516664
Dropping frame 1403636876.0516665
Dropping frame 1403636876.3016665
Dropping frame 1403636876.5016665
Dropping frame 1403636876.7016666
Dropping frame 1403636876.8516665
Dropping frame 1403636877.0016665
Dropping frame 1403636877.2516665
Dropping frame 1403636877.3516665
Dropping frame 1403636877.6516664
Dropping frame 1403636877.9516664
Dropping frame 1403636878.3016665
Dropping frame 1403636878.4516664
Dropping frame 1403636878.6516664
Dropping frame 1403636878.7516665
Dropping frame 1403636879.0016665
Dropping frame 1403636879.1516664
Dropping frame 1403636879.3516665
Dropping frame 1403636879.4516664
Dropping frame 1403636879.5516665
Dropping frame 1403636879.9016666
Dropping frame 1403636880.1516664
Dropping frame 1403636880.3516665
Dropping frame 1403636880.5516665
Dropping frame 1403636880.6516664
Dropping frame 1403636880.9016666
Dropping frame 1403636881.1516664
Dropping frame 1403636881.3516665
Dropping frame 1403636881.5516665
Dropping frame 1403636881.8516665
Dropping frame 1403636881.9516664
Dropping frame 1403636882.2016666
Dropping frame 1403636882.3016665
Dropping frame 1403636882.5016665
Dropping frame 1403636882.6016665
Dropping frame 1403636882.8016665
Dropping frame 1403636883.0016665
Dropping frame 1403636883.3516665
Dropping frame 1403636883.5516665
Dropping frame 1403636883.6516664
Dropping frame 1403636883.9016666
Dropping frame 1403636884.3516665
Dropping frame 1403636884.5016665
Dropping frame 1403636884.7516665
Dropping frame 1403636885.2516665
Dropping frame 1403636885.4016666
Dropping frame 1403636885.6016665
Dropping frame 1403636886.0016665
Dropping frame 1403636886.4016666
Dropping frame 1403636886.7516665
Dropping frame 1403636886.8516665
Dropping frame 1403636887.2516665
Dropping frame 1403636887.5016665
Dropping frame 1403636887.8016665
Dropping frame 1403636888.1016665
Dropping frame 1403636888.4016666
Dropping frame 1403636888.6516664
Dropping frame 1403636889.3516665
Dropping frame 1403636889.9516664
Dropping frame 1403636890.2016666
Dropping frame 1403636890.6016665
Dropping frame 1403636890.8516665
Dropping frame 1403636891.1516664
Dropping frame 1403636891.3516665
Dropping frame 1403636891.7016666
Dropping frame 1403636891.9516664
Dropping frame 1403636892.2516665
Dropping frame 1403636892.4516664
Dropping frame 1403636892.6516664
Dropping frame 1403636892.7516665
Dropping frame 1403636892.9016666
Dropping frame 1403636893.2016666
Dropping frame 1403636893.5516665
Dropping frame 1403636893.8516665
Dropping frame 1403636893.9516664
Dropping frame 1403636894.3516665
Dropping frame 1403636894.4516664
Dropping frame 1403636894.5516665
Dropping frame 1403636894.8016665
Dropping frame 1403636894.9016666
Dropping frame 1403636895.2016666
Dropping frame 1403636895.5016665
Dropping frame 1403636895.6016665
Dropping frame 1403636895.8516665
Dropping frame 1403636896.0516665
Dropping frame 1403636896.4516664
Dropping frame 1403636896.5516665
Dropping frame 1403636897.0016665
Dropping frame 1403636897.1016665
Dropping frame 1403636897.2016666
Dropping frame 1403636897.5516665
Dropping frame 1403636897.6516664
Dropping frame 1403636897.9016666
Dropping frame 1403636898.2016666
Dropping frame 1403636898.4016666
Dropping frame 1403636898.7016666
Dropping frame 1403636899.9516664
Dropping frame 1403636900.2016666
Dropping frame 1403636900.3516665
Dropping frame 1403636900.9516664
Dropping frame 1403636901.0516665
Dropping frame 1403636901.3016665
Dropping frame 1403636901.5016665
Dropping frame 1403636901.8016665
Dropping frame 1403636902.3016665
Dropping frame 1403636902.6516664
Dropping frame 1403636902.9016666
Dropping frame 1403636903.4516664
Dropping frame 1403636903.7516665
Dropping frame 1403636904.0516665
Dropping frame 1403636904.7516665
Dropping frame 1403636905.1016665
Dropping frame 1403636905.2016666
Dropping frame 1403636905.5516665
Dropping frame 1403636905.9016666
Dropping frame 1403636906.2516665
Dropping frame 1403636906.6016665
Dropping frame 1403636906.8016665
Dropping frame 1403636907.0516665
Dropping frame 1403636907.3016665
Dropping frame 1403636907.9016666
Dropping frame 1403636908.4016666
Dropping frame 1403636908.7516665
Dropping frame 1403636909.4016666
Dropping frame 1403636909.7016666
Dropping frame 1403636909.9016666
Dropping frame 1403636910.1016665
Dropping frame 1403636911.0016665
Dropping frame 1403636911.3516665
Dropping frame 1403636911.6016665
Dropping frame 1403636912.0016665
Dropping frame 1403636913.2516665
Dropping frame 1403636913.7516665
Dropping frame 1403636914.1016665
Dropping frame 1403636914.7516665
Dropping frame 1403636915.2016666
Dropping frame 1403636915.5516665
Dropping frame 1403636916.1016665
Dropping frame 1403636916.6516664
Dropping frame 1403636916.8516665
Dropping frame 1403636917.2516665
Dropping frame 1403636917.4516664
Dropping frame 1403636917.6516664
Dropping frame 1403636918.6016665
Dropping frame 1403636918.9016666
Dropping frame 1403636919.1016665
Dropping frame 1403636919.2016666
Dropping frame 1403636919.3016665
Dropping frame 1403636919.4516664
Dropping frame 1403636919.6516664
Dropping frame 1403636920.0016665
Dropping frame 1403636920.3516665
Dropping frame 1403636920.6516664
Dropping frame 1403636920.8016665
Dropping frame 1403636920.9516664
Dropping frame 1403636921.0516665
Dropping frame 1403636921.3016665
Dropping frame 1403636921.4016666
Dropping frame 1403636921.5016665
Dropping frame 1403636921.6016665
Dropping frame 1403636921.8016665
Dropping frame 1403636921.9016666
Dropping frame 1403636922.1016665
Dropping frame 1403636922.2016666
Dropping frame 1403636922.3016665
Dropping frame 1403636922.4016666
Dropping frame 1403636922.5016665
Dropping frame 1403636922.6016665
Dropping frame 1403636922.7016666
Dropping frame 1403636922.8016665
Dropping frame 1403636922.9516664
Dropping frame 1403636923.0516665
Dropping frame 1403636923.2516665
Dropping frame 1403636923.4516664
Dropping frame 1403636923.5516665
Dropping frame 1403636923.6516664
Dropping frame 1403636923.7516665
Dropping frame 1403636924.0016665
Dropping frame 1403636924.1016665
Dropping frame 1403636924.3016665
Dropping frame 1403636924.4016666
Dropping frame 1403636924.5016665
Dropping frame 1403636924.6016665
Dropping frame 1403636924.8516665
Dropping frame 1403636924.9516664
Dropping frame 1403636925.0516665
Dropping frame 1403636925.1516664
Dropping frame 1403636925.2516665
Dropping frame 1403636925.3516665
Dropping frame 1403636925.5016665
Dropping frame 1403636925.6016665
Dropping frame 1403636925.8016665
Dropping frame 1403636925.9016666
Dropping frame 1403636926.0016665
Dropping frame 1403636926.1016665
Dropping frame 1403636926.2016666
Dropping frame 1403636926.4516664
Dropping frame 1403636926.5516665
Dropping frame 1403636926.7016666
Dropping frame 1403636926.9016666
Dropping frame 1403636927.0016665
Dropping frame 1403636927.1016665
Dropping frame 1403636927.3016665
Dropping frame 1403636927.4016666
Dropping frame 1403636927.6016665
Dropping frame 1403636927.8016665
Dropping frame 1403636927.9016666
Dropping frame 1403636928.2516665
Dropping frame 1403636928.3516665
Dropping frame 1403636928.4516664
Dropping frame 1403636928.5516665
Dropping frame 1403636928.6516664
Dropping frame 1403636928.8516665
Dropping frame 1403636928.9516664
Dropping frame 1403636929.1016665
Dropping frame 1403636929.2016666
Dropping frame 1403636929.3016665
Dropping frame 1403636929.4516664
Dropping frame 1403636929.6016665
Dropping frame 1403636929.7016666
Dropping frame 1403636929.8016665
Dropping frame 1403636929.9016666
Dropping frame 1403636930.1016665
Dropping frame 1403636930.2016666
Dropping frame 1403636930.3016665
Dropping frame 1403636930.4016666
Dropping frame 1403636930.5016665
Dropping frame 1403636930.7516665
Dropping frame 1403636930.9516664
Dropping frame 1403636931.0516665
Dropping frame 1403636931.1516664
Dropping frame 1403636931.3516665
Dropping frame 1403636931.5516665
Dropping frame 1403636931.6516664
Dropping frame 1403636931.7516665
Dropping frame 1403636931.8516665
Dropping frame 1403636932.0016665
Dropping frame 1403636932.2016666
Dropping frame 1403636932.3016665
Dropping frame 1403636932.4016666
Dropping frame 1403636932.5016665
Dropping frame 1403636932.6016665
Dropping frame 1403636932.7016666
Dropping frame 1403636932.9016666
Dropping frame 1403636933.0016665
Dropping frame 1403636933.1016665
Dropping frame 1403636933.2516665
Dropping frame 1403636933.3516665
Dropping frame 1403636933.5516665
Dropping frame 1403636933.6516664
Dropping frame 1403636933.9016666
Dropping frame 1403636934.0016665
Dropping frame 1403636934.1016665
Dropping frame 1403636934.2016666
Dropping frame 1403636934.4016666
Dropping frame 1403636934.5016665
Dropping frame 1403636934.6516664
Dropping frame 1403636934.8516665
Dropping frame 1403636934.9516664
Dropping frame 1403636935.1016665
Dropping frame 1403636935.2016666
Dropping frame 1403636935.3016665
Dropping frame 1403636935.5016665
Dropping frame 1403636935.6516664
Dropping frame 1403636935.9516664
Dropping frame 1403636936.0516665
Dropping frame 1403636936.1516664
Dropping frame 1403636936.2516665
Dropping frame 1403636936.6016665
Dropping frame 1403636936.8016665
Dropping frame 1403636936.9016666
Dropping frame 1403636937.1516664
Dropping frame 1403636937.2516665
Dropping frame 1403636937.4516664
Dropping frame 1403636937.5516665
Dropping frame 1403636937.8516665
Dropping frame 1403636938.2016666
Dropping frame 1403636938.5516665
Dropping frame 1403636938.8516665
Dropping frame 1403636938.9516664
Dropping frame 1403636939.1516664
Dropping frame 1403636939.4516664
Dropping frame 1403636939.5516665
Dropping frame 1403636939.8516665
Dropping frame 1403636939.9516664
Dropping frame 1403636940.3516665
Dropping frame 1403636940.5516665
Dropping frame 1403636940.8516665
Dropping frame 1403636941.2016666
Dropping frame 1403636941.3016665
Dropping frame 1403636941.4016666
Dropping frame 1403636941.6516664
Dropping frame 1403636941.8516665
Dropping frame 1403636941.9516664
Dropping frame 1403636942.4016666
Dropping frame 1403636942.9016666
Dropping frame 1403636943.0016665
Dropping frame 1403636943.4016666
Dropping frame 1403636943.5016665
Dropping frame 1403636943.6016665
Dropping frame 1403636943.8516665
Dropping frame 1403636944.0016665
Dropping frame 1403636944.2016666
Dropping frame 1403636944.3016665
Dropping frame 1403636944.4016666
Dropping frame 1403636944.5516665
Dropping frame 1403636944.8016665
Dropping frame 1403636944.9016666
Dropping frame 1403636945.0016665
Dropping frame 1403636945.1016665
Dropping frame 1403636945.2016666
Dropping frame 1403636945.4016666
Dropping frame 1403636945.6016665
Dropping frame 1403636945.8516665
Dropping frame 1403636945.9516664
Dropping frame 1403636946.1016665
Dropping frame 1403636946.2016666
Dropping frame 1403636946.3516665
Dropping frame 1403636946.4516664
Dropping frame 1403636946.6516664
Dropping frame 1403636946.7516665
Dropping frame 1403636946.8516665
Dropping frame 1403636947.2016666
Dropping frame 1403636947.3016665
Dropping frame 1403636947.4016666
Dropping frame 1403636947.5016665
Dropping frame 1403636947.6016665
Dropping frame 1403636947.7516665
Dropping frame 1403636947.8516665
Dropping frame 1403636947.9516664
Dropping frame 1403636948.0516665
Dropping frame 1403636948.2516665
Dropping frame 1403636948.3516665
Dropping frame 1403636948.5016665
Dropping frame 1403636948.6016665
Dropping frame 1403636948.7016666
Dropping frame 1403636948.9016666
Dropping frame 1403636949.0016665
Dropping frame 1403636949.2016666
Dropping frame 1403636949.5016665
Dropping frame 1403636949.6016665
Dropping frame 1403636949.7016666
Dropping frame 1403636949.8016665
Dropping frame 1403636949.9016666
Dropping frame 1403636950.0016665
Dropping frame 1403636950.1016665
Dropping frame 1403636950.3016665
Dropping frame 1403636950.4016666
Dropping frame 1403636950.5016665
Dropping frame 1403636950.7016666
Dropping frame 1403636950.8516665
Dropping frame 1403636951.0516665
Dropping frame 1403636951.1516664
Dropping frame 1403636951.2516665
Dropping frame 1403636951.4016666
Dropping frame 1403636951.5016665
Dropping frame 1403636951.6516664
Dropping frame 1403636951.7516665
Dropping frame 1403636951.8516665
Dropping frame 1403636951.9516664
Dropping frame 1403636952.2016666
Dropping frame 1403636952.3016665
Dropping frame 1403636952.4016666
Dropping frame 1403636952.5016665
Dropping frame 1403636952.7016666
Dropping frame 1403636952.8016665
Dropping frame 1403636953.0016665
Dropping frame 1403636953.2016666
Dropping frame 1403636953.3016665
Dropping frame 1403636953.5516665
Dropping frame 1403636953.7516665
Dropping frame 1403636953.9516664
Dropping frame 1403636954.0516665
Dropping frame 1403636954.2516665
Dropping frame 1403636954.3516665
Dropping frame 1403636954.6016665
Dropping frame 1403636954.7016666
Dropping frame 1403636954.8016665
Dropping frame 1403636954.9016666
Dropping frame 1403636955.0516665
Dropping frame 1403636955.2516665
Dropping frame 1403636955.3516665
Dropping frame 1403636955.4516664
Dropping frame 1403636955.5516665
Dropping frame 1403636955.6516664
Dropping frame 1403636955.7516665
Dropping frame 1403636955.9516664
Dropping frame 1403636956.0516665
Dropping frame 1403636956.1516664
Dropping frame 1403636956.2516665
Dropping frame 1403636956.3516665
Dropping frame 1403636956.5516665
Dropping frame 1403636956.6516664
Dropping frame 1403636956.8516665
Dropping frame 1403636956.9516664
Dropping frame 1403636957.1516664
Dropping frame 1403636957.3516665
Dropping frame 1403636957.4516664
Dropping frame 1403636957.7516665
Dropping frame 1403636957.9516664
Dropping frame 1403636958.1516664
Dropping frame 1403636958.3516665
Dropping frame 1403636958.6516664
Dropping frame 1403636958.8516665
Dropping frame 1403636958.9516664
Dropping frame 1403636959.0516665
Dropping frame 1403636959.2516665
Dropping frame 1403636959.4516664
Dropping frame 1403636959.6516664
Dropping frame 1403636959.8516665
Dropping frame 1403636960.0516665
Dropping frame 1403636960.2516665
Dropping frame 1403636960.4516664
Dropping frame 1403636960.6516664
Dropping frame 1403636960.7516665
Dropping frame 1403636960.9516664
Dropping frame 1403636961.1516664
Dropping frame 1403636961.2516665
Dropping frame 1403636961.3516665
Dropping frame 1403636961.5516665
Dropping frame 1403636961.6516664
Dropping frame 1403636961.7516665
Dropping frame 1403636961.9516664
Dropping frame 1403636962.1516664
Dropping frame 1403636962.3516665
Dropping frame 1403636962.5516665
Dropping frame 1403636962.6516664
Dropping frame 1403636962.7516665
Dropping frame 1403636962.8516665
Dropping frame 1403636963.0516665
Dropping frame 1403636963.2516665
Dropping frame 1403636963.3516665
Dropping frame 1403636963.4516664
Dropping frame 1403636963.6516664
Dropping frame 1403636963.8516665
Dropping frame 1403636964.0516665
Dropping frame 1403636964.2516665
Dropping frame 1403636964.3516665
Dropping frame 1403636964.4516664
Dropping frame 1403636964.5516665
Dropping frame 1403636964.7516665
Dropping frame 1403636964.9516664
Dropping frame 1403636965.1516664
Dropping frame 1403636965.3516665
Dropping frame 1403636965.5516665
Dropping frame 1403636965.7516665
Dropping frame 1403636965.8516665
Dropping frame 1403636966.0516665
Dropping frame 1403636966.2516665
Dropping frame 1403636966.3516665
Dropping frame 1403636966.4516664
Dropping frame 1403636966.6516664
Dropping frame 1403636966.8516665
Dropping frame 1403636967.0516665
Dropping frame 1403636967.2516665
Dropping frame 1403636967.4516664
Dropping frame 1403636967.5516665
Dropping frame 1403636967.6516664
Dropping frame 1403636967.7516665
Dropping frame 1403636967.9516664
Dropping frame 1403636968.1516664
Dropping frame 1403636968.2516665
Dropping frame 1403636968.4516664
Dropping frame 1403636968.5516665
Dropping frame 1403636968.6516664
Dropping frame 1403636968.8516665
Dropping frame 1403636969.0516665
Dropping frame 1403636969.2516665
Dropping frame 1403636969.3516665
Dropping frame 1403636969.4516664
Dropping frame 1403636969.6516664
Dropping frame 1403636969.8516665
Dropping frame 1403636969.9516664
Dropping frame 1403636970.0516665
Dropping frame 1403636970.2516665
Dropping frame 1403636970.3516665
Dropping frame 1403636970.4516664
Dropping frame 1403636970.6516664
Dropping frame 1403636970.8516665
Dropping frame 1403636970.9516664
Dropping frame 1403636971.0516665
Dropping frame 1403636971.1516664
Dropping frame 1403636971.2516665
Dropping frame 1403636971.6516664
Dropping frame 1403636971.8516665
Dropping frame 1403636972.0516665
Dropping frame 1403636972.2516665
Dropping frame 1403636972.4016666
Dropping frame 1403636972.6016665
Dropping frame 1403636972.8016665
Dropping frame 1403636972.9016666
Dropping frame 1403636973.1016665
Dropping frame 1403636973.3016665
Dropping frame 1403636973.5016665
Dropping frame 1403636973.6016665
Dropping frame 1403636973.8016665
Dropping frame 1403636973.9016666
Dropping frame 1403636974.1016665
Dropping frame 1403636974.3016665
Dropping frame 1403636974.5016665
Dropping frame 1403636974.7016666
Dropping frame 1403636974.8016665
Dropping frame 1403636974.9016666
Dropping frame 1403636975.1016665
Dropping frame 1403636975.3016665
Dropping frame 1403636975.5016665
Dropping frame 1403636975.7016666
Dropping frame 1403636975.9016666
Dropping frame 1403636976.0016665
Dropping frame 1403636976.1516664
Dropping frame 1403636976.3516665
Dropping frame 1403636976.5016665
Dropping frame 1403636976.7016666
Dropping frame 1403636976.9016666
Dropping frame 1403636977.1016665
Dropping frame 1403636977.2016666
Dropping frame 1403636977.4516664
Dropping frame 1403636977.6016665
Dropping frame 1403636977.8016665
Dropping frame 1403636978.0016665
Dropping frame 1403636978.2016666
Dropping frame 1403636978.4016666
Dropping frame 1403636978.5016665
Dropping frame 1403636978.7016666
Dropping frame 1403636978.8016665
Dropping frame 1403636979.0516665
Dropping frame 1403636979.2516665
Dropping frame 1403636979.4516664
Dropping frame 1403636979.6516664
Dropping frame 1403636979.8516665
Dropping frame 1403636980.0516665
Dropping frame 1403636980.1516664
Dropping frame 1403636980.2516665
Dropping frame 1403636980.4516664
Dropping frame 1403636980.6516664
Dropping frame 1403636980.8516665
Dropping frame 1403636980.9516664
Dropping frame 1403636981.1516664
Dropping frame 1403636981.3516665
Dropping frame 1403636981.5016665
Dropping frame 1403636981.7016666
Dropping frame 1403636981.9016666
Dropping frame 1403636982.0016665
Dropping frame 1403636982.1016665
Dropping frame 1403636982.3516665
Dropping frame 1403636982.5516665
Dropping frame 1403636982.7516665
Dropping frame 1403636982.9516664
Dropping frame 1403636983.1016665
Dropping frame 1403636983.3016665
Dropping frame 1403636983.5016665
Dropping frame 1403636983.6016665
Dropping frame 1403636983.8016665
Dropping frame 1403636983.9016666
Dropping frame 1403636984.1516664
Dropping frame 1403636984.3516665
Dropping frame 1403636984.4516664
Dropping frame 1403636984.6516664
Dropping frame 1403636984.8516665
Dropping frame 1403636985.0516665
Dropping frame 1403636985.1516664
Dropping frame 1403636985.2516665
Dropping frame 1403636985.4516664
Dropping frame 1403636985.5516665
Dropping frame 1403636985.7516665
Dropping frame 1403636985.8516665
Dropping frame 1403636986.0016665
Dropping frame 1403636986.1016665
Dropping frame 1403636986.3016665
Dropping frame 1403636986.5016665
Dropping frame 1403636986.7016666
Dropping frame 1403636986.9016666
Dropping frame 1403636987.0016665
Dropping frame 1403636987.1016665
Dropping frame 1403636987.2016666
Dropping frame 1403636987.3016665
Dropping frame 1403636987.5516665
Dropping frame 1403636987.6516664
Dropping frame 1403636987.7516665
Dropping frame 1403636987.9516664
Dropping frame 1403636988.1516664
Dropping frame 1403636988.2516665
Dropping frame 1403636988.3516665
Dropping frame 1403636988.4516664
Dropping frame 1403636988.6516664
Dropping frame 1403636988.8516665
Dropping frame 1403636988.9516664
Dropping frame 1403636989.0516665
Dropping frame 1403636989.2516665
Dropping frame 1403636989.4516664
Dropping frame 1403636989.5516665
Dropping frame 1403636989.6516664
Dropping frame 1403636989.7516665
Dropping frame 1403636989.8516665
Dropping frame 1403636990.0516665
Dropping frame 1403636990.1516664
Dropping frame 1403636990.2516665
Dropping frame 1403636990.4016666
Dropping frame 1403636990.6516664
Dropping frame 1403636990.7516665
Dropping frame 1403636990.9516664
Dropping frame 1403636991.2516665
Dropping frame 1403636991.4016666
Dropping frame 1403636991.5016665
Dropping frame 1403636991.7016666
Dropping frame 1403636991.9016666
Dropping frame 1403636992.0016665
Dropping frame 1403636992.2516665
Dropping frame 1403636992.3516665
Dropping frame 1403636992.4516664
Dropping frame 1403636992.5516665
Dropping frame 1403636992.6516664
Dropping frame 1403636992.8516665
Dropping frame 1403636993.0516665
Dropping frame 1403636993.2516665
Dropping frame 1403636993.3516665
Dropping frame 1403636993.5516665
Dropping frame 1403636993.7516665
Dropping frame 1403636993.8516665
Dropping frame 1403636993.9516664
Dropping frame 1403636994.3516665
Dropping frame 1403636994.4516664
Dropping frame 1403636994.7516665
Dropping frame 1403636994.8516665
Dropping frame 1403636995.1516664
Dropping frame 1403636995.2516665
Dropping frame 1403636995.6516664
Dropping frame 1403636996.0016665
Dropping frame 1403636996.1516664
Dropping frame 1403636996.4016666
Dropping frame 1403636996.5516665
Dropping frame 1403636996.9016666
Dropping frame 1403636997.0016665
Dropping frame 1403636997.1016665
Dropping frame 1403636997.2016666
Dropping frame 1403636997.6016665
Dropping frame 1403636997.7016666
Dropping frame 1403636997.9516664
Dropping frame 1403636998.3016665
Dropping frame 1403636998.6016665
Dropping frame 1403636998.8016665
Dropping frame 1403636998.9016666
Dropping frame 1403636999.1016665
Dropping frame 1403636999.4516664
Dropping frame 1403636999.5516665
Dropping frame 1403636999.7016666
Dropping frame 1403636999.9016666
Dropping frame 1403637000.0016665
Dropping frame 1403637000.2516665
Dropping frame 1403637000.5016665
Dropping frame 1403637000.7016666
Dropping frame 1403637001.1016665
Dropping frame 1403637001.2016666
Dropping frame 1403637001.3516665
Dropping frame 1403637001.5516665
Dropping frame 1403637001.7516665
Dropping frame 1403637001.9516664
Dropping frame 1403637002.1516664
Dropping frame 1403637002.3516665
Dropping frame 1403637002.4516664
Dropping frame 1403637002.5516665
Dropping frame 1403637002.7516665
Dropping frame 1403637002.8516665
Dropping frame 1403637002.9516664
Dropping frame 1403637003.1516664
Dropping frame 1403637003.3016665
Dropping frame 1403637003.4016666
Dropping frame 1403637003.6016665
Dropping frame 1403637003.8016665
Dropping frame 1403637003.9016666
Dropping frame 1403637004.1016665
Dropping frame 1403637004.3016665
Dropping frame 1403637004.4016666
Dropping frame 1403637004.6016665
Dropping frame 1403637004.8016665
Dropping frame 1403637004.9016666
Dropping frame 1403637005.0016665
Dropping frame 1403637005.2016666
Dropping frame 1403637005.4016666
Dropping frame 1403637005.6016665
Dropping frame 1403637005.7016666
Dropping frame 1403637005.8016665
Dropping frame 1403637005.9016666
Dropping frame 1403637006.0016665
Dropping frame 1403637006.2516665
Dropping frame 1403637006.4516664
Dropping frame 1403637006.6516664
Dropping frame 1403637006.8516665
Dropping frame 1403637007.0516665
Dropping frame 1403637007.1516664
Dropping frame 1403637007.3516665
Dropping frame 1403637007.5516665
Dropping frame 1403637007.7516665
Dropping frame 1403637007.9516664
Dropping frame 1403637008.0516665
Dropping frame 1403637008.3016665
Dropping frame 1403637008.5016665
Dropping frame 1403637008.6016665
Dropping frame 1403637008.8016665
Dropping frame 1403637009.0016665
Dropping frame 1403637009.2016666
Dropping frame 1403637009.3016665
Dropping frame 1403637009.4016666
Dropping frame 1403637009.6016665
Dropping frame 1403637009.8016665
Dropping frame 1403637009.9016666
Dropping frame 1403637010.0016665
Dropping frame 1403637010.2016666
Dropping frame 1403637010.3016665
Dropping frame 1403637010.4016666
Dropping frame 1403637010.5016665
Shutdown
SLAM Finished at System Time: 1734513001.34241

 TIME STATS in ms (mean$\pm$std)
OpenCV version: 4.8.1
---------------------------
Tracking

ORB Extraction: 20.934$\pm$1.9858
Stereo Matching: 7.4015$\pm$1.9736
IMU Preintegration: 0.25298$\pm$0.1009
Pose Prediction: 0.21641$\pm$0.61564
LM Track: 19.661$\pm$5.5106
New KF decision: 1.3311$\pm$2.4353
Total Tracking: 32.044$\pm$27.644



Local Mapping

KF Insertion: 17.242$\pm$5.8291
MP Culling: 0.56551$\pm$0.21242
MP Creation: 50.524$\pm$16.523
LBA: 152.83$\pm$53.439
KF Culling: 15.752$\pm$10.331
Total Local Mapping: 236.99$\pm$76.695
---------------------------

LBA complexity (mean$\pm$std)
LBA Edges: 1674.1$\pm$539.16
LBA KF optimized: 6.5$\pm$2.2913
LBA KF fixed: 1$\pm$0
LBA MP: nan$\pm$nan

LBA executions: 462
LBA aborts: 0
---------------------------

Map complexity
KFs in map: 129
MPs in map: 10153
---------------------------

Place Recognition (mean$\pm$std)
Database Query: 1.414$\pm$0.7358
SE3 estimation: 11.097$\pm$15.963
Total Place Recognition: 11.275$\pm$15.954


Loop Closing (mean$\pm$std)
Loop Fusion: nan$\pm$nan
Essential Graph: nan$\pm$nan
Total Loop Closing: nan$\pm$nan

Num exec: 0
Number of KFs: nan$\pm$nan

Map Merging (mean$\pm$std)
Merge Maps: nan$\pm$nan
Welding BA: nan$\pm$nan
Optimization Ess.: nan$\pm$nan
Total Map Merging: nan$\pm$nan

Num exec: 0
Number of KFs: nan$\pm$nan
Number of MPs: nan$\pm$nan

Full GBA (mean$\pm$std)
GBA: nan$\pm$nan
Map Update: nan$\pm$nan
Total Full GBA: nan$\pm$nan

Num exec: 0
Num abort: 0
Number of KFs: nan$\pm$nan
Number of MPs: nan$\pm$nan

Saving trajectory to f_dataset-MH02_stereo_imu.txt ...
There are 1 maps in the atlas
  Map 0 has 129 KFs

End of saving trajectory to f_dataset-MH02_stereo_imu.txt ...

Saving keyframe trajectory to kf_dataset-MH02_stereo_imu.txt ...
