num_seq = 1
file name: dataset-MH01_stereo_imu
Loading images for sequence 0...LOADED!
Loading IMU for sequence 0...LOADED!

-------

ORB-SLAM3 Copyright (C) 2017-2020 Carlos Campos, Richard Elvira, Juan J. Gómez, José M.M. Montiel and Juan D. Tardós, University of Zaragoza.
ORB-SLAM2 Copyright (C) 2014-2016 Raúl Mur-Artal, José M.M. Montiel and Juan D. Tardós, University of Zaragoza.
This program comes with ABSOLUTELY NO WARRANTY;
This is free software, and you are welcome to redistribute it
under certain conditions. See LICENSE.txt.

Built with REGISTER_TIMES
Git Commit Hash: 42e930e

Compiled with C++ version: 201703

Input sensor was set to: Stereo-Inertial
Loading settings from ./Examples/Stereo-Inertial/EuRoC_fov_deadlines_mask_4x4.yaml
	-Loaded camera 1
	-Loaded camera 2
	-Loaded image info
	-Loaded IMU calibration
	-Loaded ORB settings
	-Loaded viewer settings
	-Loaded Atlas settings
Deadlines enabled, will skip frames!
FOV enabled
Static mask size: 4x4
Dumping map points enabled
	-Loaded misc parameters
	-Computed rectification maps
----------------------------------
SLAM settings: 
	-Camera 1 parameters (Pinhole): [ 458.65399169921875 457.29598999023438 367.21499633789062 248.375 ]
	-Camera 1 distortion parameters: [  -0.28340810537338257 0.073959067463874817 0.00019359000725671649 1.7618711353861727e-05 ]
	-Camera 2 parameters (Pinhole: [ 457.58700561523438 456.13400268554688 379.99899291992188 255.23800659179688 ]
	-Camera 1 distortion parameters: [  -0.2836836576461792 0.074512839317321777 -0.00010473000293131918 -3.555907096597366e-05 ]
	-Original image size: [ 752 , 480 ]
	-Current image size: [ 752 , 480 ]
	-Camera 1 parameters after rectification: [  456.71499633789062 456.71499633789062 364.52615356445312 257.268798828125 ]
	-Sequence FPS: 20
	-Stereo baseline: 0.11007784307003021
	-Stereo depth threshold : 60
	-Gyro noise: 0.00016999999934341758
	-Accelerometer noise: 0.0020000000949949026
	-Gyro walk: 1.9392999092815444e-05
	-Accelerometer walk: 0.0030000000260770321
	-IMU frequency: 200
	-Features per image: 1200
	-ORB scale factor: 1.2000000476837158
	-ORB number of scales: 8
	-Initial FAST threshold: 20
	-Min FAST threshold: 7


Loading ORB Vocabulary. This could take a while...
Vocabulary loaded!

Initialization of Atlas from scratch 
Creation of new map with id: 0
Creation of new map with last KF id: 0
Seq. Name: 
There are 1 cameras in the atlas
Camera 0 is pinhole
SLAM Started at System Time: 1734505708.28097
not IMU meas
not IMU meas
not enough acceleration
not enough acceleration
First KF:0; Map init KF:0
New Map created with 570 points
Active map: 0
Dropping frame 1403636580.0135555
Dropping frame 1403636580.2135556
Dropping frame 1403636580.5135555
Dropping frame 1403636581.4135554
Dropping frame 1403636581.7135556
Dropping frame 1403636581.9635556
Dropping frame 1403636582.0635555
Dropping frame 1403636582.1635556
Dropping frame 1403636582.5135555
Dropping frame 1403636582.6135554
Dropping frame 1403636582.8635557
Dropping frame 1403636583.0635555
Dropping frame 1403636583.8135555
Dropping frame 1403636583.9135554
Dropping frame 1403636584.2635555
Dropping frame 1403636584.5135555
Dropping frame 1403636584.6135554
Dropping frame 1403636584.9135554
start VIBA 1
end VIBA 1
Dropping frame 1403636586.1635556
Dropping frame 1403636586.3635557
Dropping frame 1403636586.5635555
Dropping frame 1403636586.6635556
Dropping frame 1403636586.7635555
Dropping frame 1403636586.9135554
Dropping frame 1403636587.1135554
Dropping frame 1403636587.2135556
Dropping frame 1403636587.3135555
Dropping frame 1403636587.4135554
Dropping frame 1403636587.5635555
Dropping frame 1403636587.6635556
Dropping frame 1403636589.0135555
Dropping frame 1403636589.4135554
Dropping frame 1403636589.6135554
Dropping frame 1403636589.8635557
Dropping frame 1403636589.9635556
Dropping frame 1403636590.3635557
Dropping frame 1403636590.5635555
Dropping frame 1403636590.7635555
Dropping frame 1403636591.1635556
Dropping frame 1403636594.4635556
Dropping frame 1403636594.8135555
Dropping frame 1403636595.2635555
Dropping frame 1403636595.8135555
start VIBA 2
end VIBA 2
Dropping frame 1403636598.7635555
Dropping frame 1403636630.6635556
Dropping frame 1403636631.2135556
Dropping frame 1403636631.3635557
Dropping frame 1403636631.8135555
Dropping frame 1403636631.9135554
Dropping frame 1403636632.3635557
Dropping frame 1403636633.0135555
Dropping frame 1403636633.3135555
Dropping frame 1403636633.7635555
Dropping frame 1403636634.3135555
Dropping frame 1403636635.7135556
Dropping frame 1403636635.8135555
Dropping frame 1403636636.0135555
Dropping frame 1403636636.4635556
Dropping frame 1403636636.7135556
Dropping frame 1403636636.8135555
Dropping frame 1403636637.3135555
Dropping frame 1403636637.5135555
Dropping frame 1403636637.6135554
Dropping frame 1403636637.9635556
Dropping frame 1403636638.1635556
Dropping frame 1403636638.6635556
Dropping frame 1403636638.9635556
Dropping frame 1403636639.1135554
Dropping frame 1403636639.4135554
Dropping frame 1403636639.5135555
Dropping frame 1403636639.7135556
Dropping frame 1403636640.3135555
Dropping frame 1403636640.7135556
Dropping frame 1403636640.8135555
Dropping frame 1403636641.0635555
Dropping frame 1403636642.0635555
Dropping frame 1403636642.5135555
Dropping frame 1403636642.8635557
Dropping frame 1403636643.8135555
Dropping frame 1403636643.9135554
Dropping frame 1403636644.4635556
Dropping frame 1403636644.7635555
Dropping frame 1403636644.9635556
Dropping frame 1403636645.0635555
Dropping frame 1403636645.4635556
Dropping frame 1403636647.2135556
Dropping frame 1403636647.4135554
Dropping frame 1403636647.7135556
Dropping frame 1403636648.8635557
Dropping frame 1403636649.1135554
Dropping frame 1403636649.4135554
Dropping frame 1403636649.5135555
Dropping frame 1403636649.6135554
Dropping frame 1403636650.4635556
Dropping frame 1403636650.6635556
Dropping frame 1403636651.2135556
Dropping frame 1403636651.3135555
Dropping frame 1403636651.7135556
Dropping frame 1403636652.2135556
Dropping frame 1403636652.4635556
Dropping frame 1403636652.8635557
Dropping frame 1403636653.0635555
Dropping frame 1403636653.1635556
Dropping frame 1403636653.2635555
Dropping frame 1403636653.3635557
Dropping frame 1403636654.2135556
Dropping frame 1403636654.3135555
Dropping frame 1403636654.4135554
Dropping frame 1403636654.6135554
Dropping frame 1403636654.8135555
Dropping frame 1403636654.9135554
Dropping frame 1403636655.3635557
Dropping frame 1403636657.2135556
Dropping frame 1403636658.9135554
Dropping frame 1403636659.4135554
Dropping frame 1403636659.6135554
Dropping frame 1403636659.8635557
Dropping frame 1403636660.0635555
Dropping frame 1403636660.2635555
Dropping frame 1403636660.3635557
Dropping frame 1403636660.4635556
Dropping frame 1403636660.8635557
Dropping frame 1403636661.1635556
Dropping frame 1403636661.7135556
Dropping frame 1403636662.4635556
Dropping frame 1403636662.5635555
Dropping frame 1403636662.7635555
Dropping frame 1403636663.0635555
Dropping frame 1403636663.2135556
Dropping frame 1403636664.0635555
Dropping frame 1403636664.7635555
Dropping frame 1403636665.2635555
Dropping frame 1403636665.3635557
Dropping frame 1403636666.2635555
Dropping frame 1403636666.6635556
Dropping frame 1403636667.1635556
Dropping frame 1403636667.5635555
Dropping frame 1403636667.9135554
Dropping frame 1403636668.9635556
Dropping frame 1403636669.9135554
Dropping frame 1403636673.3135555
Dropping frame 1403636673.7635555
Dropping frame 1403636673.9635556
Dropping frame 1403636675.1635556
Dropping frame 1403636675.2635555
Dropping frame 1403636680.7635555
Dropping frame 1403636681.3635557
Dropping frame 1403636681.8635557
Dropping frame 1403636682.1635556
Dropping frame 1403636683.0135555
Dropping frame 1403636683.5135555
Dropping frame 1403636683.7635555
Dropping frame 1403636684.6135554
Dropping frame 1403636684.7135556
Dropping frame 1403636684.8635557
Dropping frame 1403636687.0135555
Dropping frame 1403636687.1135554
Dropping frame 1403636687.6135554
Dropping frame 1403636688.3635557
Dropping frame 1403636688.4635556
Dropping frame 1403636688.5635555
Dropping frame 1403636688.6635556
Dropping frame 1403636688.7635555
Dropping frame 1403636689.1135554
Dropping frame 1403636689.2135556
Dropping frame 1403636689.3135555
Dropping frame 1403636689.5135555
Dropping frame 1403636689.6135554
Dropping frame 1403636689.7135556
Dropping frame 1403636690.2135556
Dropping frame 1403636690.4635556
Dropping frame 1403636690.6135554
Dropping frame 1403636691.0635555
Dropping frame 1403636691.2635555
Dropping frame 1403636691.3635557
Dropping frame 1403636691.4635556
Dropping frame 1403636691.7135556
Dropping frame 1403636692.2635555
Dropping frame 1403636692.7135556
Dropping frame 1403636693.1135554
Dropping frame 1403636693.6135554
Dropping frame 1403636693.7135556
Dropping frame 1403636694.5635555
Dropping frame 1403636695.0635555
Dropping frame 1403636695.4635556
Dropping frame 1403636695.8135555
Dropping frame 1403636696.3135555
Dropping frame 1403636696.4135554
Dropping frame 1403636696.7635555
Dropping frame 1403636697.3635557
Dropping frame 1403636697.6635556
Dropping frame 1403636697.7635555
Dropping frame 1403636698.0635555
Dropping frame 1403636698.4635556
Dropping frame 1403636698.5635555
Dropping frame 1403636698.8135555
Dropping frame 1403636699.1635556
Dropping frame 1403636699.2635555
Dropping frame 1403636699.3635557
Dropping frame 1403636699.4635556
Dropping frame 1403636699.7135556
Dropping frame 1403636699.8135555
Dropping frame 1403636700.1135554
Dropping frame 1403636700.5135555
Dropping frame 1403636700.8135555
Dropping frame 1403636700.9135554
Dropping frame 1403636701.0135555
Dropping frame 1403636701.1135554
Dropping frame 1403636701.8635557
Dropping frame 1403636701.9635556
Dropping frame 1403636702.0635555
Dropping frame 1403636702.2135556
Dropping frame 1403636702.4135554
Dropping frame 1403636702.5135555
Dropping frame 1403636702.7635555
Dropping frame 1403636702.8635557
Dropping frame 1403636703.1635556
Dropping frame 1403636703.3635557
Dropping frame 1403636703.4635556
Dropping frame 1403636703.6635556
Dropping frame 1403636703.7635555
Dropping frame 1403636703.8635557
Dropping frame 1403636703.9635556
Dropping frame 1403636704.0635555
Dropping frame 1403636704.1635556
Dropping frame 1403636704.3135555
Dropping frame 1403636704.6635556
Dropping frame 1403636705.0635555
Dropping frame 1403636706.3135555
Dropping frame 1403636706.5135555
Dropping frame 1403636706.6135554
Dropping frame 1403636706.8635557
Dropping frame 1403636707.2135556
Dropping frame 1403636707.3135555
Dropping frame 1403636708.1135554
Dropping frame 1403636708.3135555
Dropping frame 1403636708.5135555
Dropping frame 1403636708.7135556
Dropping frame 1403636708.9635556
Dropping frame 1403636709.1135554
Dropping frame 1403636709.4135554
Dropping frame 1403636709.6135554
Dropping frame 1403636709.8135555
Dropping frame 1403636710.1135554
Dropping frame 1403636710.3135555
Dropping frame 1403636710.5135555
Dropping frame 1403636710.6135554
Dropping frame 1403636710.8135555
Dropping frame 1403636711.2135556
Dropping frame 1403636711.3635557
Dropping frame 1403636711.6135554
Dropping frame 1403636711.8635557
Dropping frame 1403636712.4135554
Dropping frame 1403636712.8635557
Dropping frame 1403636713.0635555
Dropping frame 1403636713.2135556
Dropping frame 1403636713.4635556
Dropping frame 1403636713.5635555
Dropping frame 1403636714.1635556
Dropping frame 1403636714.3135555
Dropping frame 1403636714.6135554
Dropping frame 1403636714.8635557
Dropping frame 1403636715.3135555
Dropping frame 1403636715.4135554
Dropping frame 1403636715.5135555
Dropping frame 1403636715.6135554
Dropping frame 1403636715.9135554
Dropping frame 1403636716.1135554
Dropping frame 1403636716.3135555
Dropping frame 1403636716.4135554
Dropping frame 1403636716.5135555
Dropping frame 1403636716.7635555
Dropping frame 1403636716.9635556
Dropping frame 1403636717.2635555
Dropping frame 1403636717.5135555
Dropping frame 1403636717.6135554
Dropping frame 1403636717.7135556
Dropping frame 1403636717.8135555
Dropping frame 1403636717.9635556
Dropping frame 1403636718.1635556
Dropping frame 1403636718.3635557
Dropping frame 1403636718.6135554
Dropping frame 1403636718.9135554
Dropping frame 1403636719.0135555
Dropping frame 1403636719.4135554
Dropping frame 1403636719.5135555
Dropping frame 1403636719.6135554
Dropping frame 1403636720.1135554
Dropping frame 1403636720.3135555
Dropping frame 1403636720.4135554
Dropping frame 1403636720.5135555
Dropping frame 1403636720.6135554
Dropping frame 1403636720.7135556
Dropping frame 1403636720.9635556
Dropping frame 1403636721.0635555
Dropping frame 1403636721.1635556
Dropping frame 1403636721.2635555
Dropping frame 1403636721.3635557
Dropping frame 1403636721.5635555
Dropping frame 1403636721.7135556
Dropping frame 1403636721.9635556
Dropping frame 1403636722.0635555
Dropping frame 1403636722.1635556
Dropping frame 1403636722.3135555
Dropping frame 1403636722.5135555
Dropping frame 1403636722.7135556
Dropping frame 1403636722.8135555
Dropping frame 1403636722.9135554
Dropping frame 1403636723.0635555
Dropping frame 1403636723.2635555
Dropping frame 1403636723.3635557
Dropping frame 1403636723.4635556
Dropping frame 1403636723.5635555
Dropping frame 1403636723.7635555
Dropping frame 1403636723.9635556
Dropping frame 1403636724.1635556
Dropping frame 1403636724.2635555
Dropping frame 1403636724.3635557
Dropping frame 1403636724.4635556
Dropping frame 1403636724.6635556
Dropping frame 1403636724.7635555
Dropping frame 1403636724.8635557
Dropping frame 1403636724.9635556
Dropping frame 1403636725.0635555
Dropping frame 1403636725.3135555
Dropping frame 1403636725.5135555
Dropping frame 1403636725.7135556
Dropping frame 1403636725.9135554
Dropping frame 1403636726.0135555
Dropping frame 1403636726.1635556
Dropping frame 1403636726.3635557
Dropping frame 1403636726.5635555
Dropping frame 1403636726.6635556
Dropping frame 1403636726.7635555
Dropping frame 1403636726.9135554
Dropping frame 1403636727.1135554
Dropping frame 1403636727.2135556
Dropping frame 1403636727.3135555
Dropping frame 1403636727.4135554
Dropping frame 1403636727.5135555
Dropping frame 1403636727.6135554
Dropping frame 1403636727.8635557
Dropping frame 1403636727.9635556
Dropping frame 1403636728.0635555
Dropping frame 1403636728.1635556
Dropping frame 1403636728.4135554
Dropping frame 1403636728.6135554
Dropping frame 1403636728.8135555
Dropping frame 1403636729.0135555
Dropping frame 1403636729.1135554
Dropping frame 1403636729.2135556
Dropping frame 1403636729.3135555
Dropping frame 1403636729.5635555
Dropping frame 1403636729.6635556
Dropping frame 1403636729.7635555
Dropping frame 1403636729.8635557
Dropping frame 1403636729.9635556
Dropping frame 1403636730.2635555
Dropping frame 1403636730.4635556
Dropping frame 1403636730.6635556
Dropping frame 1403636731.1635556
Dropping frame 1403636731.8135555
Dropping frame 1403636732.2135556
Dropping frame 1403636732.3135555
Dropping frame 1403636732.4135554
Dropping frame 1403636732.6135554
Dropping frame 1403636732.8135555
Dropping frame 1403636732.9135554
Dropping frame 1403636733.0135555
Dropping frame 1403636733.2135556
Dropping frame 1403636733.4135554
Dropping frame 1403636733.6135554
Dropping frame 1403636733.8135555
Dropping frame 1403636734.0135555
Dropping frame 1403636734.2135556
Dropping frame 1403636734.3135555
Dropping frame 1403636734.5135555
Dropping frame 1403636734.6135554
Dropping frame 1403636734.7135556
Dropping frame 1403636734.8635557
Dropping frame 1403636735.1135554
Dropping frame 1403636735.2135556
Dropping frame 1403636735.3135555
Dropping frame 1403636735.7135556
Dropping frame 1403636735.8135555
Dropping frame 1403636735.9135554
Dropping frame 1403636736.0635555
Dropping frame 1403636736.3635557
Dropping frame 1403636736.5135555
Dropping frame 1403636736.6135554
Dropping frame 1403636736.9635556
Dropping frame 1403636737.4135554
Dropping frame 1403636737.5135555
Dropping frame 1403636737.6135554
Dropping frame 1403636737.8135555
Dropping frame 1403636738.0135555
Dropping frame 1403636738.1135554
Dropping frame 1403636738.2135556
Dropping frame 1403636738.3135555
Dropping frame 1403636738.5135555
Dropping frame 1403636738.6135554
Dropping frame 1403636738.7135556
Dropping frame 1403636738.8135555
Dropping frame 1403636738.9635556
Dropping frame 1403636739.1635556
Dropping frame 1403636739.3635557
Dropping frame 1403636739.4635556
Dropping frame 1403636739.5635555
Dropping frame 1403636739.6635556
Dropping frame 1403636739.9135554
Dropping frame 1403636740.1135554
Dropping frame 1403636740.3135555
Dropping frame 1403636740.5635555
Dropping frame 1403636740.6635556
Dropping frame 1403636740.9135554
Dropping frame 1403636741.0135555
Dropping frame 1403636741.1135554
Dropping frame 1403636741.3135555
Dropping frame 1403636741.4135554
Dropping frame 1403636741.5135555
Dropping frame 1403636741.7135556
Dropping frame 1403636741.8135555
Dropping frame 1403636741.9135554
Dropping frame 1403636742.0135555
Dropping frame 1403636742.2135556
Dropping frame 1403636742.3135555
Dropping frame 1403636742.5135555
Dropping frame 1403636742.6135554
Dropping frame 1403636742.7135556
Dropping frame 1403636743.0135555
Dropping frame 1403636743.1135554
Dropping frame 1403636743.2135556
Dropping frame 1403636743.4135554
Dropping frame 1403636743.5135555
Dropping frame 1403636743.6135554
Dropping frame 1403636743.8135555
Dropping frame 1403636743.9135554
Dropping frame 1403636744.0135555
Dropping frame 1403636744.1635556
Dropping frame 1403636744.3635557
Dropping frame 1403636744.4635556
Dropping frame 1403636744.5635555
Dropping frame 1403636744.7635555
Dropping frame 1403636744.8635557
Dropping frame 1403636744.9635556
Dropping frame 1403636745.1635556
Dropping frame 1403636745.3635557
Dropping frame 1403636745.4635556
Dropping frame 1403636745.7135556
Dropping frame 1403636745.8135555
Dropping frame 1403636745.9135554
Dropping frame 1403636746.0635555
Dropping frame 1403636746.3635557
Dropping frame 1403636746.4635556
Dropping frame 1403636746.6635556
Dropping frame 1403636746.7635555
Dropping frame 1403636746.9135554
Dropping frame 1403636747.1135554
Dropping frame 1403636747.2135556
Dropping frame 1403636747.3135555
Dropping frame 1403636747.5635555
Dropping frame 1403636747.6635556
Dropping frame 1403636747.7635555
Dropping frame 1403636747.8635557
Dropping frame 1403636748.1635556
Dropping frame 1403636748.4135554
Dropping frame 1403636748.5135555
Dropping frame 1403636748.6135554
Dropping frame 1403636748.7135556
Dropping frame 1403636748.8135555
Dropping frame 1403636749.1635556
Dropping frame 1403636749.2635555
Dropping frame 1403636749.3635557
Dropping frame 1403636749.5635555
Dropping frame 1403636749.8135555
Dropping frame 1403636749.9135554
Dropping frame 1403636750.0135555
Dropping frame 1403636750.1135554
Dropping frame 1403636750.3135555
Dropping frame 1403636750.5135555
Dropping frame 1403636750.6135554
Dropping frame 1403636750.7135556
Dropping frame 1403636750.8135555
Dropping frame 1403636750.9135554
Dropping frame 1403636751.0635555
Dropping frame 1403636751.3135555
Dropping frame 1403636751.5135555
Dropping frame 1403636751.6135554
Dropping frame 1403636751.8135555
Dropping frame 1403636751.9135554
Dropping frame 1403636752.0135555
Dropping frame 1403636752.1135554
Dropping frame 1403636752.2135556
Dropping frame 1403636752.4135554
Dropping frame 1403636752.5135555
Dropping frame 1403636752.6135554
Dropping frame 1403636752.7135556
Dropping frame 1403636752.9135554
Dropping frame 1403636753.0135555
Dropping frame 1403636753.1135554
Dropping frame 1403636753.2135556
Dropping frame 1403636753.3135555
Dropping frame 1403636753.4135554
Dropping frame 1403636753.5635555
Dropping frame 1403636753.7635555
Dropping frame 1403636753.9635556
Dropping frame 1403636754.1635556
Dropping frame 1403636754.3635557
Dropping frame 1403636754.4635556
Dropping frame 1403636754.5635555
Dropping frame 1403636754.6635556
Dropping frame 1403636754.7635555
Dropping frame 1403636754.9635556
Dropping frame 1403636755.0635555
Dropping frame 1403636755.1635556
Dropping frame 1403636755.3635557
Dropping frame 1403636755.4635556
Dropping frame 1403636755.5635555
Dropping frame 1403636755.7635555
Dropping frame 1403636755.9635556
Dropping frame 1403636756.1635556
Dropping frame 1403636756.2635555
Dropping frame 1403636756.3635557
Dropping frame 1403636756.4635556
Dropping frame 1403636756.6635556
Dropping frame 1403636756.7635555
Dropping frame 1403636756.8635557
Dropping frame 1403636757.0635555
Dropping frame 1403636757.1635556
Dropping frame 1403636757.2635555
Dropping frame 1403636757.3635557
Dropping frame 1403636757.6135554
Dropping frame 1403636757.7135556
Dropping frame 1403636757.8135555
Dropping frame 1403636757.9135554
Dropping frame 1403636758.1135554
Dropping frame 1403636758.3135555
Dropping frame 1403636758.5135555
Dropping frame 1403636758.7135556
Dropping frame 1403636758.8135555
Dropping frame 1403636759.0135555
Dropping frame 1403636759.1135554
Dropping frame 1403636759.2135556
Dropping frame 1403636759.4135554
Dropping frame 1403636759.5135555
Dropping frame 1403636759.6135554
Dropping frame 1403636759.8135555
Dropping frame 1403636759.9135554
Dropping frame 1403636760.0135555
Dropping frame 1403636760.2635555
Dropping frame 1403636760.3635557
Dropping frame 1403636760.4635556
Dropping frame 1403636760.5635555
Dropping frame 1403636760.8135555
Dropping frame 1403636761.0135555
Dropping frame 1403636761.1135554
Dropping frame 1403636761.2135556
Dropping frame 1403636761.3135555
Dropping frame 1403636761.4135554
Dropping frame 1403636761.5135555
Dropping frame 1403636761.6135554
Dropping frame 1403636761.8135555
Dropping frame 1403636762.0135555
Dropping frame 1403636762.2135556
Dropping frame 1403636762.3135555
Dropping frame 1403636762.4135554
Dropping frame 1403636762.5135555
Dropping frame 1403636762.6135554
Dropping frame 1403636762.8635557
Dropping frame 1403636763.0635555
Dropping frame 1403636763.2135556
Dropping frame 1403636763.4135554
Dropping frame 1403636763.6135554
Dropping frame 1403636763.8135555
Shutdown
SLAM Finished at System Time: 1734505927.33235

 TIME STATS in ms (mean$\pm$std)
OpenCV version: 4.8.1
---------------------------
Tracking

ORB Extraction: 14.854$\pm$1.6356
Stereo Matching: 7.0435$\pm$2.0216
IMU Preintegration: 0.27167$\pm$0.1235
Pose Prediction: 0.19672$\pm$0.61976
LM Track: 20.051$\pm$6.3813
New KF decision: 0.93821$\pm$1.8121
Total Tracking: 35.479$\pm$22.991



Local Mapping

KF Insertion: 15.712$\pm$7.432
MP Culling: 0.46171$\pm$0.2096
MP Creation: 47.496$\pm$18.555
LBA: 157.83$\pm$59.596
KF Culling: 17.735$\pm$12.432
Total Local Mapping: 239.08$\pm$86.491
---------------------------

LBA complexity (mean$\pm$std)
LBA Edges: 1877.6$\pm$832
LBA KF optimized: 6.5$\pm$2.2913
LBA KF fixed: 1$\pm$0
LBA MP: nan$\pm$nan

LBA executions: 593
LBA aborts: 0
---------------------------

Map complexity
KFs in map: 181
MPs in map: 15508
---------------------------

Place Recognition (mean$\pm$std)
Database Query: 1.6024$\pm$0.96943
SE3 estimation: 16.742$\pm$16.018
Total Place Recognition: 16.398$\pm$16.771


Loop Closing (mean$\pm$std)
Loop Fusion: nan$\pm$nan
Essential Graph: nan$\pm$nan
Total Loop Closing: nan$\pm$nan

Num exec: 0
Number of KFs: nan$\pm$nan

Map Merging (mean$\pm$std)
Merge Maps: nan$\pm$nan
Welding BA: nan$\pm$nan
Optimization Ess.: nan$\pm$nan
Total Map Merging: nan$\pm$nan

Num exec: 0
Number of KFs: nan$\pm$nan
Number of MPs: nan$\pm$nan

Full GBA (mean$\pm$std)
GBA: nan$\pm$nan
Map Update: nan$\pm$nan
Total Full GBA: nan$\pm$nan

Num exec: 0
Num abort: 0
Number of KFs: nan$\pm$nan
Number of MPs: nan$\pm$nan

Saving trajectory to f_dataset-MH01_stereo_imu.txt ...
There are 1 maps in the atlas
  Map 0 has 181 KFs

End of saving trajectory to f_dataset-MH01_stereo_imu.txt ...

Saving keyframe trajectory to kf_dataset-MH01_stereo_imu.txt ...
