num_seq = 1
file name: dataset-MH02_stereo_imu
Loading images for sequence 0...LOADED!
Loading IMU for sequence 0...LOADED!

-------

ORB-SLAM3 Copyright (C) 2017-2020 Carlos Campos, Richard Elvira, Juan J. Gómez, José M.M. Montiel and Juan D. Tardós, University of Zaragoza.
ORB-SLAM2 Copyright (C) 2014-2016 Raúl Mur-Artal, José M.M. Montiel and Juan D. Tardós, University of Zaragoza.
This program comes with ABSOLUTELY NO WARRANTY;
This is free software, and you are welcome to redistribute it
under certain conditions. See LICENSE.txt.

Built with REGISTER_TIMES
Git Commit Hash: 42e930e

Compiled with C++ version: 201703

Input sensor was set to: Stereo-Inertial
Loading settings from ./Examples/Stereo-Inertial/EuRoC_fov_deadlines_mask_4x4.yaml
	-Loaded camera 1
	-Loaded camera 2
	-Loaded image info
	-Loaded IMU calibration
	-Loaded ORB settings
	-Loaded viewer settings
	-Loaded Atlas settings
Deadlines enabled, will skip frames!
FOV enabled
Static mask size: 4x4
Dumping map points enabled
	-Loaded misc parameters
	-Computed rectification maps
----------------------------------
SLAM settings: 
	-Camera 1 parameters (Pinhole): [ 458.65399169921875 457.29598999023438 367.21499633789062 248.375 ]
	-Camera 1 distortion parameters: [  -0.28340810537338257 0.073959067463874817 0.00019359000725671649 1.7618711353861727e-05 ]
	-Camera 2 parameters (Pinhole: [ 457.58700561523438 456.13400268554688 379.99899291992188 255.23800659179688 ]
	-Camera 1 distortion parameters: [  -0.2836836576461792 0.074512839317321777 -0.00010473000293131918 -3.555907096597366e-05 ]
	-Original image size: [ 752 , 480 ]
	-Current image size: [ 752 , 480 ]
	-Camera 1 parameters after rectification: [  456.71499633789062 456.71499633789062 364.52615356445312 257.268798828125 ]
	-Sequence FPS: 20
	-Stereo baseline: 0.11007784307003021
	-Stereo depth threshold : 60
	-Gyro noise: 0.00016999999934341758
	-Accelerometer noise: 0.0020000000949949026
	-Gyro walk: 1.9392999092815444e-05
	-Accelerometer walk: 0.0030000000260770321
	-IMU frequency: 200
	-Features per image: 1200
	-ORB scale factor: 1.2000000476837158
	-ORB number of scales: 8
	-Initial FAST threshold: 20
	-Min FAST threshold: 7


Loading ORB Vocabulary. This could take a while...
Vocabulary loaded!

Initialization of Atlas from scratch 
Creation of new map with id: 0
Creation of new map with last KF id: 0
Seq. Name: 
There are 1 cameras in the atlas
Camera 0 is pinhole
SLAM Started at System Time: 1734505934.08589
not IMU meas
not IMU meas
not enough acceleration
not enough acceleration
not enough acceleration
not enough acceleration
not enough acceleration
not enough acceleration
First KF:0; Map init KF:0
New Map created with 138 points
Active map: 0
Dropping frame 1403636859.7516665
Dropping frame 1403636859.9516664
Dropping frame 1403636860.3016665
Dropping frame 1403636860.7016666
Dropping frame 1403636861.5516665
Dropping frame 1403636861.8516665
Dropping frame 1403636861.9516664
Dropping frame 1403636862.1016665
Dropping frame 1403636862.3516665
Dropping frame 1403636862.7016666
Dropping frame 1403636863.8016665
Dropping frame 1403636863.9016666
Dropping frame 1403636864.1016665
start VIBA 1
Dropping frame 1403636864.5016665
end VIBA 1
Dropping frame 1403636865.6016665
Dropping frame 1403636865.7516665
Dropping frame 1403636866.1516664
Dropping frame 1403636866.2516665
Dropping frame 1403636867.4016666
Dropping frame 1403636867.8016665
Not enough motion for initializing. Reseting...
TRACK: Reset map because local mapper set the bad imu flag 
LM: Active map reset recieved
LM: Active map reset, waiting...
LM: Reseting current map in Local Mapping...
LM: End reseting Local Mapping...
LM: Reset free the mutex
LM: Active map reset, Done!!!
mnFirstFrameId = 8
mnInitialFrameId = 0
160 Frames set to lost
not IMU meas
not enough acceleration
not enough acceleration
Dropping frame 1403636868.2516665
not enough acceleration
First KF:42; Map init KF:0
New Map created with 255 points
Active map: 0
Dropping frame 1403636868.4516664
Dropping frame 1403636868.6016665
Dropping frame 1403636868.8016665
Dropping frame 1403636870.3516665
Not enough motion for initializing. Reseting...
TRACK: Reset map because local mapper set the bad imu flag 
LM: Active map reset recieved
LM: Active map reset, waiting...
LM: Reseting current map in Local Mapping...
LM: End reseting Local Mapping...
LM: Reset free the mutex
LM: Active map reset, Done!!!
mnFirstFrameId = 173
mnInitialFrameId = 168
244 Frames set to lost
not IMU meas
not enough acceleration
not enough acceleration
not enough acceleration
not enough acceleration
not enough acceleration
not enough acceleration
not enough acceleration
not enough acceleration
not enough acceleration
not enough acceleration
not enough acceleration
not enough acceleration
not enough acceleration
not enough acceleration
not enough acceleration
not enough acceleration
not enough acceleration
not enough acceleration
not enough acceleration
not enough acceleration
not enough acceleration
not enough acceleration
not enough acceleration
not enough acceleration
not enough acceleration
not enough acceleration
not enough acceleration
not enough acceleration
not enough acceleration
First KF:66; Map init KF:42
New Map created with 290 points
Active map: 0
Dropping frame 1403636875.3516665
start VIBA 1
end VIBA 1
Dropping frame 1403636882.1516664
Not enough motion for initializing. Reseting...
TRACK: Reset map because local mapper set the bad imu flag 
LM: Active map reset recieved
LM: Active map reset, waiting...
LM: Reseting current map in Local Mapping...
LM: End reseting Local Mapping...
LM: Reset free the mutex
LM: Active map reset, Done!!!
mnFirstFrameId = 288
mnInitialFrameId = 257
438 Frames set to lost
not IMU meas
not enough acceleration
not enough acceleration
not enough acceleration
not enough acceleration
not enough acceleration
not enough acceleration
not enough acceleration
not enough acceleration
not enough acceleration
not enough acceleration
not enough acceleration
not enough acceleration
not enough acceleration
not enough acceleration
not enough acceleration
not enough acceleration
not enough acceleration
not enough acceleration
not enough acceleration
not enough acceleration
not enough acceleration
not enough acceleration
not enough acceleration
not enough acceleration
not enough acceleration
not enough acceleration
not enough acceleration
not enough acceleration
not enough acceleration
not enough acceleration
not enough acceleration
not enough acceleration
not enough acceleration
not enough acceleration
not enough acceleration
not enough acceleration
not enough acceleration
not enough acceleration
not enough acceleration
not enough acceleration
not enough acceleration
not enough acceleration
not enough acceleration
not enough acceleration
not enough acceleration
not enough acceleration
not enough acceleration
not enough acceleration
not enough acceleration
not enough acceleration
not enough acceleration
not enough acceleration
not enough acceleration
not enough acceleration
Dropping frame 1403636886.9016666
not enough acceleration
not enough acceleration
not enough acceleration
not enough acceleration
not enough acceleration
not enough acceleration
not enough acceleration
not enough acceleration
not enough acceleration
not enough acceleration
not enough acceleration
not enough acceleration
not enough acceleration
not enough acceleration
not enough acceleration
not enough acceleration
not enough acceleration
not enough acceleration
not enough acceleration
not enough acceleration
not enough acceleration
not enough acceleration
not enough acceleration
not enough acceleration
not enough acceleration
not enough acceleration
not enough acceleration
not enough acceleration
not enough acceleration
not enough acceleration
not enough acceleration
not enough acceleration
not enough acceleration
not enough acceleration
not enough acceleration
not enough acceleration
not enough acceleration
not enough acceleration
not enough acceleration
not enough acceleration
not enough acceleration
not enough acceleration
not enough acceleration
not enough acceleration
not enough acceleration
not enough acceleration
not enough acceleration
not enough acceleration
not enough acceleration
not enough acceleration
not enough acceleration
not enough acceleration
not enough acceleration
not enough acceleration
not enough acceleration
not enough acceleration
not enough acceleration
not enough acceleration
not enough acceleration
not enough acceleration
not enough acceleration
not enough acceleration
not enough acceleration
not enough acceleration
not enough acceleration
not enough acceleration
not enough acceleration
not enough acceleration
not enough acceleration
not enough acceleration
not enough acceleration
not enough acceleration
not enough acceleration
not enough acceleration
not enough acceleration
not enough acceleration
not enough acceleration
not enough acceleration
not enough acceleration
not enough acceleration
not enough acceleration
not enough acceleration
not enough acceleration
not enough acceleration
not enough acceleration
not enough acceleration
not enough acceleration
not enough acceleration
not enough acceleration
not enough acceleration
not enough acceleration
not enough acceleration
not enough acceleration
not enough acceleration
not enough acceleration
not enough acceleration
not enough acceleration
not enough acceleration
not enough acceleration
not enough acceleration
not enough acceleration
not enough acceleration
not enough acceleration
not enough acceleration
not enough acceleration
not enough acceleration
not enough acceleration
not enough acceleration
not enough acceleration
not enough acceleration
not enough acceleration
not enough acceleration
not enough acceleration
not enough acceleration
not enough acceleration
not enough acceleration
not enough acceleration
not enough acceleration
not enough acceleration
not enough acceleration
not enough acceleration
not enough acceleration
not enough acceleration
not enough acceleration
not enough acceleration
not enough acceleration
not enough acceleration
not enough acceleration
not enough acceleration
not enough acceleration
not enough acceleration
not enough acceleration
not enough acceleration
not enough acceleration
not enough acceleration
not enough acceleration
not enough acceleration
not enough acceleration
not enough acceleration
not enough acceleration
not enough acceleration
not enough acceleration
not enough acceleration
not enough acceleration
not enough acceleration
not enough acceleration
not enough acceleration
not enough acceleration
not enough acceleration
not enough acceleration
not enough acceleration
not enough acceleration
not enough acceleration
not enough acceleration
not enough acceleration
not enough acceleration
not enough acceleration
not enough acceleration
not enough acceleration
not enough acceleration
not enough acceleration
not enough acceleration
not enough acceleration
not enough acceleration
not enough acceleration
not enough acceleration
not enough acceleration
not enough acceleration
not enough acceleration
not enough acceleration
not enough acceleration
not enough acceleration
not enough acceleration
not enough acceleration
not enough acceleration
not enough acceleration
not enough acceleration
not enough acceleration
not enough acceleration
not enough acceleration
not enough acceleration
not enough acceleration
not enough acceleration
not enough acceleration
not enough acceleration
not enough acceleration
not enough acceleration
not enough acceleration
not enough acceleration
not enough acceleration
not enough acceleration
not enough acceleration
not enough acceleration
not enough acceleration
not enough acceleration
not enough acceleration
not enough acceleration
not enough acceleration
not enough acceleration
not enough acceleration
not enough acceleration
not enough acceleration
not enough acceleration
not enough acceleration
not enough acceleration
not enough acceleration
First KF:135; Map init KF:66
New Map created with 150 points
Active map: 0
Dropping frame 1403636901.3516665
Dropping frame 1403636902.1516664
Dropping frame 1403636902.4516664
start VIBA 1
end VIBA 1
Dropping frame 1403636902.8516665
Dropping frame 1403636903.5516665
Dropping frame 1403636903.9016666
Dropping frame 1403636904.6016665
Dropping frame 1403636904.7016666
Dropping frame 1403636904.9516664
Dropping frame 1403636905.4016666
Dropping frame 1403636905.6516664
Dropping frame 1403636905.7516665
Dropping frame 1403636906.1016665
Dropping frame 1403636906.2016666
Dropping frame 1403636906.3016665
Dropping frame 1403636906.4016666
Dropping frame 1403636906.7516665
Dropping frame 1403636906.9016666
Dropping frame 1403636907.1516664
Dropping frame 1403636907.5016665
Dropping frame 1403636907.7016666
Dropping frame 1403636907.8016665
Dropping frame 1403636908.2016666
Dropping frame 1403636908.3016665
Dropping frame 1403636908.4516664
Dropping frame 1403636908.6016665
Dropping frame 1403636908.8516665
Dropping frame 1403636909.2016666
Dropping frame 1403636909.4016666
Dropping frame 1403636909.5016665
Dropping frame 1403636909.6016665
Dropping frame 1403636909.7016666
Dropping frame 1403636910.0516665
Dropping frame 1403636910.4516664
Dropping frame 1403636910.5516665
Dropping frame 1403636910.6516664
Dropping frame 1403636910.9016666
Dropping frame 1403636911.1016665
Dropping frame 1403636911.2016666
Dropping frame 1403636911.3016665
Dropping frame 1403636911.6516664
Dropping frame 1403636911.8516665
Dropping frame 1403636912.0516665
Dropping frame 1403636912.2516665
Dropping frame 1403636912.3516665
Dropping frame 1403636912.5016665
Dropping frame 1403636912.6016665
start VIBA 2
Dropping frame 1403636912.8516665
Dropping frame 1403636912.9516664
end VIBA 2
Dropping frame 1403636913.1516664
Dropping frame 1403636913.2516665
Dropping frame 1403636913.5516665
Dropping frame 1403636913.6516664
Dropping frame 1403636913.9016666
Dropping frame 1403636914.1016665
Dropping frame 1403636914.2016666
Dropping frame 1403636914.3016665
Dropping frame 1403636914.5016665
Dropping frame 1403636914.7016666
Dropping frame 1403636914.8016665
Dropping frame 1403636914.9016666
Dropping frame 1403636915.3016665
Dropping frame 1403636915.5016665
Dropping frame 1403636915.7516665
Dropping frame 1403636915.8516665
Dropping frame 1403636916.0516665
Dropping frame 1403636916.1516664
Dropping frame 1403636916.2516665
Dropping frame 1403636916.5016665
Dropping frame 1403636916.6016665
Dropping frame 1403636917.0516665
Dropping frame 1403636917.3016665
Dropping frame 1403636917.5016665
Dropping frame 1403636917.7016666
Dropping frame 1403636917.9016666
Dropping frame 1403636918.0016665
Dropping frame 1403636918.4016666
Dropping frame 1403636918.9016666
Dropping frame 1403636919.2516665
Dropping frame 1403636919.6016665
Dropping frame 1403636919.9016666
Dropping frame 1403636920.2516665
Dropping frame 1403636920.3516665
Dropping frame 1403636920.4516664
Dropping frame 1403636920.8016665
Dropping frame 1403636921.1016665
Dropping frame 1403636921.4016666
Dropping frame 1403636921.5516665
Dropping frame 1403636921.9016666
Dropping frame 1403636922.1516664
Dropping frame 1403636922.3516665
Dropping frame 1403636922.7016666
Dropping frame 1403636922.9016666
Dropping frame 1403636923.3516665
Dropping frame 1403636923.5016665
Dropping frame 1403636923.6516664
Dropping frame 1403636923.8516665
Dropping frame 1403636924.0516665
Dropping frame 1403636924.1516664
Dropping frame 1403636924.4516664
Dropping frame 1403636924.7516665
Dropping frame 1403636925.1016665
Dropping frame 1403636925.2016666
Dropping frame 1403636925.4516664
Dropping frame 1403636925.7516665
Dropping frame 1403636925.9516664
Dropping frame 1403636926.1516664
Dropping frame 1403636926.6516664
Dropping frame 1403636926.7516665
Dropping frame 1403636927.0016665
Dropping frame 1403636927.2016666
Dropping frame 1403636927.4016666
Dropping frame 1403636927.6016665
Dropping frame 1403636927.7016666
Dropping frame 1403636927.8016665
Dropping frame 1403636928.0016665
Dropping frame 1403636928.2016666
Dropping frame 1403636928.4016666
Dropping frame 1403636928.5016665
Dropping frame 1403636928.6016665
Dropping frame 1403636928.8516665
Dropping frame 1403636929.3516665
Dropping frame 1403636929.6016665
Dropping frame 1403636929.9516664
Dropping frame 1403636930.0516665
Dropping frame 1403636930.3516665
Dropping frame 1403636930.6016665
Dropping frame 1403636930.9016666
Dropping frame 1403636931.1016665
Dropping frame 1403636931.6016665
Dropping frame 1403636932.2016666
Dropping frame 1403636932.7016666
Dropping frame 1403636933.1016665
Dropping frame 1403636933.2016666
Dropping frame 1403636933.5516665
Dropping frame 1403636933.8016665
Dropping frame 1403636934.0516665
Dropping frame 1403636934.4016666
Dropping frame 1403636934.8516665
Dropping frame 1403636935.0016665
Dropping frame 1403636935.6516664
Dropping frame 1403636935.7516665
Dropping frame 1403636935.9516664
Dropping frame 1403636936.4016666
Dropping frame 1403636936.5016665
Dropping frame 1403636936.6016665
Dropping frame 1403636936.7016666
Dropping frame 1403636936.9016666
Dropping frame 1403636937.2016666
Dropping frame 1403636937.3016665
Dropping frame 1403636937.7016666
Dropping frame 1403636938.0016665
Dropping frame 1403636938.1016665
Dropping frame 1403636938.6516664
Dropping frame 1403636938.8516665
Dropping frame 1403636939.1016665
Dropping frame 1403636939.2016666
Dropping frame 1403636939.3016665
Dropping frame 1403636939.5016665
Dropping frame 1403636939.8016665
Dropping frame 1403636940.0016665
Dropping frame 1403636940.1016665
Dropping frame 1403636940.2016666
Dropping frame 1403636940.3016665
Dropping frame 1403636940.5516665
Dropping frame 1403636940.6516664
Dropping frame 1403636941.0016665
Dropping frame 1403636941.1016665
Dropping frame 1403636941.5016665
Dropping frame 1403636941.7016666
Dropping frame 1403636941.8016665
Dropping frame 1403636942.1016665
Dropping frame 1403636942.5016665
Dropping frame 1403636942.6016665
Dropping frame 1403636942.8516665
Dropping frame 1403636943.2516665
Dropping frame 1403636943.7516665
Dropping frame 1403636943.9516664
Dropping frame 1403636944.0516665
Dropping frame 1403636944.3516665
Dropping frame 1403636944.4516664
Dropping frame 1403636944.7016666
Dropping frame 1403636944.8016665
Dropping frame 1403636945.0516665
Dropping frame 1403636945.1516664
Dropping frame 1403636945.4016666
Dropping frame 1403636945.7516665
Dropping frame 1403636946.0516665
Dropping frame 1403636946.1516664
Dropping frame 1403636946.5016665
Dropping frame 1403636946.8516665
Dropping frame 1403636947.0516665
Dropping frame 1403636947.2016666
Dropping frame 1403636947.3016665
Dropping frame 1403636947.5016665
Dropping frame 1403636947.6016665
Dropping frame 1403636947.8516665
Dropping frame 1403636948.2016666
Dropping frame 1403636948.3516665
Dropping frame 1403636948.6016665
Dropping frame 1403636949.0516665
Dropping frame 1403636949.6016665
Dropping frame 1403636950.3016665
Dropping frame 1403636950.4016666
Dropping frame 1403636950.5016665
Dropping frame 1403636951.2516665
Dropping frame 1403636951.3516665
Dropping frame 1403636951.8516665
Dropping frame 1403636952.9016666
Dropping frame 1403636953.2516665
Dropping frame 1403636953.7016666
Dropping frame 1403636953.8016665
Dropping frame 1403636954.4016666
Dropping frame 1403636955.1516664
Dropping frame 1403636955.6016665
Dropping frame 1403636955.7516665
Dropping frame 1403636955.9016666
Dropping frame 1403636956.4516664
Dropping frame 1403636956.6516664
Dropping frame 1403636956.7516665
Dropping frame 1403636957.0516665
Dropping frame 1403636957.7016666
Dropping frame 1403636957.9016666
Dropping frame 1403636958.1016665
Dropping frame 1403636958.4016666
Dropping frame 1403636958.5016665
Dropping frame 1403636958.8516665
Dropping frame 1403636959.0516665
Dropping frame 1403636959.5516665
Dropping frame 1403636959.9516664
Dropping frame 1403636960.1516664
Dropping frame 1403636960.2516665
Dropping frame 1403636960.8516665
Dropping frame 1403636961.1516664
Dropping frame 1403636961.8016665
Dropping frame 1403636962.2016666
Dropping frame 1403636962.7516665
Dropping frame 1403636963.2516665
Dropping frame 1403636963.6016665
Dropping frame 1403636964.3516665
Dropping frame 1403636964.9516664
Dropping frame 1403636965.6516664
Dropping frame 1403636966.3016665
Dropping frame 1403636966.6516664
Dropping frame 1403636967.7016666
Dropping frame 1403636968.2016666
Dropping frame 1403636968.7016666
Dropping frame 1403636969.0516665
Dropping frame 1403636969.5516665
Dropping frame 1403636969.7516665
Dropping frame 1403636969.8516665
Dropping frame 1403636970.5516665
Dropping frame 1403636970.6516664
Dropping frame 1403636971.0016665
Dropping frame 1403636971.2016666
Dropping frame 1403636971.3516665
Dropping frame 1403636971.4516664
Dropping frame 1403636971.8516665
Dropping frame 1403636972.2016666
Dropping frame 1403636972.5016665
Dropping frame 1403636972.6016665
Dropping frame 1403636972.8016665
Dropping frame 1403636973.0016665
Dropping frame 1403636973.3016665
Dropping frame 1403636973.5016665
Dropping frame 1403636973.6016665
Dropping frame 1403636973.7016666
Dropping frame 1403636973.8016665
Dropping frame 1403636974.0016665
Dropping frame 1403636974.1016665
Dropping frame 1403636974.2016666
Dropping frame 1403636974.5516665
Dropping frame 1403636974.6516664
Dropping frame 1403636975.1516664
Dropping frame 1403636975.2516665
Dropping frame 1403636975.3516665
Dropping frame 1403636975.8516665
Dropping frame 1403636977.3516665
Dropping frame 1403636982.6516664
Dropping frame 1403636982.9016666
Dropping frame 1403636983.2516665
Dropping frame 1403636983.5016665
Dropping frame 1403636983.7516665
Dropping frame 1403636983.8516665
Dropping frame 1403636984.0516665
Dropping frame 1403636984.3016665
Dropping frame 1403636984.9516664
Dropping frame 1403636985.7516665
Dropping frame 1403636986.1516664
Dropping frame 1403636986.2516665
Dropping frame 1403636986.4516664
Dropping frame 1403636986.6016665
Dropping frame 1403636986.9016666
Dropping frame 1403636987.2016666
Dropping frame 1403636987.4016666
Dropping frame 1403636987.5016665
Dropping frame 1403636987.6016665
Dropping frame 1403636987.7016666
Dropping frame 1403636987.8516665
Dropping frame 1403636988.0516665
Dropping frame 1403636988.1516664
Dropping frame 1403636988.4016666
Dropping frame 1403636988.5016665
Dropping frame 1403636988.6016665
Dropping frame 1403636988.7516665
Dropping frame 1403636989.1516664
Dropping frame 1403636989.2516665
Dropping frame 1403636989.4516664
Dropping frame 1403636989.7516665
Dropping frame 1403636989.8516665
Dropping frame 1403636989.9516664
Dropping frame 1403636990.1516664
Dropping frame 1403636990.3516665
Dropping frame 1403636990.5016665
Dropping frame 1403636990.6016665
Dropping frame 1403636991.1516664
Dropping frame 1403636991.2516665
Dropping frame 1403636991.4516664
Dropping frame 1403636991.6516664
Dropping frame 1403636991.7516665
Dropping frame 1403636991.8516665
Dropping frame 1403636992.1016665
Dropping frame 1403636992.4016666
Dropping frame 1403636992.6016665
Dropping frame 1403636992.8016665
Dropping frame 1403636993.1516664
Dropping frame 1403636993.2516665
Dropping frame 1403636993.6016665
Dropping frame 1403636993.9016666
Dropping frame 1403636994.0016665
Dropping frame 1403636994.2516665
Dropping frame 1403636994.6016665
Dropping frame 1403636994.7016666
Dropping frame 1403636994.8016665
Dropping frame 1403636995.1516664
Dropping frame 1403636995.2516665
Dropping frame 1403636995.3516665
Dropping frame 1403636995.6016665
Dropping frame 1403636995.9016666
Dropping frame 1403636996.2016666
Dropping frame 1403636996.3016665
Dropping frame 1403636996.5516665
Dropping frame 1403636996.6516664
Dropping frame 1403636997.1016665
Dropping frame 1403636997.3516665
Dropping frame 1403636997.7516665
Dropping frame 1403636997.9516664
Dropping frame 1403636998.3516665
Dropping frame 1403636998.7516665
Dropping frame 1403636998.8516665
Dropping frame 1403636999.0516665
Dropping frame 1403636999.3016665
Dropping frame 1403636999.7016666
Dropping frame 1403637000.5016665
Dropping frame 1403637000.6016665
Dropping frame 1403637000.9016666
Dropping frame 1403637001.2016666
Dropping frame 1403637001.3516665
Dropping frame 1403637001.8516665
Dropping frame 1403637001.9516664
Dropping frame 1403637002.0516665
Dropping frame 1403637002.4016666
Dropping frame 1403637002.5016665
Dropping frame 1403637002.6016665
Dropping frame 1403637003.1016665
Dropping frame 1403637003.4016666
Dropping frame 1403637003.6016665
Dropping frame 1403637003.8016665
Dropping frame 1403637004.3016665
Dropping frame 1403637004.5016665
Dropping frame 1403637004.7016666
Dropping frame 1403637004.8016665
Dropping frame 1403637004.9516664
Dropping frame 1403637005.0516665
Dropping frame 1403637005.1516664
Dropping frame 1403637005.4016666
Dropping frame 1403637005.8516665
Dropping frame 1403637006.0516665
Dropping frame 1403637006.3516665
Dropping frame 1403637007.3516665
Dropping frame 1403637007.5516665
Dropping frame 1403637007.7016666
Dropping frame 1403637007.9016666
Dropping frame 1403637008.2016666
Dropping frame 1403637008.3016665
Dropping frame 1403637008.5016665
Dropping frame 1403637008.9516664
Dropping frame 1403637009.4516664
Dropping frame 1403637009.5516665
Dropping frame 1403637009.6516664
Dropping frame 1403637009.8516665
Dropping frame 1403637010.2016666
Dropping frame 1403637010.3016665
Dropping frame 1403637010.4016666
Dropping frame 1403637010.5016665
Shutdown
SLAM Finished at System Time: 1734506113.59427

 TIME STATS in ms (mean$\pm$std)
OpenCV version: 4.8.1
---------------------------
Tracking

ORB Extraction: 14.737$\pm$1.7578
Stereo Matching: 7.2553$\pm$1.9233
IMU Preintegration: 0.24696$\pm$0.11238
Pose Prediction: 0.45967$\pm$1.2839
LM Track: 18.755$\pm$5.586
New KF decision: 1.2495$\pm$2.2765
Total Tracking: 34.273$\pm$21.321



Local Mapping

KF Insertion: 13.372$\pm$5.1668
MP Culling: 0.5147$\pm$0.18026
MP Creation: 43.469$\pm$17.863
LBA: 133.64$\pm$62.818
KF Culling: 13.267$\pm$10.697
Total Local Mapping: 203.18$\pm$89.177
---------------------------

LBA complexity (mean$\pm$std)
LBA Edges: 1338$\pm$637.75
LBA KF optimized: 5.8125$\pm$2.1857
LBA KF fixed: 1.4688$\pm$1.2496
LBA MP: nan$\pm$nan

LBA executions: 493
LBA aborts: 0
---------------------------

Map complexity
KFs in map: 130
MPs in map: 11890
---------------------------

Place Recognition (mean$\pm$std)
Database Query: 1.4368$\pm$0.71275
SE3 estimation: 17.596$\pm$16.203
Total Place Recognition: 12.197$\pm$16.058


Loop Closing (mean$\pm$std)
Loop Fusion: nan$\pm$nan
Essential Graph: nan$\pm$nan
Total Loop Closing: nan$\pm$nan

Num exec: 0
Number of KFs: nan$\pm$nan

Map Merging (mean$\pm$std)
Merge Maps: nan$\pm$nan
Welding BA: nan$\pm$nan
Optimization Ess.: nan$\pm$nan
Total Map Merging: nan$\pm$nan

Num exec: 0
Number of KFs: nan$\pm$nan
Number of MPs: nan$\pm$nan

Full GBA (mean$\pm$std)
GBA: nan$\pm$nan
Map Update: nan$\pm$nan
Total Full GBA: nan$\pm$nan

Num exec: 0
Num abort: 0
Number of KFs: nan$\pm$nan
Number of MPs: nan$\pm$nan

Saving trajectory to f_dataset-MH02_stereo_imu.txt ...
There are 1 maps in the atlas
  Map 0 has 130 KFs

End of saving trajectory to f_dataset-MH02_stereo_imu.txt ...

Saving keyframe trajectory to kf_dataset-MH02_stereo_imu.txt ...
