num_seq = 1
file name: dataset-MH05_stereo_imu
Loading images for sequence 0...LOADED!
Loading IMU for sequence 0...LOADED!

-------

ORB-SLAM3 Copyright (C) 2017-2020 Carlos Campos, Richard Elvira, Juan J. Gómez, José M.M. Montiel and Juan D. Tardós, University of Zaragoza.
ORB-SLAM2 Copyright (C) 2014-2016 Raúl Mur-Artal, José M.M. Montiel and Juan D. Tardós, University of Zaragoza.
This program comes with ABSOLUTELY NO WARRANTY;
This is free software, and you are welcome to redistribute it
under certain conditions. See LICENSE.txt.

Built with REGISTER_TIMES
Git Commit Hash: 42e930e

Compiled with C++ version: 201703

Input sensor was set to: Stereo-Inertial
Loading settings from ./Examples/Stereo-Inertial/EuRoC_fov_deadlines_mask_3x3.yaml
	-Loaded camera 1
	-Loaded camera 2
	-Loaded image info
	-Loaded IMU calibration
	-Loaded ORB settings
	-Loaded viewer settings
	-Loaded Atlas settings
Deadlines enabled, will skip frames!
FOV enabled
Static mask size: 3x3
Dumping map points enabled
	-Loaded misc parameters
	-Computed rectification maps
----------------------------------
SLAM settings: 
	-Camera 1 parameters (Pinhole): [ 458.65399169921875 457.29598999023438 367.21499633789062 248.375 ]
	-Camera 1 distortion parameters: [  -0.28340810537338257 0.073959067463874817 0.00019359000725671649 1.7618711353861727e-05 ]
	-Camera 2 parameters (Pinhole: [ 457.58700561523438 456.13400268554688 379.99899291992188 255.23800659179688 ]
	-Camera 1 distortion parameters: [  -0.2836836576461792 0.074512839317321777 -0.00010473000293131918 -3.555907096597366e-05 ]
	-Original image size: [ 752 , 480 ]
	-Current image size: [ 752 , 480 ]
	-Camera 1 parameters after rectification: [  456.71499633789062 456.71499633789062 364.52615356445312 257.268798828125 ]
	-Sequence FPS: 20
	-Stereo baseline: 0.11007784307003021
	-Stereo depth threshold : 60
	-Gyro noise: 0.00016999999934341758
	-Accelerometer noise: 0.0020000000949949026
	-Gyro walk: 1.9392999092815444e-05
	-Accelerometer walk: 0.0030000000260770321
	-IMU frequency: 200
	-Features per image: 1200
	-ORB scale factor: 1.2000000476837158
	-ORB number of scales: 8
	-Initial FAST threshold: 20
	-Min FAST threshold: 7


Loading ORB Vocabulary. This could take a while...
Vocabulary loaded!

Initialization of Atlas from scratch 
Creation of new map with id: 0
Creation of new map with last KF id: 0
Seq. Name: 
There are 1 cameras in the atlas
Camera 0 is pinhole
SLAM Started at System Time: 1734505566.34723
not IMU meas
not IMU meas
not enough acceleration
not enough acceleration
not enough acceleration
not enough acceleration
not enough acceleration
not enough acceleration
not enough acceleration
not enough acceleration
not enough acceleration
not enough acceleration
not enough acceleration
not enough acceleration
not enough acceleration
not enough acceleration
not enough acceleration
not enough acceleration
not enough acceleration
not enough acceleration
not enough acceleration
not enough acceleration
not enough acceleration
not enough acceleration
not enough acceleration
not enough acceleration
not enough acceleration
not enough acceleration
not enough acceleration
not enough acceleration
not enough acceleration
not enough acceleration
not enough acceleration
not enough acceleration
not enough acceleration
not enough acceleration
not enough acceleration
not enough acceleration
not enough acceleration
not enough acceleration
not enough acceleration
not enough acceleration
not enough acceleration
not enough acceleration
not enough acceleration
not enough acceleration
not enough acceleration
not enough acceleration
not enough acceleration
not enough acceleration
not enough acceleration
not enough acceleration
not enough acceleration
not enough acceleration
not enough acceleration
not enough acceleration
not enough acceleration
not enough acceleration
not enough acceleration
not enough acceleration
not enough acceleration
not enough acceleration
not enough acceleration
not enough acceleration
not enough acceleration
not enough acceleration
not enough acceleration
not enough acceleration
not enough acceleration
not enough acceleration
not enough acceleration
not enough acceleration
not enough acceleration
not enough acceleration
not enough acceleration
not enough acceleration
not enough acceleration
not enough acceleration
not enough acceleration
not enough acceleration
First KF:0; Map init KF:0
New Map created with 53 points
Active map: 0
Dropping frame 1403638522.9778295
Dropping frame 1403638523.1778293
Dropping frame 1403638523.4778295
Dropping frame 1403638523.6278296
start VIBA 1
end VIBA 1
Dropping frame 1403638528.7278295
Dropping frame 1403638529.3278296
Not enough motion for initializing. Reseting...
TRACK: Reset map because local mapper set the bad imu flag 
LM: Active map reset recieved
LM: Active map reset, waiting...
LM: Reseting current map in Local Mapping...
LM: End reseting Local Mapping...
LM: Reset free the mutex
LM: Active map reset, Done!!!
mnFirstFrameId = 80
mnInitialFrameId = 0
170 Frames set to lost
not IMU meas
not enough acceleration
not enough acceleration
First KF:44; Map init KF:0
New Map created with 85 points
Active map: 0
Not enough motion for initializing. Reseting...
LM: Reseting current map in Local Mapping...
LM: End reseting Local Mapping...
LM: Reset free the mutex
Not enough motion for initializing. Reseting...
LM: Reseting current map in Local Mapping...
LM: End reseting Local Mapping...
LM: Reset free the mutex
Not enough motion for initializing. Reseting...
LM: Reseting current map in Local Mapping...
LM: End reseting Local Mapping...
LM: Reset free the mutex
Not enough motion for initializing. Reseting...
TRACK: Reset map because local mapper set the bad imu flag 
LM: Reseting current map in Local Mapping...
LM: End reseting Local Mapping...
LM: Reset free the mutex
LM: Active map reset recieved
LM: Active map reset, waiting...
LM: Reseting current map in Local Mapping...
LM: End reseting Local Mapping...
LM: Reset free the mutex
LM: Active map reset, Done!!!
mnFirstFrameId = 254
mnInitialFrameId = 250
259 Frames set to lost
not IMU meas
not enough acceleration
not enough acceleration
not enough acceleration
not enough acceleration
not enough acceleration
not enough acceleration
not enough acceleration
not enough acceleration
not enough acceleration
not enough acceleration
not enough acceleration
not enough acceleration
not enough acceleration
not enough acceleration
not enough acceleration
not enough acceleration
not enough acceleration
not enough acceleration
not enough acceleration
not enough acceleration
not enough acceleration
not enough acceleration
not enough acceleration
not enough acceleration
not enough acceleration
not enough acceleration
not enough acceleration
not enough acceleration
not enough acceleration
not enough acceleration
not enough acceleration
not enough acceleration
not enough acceleration
not enough acceleration
not enough acceleration
not enough acceleration
not enough acceleration
not enough acceleration
not enough acceleration
not enough acceleration
not enough acceleration
not enough acceleration
not enough acceleration
not enough acceleration
not enough acceleration
not enough acceleration
not enough acceleration
not enough acceleration
not enough acceleration
not enough acceleration
not enough acceleration
not enough acceleration
not enough acceleration
not enough acceleration
not enough acceleration
not enough acceleration
not enough acceleration
not enough acceleration
not enough acceleration
not enough acceleration
not enough acceleration
not enough acceleration
not enough acceleration
First KF:58; Map init KF:44
New Map created with 87 points
Active map: 0
Fail to track local map!
IMU is not or recently initialized. Reseting active map...
LM: Active map reset recieved
LM: Active map reset, waiting...
LM: Reseting current map in Local Mapping...
LM: End reseting Local Mapping...
LM: Reset free the mutex
LM: Active map reset, Done!!!
mnFirstFrameId = 408
mnInitialFrameId = 343
308 Frames set to lost
not IMU meas
not enough acceleration
not enough acceleration
First KF:68; Map init KF:58
New Map created with 965 points
Active map: 0
Dropping frame 1403638542.0278294
Dropping frame 1403638542.1278296
Dropping frame 1403638542.2278295
Dropping frame 1403638542.7278295
Dropping frame 1403638542.9778295
Dropping frame 1403638543.1778293
Dropping frame 1403638543.3778293
Fail to track local map!
IMU is not or recently initialized. Reseting active map...
LM: Active map reset recieved
LM: Active map reset, waiting...
LM: Reseting current map in Local Mapping...
LM: End reseting Local Mapping...
LM: Reset free the mutex
LM: Active map reset, Done!!!
mnFirstFrameId = 460
mnInitialFrameId = 456
352 Frames set to lost
not enough acceleration
First KF:78; Map init KF:68
New Map created with 397 points
Active map: 0
Dropping frame 1403638546.1278296
Fail to track local map!
IMU is not or recently initialized. Reseting active map...
LM: Active map reset recieved
LM: Active map reset, waiting...
LM: Reseting current map in Local Mapping...
LM: End reseting Local Mapping...
LM: Reset free the mutex
LM: Active map reset, Done!!!
mnFirstFrameId = 506
mnInitialFrameId = 503
399 Frames set to lost
not IMU meas
not enough acceleration
not enough acceleration
First KF:88; Map init KF:78
New Map created with 854 points
Active map: 0
Dropping frame 1403638548.0278294
Dropping frame 1403638548.1278296
Dropping frame 1403638548.2278295
Fail to track local map!
IMU is not or recently initialized. Reseting active map...
LM: Active map reset recieved
LM: Active map reset, waiting...
LM: Reseting current map in Local Mapping...
LM: End reseting Local Mapping...
LM: Reset free the mutex
LM: Active map reset, Done!!!
mnFirstFrameId = 556
mnInitialFrameId = 552
449 Frames set to lost
not IMU meas
First KF:98; Map init KF:88
New Map created with 939 points
Active map: 0
Dropping frame 1403638549.4278295
Dropping frame 1403638549.6278296
Dropping frame 1403638549.8278296
Dropping frame 1403638550.0278294
Dropping frame 1403638550.2278295
Dropping frame 1403638550.3278296
Dropping frame 1403638550.4278295
Dropping frame 1403638551.1778293
Dropping frame 1403638551.4278295
Dropping frame 1403638551.5278294
Dropping frame 1403638551.7778294
Dropping frame 1403638551.8778293
Fail to track local map!
IMU is not or recently initialized. Reseting active map...
LM: Active map reset recieved
LM: Active map reset, waiting...
LM: Reseting current map in Local Mapping...
LM: End reseting Local Mapping...
LM: Reset free the mutex
LM: Active map reset, Done!!!
mnFirstFrameId = 607
mnInitialFrameId = 605
491 Frames set to lost
not IMU meas
First KF:108; Map init KF:98
New Map created with 847 points
Active map: 0
Dropping frame 1403638552.1278296
Dropping frame 1403638552.2778294
Dropping frame 1403638552.4778295
Dropping frame 1403638552.7778294
Dropping frame 1403638553.0778294
Dropping frame 1403638553.2778294
Dropping frame 1403638553.4778295
Dropping frame 1403638554.3278296
Dropping frame 1403638554.4278295
Fail to track local map!
IMU is not or recently initialized. Reseting active map...
Dropping frame 1403638554.7278295
LM: Active map reset recieved
LM: Active map reset, waiting...
LM: Reseting current map in Local Mapping...
LM: End reseting Local Mapping...
LM: Reset free the mutex
LM: Active map reset, Done!!!
mnFirstFrameId = 650
mnInitialFrameId = 648
536 Frames set to lost
not IMU meas
not enough acceleration
not enough acceleration
Dropping frame 1403638554.9278295
First KF:118; Map init KF:108
New Map created with 896 points
Active map: 0
Dropping frame 1403638555.0278294
Dropping frame 1403638555.3278296
Dropping frame 1403638555.6278296
Dropping frame 1403638555.7278295
Dropping frame 1403638555.9278295
Dropping frame 1403638556.1778293
Dropping frame 1403638556.5778294
Dropping frame 1403638556.8778293
Dropping frame 1403638557.0278294
Dropping frame 1403638557.3278296
Fail to track local map!
IMU is not or recently initialized. Reseting active map...
LM: Active map reset recieved
LM: Active map reset, waiting...
LM: Reseting current map in Local Mapping...
LM: End reseting Local Mapping...
LM: Reset free the mutex
LM: Active map reset, Done!!!
mnFirstFrameId = 698
mnInitialFrameId = 694
578 Frames set to lost
not IMU meas
Dropping frame 1403638557.6278296
First KF:128; Map init KF:118
New Map created with 851 points
Active map: 0
Dropping frame 1403638557.9278295
Dropping frame 1403638558.7278295
Dropping frame 1403638558.9278295
Dropping frame 1403638559.1278296
Dropping frame 1403638559.2278295
Dropping frame 1403638559.3278296
Dropping frame 1403638559.8778293
Dropping frame 1403638560.0778294
Dropping frame 1403638560.1778293
Fail to track local map!
IMU is not or recently initialized. Reseting active map...
LM: Active map reset recieved
LM: Active map reset, waiting...
LM: Reseting current map in Local Mapping...
LM: End reseting Local Mapping...
LM: Reset free the mutex
LM: Active map reset, Done!!!
mnFirstFrameId = 741
mnInitialFrameId = 739
621 Frames set to lost
not IMU meas
Dropping frame 1403638560.3278296
not enough acceleration
Dropping frame 1403638560.4278295
First KF:138; Map init KF:128
New Map created with 526 points
Active map: 0
Dropping frame 1403638560.6278296
Dropping frame 1403638560.7278295
Dropping frame 1403638561.0778294
Dropping frame 1403638561.2778294
Dropping frame 1403638561.3778293
Dropping frame 1403638561.6278296
Dropping frame 1403638561.7278295
Dropping frame 1403638561.8278296
Dropping frame 1403638562.0778294
Dropping frame 1403638562.1778293
Dropping frame 1403638562.2778294
Dropping frame 1403638562.5278294
Dropping frame 1403638562.7278295
Dropping frame 1403638562.8278296
Dropping frame 1403638562.9278295
Dropping frame 1403638563.0278294
Dropping frame 1403638563.1278296
Fail to track local map!
IMU is not or recently initialized. Reseting active map...
LM: Active map reset recieved
LM: Active map reset, waiting...
LM: Reseting current map in Local Mapping...
LM: End reseting Local Mapping...
LM: Reset free the mutex
LM: Active map reset, Done!!!
mnFirstFrameId = 786
mnInitialFrameId = 783
660 Frames set to lost
not IMU meas
Dropping frame 1403638563.3278296
not enough acceleration
Dropping frame 1403638563.4278295
First KF:148; Map init KF:138
New Map created with 723 points
Active map: 0
Dropping frame 1403638563.6278296
Dropping frame 1403638563.7278295
Dropping frame 1403638563.8278296
Dropping frame 1403638564.1278296
Dropping frame 1403638564.2278295
Dropping frame 1403638564.3278296
Dropping frame 1403638564.4778295
Dropping frame 1403638564.6778293
Dropping frame 1403638564.7778294
Dropping frame 1403638564.8778293
Dropping frame 1403638565.1778293
Dropping frame 1403638565.2778294
Dropping frame 1403638565.3778293
Dropping frame 1403638565.5278294
Dropping frame 1403638565.6278296
Dropping frame 1403638565.9278295
Dropping frame 1403638566.0278294
Dropping frame 1403638566.3778293
Dropping frame 1403638566.4778295
Dropping frame 1403638566.7278295
Dropping frame 1403638566.8278296
Dropping frame 1403638566.9278295
Dropping frame 1403638567.1278296
Dropping frame 1403638567.3278296
Dropping frame 1403638567.5278294
Dropping frame 1403638567.6278296
Dropping frame 1403638567.7278295
Dropping frame 1403638567.8278296
Dropping frame 1403638567.9278295
Dropping frame 1403638568.1778293
Dropping frame 1403638568.4278295
Dropping frame 1403638568.7278295
start VIBA 1
end VIBA 1
Dropping frame 1403638569.2778294
Dropping frame 1403638569.3778293
Dropping frame 1403638569.7778294
Dropping frame 1403638570.4778295
Dropping frame 1403638570.6778293
Dropping frame 1403638571.0278294
Dropping frame 1403638571.3778293
Dropping frame 1403638571.8778293
Dropping frame 1403638572.0778294
Dropping frame 1403638573.1278296
Dropping frame 1403638573.7278295
Dropping frame 1403638573.8278296
Dropping frame 1403638574.2278295
Dropping frame 1403638574.9278295
Dropping frame 1403638575.1278296
Dropping frame 1403638575.3778293
Dropping frame 1403638575.8278296
Dropping frame 1403638576.6778293
start VIBA 2
end VIBA 2
Dropping frame 1403638579.2278295
Dropping frame 1403638579.5278294
Dropping frame 1403638579.7278295
Dropping frame 1403638579.9278295
Dropping frame 1403638580.1278296
Dropping frame 1403638580.3278296
Dropping frame 1403638580.4278295
Dropping frame 1403638580.5778294
Dropping frame 1403638580.7778294
Dropping frame 1403638580.8778293
Dropping frame 1403638580.9778295
Dropping frame 1403638581.2278295
Dropping frame 1403638581.3278296
Dropping frame 1403638581.4278295
Dropping frame 1403638581.5278294
Dropping frame 1403638581.7778294
Dropping frame 1403638581.9278295
Dropping frame 1403638582.0278294
Dropping frame 1403638582.2278295
Dropping frame 1403638582.5778294
Dropping frame 1403638582.7778294
Dropping frame 1403638582.8778293
Dropping frame 1403638582.9778295
Dropping frame 1403638583.1278296
Dropping frame 1403638583.4278295
Dropping frame 1403638583.5278294
Dropping frame 1403638583.6278296
Dropping frame 1403638584.3278296
Dropping frame 1403638584.4278295
Dropping frame 1403638584.6778293
Dropping frame 1403638585.1278296
Dropping frame 1403638585.5778294
Dropping frame 1403638585.7278295
Dropping frame 1403638586.2278295
*Loop detected
phi = 0.044949946283961838 0.044462074219365308  0.34288270822901845
BAD LOOP!!!
*Loop detected
phi = 0.035850267376736633 0.031478928885471567  0.34429038070193269
BAD LOOP!!!
*Loop detected
phi = 0.019634177019337552 0.012449350877072791  0.36472273802828314
BAD LOOP!!!
*Loop detected
phi = 0.017616447686934034 0.010281625116676053  0.36967233914783609
BAD LOOP!!!
*Loop detected
phi =  0.016541411971193961 0.0055577562228224789    0.3713249631329244
BAD LOOP!!!
*Loop detected
phi = 0.001796732072459651 0.017522631264127782  0.39482018067928476
BAD LOOP!!!
*Loop detected
phi =  0.0099996278566922992 -0.0041437148023597071    0.38173874183709283
BAD LOOP!!!
Dropping frame 1403638621.7278295
*Loop detected
phi =  0.007782069914053954 0.0016390914717141669   0.38016167902855186
BAD LOOP!!!
Dropping frame 1403638621.9778295
*Loop detected
phi = 0.00042611596940459655  0.0028821023716811248    0.40290968901052659
BAD LOOP!!!
*Loop detected
phi = 0.013954287244069682 0.026875556905604524  0.40343303324490537
BAD LOOP!!!
Dropping frame 1403638622.4278295
*Loop detected
phi = -0.0025298214761065104  0.0050514933728267389     0.4080474295502361
BAD LOOP!!!
Dropping frame 1403638622.6778293
*Loop detected
phi = -5.4280951954688019e-05   0.0067424700892368423     0.42283741481722786
BAD LOOP!!!
Dropping frame 1403638623.1278296
*Loop detected
phi = -0.0081164580903203571   0.006032298856927857    0.42716458036776039
BAD LOOP!!!
*Loop detected
phi = -0.0043870996025244342    0.02716194487195385    0.40628794520920702
BAD LOOP!!!
Dropping frame 1403638624.2278295
*Loop detected
phi = 0.0065027143193656283 -0.019632846903830461   0.37561024949102323
BAD LOOP!!!
Dropping frame 1403638624.6278296
Dropping frame 1403638624.7278295
Shutdown
SLAM Finished at System Time: 1734505701.5097

 TIME STATS in ms (mean$\pm$std)
OpenCV version: 4.8.1
---------------------------
Tracking

ORB Extraction: 12.311$\pm$2.1009
Stereo Matching: 6.6298$\pm$3.0572
IMU Preintegration: 0.15129$\pm$0.05326
Pose Prediction: 1.6311$\pm$2.8906
LM Track: 11.954$\pm$4.9429
New KF decision: 1.0149$\pm$1.8406
Total Tracking: 31.709$\pm$16.318



Local Mapping

KF Insertion: 8.1023$\pm$3.8163
MP Culling: 0.33575$\pm$0.23912
MP Creation: 22.481$\pm$12.656
LBA: 77.128$\pm$42.219
KF Culling: 4.2795$\pm$8.94
Total Local Mapping: 110.6$\pm$65.561
---------------------------

LBA complexity (mean$\pm$std)
LBA Edges: 2582.2$\pm$1142.2
LBA KF optimized: 6.3854$\pm$2.2747
LBA KF fixed: 1.0104$\pm$0.10153
LBA MP: nan$\pm$nan

LBA executions: 524
LBA aborts: 0
---------------------------

Map complexity
KFs in map: 219
MPs in map: 14078
---------------------------

Place Recognition (mean$\pm$std)
Database Query: 0.89098$\pm$0.64145
SE3 estimation: 14.545$\pm$14.334
Total Place Recognition: 8.3073$\pm$13.229


Loop Closing (mean$\pm$std)
Loop Fusion: nan$\pm$nan
Essential Graph: nan$\pm$nan
Total Loop Closing: nan$\pm$nan

Num exec: 0
Number of KFs: nan$\pm$nan

Map Merging (mean$\pm$std)
Merge Maps: nan$\pm$nan
Welding BA: nan$\pm$nan
Optimization Ess.: nan$\pm$nan
Total Map Merging: nan$\pm$nan

Num exec: 0
Number of KFs: nan$\pm$nan
Number of MPs: nan$\pm$nan

Full GBA (mean$\pm$std)
GBA: nan$\pm$nan
Map Update: nan$\pm$nan
Total Full GBA: nan$\pm$nan

Num exec: 0
Num abort: 0
Number of KFs: nan$\pm$nan
Number of MPs: nan$\pm$nan

Saving trajectory to f_dataset-MH05_stereo_imu.txt ...
There are 1 maps in the atlas
  Map 0 has 219 KFs

End of saving trajectory to f_dataset-MH05_stereo_imu.txt ...

Saving keyframe trajectory to kf_dataset-MH05_stereo_imu.txt ...
