num_seq = 1
file name: dataset-MH05_stereo_imu
Loading images for sequence 0...LOADED!
Loading IMU for sequence 0...LOADED!

-------

ORB-SLAM3 Copyright (C) 2017-2020 Carlos Campos, Richard Elvira, Juan J. Gómez, José M.M. Montiel and Juan D. Tardós, University of Zaragoza.
ORB-SLAM2 Copyright (C) 2014-2016 Raúl Mur-Artal, José M.M. Montiel and Juan D. Tardós, University of Zaragoza.
This program comes with ABSOLUTELY NO WARRANTY;
This is free software, and you are welcome to redistribute it
under certain conditions. See LICENSE.txt.

Built with REGISTER_TIMES
Git Commit Hash: 42e930e

Compiled with C++ version: 201703

Input sensor was set to: Stereo-Inertial
Loading settings from ./Examples/Stereo-Inertial/EuRoC_fov_deadlines_mask_6x6.yaml
	-Loaded camera 1
	-Loaded camera 2
	-Loaded image info
	-Loaded IMU calibration
	-Loaded ORB settings
	-Loaded viewer settings
	-Loaded Atlas settings
Deadlines enabled, will skip frames!
FOV enabled
Static mask size: 6x6
Dumping map points enabled
	-Loaded misc parameters
	-Computed rectification maps
----------------------------------
SLAM settings: 
	-Camera 1 parameters (Pinhole): [ 458.65399169921875 457.29598999023438 367.21499633789062 248.375 ]
	-Camera 1 distortion parameters: [  -0.28340810537338257 0.073959067463874817 0.00019359000725671649 1.7618711353861727e-05 ]
	-Camera 2 parameters (Pinhole: [ 457.58700561523438 456.13400268554688 379.99899291992188 255.23800659179688 ]
	-Camera 1 distortion parameters: [  -0.2836836576461792 0.074512839317321777 -0.00010473000293131918 -3.555907096597366e-05 ]
	-Original image size: [ 752 , 480 ]
	-Current image size: [ 752 , 480 ]
	-Camera 1 parameters after rectification: [  456.71499633789062 456.71499633789062 364.52615356445312 257.268798828125 ]
	-Sequence FPS: 20
	-Stereo baseline: 0.11007784307003021
	-Stereo depth threshold : 60
	-Gyro noise: 0.00016999999934341758
	-Accelerometer noise: 0.0020000000949949026
	-Gyro walk: 1.9392999092815444e-05
	-Accelerometer walk: 0.0030000000260770321
	-IMU frequency: 200
	-Features per image: 1200
	-ORB scale factor: 1.2000000476837158
	-ORB number of scales: 8
	-Initial FAST threshold: 20
	-Min FAST threshold: 7


Loading ORB Vocabulary. This could take a while...
Vocabulary loaded!

Initialization of Atlas from scratch 
Creation of new map with id: 0
Creation of new map with last KF id: 0
Seq. Name: 
There are 1 cameras in the atlas
Camera 0 is pinhole
SLAM Started at System Time: 1734508107.63783
not IMU meas
not IMU meas
not enough acceleration
not enough acceleration
not enough acceleration
not enough acceleration
not enough acceleration
not enough acceleration
not enough acceleration
not enough acceleration
not enough acceleration
not enough acceleration
not enough acceleration
not enough acceleration
not enough acceleration
not enough acceleration
not enough acceleration
not enough acceleration
not enough acceleration
not enough acceleration
not enough acceleration
not enough acceleration
not enough acceleration
not enough acceleration
not enough acceleration
not enough acceleration
not enough acceleration
not enough acceleration
not enough acceleration
not enough acceleration
not enough acceleration
not enough acceleration
not enough acceleration
not enough acceleration
not enough acceleration
not enough acceleration
not enough acceleration
not enough acceleration
not enough acceleration
not enough acceleration
not enough acceleration
not enough acceleration
not enough acceleration
not enough acceleration
not enough acceleration
not enough acceleration
not enough acceleration
not enough acceleration
not enough acceleration
not enough acceleration
not enough acceleration
not enough acceleration
not enough acceleration
not enough acceleration
not enough acceleration
not enough acceleration
not enough acceleration
not enough acceleration
not enough acceleration
not enough acceleration
not enough acceleration
not enough acceleration
not enough acceleration
not enough acceleration
not enough acceleration
not enough acceleration
not enough acceleration
not enough acceleration
not enough acceleration
not enough acceleration
not enough acceleration
not enough acceleration
not enough acceleration
not enough acceleration
not enough acceleration
not enough acceleration
not enough acceleration
not enough acceleration
not enough acceleration
not enough acceleration
First KF:0; Map init KF:0
New Map created with 88 points
Active map: 0
Dropping frame 1403638525.0778294
Dropping frame 1403638525.2778294
Dropping frame 1403638525.3778293
Dropping frame 1403638525.6278296
Dropping frame 1403638525.8778293
Dropping frame 1403638526.1778293
Dropping frame 1403638526.8778293
start VIBA 1
end VIBA 1
Dropping frame 1403638527.6778293
Dropping frame 1403638528.9778295
Dropping frame 1403638529.9778295
Dropping frame 1403638530.0778294
Dropping frame 1403638531.3278296
Not enough motion for initializing. Reseting...
TRACK: Reset map because local mapper set the bad imu flag 
LM: Active map reset recieved
LM: Active map reset, waiting...
LM: Reseting current map in Local Mapping...
LM: End reseting Local Mapping...
LM: Reset free the mutex
LM: Active map reset, Done!!!
mnFirstFrameId = 80
mnInitialFrameId = 0
176 Frames set to lost
not IMU meas
not enough acceleration
not enough acceleration
not enough acceleration
not enough acceleration
not enough acceleration
not enough acceleration
not enough acceleration
not enough acceleration
not enough acceleration
not enough acceleration
not enough acceleration
not enough acceleration
not enough acceleration
not enough acceleration
not enough acceleration
not enough acceleration
not enough acceleration
not enough acceleration
not enough acceleration
not enough acceleration
not enough acceleration
not enough acceleration
not enough acceleration
not enough acceleration
not enough acceleration
not enough acceleration
not enough acceleration
not enough acceleration
not enough acceleration
not enough acceleration
not enough acceleration
not enough acceleration
not enough acceleration
not enough acceleration
not enough acceleration
not enough acceleration
not enough acceleration
not enough acceleration
not enough acceleration
not enough acceleration
not enough acceleration
not enough acceleration
not enough acceleration
not enough acceleration
not enough acceleration
not enough acceleration
not enough acceleration
not enough acceleration
not enough acceleration
not enough acceleration
not enough acceleration
not enough acceleration
not enough acceleration
not enough acceleration
not enough acceleration
not enough acceleration
not enough acceleration
not enough acceleration
not enough acceleration
not enough acceleration
not enough acceleration
not enough acceleration
not enough acceleration
not enough acceleration
not enough acceleration
not enough acceleration
not enough acceleration
not enough acceleration
not enough acceleration
not enough acceleration
not enough acceleration
not enough acceleration
not enough acceleration
not enough acceleration
not enough acceleration
not enough acceleration
not enough acceleration
not enough acceleration
not enough acceleration
not enough acceleration
not enough acceleration
not enough acceleration
not enough acceleration
not enough acceleration
not enough acceleration
not enough acceleration
not enough acceleration
not enough acceleration
not enough acceleration
not enough acceleration
not enough acceleration
not enough acceleration
not enough acceleration
not enough acceleration
not enough acceleration
not enough acceleration
not enough acceleration
not enough acceleration
not enough acceleration
not enough acceleration
not enough acceleration
not enough acceleration
not enough acceleration
not enough acceleration
not enough acceleration
not enough acceleration
not enough acceleration
not enough acceleration
not enough acceleration
not enough acceleration
not enough acceleration
not enough acceleration
not enough acceleration
not enough acceleration
not enough acceleration
not enough acceleration
not enough acceleration
not enough acceleration
not enough acceleration
not enough acceleration
not enough acceleration
not enough acceleration
not enough acceleration
not enough acceleration
not enough acceleration
not enough acceleration
not enough acceleration
not enough acceleration
not enough acceleration
not enough acceleration
not enough acceleration
not enough acceleration
not enough acceleration
not enough acceleration
not enough acceleration
not enough acceleration
not enough acceleration
not enough acceleration
not enough acceleration
not enough acceleration
not enough acceleration
not enough acceleration
not enough acceleration
not enough acceleration
First KF:42; Map init KF:0
New Map created with 148 points
Active map: 0
Dropping frame 1403638541.8278296
Dropping frame 1403638542.0278294
Dropping frame 1403638542.4278295
Dropping frame 1403638542.8278296
Dropping frame 1403638542.9778295
Dropping frame 1403638543.1278296
Dropping frame 1403638543.4778295
Dropping frame 1403638543.5778294
Dropping frame 1403638543.8278296
Dropping frame 1403638543.9278295
Dropping frame 1403638544.0778294
start VIBA 1
end VIBA 1
Dropping frame 1403638544.8778293
Dropping frame 1403638544.9778295
Dropping frame 1403638545.1778293
Dropping frame 1403638545.2778294
Dropping frame 1403638545.4778295
Dropping frame 1403638545.6778293
Dropping frame 1403638545.9778295
Dropping frame 1403638546.1778293
Dropping frame 1403638546.5278294
Dropping frame 1403638547.4278295
Dropping frame 1403638547.8278296
Dropping frame 1403638548.0278294
Dropping frame 1403638548.1278296
Dropping frame 1403638548.2278295
Dropping frame 1403638548.4278295
Dropping frame 1403638548.6278296
Dropping frame 1403638548.7278295
Dropping frame 1403638548.8278296
Dropping frame 1403638549.0278294
Dropping frame 1403638549.1278296
Dropping frame 1403638549.3778293
Dropping frame 1403638549.4778295
Dropping frame 1403638549.8278296
Dropping frame 1403638550.1278296
Dropping frame 1403638550.2778294
Dropping frame 1403638550.4278295
Dropping frame 1403638550.6778293
Dropping frame 1403638550.7778294
Dropping frame 1403638550.9278295
Dropping frame 1403638551.7778294
Dropping frame 1403638551.8778293
Dropping frame 1403638552.3278296
Dropping frame 1403638552.4278295
Dropping frame 1403638552.6778293
Dropping frame 1403638552.8778293
Dropping frame 1403638553.0778294
Dropping frame 1403638553.3778293
Dropping frame 1403638553.4778295
Dropping frame 1403638553.7278295
Dropping frame 1403638553.9278295
start VIBA 2
end VIBA 2
Dropping frame 1403638554.9778295
Dropping frame 1403638555.0778294
Dropping frame 1403638555.4778295
Dropping frame 1403638555.5778294
Dropping frame 1403638555.6778293
Dropping frame 1403638555.7778294
Dropping frame 1403638556.0278294
Dropping frame 1403638556.1278296
Dropping frame 1403638556.3278296
Dropping frame 1403638556.5778294
Dropping frame 1403638556.6778293
Dropping frame 1403638556.7778294
Dropping frame 1403638556.8778293
Dropping frame 1403638557.0778294
Dropping frame 1403638557.2778294
Dropping frame 1403638557.3778293
Dropping frame 1403638557.5778294
Dropping frame 1403638557.6778293
Dropping frame 1403638557.7778294
Dropping frame 1403638557.9778295
Dropping frame 1403638558.2278295
Dropping frame 1403638558.7278295
Dropping frame 1403638558.9278295
Dropping frame 1403638559.0278294
Dropping frame 1403638559.1278296
Dropping frame 1403638559.2278295
Dropping frame 1403638559.4278295
Dropping frame 1403638559.5278294
Dropping frame 1403638559.7278295
Dropping frame 1403638559.9278295
Dropping frame 1403638560.0278294
Dropping frame 1403638560.1278296
Dropping frame 1403638560.2278295
Dropping frame 1403638560.4278295
Dropping frame 1403638560.5278294
Dropping frame 1403638560.6278296
Dropping frame 1403638560.8278296
Dropping frame 1403638560.9278295
Dropping frame 1403638561.0278294
Dropping frame 1403638561.2278295
Dropping frame 1403638561.3278296
Dropping frame 1403638561.4278295
Dropping frame 1403638561.5278294
Dropping frame 1403638561.7778294
Dropping frame 1403638561.9778295
Dropping frame 1403638562.0778294
Dropping frame 1403638562.1778293
Dropping frame 1403638562.2778294
Dropping frame 1403638562.4778295
Dropping frame 1403638562.5778294
Dropping frame 1403638562.6778293
Dropping frame 1403638562.8778293
Dropping frame 1403638562.9778295
Dropping frame 1403638563.0778294
Dropping frame 1403638563.4278295
Dropping frame 1403638563.6278296
Dropping frame 1403638563.7778294
Dropping frame 1403638563.9278295
Dropping frame 1403638564.3278296
Dropping frame 1403638564.5278294
Dropping frame 1403638564.6278296
Dropping frame 1403638564.7278295
Dropping frame 1403638564.8278296
Dropping frame 1403638565.1778293
Dropping frame 1403638565.3778293
Dropping frame 1403638565.5778294
Dropping frame 1403638565.7778294
Dropping frame 1403638565.8778293
Dropping frame 1403638565.9778295
Dropping frame 1403638566.0778294
Dropping frame 1403638566.2778294
Dropping frame 1403638566.4778295
Dropping frame 1403638566.5778294
Dropping frame 1403638566.6778293
Dropping frame 1403638566.8778293
Dropping frame 1403638567.3778293
Dropping frame 1403638567.5778294
Dropping frame 1403638567.7778294
Dropping frame 1403638567.8778293
Dropping frame 1403638567.9778295
Dropping frame 1403638568.1778293
Dropping frame 1403638568.2778294
Dropping frame 1403638568.3778293
Dropping frame 1403638568.5778294
Dropping frame 1403638568.7778294
Dropping frame 1403638568.8778293
Dropping frame 1403638568.9778295
Dropping frame 1403638569.3278296
Dropping frame 1403638569.5278294
Dropping frame 1403638569.6278296
Dropping frame 1403638569.7278295
Dropping frame 1403638569.9278295
Dropping frame 1403638570.0278294
Dropping frame 1403638570.1278296
Dropping frame 1403638570.3778293
Dropping frame 1403638570.4778295
Dropping frame 1403638570.7278295
Dropping frame 1403638570.9278295
Dropping frame 1403638571.1278296
Dropping frame 1403638571.2278295
Dropping frame 1403638571.4778295
Dropping frame 1403638571.6778293
Dropping frame 1403638571.8778293
Dropping frame 1403638572.0778294
Dropping frame 1403638572.1778293
Dropping frame 1403638572.2778294
Dropping frame 1403638572.4778295
Dropping frame 1403638572.6778293
Dropping frame 1403638572.7778294
Dropping frame 1403638573.0278294
Dropping frame 1403638573.3278296
Dropping frame 1403638573.5278294
Dropping frame 1403638573.7278295
Dropping frame 1403638573.9278295
Dropping frame 1403638574.5278294
Dropping frame 1403638574.6778293
Dropping frame 1403638575.0278294
Dropping frame 1403638575.2278295
Dropping frame 1403638575.5278294
Dropping frame 1403638575.8778293
Dropping frame 1403638576.0778294
Dropping frame 1403638576.4278295
Dropping frame 1403638576.7278295
Dropping frame 1403638576.9278295
Dropping frame 1403638577.1278296
Dropping frame 1403638577.3278296
Dropping frame 1403638577.4278295
Dropping frame 1403638577.5278294
Dropping frame 1403638577.8778293
Dropping frame 1403638578.3278296
Dropping frame 1403638578.5278294
Dropping frame 1403638579.1278296
Dropping frame 1403638579.4278295
Dropping frame 1403638579.6778293
Dropping frame 1403638579.7778294
Dropping frame 1403638579.9778295
Dropping frame 1403638580.7278295
Dropping frame 1403638580.9278295
Dropping frame 1403638581.2778294
Dropping frame 1403638581.3778293
Dropping frame 1403638581.8278296
Dropping frame 1403638582.3278296
Dropping frame 1403638582.7778294
Dropping frame 1403638583.1278296
Dropping frame 1403638583.4278295
Dropping frame 1403638584.0278294
Dropping frame 1403638584.3278296
Dropping frame 1403638584.9278295
Dropping frame 1403638585.2278295
Dropping frame 1403638585.6778293
Dropping frame 1403638585.8778293
Dropping frame 1403638586.1778293
Dropping frame 1403638586.3778293
Dropping frame 1403638586.5778294
Dropping frame 1403638586.6778293
Dropping frame 1403638586.7778294
Dropping frame 1403638586.9778295
Dropping frame 1403638587.0778294
Dropping frame 1403638587.1778293
Dropping frame 1403638587.3778293
Dropping frame 1403638587.5778294
Dropping frame 1403638587.7778294
Dropping frame 1403638587.8778293
Dropping frame 1403638587.9778295
Dropping frame 1403638588.0778294
Dropping frame 1403638588.3778293
Dropping frame 1403638588.4778295
Dropping frame 1403638588.5778294
Dropping frame 1403638588.7778294
Dropping frame 1403638588.9778295
Dropping frame 1403638589.1778293
Dropping frame 1403638589.2778294
Dropping frame 1403638589.3778293
Dropping frame 1403638589.8778293
Dropping frame 1403638589.9778295
Dropping frame 1403638590.0778294
Dropping frame 1403638590.1778293
Dropping frame 1403638590.3778293
Dropping frame 1403638590.5778294
Dropping frame 1403638590.7278295
Dropping frame 1403638590.8278296
Dropping frame 1403638591.0278294
Dropping frame 1403638591.1278296
Dropping frame 1403638591.3778293
Dropping frame 1403638591.4778295
Dropping frame 1403638591.7278295
Dropping frame 1403638591.9278295
Dropping frame 1403638592.0278294
Dropping frame 1403638592.3278296
Dropping frame 1403638592.4278295
Dropping frame 1403638592.6778293
Dropping frame 1403638592.7778294
Dropping frame 1403638592.8778293
Dropping frame 1403638593.0778294
Dropping frame 1403638593.1778293
Dropping frame 1403638593.4278295
Dropping frame 1403638593.6278296
Dropping frame 1403638593.8278296
Dropping frame 1403638593.9778295
Dropping frame 1403638594.1778293
Dropping frame 1403638594.3278296
Dropping frame 1403638594.5278294
Dropping frame 1403638594.7278295
Dropping frame 1403638594.8278296
Dropping frame 1403638595.1278296
Dropping frame 1403638595.2278295
Dropping frame 1403638595.5778294
Dropping frame 1403638595.8778293
Dropping frame 1403638597.4278295
Dropping frame 1403638597.7278295
Dropping frame 1403638598.0278294
Dropping frame 1403638598.4278295
Dropping frame 1403638617.2778294
Dropping frame 1403638617.7778294
Dropping frame 1403638618.3778293
Dropping frame 1403638618.5778294
Dropping frame 1403638619.1278296
Dropping frame 1403638619.4778295
Dropping frame 1403638619.8278296
Dropping frame 1403638620.1278296
Dropping frame 1403638620.3278296
*Loop detected
phi =  0.0042733240695661343  -0.015828272832074369 -0.0081768948553606925
BAD LOOP!!!
Dropping frame 1403638620.6778293
*Loop detected
phi = -0.0095649138128339577  -0.017662043977093783  -0.026713580775648237
BAD LOOP!!!
Dropping frame 1403638620.9778295
*Loop detected
phi =  0.0040393018382947751 -0.0085891049019554862 -0.0088485308753309382
BAD LOOP!!!
*Loop detected
phi = 0.00053085202142244341 -0.0082081019692133352 -0.0094639588992422932
BAD LOOP!!!
*Loop detected
phi = -0.0024646509082630916  -0.008955511999241831  -0.010736677489014959
BAD LOOP!!!
Dropping frame 1403638621.7278295
*Loop detected
phi =   0.001399562228940487 -0.0071393338372468008 -0.0038637902721007978
Local Mapping STOP
Local Mapping RELEASE
Dropping frame 1403638622.4778295
Dropping frame 1403638623.0278294
Dropping frame 1403638623.2278295
Dropping frame 1403638623.6778293
Dropping frame 1403638623.7778294
Local Mapping STOP
Dropping frame 1403638624.1278296
Local Mapping RELEASE
Dropping frame 1403638626.1278296
Dropping frame 1403638626.2278295
Dropping frame 1403638626.5778294
Dropping frame 1403638627.0778294
Dropping frame 1403638627.1778293
Dropping frame 1403638628.6778293
Shutdown
SLAM Finished at System Time: 1734508241.25133

 TIME STATS in ms (mean$\pm$std)
OpenCV version: 4.8.1
---------------------------
Tracking

ORB Extraction: 15.143$\pm$2.2191
Stereo Matching: 7.8654$\pm$2.003
IMU Preintegration: 0.20334$\pm$0.079862
Pose Prediction: 0.40447$\pm$1.2284
LM Track: 17.176$\pm$4.2168
New KF decision: 1.0659$\pm$1.8849
Total Tracking: 34.098$\pm$20.373



Local Mapping

KF Insertion: 12.039$\pm$4.2616
MP Culling: 0.44371$\pm$0.21524
MP Creation: 39.052$\pm$12.423
LBA: 139.49$\pm$44.914
KF Culling: 10.352$\pm$8.4401
Total Local Mapping: 201.19$\pm$65.809
---------------------------

LBA complexity (mean$\pm$std)
LBA Edges: 2133.2$\pm$1146.4
LBA KF optimized: 6.5$\pm$2.2913
LBA KF fixed: 1$\pm$0
LBA MP: nan$\pm$nan

LBA executions: 424
LBA aborts: 0
---------------------------

Map complexity
KFs in map: 192
MPs in map: 15724
---------------------------

Place Recognition (mean$\pm$std)
Database Query: 1.833$\pm$1.1331
SE3 estimation: 25.058$\pm$15.382
Total Place Recognition: 20.419$\pm$18.201


Loop Closing (mean$\pm$std)
Loop Fusion: 177.93$\pm$0
Essential Graph: 127.88$\pm$0
Total Loop Closing: 326.33$\pm$0

Num exec: 1
Number of KFs: nan$\pm$nan

Map Merging (mean$\pm$std)
Merge Maps: nan$\pm$nan
Welding BA: nan$\pm$nan
Optimization Ess.: nan$\pm$nan
Total Map Merging: nan$\pm$nan

Num exec: 0
Number of KFs: nan$\pm$nan
Number of MPs: nan$\pm$nan

Full GBA (mean$\pm$std)
GBA: 2258.4$\pm$0
Map Update: 38.8$\pm$0
Total Full GBA: 2297.2$\pm$0

Num exec: 1
Num abort: 0
Number of KFs: 195$\pm$0
Number of MPs: 16801$\pm$0

Saving trajectory to f_dataset-MH05_stereo_imu.txt ...
There are 1 maps in the atlas
  Map 0 has 192 KFs

End of saving trajectory to f_dataset-MH05_stereo_imu.txt ...

Saving keyframe trajectory to kf_dataset-MH05_stereo_imu.txt ...
