num_seq = 1
file name: dataset-MH04_stereo_imu
Loading images for sequence 0...LOADED!
Loading IMU for sequence 0...LOADED!

-------

ORB-SLAM3 Copyright (C) 2017-2020 Carlos Campos, Richard Elvira, Juan J. Gómez, José M.M. Montiel and Juan D. Tardós, University of Zaragoza.
ORB-SLAM2 Copyright (C) 2014-2016 Raúl Mur-Artal, José M.M. Montiel and Juan D. Tardós, University of Zaragoza.
This program comes with ABSOLUTELY NO WARRANTY;
This is free software, and you are welcome to redistribute it
under certain conditions. See LICENSE.txt.

Built with REGISTER_TIMES
Git Commit Hash: 42e930e

Compiled with C++ version: 201703

Input sensor was set to: Stereo-Inertial
Loading settings from ./Examples/Stereo-Inertial/EuRoC_fov_deadlines_mask_12x12.yaml
	-Loaded camera 1
	-Loaded camera 2
	-Loaded image info
	-Loaded IMU calibration
	-Loaded ORB settings
	-Loaded viewer settings
	-Loaded Atlas settings
Deadlines enabled, will skip frames!
FOV enabled
Static mask size: 12x12
Dumping map points enabled
	-Loaded misc parameters
	-Computed rectification maps
----------------------------------
SLAM settings: 
	-Camera 1 parameters (Pinhole): [ 458.65399169921875 457.29598999023438 367.21499633789062 248.375 ]
	-Camera 1 distortion parameters: [  -0.28340810537338257 0.073959067463874817 0.00019359000725671649 1.7618711353861727e-05 ]
	-Camera 2 parameters (Pinhole: [ 457.58700561523438 456.13400268554688 379.99899291992188 255.23800659179688 ]
	-Camera 1 distortion parameters: [  -0.2836836576461792 0.074512839317321777 -0.00010473000293131918 -3.555907096597366e-05 ]
	-Original image size: [ 752 , 480 ]
	-Current image size: [ 752 , 480 ]
	-Camera 1 parameters after rectification: [  456.71499633789062 456.71499633789062 364.52615356445312 257.268798828125 ]
	-Sequence FPS: 20
	-Stereo baseline: 0.11007784307003021
	-Stereo depth threshold : 60
	-Gyro noise: 0.00016999999934341758
	-Accelerometer noise: 0.0020000000949949026
	-Gyro walk: 1.9392999092815444e-05
	-Accelerometer walk: 0.0030000000260770321
	-IMU frequency: 200
	-Features per image: 1200
	-ORB scale factor: 1.2000000476837158
	-ORB number of scales: 8
	-Initial FAST threshold: 20
	-Min FAST threshold: 7


Loading ORB Vocabulary. This could take a while...
Vocabulary loaded!

Initialization of Atlas from scratch 
Creation of new map with id: 0
Creation of new map with last KF id: 0
Seq. Name: 
There are 1 cameras in the atlas
Camera 0 is pinhole
SLAM Started at System Time: 1734513181.59892
not IMU meas
not IMU meas
not enough acceleration
not enough acceleration
not enough acceleration
not enough acceleration
not enough acceleration
not enough acceleration
not enough acceleration
not enough acceleration
not enough acceleration
not enough acceleration
not enough acceleration
not enough acceleration
not enough acceleration
not enough acceleration
not enough acceleration
not enough acceleration
not enough acceleration
not enough acceleration
not enough acceleration
not enough acceleration
not enough acceleration
not enough acceleration
not enough acceleration
not enough acceleration
not enough acceleration
not enough acceleration
not enough acceleration
not enough acceleration
not enough acceleration
not enough acceleration
First KF:0; Map init KF:0
New Map created with 142 points
Active map: 0
Dropping frame 1403638130.195097
Dropping frame 1403638130.395097
Dropping frame 1403638130.695097
Dropping frame 1403638130.7950971
Dropping frame 1403638131.145097
Dropping frame 1403638131.3450971
Dropping frame 1403638131.445097
Dropping frame 1403638131.5450969
Dropping frame 1403638131.645097
Dropping frame 1403638131.945097
Dropping frame 1403638132.0450969
Dropping frame 1403638132.2950971
Dropping frame 1403638132.4950972
Dropping frame 1403638132.695097
Dropping frame 1403638132.895097
Dropping frame 1403638132.9950972
Dropping frame 1403638133.3450971
Dropping frame 1403638133.5950971
Dropping frame 1403638133.895097
Dropping frame 1403638133.9950972
Dropping frame 1403638134.2450969
start VIBA 1
Dropping frame 1403638134.3450971
end VIBA 1
Dropping frame 1403638134.5950971
Dropping frame 1403638134.695097
Dropping frame 1403638134.945097
Dropping frame 1403638135.145097
Dropping frame 1403638135.2450969
Dropping frame 1403638135.3450971
Dropping frame 1403638135.445097
Dropping frame 1403638135.5450969
Dropping frame 1403638135.7950971
Dropping frame 1403638135.945097
Dropping frame 1403638136.195097
Dropping frame 1403638136.2950971
Dropping frame 1403638136.4950972
Dropping frame 1403638136.695097
Dropping frame 1403638136.895097
Dropping frame 1403638136.9950972
Dropping frame 1403638137.145097
Dropping frame 1403638137.3450971
Dropping frame 1403638137.5450969
Dropping frame 1403638137.645097
Dropping frame 1403638137.7450969
Dropping frame 1403638137.8450971
Dropping frame 1403638138.0450969
Dropping frame 1403638138.2450969
Dropping frame 1403638138.3450971
Dropping frame 1403638138.445097
Dropping frame 1403638138.5450969
Dropping frame 1403638138.7450969
Dropping frame 1403638138.8450971
Dropping frame 1403638138.945097
Dropping frame 1403638139.145097
Dropping frame 1403638139.3450971
Dropping frame 1403638139.5450969
Dropping frame 1403638139.7450969
Dropping frame 1403638139.945097
Dropping frame 1403638140.0450969
Dropping frame 1403638140.195097
Dropping frame 1403638140.395097
Dropping frame 1403638140.4950972
Dropping frame 1403638140.695097
Dropping frame 1403638140.7950971
Dropping frame 1403638141.0950971
Dropping frame 1403638141.2950971
Dropping frame 1403638141.395097
Dropping frame 1403638141.4950972
Dropping frame 1403638141.7450969
Dropping frame 1403638141.8450971
Dropping frame 1403638142.0450969
Dropping frame 1403638142.145097
Dropping frame 1403638142.2450969
Dropping frame 1403638142.445097
Dropping frame 1403638142.645097
Dropping frame 1403638142.7450969
Dropping frame 1403638142.945097
Dropping frame 1403638143.0450969
Dropping frame 1403638143.2950971
Dropping frame 1403638143.7450969
Dropping frame 1403638145.5950971
Dropping frame 1403638145.695097
Dropping frame 1403638145.945097
Dropping frame 1403638146.7450969
Dropping frame 1403638147.195097
Dropping frame 1403638147.8450971
start VIBA 2
end VIBA 2
Dropping frame 1403638150.195097
Dropping frame 1403638150.895097
Dropping frame 1403638151.3450971
Dropping frame 1403638151.695097
Dropping frame 1403638153.5450969
Dropping frame 1403638154.3450971
Dropping frame 1403638155.5450969
Dropping frame 1403638156.0950971
Dropping frame 1403638157.5950971
Dropping frame 1403638157.695097
Dropping frame 1403638158.195097
Dropping frame 1403638158.2950971
Dropping frame 1403638158.4950972
Dropping frame 1403638158.645097
Dropping frame 1403638158.7950971
Dropping frame 1403638158.895097
Dropping frame 1403638158.9950972
Dropping frame 1403638159.195097
Dropping frame 1403638159.2950971
Dropping frame 1403638159.5450969
Dropping frame 1403638159.8450971
Dropping frame 1403638159.945097
Dropping frame 1403638160.0450969
Dropping frame 1403638160.195097
Dropping frame 1403638160.2950971
Dropping frame 1403638160.5450969
Dropping frame 1403638160.645097
Dropping frame 1403638160.7450969
Dropping frame 1403638160.8450971
Dropping frame 1403638161.0450969
Dropping frame 1403638161.145097
Dropping frame 1403638161.395097
Dropping frame 1403638161.5450969
Dropping frame 1403638161.7950971
Dropping frame 1403638161.895097
Dropping frame 1403638162.3450971
Dropping frame 1403638162.4950972
Dropping frame 1403638162.695097
Dropping frame 1403638162.7950971
Dropping frame 1403638162.945097
Dropping frame 1403638163.195097
Dropping frame 1403638163.3450971
Dropping frame 1403638163.4950972
Dropping frame 1403638163.5950971
Dropping frame 1403638163.8450971
Dropping frame 1403638163.945097
Dropping frame 1403638164.395097
Dropping frame 1403638164.7450969
Dropping frame 1403638164.8450971
Dropping frame 1403638165.3450971
Dropping frame 1403638165.4950972
Dropping frame 1403638165.7950971
Dropping frame 1403638166.445097
Dropping frame 1403638166.7450969
Dropping frame 1403638166.9950972
Dropping frame 1403638167.3450971
Dropping frame 1403638167.4950972
Dropping frame 1403638167.645097
Dropping frame 1403638167.9950972
Dropping frame 1403638168.0950971
Dropping frame 1403638168.3450971
Dropping frame 1403638168.445097
Dropping frame 1403638168.7450969
Dropping frame 1403638168.945097
Dropping frame 1403638169.0950971
Dropping frame 1403638169.195097
Dropping frame 1403638169.3450971
Dropping frame 1403638169.4950972
Dropping frame 1403638169.645097
Dropping frame 1403638169.7950971
Dropping frame 1403638169.895097
Dropping frame 1403638170.0450969
Dropping frame 1403638170.2450969
Dropping frame 1403638170.445097
Dropping frame 1403638170.5450969
Dropping frame 1403638170.645097
Dropping frame 1403638170.7950971
Dropping frame 1403638170.895097
Dropping frame 1403638171.2450969
Dropping frame 1403638171.695097
Dropping frame 1403638171.7950971
Dropping frame 1403638171.9950972
Dropping frame 1403638172.0950971
Dropping frame 1403638172.2950971
Dropping frame 1403638172.4950972
Dropping frame 1403638172.695097
Dropping frame 1403638172.7950971
Dropping frame 1403638172.895097
Dropping frame 1403638173.0950971
Dropping frame 1403638173.2950971
Dropping frame 1403638173.395097
Dropping frame 1403638173.695097
Dropping frame 1403638173.7950971
Dropping frame 1403638174.145097
Dropping frame 1403638174.3450971
Dropping frame 1403638174.5450969
Dropping frame 1403638174.645097
Dropping frame 1403638174.8450971
Dropping frame 1403638175.0450969
Dropping frame 1403638175.145097
Dropping frame 1403638175.445097
Dropping frame 1403638175.645097
Dropping frame 1403638175.8450971
Dropping frame 1403638176.0450969
Dropping frame 1403638176.145097
Dropping frame 1403638176.395097
Dropping frame 1403638176.5950971
Dropping frame 1403638176.695097
Dropping frame 1403638176.8450971
Dropping frame 1403638177.0450969
Dropping frame 1403638177.145097
Dropping frame 1403638177.3450971
Dropping frame 1403638177.445097
Dropping frame 1403638177.5450969
Dropping frame 1403638177.645097
Dropping frame 1403638177.8450971
Dropping frame 1403638178.0450969
Dropping frame 1403638178.145097
Dropping frame 1403638178.2450969
Dropping frame 1403638178.3450971
Dropping frame 1403638178.445097
Dropping frame 1403638178.5950971
Dropping frame 1403638178.8450971
Dropping frame 1403638178.945097
Dropping frame 1403638179.145097
Dropping frame 1403638179.2450969
Dropping frame 1403638179.3450971
Dropping frame 1403638179.5450969
Dropping frame 1403638179.7450969
Dropping frame 1403638179.8450971
Dropping frame 1403638180.0450969
Dropping frame 1403638180.145097
Dropping frame 1403638180.2450969
Dropping frame 1403638180.4950972
Dropping frame 1403638180.5950971
Dropping frame 1403638180.7950971
Dropping frame 1403638180.895097
Dropping frame 1403638181.0950971
Dropping frame 1403638181.5950971
Dropping frame 1403638182.2950971
Dropping frame 1403638182.395097
Dropping frame 1403638182.5450969
Dropping frame 1403638182.695097
Dropping frame 1403638182.895097
Dropping frame 1403638183.0950971
Dropping frame 1403638183.195097
Dropping frame 1403638183.395097
Dropping frame 1403638183.645097
Dropping frame 1403638183.8450971
Dropping frame 1403638183.945097
Dropping frame 1403638184.145097
Dropping frame 1403638184.2450969
Dropping frame 1403638184.5950971
Dropping frame 1403638184.695097
Dropping frame 1403638184.945097
Dropping frame 1403638185.0450969
Dropping frame 1403638185.145097
Dropping frame 1403638185.2450969
Dropping frame 1403638185.395097
Dropping frame 1403638185.4950972
Dropping frame 1403638185.695097
Dropping frame 1403638185.7950971
Dropping frame 1403638185.895097
Dropping frame 1403638185.9950972
Dropping frame 1403638186.0950971
Dropping frame 1403638186.2950971
Dropping frame 1403638186.395097
Dropping frame 1403638186.4950972
Dropping frame 1403638186.7450969
Dropping frame 1403638186.8450971
Dropping frame 1403638186.9950972
Dropping frame 1403638187.0950971
Dropping frame 1403638187.3450971
Dropping frame 1403638187.445097
Dropping frame 1403638187.645097
Dropping frame 1403638187.895097
Dropping frame 1403638187.9950972
Dropping frame 1403638188.0950971
Dropping frame 1403638188.2450969
Dropping frame 1403638188.3450971
Dropping frame 1403638188.7450969
Dropping frame 1403638189.195097
Dropping frame 1403638189.2950971
Dropping frame 1403638189.645097
Dropping frame 1403638189.7450969
Dropping frame 1403638190.0450969
Dropping frame 1403638190.7950971
Dropping frame 1403638191.2450969
Dropping frame 1403638191.645097
Dropping frame 1403638191.9950972
Dropping frame 1403638192.0950971
Dropping frame 1403638192.2950971
Dropping frame 1403638192.4950972
Dropping frame 1403638192.695097
Dropping frame 1403638192.7950971
Dropping frame 1403638192.9950972
Dropping frame 1403638193.195097
Dropping frame 1403638193.2950971
Dropping frame 1403638193.395097
Dropping frame 1403638193.4950972
Dropping frame 1403638193.5950971
Dropping frame 1403638193.8450971
Dropping frame 1403638193.945097
Dropping frame 1403638194.195097
Dropping frame 1403638194.3450971
Dropping frame 1403638194.5450969
Dropping frame 1403638194.7450969
Dropping frame 1403638194.8450971
Dropping frame 1403638195.0950971
Dropping frame 1403638195.2950971
Dropping frame 1403638195.395097
Dropping frame 1403638195.645097
Dropping frame 1403638195.7450969
Dropping frame 1403638195.8450971
Dropping frame 1403638196.0450969
Dropping frame 1403638196.145097
Dropping frame 1403638196.2450969
Dropping frame 1403638196.445097
Dropping frame 1403638196.645097
Dropping frame 1403638196.8450971
Dropping frame 1403638196.945097
Dropping frame 1403638197.195097
Dropping frame 1403638197.2950971
Dropping frame 1403638197.5450969
Dropping frame 1403638198.2950971
Dropping frame 1403638198.695097
Dropping frame 1403638198.9950972
Dropping frame 1403638199.145097
Dropping frame 1403638199.3450971
Dropping frame 1403638199.5950971
Dropping frame 1403638199.8450971
Dropping frame 1403638199.9950972
Dropping frame 1403638200.195097
Dropping frame 1403638200.395097
Dropping frame 1403638200.5950971
Dropping frame 1403638200.8450971
Dropping frame 1403638200.945097
Dropping frame 1403638201.2450969
Dropping frame 1403638201.4950972
Dropping frame 1403638201.5950971
Dropping frame 1403638201.695097
Dropping frame 1403638202.0450969
Dropping frame 1403638202.145097
Dropping frame 1403638202.445097
Dropping frame 1403638202.5450969
Dropping frame 1403638202.7950971
Dropping frame 1403638202.9950972
Dropping frame 1403638203.0950971
Dropping frame 1403638203.2950971
Dropping frame 1403638203.395097
Dropping frame 1403638203.645097
Dropping frame 1403638203.8450971
Dropping frame 1403638203.945097
Dropping frame 1403638204.0450969
Dropping frame 1403638204.2450969
Dropping frame 1403638204.445097
Dropping frame 1403638204.8450971
Dropping frame 1403638204.945097
Dropping frame 1403638205.145097
Dropping frame 1403638205.2450969
Dropping frame 1403638205.645097
Dropping frame 1403638205.8450971
Dropping frame 1403638206.0450969
Dropping frame 1403638206.2450969
Dropping frame 1403638206.4950972
Dropping frame 1403638206.5950971
Dropping frame 1403638206.895097
Dropping frame 1403638207.0950971
Dropping frame 1403638207.195097
Dropping frame 1403638207.2950971
Dropping frame 1403638207.4950972
Dropping frame 1403638207.8450971
Dropping frame 1403638207.945097
Dropping frame 1403638208.0450969
Dropping frame 1403638208.2450969
Dropping frame 1403638208.395097
Dropping frame 1403638208.5950971
Dropping frame 1403638209.195097
Dropping frame 1403638209.4950972
Dropping frame 1403638209.7450969
Dropping frame 1403638210.195097
Dropping frame 1403638210.645097
Dropping frame 1403638210.7450969
Dropping frame 1403638211.2950971
Dropping frame 1403638211.395097
Dropping frame 1403638211.5950971
Dropping frame 1403638211.695097
Dropping frame 1403638211.9950972
Dropping frame 1403638212.2950971
Dropping frame 1403638212.4950972
Dropping frame 1403638212.7450969
Dropping frame 1403638212.9950972
Dropping frame 1403638213.0950971
Dropping frame 1403638213.3450971
Dropping frame 1403638213.445097
Dropping frame 1403638213.8450971
Dropping frame 1403638214.195097
Dropping frame 1403638214.4950972
Dropping frame 1403638214.5950971
Dropping frame 1403638214.9950972
Dropping frame 1403638215.0950971
Dropping frame 1403638215.3450971
Dropping frame 1403638215.5450969
Dropping frame 1403638215.645097
Dropping frame 1403638216.0450969
Dropping frame 1403638216.2450969
Dropping frame 1403638216.5950971
Dropping frame 1403638216.7950971
Dropping frame 1403638216.9950972
Dropping frame 1403638217.195097
Dropping frame 1403638217.2950971
Dropping frame 1403638217.645097
Dropping frame 1403638217.7450969
Dropping frame 1403638217.9950972
Dropping frame 1403638218.3450971
Dropping frame 1403638218.5450969
Dropping frame 1403638218.7450969
Dropping frame 1403638218.8450971
Dropping frame 1403638219.0950971
Dropping frame 1403638219.2950971
Dropping frame 1403638219.5450969
Dropping frame 1403638219.8450971
Dropping frame 1403638220.0450969
Dropping frame 1403638220.445097
Dropping frame 1403638221.4950972
Dropping frame 1403638221.695097
Dropping frame 1403638221.895097
Dropping frame 1403638222.145097
Dropping frame 1403638222.5450969
Dropping frame 1403638222.895097
Dropping frame 1403638223.395097
Dropping frame 1403638228.3450971
Dropping frame 1403638228.5450969
Shutdown
SLAM Finished at System Time: 1734513303.1698

 TIME STATS in ms (mean$\pm$std)
OpenCV version: 4.8.1
---------------------------
Tracking

ORB Extraction: 18.516$\pm$2.4018
Stereo Matching: 8.042$\pm$2.131
IMU Preintegration: 0.21897$\pm$0.08349
Pose Prediction: 0.25944$\pm$0.86243
LM Track: 17.762$\pm$4.9392
New KF decision: 1.0264$\pm$1.8086
Total Tracking: 33.145$\pm$24.712



Local Mapping

KF Insertion: 14.502$\pm$6.2277
MP Culling: 0.46848$\pm$0.22244
MP Creation: 46.207$\pm$15.669
LBA: 151.51$\pm$42.031
KF Culling: 10.83$\pm$6.9999
Total Local Mapping: 223.51$\pm$58.975
---------------------------

LBA complexity (mean$\pm$std)
LBA Edges: 1598.4$\pm$980.6
LBA KF optimized: 6.5$\pm$2.2913
LBA KF fixed: 1$\pm$0
LBA MP: nan$\pm$nan

LBA executions: 375
LBA aborts: 0
---------------------------

Map complexity
KFs in map: 180
MPs in map: 13604
---------------------------

Place Recognition (mean$\pm$std)
Database Query: 2.0836$\pm$1.1722
SE3 estimation: 26.884$\pm$17.043
Total Place Recognition: 24.461$\pm$19.573


Loop Closing (mean$\pm$std)
Loop Fusion: nan$\pm$nan
Essential Graph: nan$\pm$nan
Total Loop Closing: nan$\pm$nan

Num exec: 0
Number of KFs: nan$\pm$nan

Map Merging (mean$\pm$std)
Merge Maps: nan$\pm$nan
Welding BA: nan$\pm$nan
Optimization Ess.: nan$\pm$nan
Total Map Merging: nan$\pm$nan

Num exec: 0
Number of KFs: nan$\pm$nan
Number of MPs: nan$\pm$nan

Full GBA (mean$\pm$std)
GBA: nan$\pm$nan
Map Update: nan$\pm$nan
Total Full GBA: nan$\pm$nan

Num exec: 0
Num abort: 0
Number of KFs: nan$\pm$nan
Number of MPs: nan$\pm$nan

Saving trajectory to f_dataset-MH04_stereo_imu.txt ...
There are 1 maps in the atlas
  Map 0 has 180 KFs

End of saving trajectory to f_dataset-MH04_stereo_imu.txt ...

Saving keyframe trajectory to kf_dataset-MH04_stereo_imu.txt ...
