num_seq = 1
file name: dataset-MH02_stereo_imu
Loading images for sequence 0...LOADED!
Loading IMU for sequence 0...LOADED!

-------

ORB-SLAM3 Copyright (C) 2017-2020 Carlos Campos, Richard Elvira, Juan J. Gómez, José M.M. Montiel and Juan D. Tardós, University of Zaragoza.
ORB-SLAM2 Copyright (C) 2014-2016 Raúl Mur-Artal, José M.M. Montiel and Juan D. Tardós, University of Zaragoza.
This program comes with ABSOLUTELY NO WARRANTY;
This is free software, and you are welcome to redistribute it
under certain conditions. See LICENSE.txt.

Built with REGISTER_TIMES
Git Commit Hash: 5ee9387

Compiled with C++ version: 201703

Input sensor was set to: Stereo-Inertial
Loading settings from ./Examples/Stereo-Inertial/EuRoC_fov_deadlines_mask_6x6.yaml
	-Loaded camera 1
	-Loaded camera 2
	-Loaded image info
	-Loaded IMU calibration
	-Loaded ORB settings
	-Loaded viewer settings
	-Loaded Atlas settings
Deadlines enabled, will skip frames!
FOV enabled
Static mask size: 6x6
Dumping map points enabled
	-Loaded misc parameters
	-Computed rectification maps
----------------------------------
SLAM settings: 
	-Camera 1 parameters (Pinhole): [ 458.65399169921875 457.29598999023438 367.21499633789062 248.375 ]
	-Camera 1 distortion parameters: [  -0.28340810537338257 0.073959067463874817 0.00019359000725671649 1.7618711353861727e-05 ]
	-Camera 2 parameters (Pinhole: [ 457.58700561523438 456.13400268554688 379.99899291992188 255.23800659179688 ]
	-Camera 1 distortion parameters: [  -0.2836836576461792 0.074512839317321777 -0.00010473000293131918 -3.555907096597366e-05 ]
	-Original image size: [ 752 , 480 ]
	-Current image size: [ 752 , 480 ]
	-Camera 1 parameters after rectification: [  456.71499633789062 456.71499633789062 364.52615356445312 257.268798828125 ]
	-Sequence FPS: 20
	-Stereo baseline: 0.11007784307003021
	-Stereo depth threshold : 60
	-Gyro noise: 0.00016999999934341758
	-Accelerometer noise: 0.0020000000949949026
	-Gyro walk: 1.9392999092815444e-05
	-Accelerometer walk: 0.0030000000260770321
	-IMU frequency: 200
	-Features per image: 1200
	-ORB scale factor: 1.2000000476837158
	-ORB number of scales: 8
	-Initial FAST threshold: 20
	-Min FAST threshold: 7


Loading ORB Vocabulary. This could take a while...
Vocabulary loaded!

Initialization of Atlas from scratch 
Creation of new map with id: 0
Creation of new map with last KF id: 0
Seq. Name: 
There are 1 cameras in the atlas
Camera 0 is pinhole
SLAM Started at System Time: 1734432169.07441
not IMU meas
not IMU meas
not enough acceleration
not enough acceleration
not enough acceleration
not enough acceleration
not enough acceleration
not enough acceleration
First KF:0; Map init KF:0
New Map created with 175 points
Active map: 0
Dropping frame 1403636859.6016665
Dropping frame 1403636859.9516664
Dropping frame 1403636860.3016665
Dropping frame 1403636860.5516665
Dropping frame 1403636860.7516665
Dropping frame 1403636861.1016665
Dropping frame 1403636861.8016665
Dropping frame 1403636862.1016665
Dropping frame 1403636862.4016666
Dropping frame 1403636862.7516665
Dropping frame 1403636863.1016665
Dropping frame 1403636863.6516664
Dropping frame 1403636863.9516664
Dropping frame 1403636864.1516664
Dropping frame 1403636864.4516664
start VIBA 1
end VIBA 1
Dropping frame 1403636864.6016665
Dropping frame 1403636864.7516665
Dropping frame 1403636865.5516665
Dropping frame 1403636865.8516665
Dropping frame 1403636866.0016665
Dropping frame 1403636866.1016665
Dropping frame 1403636866.5516665
Dropping frame 1403636866.6516664
Dropping frame 1403636867.2016666
Dropping frame 1403636868.1016665
Dropping frame 1403636868.2016666
Dropping frame 1403636868.4016666
Dropping frame 1403636868.6516664
Dropping frame 1403636868.7516665
Dropping frame 1403636869.2016666
Dropping frame 1403636869.4016666
Not enough motion for initializing. Reseting...
TRACK: Reset map because local mapper set the bad imu flag 
LM: Active map reset recieved
LM: Active map reset, waiting...
LM: Reseting current map in Local Mapping...
LM: End reseting Local Mapping...
LM: Reset free the mutex
LM: Active map reset, Done!!!
mnFirstFrameId = 8
mnInitialFrameId = 0
177 Frames set to lost
not IMU meas
not enough acceleration
not enough acceleration
not enough acceleration
not enough acceleration
not enough acceleration
not enough acceleration
not enough acceleration
not enough acceleration
not enough acceleration
not enough acceleration
not enough acceleration
not enough acceleration
not enough acceleration
not enough acceleration
not enough acceleration
not enough acceleration
not enough acceleration
not enough acceleration
First KF:40; Map init KF:0
New Map created with 361 points
Active map: 0
Dropping frame 1403636871.8516665
Dropping frame 1403636871.9516664
Dropping frame 1403636872.5516665
Dropping frame 1403636872.8016665
Dropping frame 1403636874.0516665
Dropping frame 1403636874.4016666
Dropping frame 1403636875.5516665
start VIBA 1
end VIBA 1
Dropping frame 1403636878.0516665
Dropping frame 1403636880.4516664
Dropping frame 1403636882.1516664
Dropping frame 1403636884.6016665
Dropping frame 1403636886.2016666
Dropping frame 1403636886.5016665
start VIBA 2
end VIBA 2
Dropping frame 1403636903.7516665
Dropping frame 1403636903.8516665
Dropping frame 1403636904.2516665
Dropping frame 1403636904.4516664
Dropping frame 1403636904.9516664
Dropping frame 1403636905.0516665
Dropping frame 1403636905.6016665
Dropping frame 1403636906.1516664
Dropping frame 1403636906.3016665
Dropping frame 1403636906.5516665
Dropping frame 1403636906.6516664
Dropping frame 1403636907.1016665
Dropping frame 1403636907.3016665
Dropping frame 1403636907.4516664
Dropping frame 1403636907.7516665
Dropping frame 1403636908.0516665
Dropping frame 1403636908.3016665
Dropping frame 1403636908.4016666
Dropping frame 1403636908.8516665
Dropping frame 1403636909.0016665
Dropping frame 1403636909.4516664
Dropping frame 1403636909.6016665
Dropping frame 1403636909.7516665
Dropping frame 1403636909.8516665
Dropping frame 1403636910.1516664
Dropping frame 1403636910.2516665
Dropping frame 1403636910.4516664
Dropping frame 1403636910.6016665
Dropping frame 1403636910.7016666
Dropping frame 1403636910.9016666
Dropping frame 1403636911.2016666
Dropping frame 1403636911.4016666
Dropping frame 1403636911.5016665
Dropping frame 1403636911.6016665
Dropping frame 1403636911.8516665
Dropping frame 1403636912.0016665
Dropping frame 1403636912.4016666
Dropping frame 1403636912.5516665
Dropping frame 1403636912.6516664
Dropping frame 1403636912.7516665
Dropping frame 1403636913.0516665
Dropping frame 1403636913.1516664
Dropping frame 1403636913.3516665
Dropping frame 1403636913.5016665
Dropping frame 1403636913.6016665
Dropping frame 1403636913.8016665
Dropping frame 1403636914.0016665
Dropping frame 1403636914.1016665
Dropping frame 1403636914.2016666
Dropping frame 1403636914.4016666
Dropping frame 1403636914.7016666
Dropping frame 1403636915.0016665
Dropping frame 1403636915.2516665
Dropping frame 1403636915.3516665
Dropping frame 1403636915.7016666
Dropping frame 1403636915.8016665
Dropping frame 1403636916.1516664
Dropping frame 1403636916.5016665
Dropping frame 1403636916.7016666
Dropping frame 1403636916.8516665
Dropping frame 1403636916.9516664
Dropping frame 1403636917.0516665
Dropping frame 1403636917.2016666
Dropping frame 1403636917.4516664
Dropping frame 1403636917.8016665
Dropping frame 1403636918.3016665
Dropping frame 1403636918.7016666
Dropping frame 1403636918.9016666
Dropping frame 1403636919.0016665
Dropping frame 1403636919.6016665
Dropping frame 1403636920.0016665
Dropping frame 1403636920.2016666
Dropping frame 1403636920.3016665
Dropping frame 1403636920.7016666
Dropping frame 1403636920.9516664
Dropping frame 1403636921.2516665
Dropping frame 1403636921.9016666
Dropping frame 1403636922.1516664
Dropping frame 1403636922.6516664
Dropping frame 1403636922.7516665
Dropping frame 1403636922.9516664
Dropping frame 1403636923.3016665
Dropping frame 1403636923.4016666
Dropping frame 1403636923.5516665
Dropping frame 1403636923.9516664
Dropping frame 1403636924.1016665
Dropping frame 1403636924.5016665
Dropping frame 1403636924.7016666
Dropping frame 1403636924.8016665
Dropping frame 1403636925.0516665
Dropping frame 1403636925.1516664
Dropping frame 1403636925.5516665
Dropping frame 1403636925.7516665
Dropping frame 1403636926.0516665
Dropping frame 1403636926.1516664
Dropping frame 1403636926.5016665
Dropping frame 1403636926.6016665
Dropping frame 1403636926.8016665
Dropping frame 1403636927.0016665
Dropping frame 1403636927.1016665
Dropping frame 1403636927.2016666
Dropping frame 1403636927.4516664
Dropping frame 1403636927.6516664
Dropping frame 1403636927.9516664
Dropping frame 1403636928.1516664
Dropping frame 1403636928.3516665
Dropping frame 1403636928.5016665
Dropping frame 1403636928.8516665
Dropping frame 1403636929.1016665
Dropping frame 1403636929.2016666
Dropping frame 1403636929.4016666
Dropping frame 1403636929.5016665
Dropping frame 1403636929.6016665
Dropping frame 1403636929.8016665
Dropping frame 1403636930.0516665
Dropping frame 1403636930.2516665
Dropping frame 1403636930.4516664
Dropping frame 1403636930.5516665
Dropping frame 1403636930.7516665
Dropping frame 1403636930.8516665
Dropping frame 1403636931.0016665
Dropping frame 1403636931.2516665
Dropping frame 1403636931.4016666
Dropping frame 1403636931.7016666
Dropping frame 1403636932.0516665
Dropping frame 1403636932.3516665
Dropping frame 1403636932.5016665
Dropping frame 1403636932.6016665
Dropping frame 1403636932.8016665
Dropping frame 1403636933.2516665
Dropping frame 1403636933.4516664
Dropping frame 1403636933.5516665
Dropping frame 1403636933.8516665
Dropping frame 1403636934.0516665
Dropping frame 1403636934.3016665
Dropping frame 1403636934.4016666
Dropping frame 1403636934.5016665
Dropping frame 1403636934.6016665
Dropping frame 1403636934.8016665
Dropping frame 1403636935.0016665
Dropping frame 1403636935.1516664
Dropping frame 1403636935.3516665
Dropping frame 1403636935.5516665
Dropping frame 1403636935.6516664
Dropping frame 1403636935.7516665
Dropping frame 1403636935.8516665
Dropping frame 1403636936.0016665
Dropping frame 1403636936.2516665
Dropping frame 1403636936.3516665
Dropping frame 1403636936.6516664
Dropping frame 1403636936.8016665
Dropping frame 1403636936.9016666
Dropping frame 1403636937.1516664
Dropping frame 1403636937.2516665
Dropping frame 1403636937.6516664
Dropping frame 1403636937.7516665
Dropping frame 1403636938.0516665
Dropping frame 1403636938.1516664
Dropping frame 1403636938.3016665
Dropping frame 1403636938.5016665
Dropping frame 1403636938.6516664
Dropping frame 1403636938.7516665
Dropping frame 1403636938.9016666
Dropping frame 1403636939.0016665
Dropping frame 1403636939.3016665
Dropping frame 1403636939.5016665
Dropping frame 1403636939.6016665
Dropping frame 1403636939.7016666
Dropping frame 1403636939.9016666
Dropping frame 1403636940.0016665
Dropping frame 1403636940.1016665
Dropping frame 1403636940.2016666
Dropping frame 1403636940.5016665
Dropping frame 1403636940.7016666
Dropping frame 1403636940.8016665
Dropping frame 1403636941.0016665
Dropping frame 1403636941.1016665
Dropping frame 1403636941.2016666
Dropping frame 1403636941.3016665
Dropping frame 1403636941.4016666
Dropping frame 1403636941.5016665
Dropping frame 1403636941.7516665
Dropping frame 1403636941.8516665
Dropping frame 1403636942.0516665
Dropping frame 1403636942.1516664
Dropping frame 1403636942.2516665
Dropping frame 1403636942.3516665
Dropping frame 1403636942.7016666
Dropping frame 1403636942.8016665
Dropping frame 1403636942.9016666
Dropping frame 1403636943.3016665
Dropping frame 1403636943.6016665
Dropping frame 1403636943.8016665
Dropping frame 1403636943.9016666
Dropping frame 1403636944.0516665
Dropping frame 1403636944.1516664
Dropping frame 1403636944.2516665
Dropping frame 1403636944.5016665
Dropping frame 1403636944.6516664
Dropping frame 1403636944.8516665
Dropping frame 1403636944.9516664
Dropping frame 1403636945.0516665
Dropping frame 1403636945.2016666
Dropping frame 1403636945.5516665
Dropping frame 1403636945.6516664
Dropping frame 1403636945.8016665
Dropping frame 1403636946.2516665
Dropping frame 1403636946.3516665
Dropping frame 1403636946.6016665
Dropping frame 1403636946.7016666
Dropping frame 1403636946.8016665
Dropping frame 1403636947.0016665
Dropping frame 1403636947.2016666
Dropping frame 1403636947.4016666
Dropping frame 1403636947.5016665
Dropping frame 1403636947.8016665
Dropping frame 1403636947.9016666
Dropping frame 1403636948.1516664
Dropping frame 1403636948.2516665
Dropping frame 1403636948.3516665
Dropping frame 1403636948.5016665
Dropping frame 1403636948.7016666
Dropping frame 1403636949.0016665
Dropping frame 1403636949.1016665
Dropping frame 1403636949.3516665
Dropping frame 1403636949.6016665
Dropping frame 1403636949.7516665
Dropping frame 1403636949.9516664
Dropping frame 1403636950.1516664
Dropping frame 1403636950.2516665
Dropping frame 1403636950.5516665
Dropping frame 1403636951.0016665
Dropping frame 1403636951.2016666
Dropping frame 1403636951.4016666
Dropping frame 1403636951.5516665
Dropping frame 1403636951.7516665
Dropping frame 1403636952.1016665
Dropping frame 1403636952.4016666
Dropping frame 1403636952.5016665
Dropping frame 1403636952.9016666
Dropping frame 1403636953.0016665
Dropping frame 1403636953.2516665
Dropping frame 1403636953.4516664
Dropping frame 1403636953.5516665
Dropping frame 1403636953.7516665
Dropping frame 1403636953.9016666
Dropping frame 1403636954.3516665
Dropping frame 1403636954.4516664
Dropping frame 1403636954.8016665
Dropping frame 1403636954.9016666
Dropping frame 1403636955.1016665
Dropping frame 1403636955.3516665
Dropping frame 1403636955.5016665
Dropping frame 1403636955.8016665
Dropping frame 1403636955.9016666
Dropping frame 1403636956.1016665
Dropping frame 1403636956.3016665
Dropping frame 1403636956.6016665
Dropping frame 1403636957.0016665
Dropping frame 1403636957.4516664
Dropping frame 1403636957.6516664
Dropping frame 1403636957.8016665
Dropping frame 1403636958.1016665
Dropping frame 1403636958.2516665
Dropping frame 1403636958.4516664
Dropping frame 1403636958.5516665
Dropping frame 1403636958.6516664
Dropping frame 1403636960.3016665
Dropping frame 1403636960.4016666
Dropping frame 1403636960.6516664
Dropping frame 1403636960.8516665
Dropping frame 1403636961.0516665
Dropping frame 1403636961.2516665
Dropping frame 1403636961.3516665
Dropping frame 1403636961.5516665
Dropping frame 1403636961.7016666
Dropping frame 1403636961.9516664
Dropping frame 1403636962.2016666
Dropping frame 1403636962.3016665
Dropping frame 1403636962.6516664
Dropping frame 1403636963.1016665
Dropping frame 1403636963.3516665
Dropping frame 1403636963.5516665
Dropping frame 1403636963.6516664
Dropping frame 1403636963.9016666
Dropping frame 1403636964.1516664
Dropping frame 1403636964.4016666
Dropping frame 1403636965.1516664
Dropping frame 1403636965.2516665
Dropping frame 1403636965.4516664
Dropping frame 1403636965.5516665
Dropping frame 1403636965.7516665
Dropping frame 1403636965.9516664
Dropping frame 1403636966.0516665
Dropping frame 1403636966.2516665
Dropping frame 1403636966.4516664
Dropping frame 1403636966.5516665
Dropping frame 1403636966.6516664
Dropping frame 1403636966.8016665
Dropping frame 1403636967.0016665
Dropping frame 1403636967.1016665
Dropping frame 1403636967.2016666
Dropping frame 1403636967.4016666
Dropping frame 1403636967.6016665
Dropping frame 1403636967.8016665
Dropping frame 1403636967.9516664
Dropping frame 1403636968.1516664
Dropping frame 1403636968.3516665
Dropping frame 1403636968.5516665
Dropping frame 1403636968.7516665
Dropping frame 1403636969.1516664
Dropping frame 1403636969.6016665
Dropping frame 1403636969.9016666
Dropping frame 1403636970.1016665
Dropping frame 1403636970.6016665
Dropping frame 1403636970.9016666
Dropping frame 1403636971.3016665
Dropping frame 1403636971.4016666
Dropping frame 1403636971.5016665
Dropping frame 1403636971.7016666
Dropping frame 1403636971.9016666
Dropping frame 1403636972.1016665
Dropping frame 1403636972.3516665
Dropping frame 1403636972.4516664
Dropping frame 1403636972.8016665
Dropping frame 1403636973.0016665
Dropping frame 1403636973.3016665
Dropping frame 1403636973.7016666
Dropping frame 1403636974.1016665
Dropping frame 1403636974.5516665
Dropping frame 1403636974.6516664
Dropping frame 1403636974.8516665
Dropping frame 1403636975.0516665
Dropping frame 1403636975.2516665
Dropping frame 1403636975.3516665
Dropping frame 1403636975.5016665
Dropping frame 1403636975.7016666
Dropping frame 1403636975.9516664
Dropping frame 1403636976.0516665
Dropping frame 1403636976.1516664
Dropping frame 1403636976.3516665
Dropping frame 1403636976.5516665
Dropping frame 1403636976.7516665
Dropping frame 1403636976.8516665
Dropping frame 1403636977.0516665
Dropping frame 1403636977.1516664
Dropping frame 1403636977.2516665
Dropping frame 1403636977.4516664
Dropping frame 1403636977.6516664
Dropping frame 1403636977.8516665
Dropping frame 1403636977.9516664
Dropping frame 1403636978.5016665
Dropping frame 1403636978.7016666
Dropping frame 1403636978.9016666
Dropping frame 1403636979.2516665
Dropping frame 1403636979.4516664
Dropping frame 1403636979.6516664
Dropping frame 1403636979.7516665
Dropping frame 1403636979.8516665
Dropping frame 1403636980.0516665
Dropping frame 1403636980.1516664
Dropping frame 1403636980.2516665
Dropping frame 1403636980.4516664
Dropping frame 1403636980.5516665
Dropping frame 1403636980.6516664
Dropping frame 1403636980.8516665
Dropping frame 1403636981.0516665
Dropping frame 1403636981.1516664
Dropping frame 1403636981.2516665
Dropping frame 1403636981.3516665
Dropping frame 1403636981.4516664
Dropping frame 1403636981.6516664
Dropping frame 1403636981.8516665
Dropping frame 1403636981.9516664
Dropping frame 1403636982.0516665
Dropping frame 1403636982.1516664
Dropping frame 1403636982.3516665
Dropping frame 1403636982.5516665
Dropping frame 1403636982.7516665
Dropping frame 1403636982.8516665
Dropping frame 1403636983.0516665
Dropping frame 1403636983.1516664
Dropping frame 1403636983.2516665
Dropping frame 1403636983.4516664
Dropping frame 1403636983.8516665
Dropping frame 1403636984.0516665
Dropping frame 1403636984.1516664
Dropping frame 1403636984.2516665
Dropping frame 1403636984.5016665
Dropping frame 1403636984.6016665
Dropping frame 1403636984.9016666
Dropping frame 1403636985.2016666
Dropping frame 1403636985.4516664
Dropping frame 1403636985.7516665
Dropping frame 1403636985.9516664
Dropping frame 1403636986.1516664
Dropping frame 1403636986.4016666
Dropping frame 1403636986.5516665
Dropping frame 1403636987.5016665
Dropping frame 1403636988.0016665
Dropping frame 1403636989.5516665
Dropping frame 1403636989.7016666
Dropping frame 1403636990.4016666
Dropping frame 1403636990.6516664
Dropping frame 1403636990.9016666
Dropping frame 1403636991.6016665
Dropping frame 1403636991.7016666
Dropping frame 1403636991.9516664
Dropping frame 1403636992.1516664
Dropping frame 1403636992.3516665
Dropping frame 1403636992.4516664
Dropping frame 1403636992.5516665
Dropping frame 1403636992.8516665
Dropping frame 1403636993.3016665
Dropping frame 1403636993.4016666
Dropping frame 1403636993.7516665
Dropping frame 1403636994.2016666
Dropping frame 1403636994.3016665
Dropping frame 1403636994.6516664
Dropping frame 1403636995.0016665
Dropping frame 1403636995.4516664
Dropping frame 1403636995.6016665
Dropping frame 1403636995.9016666
Dropping frame 1403636996.1016665
Dropping frame 1403636996.2016666
Dropping frame 1403636996.4516664
Dropping frame 1403636996.5516665
Dropping frame 1403636996.7516665
Dropping frame 1403636996.8516665
Dropping frame 1403636996.9516664
Dropping frame 1403636997.2516665
Dropping frame 1403636997.5016665
Dropping frame 1403636997.8016665
Dropping frame 1403636998.0016665
Dropping frame 1403636998.2016666
Dropping frame 1403636998.3016665
Dropping frame 1403636998.4016666
Dropping frame 1403636998.6516664
Dropping frame 1403636998.7516665
Dropping frame 1403636998.9516664
Dropping frame 1403636999.4016666
Dropping frame 1403636999.5516665
Dropping frame 1403636999.6516664
Dropping frame 1403636999.7516665
Dropping frame 1403636999.8516665
Dropping frame 1403637000.4516664
Dropping frame 1403637000.6516664
Dropping frame 1403637000.7516665
Dropping frame 1403637000.8516665
Dropping frame 1403637000.9516664
Dropping frame 1403637001.1516664
Dropping frame 1403637001.4516664
Dropping frame 1403637001.8516665
Dropping frame 1403637002.2016666
Dropping frame 1403637002.3016665
Dropping frame 1403637002.4016666
Dropping frame 1403637003.1016665
Dropping frame 1403637003.2016666
Dropping frame 1403637003.3016665
Dropping frame 1403637003.5516665
Dropping frame 1403637003.7516665
Dropping frame 1403637003.8516665
Dropping frame 1403637004.0016665
Dropping frame 1403637004.1016665
Dropping frame 1403637004.3516665
Dropping frame 1403637004.4516664
Dropping frame 1403637004.5516665
Dropping frame 1403637004.8016665
Dropping frame 1403637005.0516665
Dropping frame 1403637005.2016666
Dropping frame 1403637005.3016665
Dropping frame 1403637005.5016665
Dropping frame 1403637005.6016665
Dropping frame 1403637005.7016666
Dropping frame 1403637005.9016666
Dropping frame 1403637006.1016665
Dropping frame 1403637006.2016666
Dropping frame 1403637006.3016665
Dropping frame 1403637006.4016666
Dropping frame 1403637006.6016665
Dropping frame 1403637006.8016665
Dropping frame 1403637007.0016665
Dropping frame 1403637007.1016665
Dropping frame 1403637007.2516665
Dropping frame 1403637007.4516664
Dropping frame 1403637007.6516664
Dropping frame 1403637007.9016666
Dropping frame 1403637008.0016665
Dropping frame 1403637008.4516664
Dropping frame 1403637008.6516664
Dropping frame 1403637008.7516665
Dropping frame 1403637008.8516665
Dropping frame 1403637009.0516665
Dropping frame 1403637009.2516665
Dropping frame 1403637009.3516665
Dropping frame 1403637009.4516664
Dropping frame 1403637009.6516664
Dropping frame 1403637009.9516664
Dropping frame 1403637010.1516664
Dropping frame 1403637010.2516665
Dropping frame 1403637010.3516665
Dropping frame 1403637010.5516665
Shutdown
SLAM Finished at System Time: 1734432349.99141

 TIME STATS in ms (mean$\pm$std)
OpenCV version: 4.8.1
---------------------------
Tracking

ORB Extraction: 16.858$\pm$1.7584
Stereo Matching: 7.3173$\pm$2.1147
IMU Preintegration: 0.25026$\pm$0.10989
Pose Prediction: 0.29005$\pm$0.90752
LM Track: 19.103$\pm$5.2137
New KF decision: 1.1708$\pm$2.2305
Total Tracking: 34.651$\pm$23.828



Local Mapping

KF Insertion: 14.719$\pm$5.2681
MP Culling: 0.52464$\pm$0.21066
MP Creation: 46.162$\pm$16.538
LBA: 144.26$\pm$59.7
KF Culling: 14.784$\pm$11.076
Total Local Mapping: 220.13$\pm$85.472
---------------------------

LBA complexity (mean$\pm$std)
LBA Edges: 1611.6$\pm$548.71
LBA KF optimized: 5.625$\pm$2.0879
LBA KF fixed: 1.75$\pm$1.6771
LBA MP: nan$\pm$nan

LBA executions: 487
LBA aborts: 0
---------------------------

Map complexity
KFs in map: 142
MPs in map: 11915
---------------------------

Place Recognition (mean$\pm$std)
Database Query: 1.6196$\pm$0.72591
SE3 estimation: 17.432$\pm$14.992
Total Place Recognition: 12.806$\pm$15.399


Loop Closing (mean$\pm$std)
Loop Fusion: nan$\pm$nan
Essential Graph: nan$\pm$nan
Total Loop Closing: nan$\pm$nan

Num exec: 0
Number of KFs: nan$\pm$nan

Map Merging (mean$\pm$std)
Merge Maps: nan$\pm$nan
Welding BA: nan$\pm$nan
Optimization Ess.: nan$\pm$nan
Total Map Merging: nan$\pm$nan

Num exec: 0
Number of KFs: nan$\pm$nan
Number of MPs: nan$\pm$nan

Full GBA (mean$\pm$std)
GBA: nan$\pm$nan
Map Update: nan$\pm$nan
Total Full GBA: nan$\pm$nan

Num exec: 0
Num abort: 0
Number of KFs: nan$\pm$nan
Number of MPs: nan$\pm$nan

Saving trajectory to f_dataset-MH02_stereo_imu.txt ...
There are 1 maps in the atlas
  Map 0 has 142 KFs

End of saving trajectory to f_dataset-MH02_stereo_imu.txt ...

Saving keyframe trajectory to kf_dataset-MH02_stereo_imu.txt ...
