num_seq = 1
file name: dataset-MH01_stereo_imu
Loading images for sequence 0...LOADED!
Loading IMU for sequence 0...LOADED!

-------

ORB-SLAM3 Copyright (C) 2017-2020 Carlos Campos, Richard Elvira, Juan J. Gómez, José M.M. Montiel and Juan D. Tardós, University of Zaragoza.
ORB-SLAM2 Copyright (C) 2014-2016 Raúl Mur-Artal, José M.M. Montiel and Juan D. Tardós, University of Zaragoza.
This program comes with ABSOLUTELY NO WARRANTY;
This is free software, and you are welcome to redistribute it
under certain conditions. See LICENSE.txt.

Built with REGISTER_TIMES
Git Commit Hash: 42e930e

Compiled with C++ version: 201703

Input sensor was set to: Stereo-Inertial
Loading settings from ./Examples/Stereo-Inertial/EuRoC_fov_deadlines_mask_3x3.yaml
	-Loaded camera 1
	-Loaded camera 2
	-Loaded image info
	-Loaded IMU calibration
	-Loaded ORB settings
	-Loaded viewer settings
	-Loaded Atlas settings
Deadlines enabled, will skip frames!
FOV enabled
Static mask size: 3x3
Dumping map points enabled
	-Loaded misc parameters
	-Computed rectification maps
----------------------------------
SLAM settings: 
	-Camera 1 parameters (Pinhole): [ 458.65399169921875 457.29598999023438 367.21499633789062 248.375 ]
	-Camera 1 distortion parameters: [  -0.28340810537338257 0.073959067463874817 0.00019359000725671649 1.7618711353861727e-05 ]
	-Camera 2 parameters (Pinhole: [ 457.58700561523438 456.13400268554688 379.99899291992188 255.23800659179688 ]
	-Camera 1 distortion parameters: [  -0.2836836576461792 0.074512839317321777 -0.00010473000293131918 -3.555907096597366e-05 ]
	-Original image size: [ 752 , 480 ]
	-Current image size: [ 752 , 480 ]
	-Camera 1 parameters after rectification: [  456.71499633789062 456.71499633789062 364.52615356445312 257.268798828125 ]
	-Sequence FPS: 20
	-Stereo baseline: 0.11007784307003021
	-Stereo depth threshold : 60
	-Gyro noise: 0.00016999999934341758
	-Accelerometer noise: 0.0020000000949949026
	-Gyro walk: 1.9392999092815444e-05
	-Accelerometer walk: 0.0030000000260770321
	-IMU frequency: 200
	-Features per image: 1200
	-ORB scale factor: 1.2000000476837158
	-ORB number of scales: 8
	-Initial FAST threshold: 20
	-Min FAST threshold: 7


Loading ORB Vocabulary. This could take a while...
Vocabulary loaded!

Initialization of Atlas from scratch 
Creation of new map with id: 0
Creation of new map with last KF id: 0
Seq. Name: 
There are 1 cameras in the atlas
Camera 0 is pinhole
SLAM Started at System Time: 1734504864.57538
not IMU meas
not IMU meas
not enough acceleration
not enough acceleration
First KF:0; Map init KF:0
New Map created with 487 points
Active map: 0
Dropping frame 1403636580.0635555
Fail to track local map!
IMU is not or recently initialized. Reseting active map...
LM: Active map reset recieved
LM: Active map reset, waiting...
LM: Reseting current map in Local Mapping...
LM: End reseting Local Mapping...
LM: Reset free the mutex
LM: Active map reset, Done!!!
mnFirstFrameId = 4
mnInitialFrameId = 0
9 Frames set to lost
not IMU meas
First KF:2; Map init KF:0
New Map created with 94 points
Active map: 0
Fail to track local map!
IMU is not or recently initialized. Reseting active map...
LM: Active map reset recieved
LM: Active map reset, waiting...
LM: Reseting current map in Local Mapping...
LM: End reseting Local Mapping...
LM: Reset free the mutex
LM: Active map reset, Done!!!
mnFirstFrameId = 14
mnInitialFrameId = 12
13 Frames set to lost
not IMU meas
not enough acceleration
First KF:3; Map init KF:2
New Map created with 199 points
Active map: 0
Fail to track local map!
IMU is not or recently initialized. Reseting active map...
LM: Active map reset recieved
LM: Active map reset, waiting...
LM: Reseting current map in Local Mapping...
LM: End reseting Local Mapping...
LM: Reset free the mutex
LM: Active map reset, Done!!!
mnFirstFrameId = 20
mnInitialFrameId = 17
18 Frames set to lost
not IMU meas
not enough acceleration
not enough acceleration
not enough acceleration
not enough acceleration
First KF:4; Map init KF:3
New Map created with 699 points
Active map: 0
Dropping frame 1403636581.4635556
Dropping frame 1403636581.5635555
Dropping frame 1403636581.8135555
Dropping frame 1403636582.0135555
Fail to track local map!
IMU is not or recently initialized. Reseting active map...
LM: Active map reset recieved
LM: Active map reset, waiting...
LM: Reseting current map in Local Mapping...
LM: End reseting Local Mapping...
LM: Reset free the mutex
LM: Active map reset, Done!!!
mnFirstFrameId = 30
mnInitialFrameId = 24
30 Frames set to lost
not IMU meas
First KF:7; Map init KF:4
New Map created with 176 points
Active map: 0
Fail to track local map!
IMU is not or recently initialized. Reseting active map...
LM: Active map reset recieved
LM: Active map reset, waiting...
LM: Reseting current map in Local Mapping...
LM: End reseting Local Mapping...
LM: Reset free the mutex
LM: Active map reset, Done!!!
mnFirstFrameId = 43
mnInitialFrameId = 41
42 Frames set to lost
not IMU meas
not enough acceleration
First KF:10; Map init KF:7
New Map created with 534 points
Active map: 0
Dropping frame 1403636583.3135555
Dropping frame 1403636583.5135555
Dropping frame 1403636583.8135555
Dropping frame 1403636583.9135554
Dropping frame 1403636584.1635556
Dropping frame 1403636584.3135555
Dropping frame 1403636586.1135554
Dropping frame 1403636586.2135556
Dropping frame 1403636586.4135554
Dropping frame 1403636586.5135555
start VIBA 1
end VIBA 1
start VIBA 2
end VIBA 2
Dropping frame 1403636627.9635556
Dropping frame 1403636628.0635555
Dropping frame 1403636629.2135556
Dropping frame 1403636629.7635555
Dropping frame 1403636630.5135555
Dropping frame 1403636631.2635555
Dropping frame 1403636632.9135554
Dropping frame 1403636633.5135555
Dropping frame 1403636635.1135554
Dropping frame 1403636635.3135555
Dropping frame 1403636635.5135555
Dropping frame 1403636636.0635555
Dropping frame 1403636636.1635556
Dropping frame 1403636636.5635555
Dropping frame 1403636644.7135556
Dropping frame 1403636647.8635557
Dropping frame 1403636650.1135554
Dropping frame 1403636651.1135554
Dropping frame 1403636654.5135555
Dropping frame 1403636663.8135555
Dropping frame 1403636675.8135555
Dropping frame 1403636676.8135555
Dropping frame 1403636678.1135554
Dropping frame 1403636678.3635557
Dropping frame 1403636680.2635555
Dropping frame 1403636680.7635555
Dropping frame 1403636680.8635557
Dropping frame 1403636680.9635556
Dropping frame 1403636681.4135554
Dropping frame 1403636681.5135555
Dropping frame 1403636682.0135555
Dropping frame 1403636682.4135554
Dropping frame 1403636682.5135555
Dropping frame 1403636682.8135555
Dropping frame 1403636683.1135554
Dropping frame 1403636683.4135554
Dropping frame 1403636684.9635556
Dropping frame 1403636685.1135554
Dropping frame 1403636685.5635555
Dropping frame 1403636685.7635555
Dropping frame 1403636685.9635556
Dropping frame 1403636686.1135554
Dropping frame 1403636686.5635555
Dropping frame 1403636686.7635555
Dropping frame 1403636686.8635557
Dropping frame 1403636687.0635555
Dropping frame 1403636687.4635556
Dropping frame 1403636687.5635555
Dropping frame 1403636687.8635557
Dropping frame 1403636688.0635555
Dropping frame 1403636688.2635555
Dropping frame 1403636688.3635557
Dropping frame 1403636688.5135555
Dropping frame 1403636688.7635555
Dropping frame 1403636688.8635557
Dropping frame 1403636689.0135555
Dropping frame 1403636689.2635555
Dropping frame 1403636689.3635557
Dropping frame 1403636689.4635556
Dropping frame 1403636689.7635555
Dropping frame 1403636689.8635557
Dropping frame 1403636689.9635556
Dropping frame 1403636691.1135554
Dropping frame 1403636691.2135556
Dropping frame 1403636691.6135554
Dropping frame 1403636691.7135556
Dropping frame 1403636691.9135554
Dropping frame 1403636692.0135555
Dropping frame 1403636692.1635556
Dropping frame 1403636692.4135554
Dropping frame 1403636692.6135554
Dropping frame 1403636692.7135556
Dropping frame 1403636692.8135555
Dropping frame 1403636693.0135555
Dropping frame 1403636693.1135554
Dropping frame 1403636693.2135556
Dropping frame 1403636693.4135554
Dropping frame 1403636693.6635556
Dropping frame 1403636693.7635555
Dropping frame 1403636694.2635555
Dropping frame 1403636694.3635557
Dropping frame 1403636694.4635556
Dropping frame 1403636694.6635556
Dropping frame 1403636694.8635557
Dropping frame 1403636694.9635556
Dropping frame 1403636695.0635555
Dropping frame 1403636695.2635555
Dropping frame 1403636695.3635557
Dropping frame 1403636695.8135555
Dropping frame 1403636696.0135555
Dropping frame 1403636696.1135554
Dropping frame 1403636696.4635556
Dropping frame 1403636696.5635555
Dropping frame 1403636696.8135555
Dropping frame 1403636696.9135554
Dropping frame 1403636697.1635556
Dropping frame 1403636697.3635557
Dropping frame 1403636697.6135554
Dropping frame 1403636697.7135556
Dropping frame 1403636698.1635556
Dropping frame 1403636698.5135555
Dropping frame 1403636699.0635555
Dropping frame 1403636699.1635556
Dropping frame 1403636699.6635556
Dropping frame 1403636699.8635557
Dropping frame 1403636700.0635555
Dropping frame 1403636701.1635556
Dropping frame 1403636701.8135555
Dropping frame 1403636702.0135555
Dropping frame 1403636702.3135555
Dropping frame 1403636703.0135555
Dropping frame 1403636703.3135555
Dropping frame 1403636703.5135555
Dropping frame 1403636703.7135556
Dropping frame 1403636703.8135555
Dropping frame 1403636703.9135554
Dropping frame 1403636704.1135554
Dropping frame 1403636704.3135555
Dropping frame 1403636704.5135555
Dropping frame 1403636704.6135554
Dropping frame 1403636704.8635557
Dropping frame 1403636704.9635556
Dropping frame 1403636705.2635555
Dropping frame 1403636705.4635556
Dropping frame 1403636705.5635555
Dropping frame 1403636706.1135554
Dropping frame 1403636706.3135555
Dropping frame 1403636706.5135555
Dropping frame 1403636706.6135554
Dropping frame 1403636706.8635557
Dropping frame 1403636707.1635556
Dropping frame 1403636707.3635557
Dropping frame 1403636707.5635555
Dropping frame 1403636707.6635556
Dropping frame 1403636707.7635555
Dropping frame 1403636707.9635556
Dropping frame 1403636708.1635556
Dropping frame 1403636708.2635555
Dropping frame 1403636708.3635557
Dropping frame 1403636708.4635556
Dropping frame 1403636708.6635556
Dropping frame 1403636708.9135554
Dropping frame 1403636709.0135555
Dropping frame 1403636709.1135554
Dropping frame 1403636709.3135555
Dropping frame 1403636709.5135555
Dropping frame 1403636709.6135554
Dropping frame 1403636710.0135555
Dropping frame 1403636710.2135556
Dropping frame 1403636710.3135555
Dropping frame 1403636710.4135554
Dropping frame 1403636710.6635556
Dropping frame 1403636710.8635557
Dropping frame 1403636710.9635556
Dropping frame 1403636711.0635555
Dropping frame 1403636711.1635556
Dropping frame 1403636711.6135554
Dropping frame 1403636711.7135556
Dropping frame 1403636711.8135555
Dropping frame 1403636711.9135554
Dropping frame 1403636712.1135554
Dropping frame 1403636712.3135555
Dropping frame 1403636712.4135554
Dropping frame 1403636712.5135555
Dropping frame 1403636712.9635556
Dropping frame 1403636713.0635555
Dropping frame 1403636713.4635556
Dropping frame 1403636713.5635555
Dropping frame 1403636713.6635556
Dropping frame 1403636713.7635555
Dropping frame 1403636714.0635555
Dropping frame 1403636714.3135555
Dropping frame 1403636714.5135555
Dropping frame 1403636714.6135554
Dropping frame 1403636714.7135556
Dropping frame 1403636714.8135555
Dropping frame 1403636715.0635555
Dropping frame 1403636715.3135555
Dropping frame 1403636715.4135554
Dropping frame 1403636715.5135555
Dropping frame 1403636715.7135556
Dropping frame 1403636715.8135555
Dropping frame 1403636715.9135554
Dropping frame 1403636716.1135554
Dropping frame 1403636716.2135556
Dropping frame 1403636716.3135555
Dropping frame 1403636716.4635556
Dropping frame 1403636716.6135554
Dropping frame 1403636716.7635555
Dropping frame 1403636717.0635555
Dropping frame 1403636717.4135554
Dropping frame 1403636717.6635556
Dropping frame 1403636717.7635555
Dropping frame 1403636718.0635555
Dropping frame 1403636718.1635556
Dropping frame 1403636718.3135555
Dropping frame 1403636718.6135554
Dropping frame 1403636718.7135556
Dropping frame 1403636718.9635556
Dropping frame 1403636719.1135554
Dropping frame 1403636719.4135554
Dropping frame 1403636719.5635555
Dropping frame 1403636720.2635555
Dropping frame 1403636720.3635557
Dropping frame 1403636720.7635555
Dropping frame 1403636721.0135555
Dropping frame 1403636721.3135555
Dropping frame 1403636721.5135555
Dropping frame 1403636721.7135556
Dropping frame 1403636721.8135555
Dropping frame 1403636721.9135554
Dropping frame 1403636722.1135554
Dropping frame 1403636722.2135556
Dropping frame 1403636722.4635556
Dropping frame 1403636722.7635555
Dropping frame 1403636722.9635556
Dropping frame 1403636723.3135555
Dropping frame 1403636723.7135556
Dropping frame 1403636723.9135554
Dropping frame 1403636724.0135555
Dropping frame 1403636724.2635555
Dropping frame 1403636724.4635556
Dropping frame 1403636724.5635555
Dropping frame 1403636724.6635556
Dropping frame 1403636725.2135556
Dropping frame 1403636725.3135555
Dropping frame 1403636725.4135554
Dropping frame 1403636725.6135554
Dropping frame 1403636725.9135554
Dropping frame 1403636726.1135554
Dropping frame 1403636726.2135556
Dropping frame 1403636726.5135555
Dropping frame 1403636726.6135554
Dropping frame 1403636726.7135556
Dropping frame 1403636727.0135555
Dropping frame 1403636727.1135554
Dropping frame 1403636727.3635557
Dropping frame 1403636727.4635556
Dropping frame 1403636727.5635555
Dropping frame 1403636727.7635555
Dropping frame 1403636727.9635556
Dropping frame 1403636728.1635556
Dropping frame 1403636728.2635555
Dropping frame 1403636728.5135555
Dropping frame 1403636728.6135554
Dropping frame 1403636728.7135556
Dropping frame 1403636728.9135554
Dropping frame 1403636729.1135554
Dropping frame 1403636729.3135555
Dropping frame 1403636729.5135555
Dropping frame 1403636729.6135554
Dropping frame 1403636729.7135556
Dropping frame 1403636729.9135554
Dropping frame 1403636730.0135555
Dropping frame 1403636730.1135554
Dropping frame 1403636730.3635557
Dropping frame 1403636730.5635555
Dropping frame 1403636730.7635555
Dropping frame 1403636730.8635557
Dropping frame 1403636731.1135554
Dropping frame 1403636731.2135556
Dropping frame 1403636731.4635556
Dropping frame 1403636731.6635556
Dropping frame 1403636731.7635555
Dropping frame 1403636732.0635555
Dropping frame 1403636732.2635555
Dropping frame 1403636732.5635555
Dropping frame 1403636732.7635555
Dropping frame 1403636732.9635556
Dropping frame 1403636733.3135555
Dropping frame 1403636733.4135554
Dropping frame 1403636733.6635556
Dropping frame 1403636733.8635557
Dropping frame 1403636734.0635555
Dropping frame 1403636734.2635555
Dropping frame 1403636734.3635557
Dropping frame 1403636734.4635556
Dropping frame 1403636734.5635555
Dropping frame 1403636734.7135556
Dropping frame 1403636735.0135555
Dropping frame 1403636735.2135556
Dropping frame 1403636735.4135554
Dropping frame 1403636735.6135554
Dropping frame 1403636735.7635555
Dropping frame 1403636737.0135555
Dropping frame 1403636737.2135556
Dropping frame 1403636737.4135554
Dropping frame 1403636737.5135555
Dropping frame 1403636737.8135555
Dropping frame 1403636738.0135555
Dropping frame 1403636738.2135556
Dropping frame 1403636738.4135554
Dropping frame 1403636738.5135555
Dropping frame 1403636738.6135554
Dropping frame 1403636738.9135554
Dropping frame 1403636739.0135555
Dropping frame 1403636739.1135554
Dropping frame 1403636739.3635557
Dropping frame 1403636739.5135555
Dropping frame 1403636739.7135556
Dropping frame 1403636739.9135554
Dropping frame 1403636740.1135554
Dropping frame 1403636740.3135555
Dropping frame 1403636740.4135554
Dropping frame 1403636740.5635555
Dropping frame 1403636740.7635555
Dropping frame 1403636740.8635557
Dropping frame 1403636740.9635556
Dropping frame 1403636741.2135556
Dropping frame 1403636741.4135554
Dropping frame 1403636741.6135554
Dropping frame 1403636741.7135556
Dropping frame 1403636741.8135555
Dropping frame 1403636742.0135555
Dropping frame 1403636742.2135556
Dropping frame 1403636742.4135554
Dropping frame 1403636742.5135555
Dropping frame 1403636742.6135554
Dropping frame 1403636742.8135555
Dropping frame 1403636743.0135555
Dropping frame 1403636743.2135556
Dropping frame 1403636743.3135555
Dropping frame 1403636743.5135555
Dropping frame 1403636743.6135554
Dropping frame 1403636743.8135555
Dropping frame 1403636743.9135554
Dropping frame 1403636744.1135554
Dropping frame 1403636744.2135556
Dropping frame 1403636744.3135555
Dropping frame 1403636744.6135554
Dropping frame 1403636744.7135556
Dropping frame 1403636744.8135555
Dropping frame 1403636744.9135554
Dropping frame 1403636745.0635555
Dropping frame 1403636745.2635555
Dropping frame 1403636745.3635557
Dropping frame 1403636745.4635556
Dropping frame 1403636745.5635555
Dropping frame 1403636745.7635555
Dropping frame 1403636745.9635556
Dropping frame 1403636746.0635555
Dropping frame 1403636746.1635556
Dropping frame 1403636746.2635555
Dropping frame 1403636746.5135555
Dropping frame 1403636746.7135556
Dropping frame 1403636746.8135555
Dropping frame 1403636747.0135555
Dropping frame 1403636747.1135554
Dropping frame 1403636747.2135556
Dropping frame 1403636747.5135555
Dropping frame 1403636747.7135556
Dropping frame 1403636747.8135555
Dropping frame 1403636747.9135554
Dropping frame 1403636748.0135555
Dropping frame 1403636748.2135556
Dropping frame 1403636748.3135555
Dropping frame 1403636748.5135555
Dropping frame 1403636748.6135554
Dropping frame 1403636748.7135556
Dropping frame 1403636748.8135555
Dropping frame 1403636748.9135554
Dropping frame 1403636749.1135554
Dropping frame 1403636749.2135556
Dropping frame 1403636749.4135554
Dropping frame 1403636749.5135555
Dropping frame 1403636749.6135554
Dropping frame 1403636749.7135556
Dropping frame 1403636750.3635557
Dropping frame 1403636750.5635555
Dropping frame 1403636750.6635556
Dropping frame 1403636750.7635555
Dropping frame 1403636750.9135554
Dropping frame 1403636751.2135556
Dropping frame 1403636751.3135555
Dropping frame 1403636751.4635556
Dropping frame 1403636751.6635556
Dropping frame 1403636751.7635555
Dropping frame 1403636751.8635557
Dropping frame 1403636751.9635556
Dropping frame 1403636752.0635555
Dropping frame 1403636752.2635555
Dropping frame 1403636752.3635557
Dropping frame 1403636752.4635556
Dropping frame 1403636752.6635556
Dropping frame 1403636752.7635555
Dropping frame 1403636752.8635557
Dropping frame 1403636753.0635555
Dropping frame 1403636753.2635555
Dropping frame 1403636753.4635556
Dropping frame 1403636753.5635555
Dropping frame 1403636753.6635556
Dropping frame 1403636753.8635557
Dropping frame 1403636754.0635555
Dropping frame 1403636754.1635556
Dropping frame 1403636754.2635555
Dropping frame 1403636754.3635557
Dropping frame 1403636754.5635555
Dropping frame 1403636754.6635556
Dropping frame 1403636754.7635555
Dropping frame 1403636754.8635557
Dropping frame 1403636754.9635556
Dropping frame 1403636755.1635556
Dropping frame 1403636755.2635555
Dropping frame 1403636755.3635557
Dropping frame 1403636755.5635555
Dropping frame 1403636755.6635556
Dropping frame 1403636755.7635555
Dropping frame 1403636755.8635557
Dropping frame 1403636755.9635556
Dropping frame 1403636756.0635555
Dropping frame 1403636756.2635555
Dropping frame 1403636756.3635557
Dropping frame 1403636756.4635556
Dropping frame 1403636756.5635555
Dropping frame 1403636756.6635556
Dropping frame 1403636756.8135555
Dropping frame 1403636757.0135555
Dropping frame 1403636757.1135554
Dropping frame 1403636757.2135556
Dropping frame 1403636757.4135554
Dropping frame 1403636757.6135554
Dropping frame 1403636757.7135556
Dropping frame 1403636757.8135555
Dropping frame 1403636758.0635555
Dropping frame 1403636758.1635556
Dropping frame 1403636758.4135554
Dropping frame 1403636758.6135554
Dropping frame 1403636758.8135555
Dropping frame 1403636758.9135554
Dropping frame 1403636759.0135555
Dropping frame 1403636759.1135554
Dropping frame 1403636759.2135556
Dropping frame 1403636759.3135555
Dropping frame 1403636759.7135556
Dropping frame 1403636759.9135554
Dropping frame 1403636760.1135554
Dropping frame 1403636760.2135556
Dropping frame 1403636760.3135555
Dropping frame 1403636760.5135555
Dropping frame 1403636760.6135554
Dropping frame 1403636760.7135556
Dropping frame 1403636760.8135555
Dropping frame 1403636760.9135554
Dropping frame 1403636761.1135554
Dropping frame 1403636761.2135556
Dropping frame 1403636761.3135555
Dropping frame 1403636761.5135555
Dropping frame 1403636761.7135556
Dropping frame 1403636761.8135555
Dropping frame 1403636761.9135554
Dropping frame 1403636762.0135555
Dropping frame 1403636762.1135554
Dropping frame 1403636762.3135555
Dropping frame 1403636762.5135555
Dropping frame 1403636762.7135556
Dropping frame 1403636762.8135555
Dropping frame 1403636762.9135554
Dropping frame 1403636763.0135555
Fail to track local map!
Dropping frame 1403636763.1135554
Fail to track local map!
Fail to track local map!
Fail to track local map!
Dropping frame 1403636763.3135555
Fail to track local map!
Fail to track local map!
Fail to track local map!
Dropping frame 1403636763.5135555
Fail to track local map!
Dropping frame 1403636763.6135554
Fail to track local map!
Dropping frame 1403636763.7135556
Fail to track local map!
Dropping frame 1403636763.8135555
Shutdown
SLAM Finished at System Time: 1734505083.34572

 TIME STATS in ms (mean$\pm$std)
OpenCV version: 4.8.1
---------------------------
Tracking

ORB Extraction: 13.348$\pm$1.6112
Stereo Matching: 6.6513$\pm$2.313
IMU Preintegration: 0.28083$\pm$0.14226
Pose Prediction: 0.24011$\pm$0.88553
LM Track: 18.932$\pm$6.4557
New KF decision: 0.90762$\pm$1.765
Total Tracking: 35.008$\pm$20.954



Local Mapping

KF Insertion: 13.075$\pm$6.3104
MP Culling: 0.40161$\pm$0.20227
MP Creation: 42.441$\pm$18.883
LBA: 141.23$\pm$61.099
KF Culling: 15.383$\pm$12.111
Total Local Mapping: 210.78$\pm$90.778
---------------------------

LBA complexity (mean$\pm$std)
LBA Edges: 1616.7$\pm$567.16
LBA KF optimized: 5.5$\pm$2.0616
LBA KF fixed: 1.3$\pm$0.64031
LBA MP: nan$\pm$nan

LBA executions: 632
LBA aborts: 0
---------------------------

Map complexity
KFs in map: 210
MPs in map: 16903
---------------------------

Place Recognition (mean$\pm$std)
Database Query: 1.4712$\pm$0.90446
SE3 estimation: 14.543$\pm$14.438
Total Place Recognition: 13.716$\pm$15.013


Loop Closing (mean$\pm$std)
Loop Fusion: nan$\pm$nan
Essential Graph: nan$\pm$nan
Total Loop Closing: nan$\pm$nan

Num exec: 0
Number of KFs: nan$\pm$nan

Map Merging (mean$\pm$std)
Merge Maps: nan$\pm$nan
Welding BA: nan$\pm$nan
Optimization Ess.: nan$\pm$nan
Total Map Merging: nan$\pm$nan

Num exec: 0
Number of KFs: nan$\pm$nan
Number of MPs: nan$\pm$nan

Full GBA (mean$\pm$std)
GBA: nan$\pm$nan
Map Update: nan$\pm$nan
Total Full GBA: nan$\pm$nan

Num exec: 0
Num abort: 0
Number of KFs: nan$\pm$nan
Number of MPs: nan$\pm$nan

Saving trajectory to f_dataset-MH01_stereo_imu.txt ...
There are 1 maps in the atlas
  Map 0 has 210 KFs

End of saving trajectory to f_dataset-MH01_stereo_imu.txt ...

Saving keyframe trajectory to kf_dataset-MH01_stereo_imu.txt ...
