num_seq = 1
file name: dataset-MH03_stereo_imu
Loading images for sequence 0...LOADED!
Loading IMU for sequence 0...LOADED!

-------

ORB-SLAM3 Copyright (C) 2017-2020 Carlos Campos, Richard Elvira, Juan J. Gómez, José M.M. Montiel and Juan D. Tardós, University of Zaragoza.
ORB-SLAM2 Copyright (C) 2014-2016 Raúl Mur-Artal, José M.M. Montiel and Juan D. Tardós, University of Zaragoza.
This program comes with ABSOLUTELY NO WARRANTY;
This is free software, and you are welcome to redistribute it
under certain conditions. See LICENSE.txt.

Built with REGISTER_TIMES
Git Commit Hash: 42e930e

Compiled with C++ version: 201703

Input sensor was set to: Stereo-Inertial
Loading settings from ./Examples/Stereo-Inertial/EuRoC_fov_deadlines_mask_7x7.yaml
	-Loaded camera 1
	-Loaded camera 2
	-Loaded image info
	-Loaded IMU calibration
	-Loaded ORB settings
	-Loaded viewer settings
	-Loaded Atlas settings
Deadlines enabled, will skip frames!
FOV enabled
Static mask size: 7x7
Dumping map points enabled
	-Loaded misc parameters
	-Computed rectification maps
----------------------------------
SLAM settings: 
	-Camera 1 parameters (Pinhole): [ 458.65399169921875 457.29598999023438 367.21499633789062 248.375 ]
	-Camera 1 distortion parameters: [  -0.28340810537338257 0.073959067463874817 0.00019359000725671649 1.7618711353861727e-05 ]
	-Camera 2 parameters (Pinhole: [ 457.58700561523438 456.13400268554688 379.99899291992188 255.23800659179688 ]
	-Camera 1 distortion parameters: [  -0.2836836576461792 0.074512839317321777 -0.00010473000293131918 -3.555907096597366e-05 ]
	-Original image size: [ 752 , 480 ]
	-Current image size: [ 752 , 480 ]
	-Camera 1 parameters after rectification: [  456.71499633789062 456.71499633789062 364.52615356445312 257.268798828125 ]
	-Sequence FPS: 20
	-Stereo baseline: 0.11007784307003021
	-Stereo depth threshold : 60
	-Gyro noise: 0.00016999999934341758
	-Accelerometer noise: 0.0020000000949949026
	-Gyro walk: 1.9392999092815444e-05
	-Accelerometer walk: 0.0030000000260770321
	-IMU frequency: 200
	-Features per image: 1200
	-ORB scale factor: 1.2000000476837158
	-ORB number of scales: 8
	-Initial FAST threshold: 20
	-Min FAST threshold: 7


Loading ORB Vocabulary. This could take a while...
Vocabulary loaded!

Initialization of Atlas from scratch 
Creation of new map with id: 0
Creation of new map with last KF id: 0
Seq. Name: 
There are 1 cameras in the atlas
Camera 0 is pinhole
SLAM Started at System Time: 1734508668.1291
not IMU meas
not IMU meas
not enough acceleration
not enough acceleration
First KF:0; Map init KF:0
New Map created with 206 points
Active map: 0
Not enough motion for initializing. Reseting...
TRACK: Reset map because local mapper set the bad imu flag 
LM: Reseting current map in Local Mapping...
LM: End reseting Local Mapping...
LM: Reset free the mutex
LM: Active map reset recieved
LM: Active map reset, waiting...
LM: Reseting current map in Local Mapping...
LM: End reseting Local Mapping...
LM: Reset free the mutex
LM: Active map reset, Done!!!
mnFirstFrameId = 4
mnInitialFrameId = 0
51 Frames set to lost
not IMU meas
not enough acceleration
First KF:11; Map init KF:0
New Map created with 238 points
Active map: 0
Dropping frame 1403637133.5383191
Dropping frame 1403637134.188319
Dropping frame 1403637134.5883191
Dropping frame 1403637134.688319
Dropping frame 1403637135.0383191
Dropping frame 1403637135.2383192
Dropping frame 1403637135.4383192
Dropping frame 1403637136.0883191
Dropping frame 1403637136.4383192
Dropping frame 1403637136.7383192
Dropping frame 1403637137.0883191
Dropping frame 1403637137.188319
Dropping frame 1403637137.3383191
Dropping frame 1403637137.638319
Dropping frame 1403637138.0383191
Dropping frame 1403637138.2383192
Dropping frame 1403637138.5383191
Dropping frame 1403637138.7383192
start VIBA 1
Dropping frame 1403637138.8383191
end VIBA 1
Dropping frame 1403637139.0383191
Dropping frame 1403637139.188319
Dropping frame 1403637139.2883189
Dropping frame 1403637139.388319
Not enough motion for initializing. Reseting...
TRACK: Reset map because local mapper set the bad imu flag 
LM: Active map reset recieved
LM: Active map reset, waiting...
LM: Reseting current map in Local Mapping...
LM: End reseting Local Mapping...
LM: Reset free the mutex
LM: Active map reset, Done!!!
mnFirstFrameId = 58
mnInitialFrameId = 55
153 Frames set to lost
not IMU meas
not enough acceleration
First KF:39; Map init KF:11
New Map created with 135 points
Active map: 0
Dropping frame 1403637140.388319
Dropping frame 1403637140.688319
Dropping frame 1403637141.138319
Dropping frame 1403637141.2383192
Dropping frame 1403637141.3383191
Dropping frame 1403637141.5383191
Not enough motion for initializing. Reseting...
TRACK: Reset map because local mapper set the bad imu flag 
LM: Reseting current map in Local Mapping...
LM: End reseting Local Mapping...
LM: Reset free the mutex
LM: Active map reset recieved
LM: Active map reset, waiting...
LM: Reseting current map in Local Mapping...
LM: End reseting Local Mapping...
LM: Reset free the mutex
LM: Active map reset, Done!!!
mnFirstFrameId = 163
mnInitialFrameId = 160
204 Frames set to lost
not IMU meas
not enough acceleration
not enough acceleration
not enough acceleration
not enough acceleration
not enough acceleration
not enough acceleration
not enough acceleration
not enough acceleration
not enough acceleration
not enough acceleration
not enough acceleration
not enough acceleration
not enough acceleration
not enough acceleration
not enough acceleration
not enough acceleration
not enough acceleration
not enough acceleration
not enough acceleration
not enough acceleration
not enough acceleration
not enough acceleration
not enough acceleration
not enough acceleration
not enough acceleration
not enough acceleration
not enough acceleration
not enough acceleration
not enough acceleration
not enough acceleration
not enough acceleration
not enough acceleration
not enough acceleration
not enough acceleration
not enough acceleration
not enough acceleration
not enough acceleration
First KF:50; Map init KF:39
New Map created with 215 points
Active map: 0
Not enough motion for initializing. Reseting...
TRACK: Reset map because local mapper set the bad imu flag 
LM: Reseting current map in Local Mapping...
LM: End reseting Local Mapping...
LM: Reset free the mutex
LM: Active map reset recieved
LM: Active map reset, waiting...
LM: Reseting current map in Local Mapping...
LM: End reseting Local Mapping...
LM: Reset free the mutex
LM: Active map reset, Done!!!
mnFirstFrameId = 253
mnInitialFrameId = 214
260 Frames set to lost
not IMU meas
not enough acceleration
not enough acceleration
not enough acceleration
not enough acceleration
not enough acceleration
not enough acceleration
not enough acceleration
not enough acceleration
not enough acceleration
not enough acceleration
not enough acceleration
not enough acceleration
not enough acceleration
not enough acceleration
not enough acceleration
not enough acceleration
not enough acceleration
not enough acceleration
not enough acceleration
not enough acceleration
not enough acceleration
not enough acceleration
not enough acceleration
not enough acceleration
not enough acceleration
not enough acceleration
not enough acceleration
not enough acceleration
not enough acceleration
not enough acceleration
not enough acceleration
not enough acceleration
not enough acceleration
not enough acceleration
not enough acceleration
not enough acceleration
not enough acceleration
not enough acceleration
not enough acceleration
not enough acceleration
not enough acceleration
not enough acceleration
not enough acceleration
not enough acceleration
First KF:61; Map init KF:50
New Map created with 182 points
Active map: 0
Dropping frame 1403637153.7883189
Dropping frame 1403637154.3383191
Dropping frame 1403637154.7383192
Dropping frame 1403637154.888319
start VIBA 1
end VIBA 1
Dropping frame 1403637155.138319
Dropping frame 1403637155.2883189
Dropping frame 1403637155.5383191
Dropping frame 1403637155.638319
Dropping frame 1403637155.8383191
Dropping frame 1403637156.0383191
Dropping frame 1403637156.2383192
Dropping frame 1403637156.4383192
Dropping frame 1403637156.638319
Dropping frame 1403637156.7883189
Dropping frame 1403637156.888319
Dropping frame 1403637157.3383191
Dropping frame 1403637157.4883189
Dropping frame 1403637157.688319
Dropping frame 1403637157.7883189
Dropping frame 1403637157.9383192
Dropping frame 1403637158.0383191
Dropping frame 1403637158.138319
Dropping frame 1403637158.3383191
Dropping frame 1403637158.5883191
Dropping frame 1403637158.688319
Dropping frame 1403637158.7883189
Dropping frame 1403637158.888319
Dropping frame 1403637158.9883189
Dropping frame 1403637159.2883189
Dropping frame 1403637159.388319
Dropping frame 1403637159.5883191
Dropping frame 1403637159.688319
Dropping frame 1403637159.7883189
Dropping frame 1403637159.888319
Dropping frame 1403637160.0883191
Dropping frame 1403637160.188319
Dropping frame 1403637160.388319
Dropping frame 1403637160.4883189
Dropping frame 1403637160.7883189
Dropping frame 1403637160.9883189
Dropping frame 1403637161.0883191
Dropping frame 1403637161.3383191
Dropping frame 1403637161.4383192
Dropping frame 1403637161.688319
Dropping frame 1403637161.7883189
Dropping frame 1403637162.0383191
Dropping frame 1403637162.138319
Dropping frame 1403637162.388319
Dropping frame 1403637162.4883189
Dropping frame 1403637162.7383192
Dropping frame 1403637162.8383191
Dropping frame 1403637163.0383191
Dropping frame 1403637163.2383192
Dropping frame 1403637163.3383191
Dropping frame 1403637163.4883189
Dropping frame 1403637163.688319
Dropping frame 1403637163.9383192
Dropping frame 1403637164.188319
Dropping frame 1403637164.2883189
Dropping frame 1403637164.388319
Dropping frame 1403637164.5883191
Dropping frame 1403637164.7883189
Dropping frame 1403637164.888319
start VIBA 2
Dropping frame 1403637165.0883191
end VIBA 2
Dropping frame 1403637165.2883189
Dropping frame 1403637165.4883189
Dropping frame 1403637165.5883191
Dropping frame 1403637165.688319
Dropping frame 1403637165.888319
Dropping frame 1403637166.0383191
Dropping frame 1403637166.2883189
Dropping frame 1403637166.4883189
Dropping frame 1403637166.688319
Dropping frame 1403637166.888319
Dropping frame 1403637167.0883191
Dropping frame 1403637167.638319
Dropping frame 1403637167.7383192
Dropping frame 1403637167.8383191
Dropping frame 1403637168.188319
Dropping frame 1403637168.388319
Dropping frame 1403637168.5883191
Dropping frame 1403637169.4383192
Dropping frame 1403637169.5883191
Dropping frame 1403637169.7383192
Dropping frame 1403637169.9383192
Dropping frame 1403637170.2383192
Dropping frame 1403637170.4383192
Dropping frame 1403637170.5383191
Dropping frame 1403637170.688319
Dropping frame 1403637170.888319
Dropping frame 1403637171.0883191
Dropping frame 1403637171.188319
Dropping frame 1403637171.4883189
Dropping frame 1403637171.688319
Dropping frame 1403637171.7883189
Dropping frame 1403637171.888319
Dropping frame 1403637172.138319
Dropping frame 1403637172.3383191
Dropping frame 1403637172.688319
Dropping frame 1403637172.888319
Dropping frame 1403637172.9883189
Dropping frame 1403637173.138319
Dropping frame 1403637173.3383191
Dropping frame 1403637173.5383191
Dropping frame 1403637173.8383191
Dropping frame 1403637173.9383192
Dropping frame 1403637174.188319
Dropping frame 1403637174.5883191
Dropping frame 1403637174.688319
Dropping frame 1403637174.9383192
Dropping frame 1403637175.2883189
Dropping frame 1403637175.4383192
Dropping frame 1403637175.688319
Dropping frame 1403637175.888319
Dropping frame 1403637176.0883191
Dropping frame 1403637176.188319
Dropping frame 1403637176.4383192
Dropping frame 1403637176.5383191
Dropping frame 1403637176.7883189
Dropping frame 1403637176.9883189
Dropping frame 1403637177.388319
Dropping frame 1403637177.638319
Dropping frame 1403637178.0383191
Dropping frame 1403637178.7883189
Dropping frame 1403637179.7883189
Dropping frame 1403637180.8383191
Dropping frame 1403637181.0383191
Dropping frame 1403637181.188319
Dropping frame 1403637181.5383191
Dropping frame 1403637181.8383191
Dropping frame 1403637181.9383192
Dropping frame 1403637182.188319
Dropping frame 1403637182.2883189
Dropping frame 1403637182.4883189
Dropping frame 1403637182.7383192
Dropping frame 1403637182.9883189
Dropping frame 1403637183.3383191
Dropping frame 1403637183.4383192
Dropping frame 1403637183.638319
Dropping frame 1403637183.7383192
Dropping frame 1403637183.9383192
Dropping frame 1403637184.0883191
Dropping frame 1403637184.2883189
Dropping frame 1403637184.688319
Dropping frame 1403637185.3383191
Dropping frame 1403637185.688319
Dropping frame 1403637186.0883191
Dropping frame 1403637186.4883189
Dropping frame 1403637186.9383192
Dropping frame 1403637187.138319
Dropping frame 1403637187.4883189
Dropping frame 1403637187.7883189
Dropping frame 1403637188.638319
Dropping frame 1403637189.138319
Dropping frame 1403637189.9383192
Dropping frame 1403637190.3383191
Dropping frame 1403637190.4883189
Dropping frame 1403637190.8383191
Dropping frame 1403637191.0383191
Dropping frame 1403637191.2383192
Dropping frame 1403637191.4383192
Dropping frame 1403637191.5383191
Dropping frame 1403637191.688319
Dropping frame 1403637191.9883189
Dropping frame 1403637192.0883191
Dropping frame 1403637192.2883189
Dropping frame 1403637192.388319
Dropping frame 1403637192.4883189
Dropping frame 1403637192.7383192
Dropping frame 1403637192.8383191
Dropping frame 1403637192.9383192
Dropping frame 1403637193.188319
Dropping frame 1403637193.2883189
Dropping frame 1403637193.4883189
Dropping frame 1403637193.688319
Dropping frame 1403637193.7883189
Dropping frame 1403637193.888319
Dropping frame 1403637193.9883189
Dropping frame 1403637194.188319
Dropping frame 1403637194.388319
Dropping frame 1403637194.4883189
Dropping frame 1403637194.5883191
Dropping frame 1403637194.688319
Dropping frame 1403637194.888319
Dropping frame 1403637194.9883189
Dropping frame 1403637195.0883191
Dropping frame 1403637195.2883189
Dropping frame 1403637195.388319
Dropping frame 1403637195.4883189
Dropping frame 1403637195.5883191
Dropping frame 1403637195.688319
Dropping frame 1403637195.7883189
Dropping frame 1403637195.888319
Dropping frame 1403637196.0883191
Dropping frame 1403637196.188319
Dropping frame 1403637196.2883189
Dropping frame 1403637196.388319
Dropping frame 1403637196.5883191
Dropping frame 1403637196.688319
Dropping frame 1403637196.7883189
Dropping frame 1403637196.9883189
Dropping frame 1403637197.5883191
Dropping frame 1403637197.888319
Dropping frame 1403637197.9883189
Dropping frame 1403637198.188319
Dropping frame 1403637198.2883189
Dropping frame 1403637198.388319
Dropping frame 1403637198.4883189
Dropping frame 1403637198.9383192
Dropping frame 1403637199.0383191
Dropping frame 1403637199.138319
Dropping frame 1403637199.388319
Dropping frame 1403637199.638319
Dropping frame 1403637199.7383192
Dropping frame 1403637199.8383191
Dropping frame 1403637200.388319
Dropping frame 1403637200.688319
Dropping frame 1403637200.8383191
Dropping frame 1403637201.0383191
Dropping frame 1403637201.138319
Dropping frame 1403637201.2383192
Dropping frame 1403637201.4383192
Dropping frame 1403637201.688319
Dropping frame 1403637201.7883189
Dropping frame 1403637201.9383192
Dropping frame 1403637202.2383192
Dropping frame 1403637202.3383191
Dropping frame 1403637202.4883189
Dropping frame 1403637202.7383192
Dropping frame 1403637202.9383192
Dropping frame 1403637203.0383191
Dropping frame 1403637203.138319
Dropping frame 1403637203.2383192
Dropping frame 1403637203.4383192
Dropping frame 1403637203.638319
Dropping frame 1403637203.7383192
Dropping frame 1403637203.8383191
Dropping frame 1403637204.0383191
Dropping frame 1403637204.138319
Dropping frame 1403637204.2383192
Dropping frame 1403637204.3383191
Dropping frame 1403637204.5383191
Dropping frame 1403637204.638319
Dropping frame 1403637204.7383192
Dropping frame 1403637204.8383191
Dropping frame 1403637205.0383191
Dropping frame 1403637205.138319
Dropping frame 1403637205.2383192
Dropping frame 1403637205.3383191
Dropping frame 1403637205.4383192
Dropping frame 1403637205.688319
Dropping frame 1403637205.888319
Dropping frame 1403637205.9883189
Dropping frame 1403637206.0883191
Dropping frame 1403637206.2883189
Dropping frame 1403637206.4883189
Dropping frame 1403637206.5883191
Dropping frame 1403637206.688319
Dropping frame 1403637206.888319
Dropping frame 1403637206.9883189
Dropping frame 1403637207.188319
Dropping frame 1403637207.2883189
Dropping frame 1403637207.388319
Dropping frame 1403637207.5883191
Dropping frame 1403637207.688319
Dropping frame 1403637207.7883189
Dropping frame 1403637207.888319
Dropping frame 1403637207.9883189
Dropping frame 1403637208.0883191
Dropping frame 1403637208.188319
Dropping frame 1403637208.388319
Dropping frame 1403637208.4883189
Dropping frame 1403637208.5883191
Dropping frame 1403637208.7383192
Dropping frame 1403637208.8383191
Dropping frame 1403637209.138319
Dropping frame 1403637209.388319
Dropping frame 1403637209.4883189
Dropping frame 1403637209.5883191
Dropping frame 1403637209.688319
Dropping frame 1403637209.7883189
Dropping frame 1403637210.0383191
Dropping frame 1403637210.138319
Dropping frame 1403637210.2383192
Dropping frame 1403637210.3383191
Dropping frame 1403637210.4383192
Dropping frame 1403637210.5383191
Dropping frame 1403637210.7883189
Dropping frame 1403637210.888319
Dropping frame 1403637210.9883189
Dropping frame 1403637211.0883191
Dropping frame 1403637211.188319
Dropping frame 1403637211.2883189
Dropping frame 1403637211.388319
Dropping frame 1403637211.5883191
Dropping frame 1403637211.688319
Dropping frame 1403637211.7883189
Dropping frame 1403637211.888319
Dropping frame 1403637211.9883189
Dropping frame 1403637212.0883191
Dropping frame 1403637212.188319
Dropping frame 1403637212.2883189
Dropping frame 1403637212.4883189
Dropping frame 1403637212.5883191
Dropping frame 1403637212.688319
Dropping frame 1403637212.888319
Dropping frame 1403637212.9883189
Dropping frame 1403637213.0883191
Dropping frame 1403637213.188319
Dropping frame 1403637213.2883189
Dropping frame 1403637213.388319
Dropping frame 1403637213.5883191
Dropping frame 1403637213.688319
Dropping frame 1403637213.7883189
Dropping frame 1403637213.888319
Dropping frame 1403637213.9883189
Dropping frame 1403637214.188319
Dropping frame 1403637214.2883189
Dropping frame 1403637214.388319
Dropping frame 1403637214.4883189
Dropping frame 1403637214.5883191
Dropping frame 1403637214.688319
Dropping frame 1403637214.7883189
Dropping frame 1403637214.9383192
Dropping frame 1403637215.0383191
Dropping frame 1403637215.138319
Dropping frame 1403637215.2383192
Dropping frame 1403637215.388319
Dropping frame 1403637215.4883189
Dropping frame 1403637215.5883191
Dropping frame 1403637215.7883189
Dropping frame 1403637215.888319
Dropping frame 1403637215.9883189
Dropping frame 1403637216.0883191
Dropping frame 1403637216.188319
Dropping frame 1403637216.3383191
Dropping frame 1403637216.4883189
Dropping frame 1403637216.688319
Dropping frame 1403637216.7883189
Dropping frame 1403637216.888319
Dropping frame 1403637216.9883189
Dropping frame 1403637217.0883191
Dropping frame 1403637217.188319
Dropping frame 1403637217.2883189
Dropping frame 1403637217.388319
Dropping frame 1403637217.5383191
Dropping frame 1403637217.7883189
Dropping frame 1403637218.0383191
Dropping frame 1403637218.138319
Dropping frame 1403637218.2383192
Dropping frame 1403637218.638319
Dropping frame 1403637218.7383192
Dropping frame 1403637218.9383192
Dropping frame 1403637219.0883191
Dropping frame 1403637219.188319
Dropping frame 1403637219.4883189
Dropping frame 1403637219.5883191
Dropping frame 1403637219.688319
Dropping frame 1403637219.888319
Dropping frame 1403637219.9883189
Dropping frame 1403637220.2383192
Dropping frame 1403637220.388319
Dropping frame 1403637220.5883191
Dropping frame 1403637220.7883189
Dropping frame 1403637220.888319
Dropping frame 1403637221.0883191
Dropping frame 1403637221.188319
Dropping frame 1403637221.3383191
Dropping frame 1403637221.5883191
Dropping frame 1403637221.7883189
Dropping frame 1403637221.888319
Dropping frame 1403637222.138319
Dropping frame 1403637222.3383191
Dropping frame 1403637222.5383191
Dropping frame 1403637222.638319
Dropping frame 1403637222.9383192
Dropping frame 1403637223.138319
Dropping frame 1403637223.3383191
Dropping frame 1403637223.4383192
Dropping frame 1403637223.5383191
Dropping frame 1403637223.7883189
Dropping frame 1403637223.9883189
Dropping frame 1403637224.0883191
Dropping frame 1403637224.3383191
Dropping frame 1403637224.4383192
Dropping frame 1403637224.5383191
Dropping frame 1403637224.7383192
Dropping frame 1403637224.9383192
Dropping frame 1403637225.138319
Dropping frame 1403637225.3383191
Dropping frame 1403637225.4383192
Dropping frame 1403637225.5383191
Dropping frame 1403637225.7383192
Dropping frame 1403637225.888319
Dropping frame 1403637226.0883191
Dropping frame 1403637226.2883189
Dropping frame 1403637226.4883189
Dropping frame 1403637226.688319
Dropping frame 1403637226.7883189
Dropping frame 1403637226.888319
Dropping frame 1403637227.0883191
Dropping frame 1403637227.2883189
Dropping frame 1403637227.4883189
Dropping frame 1403637227.7883189
Dropping frame 1403637228.138319
Dropping frame 1403637228.3383191
Dropping frame 1403637228.5383191
Dropping frame 1403637228.7383192
Dropping frame 1403637228.9383192
Dropping frame 1403637229.0383191
Dropping frame 1403637229.2883189
Dropping frame 1403637229.4883189
Dropping frame 1403637229.8383191
Dropping frame 1403637230.2883189
Dropping frame 1403637230.4883189
Dropping frame 1403637230.7883189
Dropping frame 1403637231.138319
Dropping frame 1403637231.5383191
Dropping frame 1403637231.638319
Dropping frame 1403637231.9883189
Dropping frame 1403637232.188319
Dropping frame 1403637232.2883189
Dropping frame 1403637232.5383191
Dropping frame 1403637232.7383192
Dropping frame 1403637232.9383192
Dropping frame 1403637233.138319
Dropping frame 1403637233.2383192
Dropping frame 1403637233.5383191
Dropping frame 1403637233.7883189
Dropping frame 1403637233.9883189
Dropping frame 1403637234.3383191
Dropping frame 1403637234.688319
Dropping frame 1403637235.0383191
Dropping frame 1403637235.2383192
Dropping frame 1403637235.3383191
Dropping frame 1403637235.9383192
Dropping frame 1403637236.3383191
Dropping frame 1403637236.5883191
Dropping frame 1403637236.7383192
Dropping frame 1403637237.0883191
Dropping frame 1403637237.2883189
Dropping frame 1403637237.5883191
Dropping frame 1403637237.688319
Dropping frame 1403637237.7883189
Dropping frame 1403637238.0383191
Dropping frame 1403637238.2383192
Dropping frame 1403637238.3383191
Dropping frame 1403637238.5383191
Dropping frame 1403637238.638319
Dropping frame 1403637238.7883189
Dropping frame 1403637239.0383191
Dropping frame 1403637239.2383192
Dropping frame 1403637239.3383191
Dropping frame 1403637239.5383191
Dropping frame 1403637239.638319
Dropping frame 1403637239.7383192
Dropping frame 1403637239.9883189
Dropping frame 1403637240.0883191
Dropping frame 1403637240.188319
Dropping frame 1403637240.388319
Dropping frame 1403637240.5883191
Dropping frame 1403637240.7883189
Dropping frame 1403637240.9883189
Dropping frame 1403637241.0883191
Dropping frame 1403637241.188319
Dropping frame 1403637241.388319
Dropping frame 1403637241.4883189
Dropping frame 1403637241.5883191
Dropping frame 1403637241.9383192
Dropping frame 1403637242.138319
Dropping frame 1403637242.2383192
Dropping frame 1403637242.4883189
Dropping frame 1403637242.688319
Dropping frame 1403637242.888319
Dropping frame 1403637243.0883191
Dropping frame 1403637243.188319
Dropping frame 1403637243.2883189
Dropping frame 1403637243.4883189
Dropping frame 1403637243.688319
Dropping frame 1403637243.888319
Dropping frame 1403637244.0883191
Dropping frame 1403637244.188319
Dropping frame 1403637244.2883189
Dropping frame 1403637244.4883189
Dropping frame 1403637245.138319
Dropping frame 1403637245.2383192
Dropping frame 1403637245.3383191
Dropping frame 1403637245.4383192
Dropping frame 1403637245.638319
Dropping frame 1403637245.7383192
Dropping frame 1403637245.9883189
Dropping frame 1403637246.188319
Dropping frame 1403637246.388319
Dropping frame 1403637246.4883189
Dropping frame 1403637246.5883191
Dropping frame 1403637246.7883189
Dropping frame 1403637246.888319
Dropping frame 1403637246.9883189
Dropping frame 1403637247.188319
Dropping frame 1403637247.388319
Dropping frame 1403637247.5883191
Dropping frame 1403637247.688319
Dropping frame 1403637247.7883189
Dropping frame 1403637247.9883189
Dropping frame 1403637248.188319
Dropping frame 1403637248.2883189
Dropping frame 1403637248.388319
Dropping frame 1403637248.5883191
Dropping frame 1403637248.9383192
Dropping frame 1403637249.0383191
Dropping frame 1403637249.138319
Dropping frame 1403637249.3383191
Dropping frame 1403637249.688319
Dropping frame 1403637249.888319
Dropping frame 1403637250.0883191
Dropping frame 1403637250.2883189
Dropping frame 1403637250.7383192
Dropping frame 1403637250.9383192
Dropping frame 1403637251.138319
Dropping frame 1403637251.2383192
Dropping frame 1403637251.4383192
Dropping frame 1403637251.638319
Dropping frame 1403637251.7383192
Dropping frame 1403637251.8383191
Dropping frame 1403637251.9383192
Dropping frame 1403637252.0383191
Dropping frame 1403637252.2383192
Dropping frame 1403637252.3383191
Dropping frame 1403637252.4383192
Dropping frame 1403637252.688319
Dropping frame 1403637252.888319
Dropping frame 1403637253.0883191
Dropping frame 1403637253.2883189
Dropping frame 1403637253.4883189
Dropping frame 1403637253.5883191
Dropping frame 1403637253.688319
Dropping frame 1403637253.7883189
Dropping frame 1403637253.9883189
Dropping frame 1403637254.188319
Dropping frame 1403637254.388319
Dropping frame 1403637254.5883191
Dropping frame 1403637254.7883189
Dropping frame 1403637254.9883189
Dropping frame 1403637255.0883191
Dropping frame 1403637255.188319
Dropping frame 1403637255.2883189
Dropping frame 1403637255.4883189
Dropping frame 1403637255.688319
Dropping frame 1403637255.888319
Dropping frame 1403637256.0883191
Dropping frame 1403637256.2883189
Dropping frame 1403637256.4883189
Dropping frame 1403637256.688319
Dropping frame 1403637256.7883189
Dropping frame 1403637257.0383191
Dropping frame 1403637257.2383192
Dropping frame 1403637257.4383192
Dropping frame 1403637257.638319
Dropping frame 1403637257.8383191
Dropping frame 1403637258.0383191
Dropping frame 1403637258.2383192
Dropping frame 1403637258.4383192
Dropping frame 1403637258.5883191
Dropping frame 1403637258.7883189
Dropping frame 1403637259.138319
Dropping frame 1403637259.5883191
Dropping frame 1403637259.7883189
Dropping frame 1403637259.9883189
Dropping frame 1403637260.188319
Dropping frame 1403637260.388319
Dropping frame 1403637260.688319
Dropping frame 1403637261.0383191
Dropping frame 1403637261.2383192
Dropping frame 1403637261.4383192
Dropping frame 1403637261.7383192
Dropping frame 1403637261.9383192
Dropping frame 1403637262.2883189
Fail to track local map!
Fail to track local map!
Fail to track local map!
Dropping frame 1403637262.4883189
Fail to track local map!
Fail to track local map!
Fail to track local map!
Dropping frame 1403637262.688319
Fail to track local map!
Dropping frame 1403637262.888319
Dropping frame 1403637262.9883189
Dropping frame 1403637263.188319
Dropping frame 1403637263.388319
Dropping frame 1403637263.5883191
Dropping frame 1403637263.7883189
Dropping frame 1403637264.0383191
Dropping frame 1403637264.2383192
Dropping frame 1403637264.4883189
Dropping frame 1403637264.7383192
Dropping frame 1403637264.9383192
Dropping frame 1403637265.138319
Dropping frame 1403637265.3383191
Shutdown
SLAM Finished at System Time: 1734508831.20193

 TIME STATS in ms (mean$\pm$std)
OpenCV version: 4.8.1
---------------------------
Tracking

ORB Extraction: 17.223$\pm$2.306
Stereo Matching: 7.8997$\pm$2.036
IMU Preintegration: 0.26049$\pm$0.1134
Pose Prediction: 0.67723$\pm$1.613
LM Track: 18.998$\pm$6.5158
New KF decision: 1.4754$\pm$2.6842
Total Tracking: 31.746$\pm$25.581



Local Mapping

KF Insertion: 14.426$\pm$5.2199
MP Culling: 0.59872$\pm$0.30886
MP Creation: 46.239$\pm$19.278
LBA: 154.4$\pm$67.914
KF Culling: 15.386$\pm$10.943
Total Local Mapping: 228.94$\pm$95.301
---------------------------

LBA complexity (mean$\pm$std)
LBA Edges: 1366.5$\pm$572.01
LBA KF optimized: 6.5$\pm$2.2913
LBA KF fixed: 1$\pm$0
LBA MP: nan$\pm$nan

LBA executions: 458
LBA aborts: 0
---------------------------

Map complexity
KFs in map: 170
MPs in map: 13003
---------------------------

Place Recognition (mean$\pm$std)
Database Query: 2.2351$\pm$1.0747
SE3 estimation: 28.578$\pm$16.071
Total Place Recognition: 23.295$\pm$19.724


Loop Closing (mean$\pm$std)
Loop Fusion: nan$\pm$nan
Essential Graph: nan$\pm$nan
Total Loop Closing: nan$\pm$nan

Num exec: 0
Number of KFs: nan$\pm$nan

Map Merging (mean$\pm$std)
Merge Maps: nan$\pm$nan
Welding BA: nan$\pm$nan
Optimization Ess.: nan$\pm$nan
Total Map Merging: nan$\pm$nan

Num exec: 0
Number of KFs: nan$\pm$nan
Number of MPs: nan$\pm$nan

Full GBA (mean$\pm$std)
GBA: nan$\pm$nan
Map Update: nan$\pm$nan
Total Full GBA: nan$\pm$nan

Num exec: 0
Num abort: 0
Number of KFs: nan$\pm$nan
Number of MPs: nan$\pm$nan

Saving trajectory to f_dataset-MH03_stereo_imu.txt ...
There are 1 maps in the atlas
  Map 0 has 170 KFs

End of saving trajectory to f_dataset-MH03_stereo_imu.txt ...

Saving keyframe trajectory to kf_dataset-MH03_stereo_imu.txt ...
