num_seq = 1
file name: dataset-MH01_stereo_imu
Loading images for sequence 0...LOADED!
Loading IMU for sequence 0...LOADED!

-------

ORB-SLAM3 Copyright (C) 2017-2020 Carlos Campos, Richard Elvira, Juan J. Gómez, José M.M. Montiel and Juan D. Tardós, University of Zaragoza.
ORB-SLAM2 Copyright (C) 2014-2016 Raúl Mur-Artal, José M.M. Montiel and Juan D. Tardós, University of Zaragoza.
This program comes with ABSOLUTELY NO WARRANTY;
This is free software, and you are welcome to redistribute it
under certain conditions. See LICENSE.txt.

Built with REGISTER_TIMES
Git Commit Hash: 42e930e

Compiled with C++ version: 201703

Input sensor was set to: Stereo-Inertial
Loading settings from ./Examples/Stereo-Inertial/EuRoC_fov_deadlines_mask_12x12.yaml
	-Loaded camera 1
	-Loaded camera 2
	-Loaded image info
	-Loaded IMU calibration
	-Loaded ORB settings
	-Loaded viewer settings
	-Loaded Atlas settings
Deadlines enabled, will skip frames!
FOV enabled
Static mask size: 12x12
Dumping map points enabled
	-Loaded misc parameters
	-Computed rectification maps
----------------------------------
SLAM settings: 
	-Camera 1 parameters (Pinhole): [ 458.65399169921875 457.29598999023438 367.21499633789062 248.375 ]
	-Camera 1 distortion parameters: [  -0.28340810537338257 0.073959067463874817 0.00019359000725671649 1.7618711353861727e-05 ]
	-Camera 2 parameters (Pinhole: [ 457.58700561523438 456.13400268554688 379.99899291992188 255.23800659179688 ]
	-Camera 1 distortion parameters: [  -0.2836836576461792 0.074512839317321777 -0.00010473000293131918 -3.555907096597366e-05 ]
	-Original image size: [ 752 , 480 ]
	-Current image size: [ 752 , 480 ]
	-Camera 1 parameters after rectification: [  456.71499633789062 456.71499633789062 364.52615356445312 257.268798828125 ]
	-Sequence FPS: 20
	-Stereo baseline: 0.11007784307003021
	-Stereo depth threshold : 60
	-Gyro noise: 0.00016999999934341758
	-Accelerometer noise: 0.0020000000949949026
	-Gyro walk: 1.9392999092815444e-05
	-Accelerometer walk: 0.0030000000260770321
	-IMU frequency: 200
	-Features per image: 1200
	-ORB scale factor: 1.2000000476837158
	-ORB number of scales: 8
	-Initial FAST threshold: 20
	-Min FAST threshold: 7


Loading ORB Vocabulary. This could take a while...
Vocabulary loaded!

Initialization of Atlas from scratch 
Creation of new map with id: 0
Creation of new map with last KF id: 0
Seq. Name: 
There are 1 cameras in the atlas
Camera 0 is pinhole
SLAM Started at System Time: 1734512575.91491
not IMU meas
not IMU meas
not enough acceleration
not enough acceleration
First KF:0; Map init KF:0
New Map created with 553 points
Active map: 0
Dropping frame 1403636580.0135555
Dropping frame 1403636580.2135556
Dropping frame 1403636580.5135555
Dropping frame 1403636581.1635556
Dropping frame 1403636581.4635556
Dropping frame 1403636581.7135556
Dropping frame 1403636581.8635557
Dropping frame 1403636581.9635556
Dropping frame 1403636582.2135556
Dropping frame 1403636582.3135555
Dropping frame 1403636582.6135554
Dropping frame 1403636582.7135556
Dropping frame 1403636582.9135554
Dropping frame 1403636583.1135554
Dropping frame 1403636583.2135556
Dropping frame 1403636583.5135555
Dropping frame 1403636583.7135556
Dropping frame 1403636583.9135554
Dropping frame 1403636584.0135555
Dropping frame 1403636584.2135556
Dropping frame 1403636584.4135554
Dropping frame 1403636584.5135555
Dropping frame 1403636584.6135554
Dropping frame 1403636584.8135555
Dropping frame 1403636584.9135554
Dropping frame 1403636585.1635556
start VIBA 1
end VIBA 1
Dropping frame 1403636585.3635557
Dropping frame 1403636585.4635556
Dropping frame 1403636585.5635555
Dropping frame 1403636585.7135556
Dropping frame 1403636585.9135554
Dropping frame 1403636586.0135555
Dropping frame 1403636586.2635555
Dropping frame 1403636586.3635557
Dropping frame 1403636586.6135554
Dropping frame 1403636587.0635555
Dropping frame 1403636587.1635556
Dropping frame 1403636587.4135554
Dropping frame 1403636587.6135554
Dropping frame 1403636587.8135555
Dropping frame 1403636587.9135554
Dropping frame 1403636588.1635556
Dropping frame 1403636588.3635557
Dropping frame 1403636588.4635556
Dropping frame 1403636588.5635555
Dropping frame 1403636588.8635557
Dropping frame 1403636589.2635555
Dropping frame 1403636589.4635556
Dropping frame 1403636589.5635555
Dropping frame 1403636589.7635555
Dropping frame 1403636589.8635557
Dropping frame 1403636590.1135554
Dropping frame 1403636590.3135555
Dropping frame 1403636590.5135555
Dropping frame 1403636590.7135556
Dropping frame 1403636591.2135556
Dropping frame 1403636591.3635557
Dropping frame 1403636591.4635556
Dropping frame 1403636591.5635555
Dropping frame 1403636591.7635555
Dropping frame 1403636592.1135554
Dropping frame 1403636592.2135556
Dropping frame 1403636592.3135555
Dropping frame 1403636592.6135554
Dropping frame 1403636592.8635557
Dropping frame 1403636593.1635556
Dropping frame 1403636593.3635557
Dropping frame 1403636593.7135556
Dropping frame 1403636593.8135555
Dropping frame 1403636594.0635555
Dropping frame 1403636594.2635555
Dropping frame 1403636594.4635556
Dropping frame 1403636594.5635555
Dropping frame 1403636594.6635556
Dropping frame 1403636594.9635556
Dropping frame 1403636595.0635555
Dropping frame 1403636595.1635556
start VIBA 2
end VIBA 2
Dropping frame 1403636595.4135554
Dropping frame 1403636595.6135554
Dropping frame 1403636595.7135556
Dropping frame 1403636595.8135555
Dropping frame 1403636596.1635556
Dropping frame 1403636596.4635556
Dropping frame 1403636596.6635556
Dropping frame 1403636596.7635555
Dropping frame 1403636597.0635555
Dropping frame 1403636597.1635556
Dropping frame 1403636597.2635555
Dropping frame 1403636597.4635556
Dropping frame 1403636597.5635555
Dropping frame 1403636597.8135555
Dropping frame 1403636597.9135554
Dropping frame 1403636598.0135555
Dropping frame 1403636598.2135556
Dropping frame 1403636598.3135555
Dropping frame 1403636598.4135554
Dropping frame 1403636598.5135555
Dropping frame 1403636598.6135554
Dropping frame 1403636598.7135556
Dropping frame 1403636598.9135554
Dropping frame 1403636599.1135554
Dropping frame 1403636599.3635557
Dropping frame 1403636599.5635555
Dropping frame 1403636599.7635555
Dropping frame 1403636599.8635557
Dropping frame 1403636600.1135554
Dropping frame 1403636600.2135556
Dropping frame 1403636600.3135555
Dropping frame 1403636600.4635556
Dropping frame 1403636600.7135556
Dropping frame 1403636600.9135554
Dropping frame 1403636601.1135554
Dropping frame 1403636601.2135556
Dropping frame 1403636601.5635555
Dropping frame 1403636601.9135554
Dropping frame 1403636602.1635556
Dropping frame 1403636602.4135554
Dropping frame 1403636602.6635556
Dropping frame 1403636602.7635555
Dropping frame 1403636602.8635557
Dropping frame 1403636603.2135556
Dropping frame 1403636603.4635556
Dropping frame 1403636603.7635555
Dropping frame 1403636604.0635555
Dropping frame 1403636604.1635556
Dropping frame 1403636604.2635555
Dropping frame 1403636604.6135554
Dropping frame 1403636604.8135555
Dropping frame 1403636604.9135554
Dropping frame 1403636605.1135554
Dropping frame 1403636605.3135555
Dropping frame 1403636605.5135555
Dropping frame 1403636606.0135555
Dropping frame 1403636606.3135555
Dropping frame 1403636606.6635556
Dropping frame 1403636607.1135554
Dropping frame 1403636607.3635557
Dropping frame 1403636607.5635555
Dropping frame 1403636607.6635556
Dropping frame 1403636608.0635555
Dropping frame 1403636608.1635556
Dropping frame 1403636608.3135555
Dropping frame 1403636608.4135554
Dropping frame 1403636608.7635555
Dropping frame 1403636608.9635556
Dropping frame 1403636609.0635555
Dropping frame 1403636609.3135555
Dropping frame 1403636609.9635556
Dropping frame 1403636610.1635556
Dropping frame 1403636610.2635555
Dropping frame 1403636610.3635557
Dropping frame 1403636610.5635555
Dropping frame 1403636610.9135554
Dropping frame 1403636611.1135554
Dropping frame 1403636611.3135555
Dropping frame 1403636611.5135555
Dropping frame 1403636612.6635556
Dropping frame 1403636612.9135554
Dropping frame 1403636613.5635555
Dropping frame 1403636613.7635555
Dropping frame 1403636614.1135554
Dropping frame 1403636614.3635557
Dropping frame 1403636614.6635556
Dropping frame 1403636614.7635555
Dropping frame 1403636615.1635556
Dropping frame 1403636615.4135554
Dropping frame 1403636615.7635555
Dropping frame 1403636616.1135554
Dropping frame 1403636616.5135555
Dropping frame 1403636616.8635557
Dropping frame 1403636617.3135555
Dropping frame 1403636617.5135555
Dropping frame 1403636617.6135554
Dropping frame 1403636617.8135555
Dropping frame 1403636618.1135554
Dropping frame 1403636618.2635555
Dropping frame 1403636618.4635556
Dropping frame 1403636618.8635557
Dropping frame 1403636619.4135554
Dropping frame 1403636619.6135554
Dropping frame 1403636619.7135556
Dropping frame 1403636619.9135554
Dropping frame 1403636620.2135556
Dropping frame 1403636620.4635556
Dropping frame 1403636620.6635556
Dropping frame 1403636620.7635555
Dropping frame 1403636621.0635555
Dropping frame 1403636621.5635555
Dropping frame 1403636621.8135555
Dropping frame 1403636622.2135556
Dropping frame 1403636622.4635556
Dropping frame 1403636622.8635557
Dropping frame 1403636623.1635556
Dropping frame 1403636623.9635556
Dropping frame 1403636624.0635555
Dropping frame 1403636624.3135555
Dropping frame 1403636624.5635555
Dropping frame 1403636624.7135556
Dropping frame 1403636625.0635555
Dropping frame 1403636625.4635556
Dropping frame 1403636625.6635556
Dropping frame 1403636625.7635555
Dropping frame 1403636625.8635557
Dropping frame 1403636626.2135556
Dropping frame 1403636626.3135555
Dropping frame 1403636626.7135556
Dropping frame 1403636626.8635557
Dropping frame 1403636627.1135554
Dropping frame 1403636627.2635555
Dropping frame 1403636627.9135554
Dropping frame 1403636628.0635555
Dropping frame 1403636628.4135554
Dropping frame 1403636628.6135554
Dropping frame 1403636628.7135556
Dropping frame 1403636628.9635556
Dropping frame 1403636629.4635556
Dropping frame 1403636629.7135556
Dropping frame 1403636630.2635555
Dropping frame 1403636630.7635555
Dropping frame 1403636631.1135554
Dropping frame 1403636631.4635556
Dropping frame 1403636631.9635556
Dropping frame 1403636632.1135554
Dropping frame 1403636632.7635555
Dropping frame 1403636633.3135555
Dropping frame 1403636633.5135555
Dropping frame 1403636633.8635557
Dropping frame 1403636633.9635556
Dropping frame 1403636634.3135555
Dropping frame 1403636634.6635556
Dropping frame 1403636635.0135555
Dropping frame 1403636635.4135554
Dropping frame 1403636635.6135554
Dropping frame 1403636635.8635557
Dropping frame 1403636636.3635557
Dropping frame 1403636636.5635555
Dropping frame 1403636636.9135554
Dropping frame 1403636637.0635555
Dropping frame 1403636637.4635556
Dropping frame 1403636638.0135555
Dropping frame 1403636638.3635557
Dropping frame 1403636638.8135555
Dropping frame 1403636639.0635555
Dropping frame 1403636639.1635556
Dropping frame 1403636639.6135554
Dropping frame 1403636639.7135556
Dropping frame 1403636640.2135556
Dropping frame 1403636640.8635557
Dropping frame 1403636641.1135554
Dropping frame 1403636641.3135555
Dropping frame 1403636641.6135554
Dropping frame 1403636642.0135555
Dropping frame 1403636642.4135554
Dropping frame 1403636642.8135555
Dropping frame 1403636643.2135556
Dropping frame 1403636643.3635557
Dropping frame 1403636643.8635557
Dropping frame 1403636644.0135555
Dropping frame 1403636644.2635555
Dropping frame 1403636644.7635555
Dropping frame 1403636645.1135554
Dropping frame 1403636645.2635555
Dropping frame 1403636645.6635556
Dropping frame 1403636646.0635555
Dropping frame 1403636646.3635557
Dropping frame 1403636646.5635555
Dropping frame 1403636647.2135556
Dropping frame 1403636647.5635555
Dropping frame 1403636647.9135554
Dropping frame 1403636648.2135556
Dropping frame 1403636649.3135555
Dropping frame 1403636649.5135555
Dropping frame 1403636649.7135556
Dropping frame 1403636649.8135555
Dropping frame 1403636650.0135555
Dropping frame 1403636650.4135554
Dropping frame 1403636650.5135555
Dropping frame 1403636650.6135554
Dropping frame 1403636650.7635555
Dropping frame 1403636651.0635555
Dropping frame 1403636651.1635556
Dropping frame 1403636651.3635557
Dropping frame 1403636651.4635556
Dropping frame 1403636651.6135554
Dropping frame 1403636651.8135555
Dropping frame 1403636651.9135554
Dropping frame 1403636652.1135554
Dropping frame 1403636652.2635555
Dropping frame 1403636652.5135555
Dropping frame 1403636652.7135556
Dropping frame 1403636652.8135555
Dropping frame 1403636653.0635555
Dropping frame 1403636653.1635556
Dropping frame 1403636653.3635557
Dropping frame 1403636653.4635556
Dropping frame 1403636653.5635555
Dropping frame 1403636653.7135556
Dropping frame 1403636653.9635556
Dropping frame 1403636654.0635555
Dropping frame 1403636654.3135555
Dropping frame 1403636654.5135555
Dropping frame 1403636654.6135554
Dropping frame 1403636654.7135556
Dropping frame 1403636654.8135555
Dropping frame 1403636655.0135555
Dropping frame 1403636655.1635556
Dropping frame 1403636655.2635555
Dropping frame 1403636655.3635557
Dropping frame 1403636655.5635555
Dropping frame 1403636655.8135555
Dropping frame 1403636655.9135554
Dropping frame 1403636656.0135555
Dropping frame 1403636656.2635555
Dropping frame 1403636656.4635556
Dropping frame 1403636656.9635556
Dropping frame 1403636657.0635555
Dropping frame 1403636657.1635556
Dropping frame 1403636657.2635555
Dropping frame 1403636657.7135556
Dropping frame 1403636657.8135555
Dropping frame 1403636657.9135554
Dropping frame 1403636658.0635555
Dropping frame 1403636658.1635556
Dropping frame 1403636658.3635557
Dropping frame 1403636658.4635556
Dropping frame 1403636658.5635555
Dropping frame 1403636658.6635556
Dropping frame 1403636658.7635555
Dropping frame 1403636658.8635557
Dropping frame 1403636659.0635555
Dropping frame 1403636659.1635556
Dropping frame 1403636659.2635555
Dropping frame 1403636659.3635557
Dropping frame 1403636659.4635556
Dropping frame 1403636659.5635555
Dropping frame 1403636659.6635556
Dropping frame 1403636659.7635555
Dropping frame 1403636659.8635557
Dropping frame 1403636660.0635555
Dropping frame 1403636660.1635556
Dropping frame 1403636660.3635557
Dropping frame 1403636660.4635556
Dropping frame 1403636660.5635555
Dropping frame 1403636660.6635556
Dropping frame 1403636660.7635555
Dropping frame 1403636660.8635557
Dropping frame 1403636660.9635556
Dropping frame 1403636661.0635555
Dropping frame 1403636661.1635556
Dropping frame 1403636661.2635555
Dropping frame 1403636661.3635557
Dropping frame 1403636661.4635556
Dropping frame 1403636661.6635556
Dropping frame 1403636661.7635555
Dropping frame 1403636661.8635557
Dropping frame 1403636662.0135555
Dropping frame 1403636662.1135554
Dropping frame 1403636662.2635555
Dropping frame 1403636662.3635557
Dropping frame 1403636662.6135554
Dropping frame 1403636662.7135556
Dropping frame 1403636662.8135555
Dropping frame 1403636663.0135555
Dropping frame 1403636663.1135554
Dropping frame 1403636663.2635555
Dropping frame 1403636663.4135554
Dropping frame 1403636663.6135554
Dropping frame 1403636663.8135555
Dropping frame 1403636663.9135554
Dropping frame 1403636664.0135555
Dropping frame 1403636664.1635556
Dropping frame 1403636664.4135554
Dropping frame 1403636664.5135555
Dropping frame 1403636664.7135556
Dropping frame 1403636664.8135555
Dropping frame 1403636665.0135555
Dropping frame 1403636665.1135554
Dropping frame 1403636665.2635555
Dropping frame 1403636665.3635557
Dropping frame 1403636665.4635556
Dropping frame 1403636665.6635556
Dropping frame 1403636665.8135555
Dropping frame 1403636665.9135554
Dropping frame 1403636666.0135555
Dropping frame 1403636666.1635556
Dropping frame 1403636666.3635557
Dropping frame 1403636666.4635556
Dropping frame 1403636666.7135556
Dropping frame 1403636666.8635557
Dropping frame 1403636667.1135554
Dropping frame 1403636667.2135556
Dropping frame 1403636667.4635556
Dropping frame 1403636667.8135555
Dropping frame 1403636668.1135554
Dropping frame 1403636668.2135556
Dropping frame 1403636668.3635557
Dropping frame 1403636668.6635556
Dropping frame 1403636668.7635555
Dropping frame 1403636668.9635556
Dropping frame 1403636669.0635555
Dropping frame 1403636669.3135555
Dropping frame 1403636669.5635555
Dropping frame 1403636669.6635556
Dropping frame 1403636670.2635555
Dropping frame 1403636670.3635557
Dropping frame 1403636670.4635556
Dropping frame 1403636670.8135555
Dropping frame 1403636670.9135554
Dropping frame 1403636671.0635555
Dropping frame 1403636671.2635555
Dropping frame 1403636671.5135555
Dropping frame 1403636671.6135554
Dropping frame 1403636671.7135556
Dropping frame 1403636672.1135554
Dropping frame 1403636672.2135556
Dropping frame 1403636672.4135554
Dropping frame 1403636672.7635555
Dropping frame 1403636672.9635556
Dropping frame 1403636673.2135556
Dropping frame 1403636673.3135555
Dropping frame 1403636673.5135555
Dropping frame 1403636673.7135556
Dropping frame 1403636673.8135555
Dropping frame 1403636673.9135554
Dropping frame 1403636674.0135555
Dropping frame 1403636674.1135554
Dropping frame 1403636674.2135556
Dropping frame 1403636674.5135555
Dropping frame 1403636674.7635555
Dropping frame 1403636674.8635557
Dropping frame 1403636674.9635556
Dropping frame 1403636675.0635555
Dropping frame 1403636675.2635555
Dropping frame 1403636675.3635557
Dropping frame 1403636675.4635556
Dropping frame 1403636675.6635556
Dropping frame 1403636675.7635555
Dropping frame 1403636675.8635557
Dropping frame 1403636676.0135555
Dropping frame 1403636676.2135556
Dropping frame 1403636676.3135555
Dropping frame 1403636676.4135554
Dropping frame 1403636676.5135555
Dropping frame 1403636676.6135554
Dropping frame 1403636676.7135556
Dropping frame 1403636676.9635556
Dropping frame 1403636677.0635555
Dropping frame 1403636677.3635557
Dropping frame 1403636677.5635555
Dropping frame 1403636677.6635556
Dropping frame 1403636677.7635555
Dropping frame 1403636677.8635557
Dropping frame 1403636678.0135555
Dropping frame 1403636678.2635555
Dropping frame 1403636678.3635557
Dropping frame 1403636678.4635556
Dropping frame 1403636678.5635555
Dropping frame 1403636678.6635556
Dropping frame 1403636678.7635555
Dropping frame 1403636679.2135556
Dropping frame 1403636679.3135555
Dropping frame 1403636679.4135554
Dropping frame 1403636679.5135555
Dropping frame 1403636679.6135554
Dropping frame 1403636679.7635555
Dropping frame 1403636679.9135554
Dropping frame 1403636680.1135554
Dropping frame 1403636680.2135556
Dropping frame 1403636680.4135554
Dropping frame 1403636680.5135555
Dropping frame 1403636680.6135554
Dropping frame 1403636680.7135556
Dropping frame 1403636680.9135554
Dropping frame 1403636681.0135555
Dropping frame 1403636681.1135554
Dropping frame 1403636681.2635555
Dropping frame 1403636681.4135554
Dropping frame 1403636681.5135555
Dropping frame 1403636681.6135554
Dropping frame 1403636681.8135555
Dropping frame 1403636681.9135554
Dropping frame 1403636682.0135555
Dropping frame 1403636682.1135554
Dropping frame 1403636682.2135556
Dropping frame 1403636682.3135555
Dropping frame 1403636682.5135555
Dropping frame 1403636682.6135554
Dropping frame 1403636682.8135555
Dropping frame 1403636682.9135554
Dropping frame 1403636683.1135554
Dropping frame 1403636683.2135556
Dropping frame 1403636683.3135555
Dropping frame 1403636683.5135555
Dropping frame 1403636683.6135554
Dropping frame 1403636683.7135556
Dropping frame 1403636683.8135555
Dropping frame 1403636684.1635556
Dropping frame 1403636684.2635555
Dropping frame 1403636684.6135554
Dropping frame 1403636684.7135556
Dropping frame 1403636685.2635555
Dropping frame 1403636685.3635557
Dropping frame 1403636685.4635556
Dropping frame 1403636685.6135554
Dropping frame 1403636685.8635557
Dropping frame 1403636685.9635556
Dropping frame 1403636686.0635555
Dropping frame 1403636686.2635555
Dropping frame 1403636686.4635556
Dropping frame 1403636686.5635555
Dropping frame 1403636686.7135556
Dropping frame 1403636687.0135555
Dropping frame 1403636687.1135554
Dropping frame 1403636687.2635555
Dropping frame 1403636687.5135555
Dropping frame 1403636687.6135554
Dropping frame 1403636687.7135556
Dropping frame 1403636687.9635556
Dropping frame 1403636688.0635555
Dropping frame 1403636688.1635556
Dropping frame 1403636688.4635556
Dropping frame 1403636688.6135554
Dropping frame 1403636688.7135556
Dropping frame 1403636688.8135555
Dropping frame 1403636688.9135554
Dropping frame 1403636689.0635555
Dropping frame 1403636689.2635555
Dropping frame 1403636689.3635557
Dropping frame 1403636689.4635556
Dropping frame 1403636689.6635556
Dropping frame 1403636689.7635555
Dropping frame 1403636690.0135555
Dropping frame 1403636690.2135556
Dropping frame 1403636690.3135555
Dropping frame 1403636690.5635555
Dropping frame 1403636690.7135556
Dropping frame 1403636690.8635557
Dropping frame 1403636690.9635556
Dropping frame 1403636691.0635555
Dropping frame 1403636691.2635555
Dropping frame 1403636691.4635556
Dropping frame 1403636691.6635556
Dropping frame 1403636691.7635555
Dropping frame 1403636691.9635556
Dropping frame 1403636692.0635555
Dropping frame 1403636692.2135556
Dropping frame 1403636692.3135555
Dropping frame 1403636692.5135555
Dropping frame 1403636692.7135556
Dropping frame 1403636692.8135555
Dropping frame 1403636693.0635555
Dropping frame 1403636693.2635555
Dropping frame 1403636693.3635557
Dropping frame 1403636693.5635555
Dropping frame 1403636693.6635556
Dropping frame 1403636693.7635555
Dropping frame 1403636693.9635556
Dropping frame 1403636694.1635556
Dropping frame 1403636694.2635555
Dropping frame 1403636694.3635557
Dropping frame 1403636694.6135554
Dropping frame 1403636694.8135555
Dropping frame 1403636694.9635556
Dropping frame 1403636695.0635555
Dropping frame 1403636695.2635555
Dropping frame 1403636695.5635555
Dropping frame 1403636695.7635555
Dropping frame 1403636695.8635557
Dropping frame 1403636696.1635556
Dropping frame 1403636696.3635557
Dropping frame 1403636696.5135555
Dropping frame 1403636696.8635557
Dropping frame 1403636697.0635555
Dropping frame 1403636697.1635556
Dropping frame 1403636697.3635557
Dropping frame 1403636697.4635556
Dropping frame 1403636697.6135554
Dropping frame 1403636697.8135555
Dropping frame 1403636698.0135555
Dropping frame 1403636698.1135554
Dropping frame 1403636698.2135556
Dropping frame 1403636698.3135555
Dropping frame 1403636698.5135555
Dropping frame 1403636698.6635556
Dropping frame 1403636698.8635557
Dropping frame 1403636699.0635555
Dropping frame 1403636699.2635555
Dropping frame 1403636699.4635556
Dropping frame 1403636699.6135554
Dropping frame 1403636699.8135555
Dropping frame 1403636699.9135554
Dropping frame 1403636700.2635555
Dropping frame 1403636700.4635556
Dropping frame 1403636700.5635555
Dropping frame 1403636700.8135555
Dropping frame 1403636700.9135554
Dropping frame 1403636701.3635557
Dropping frame 1403636701.5635555
Dropping frame 1403636701.7635555
Dropping frame 1403636702.0635555
Dropping frame 1403636702.2635555
Dropping frame 1403636702.4135554
Dropping frame 1403636702.6635556
Dropping frame 1403636703.1135554
Dropping frame 1403636703.6135554
Dropping frame 1403636704.0135555
Dropping frame 1403636704.2135556
Dropping frame 1403636704.4135554
Dropping frame 1403636704.5135555
Dropping frame 1403636704.8635557
Dropping frame 1403636704.9635556
Dropping frame 1403636705.0635555
Dropping frame 1403636705.2635555
Dropping frame 1403636705.4635556
Dropping frame 1403636705.6635556
Dropping frame 1403636706.0135555
Dropping frame 1403636706.2135556
Dropping frame 1403636706.5135555
Dropping frame 1403636706.7135556
Dropping frame 1403636707.2135556
Dropping frame 1403636707.7135556
Dropping frame 1403636707.9135554
Dropping frame 1403636708.0635555
Dropping frame 1403636708.4135554
Dropping frame 1403636708.7135556
Dropping frame 1403636708.9135554
Dropping frame 1403636709.1135554
Dropping frame 1403636709.3135555
Dropping frame 1403636709.5135555
Dropping frame 1403636709.7135556
Dropping frame 1403636709.9135554
Dropping frame 1403636710.1135554
Dropping frame 1403636710.3135555
Dropping frame 1403636711.4135554
Dropping frame 1403636711.6135554
Dropping frame 1403636711.8135555
Dropping frame 1403636711.9135554
Dropping frame 1403636712.1135554
Dropping frame 1403636712.3135555
Dropping frame 1403636712.4135554
Dropping frame 1403636712.5635555
Dropping frame 1403636712.7635555
Dropping frame 1403636712.9635556
Dropping frame 1403636713.1635556
Dropping frame 1403636713.2635555
Dropping frame 1403636713.8635557
Dropping frame 1403636713.9635556
Dropping frame 1403636714.2635555
Dropping frame 1403636714.4635556
Dropping frame 1403636714.7635555
Dropping frame 1403636715.1135554
Dropping frame 1403636715.2135556
Dropping frame 1403636715.4135554
Dropping frame 1403636715.5135555
Dropping frame 1403636715.8135555
Dropping frame 1403636716.0135555
Dropping frame 1403636716.1635556
Dropping frame 1403636716.5135555
Dropping frame 1403636716.8135555
Dropping frame 1403636717.0135555
Dropping frame 1403636717.2635555
Dropping frame 1403636717.4635556
Dropping frame 1403636717.6635556
Dropping frame 1403636717.7635555
Dropping frame 1403636718.0135555
Dropping frame 1403636718.2635555
Dropping frame 1403636718.4635556
Dropping frame 1403636718.6635556
Dropping frame 1403636718.7635555
Dropping frame 1403636718.9635556
Dropping frame 1403636719.0635555
Dropping frame 1403636719.3135555
Dropping frame 1403636719.5135555
Dropping frame 1403636719.6135554
Dropping frame 1403636719.9135554
Dropping frame 1403636720.0135555
Dropping frame 1403636720.2135556
Dropping frame 1403636720.3635557
Dropping frame 1403636720.4635556
Dropping frame 1403636721.6135554
Dropping frame 1403636722.0635555
Dropping frame 1403636722.1635556
Dropping frame 1403636722.3635557
Dropping frame 1403636722.4635556
Dropping frame 1403636722.5635555
Dropping frame 1403636722.6635556
Dropping frame 1403636722.7635555
Dropping frame 1403636722.9635556
Dropping frame 1403636723.1635556
Dropping frame 1403636723.2635555
Dropping frame 1403636723.3635557
Dropping frame 1403636723.5635555
Dropping frame 1403636723.7635555
Dropping frame 1403636723.9135554
Dropping frame 1403636724.0135555
Dropping frame 1403636724.2135556
Dropping frame 1403636724.3635557
Dropping frame 1403636724.4635556
Dropping frame 1403636724.6635556
Dropping frame 1403636724.8635557
Dropping frame 1403636724.9635556
Dropping frame 1403636725.1635556
Dropping frame 1403636725.2635555
Dropping frame 1403636725.4135554
Dropping frame 1403636725.5635555
Dropping frame 1403636725.6635556
Dropping frame 1403636725.8635557
Dropping frame 1403636726.0635555
Dropping frame 1403636726.2635555
Dropping frame 1403636726.3635557
Dropping frame 1403636726.4635556
Dropping frame 1403636726.5635555
Dropping frame 1403636726.6635556
Dropping frame 1403636726.7635555
Dropping frame 1403636726.9635556
Dropping frame 1403636727.1635556
Dropping frame 1403636727.2635555
Dropping frame 1403636727.4635556
Dropping frame 1403636727.5635555
Dropping frame 1403636727.6635556
Dropping frame 1403636727.8635557
Dropping frame 1403636727.9635556
Dropping frame 1403636728.0635555
Dropping frame 1403636728.1635556
Dropping frame 1403636728.3635557
Dropping frame 1403636728.5635555
Dropping frame 1403636728.7635555
Dropping frame 1403636728.8635557
Dropping frame 1403636728.9635556
Dropping frame 1403636729.0635555
Dropping frame 1403636729.1635556
Dropping frame 1403636729.2635555
Dropping frame 1403636729.3635557
Dropping frame 1403636729.5635555
Dropping frame 1403636729.7635555
Dropping frame 1403636729.8635557
Dropping frame 1403636729.9635556
Dropping frame 1403636730.1635556
Dropping frame 1403636730.2635555
Dropping frame 1403636730.3635557
Dropping frame 1403636730.4635556
Dropping frame 1403636730.5635555
Dropping frame 1403636730.8135555
Dropping frame 1403636730.9135554
Dropping frame 1403636731.0135555
Dropping frame 1403636731.2135556
Dropping frame 1403636731.3135555
Dropping frame 1403636731.4135554
Dropping frame 1403636731.6635556
Dropping frame 1403636731.8635557
Dropping frame 1403636731.9635556
Dropping frame 1403636732.0635555
Dropping frame 1403636732.2635555
Dropping frame 1403636732.3635557
Dropping frame 1403636732.4635556
Dropping frame 1403636732.6635556
Dropping frame 1403636732.8635557
Dropping frame 1403636733.0635555
Dropping frame 1403636733.2635555
Dropping frame 1403636733.4635556
Dropping frame 1403636733.6635556
Dropping frame 1403636733.7635555
Dropping frame 1403636733.8635557
Dropping frame 1403636733.9635556
Dropping frame 1403636734.0635555
Dropping frame 1403636734.2635555
Dropping frame 1403636734.3635557
Dropping frame 1403636734.4635556
Dropping frame 1403636734.5635555
Dropping frame 1403636734.7635555
Dropping frame 1403636734.9635556
Dropping frame 1403636735.1635556
Dropping frame 1403636735.3635557
Dropping frame 1403636735.4635556
Dropping frame 1403636735.5635555
Dropping frame 1403636735.7635555
Dropping frame 1403636735.9635556
Dropping frame 1403636736.1635556
Dropping frame 1403636736.2635555
Dropping frame 1403636736.3635557
Dropping frame 1403636736.5635555
Dropping frame 1403636736.7635555
Dropping frame 1403636736.9635556
Dropping frame 1403636737.0635555
Dropping frame 1403636737.2635555
Dropping frame 1403636737.3635557
Dropping frame 1403636737.4635556
Dropping frame 1403636737.6635556
Dropping frame 1403636737.8635557
Dropping frame 1403636738.0635555
Dropping frame 1403636738.2635555
Dropping frame 1403636738.4635556
Dropping frame 1403636738.6635556
Dropping frame 1403636738.7635555
Dropping frame 1403636738.8635557
Dropping frame 1403636738.9635556
Dropping frame 1403636739.1635556
Dropping frame 1403636739.3635557
Dropping frame 1403636739.4635556
Dropping frame 1403636739.5635555
Dropping frame 1403636739.6635556
Dropping frame 1403636739.7635555
Dropping frame 1403636739.9635556
Dropping frame 1403636740.0635555
Dropping frame 1403636740.1635556
Dropping frame 1403636740.3635557
Dropping frame 1403636740.5635555
Dropping frame 1403636740.7635555
Dropping frame 1403636740.9635556
Dropping frame 1403636741.0635555
Dropping frame 1403636741.2635555
Dropping frame 1403636741.3635557
Dropping frame 1403636741.4635556
Dropping frame 1403636741.5635555
Dropping frame 1403636741.7635555
Dropping frame 1403636741.9635556
Dropping frame 1403636742.1635556
Dropping frame 1403636742.3635557
Dropping frame 1403636742.5635555
Dropping frame 1403636742.7635555
Dropping frame 1403636742.8635557
Dropping frame 1403636742.9635556
Dropping frame 1403636743.0635555
Dropping frame 1403636743.1635556
Dropping frame 1403636743.3135555
Dropping frame 1403636743.4135554
Dropping frame 1403636743.6135554
Dropping frame 1403636743.8135555
Dropping frame 1403636744.0135555
Dropping frame 1403636744.2135556
Dropping frame 1403636744.4135554
Dropping frame 1403636744.5135555
Dropping frame 1403636744.7135556
Dropping frame 1403636744.9635556
Dropping frame 1403636745.0635555
Dropping frame 1403636745.1635556
Dropping frame 1403636745.3635557
Dropping frame 1403636745.5635555
Dropping frame 1403636745.6635556
Dropping frame 1403636745.7635555
Dropping frame 1403636745.9635556
Dropping frame 1403636746.1635556
Dropping frame 1403636746.3635557
Dropping frame 1403636746.5635555
Dropping frame 1403636746.6635556
Dropping frame 1403636746.7635555
Dropping frame 1403636746.9635556
Dropping frame 1403636747.1635556
Dropping frame 1403636747.3635557
Dropping frame 1403636747.4635556
Dropping frame 1403636747.6635556
Dropping frame 1403636747.7635555
Dropping frame 1403636747.9635556
Dropping frame 1403636748.1635556
Dropping frame 1403636748.3635557
Dropping frame 1403636748.4635556
Dropping frame 1403636748.5635555
Dropping frame 1403636748.7635555
Dropping frame 1403636748.9635556
Dropping frame 1403636749.1635556
Dropping frame 1403636749.3635557
Dropping frame 1403636749.5635555
Dropping frame 1403636749.7635555
Dropping frame 1403636749.8635557
Dropping frame 1403636750.1135554
Dropping frame 1403636750.3135555
Dropping frame 1403636750.4135554
Dropping frame 1403636750.5135555
Dropping frame 1403636750.7135556
Dropping frame 1403636750.9135554
Dropping frame 1403636751.0135555
Dropping frame 1403636751.1135554
Dropping frame 1403636751.3135555
Dropping frame 1403636751.5135555
Dropping frame 1403636751.7135556
Dropping frame 1403636751.8135555
Dropping frame 1403636751.9135554
Dropping frame 1403636752.1135554
Dropping frame 1403636752.3135555
Dropping frame 1403636752.5135555
Dropping frame 1403636752.7135556
Dropping frame 1403636752.8135555
Dropping frame 1403636752.9135554
Dropping frame 1403636753.0135555
Dropping frame 1403636753.1135554
Dropping frame 1403636753.3635557
Dropping frame 1403636753.5635555
Dropping frame 1403636753.6635556
Dropping frame 1403636753.7635555
Dropping frame 1403636753.8635557
Dropping frame 1403636754.0135555
Dropping frame 1403636754.2135556
Dropping frame 1403636754.4135554
Dropping frame 1403636754.5135555
Dropping frame 1403636754.7135556
Dropping frame 1403636754.8635557
Dropping frame 1403636754.9635556
Dropping frame 1403636755.0635555
Dropping frame 1403636755.1635556
Dropping frame 1403636755.3635557
Dropping frame 1403636755.5635555
Dropping frame 1403636755.7635555
Dropping frame 1403636755.8635557
Dropping frame 1403636756.0635555
Dropping frame 1403636756.1635556
Dropping frame 1403636756.2635555
Dropping frame 1403636756.3635557
Dropping frame 1403636756.5635555
Dropping frame 1403636756.7635555
Dropping frame 1403636756.9635556
Dropping frame 1403636757.0635555
Dropping frame 1403636757.1635556
Dropping frame 1403636757.3635557
Dropping frame 1403636757.4635556
Dropping frame 1403636757.7135556
Dropping frame 1403636757.9135554
Dropping frame 1403636758.0135555
Dropping frame 1403636758.2135556
Dropping frame 1403636758.3635557
Dropping frame 1403636758.4635556
Dropping frame 1403636758.5635555
Dropping frame 1403636758.7635555
Dropping frame 1403636758.9635556
Dropping frame 1403636759.0635555
Dropping frame 1403636759.2635555
Dropping frame 1403636759.3635557
Dropping frame 1403636759.5135555
Dropping frame 1403636759.7135556
Dropping frame 1403636759.9135554
Dropping frame 1403636760.1135554
Dropping frame 1403636760.2135556
Dropping frame 1403636760.3135555
Dropping frame 1403636760.4135554
Dropping frame 1403636760.6135554
Dropping frame 1403636760.8135555
Dropping frame 1403636761.0135555
Dropping frame 1403636761.1135554
Dropping frame 1403636761.2635555
Dropping frame 1403636761.3635557
Dropping frame 1403636761.5635555
Dropping frame 1403636761.6635556
Dropping frame 1403636761.8635557
Dropping frame 1403636762.0635555
Dropping frame 1403636762.2635555
Dropping frame 1403636762.4635556
Dropping frame 1403636762.5635555
Dropping frame 1403636762.7635555
Dropping frame 1403636762.8635557
Dropping frame 1403636762.9635556
Fail to track local map!
Fail to track local map!
Fail to track local map!
Dropping frame 1403636763.1635556
Fail to track local map!
Dropping frame 1403636763.3635557
Dropping frame 1403636763.5635555
Dropping frame 1403636763.6635556
Dropping frame 1403636763.7635555
Shutdown
SLAM Finished at System Time: 1734512806.54774

 TIME STATS in ms (mean$\pm$std)
OpenCV version: 4.8.1
---------------------------
Tracking

ORB Extraction: 21.109$\pm$1.9368
Stereo Matching: 7.2503$\pm$1.9191
IMU Preintegration: 0.25869$\pm$0.10039
Pose Prediction: 0.21226$\pm$0.58768
LM Track: 20.965$\pm$6.2883
New KF decision: 1.1374$\pm$2.1388
Total Tracking: 33.013$\pm$28.421



Local Mapping

KF Insertion: 19.193$\pm$8.178
MP Culling: 0.52894$\pm$0.21323
MP Creation: 52.396$\pm$16.964
LBA: 165.42$\pm$56.529
KF Culling: 18.775$\pm$12.135
Total Local Mapping: 256.06$\pm$83.256
---------------------------

LBA complexity (mean$\pm$std)
LBA Edges: 1961.6$\pm$820.07
LBA KF optimized: 6.5$\pm$2.2913
LBA KF fixed: 1$\pm$0
LBA MP: nan$\pm$nan

LBA executions: 528
LBA aborts: 0
---------------------------

Map complexity
KFs in map: 133
MPs in map: 9556
---------------------------

Place Recognition (mean$\pm$std)
Database Query: 1.6468$\pm$0.98468
SE3 estimation: 13.433$\pm$18.022
Total Place Recognition: 13.845$\pm$18.371


Loop Closing (mean$\pm$std)
Loop Fusion: nan$\pm$nan
Essential Graph: nan$\pm$nan
Total Loop Closing: nan$\pm$nan

Num exec: 0
Number of KFs: nan$\pm$nan

Map Merging (mean$\pm$std)
Merge Maps: nan$\pm$nan
Welding BA: nan$\pm$nan
Optimization Ess.: nan$\pm$nan
Total Map Merging: nan$\pm$nan

Num exec: 0
Number of KFs: nan$\pm$nan
Number of MPs: nan$\pm$nan

Full GBA (mean$\pm$std)
GBA: nan$\pm$nan
Map Update: nan$\pm$nan
Total Full GBA: nan$\pm$nan

Num exec: 0
Num abort: 0
Number of KFs: nan$\pm$nan
Number of MPs: nan$\pm$nan

Saving trajectory to f_dataset-MH01_stereo_imu.txt ...
There are 1 maps in the atlas
  Map 0 has 133 KFs

End of saving trajectory to f_dataset-MH01_stereo_imu.txt ...

Saving keyframe trajectory to kf_dataset-MH01_stereo_imu.txt ...
