num_seq = 1
file name: dataset-MH01_stereo_imu
Loading images for sequence 0...LOADED!
Loading IMU for sequence 0...LOADED!

-------

ORB-SLAM3 Copyright (C) 2017-2020 Carlos Campos, Richard Elvira, Juan J. Gómez, José M.M. Montiel and Juan D. Tardós, University of Zaragoza.
ORB-SLAM2 Copyright (C) 2014-2016 Raúl Mur-Artal, José M.M. Montiel and Juan D. Tardós, University of Zaragoza.
This program comes with ABSOLUTELY NO WARRANTY;
This is free software, and you are welcome to redistribute it
under certain conditions. See LICENSE.txt.

Built with REGISTER_TIMES
Git Commit Hash: 42e930e

Compiled with C++ version: 201703

Input sensor was set to: Stereo-Inertial
Loading settings from ./Examples/Stereo-Inertial/EuRoC_fov_deadlines_mask_6x6.yaml
	-Loaded camera 1
	-Loaded camera 2
	-Loaded image info
	-Loaded IMU calibration
	-Loaded ORB settings
	-Loaded viewer settings
	-Loaded Atlas settings
Deadlines enabled, will skip frames!
FOV enabled
Static mask size: 6x6
Dumping map points enabled
	-Loaded misc parameters
	-Computed rectification maps
----------------------------------
SLAM settings: 
	-Camera 1 parameters (Pinhole): [ 458.65399169921875 457.29598999023438 367.21499633789062 248.375 ]
	-Camera 1 distortion parameters: [  -0.28340810537338257 0.073959067463874817 0.00019359000725671649 1.7618711353861727e-05 ]
	-Camera 2 parameters (Pinhole: [ 457.58700561523438 456.13400268554688 379.99899291992188 255.23800659179688 ]
	-Camera 1 distortion parameters: [  -0.2836836576461792 0.074512839317321777 -0.00010473000293131918 -3.555907096597366e-05 ]
	-Original image size: [ 752 , 480 ]
	-Current image size: [ 752 , 480 ]
	-Camera 1 parameters after rectification: [  456.71499633789062 456.71499633789062 364.52615356445312 257.268798828125 ]
	-Sequence FPS: 20
	-Stereo baseline: 0.11007784307003021
	-Stereo depth threshold : 60
	-Gyro noise: 0.00016999999934341758
	-Accelerometer noise: 0.0020000000949949026
	-Gyro walk: 1.9392999092815444e-05
	-Accelerometer walk: 0.0030000000260770321
	-IMU frequency: 200
	-Features per image: 1200
	-ORB scale factor: 1.2000000476837158
	-ORB number of scales: 8
	-Initial FAST threshold: 20
	-Min FAST threshold: 7


Loading ORB Vocabulary. This could take a while...
Vocabulary loaded!

Initialization of Atlas from scratch 
Creation of new map with id: 0
Creation of new map with last KF id: 0
Seq. Name: 
There are 1 cameras in the atlas
Camera 0 is pinhole
SLAM Started at System Time: 1734507398.0777
not IMU meas
not IMU meas
not enough acceleration
not enough acceleration
First KF:0; Map init KF:0
New Map created with 549 points
Active map: 0
Dropping frame 1403636580.0135555
Dropping frame 1403636580.2135556
Dropping frame 1403636580.5135555
Dropping frame 1403636581.4135554
Dropping frame 1403636581.7135556
Dropping frame 1403636581.9635556
Dropping frame 1403636582.1135554
Dropping frame 1403636582.2135556
Dropping frame 1403636582.4635556
Dropping frame 1403636582.5635555
Dropping frame 1403636582.9135554
Dropping frame 1403636583.7135556
Dropping frame 1403636583.8135555
Dropping frame 1403636584.0135555
Dropping frame 1403636584.2635555
Dropping frame 1403636584.4635556
Dropping frame 1403636584.5635555
Dropping frame 1403636584.8635557
Dropping frame 1403636584.9635556
start VIBA 1
end VIBA 1
Dropping frame 1403636586.1635556
Dropping frame 1403636586.3635557
Dropping frame 1403636586.5635555
Dropping frame 1403636586.7135556
Dropping frame 1403636586.8135555
Dropping frame 1403636587.0635555
Dropping frame 1403636587.2635555
Dropping frame 1403636587.3635557
Dropping frame 1403636587.4635556
Dropping frame 1403636587.6635556
Dropping frame 1403636588.7135556
Dropping frame 1403636589.2635555
Dropping frame 1403636589.3635557
Dropping frame 1403636589.7135556
Dropping frame 1403636589.8635557
Dropping frame 1403636590.1135554
Dropping frame 1403636590.5635555
Dropping frame 1403636590.7635555
Dropping frame 1403636591.0635555
Dropping frame 1403636591.6135554
Dropping frame 1403636592.2635555
Dropping frame 1403636592.9135554
Dropping frame 1403636594.5135555
Dropping frame 1403636595.1635556
Dropping frame 1403636595.2635555
start VIBA 2
end VIBA 2
Dropping frame 1403636595.8635557
Dropping frame 1403636595.9635556
Dropping frame 1403636596.2635555
Dropping frame 1403636596.5135555
Dropping frame 1403636596.8635557
Dropping frame 1403636597.5135555
Dropping frame 1403636598.6635556
Dropping frame 1403636600.9135554
Dropping frame 1403636601.1635556
Dropping frame 1403636601.6635556
Dropping frame 1403636602.1635556
Dropping frame 1403636602.3135555
Dropping frame 1403636604.1135554
Dropping frame 1403636607.8635557
Dropping frame 1403636613.7635555
Dropping frame 1403636617.1135554
Dropping frame 1403636620.0135555
Dropping frame 1403636623.3135555
Dropping frame 1403636626.1135554
Dropping frame 1403636631.8635557
Dropping frame 1403636632.1135554
Dropping frame 1403636632.4635556
Dropping frame 1403636632.8135555
Dropping frame 1403636633.1135554
Dropping frame 1403636633.6635556
Dropping frame 1403636634.1135554
Dropping frame 1403636634.2635555
Dropping frame 1403636634.7635555
Dropping frame 1403636635.0135555
Dropping frame 1403636635.1635556
Dropping frame 1403636635.4635556
Dropping frame 1403636635.9635556
Dropping frame 1403636637.2135556
Dropping frame 1403636637.6135554
Dropping frame 1403636637.8635557
Dropping frame 1403636638.4135554
Dropping frame 1403636638.5135555
Dropping frame 1403636638.6135554
Dropping frame 1403636638.9135554
Dropping frame 1403636639.0635555
Dropping frame 1403636639.1635556
Dropping frame 1403636639.2635555
Dropping frame 1403636639.4635556
Dropping frame 1403636639.5635555
Dropping frame 1403636639.7135556
Dropping frame 1403636639.9135554
Dropping frame 1403636640.0135555
Dropping frame 1403636640.1635556
Dropping frame 1403636640.4635556
Dropping frame 1403636640.5635555
Dropping frame 1403636640.6635556
Dropping frame 1403636640.7635555
Dropping frame 1403636640.8635557
Dropping frame 1403636641.1135554
Dropping frame 1403636641.2135556
Dropping frame 1403636641.3135555
Dropping frame 1403636641.6135554
Dropping frame 1403636641.9635556
Dropping frame 1403636642.1635556
Dropping frame 1403636642.3635557
Dropping frame 1403636642.4635556
Dropping frame 1403636642.8135555
Dropping frame 1403636643.0135555
Dropping frame 1403636643.1135554
Dropping frame 1403636643.3135555
Dropping frame 1403636643.4135554
Dropping frame 1403636643.5135555
Dropping frame 1403636643.6135554
Dropping frame 1403636643.7635555
Dropping frame 1403636643.9635556
Dropping frame 1403636644.1635556
Dropping frame 1403636644.2635555
Dropping frame 1403636644.3635557
Dropping frame 1403636644.6135554
Dropping frame 1403636644.8635557
Dropping frame 1403636645.2635555
Dropping frame 1403636645.3635557
Dropping frame 1403636645.6135554
Dropping frame 1403636645.9635556
Dropping frame 1403636646.9135554
Dropping frame 1403636647.0135555
Dropping frame 1403636647.4135554
Dropping frame 1403636647.5135555
Dropping frame 1403636647.6135554
Dropping frame 1403636648.0135555
Dropping frame 1403636648.3635557
Dropping frame 1403636648.6135554
Dropping frame 1403636649.0635555
Dropping frame 1403636649.2635555
Dropping frame 1403636649.4635556
Dropping frame 1403636649.6135554
Dropping frame 1403636649.7135556
Dropping frame 1403636649.8135555
Dropping frame 1403636650.2135556
Dropping frame 1403636650.4135554
Dropping frame 1403636650.6135554
Dropping frame 1403636650.7635555
Dropping frame 1403636650.9635556
Dropping frame 1403636651.1635556
Dropping frame 1403636651.4135554
Dropping frame 1403636651.5135555
Dropping frame 1403636651.6135554
Dropping frame 1403636651.9635556
Dropping frame 1403636652.2135556
Dropping frame 1403636652.3135555
Dropping frame 1403636652.4135554
Dropping frame 1403636652.5135555
Dropping frame 1403636652.9135554
Dropping frame 1403636653.1135554
Dropping frame 1403636653.3135555
Dropping frame 1403636653.5135555
Dropping frame 1403636653.6135554
Dropping frame 1403636653.9135554
Dropping frame 1403636654.1135554
Dropping frame 1403636654.3135555
Dropping frame 1403636654.4135554
Dropping frame 1403636654.5135555
Dropping frame 1403636654.6635556
Dropping frame 1403636654.8635557
Dropping frame 1403636654.9635556
Dropping frame 1403636655.0635555
Dropping frame 1403636655.2635555
Dropping frame 1403636655.4635556
Dropping frame 1403636655.7635555
Dropping frame 1403636655.8635557
Dropping frame 1403636655.9635556
Dropping frame 1403636656.3135555
Dropping frame 1403636656.4135554
Dropping frame 1403636656.5135555
Dropping frame 1403636656.6635556
Dropping frame 1403636657.1635556
Dropping frame 1403636657.3635557
Dropping frame 1403636657.4635556
Dropping frame 1403636657.5635555
Dropping frame 1403636657.7635555
Dropping frame 1403636657.9635556
Dropping frame 1403636658.1635556
Dropping frame 1403636658.3635557
Dropping frame 1403636658.4635556
Dropping frame 1403636658.9635556
Dropping frame 1403636659.2135556
Dropping frame 1403636659.4135554
Dropping frame 1403636660.5135555
Dropping frame 1403636660.7135556
Dropping frame 1403636660.9635556
Dropping frame 1403636661.2635555
Dropping frame 1403636661.3635557
Dropping frame 1403636661.6135554
Dropping frame 1403636661.8135555
Dropping frame 1403636661.9135554
Dropping frame 1403636662.0135555
Dropping frame 1403636662.2635555
Dropping frame 1403636662.8635557
Dropping frame 1403636663.0635555
Dropping frame 1403636663.2635555
Dropping frame 1403636663.4135554
Dropping frame 1403636663.5135555
Dropping frame 1403636663.7135556
Dropping frame 1403636663.9135554
Dropping frame 1403636664.1135554
Dropping frame 1403636664.3135555
Dropping frame 1403636664.4135554
Dropping frame 1403636664.5135555
Dropping frame 1403636664.9135554
Dropping frame 1403636665.1135554
Dropping frame 1403636665.4135554
Dropping frame 1403636665.5135555
Dropping frame 1403636665.8135555
Dropping frame 1403636665.9635556
Dropping frame 1403636666.0635555
Dropping frame 1403636666.4635556
Dropping frame 1403636666.5635555
Dropping frame 1403636666.6635556
Dropping frame 1403636666.8635557
Dropping frame 1403636667.1635556
Dropping frame 1403636667.2635555
Dropping frame 1403636667.4635556
Dropping frame 1403636667.6635556
Dropping frame 1403636667.8635557
Dropping frame 1403636668.0135555
Dropping frame 1403636668.1135554
Dropping frame 1403636668.2135556
Dropping frame 1403636668.5135555
Dropping frame 1403636668.6135554
Dropping frame 1403636668.8635557
Dropping frame 1403636669.1635556
Dropping frame 1403636669.4135554
Dropping frame 1403636669.5135555
Dropping frame 1403636670.3135555
Dropping frame 1403636670.5135555
Dropping frame 1403636670.9635556
Dropping frame 1403636671.4635556
Dropping frame 1403636671.6635556
Dropping frame 1403636671.8635557
Dropping frame 1403636672.0635555
Dropping frame 1403636672.6135554
Dropping frame 1403636672.8635557
Dropping frame 1403636672.9635556
Dropping frame 1403636673.4635556
Dropping frame 1403636673.6635556
Dropping frame 1403636674.0635555
Dropping frame 1403636674.6135554
Dropping frame 1403636674.9635556
Dropping frame 1403636675.0635555
Dropping frame 1403636675.2635555
Dropping frame 1403636675.7135556
Dropping frame 1403636676.1635556
Dropping frame 1403636676.2635555
Dropping frame 1403636676.8635557
Dropping frame 1403636677.2135556
Dropping frame 1403636677.3135555
Dropping frame 1403636677.7135556
Dropping frame 1403636677.9135554
Dropping frame 1403636678.1135554
Dropping frame 1403636678.3635557
Dropping frame 1403636679.2135556
Dropping frame 1403636679.4135554
Dropping frame 1403636679.6135554
Dropping frame 1403636679.9135554
Dropping frame 1403636680.2135556
Dropping frame 1403636680.7635555
Dropping frame 1403636680.9635556
Dropping frame 1403636681.1635556
Dropping frame 1403636681.6135554
Dropping frame 1403636681.9635556
Dropping frame 1403636682.0635555
Dropping frame 1403636682.5635555
Dropping frame 1403636683.2635555
Dropping frame 1403636683.5635555
Dropping frame 1403636683.8635557
Dropping frame 1403636683.9635556
Dropping frame 1403636684.2635555
Dropping frame 1403636684.4135554
Dropping frame 1403636684.7135556
Dropping frame 1403636685.2135556
Dropping frame 1403636685.3135555
Dropping frame 1403636685.7135556
Dropping frame 1403636685.9135554
Dropping frame 1403636686.0635555
Dropping frame 1403636686.3135555
Dropping frame 1403636686.4635556
Dropping frame 1403636687.0635555
Dropping frame 1403636687.3635557
Dropping frame 1403636687.6635556
Dropping frame 1403636688.0635555
Dropping frame 1403636688.2135556
Dropping frame 1403636688.4135554
Dropping frame 1403636688.7135556
Dropping frame 1403636690.8135555
Dropping frame 1403636691.5135555
Dropping frame 1403636692.0135555
Dropping frame 1403636692.4135554
Dropping frame 1403636692.6635556
Dropping frame 1403636693.0635555
Dropping frame 1403636693.2635555
Dropping frame 1403636693.3635557
Dropping frame 1403636693.6635556
Dropping frame 1403636693.7635555
Dropping frame 1403636694.2135556
Dropping frame 1403636694.3135555
Dropping frame 1403636694.6635556
Dropping frame 1403636694.8635557
Dropping frame 1403636694.9635556
Dropping frame 1403636695.3135555
Dropping frame 1403636695.5135555
Dropping frame 1403636695.8635557
Dropping frame 1403636696.2635555
Dropping frame 1403636696.6135554
Dropping frame 1403636696.8135555
Dropping frame 1403636696.9135554
Dropping frame 1403636697.0135555
Dropping frame 1403636697.8135555
Dropping frame 1403636697.9135554
Dropping frame 1403636698.0135555
Dropping frame 1403636698.2135556
Dropping frame 1403636698.3135555
Dropping frame 1403636698.6135554
Dropping frame 1403636698.9135554
Dropping frame 1403636699.0635555
Dropping frame 1403636699.2635555
Dropping frame 1403636699.5635555
Dropping frame 1403636699.6635556
Dropping frame 1403636699.7635555
Dropping frame 1403636699.9635556
Dropping frame 1403636700.0635555
Dropping frame 1403636700.1635556
Dropping frame 1403636700.3635557
Dropping frame 1403636700.4635556
Dropping frame 1403636700.5635555
Dropping frame 1403636700.7635555
Dropping frame 1403636700.8635557
Dropping frame 1403636700.9635556
Dropping frame 1403636701.0635555
Dropping frame 1403636701.2635555
Dropping frame 1403636701.6135554
Dropping frame 1403636701.7135556
Dropping frame 1403636701.8135555
Dropping frame 1403636701.9135554
Dropping frame 1403636702.1135554
Dropping frame 1403636702.3135555
Dropping frame 1403636702.4135554
Dropping frame 1403636702.5135555
Dropping frame 1403636702.6135554
Dropping frame 1403636702.7135556
Dropping frame 1403636702.8635557
Dropping frame 1403636703.0135555
Dropping frame 1403636703.2135556
Dropping frame 1403636703.3635557
Dropping frame 1403636703.5635555
Dropping frame 1403636703.6635556
Dropping frame 1403636703.7635555
Dropping frame 1403636703.9635556
Dropping frame 1403636704.2135556
Dropping frame 1403636704.3135555
Dropping frame 1403636704.4135554
Dropping frame 1403636704.5135555
Dropping frame 1403636704.6135554
Dropping frame 1403636704.9135554
Dropping frame 1403636705.6635556
Dropping frame 1403636705.7635555
Dropping frame 1403636705.8635557
Dropping frame 1403636706.0635555
Dropping frame 1403636706.1635556
Dropping frame 1403636706.3135555
Dropping frame 1403636706.5135555
Dropping frame 1403636706.6135554
Dropping frame 1403636706.8635557
Dropping frame 1403636706.9635556
Dropping frame 1403636707.0635555
Dropping frame 1403636707.4635556
Dropping frame 1403636707.6635556
Dropping frame 1403636707.7635555
Dropping frame 1403636707.8635557
Dropping frame 1403636707.9635556
Dropping frame 1403636708.0635555
Dropping frame 1403636708.3135555
Dropping frame 1403636708.4635556
Dropping frame 1403636708.6635556
Dropping frame 1403636708.7635555
Dropping frame 1403636708.9135554
Dropping frame 1403636709.0135555
Dropping frame 1403636709.1135554
Dropping frame 1403636709.3135555
Dropping frame 1403636709.5135555
Dropping frame 1403636709.6135554
Dropping frame 1403636709.7635555
Dropping frame 1403636709.9635556
Dropping frame 1403636710.1635556
Dropping frame 1403636710.3135555
Dropping frame 1403636710.5135555
Dropping frame 1403636710.8135555
Dropping frame 1403636710.9135554
Dropping frame 1403636711.0135555
Dropping frame 1403636711.1135554
Dropping frame 1403636711.3135555
Dropping frame 1403636711.4135554
Dropping frame 1403636711.5135555
Dropping frame 1403636711.6635556
Dropping frame 1403636711.7635555
Dropping frame 1403636711.8635557
Dropping frame 1403636712.0635555
Dropping frame 1403636712.1635556
Dropping frame 1403636712.2635555
Dropping frame 1403636712.3635557
Dropping frame 1403636712.7135556
Dropping frame 1403636712.8135555
Dropping frame 1403636713.0635555
Dropping frame 1403636713.1635556
Dropping frame 1403636713.2635555
Dropping frame 1403636713.4635556
Dropping frame 1403636713.5635555
Dropping frame 1403636713.6635556
Dropping frame 1403636713.9635556
Dropping frame 1403636714.0635555
Dropping frame 1403636714.4135554
Dropping frame 1403636714.5135555
Dropping frame 1403636714.6135554
Dropping frame 1403636715.0135555
Dropping frame 1403636715.2135556
Dropping frame 1403636715.3135555
Dropping frame 1403636715.4135554
Dropping frame 1403636715.6135554
Dropping frame 1403636715.7135556
Dropping frame 1403636715.9635556
Dropping frame 1403636716.0635555
Dropping frame 1403636716.2635555
Dropping frame 1403636716.4135554
Dropping frame 1403636716.6635556
Dropping frame 1403636716.7635555
Dropping frame 1403636716.8635557
Dropping frame 1403636716.9635556
Dropping frame 1403636717.2635555
Dropping frame 1403636717.4635556
Dropping frame 1403636717.5635555
Dropping frame 1403636717.7135556
Dropping frame 1403636717.8135555
Dropping frame 1403636718.0635555
Dropping frame 1403636718.2635555
Dropping frame 1403636718.3635557
Dropping frame 1403636718.4635556
Dropping frame 1403636718.5635555
Dropping frame 1403636718.7635555
Dropping frame 1403636718.9635556
Dropping frame 1403636719.3135555
Dropping frame 1403636719.4135554
Dropping frame 1403636719.5135555
Dropping frame 1403636719.6135554
Dropping frame 1403636719.8635557
Dropping frame 1403636719.9635556
Dropping frame 1403636720.1135554
Dropping frame 1403636720.3635557
Dropping frame 1403636720.5635555
Dropping frame 1403636720.6635556
Dropping frame 1403636720.7635555
Dropping frame 1403636720.8635557
Dropping frame 1403636721.1135554
Dropping frame 1403636721.2135556
Dropping frame 1403636721.4135554
Dropping frame 1403636721.5135555
Dropping frame 1403636721.6135554
Dropping frame 1403636721.7135556
Dropping frame 1403636721.8135555
Dropping frame 1403636722.0135555
Dropping frame 1403636722.1135554
Dropping frame 1403636722.2135556
Dropping frame 1403636722.5135555
Dropping frame 1403636722.7635555
Dropping frame 1403636722.9635556
Dropping frame 1403636723.0635555
Dropping frame 1403636723.1635556
Dropping frame 1403636723.2635555
Dropping frame 1403636723.6135554
Dropping frame 1403636723.7135556
Dropping frame 1403636723.8135555
Dropping frame 1403636724.0135555
Dropping frame 1403636724.1135554
Dropping frame 1403636724.3135555
Dropping frame 1403636724.4135554
Dropping frame 1403636724.5135555
Dropping frame 1403636724.7635555
Dropping frame 1403636724.8635557
Dropping frame 1403636725.7135556
Dropping frame 1403636725.8135555
Dropping frame 1403636725.9135554
Dropping frame 1403636726.0635555
Dropping frame 1403636726.2635555
Dropping frame 1403636726.3635557
Dropping frame 1403636726.7135556
Dropping frame 1403636726.8135555
Dropping frame 1403636726.9135554
Dropping frame 1403636727.1635556
Dropping frame 1403636727.3635557
Dropping frame 1403636727.4635556
Dropping frame 1403636727.6635556
Dropping frame 1403636727.9635556
Dropping frame 1403636728.0635555
Dropping frame 1403636728.4135554
Dropping frame 1403636728.5135555
Dropping frame 1403636728.6135554
Dropping frame 1403636728.8135555
Dropping frame 1403636729.0635555
Dropping frame 1403636729.1635556
Dropping frame 1403636729.5135555
Dropping frame 1403636729.6135554
Dropping frame 1403636729.8635557
Dropping frame 1403636729.9635556
Dropping frame 1403636730.2135556
Dropping frame 1403636730.3135555
Dropping frame 1403636730.6135554
Dropping frame 1403636730.7135556
Dropping frame 1403636730.9635556
Dropping frame 1403636731.3135555
Dropping frame 1403636731.8135555
Dropping frame 1403636732.1635556
Dropping frame 1403636732.2635555
Dropping frame 1403636732.3635557
Dropping frame 1403636732.8635557
Dropping frame 1403636732.9635556
Dropping frame 1403636733.4135554
Dropping frame 1403636733.5135555
Dropping frame 1403636733.6135554
Dropping frame 1403636733.8635557
Dropping frame 1403636733.9635556
Dropping frame 1403636734.0635555
Dropping frame 1403636734.1635556
Dropping frame 1403636734.3135555
Dropping frame 1403636734.5635555
Dropping frame 1403636734.6635556
Dropping frame 1403636734.7635555
Dropping frame 1403636734.9635556
Dropping frame 1403636735.1635556
Dropping frame 1403636735.2635555
Dropping frame 1403636735.3635557
Dropping frame 1403636735.4635556
Dropping frame 1403636735.5635555
Dropping frame 1403636735.7635555
Dropping frame 1403636735.9635556
Dropping frame 1403636736.0635555
Dropping frame 1403636736.5635555
Dropping frame 1403636736.7635555
Dropping frame 1403636736.8635557
Dropping frame 1403636736.9635556
Dropping frame 1403636737.0635555
Dropping frame 1403636737.1635556
Dropping frame 1403636737.4635556
Dropping frame 1403636737.7135556
Dropping frame 1403636737.9135554
Dropping frame 1403636738.0135555
Dropping frame 1403636738.1135554
Dropping frame 1403636738.2135556
Dropping frame 1403636738.3135555
Dropping frame 1403636738.5635555
Dropping frame 1403636738.8635557
Dropping frame 1403636738.9635556
Dropping frame 1403636739.0635555
Dropping frame 1403636739.1635556
Dropping frame 1403636739.2635555
Dropping frame 1403636739.3635557
Dropping frame 1403636739.5635555
Dropping frame 1403636739.6635556
Dropping frame 1403636739.8135555
Dropping frame 1403636739.9635556
Dropping frame 1403636740.0635555
Dropping frame 1403636740.2635555
Dropping frame 1403636740.3635557
Dropping frame 1403636740.4635556
Dropping frame 1403636740.6135554
Dropping frame 1403636740.7135556
Dropping frame 1403636740.9135554
Dropping frame 1403636741.0135555
Dropping frame 1403636741.1135554
Dropping frame 1403636741.3135555
Dropping frame 1403636741.5135555
Dropping frame 1403636741.7135556
Dropping frame 1403636741.8135555
Dropping frame 1403636741.9135554
Dropping frame 1403636742.0135555
Dropping frame 1403636742.1135554
Dropping frame 1403636742.2135556
Dropping frame 1403636742.4135554
Dropping frame 1403636742.5135555
Dropping frame 1403636742.6135554
Dropping frame 1403636742.7635555
Dropping frame 1403636742.8635557
Dropping frame 1403636742.9635556
Dropping frame 1403636743.1635556
Dropping frame 1403636743.3635557
Dropping frame 1403636743.5635555
Dropping frame 1403636743.6635556
Dropping frame 1403636743.7635555
Dropping frame 1403636743.9635556
Dropping frame 1403636744.1635556
Dropping frame 1403636744.2635555
Dropping frame 1403636744.3635557
Dropping frame 1403636744.4635556
Dropping frame 1403636744.5635555
Dropping frame 1403636744.7635555
Dropping frame 1403636744.8635557
Dropping frame 1403636744.9635556
Dropping frame 1403636745.0635555
Dropping frame 1403636745.1635556
Dropping frame 1403636745.3635557
Dropping frame 1403636745.4635556
Dropping frame 1403636745.6635556
Dropping frame 1403636745.7635555
Dropping frame 1403636746.0135555
Dropping frame 1403636746.1635556
Dropping frame 1403636746.2635555
Dropping frame 1403636746.5135555
Dropping frame 1403636746.7135556
Dropping frame 1403636746.9135554
Dropping frame 1403636747.0135555
Dropping frame 1403636747.1135554
Dropping frame 1403636747.3135555
Dropping frame 1403636747.5135555
Dropping frame 1403636747.7135556
Dropping frame 1403636747.8135555
Dropping frame 1403636747.9135554
Dropping frame 1403636748.1135554
Dropping frame 1403636748.3135555
Dropping frame 1403636748.5135555
Dropping frame 1403636749.2635555
Dropping frame 1403636749.3635557
Dropping frame 1403636749.7635555
Dropping frame 1403636749.9135554
Dropping frame 1403636750.1135554
Dropping frame 1403636750.3135555
Dropping frame 1403636750.5135555
Dropping frame 1403636750.7135556
Dropping frame 1403636750.8135555
Dropping frame 1403636750.9135554
Dropping frame 1403636751.1135554
Dropping frame 1403636751.2135556
Dropping frame 1403636751.3135555
Dropping frame 1403636751.5135555
Dropping frame 1403636751.7135556
Dropping frame 1403636751.9135554
Dropping frame 1403636752.1135554
Dropping frame 1403636752.3135555
Dropping frame 1403636752.4135554
Dropping frame 1403636752.6135554
Dropping frame 1403636752.7135556
Dropping frame 1403636752.9135554
Dropping frame 1403636753.0135555
Dropping frame 1403636753.1135554
Dropping frame 1403636753.3135555
Dropping frame 1403636753.4135554
Dropping frame 1403636753.6135554
Dropping frame 1403636753.7135556
Dropping frame 1403636753.8135555
Dropping frame 1403636754.0135555
Dropping frame 1403636754.2135556
Dropping frame 1403636754.4135554
Dropping frame 1403636754.5135555
Dropping frame 1403636754.6135554
Dropping frame 1403636754.8135555
Dropping frame 1403636754.9135554
Dropping frame 1403636755.0135555
Dropping frame 1403636755.1135554
Dropping frame 1403636755.3135555
Dropping frame 1403636755.5135555
Dropping frame 1403636755.7135556
Dropping frame 1403636755.9135554
Dropping frame 1403636756.1135554
Dropping frame 1403636756.2135556
Dropping frame 1403636756.3135555
Dropping frame 1403636756.4135554
Dropping frame 1403636756.5135555
Dropping frame 1403636756.7135556
Dropping frame 1403636756.8135555
Dropping frame 1403636756.9635556
Dropping frame 1403636757.0635555
Dropping frame 1403636757.1635556
Dropping frame 1403636757.3135555
Dropping frame 1403636757.8135555
Dropping frame 1403636758.0135555
Dropping frame 1403636758.2135556
Dropping frame 1403636758.3635557
Dropping frame 1403636758.5635555
Dropping frame 1403636758.7635555
Dropping frame 1403636758.8635557
Dropping frame 1403636759.0635555
Dropping frame 1403636759.1635556
Dropping frame 1403636759.2635555
Dropping frame 1403636759.4635556
Dropping frame 1403636759.6635556
Dropping frame 1403636759.7635555
Dropping frame 1403636759.8635557
Dropping frame 1403636759.9635556
Dropping frame 1403636760.1635556
Dropping frame 1403636760.3635557
Dropping frame 1403636760.5635555
Dropping frame 1403636760.6635556
Dropping frame 1403636761.2135556
Dropping frame 1403636761.8635557
Dropping frame 1403636762.0635555
Dropping frame 1403636762.8635557
Dropping frame 1403636763.5635555
Dropping frame 1403636763.6635556
Shutdown
SLAM Finished at System Time: 1734507619.30623

 TIME STATS in ms (mean$\pm$std)
OpenCV version: 4.8.1
---------------------------
Tracking

ORB Extraction: 17.001$\pm$1.6855
Stereo Matching: 7.125$\pm$1.9687
IMU Preintegration: 0.27095$\pm$0.1128
Pose Prediction: 0.20587$\pm$0.62203
LM Track: 20.269$\pm$5.7831
New KF decision: 1.0212$\pm$1.9477
Total Tracking: 34.674$\pm$24.819



Local Mapping

KF Insertion: 17.307$\pm$7.825
MP Culling: 0.48979$\pm$0.19999
MP Creation: 49.047$\pm$17.543
LBA: 166.22$\pm$56.317
KF Culling: 18.61$\pm$11.962
Total Local Mapping: 251.69$\pm$81.446
---------------------------

LBA complexity (mean$\pm$std)
LBA Edges: 1935.1$\pm$838.26
LBA KF optimized: 6.5$\pm$2.2913
LBA KF fixed: 1$\pm$0
LBA MP: nan$\pm$nan

LBA executions: 560
LBA aborts: 0
---------------------------

Map complexity
KFs in map: 156
MPs in map: 12619
---------------------------

Place Recognition (mean$\pm$std)
Database Query: 1.6245$\pm$0.98064
SE3 estimation: 15.743$\pm$15.967
Total Place Recognition: 15.649$\pm$16.65


Loop Closing (mean$\pm$std)
Loop Fusion: nan$\pm$nan
Essential Graph: nan$\pm$nan
Total Loop Closing: nan$\pm$nan

Num exec: 0
Number of KFs: nan$\pm$nan

Map Merging (mean$\pm$std)
Merge Maps: nan$\pm$nan
Welding BA: nan$\pm$nan
Optimization Ess.: nan$\pm$nan
Total Map Merging: nan$\pm$nan

Num exec: 0
Number of KFs: nan$\pm$nan
Number of MPs: nan$\pm$nan

Full GBA (mean$\pm$std)
GBA: nan$\pm$nan
Map Update: nan$\pm$nan
Total Full GBA: nan$\pm$nan

Num exec: 0
Num abort: 0
Number of KFs: nan$\pm$nan
Number of MPs: nan$\pm$nan

Saving trajectory to f_dataset-MH01_stereo_imu.txt ...
There are 1 maps in the atlas
  Map 0 has 156 KFs

End of saving trajectory to f_dataset-MH01_stereo_imu.txt ...

Saving keyframe trajectory to kf_dataset-MH01_stereo_imu.txt ...
