num_seq = 1
file name: dataset-MH02_stereo_imu
Loading images for sequence 0...LOADED!
Loading IMU for sequence 0...LOADED!

-------

ORB-SLAM3 Copyright (C) 2017-2020 Carlos Campos, Richard Elvira, Juan J. Gómez, José M.M. Montiel and Juan D. Tardós, University of Zaragoza.
ORB-SLAM2 Copyright (C) 2014-2016 Raúl Mur-Artal, José M.M. Montiel and Juan D. Tardós, University of Zaragoza.
This program comes with ABSOLUTELY NO WARRANTY;
This is free software, and you are welcome to redistribute it
under certain conditions. See LICENSE.txt.

Built with REGISTER_TIMES
Git Commit Hash: 5ee9387

Compiled with C++ version: 201703

Input sensor was set to: Stereo-Inertial
Loading settings from ./Examples/Stereo-Inertial/EuRoC_fov_deadlines_mask_5x5.yaml
	-Loaded camera 1
	-Loaded camera 2
	-Loaded image info
	-Loaded IMU calibration
	-Loaded ORB settings
	-Loaded viewer settings
	-Loaded Atlas settings
Deadlines enabled, will skip frames!
FOV enabled
Static mask size: 5x5
Dumping map points enabled
	-Loaded misc parameters
	-Computed rectification maps
----------------------------------
SLAM settings: 
	-Camera 1 parameters (Pinhole): [ 458.65399169921875 457.29598999023438 367.21499633789062 248.375 ]
	-Camera 1 distortion parameters: [  -0.28340810537338257 0.073959067463874817 0.00019359000725671649 1.7618711353861727e-05 ]
	-Camera 2 parameters (Pinhole: [ 457.58700561523438 456.13400268554688 379.99899291992188 255.23800659179688 ]
	-Camera 1 distortion parameters: [  -0.2836836576461792 0.074512839317321777 -0.00010473000293131918 -3.555907096597366e-05 ]
	-Original image size: [ 752 , 480 ]
	-Current image size: [ 752 , 480 ]
	-Camera 1 parameters after rectification: [  456.71499633789062 456.71499633789062 364.52615356445312 257.268798828125 ]
	-Sequence FPS: 20
	-Stereo baseline: 0.11007784307003021
	-Stereo depth threshold : 60
	-Gyro noise: 0.00016999999934341758
	-Accelerometer noise: 0.0020000000949949026
	-Gyro walk: 1.9392999092815444e-05
	-Accelerometer walk: 0.0030000000260770321
	-IMU frequency: 200
	-Features per image: 1200
	-ORB scale factor: 1.2000000476837158
	-ORB number of scales: 8
	-Initial FAST threshold: 20
	-Min FAST threshold: 7


Loading ORB Vocabulary. This could take a while...
Vocabulary loaded!

Initialization of Atlas from scratch 
Creation of new map with id: 0
Creation of new map with last KF id: 0
Seq. Name: 
There are 1 cameras in the atlas
Camera 0 is pinhole
SLAM Started at System Time: 1734431320.38023
not IMU meas
not IMU meas
not enough acceleration
not enough acceleration
not enough acceleration
not enough acceleration
not enough acceleration
not enough acceleration
First KF:0; Map init KF:0
New Map created with 128 points
Active map: 0
Dropping frame 1403636859.6016665
Dropping frame 1403636859.9516664
Dropping frame 1403636860.3016665
Dropping frame 1403636860.7016666
Dropping frame 1403636861.5516665
Dropping frame 1403636861.8516665
Dropping frame 1403636862.2016666
Dropping frame 1403636862.3016665
Dropping frame 1403636862.5016665
Dropping frame 1403636862.7016666
Dropping frame 1403636863.6016665
Dropping frame 1403636863.9016666
start VIBA 1
end VIBA 1
Dropping frame 1403636864.8516665
Dropping frame 1403636865.5516665
Dropping frame 1403636865.9016666
Dropping frame 1403636866.3516665
Dropping frame 1403636866.4516664
Dropping frame 1403636867.4016666
Dropping frame 1403636867.7016666
Dropping frame 1403636867.9016666
Not enough motion for initializing. Reseting...
TRACK: Reset map because local mapper set the bad imu flag 
LM: Active map reset recieved
LM: Active map reset, waiting...
LM: Reseting current map in Local Mapping...
LM: End reseting Local Mapping...
LM: Reset free the mutex
LM: Active map reset, Done!!!
mnFirstFrameId = 8
mnInitialFrameId = 0
164 Frames set to lost
not IMU meas
First KF:42; Map init KF:0
New Map created with 297 points
Active map: 0
Dropping frame 1403636868.4016666
Dropping frame 1403636868.8516665
Dropping frame 1403636869.5016665
Dropping frame 1403636870.5016665
Dropping frame 1403636872.4516664
Dropping frame 1403636872.7516665
Not enough motion for initializing. Reseting...
TRACK: Reset map because local mapper set the bad imu flag 
LM: Reseting current map in Local Mapping...
LM: End reseting Local Mapping...
LM: Reset free the mutex
LM: Active map reset recieved
LM: Active map reset, waiting...
LM: Reseting current map in Local Mapping...
LM: End reseting Local Mapping...
LM: Reset free the mutex
LM: Active map reset, Done!!!
mnFirstFrameId = 174
mnInitialFrameId = 172
247 Frames set to lost
not IMU meas
not enough acceleration
not enough acceleration
not enough acceleration
not enough acceleration
Dropping frame 1403636873.1016665
not enough acceleration
not enough acceleration
not enough acceleration
not enough acceleration
not enough acceleration
not enough acceleration
not enough acceleration
not enough acceleration
not enough acceleration
not enough acceleration
not enough acceleration
not enough acceleration
not enough acceleration
not enough acceleration
not enough acceleration
not enough acceleration
not enough acceleration
not enough acceleration
not enough acceleration
not enough acceleration
not enough acceleration
not enough acceleration
not enough acceleration
First KF:66; Map init KF:42
New Map created with 306 points
Active map: 0
Dropping frame 1403636879.3016665
start VIBA 1
end VIBA 1
Not enough motion for initializing. Reseting...
TRACK: Reset map because local mapper set the bad imu flag 
LM: Active map reset recieved
LM: Active map reset, waiting...
LM: Reseting current map in Local Mapping...
LM: End reseting Local Mapping...
LM: Reset free the mutex
LM: Active map reset, Done!!!
mnFirstFrameId = 286
mnInitialFrameId = 257
435 Frames set to lost
not IMU meas
not enough acceleration
not enough acceleration
not enough acceleration
not enough acceleration
First KF:136; Map init KF:66
New Map created with 138 points
Active map: 0
Not enough motion for initializing. Reseting...
TRACK: Reset map because local mapper set the bad imu flag 
LM: Reseting current map in Local Mapping...
LM: End reseting Local Mapping...
LM: Reset free the mutex
LM: Active map reset recieved
LM: Active map reset, waiting...
LM: Reseting current map in Local Mapping...
LM: End reseting Local Mapping...
LM: Reset free the mutex
LM: Active map reset, Done!!!
mnFirstFrameId = 480
mnInitialFrameId = 474
491 Frames set to lost
not IMU meas
not enough acceleration
not enough acceleration
not enough acceleration
not enough acceleration
not enough acceleration
not enough acceleration
not enough acceleration
not enough acceleration
not enough acceleration
not enough acceleration
not enough acceleration
not enough acceleration
not enough acceleration
not enough acceleration
not enough acceleration
not enough acceleration
not enough acceleration
not enough acceleration
not enough acceleration
not enough acceleration
not enough acceleration
not enough acceleration
not enough acceleration
not enough acceleration
not enough acceleration
not enough acceleration
not enough acceleration
not enough acceleration
not enough acceleration
not enough acceleration
not enough acceleration
not enough acceleration
not enough acceleration
not enough acceleration
not enough acceleration
not enough acceleration
not enough acceleration
not enough acceleration
not enough acceleration
not enough acceleration
not enough acceleration
not enough acceleration
not enough acceleration
not enough acceleration
not enough acceleration
not enough acceleration
not enough acceleration
not enough acceleration
not enough acceleration
not enough acceleration
not enough acceleration
not enough acceleration
not enough acceleration
not enough acceleration
not enough acceleration
not enough acceleration
not enough acceleration
not enough acceleration
not enough acceleration
not enough acceleration
not enough acceleration
not enough acceleration
not enough acceleration
not enough acceleration
not enough acceleration
not enough acceleration
not enough acceleration
not enough acceleration
not enough acceleration
not enough acceleration
not enough acceleration
not enough acceleration
not enough acceleration
not enough acceleration
not enough acceleration
not enough acceleration
not enough acceleration
not enough acceleration
not enough acceleration
not enough acceleration
not enough acceleration
not enough acceleration
not enough acceleration
not enough acceleration
not enough acceleration
not enough acceleration
not enough acceleration
not enough acceleration
not enough acceleration
not enough acceleration
not enough acceleration
not enough acceleration
not enough acceleration
not enough acceleration
not enough acceleration
not enough acceleration
not enough acceleration
not enough acceleration
not enough acceleration
not enough acceleration
not enough acceleration
not enough acceleration
not enough acceleration
not enough acceleration
not enough acceleration
not enough acceleration
not enough acceleration
not enough acceleration
not enough acceleration
not enough acceleration
not enough acceleration
not enough acceleration
not enough acceleration
not enough acceleration
not enough acceleration
not enough acceleration
not enough acceleration
not enough acceleration
not enough acceleration
not enough acceleration
not enough acceleration
not enough acceleration
not enough acceleration
not enough acceleration
not enough acceleration
not enough acceleration
not enough acceleration
not enough acceleration
not enough acceleration
not enough acceleration
not enough acceleration
not enough acceleration
not enough acceleration
not enough acceleration
not enough acceleration
not enough acceleration
not enough acceleration
not enough acceleration
not enough acceleration
not enough acceleration
not enough acceleration
not enough acceleration
not enough acceleration
not enough acceleration
not enough acceleration
not enough acceleration
not enough acceleration
not enough acceleration
not enough acceleration
not enough acceleration
not enough acceleration
not enough acceleration
not enough acceleration
not enough acceleration
not enough acceleration
not enough acceleration
not enough acceleration
not enough acceleration
not enough acceleration
not enough acceleration
not enough acceleration
not enough acceleration
not enough acceleration
not enough acceleration
not enough acceleration
not enough acceleration
not enough acceleration
not enough acceleration
not enough acceleration
not enough acceleration
not enough acceleration
not enough acceleration
not enough acceleration
not enough acceleration
not enough acceleration
not enough acceleration
not enough acceleration
not enough acceleration
not enough acceleration
not enough acceleration
not enough acceleration
not enough acceleration
not enough acceleration
not enough acceleration
not enough acceleration
not enough acceleration
not enough acceleration
not enough acceleration
not enough acceleration
not enough acceleration
not enough acceleration
not enough acceleration
not enough acceleration
not enough acceleration
not enough acceleration
not enough acceleration
not enough acceleration
not enough acceleration
not enough acceleration
not enough acceleration
not enough acceleration
not enough acceleration
not enough acceleration
not enough acceleration
not enough acceleration
not enough acceleration
First KF:147; Map init KF:136
New Map created with 150 points
Active map: 0
Dropping frame 1403636902.1016665
Dropping frame 1403636902.4016666
start VIBA 1
Dropping frame 1403636902.8016665
end VIBA 1
Dropping frame 1403636903.2516665
Dropping frame 1403636903.5516665
Dropping frame 1403636903.8516665
Dropping frame 1403636904.5516665
Dropping frame 1403636904.8516665
Dropping frame 1403636904.9516664
Dropping frame 1403636905.5516665
Dropping frame 1403636905.7016666
Dropping frame 1403636905.9516664
Dropping frame 1403636906.0516665
Dropping frame 1403636906.1516664
Dropping frame 1403636906.2516665
Dropping frame 1403636906.3516665
Dropping frame 1403636906.7016666
Dropping frame 1403636906.8016665
Dropping frame 1403636906.9516664
Dropping frame 1403636907.0516665
Dropping frame 1403636907.3516665
Dropping frame 1403636907.5016665
Dropping frame 1403636907.8016665
Dropping frame 1403636907.9016666
Dropping frame 1403636908.0016665
Dropping frame 1403636908.1516664
Dropping frame 1403636908.3516665
Dropping frame 1403636908.4516664
Dropping frame 1403636908.5516665
Dropping frame 1403636908.6516664
Dropping frame 1403636908.7516665
Dropping frame 1403636908.8516665
Dropping frame 1403636909.0516665
Dropping frame 1403636909.1516664
Dropping frame 1403636909.2516665
Dropping frame 1403636909.5516665
Dropping frame 1403636909.6516664
Dropping frame 1403636909.7516665
Dropping frame 1403636909.9016666
Dropping frame 1403636910.1016665
Dropping frame 1403636910.3016665
Dropping frame 1403636910.4016666
Dropping frame 1403636910.5016665
Dropping frame 1403636910.6016665
Dropping frame 1403636910.7016666
Dropping frame 1403636910.9516664
Dropping frame 1403636911.2516665
Dropping frame 1403636911.3516665
Dropping frame 1403636911.5516665
Dropping frame 1403636911.6516664
Dropping frame 1403636911.7516665
Dropping frame 1403636911.8516665
Dropping frame 1403636912.0516665
Dropping frame 1403636912.2516665
Dropping frame 1403636912.4516664
Dropping frame 1403636912.6516664
start VIBA 2
Dropping frame 1403636912.8516665
Dropping frame 1403636912.9516664
end VIBA 2
Dropping frame 1403636913.0516665
Dropping frame 1403636913.1516664
Dropping frame 1403636913.3016665
Dropping frame 1403636913.5016665
Dropping frame 1403636913.7016666
Dropping frame 1403636913.8016665
Dropping frame 1403636914.0016665
Dropping frame 1403636914.2016666
Dropping frame 1403636914.3516665
Dropping frame 1403636914.4516664
Dropping frame 1403636914.5516665
Dropping frame 1403636914.7516665
Dropping frame 1403636914.8516665
Dropping frame 1403636915.0516665
Dropping frame 1403636915.1516664
Dropping frame 1403636915.2516665
Dropping frame 1403636915.4016666
Dropping frame 1403636915.6016665
Dropping frame 1403636915.8016665
Dropping frame 1403636916.0016665
Dropping frame 1403636916.2516665
Dropping frame 1403636916.3516665
Dropping frame 1403636916.6016665
Dropping frame 1403636916.8016665
Dropping frame 1403636917.0016665
Dropping frame 1403636917.5016665
Dropping frame 1403636917.6016665
Dropping frame 1403636917.8516665
Dropping frame 1403636918.0516665
Dropping frame 1403636918.2516665
Dropping frame 1403636918.3516665
Dropping frame 1403636918.4516664
Dropping frame 1403636918.5516665
Dropping frame 1403636918.8016665
Dropping frame 1403636919.0016665
Dropping frame 1403636919.2016666
Dropping frame 1403636919.3016665
Dropping frame 1403636919.5016665
Dropping frame 1403636919.6016665
Dropping frame 1403636919.9516664
Dropping frame 1403636920.1516664
Dropping frame 1403636920.3516665
Dropping frame 1403636920.5516665
Dropping frame 1403636920.7516665
Dropping frame 1403636920.9516664
Dropping frame 1403636921.1016665
Dropping frame 1403636921.3516665
Dropping frame 1403636921.5016665
Dropping frame 1403636921.8016665
Dropping frame 1403636922.0016665
Dropping frame 1403636922.3016665
Dropping frame 1403636922.8016665
Dropping frame 1403636922.9016666
Dropping frame 1403636923.4016666
Dropping frame 1403636923.5516665
Dropping frame 1403636923.7516665
Dropping frame 1403636923.8516665
Dropping frame 1403636925.1016665
Dropping frame 1403636925.3016665
Dropping frame 1403636925.6016665
Dropping frame 1403636925.8016665
Dropping frame 1403636925.9016666
Dropping frame 1403636926.1516664
Dropping frame 1403636926.4516664
Dropping frame 1403636926.7016666
Dropping frame 1403636926.9016666
Dropping frame 1403636927.1016665
Dropping frame 1403636927.2016666
Dropping frame 1403636927.4516664
Dropping frame 1403636927.6516664
Dropping frame 1403636927.7516665
Dropping frame 1403636928.0016665
Dropping frame 1403636928.2016666
Dropping frame 1403636928.4016666
Dropping frame 1403636928.5016665
Dropping frame 1403636928.7016666
Dropping frame 1403636928.8516665
Dropping frame 1403636929.0516665
Dropping frame 1403636929.1516664
Dropping frame 1403636929.4016666
Dropping frame 1403636929.5516665
Dropping frame 1403636929.7516665
Dropping frame 1403636930.1016665
Dropping frame 1403636930.3016665
Dropping frame 1403636930.4016666
Dropping frame 1403636930.5016665
Dropping frame 1403636930.7516665
Dropping frame 1403636931.0516665
Dropping frame 1403636931.1516664
Dropping frame 1403636931.2516665
Dropping frame 1403636931.5016665
Dropping frame 1403636931.7516665
Dropping frame 1403636931.9016666
Dropping frame 1403636932.1516664
Dropping frame 1403636932.3516665
Dropping frame 1403636932.4516664
Dropping frame 1403636932.7516665
Dropping frame 1403636933.0516665
Dropping frame 1403636933.1516664
Dropping frame 1403636933.2516665
Dropping frame 1403636933.4516664
Dropping frame 1403636933.6516664
Dropping frame 1403636933.8516665
Dropping frame 1403636934.0516665
Dropping frame 1403636934.1516664
Dropping frame 1403636934.2516665
Dropping frame 1403636934.5016665
Dropping frame 1403636934.6516664
Dropping frame 1403636934.8516665
Dropping frame 1403636934.9516664
Dropping frame 1403636935.0516665
Dropping frame 1403636935.2516665
Dropping frame 1403636935.4516664
Dropping frame 1403636935.5516665
Dropping frame 1403636935.8016665
Dropping frame 1403636936.0016665
Dropping frame 1403636936.1016665
Dropping frame 1403636936.5016665
Dropping frame 1403636936.6016665
Dropping frame 1403636936.8516665
Dropping frame 1403636937.1516664
Dropping frame 1403636937.2516665
Dropping frame 1403636937.5516665
Dropping frame 1403636937.8016665
Dropping frame 1403636937.9016666
Dropping frame 1403636938.0016665
Dropping frame 1403636938.2016666
Dropping frame 1403636938.3016665
Dropping frame 1403636938.5016665
Dropping frame 1403636938.6016665
Dropping frame 1403636938.7016666
Dropping frame 1403636938.8016665
Dropping frame 1403636939.4016666
Dropping frame 1403636939.8516665
Dropping frame 1403636940.2516665
Dropping frame 1403636940.3516665
Dropping frame 1403636940.5016665
Dropping frame 1403636940.6016665
Dropping frame 1403636941.0016665
Dropping frame 1403636941.2016666
Dropping frame 1403636941.3016665
Dropping frame 1403636941.4516664
Dropping frame 1403636942.1016665
Dropping frame 1403636942.2016666
Dropping frame 1403636942.6016665
Dropping frame 1403636942.7016666
Dropping frame 1403636943.4516664
Dropping frame 1403636944.0516665
Dropping frame 1403636944.1516664
Dropping frame 1403636944.4016666
Dropping frame 1403636944.5516665
Dropping frame 1403636944.9516664
Dropping frame 1403636945.1516664
Dropping frame 1403636945.3516665
Dropping frame 1403636945.5516665
Dropping frame 1403636945.7516665
Dropping frame 1403636945.8516665
Dropping frame 1403636946.2016666
Dropping frame 1403636946.3016665
Dropping frame 1403636946.4516664
Dropping frame 1403636946.6516664
Dropping frame 1403636946.9516664
Dropping frame 1403636947.0516665
Dropping frame 1403636947.4516664
Dropping frame 1403636947.5516665
Dropping frame 1403636947.8516665
Dropping frame 1403636948.1516664
Dropping frame 1403636948.3516665
Dropping frame 1403636948.7016666
Dropping frame 1403636949.0016665
Dropping frame 1403636949.1016665
Dropping frame 1403636949.3516665
Dropping frame 1403636949.5516665
Dropping frame 1403636949.6516664
Dropping frame 1403636949.9016666
Dropping frame 1403636950.1516664
Dropping frame 1403636950.2516665
Dropping frame 1403636950.5016665
Dropping frame 1403636950.7016666
Dropping frame 1403636950.8016665
Dropping frame 1403636951.1516664
Dropping frame 1403636951.3516665
Dropping frame 1403636951.6516664
Dropping frame 1403636952.1016665
Dropping frame 1403636952.2016666
Dropping frame 1403636952.3016665
Dropping frame 1403636952.8016665
Dropping frame 1403636952.9016666
Dropping frame 1403636953.2516665
Dropping frame 1403636953.4516664
Dropping frame 1403636953.9516664
Dropping frame 1403636954.3516665
Dropping frame 1403636954.4516664
Dropping frame 1403636954.7016666
Dropping frame 1403636954.9516664
Dropping frame 1403636955.0516665
Dropping frame 1403636955.2016666
Dropping frame 1403636955.4016666
Dropping frame 1403636955.5016665
Dropping frame 1403636955.9516664
Dropping frame 1403636956.3016665
Dropping frame 1403636956.7016666
Dropping frame 1403636956.9016666
Dropping frame 1403636957.1516664
Dropping frame 1403636957.2516665
Dropping frame 1403636957.4516664
Dropping frame 1403636957.6016665
Dropping frame 1403636957.8016665
Dropping frame 1403636957.9016666
Dropping frame 1403636958.1516664
Dropping frame 1403636958.2516665
Dropping frame 1403636958.5016665
Dropping frame 1403636958.7016666
Dropping frame 1403636958.9016666
Dropping frame 1403636959.0016665
Dropping frame 1403636959.1516664
Dropping frame 1403636959.4016666
Dropping frame 1403636959.6016665
Dropping frame 1403636959.9016666
Dropping frame 1403636960.1016665
Dropping frame 1403636960.3016665
Dropping frame 1403636960.6016665
Dropping frame 1403636960.7016666
Dropping frame 1403636960.9516664
Dropping frame 1403636961.1516664
Dropping frame 1403636961.5016665
Dropping frame 1403636961.6016665
Dropping frame 1403636961.7016666
Dropping frame 1403636961.9016666
Dropping frame 1403636962.1016665
Dropping frame 1403636962.2016666
Dropping frame 1403636962.6516664
Dropping frame 1403636962.8516665
Dropping frame 1403636962.9516664
Dropping frame 1403636963.2516665
Dropping frame 1403636963.6516664
Dropping frame 1403636963.8516665
Dropping frame 1403636964.2516665
Dropping frame 1403636964.7516665
Dropping frame 1403636964.9516664
Dropping frame 1403636965.2516665
Dropping frame 1403636965.4516664
Dropping frame 1403636965.7516665
Dropping frame 1403636965.9516664
Dropping frame 1403636966.1516664
Dropping frame 1403636966.3516665
Dropping frame 1403636966.4516664
Dropping frame 1403636967.1016665
Dropping frame 1403636967.3016665
Dropping frame 1403636967.4016666
Dropping frame 1403636967.7516665
Dropping frame 1403636968.4016666
Dropping frame 1403636968.6516664
Dropping frame 1403636968.8516665
Dropping frame 1403636969.6016665
Dropping frame 1403636970.0016665
Dropping frame 1403636971.0516665
Dropping frame 1403636971.5516665
Dropping frame 1403636971.9016666
Dropping frame 1403636972.5016665
Dropping frame 1403636973.1516664
Dropping frame 1403636973.6516664
Dropping frame 1403636973.9016666
Dropping frame 1403636974.0016665
Dropping frame 1403636974.4516664
Dropping frame 1403636974.6016665
Dropping frame 1403636974.8016665
Dropping frame 1403636974.9516664
Dropping frame 1403636975.1516664
Dropping frame 1403636975.3016665
Dropping frame 1403636975.5016665
Dropping frame 1403636975.8016665
Dropping frame 1403636976.0016665
Dropping frame 1403636976.1016665
Dropping frame 1403636976.5016665
Dropping frame 1403636976.7016666
Dropping frame 1403636976.8016665
Dropping frame 1403636977.0016665
Dropping frame 1403636977.1516664
Dropping frame 1403636977.3516665
Dropping frame 1403636977.4516664
Dropping frame 1403636977.8016665
Dropping frame 1403636978.2516665
Dropping frame 1403636978.5016665
Dropping frame 1403636978.7016666
Dropping frame 1403636978.8016665
Dropping frame 1403636978.9016666
Dropping frame 1403636979.0016665
Dropping frame 1403636979.2516665
Dropping frame 1403636979.3516665
Dropping frame 1403636979.4516664
Dropping frame 1403636979.5516665
Dropping frame 1403636979.8016665
Dropping frame 1403636979.9516664
Dropping frame 1403636980.1516664
Dropping frame 1403636980.2516665
Dropping frame 1403636980.5016665
Dropping frame 1403636981.0516665
Dropping frame 1403636981.2516665
Dropping frame 1403636981.3516665
Dropping frame 1403636981.7016666
Dropping frame 1403636981.9516664
Dropping frame 1403636982.1516664
Dropping frame 1403636982.5016665
Dropping frame 1403636982.8516665
Dropping frame 1403636983.7516665
Dropping frame 1403636988.1016665
Dropping frame 1403636988.4516664
Dropping frame 1403636988.8016665
Dropping frame 1403636989.0016665
Dropping frame 1403636989.3016665
Dropping frame 1403636989.7016666
Dropping frame 1403636989.8016665
Dropping frame 1403636990.0516665
Dropping frame 1403636990.3516665
Dropping frame 1403636990.8016665
Dropping frame 1403636990.9016666
Dropping frame 1403636991.0016665
Dropping frame 1403636991.7016666
Dropping frame 1403636992.0016665
Dropping frame 1403636992.2016666
Dropping frame 1403636992.5016665
Dropping frame 1403636992.6016665
Dropping frame 1403636993.0516665
Dropping frame 1403636993.2516665
Dropping frame 1403636993.6016665
Dropping frame 1403636993.8016665
Dropping frame 1403636993.9016666
Dropping frame 1403636994.2016666
Dropping frame 1403636994.3016665
Dropping frame 1403636994.5516665
Dropping frame 1403636994.6516664
Dropping frame 1403636994.9016666
Dropping frame 1403636995.1016665
Dropping frame 1403636995.2016666
Dropping frame 1403636995.4016666
Dropping frame 1403636995.5016665
Dropping frame 1403636995.6016665
Dropping frame 1403636995.8516665
Dropping frame 1403636996.0016665
Dropping frame 1403636996.2016666
Dropping frame 1403636996.3016665
Dropping frame 1403636996.4016666
Dropping frame 1403636996.7516665
Dropping frame 1403636996.8516665
Dropping frame 1403636997.0516665
Dropping frame 1403636997.1516664
Dropping frame 1403636997.2516665
Dropping frame 1403636997.4516664
Dropping frame 1403636997.5516665
Dropping frame 1403636997.6516664
Dropping frame 1403636997.7516665
Dropping frame 1403636998.0016665
Dropping frame 1403636998.2016666
Dropping frame 1403636998.3516665
Dropping frame 1403636998.6016665
Dropping frame 1403636998.7016666
Dropping frame 1403636998.9516664
Dropping frame 1403636999.0516665
Dropping frame 1403636999.1516664
Dropping frame 1403636999.5016665
Dropping frame 1403636999.7016666
Dropping frame 1403636999.9016666
Dropping frame 1403637000.0016665
Dropping frame 1403637000.2516665
Dropping frame 1403637000.4016666
Dropping frame 1403637000.6016665
Dropping frame 1403637000.8016665
Dropping frame 1403637000.9016666
Dropping frame 1403637001.2516665
Dropping frame 1403637001.5516665
Dropping frame 1403637001.7516665
Dropping frame 1403637001.9516664
Dropping frame 1403637002.0516665
Dropping frame 1403637002.1516664
Dropping frame 1403637002.4516664
Dropping frame 1403637002.5516665
Dropping frame 1403637003.0016665
Dropping frame 1403637003.1016665
Dropping frame 1403637003.2016666
Dropping frame 1403637003.4016666
Dropping frame 1403637003.5016665
Dropping frame 1403637003.6516664
Dropping frame 1403637003.8016665
Dropping frame 1403637004.0516665
Dropping frame 1403637004.1516664
Dropping frame 1403637004.4016666
Dropping frame 1403637004.7516665
Dropping frame 1403637005.1016665
Dropping frame 1403637005.5516665
Dropping frame 1403637005.7516665
Dropping frame 1403637005.8516665
Dropping frame 1403637005.9516664
Dropping frame 1403637006.3016665
Dropping frame 1403637006.4016666
Dropping frame 1403637006.6016665
Dropping frame 1403637006.9016666
Dropping frame 1403637007.0016665
Dropping frame 1403637007.1016665
Dropping frame 1403637007.3016665
Dropping frame 1403637007.5016665
Dropping frame 1403637007.6516664
Dropping frame 1403637007.7516665
Dropping frame 1403637007.9516664
Dropping frame 1403637008.1016665
Dropping frame 1403637008.5016665
Dropping frame 1403637008.6016665
Dropping frame 1403637008.8016665
Dropping frame 1403637009.0016665
Dropping frame 1403637009.1016665
Dropping frame 1403637009.2016666
Dropping frame 1403637009.5516665
Dropping frame 1403637009.6516664
Dropping frame 1403637009.8016665
Dropping frame 1403637009.9516664
Dropping frame 1403637010.1016665
Dropping frame 1403637010.2516665
Dropping frame 1403637010.5516665
Shutdown
SLAM Finished at System Time: 1734431501.11887

 TIME STATS in ms (mean$\pm$std)
OpenCV version: 4.8.1
---------------------------
Tracking

ORB Extraction: 15.708$\pm$1.6271
Stereo Matching: 7.2927$\pm$1.9967
IMU Preintegration: 0.24005$\pm$0.10729
Pose Prediction: 0.55759$\pm$1.3998
LM Track: 18.739$\pm$6.3898
New KF decision: 1.2889$\pm$2.336
Total Tracking: 33.49$\pm$22.814



Local Mapping

KF Insertion: 14$\pm$5.5469
MP Culling: 0.52545$\pm$0.19574
MP Creation: 43.36$\pm$18.469
LBA: 135.42$\pm$67.446
KF Culling: 13.911$\pm$11.983
Total Local Mapping: 205.75$\pm$95.639
---------------------------

LBA complexity (mean$\pm$std)
LBA Edges: 1290.8$\pm$602.7
LBA KF optimized: 6$\pm$2.1794
LBA KF fixed: 1.325$\pm$1.0814
LBA MP: nan$\pm$nan

LBA executions: 496
LBA aborts: 0
---------------------------

Map complexity
KFs in map: 123
MPs in map: 11647
---------------------------

Place Recognition (mean$\pm$std)
Database Query: 1.5557$\pm$0.7919
SE3 estimation: 16.011$\pm$15.615
Total Place Recognition: 11.011$\pm$15.219


Loop Closing (mean$\pm$std)
Loop Fusion: nan$\pm$nan
Essential Graph: nan$\pm$nan
Total Loop Closing: nan$\pm$nan

Num exec: 0
Number of KFs: nan$\pm$nan

Map Merging (mean$\pm$std)
Merge Maps: nan$\pm$nan
Welding BA: nan$\pm$nan
Optimization Ess.: nan$\pm$nan
Total Map Merging: nan$\pm$nan

Num exec: 0
Number of KFs: nan$\pm$nan
Number of MPs: nan$\pm$nan

Full GBA (mean$\pm$std)
GBA: nan$\pm$nan
Map Update: nan$\pm$nan
Total Full GBA: nan$\pm$nan

Num exec: 0
Num abort: 0
Number of KFs: nan$\pm$nan
Number of MPs: nan$\pm$nan

Saving trajectory to f_dataset-MH02_stereo_imu.txt ...
There are 1 maps in the atlas
  Map 0 has 123 KFs

End of saving trajectory to f_dataset-MH02_stereo_imu.txt ...

Saving keyframe trajectory to kf_dataset-MH02_stereo_imu.txt ...
