num_seq = 1
file name: dataset-MH02_stereo_imu
Loading images for sequence 0...LOADED!
Loading IMU for sequence 0...LOADED!

-------

ORB-SLAM3 Copyright (C) 2017-2020 Carlos Campos, Richard Elvira, Juan J. Gómez, José M.M. Montiel and Juan D. Tardós, University of Zaragoza.
ORB-SLAM2 Copyright (C) 2014-2016 Raúl Mur-Artal, José M.M. Montiel and Juan D. Tardós, University of Zaragoza.
This program comes with ABSOLUTELY NO WARRANTY;
This is free software, and you are welcome to redistribute it
under certain conditions. See LICENSE.txt.

Built with REGISTER_TIMES
Git Commit Hash: 5ee9387

Compiled with C++ version: 201703

Input sensor was set to: Stereo-Inertial
Loading settings from ./Examples/Stereo-Inertial/EuRoC_fov_deadlines_mask_11x11.yaml
	-Loaded camera 1
	-Loaded camera 2
	-Loaded image info
	-Loaded IMU calibration
	-Loaded ORB settings
	-Loaded viewer settings
	-Loaded Atlas settings
Deadlines enabled, will skip frames!
FOV enabled
Static mask size: 11x11
Dumping map points enabled
	-Loaded misc parameters
	-Computed rectification maps
----------------------------------
SLAM settings: 
	-Camera 1 parameters (Pinhole): [ 458.65399169921875 457.29598999023438 367.21499633789062 248.375 ]
	-Camera 1 distortion parameters: [  -0.28340810537338257 0.073959067463874817 0.00019359000725671649 1.7618711353861727e-05 ]
	-Camera 2 parameters (Pinhole: [ 457.58700561523438 456.13400268554688 379.99899291992188 255.23800659179688 ]
	-Camera 1 distortion parameters: [  -0.2836836576461792 0.074512839317321777 -0.00010473000293131918 -3.555907096597366e-05 ]
	-Original image size: [ 752 , 480 ]
	-Current image size: [ 752 , 480 ]
	-Camera 1 parameters after rectification: [  456.71499633789062 456.71499633789062 364.52615356445312 257.268798828125 ]
	-Sequence FPS: 20
	-Stereo baseline: 0.11007784307003021
	-Stereo depth threshold : 60
	-Gyro noise: 0.00016999999934341758
	-Accelerometer noise: 0.0020000000949949026
	-Gyro walk: 1.9392999092815444e-05
	-Accelerometer walk: 0.0030000000260770321
	-IMU frequency: 200
	-Features per image: 1200
	-ORB scale factor: 1.2000000476837158
	-ORB number of scales: 8
	-Initial FAST threshold: 20
	-Min FAST threshold: 7


Loading ORB Vocabulary. This could take a while...
Vocabulary loaded!

Initialization of Atlas from scratch 
Creation of new map with id: 0
Creation of new map with last KF id: 0
Seq. Name: 
There are 1 cameras in the atlas
Camera 0 is pinhole
SLAM Started at System Time: 1734436474.01752
not IMU meas
not IMU meas
not enough acceleration
not enough acceleration
not enough acceleration
not enough acceleration
not enough acceleration
not enough acceleration
First KF:0; Map init KF:0
New Map created with 196 points
Active map: 0
Dropping frame 1403636859.6016665
Dropping frame 1403636859.8016665
Dropping frame 1403636860.1016665
Dropping frame 1403636860.3516665
Dropping frame 1403636860.5516665
Dropping frame 1403636860.7516665
Dropping frame 1403636860.9516664
Dropping frame 1403636861.3516665
Dropping frame 1403636861.6016665
Dropping frame 1403636861.8516665
Dropping frame 1403636862.1516664
Dropping frame 1403636862.4016666
Dropping frame 1403636862.5516665
Dropping frame 1403636862.6516664
Dropping frame 1403636862.9016666
Dropping frame 1403636863.2016666
Dropping frame 1403636863.3016665
Dropping frame 1403636863.4016666
Dropping frame 1403636863.7016666
Dropping frame 1403636864.1016665
Dropping frame 1403636864.4516664
start VIBA 1
end VIBA 1
Dropping frame 1403636864.6016665
Dropping frame 1403636864.8516665
Dropping frame 1403636864.9516664
Dropping frame 1403636865.0516665
Dropping frame 1403636865.1516664
Dropping frame 1403636865.2516665
Dropping frame 1403636865.4516664
Dropping frame 1403636865.6516664
Dropping frame 1403636865.8516665
Dropping frame 1403636866.2516665
Dropping frame 1403636866.6016665
Dropping frame 1403636866.8516665
Dropping frame 1403636867.0016665
Dropping frame 1403636867.5016665
Dropping frame 1403636867.6016665
Dropping frame 1403636867.7016666
Dropping frame 1403636867.8016665
Dropping frame 1403636868.1516664
Dropping frame 1403636868.5016665
Dropping frame 1403636869.0016665
Dropping frame 1403636869.2516665
Dropping frame 1403636869.3516665
Dropping frame 1403636869.4516664
Dropping frame 1403636869.6516664
Dropping frame 1403636869.9016666
Dropping frame 1403636870.0016665
Dropping frame 1403636870.2516665
Dropping frame 1403636870.3516665
Dropping frame 1403636870.4516664
Dropping frame 1403636870.6016665
Dropping frame 1403636870.8516665
Dropping frame 1403636870.9516664
Dropping frame 1403636871.2516665
Dropping frame 1403636871.5016665
Dropping frame 1403636871.6016665
Dropping frame 1403636871.7016666
Dropping frame 1403636871.9516664
Dropping frame 1403636872.0516665
Dropping frame 1403636872.3016665
Dropping frame 1403636872.6516664
Dropping frame 1403636873.0516665
Dropping frame 1403636873.3016665
Dropping frame 1403636873.4516664
Dropping frame 1403636873.6016665
Dropping frame 1403636873.9016666
Dropping frame 1403636874.2516665
Dropping frame 1403636874.5516665
Dropping frame 1403636874.8516665
Dropping frame 1403636875.0516665
start VIBA 2
Dropping frame 1403636875.2516665
end VIBA 2
Dropping frame 1403636875.3516665
Dropping frame 1403636875.4516664
Dropping frame 1403636875.6516664
Dropping frame 1403636875.8516665
Dropping frame 1403636876.0516665
Dropping frame 1403636876.2516665
Dropping frame 1403636876.7516665
Dropping frame 1403636876.9516664
Dropping frame 1403636877.2016666
Dropping frame 1403636877.5516665
Dropping frame 1403636877.7516665
Dropping frame 1403636877.9016666
Dropping frame 1403636878.0016665
Dropping frame 1403636878.1016665
Dropping frame 1403636878.3516665
Dropping frame 1403636878.5016665
Dropping frame 1403636878.7016666
Dropping frame 1403636878.9016666
Dropping frame 1403636879.1016665
Dropping frame 1403636879.2016666
Dropping frame 1403636879.5016665
Dropping frame 1403636879.7516665
Dropping frame 1403636880.0516665
Dropping frame 1403636880.1516664
Dropping frame 1403636880.5516665
Dropping frame 1403636880.6516664
Dropping frame 1403636881.1016665
Dropping frame 1403636881.4516664
Dropping frame 1403636882.2516665
Dropping frame 1403636882.4016666
Dropping frame 1403636882.5016665
Dropping frame 1403636882.6516664
Dropping frame 1403636882.9016666
Dropping frame 1403636883.2516665
Dropping frame 1403636883.3516665
Dropping frame 1403636883.5516665
Dropping frame 1403636883.8516665
Dropping frame 1403636884.3016665
Dropping frame 1403636884.6516664
Dropping frame 1403636884.9516664
Dropping frame 1403636885.2516665
Dropping frame 1403636885.5516665
Dropping frame 1403636885.8516665
Dropping frame 1403636886.1016665
Dropping frame 1403636886.3516665
Dropping frame 1403636886.6516664
Dropping frame 1403636887.1516664
Dropping frame 1403636887.9016666
Dropping frame 1403636888.2516665
Dropping frame 1403636888.4516664
Dropping frame 1403636888.8516665
Dropping frame 1403636889.1016665
Dropping frame 1403636889.3516665
Dropping frame 1403636889.6516664
Dropping frame 1403636889.7516665
Dropping frame 1403636890.0016665
Dropping frame 1403636890.2016666
Dropping frame 1403636890.9016666
Dropping frame 1403636891.1516664
Dropping frame 1403636891.5516665
Dropping frame 1403636891.8516665
Dropping frame 1403636892.2016666
Dropping frame 1403636892.3016665
Dropping frame 1403636892.4516664
Dropping frame 1403636892.6516664
Dropping frame 1403636892.7516665
Dropping frame 1403636893.3516665
Dropping frame 1403636893.6516664
Dropping frame 1403636893.9016666
Dropping frame 1403636894.1516664
Dropping frame 1403636894.4016666
Dropping frame 1403636894.5016665
Dropping frame 1403636894.8516665
Dropping frame 1403636895.1016665
Dropping frame 1403636895.4516664
Dropping frame 1403636896.7516665
Dropping frame 1403636897.2016666
Dropping frame 1403636897.4516664
Dropping frame 1403636897.8516665
Dropping frame 1403636898.2516665
Dropping frame 1403636898.5516665
Dropping frame 1403636898.9516664
Dropping frame 1403636899.1516664
Dropping frame 1403636899.6516664
Dropping frame 1403636899.8516665
Dropping frame 1403636900.2016666
Dropping frame 1403636900.6516664
Dropping frame 1403636901.0516665
Dropping frame 1403636901.9016666
Dropping frame 1403636902.3516665
Dropping frame 1403636902.4516664
Dropping frame 1403636902.7016666
Dropping frame 1403636903.2516665
Dropping frame 1403636903.7016666
Dropping frame 1403636903.9516664
Dropping frame 1403636904.4516664
Dropping frame 1403636904.8016665
Dropping frame 1403636904.9016666
Dropping frame 1403636905.2016666
Dropping frame 1403636905.5016665
Dropping frame 1403636906.0516665
Dropping frame 1403636906.8016665
Dropping frame 1403636907.0016665
Dropping frame 1403636907.8516665
Dropping frame 1403636908.0516665
Dropping frame 1403636908.2016666
Dropping frame 1403636908.6016665
Dropping frame 1403636908.8016665
Dropping frame 1403636908.9516664
Dropping frame 1403636909.3516665
Dropping frame 1403636909.6016665
Dropping frame 1403636910.1016665
Dropping frame 1403636910.9016666
Dropping frame 1403636911.0016665
Dropping frame 1403636911.4016666
Dropping frame 1403636911.5516665
Dropping frame 1403636911.8016665
Dropping frame 1403636912.0516665
Dropping frame 1403636912.3516665
Dropping frame 1403636913.2016666
Dropping frame 1403636915.5516665
Dropping frame 1403636915.8516665
Dropping frame 1403636916.3516665
Dropping frame 1403636916.4516664
Dropping frame 1403636916.7016666
Dropping frame 1403636916.8016665
Dropping frame 1403636916.9016666
Dropping frame 1403636917.4016666
Dropping frame 1403636917.5516665
Dropping frame 1403636917.7516665
Dropping frame 1403636917.8516665
Dropping frame 1403636918.0516665
Dropping frame 1403636918.3016665
Dropping frame 1403636918.4016666
Dropping frame 1403636918.6516664
Dropping frame 1403636918.7516665
Dropping frame 1403636918.8516665
Dropping frame 1403636919.0516665
Dropping frame 1403636919.2016666
Dropping frame 1403636919.3016665
Dropping frame 1403636919.5016665
Dropping frame 1403636919.7016666
Dropping frame 1403636919.8016665
Dropping frame 1403636919.9016666
Dropping frame 1403636920.0016665
Dropping frame 1403636920.1016665
Dropping frame 1403636920.2016666
Dropping frame 1403636920.3016665
Dropping frame 1403636920.4016666
Dropping frame 1403636920.5516665
Dropping frame 1403636920.7016666
Dropping frame 1403636920.8016665
Dropping frame 1403636921.0016665
Dropping frame 1403636921.2016666
Dropping frame 1403636921.3016665
Dropping frame 1403636921.4016666
Dropping frame 1403636921.5516665
Dropping frame 1403636921.6516664
Dropping frame 1403636921.7516665
Dropping frame 1403636921.8516665
Dropping frame 1403636922.0516665
Dropping frame 1403636922.4016666
Dropping frame 1403636922.6016665
Dropping frame 1403636922.7016666
Dropping frame 1403636922.8516665
Dropping frame 1403636922.9516664
Dropping frame 1403636923.0516665
Dropping frame 1403636923.2016666
Dropping frame 1403636923.3516665
Dropping frame 1403636923.5516665
Dropping frame 1403636923.6516664
Dropping frame 1403636923.7516665
Dropping frame 1403636923.8516665
Dropping frame 1403636924.0516665
Dropping frame 1403636924.1516664
Dropping frame 1403636924.3516665
Dropping frame 1403636924.4516664
Dropping frame 1403636924.5516665
Dropping frame 1403636924.6516664
Dropping frame 1403636924.8516665
Dropping frame 1403636925.0016665
Dropping frame 1403636925.1016665
Dropping frame 1403636925.3016665
Dropping frame 1403636925.4016666
Dropping frame 1403636925.6516664
Dropping frame 1403636925.7516665
Dropping frame 1403636925.8516665
Dropping frame 1403636925.9516664
Dropping frame 1403636926.0516665
Dropping frame 1403636926.1516664
Dropping frame 1403636926.3516665
Dropping frame 1403636926.5516665
Dropping frame 1403636926.6516664
Dropping frame 1403636926.7516665
Dropping frame 1403636926.8516665
Dropping frame 1403636926.9516664
Dropping frame 1403636927.1516664
Dropping frame 1403636927.2516665
Dropping frame 1403636927.3516665
Dropping frame 1403636927.4516664
Dropping frame 1403636927.5516665
Dropping frame 1403636927.9516664
Dropping frame 1403636928.0516665
Dropping frame 1403636928.1516664
Dropping frame 1403636928.3016665
Dropping frame 1403636928.4016666
Dropping frame 1403636928.6016665
Dropping frame 1403636928.7516665
Dropping frame 1403636928.8516665
Dropping frame 1403636928.9516664
Dropping frame 1403636929.1016665
Dropping frame 1403636929.2016666
Dropping frame 1403636929.3016665
Dropping frame 1403636929.4016666
Dropping frame 1403636929.5016665
Dropping frame 1403636929.7016666
Dropping frame 1403636929.9016666
Dropping frame 1403636930.0016665
Dropping frame 1403636930.1016665
Dropping frame 1403636930.3016665
Dropping frame 1403636930.4016666
Dropping frame 1403636930.5516665
Dropping frame 1403636930.7516665
Dropping frame 1403636930.9016666
Dropping frame 1403636931.0016665
Dropping frame 1403636931.3016665
Dropping frame 1403636931.4016666
Dropping frame 1403636931.6016665
Dropping frame 1403636931.7016666
Dropping frame 1403636931.9516664
Dropping frame 1403636932.0516665
Dropping frame 1403636932.2516665
Dropping frame 1403636932.4016666
Dropping frame 1403636932.5016665
Dropping frame 1403636932.8516665
Dropping frame 1403636932.9516664
Dropping frame 1403636933.2516665
Dropping frame 1403636933.4516664
Dropping frame 1403636933.6016665
Dropping frame 1403636933.7516665
Dropping frame 1403636934.0516665
Dropping frame 1403636934.1516664
Dropping frame 1403636934.4516664
Dropping frame 1403636934.7516665
Dropping frame 1403636935.1016665
Dropping frame 1403636935.2516665
Dropping frame 1403636935.4516664
Dropping frame 1403636935.5516665
Dropping frame 1403636935.8016665
Dropping frame 1403636936.2016666
Dropping frame 1403636936.4516664
Dropping frame 1403636936.9016666
Dropping frame 1403636937.0016665
Dropping frame 1403636937.2016666
Dropping frame 1403636937.3016665
Dropping frame 1403636937.4516664
Dropping frame 1403636937.6516664
Dropping frame 1403636937.7516665
Dropping frame 1403636937.8516665
Dropping frame 1403636938.2016666
Dropping frame 1403636938.5016665
Dropping frame 1403636938.6016665
Dropping frame 1403636938.7016666
Dropping frame 1403636938.9516664
Dropping frame 1403636939.1016665
Dropping frame 1403636939.2016666
Dropping frame 1403636939.5016665
Dropping frame 1403636939.6016665
Dropping frame 1403636939.8016665
Dropping frame 1403636939.9516664
Dropping frame 1403636940.1016665
Dropping frame 1403636940.2016666
Dropping frame 1403636940.3016665
Dropping frame 1403636940.5516665
Dropping frame 1403636940.9016666
Dropping frame 1403636941.0516665
Dropping frame 1403636941.1516664
Dropping frame 1403636941.3016665
Dropping frame 1403636941.4016666
Dropping frame 1403636941.5016665
Dropping frame 1403636941.6016665
Dropping frame 1403636941.7516665
Dropping frame 1403636941.9516664
Dropping frame 1403636942.0516665
Dropping frame 1403636942.1516664
Dropping frame 1403636942.2516665
Dropping frame 1403636942.3516665
Dropping frame 1403636942.4516664
Dropping frame 1403636942.7016666
Dropping frame 1403636942.8016665
Dropping frame 1403636942.9016666
Dropping frame 1403636943.0016665
Dropping frame 1403636943.2016666
Dropping frame 1403636943.3016665
Dropping frame 1403636943.5016665
Dropping frame 1403636943.6016665
Dropping frame 1403636943.7016666
Dropping frame 1403636943.8016665
Dropping frame 1403636944.0516665
Dropping frame 1403636944.1516664
Dropping frame 1403636944.2516665
Dropping frame 1403636944.3516665
Dropping frame 1403636944.4516664
Dropping frame 1403636944.6016665
Dropping frame 1403636944.7516665
Dropping frame 1403636944.9516664
Dropping frame 1403636945.1516664
Dropping frame 1403636945.2516665
Dropping frame 1403636945.3516665
Dropping frame 1403636945.4516664
Dropping frame 1403636945.6516664
Dropping frame 1403636945.8516665
Dropping frame 1403636946.0516665
Dropping frame 1403636946.1516664
Dropping frame 1403636946.2516665
Dropping frame 1403636946.3516665
Dropping frame 1403636946.4516664
Dropping frame 1403636946.5516665
Dropping frame 1403636946.6516664
Dropping frame 1403636946.9516664
Dropping frame 1403636947.0516665
Dropping frame 1403636947.2516665
Dropping frame 1403636947.3516665
Dropping frame 1403636947.4516664
Dropping frame 1403636947.6516664
Dropping frame 1403636947.8516665
Dropping frame 1403636947.9516664
Dropping frame 1403636948.0516665
Dropping frame 1403636948.2516665
Dropping frame 1403636948.3516665
Dropping frame 1403636948.4516664
Dropping frame 1403636948.5516665
Dropping frame 1403636948.7516665
Dropping frame 1403636948.9516664
Dropping frame 1403636949.0516665
Dropping frame 1403636949.1516664
Dropping frame 1403636949.2516665
Dropping frame 1403636949.4516664
Dropping frame 1403636949.9016666
Dropping frame 1403636950.7016666
Dropping frame 1403636950.8016665
Dropping frame 1403636950.9016666
Dropping frame 1403636951.1016665
Dropping frame 1403636951.3016665
Dropping frame 1403636951.5016665
Dropping frame 1403636951.7016666
Dropping frame 1403636951.9016666
Dropping frame 1403636952.1016665
Dropping frame 1403636952.3016665
Dropping frame 1403636952.5016665
Dropping frame 1403636952.6016665
Dropping frame 1403636952.8016665
Dropping frame 1403636952.9016666
Dropping frame 1403636953.1016665
Dropping frame 1403636953.3016665
Dropping frame 1403636953.4016666
Dropping frame 1403636953.6516664
Dropping frame 1403636953.7516665
Dropping frame 1403636953.8516665
Dropping frame 1403636954.0516665
Dropping frame 1403636954.2516665
Dropping frame 1403636954.4516664
Dropping frame 1403636954.5516665
Dropping frame 1403636954.7516665
Dropping frame 1403636954.9516664
Dropping frame 1403636955.1516664
Dropping frame 1403636955.3516665
Dropping frame 1403636955.4516664
Dropping frame 1403636955.5516665
Dropping frame 1403636955.7516665
Dropping frame 1403636955.8516665
Dropping frame 1403636955.9516664
Dropping frame 1403636956.0516665
Dropping frame 1403636956.1516664
Dropping frame 1403636956.2516665
Dropping frame 1403636956.4516664
Dropping frame 1403636956.5516665
Dropping frame 1403636956.6516664
Dropping frame 1403636956.8516665
Dropping frame 1403636957.0516665
Dropping frame 1403636957.1516664
Dropping frame 1403636957.3516665
Dropping frame 1403636957.5516665
Dropping frame 1403636957.7516665
Dropping frame 1403636957.8516665
Dropping frame 1403636958.0516665
Dropping frame 1403636958.1516664
Dropping frame 1403636958.7516665
Dropping frame 1403636958.9516664
Dropping frame 1403636959.2516665
Dropping frame 1403636959.4516664
Dropping frame 1403636959.6516664
Dropping frame 1403636959.7516665
Dropping frame 1403636959.8516665
Dropping frame 1403636960.0516665
Dropping frame 1403636960.2516665
Dropping frame 1403636960.4516664
Dropping frame 1403636960.6516664
Dropping frame 1403636960.7516665
Dropping frame 1403636960.8516665
Dropping frame 1403636961.4016666
Dropping frame 1403636961.5016665
Dropping frame 1403636961.6016665
Dropping frame 1403636961.8016665
Dropping frame 1403636962.0016665
Dropping frame 1403636962.3516665
Dropping frame 1403636962.5516665
Dropping frame 1403636962.7516665
Dropping frame 1403636962.9516664
Dropping frame 1403636963.1516664
Dropping frame 1403636963.3516665
Dropping frame 1403636963.4516664
Dropping frame 1403636963.5516665
Dropping frame 1403636963.7516665
Dropping frame 1403636963.8516665
Dropping frame 1403636963.9516664
Dropping frame 1403636964.1516664
Dropping frame 1403636964.3516665
Dropping frame 1403636964.5516665
Dropping frame 1403636964.7516665
Dropping frame 1403636964.9516664
Dropping frame 1403636965.0516665
Dropping frame 1403636965.1516664
Dropping frame 1403636965.3516665
Dropping frame 1403636965.5516665
Dropping frame 1403636965.7516665
Dropping frame 1403636965.9516664
Dropping frame 1403636966.1516664
Dropping frame 1403636966.2516665
Dropping frame 1403636966.3516665
Dropping frame 1403636966.5016665
Dropping frame 1403636966.8016665
Dropping frame 1403636967.3516665
Dropping frame 1403636967.8016665
Dropping frame 1403636968.0516665
Dropping frame 1403636968.2516665
Dropping frame 1403636968.4516664
Dropping frame 1403636968.5516665
Dropping frame 1403636968.7516665
Dropping frame 1403636968.9516664
Dropping frame 1403636969.1516664
Dropping frame 1403636969.3516665
Dropping frame 1403636969.5516665
Dropping frame 1403636969.6516664
Dropping frame 1403636969.7516665
Dropping frame 1403636969.9516664
Dropping frame 1403636970.0516665
Dropping frame 1403636970.3016665
Dropping frame 1403636970.5016665
Dropping frame 1403636970.7016666
Dropping frame 1403636970.8516665
Dropping frame 1403636971.0516665
Dropping frame 1403636971.2516665
Dropping frame 1403636971.3516665
Dropping frame 1403636971.5516665
Dropping frame 1403636971.7016666
Dropping frame 1403636971.9016666
Dropping frame 1403636972.1516664
Dropping frame 1403636972.3516665
Dropping frame 1403636972.4516664
Dropping frame 1403636972.5516665
Dropping frame 1403636973.2516665
Dropping frame 1403636973.4516664
Dropping frame 1403636973.8016665
Dropping frame 1403636974.0016665
Dropping frame 1403636974.1016665
Dropping frame 1403636974.2016666
Dropping frame 1403636974.4016666
Dropping frame 1403636974.6516664
Dropping frame 1403636974.8516665
Dropping frame 1403636974.9516664
Dropping frame 1403636975.1516664
Dropping frame 1403636975.4016666
Dropping frame 1403636975.6016665
Dropping frame 1403636975.7016666
Dropping frame 1403636975.8016665
Dropping frame 1403636976.1016665
Dropping frame 1403636976.2016666
Dropping frame 1403636976.4516664
Dropping frame 1403636976.7016666
Dropping frame 1403636976.8016665
Dropping frame 1403636977.0016665
Dropping frame 1403636977.1016665
Dropping frame 1403636977.2016666
Dropping frame 1403636977.3016665
Dropping frame 1403636977.5516665
Dropping frame 1403636977.7516665
Dropping frame 1403636977.8516665
Dropping frame 1403636977.9516664
Dropping frame 1403636978.1016665
Dropping frame 1403636978.3016665
Dropping frame 1403636978.4016666
Dropping frame 1403636978.7516665
Dropping frame 1403636978.8516665
Dropping frame 1403636978.9516664
Dropping frame 1403636979.3016665
Dropping frame 1403636979.4016666
Dropping frame 1403636979.6016665
Dropping frame 1403636979.9016666
Dropping frame 1403636980.1016665
Dropping frame 1403636980.2016666
Dropping frame 1403636980.3016665
Dropping frame 1403636980.4016666
Dropping frame 1403636980.6016665
Dropping frame 1403636980.8016665
Dropping frame 1403636980.9016666
Dropping frame 1403636981.0016665
Dropping frame 1403636981.1016665
Dropping frame 1403636981.3016665
Dropping frame 1403636981.4516664
Dropping frame 1403636981.7016666
Dropping frame 1403636981.8016665
Dropping frame 1403636982.3016665
Dropping frame 1403636982.5016665
Dropping frame 1403636982.6016665
Dropping frame 1403636982.8516665
Dropping frame 1403636983.0516665
Dropping frame 1403636983.1516664
Dropping frame 1403636983.3516665
Dropping frame 1403636983.4516664
Dropping frame 1403636983.5516665
Dropping frame 1403636983.7516665
Dropping frame 1403636983.9516664
Dropping frame 1403636984.1516664
Dropping frame 1403636984.2516665
Dropping frame 1403636984.5016665
Dropping frame 1403636984.7016666
Dropping frame 1403636985.1016665
Dropping frame 1403636985.3016665
Dropping frame 1403636985.5016665
Dropping frame 1403636985.6016665
Dropping frame 1403636985.7016666
Dropping frame 1403636985.8016665
Dropping frame 1403636986.2016666
Dropping frame 1403636986.4016666
Dropping frame 1403636986.5016665
Dropping frame 1403636986.7016666
Dropping frame 1403636987.0516665
Dropping frame 1403636987.1516664
Dropping frame 1403636987.2516665
Dropping frame 1403636987.4516664
Dropping frame 1403636987.5516665
Dropping frame 1403636987.7516665
Dropping frame 1403636987.8516665
Dropping frame 1403636988.0516665
Dropping frame 1403636988.2516665
Dropping frame 1403636988.4516664
Dropping frame 1403636988.6516664
Dropping frame 1403636988.9016666
Dropping frame 1403636989.0016665
Dropping frame 1403636989.1016665
Dropping frame 1403636989.6016665
Dropping frame 1403636989.8016665
Dropping frame 1403636989.9016666
Dropping frame 1403636990.2516665
Dropping frame 1403636990.4516664
Dropping frame 1403636990.6516664
Dropping frame 1403636990.7516665
Dropping frame 1403636990.9516664
Dropping frame 1403636991.1016665
Dropping frame 1403636991.3016665
Dropping frame 1403636991.5016665
Dropping frame 1403636991.7016666
Dropping frame 1403636991.9016666
Dropping frame 1403636992.1016665
Dropping frame 1403636992.3016665
Dropping frame 1403636992.4016666
Dropping frame 1403636992.7016666
Dropping frame 1403636992.9016666
Dropping frame 1403636993.1016665
Dropping frame 1403636993.3016665
Dropping frame 1403636993.4516664
Dropping frame 1403636993.8016665
Dropping frame 1403636994.1016665
Dropping frame 1403636994.3016665
Dropping frame 1403636994.5016665
Dropping frame 1403636994.7016666
Dropping frame 1403636994.8016665
Dropping frame 1403636995.2516665
Dropping frame 1403636995.4516664
Dropping frame 1403636995.6516664
Dropping frame 1403636995.8516665
Dropping frame 1403636995.9516664
Dropping frame 1403636996.1516664
Dropping frame 1403636996.2516665
Dropping frame 1403636996.4516664
Dropping frame 1403636996.5516665
Dropping frame 1403636996.8016665
Dropping frame 1403636996.9016666
Dropping frame 1403636997.0016665
Dropping frame 1403636997.2016666
Dropping frame 1403636997.4016666
Dropping frame 1403636997.6016665
Dropping frame 1403636997.8016665
Dropping frame 1403636997.9016666
Dropping frame 1403636998.0016665
Dropping frame 1403636998.2016666
Dropping frame 1403636998.3016665
Dropping frame 1403636998.4016666
Dropping frame 1403636998.6016665
Dropping frame 1403636998.7016666
Dropping frame 1403636998.9516664
Dropping frame 1403636999.1516664
Dropping frame 1403636999.3516665
Dropping frame 1403636999.5516665
Dropping frame 1403636999.7516665
Dropping frame 1403636999.9516664
Dropping frame 1403637000.1516664
Dropping frame 1403637000.2516665
Dropping frame 1403637000.4016666
Dropping frame 1403637000.6516664
Dropping frame 1403637000.8516665
Dropping frame 1403637000.9516664
Dropping frame 1403637001.0516665
Dropping frame 1403637001.2516665
Dropping frame 1403637001.4516664
Dropping frame 1403637001.6516664
Dropping frame 1403637001.7516665
Dropping frame 1403637001.8516665
Dropping frame 1403637002.1016665
Dropping frame 1403637002.3516665
Dropping frame 1403637002.5516665
Dropping frame 1403637002.7516665
Dropping frame 1403637002.8516665
Dropping frame 1403637002.9516664
Dropping frame 1403637003.1516664
Dropping frame 1403637003.3516665
Dropping frame 1403637003.5516665
Dropping frame 1403637003.7516665
Dropping frame 1403637003.8516665
Dropping frame 1403637003.9516664
Dropping frame 1403637004.1516664
Dropping frame 1403637004.2516665
Dropping frame 1403637004.3516665
Dropping frame 1403637004.5516665
Dropping frame 1403637004.7516665
Dropping frame 1403637005.1516664
Dropping frame 1403637005.2516665
Dropping frame 1403637005.4516664
Dropping frame 1403637005.5516665
Dropping frame 1403637005.8016665
Dropping frame 1403637006.1016665
Dropping frame 1403637006.2016666
Dropping frame 1403637006.3016665
Dropping frame 1403637006.5016665
Dropping frame 1403637006.6016665
Dropping frame 1403637006.8516665
Dropping frame 1403637006.9516664
Dropping frame 1403637007.0516665
Dropping frame 1403637007.1516664
Dropping frame 1403637007.2516665
Dropping frame 1403637007.4516664
Dropping frame 1403637007.6516664
Dropping frame 1403637007.8516665
Dropping frame 1403637007.9516664
Dropping frame 1403637008.0516665
Dropping frame 1403637008.2516665
Dropping frame 1403637008.3516665
Dropping frame 1403637008.4516664
Dropping frame 1403637008.6516664
Dropping frame 1403637008.8016665
Dropping frame 1403637009.0016665
Dropping frame 1403637009.3016665
Dropping frame 1403637009.4016666
Dropping frame 1403637009.6516664
Dropping frame 1403637009.7516665
Dropping frame 1403637010.0016665
Dropping frame 1403637010.1516664
Dropping frame 1403637010.4516664
Shutdown
SLAM Finished at System Time: 1734436660.1382

 TIME STATS in ms (mean$\pm$std)
OpenCV version: 4.8.1
---------------------------
Tracking

ORB Extraction: 20.351$\pm$1.9554
Stereo Matching: 7.339$\pm$2.0221
IMU Preintegration: 0.24096$\pm$0.092802
Pose Prediction: 0.22253$\pm$0.64707
LM Track: 19.24$\pm$5.4497
New KF decision: 1.2682$\pm$2.3564
Total Tracking: 32.641$\pm$26.864



Local Mapping

KF Insertion: 16.662$\pm$5.5683
MP Culling: 0.56386$\pm$0.20335
MP Creation: 49.672$\pm$15.82
LBA: 151.76$\pm$53.624
KF Culling: 15.587$\pm$10.002
Total Local Mapping: 234.14$\pm$75.26
---------------------------

LBA complexity (mean$\pm$std)
LBA Edges: 1714.6$\pm$594
LBA KF optimized: 6.5$\pm$2.2913
LBA KF fixed: 1$\pm$0
LBA MP: nan$\pm$nan

LBA executions: 458
LBA aborts: 0
---------------------------

Map complexity
KFs in map: 129
MPs in map: 9781
---------------------------

Place Recognition (mean$\pm$std)
Database Query: 1.4655$\pm$0.76683
SE3 estimation: 11.826$\pm$15.956
Total Place Recognition: 11.948$\pm$16.038


Loop Closing (mean$\pm$std)
Loop Fusion: nan$\pm$nan
Essential Graph: nan$\pm$nan
Total Loop Closing: nan$\pm$nan

Num exec: 0
Number of KFs: nan$\pm$nan

Map Merging (mean$\pm$std)
Merge Maps: nan$\pm$nan
Welding BA: nan$\pm$nan
Optimization Ess.: nan$\pm$nan
Total Map Merging: nan$\pm$nan

Num exec: 0
Number of KFs: nan$\pm$nan
Number of MPs: nan$\pm$nan

Full GBA (mean$\pm$std)
GBA: nan$\pm$nan
Map Update: nan$\pm$nan
Total Full GBA: nan$\pm$nan

Num exec: 0
Num abort: 0
Number of KFs: nan$\pm$nan
Number of MPs: nan$\pm$nan

Saving trajectory to f_dataset-MH02_stereo_imu.txt ...
There are 1 maps in the atlas
  Map 0 has 129 KFs

End of saving trajectory to f_dataset-MH02_stereo_imu.txt ...

Saving keyframe trajectory to kf_dataset-MH02_stereo_imu.txt ...
