num_seq = 1
file name: dataset-MH05_stereo_imu
Loading images for sequence 0...LOADED!
Loading IMU for sequence 0...LOADED!

-------

ORB-SLAM3 Copyright (C) 2017-2020 Carlos Campos, Richard Elvira, Juan J. Gómez, José M.M. Montiel and Juan D. Tardós, University of Zaragoza.
ORB-SLAM2 Copyright (C) 2014-2016 Raúl Mur-Artal, José M.M. Montiel and Juan D. Tardós, University of Zaragoza.
This program comes with ABSOLUTELY NO WARRANTY;
This is free software, and you are welcome to redistribute it
under certain conditions. See LICENSE.txt.

Built with REGISTER_TIMES
Git Commit Hash: 5ee9387

Compiled with C++ version: 201703

Input sensor was set to: Stereo-Inertial
Loading settings from ./Examples/Stereo-Inertial/EuRoC_fov_deadlines_mask_12x12.yaml
	-Loaded camera 1
	-Loaded camera 2
	-Loaded image info
	-Loaded IMU calibration
	-Loaded ORB settings
	-Loaded viewer settings
	-Loaded Atlas settings
Deadlines enabled, will skip frames!
FOV enabled
Static mask size: 12x12
Dumping map points enabled
	-Loaded misc parameters
	-Computed rectification maps
----------------------------------
SLAM settings: 
	-Camera 1 parameters (Pinhole): [ 458.65399169921875 457.29598999023438 367.21499633789062 248.375 ]
	-Camera 1 distortion parameters: [  -0.28340810537338257 0.073959067463874817 0.00019359000725671649 1.7618711353861727e-05 ]
	-Camera 2 parameters (Pinhole: [ 457.58700561523438 456.13400268554688 379.99899291992188 255.23800659179688 ]
	-Camera 1 distortion parameters: [  -0.2836836576461792 0.074512839317321777 -0.00010473000293131918 -3.555907096597366e-05 ]
	-Original image size: [ 752 , 480 ]
	-Current image size: [ 752 , 480 ]
	-Camera 1 parameters after rectification: [  456.71499633789062 456.71499633789062 364.52615356445312 257.268798828125 ]
	-Sequence FPS: 20
	-Stereo baseline: 0.11007784307003021
	-Stereo depth threshold : 60
	-Gyro noise: 0.00016999999934341758
	-Accelerometer noise: 0.0020000000949949026
	-Gyro walk: 1.9392999092815444e-05
	-Accelerometer walk: 0.0030000000260770321
	-IMU frequency: 200
	-Features per image: 1200
	-ORB scale factor: 1.2000000476837158
	-ORB number of scales: 8
	-Initial FAST threshold: 20
	-Min FAST threshold: 7


Loading ORB Vocabulary. This could take a while...
Vocabulary loaded!

Initialization of Atlas from scratch 
Creation of new map with id: 0
Creation of new map with last KF id: 0
Seq. Name: 
There are 1 cameras in the atlas
Camera 0 is pinhole
SLAM Started at System Time: 1734437846.48924
not IMU meas
not IMU meas
not enough acceleration
not enough acceleration
not enough acceleration
not enough acceleration
not enough acceleration
not enough acceleration
not enough acceleration
not enough acceleration
not enough acceleration
not enough acceleration
not enough acceleration
not enough acceleration
not enough acceleration
not enough acceleration
not enough acceleration
not enough acceleration
not enough acceleration
not enough acceleration
not enough acceleration
not enough acceleration
not enough acceleration
not enough acceleration
not enough acceleration
not enough acceleration
not enough acceleration
not enough acceleration
not enough acceleration
not enough acceleration
not enough acceleration
not enough acceleration
not enough acceleration
not enough acceleration
not enough acceleration
not enough acceleration
not enough acceleration
not enough acceleration
not enough acceleration
not enough acceleration
not enough acceleration
not enough acceleration
not enough acceleration
not enough acceleration
not enough acceleration
not enough acceleration
not enough acceleration
not enough acceleration
not enough acceleration
not enough acceleration
not enough acceleration
not enough acceleration
not enough acceleration
not enough acceleration
not enough acceleration
not enough acceleration
not enough acceleration
not enough acceleration
not enough acceleration
not enough acceleration
not enough acceleration
not enough acceleration
not enough acceleration
not enough acceleration
not enough acceleration
not enough acceleration
not enough acceleration
not enough acceleration
not enough acceleration
not enough acceleration
not enough acceleration
not enough acceleration
not enough acceleration
not enough acceleration
not enough acceleration
not enough acceleration
not enough acceleration
not enough acceleration
not enough acceleration
not enough acceleration
First KF:0; Map init KF:0
New Map created with 124 points
Active map: 0
Dropping frame 1403638522.9778295
Dropping frame 1403638523.1778293
Dropping frame 1403638523.2778294
Dropping frame 1403638523.5278294
Dropping frame 1403638523.7278295
Dropping frame 1403638523.8278296
Dropping frame 1403638523.9778295
Dropping frame 1403638524.2278295
Dropping frame 1403638524.3278296
Dropping frame 1403638524.5278294
Dropping frame 1403638524.7778294
Dropping frame 1403638525.2778294
Dropping frame 1403638525.5278294
Dropping frame 1403638525.7778294
Dropping frame 1403638525.9278295
Dropping frame 1403638526.2278295
Dropping frame 1403638526.3278296
Dropping frame 1403638526.4778295
Dropping frame 1403638526.5778294
Dropping frame 1403638526.6778293
Dropping frame 1403638526.7778294
Dropping frame 1403638526.8778293
Dropping frame 1403638527.0778294
Dropping frame 1403638527.1778293
start VIBA 1
Dropping frame 1403638527.5278294
end VIBA 1
Dropping frame 1403638527.8278296
Dropping frame 1403638527.9278295
Dropping frame 1403638528.2278295
Dropping frame 1403638528.3778293
Dropping frame 1403638528.5778294
Dropping frame 1403638528.8278296
Dropping frame 1403638529.1778293
Dropping frame 1403638529.3778293
Dropping frame 1403638529.5778294
Dropping frame 1403638529.7778294
Dropping frame 1403638530.0778294
Dropping frame 1403638530.2778294
Dropping frame 1403638530.4278295
Dropping frame 1403638530.7778294
Dropping frame 1403638531.3278296
Dropping frame 1403638531.4278295
Dropping frame 1403638531.5278294
Not enough motion for initializing. Reseting...
TRACK: Reset map because local mapper set the bad imu flag 
LM: Active map reset recieved
LM: Active map reset, waiting...
LM: Reseting current map in Local Mapping...
LM: End reseting Local Mapping...
LM: Reset free the mutex
LM: Active map reset, Done!!!
mnFirstFrameId = 80
mnInitialFrameId = 0
150 Frames set to lost
not IMU meas
not enough acceleration
Dropping frame 1403638531.8278296
not enough acceleration
Dropping frame 1403638531.9278295
not enough acceleration
not enough acceleration
not enough acceleration
Dropping frame 1403638532.1278296
not enough acceleration
Dropping frame 1403638532.2278295
not enough acceleration
not enough acceleration
not enough acceleration
not enough acceleration
Dropping frame 1403638532.4778295
not enough acceleration
Dropping frame 1403638532.5778294
not enough acceleration
Dropping frame 1403638532.6778293
not enough acceleration
Dropping frame 1403638532.7778294
not enough acceleration
not enough acceleration
not enough acceleration
Dropping frame 1403638532.9778295
not enough acceleration
Dropping frame 1403638533.0778294
not enough acceleration
Dropping frame 1403638533.1778293
not enough acceleration
Dropping frame 1403638533.2778294
not enough acceleration
not enough acceleration
not enough acceleration
not enough acceleration
not enough acceleration
Dropping frame 1403638533.5778294
not enough acceleration
Dropping frame 1403638533.6778293
not enough acceleration
not enough acceleration
not enough acceleration
not enough acceleration
Dropping frame 1403638533.9278295
not enough acceleration
Dropping frame 1403638534.0278294
First KF:37; Map init KF:0
New Map created with 153 points
Active map: 0
Dropping frame 1403638534.1278296
Dropping frame 1403638534.3278296
Dropping frame 1403638534.4278295
Dropping frame 1403638535.4778295
Dropping frame 1403638535.6278296
Dropping frame 1403638536.8778293
Not enough motion for initializing. Reseting...
Dropping frame 1403638537.0778294
LM: Reseting current map in Local Mapping...
LM: End reseting Local Mapping...
LM: Reset free the mutex
Not enough motion for initializing. Reseting...
TRACK: Reset map because local mapper set the bad imu flag 
LM: Reseting current map in Local Mapping...
LM: End reseting Local Mapping...
LM: Reset free the mutex
LM: Active map reset recieved
LM: Active map reset, waiting...
LM: Reseting current map in Local Mapping...
LM: End reseting Local Mapping...
LM: Reset free the mutex
LM: Active map reset, Done!!!
mnFirstFrameId = 262
mnInitialFrameId = 230
213 Frames set to lost
not IMU meas
not enough acceleration
not enough acceleration
not enough acceleration
not enough acceleration
not enough acceleration
not enough acceleration
not enough acceleration
not enough acceleration
not enough acceleration
not enough acceleration
not enough acceleration
not enough acceleration
not enough acceleration
not enough acceleration
not enough acceleration
not enough acceleration
not enough acceleration
not enough acceleration
not enough acceleration
not enough acceleration
not enough acceleration
not enough acceleration
First KF:49; Map init KF:37
New Map created with 169 points
Active map: 0
start VIBA 1
end VIBA 1
Dropping frame 1403638546.3278296
Dropping frame 1403638547.0278294
Dropping frame 1403638547.1778293
Dropping frame 1403638547.4778295
Dropping frame 1403638547.6278296
Dropping frame 1403638547.7778294
Dropping frame 1403638548.1278296
Dropping frame 1403638548.2778294
Dropping frame 1403638548.4778295
Dropping frame 1403638548.5778294
Dropping frame 1403638548.6778293
Dropping frame 1403638548.8278296
Dropping frame 1403638549.1278296
Dropping frame 1403638549.2278295
Dropping frame 1403638549.3778293
Dropping frame 1403638549.6278296
Dropping frame 1403638549.7278295
Dropping frame 1403638550.0778294
Dropping frame 1403638550.2778294
Dropping frame 1403638550.4278295
Dropping frame 1403638550.9278295
Dropping frame 1403638551.9278295
Dropping frame 1403638552.0778294
Dropping frame 1403638552.2778294
Dropping frame 1403638552.3778293
Dropping frame 1403638552.6778293
Dropping frame 1403638552.7778294
Dropping frame 1403638552.8778293
Dropping frame 1403638553.0278294
Dropping frame 1403638553.1278296
Dropping frame 1403638553.2278295
Dropping frame 1403638553.3278296
Dropping frame 1403638553.4278295
Dropping frame 1403638553.5278294
Dropping frame 1403638553.6278296
Dropping frame 1403638553.7278295
Dropping frame 1403638553.8278296
Dropping frame 1403638553.9278295
Dropping frame 1403638554.0778294
Dropping frame 1403638554.1778293
start VIBA 2
Dropping frame 1403638554.3278296
Dropping frame 1403638554.4778295
end VIBA 2
Dropping frame 1403638554.7278295
Dropping frame 1403638554.8278296
Dropping frame 1403638554.9278295
Dropping frame 1403638555.2278295
Dropping frame 1403638555.4278295
Dropping frame 1403638555.5278294
Dropping frame 1403638555.6778293
Dropping frame 1403638555.7778294
Dropping frame 1403638555.8778293
Dropping frame 1403638555.9778295
Dropping frame 1403638556.0778294
Dropping frame 1403638556.1778293
Dropping frame 1403638556.2778294
Dropping frame 1403638556.4778295
Dropping frame 1403638556.5778294
Dropping frame 1403638556.7778294
Dropping frame 1403638556.8778293
Dropping frame 1403638556.9778295
Dropping frame 1403638557.0778294
Dropping frame 1403638557.3278296
Dropping frame 1403638557.4278295
Dropping frame 1403638557.6278296
Dropping frame 1403638557.7278295
Dropping frame 1403638557.9278295
Dropping frame 1403638558.0278294
Dropping frame 1403638558.1278296
Dropping frame 1403638558.2278295
Dropping frame 1403638558.3278296
Dropping frame 1403638558.4278295
Dropping frame 1403638558.6278296
Dropping frame 1403638558.7278295
Dropping frame 1403638558.9278295
Dropping frame 1403638559.0278294
Dropping frame 1403638559.1278296
Dropping frame 1403638559.3278296
Dropping frame 1403638559.5278294
Dropping frame 1403638559.7278295
Dropping frame 1403638559.8278296
Dropping frame 1403638560.0278294
Dropping frame 1403638560.1278296
Dropping frame 1403638560.2278295
Dropping frame 1403638560.3278296
Dropping frame 1403638560.4278295
Dropping frame 1403638560.6278296
Dropping frame 1403638560.8278296
Dropping frame 1403638560.9278295
Dropping frame 1403638561.1278296
Dropping frame 1403638561.2278295
Dropping frame 1403638561.3278296
Dropping frame 1403638561.5778294
Dropping frame 1403638561.7778294
Dropping frame 1403638561.8778293
Dropping frame 1403638562.0278294
Dropping frame 1403638562.1278296
Dropping frame 1403638562.2278295
Dropping frame 1403638562.4278295
Dropping frame 1403638562.5278294
Dropping frame 1403638562.7778294
Dropping frame 1403638562.8778293
Dropping frame 1403638563.0778294
Dropping frame 1403638563.1778293
Dropping frame 1403638563.2778294
Dropping frame 1403638563.3778293
Dropping frame 1403638563.8278296
Dropping frame 1403638563.9278295
Dropping frame 1403638565.6778293
Dropping frame 1403638565.9778295
Dropping frame 1403638566.1778293
Dropping frame 1403638566.3778293
Dropping frame 1403638566.4778295
Dropping frame 1403638566.6778293
Dropping frame 1403638566.8778293
Dropping frame 1403638567.0778294
Dropping frame 1403638567.2778294
Dropping frame 1403638567.4778295
Dropping frame 1403638567.6778293
Dropping frame 1403638567.8778293
Dropping frame 1403638568.0778294
Dropping frame 1403638568.2778294
Dropping frame 1403638568.4778295
Dropping frame 1403638568.5778294
Dropping frame 1403638568.7778294
Dropping frame 1403638568.9778295
Dropping frame 1403638569.2278295
Dropping frame 1403638569.4778295
Dropping frame 1403638569.5778294
Dropping frame 1403638569.6778293
Dropping frame 1403638569.7778294
Dropping frame 1403638569.9778295
Dropping frame 1403638570.1778293
Dropping frame 1403638570.3778293
Dropping frame 1403638570.4778295
Dropping frame 1403638570.5778294
Dropping frame 1403638570.8778293
Dropping frame 1403638570.9778295
Dropping frame 1403638571.3778293
Dropping frame 1403638571.4778295
Dropping frame 1403638571.6778293
Dropping frame 1403638571.8778293
Dropping frame 1403638572.0778294
Dropping frame 1403638572.2778294
Dropping frame 1403638572.4778295
Dropping frame 1403638572.6778293
Dropping frame 1403638572.8778293
Dropping frame 1403638572.9778295
Dropping frame 1403638573.2278295
Dropping frame 1403638573.4278295
Dropping frame 1403638573.5278294
Dropping frame 1403638573.6278296
Dropping frame 1403638573.8278296
Dropping frame 1403638574.0278294
Dropping frame 1403638574.2278295
Dropping frame 1403638574.4278295
Dropping frame 1403638574.5778294
Dropping frame 1403638574.6778293
Dropping frame 1403638574.8778293
Dropping frame 1403638575.0778294
Dropping frame 1403638575.1778293
Dropping frame 1403638575.4278295
Dropping frame 1403638575.6278296
Dropping frame 1403638575.7278295
Dropping frame 1403638575.8278296
Dropping frame 1403638576.0278294
Dropping frame 1403638576.2278295
Dropping frame 1403638576.4278295
Dropping frame 1403638576.6278296
Dropping frame 1403638576.8278296
Dropping frame 1403638577.0278294
Dropping frame 1403638577.1278296
Dropping frame 1403638577.2278295
Dropping frame 1403638577.4278295
Dropping frame 1403638577.6278296
Dropping frame 1403638577.7278295
Dropping frame 1403638577.8278296
Dropping frame 1403638578.0278294
Dropping frame 1403638578.2278295
Dropping frame 1403638578.4278295
Dropping frame 1403638578.5278294
Dropping frame 1403638578.6278296
Dropping frame 1403638578.8278296
Dropping frame 1403638578.9278295
Dropping frame 1403638579.0278294
Dropping frame 1403638579.2278295
Dropping frame 1403638579.3278296
Dropping frame 1403638579.4278295
Dropping frame 1403638579.6278296
Dropping frame 1403638579.8278296
Dropping frame 1403638579.9278295
Dropping frame 1403638580.1778293
Dropping frame 1403638580.3778293
Dropping frame 1403638580.5778294
Dropping frame 1403638580.7778294
Dropping frame 1403638580.9778295
Dropping frame 1403638581.0778294
Dropping frame 1403638581.3278296
Dropping frame 1403638581.4278295
Dropping frame 1403638581.8278296
Dropping frame 1403638582.2778294
Dropping frame 1403638582.7778294
Dropping frame 1403638582.9278295
Dropping frame 1403638583.1278296
Dropping frame 1403638583.3278296
Dropping frame 1403638583.4278295
Dropping frame 1403638583.6278296
Dropping frame 1403638583.8278296
Dropping frame 1403638584.0278294
Dropping frame 1403638584.1278296
Dropping frame 1403638584.2278295
Dropping frame 1403638584.4278295
Dropping frame 1403638584.6278296
Dropping frame 1403638584.7778294
Dropping frame 1403638585.0278294
Dropping frame 1403638585.2278295
Dropping frame 1403638585.5278294
Dropping frame 1403638585.8778293
Dropping frame 1403638586.0778294
Dropping frame 1403638586.7778294
Dropping frame 1403638586.8778293
Dropping frame 1403638587.6278296
Dropping frame 1403638587.9278295
Dropping frame 1403638588.7778294
Dropping frame 1403638589.1778293
Dropping frame 1403638589.2778294
Dropping frame 1403638589.5778294
Dropping frame 1403638589.6778293
Dropping frame 1403638590.0278294
Dropping frame 1403638590.1278296
Dropping frame 1403638590.3778293
Dropping frame 1403638590.4778295
Dropping frame 1403638590.7278295
Dropping frame 1403638591.0278294
Dropping frame 1403638591.1278296
Dropping frame 1403638591.2278295
Dropping frame 1403638591.4278295
Dropping frame 1403638591.5278294
Dropping frame 1403638591.6278296
Dropping frame 1403638591.8278296
Dropping frame 1403638591.9278295
Dropping frame 1403638592.0278294
Dropping frame 1403638592.2278295
Dropping frame 1403638592.3778293
Dropping frame 1403638592.5778294
Dropping frame 1403638592.6778293
Dropping frame 1403638592.9278295
Dropping frame 1403638593.0278294
Dropping frame 1403638593.1278296
Dropping frame 1403638593.3278296
Dropping frame 1403638593.4278295
Dropping frame 1403638593.5278294
Dropping frame 1403638593.7278295
Dropping frame 1403638593.9278295
Dropping frame 1403638594.0278294
Dropping frame 1403638594.1278296
Dropping frame 1403638594.3278296
Dropping frame 1403638594.4278295
Dropping frame 1403638594.5278294
Dropping frame 1403638594.7278295
Dropping frame 1403638594.8278296
Dropping frame 1403638594.9278295
Dropping frame 1403638595.0278294
Dropping frame 1403638595.2278295
Dropping frame 1403638595.3278296
Dropping frame 1403638595.4278295
Dropping frame 1403638595.5278294
Dropping frame 1403638595.7278295
Dropping frame 1403638595.9278295
Dropping frame 1403638596.1278296
Dropping frame 1403638596.3278296
Dropping frame 1403638596.4278295
Dropping frame 1403638596.5278294
Dropping frame 1403638596.7278295
Dropping frame 1403638596.8278296
Dropping frame 1403638596.9278295
Dropping frame 1403638597.1278296
Dropping frame 1403638597.2278295
Dropping frame 1403638597.3278296
Dropping frame 1403638597.5278294
Dropping frame 1403638597.7278295
Dropping frame 1403638597.9278295
Dropping frame 1403638598.0278294
Dropping frame 1403638598.1278296
Dropping frame 1403638598.2278295
Dropping frame 1403638598.3278296
Dropping frame 1403638598.5278294
Dropping frame 1403638598.7278295
Dropping frame 1403638598.8278296
Dropping frame 1403638598.9278295
Dropping frame 1403638599.0278294
Dropping frame 1403638599.1778293
Dropping frame 1403638599.2778294
Dropping frame 1403638599.4778295
Dropping frame 1403638599.6778293
Dropping frame 1403638599.7778294
Dropping frame 1403638599.8778293
Dropping frame 1403638600.0778294
Dropping frame 1403638600.1778293
Dropping frame 1403638600.4278295
Dropping frame 1403638600.5278294
Dropping frame 1403638600.8278296
Dropping frame 1403638600.9278295
Dropping frame 1403638601.1278296
Dropping frame 1403638601.2278295
Dropping frame 1403638601.3278296
Dropping frame 1403638601.5278294
Dropping frame 1403638601.6278296
Dropping frame 1403638601.8778293
Dropping frame 1403638601.9778295
Dropping frame 1403638602.2278295
Dropping frame 1403638602.4278295
Dropping frame 1403638602.5278294
Dropping frame 1403638602.6778293
Dropping frame 1403638602.8778293
Dropping frame 1403638602.9778295
Dropping frame 1403638603.3778293
Dropping frame 1403638603.5778294
Dropping frame 1403638603.6778293
Dropping frame 1403638603.7778294
Dropping frame 1403638603.9778295
Dropping frame 1403638604.0778294
Dropping frame 1403638604.3778293
Dropping frame 1403638604.6278296
Dropping frame 1403638605.2778294
Dropping frame 1403638605.5778294
Dropping frame 1403638605.7278295
Dropping frame 1403638605.9278295
Dropping frame 1403638606.4278295
Dropping frame 1403638606.5278294
Dropping frame 1403638606.7778294
Dropping frame 1403638606.9778295
Dropping frame 1403638607.1778293
Dropping frame 1403638607.4778295
Dropping frame 1403638607.8278296
Dropping frame 1403638608.1778293
Dropping frame 1403638608.3778293
Dropping frame 1403638608.6778293
Dropping frame 1403638608.9778295
Dropping frame 1403638609.3278296
Dropping frame 1403638609.6278296
Dropping frame 1403638609.7278295
Dropping frame 1403638610.1278296
Dropping frame 1403638610.4278295
Dropping frame 1403638610.6278296
Dropping frame 1403638610.9278295
Dropping frame 1403638611.2278295
Dropping frame 1403638611.4278295
Dropping frame 1403638611.6278296
Dropping frame 1403638611.9278295
Dropping frame 1403638612.1278296
Dropping frame 1403638612.4278295
Dropping frame 1403638612.7778294
Dropping frame 1403638613.0778294
Dropping frame 1403638613.2778294
Dropping frame 1403638613.3778293
Dropping frame 1403638613.6278296
Dropping frame 1403638613.8278296
Dropping frame 1403638615.3278296
Dropping frame 1403638617.3278296
Dropping frame 1403638619.2778294
Dropping frame 1403638619.8278296
Dropping frame 1403638623.4278295
Dropping frame 1403638625.2278295
Dropping frame 1403638625.7778294
Dropping frame 1403638626.2278295
Dropping frame 1403638626.4278295
Dropping frame 1403638626.5278294
Dropping frame 1403638626.8278296
Dropping frame 1403638627.0278294
Dropping frame 1403638627.1778293
Dropping frame 1403638627.4278295
Dropping frame 1403638627.5278294
Dropping frame 1403638627.6278296
Dropping frame 1403638627.9278295
Dropping frame 1403638628.1278296
Dropping frame 1403638628.3278296
Dropping frame 1403638628.4278295
Dropping frame 1403638628.6778293
Dropping frame 1403638628.8778293
Dropping frame 1403638629.0778294
Dropping frame 1403638629.1778293
Dropping frame 1403638629.2778294
Dropping frame 1403638629.4778295
Dropping frame 1403638629.6778293
Dropping frame 1403638629.8778293
Dropping frame 1403638629.9778295
Dropping frame 1403638630.0778294
Dropping frame 1403638630.2778294
Dropping frame 1403638630.3778293
Dropping frame 1403638630.5778294
Dropping frame 1403638630.6778293
Dropping frame 1403638630.9278295
Dropping frame 1403638631.1278296
Dropping frame 1403638631.2278295
Dropping frame 1403638631.3278296
Dropping frame 1403638631.4278295
Dropping frame 1403638631.6278296
Shutdown
SLAM Finished at System Time: 1734437983.45804

 TIME STATS in ms (mean$\pm$std)
OpenCV version: 4.8.1
---------------------------
Tracking

ORB Extraction: 18.629$\pm$2.3438
Stereo Matching: 8.2866$\pm$1.9211
IMU Preintegration: 0.20754$\pm$0.079892
Pose Prediction: 0.48989$\pm$1.315
LM Track: 17.745$\pm$5.4074
New KF decision: 1.0645$\pm$1.8117
Total Tracking: 32.987$\pm$24.664



Local Mapping

KF Insertion: 14.107$\pm$4.9622
MP Culling: 0.46947$\pm$0.19817
MP Creation: 44.442$\pm$16.782
LBA: 144.35$\pm$45.365
KF Culling: 11.058$\pm$8.2414
Total Local Mapping: 214.06$\pm$70.216
---------------------------

LBA complexity (mean$\pm$std)
LBA Edges: 1647.4$\pm$988.03
LBA KF optimized: 6.5$\pm$2.2913
LBA KF fixed: 1$\pm$0
LBA MP: nan$\pm$nan

LBA executions: 405
LBA aborts: 0
---------------------------

Map complexity
KFs in map: 165
MPs in map: 13125
---------------------------

Place Recognition (mean$\pm$std)
Database Query: 2.1312$\pm$1.1385
SE3 estimation: 25.77$\pm$17.432
Total Place Recognition: 20.036$\pm$19.832


Loop Closing (mean$\pm$std)
Loop Fusion: nan$\pm$nan
Essential Graph: nan$\pm$nan
Total Loop Closing: nan$\pm$nan

Num exec: 0
Number of KFs: nan$\pm$nan

Map Merging (mean$\pm$std)
Merge Maps: nan$\pm$nan
Welding BA: nan$\pm$nan
Optimization Ess.: nan$\pm$nan
Total Map Merging: nan$\pm$nan

Num exec: 0
Number of KFs: nan$\pm$nan
Number of MPs: nan$\pm$nan

Full GBA (mean$\pm$std)
GBA: nan$\pm$nan
Map Update: nan$\pm$nan
Total Full GBA: nan$\pm$nan

Num exec: 0
Num abort: 0
Number of KFs: nan$\pm$nan
Number of MPs: nan$\pm$nan

Saving trajectory to f_dataset-MH05_stereo_imu.txt ...
There are 1 maps in the atlas
  Map 0 has 165 KFs

End of saving trajectory to f_dataset-MH05_stereo_imu.txt ...

Saving keyframe trajectory to kf_dataset-MH05_stereo_imu.txt ...
