num_seq = 1
file name: dataset-MH05_stereo_imu
Loading images for sequence 0...LOADED!
Loading IMU for sequence 0...LOADED!

-------

ORB-SLAM3 Copyright (C) 2017-2020 Carlos Campos, Richard Elvira, Juan J. Gómez, José M.M. Montiel and Juan D. Tardós, University of Zaragoza.
ORB-SLAM2 Copyright (C) 2014-2016 Raúl Mur-Artal, José M.M. Montiel and Juan D. Tardós, University of Zaragoza.
This program comes with ABSOLUTELY NO WARRANTY;
This is free software, and you are welcome to redistribute it
under certain conditions. See LICENSE.txt.

Built with REGISTER_TIMES
Git Commit Hash: 5ee9387

Compiled with C++ version: 201703

Input sensor was set to: Stereo-Inertial
Loading settings from ./Examples/Stereo-Inertial/EuRoC_fov_deadlines_mask_7x7.yaml
	-Loaded camera 1
	-Loaded camera 2
	-Loaded image info
	-Loaded IMU calibration
	-Loaded ORB settings
	-Loaded viewer settings
	-Loaded Atlas settings
Deadlines enabled, will skip frames!
FOV enabled
Static mask size: 7x7
Dumping map points enabled
	-Loaded misc parameters
	-Computed rectification maps
----------------------------------
SLAM settings: 
	-Camera 1 parameters (Pinhole): [ 458.65399169921875 457.29598999023438 367.21499633789062 248.375 ]
	-Camera 1 distortion parameters: [  -0.28340810537338257 0.073959067463874817 0.00019359000725671649 1.7618711353861727e-05 ]
	-Camera 2 parameters (Pinhole: [ 457.58700561523438 456.13400268554688 379.99899291992188 255.23800659179688 ]
	-Camera 1 distortion parameters: [  -0.2836836576461792 0.074512839317321777 -0.00010473000293131918 -3.555907096597366e-05 ]
	-Original image size: [ 752 , 480 ]
	-Current image size: [ 752 , 480 ]
	-Camera 1 parameters after rectification: [  456.71499633789062 456.71499633789062 364.52615356445312 257.268798828125 ]
	-Sequence FPS: 20
	-Stereo baseline: 0.11007784307003021
	-Stereo depth threshold : 60
	-Gyro noise: 0.00016999999934341758
	-Accelerometer noise: 0.0020000000949949026
	-Gyro walk: 1.9392999092815444e-05
	-Accelerometer walk: 0.0030000000260770321
	-IMU frequency: 200
	-Features per image: 1200
	-ORB scale factor: 1.2000000476837158
	-ORB number of scales: 8
	-Initial FAST threshold: 20
	-Min FAST threshold: 7


Loading ORB Vocabulary. This could take a while...
Vocabulary loaded!

Initialization of Atlas from scratch 
Creation of new map with id: 0
Creation of new map with last KF id: 0
Seq. Name: 
There are 1 cameras in the atlas
Camera 0 is pinhole
SLAM Started at System Time: 1734433504.24137
not IMU meas
not IMU meas
not enough acceleration
not enough acceleration
not enough acceleration
not enough acceleration
not enough acceleration
not enough acceleration
not enough acceleration
not enough acceleration
not enough acceleration
not enough acceleration
not enough acceleration
not enough acceleration
not enough acceleration
not enough acceleration
not enough acceleration
not enough acceleration
not enough acceleration
not enough acceleration
not enough acceleration
not enough acceleration
not enough acceleration
not enough acceleration
not enough acceleration
not enough acceleration
not enough acceleration
not enough acceleration
not enough acceleration
not enough acceleration
not enough acceleration
not enough acceleration
not enough acceleration
not enough acceleration
not enough acceleration
not enough acceleration
not enough acceleration
not enough acceleration
not enough acceleration
not enough acceleration
not enough acceleration
not enough acceleration
not enough acceleration
not enough acceleration
not enough acceleration
not enough acceleration
not enough acceleration
not enough acceleration
not enough acceleration
not enough acceleration
not enough acceleration
not enough acceleration
not enough acceleration
not enough acceleration
not enough acceleration
not enough acceleration
not enough acceleration
not enough acceleration
not enough acceleration
not enough acceleration
not enough acceleration
not enough acceleration
not enough acceleration
not enough acceleration
not enough acceleration
not enough acceleration
not enough acceleration
not enough acceleration
not enough acceleration
not enough acceleration
not enough acceleration
not enough acceleration
not enough acceleration
not enough acceleration
not enough acceleration
not enough acceleration
not enough acceleration
not enough acceleration
not enough acceleration
not enough acceleration
First KF:0; Map init KF:0
New Map created with 91 points
Active map: 0
Dropping frame 1403638522.9778295
Dropping frame 1403638523.1778293
Dropping frame 1403638523.4778295
Dropping frame 1403638523.6278296
Dropping frame 1403638523.9278295
Dropping frame 1403638524.1778293
Dropping frame 1403638524.3278296
Dropping frame 1403638524.6278296
Dropping frame 1403638525.0278294
Dropping frame 1403638525.2778294
Dropping frame 1403638525.4278295
Dropping frame 1403638525.6778293
Dropping frame 1403638526.1778293
Dropping frame 1403638526.2778294
Dropping frame 1403638526.4278295
Dropping frame 1403638526.6278296
Dropping frame 1403638526.7278295
Dropping frame 1403638526.9278295
Dropping frame 1403638527.2778294
start VIBA 1
end VIBA 1
Dropping frame 1403638527.8778293
Dropping frame 1403638528.0778294
Dropping frame 1403638528.1778293
Dropping frame 1403638528.4278295
Dropping frame 1403638528.6778293
Dropping frame 1403638528.8778293
Dropping frame 1403638528.9778295
Dropping frame 1403638529.6778293
Dropping frame 1403638530.0778294
Dropping frame 1403638530.3778293
Dropping frame 1403638530.6778293
Dropping frame 1403638530.8778293
Dropping frame 1403638531.0778294
Not enough motion for initializing. Reseting...
TRACK: Reset map because local mapper set the bad imu flag 
LM: Active map reset recieved
LM: Active map reset, waiting...
LM: Reseting current map in Local Mapping...
LM: End reseting Local Mapping...
LM: Reset free the mutex
LM: Active map reset, Done!!!
mnFirstFrameId = 80
mnInitialFrameId = 0
151 Frames set to lost
not IMU meas
First KF:41; Map init KF:0
New Map created with 143 points
Active map: 0
Dropping frame 1403638531.3778293
Dropping frame 1403638531.6278296
Dropping frame 1403638531.7278295
Dropping frame 1403638531.8278296
Dropping frame 1403638532.0278294
Dropping frame 1403638532.2278295
Dropping frame 1403638532.3278296
Dropping frame 1403638532.4278295
Dropping frame 1403638533.1278296
Not enough motion for initializing. Reseting...
LM: Reseting current map in Local Mapping...
LM: End reseting Local Mapping...
LM: Reset free the mutex
Not enough motion for initializing. Reseting...
TRACK: Reset map because local mapper set the bad imu flag 
LM: Reseting current map in Local Mapping...
LM: End reseting Local Mapping...
LM: Reset free the mutex
LM: Active map reset recieved
LM: Active map reset, waiting...
LM: Reseting current map in Local Mapping...
LM: End reseting Local Mapping...
LM: Reset free the mutex
LM: Active map reset, Done!!!
mnFirstFrameId = 233
mnInitialFrameId = 231
198 Frames set to lost
not IMU meas
not enough acceleration
not enough acceleration
not enough acceleration
not enough acceleration
not enough acceleration
not enough acceleration
not enough acceleration
not enough acceleration
not enough acceleration
not enough acceleration
not enough acceleration
not enough acceleration
not enough acceleration
not enough acceleration
not enough acceleration
Dropping frame 1403638534.9778295
not enough acceleration
not enough acceleration
not enough acceleration
not enough acceleration
not enough acceleration
not enough acceleration
not enough acceleration
not enough acceleration
not enough acceleration
not enough acceleration
not enough acceleration
not enough acceleration
not enough acceleration
not enough acceleration
not enough acceleration
not enough acceleration
not enough acceleration
not enough acceleration
not enough acceleration
not enough acceleration
not enough acceleration
not enough acceleration
not enough acceleration
not enough acceleration
not enough acceleration
not enough acceleration
not enough acceleration
not enough acceleration
not enough acceleration
not enough acceleration
not enough acceleration
not enough acceleration
not enough acceleration
not enough acceleration
not enough acceleration
not enough acceleration
not enough acceleration
not enough acceleration
not enough acceleration
not enough acceleration
not enough acceleration
not enough acceleration
not enough acceleration
not enough acceleration
not enough acceleration
not enough acceleration
not enough acceleration
not enough acceleration
not enough acceleration
not enough acceleration
not enough acceleration
not enough acceleration
not enough acceleration
not enough acceleration
not enough acceleration
not enough acceleration
not enough acceleration
not enough acceleration
not enough acceleration
not enough acceleration
not enough acceleration
not enough acceleration
not enough acceleration
not enough acceleration
not enough acceleration
not enough acceleration
not enough acceleration
not enough acceleration
not enough acceleration
not enough acceleration
not enough acceleration
not enough acceleration
not enough acceleration
not enough acceleration
not enough acceleration
First KF:53; Map init KF:41
New Map created with 138 points
Active map: 0
start VIBA 1
end VIBA 1
Dropping frame 1403638544.7778294
Dropping frame 1403638545.0778294
Dropping frame 1403638545.6278296
Dropping frame 1403638545.8778293
Dropping frame 1403638545.9778295
Dropping frame 1403638546.0778294
Dropping frame 1403638546.2778294
Dropping frame 1403638546.4278295
Dropping frame 1403638546.5278294
Dropping frame 1403638546.7278295
Dropping frame 1403638546.8778293
Dropping frame 1403638546.9778295
Dropping frame 1403638547.4278295
Dropping frame 1403638548.1778293
Dropping frame 1403638548.4778295
Dropping frame 1403638549.4778295
Dropping frame 1403638549.5778294
Dropping frame 1403638549.7278295
Dropping frame 1403638549.8778293
Dropping frame 1403638550.0778294
Dropping frame 1403638550.1778293
Dropping frame 1403638550.2778294
Dropping frame 1403638550.5778294
Dropping frame 1403638550.6778293
Dropping frame 1403638550.9278295
Dropping frame 1403638551.0278294
Dropping frame 1403638551.3778293
Dropping frame 1403638551.5278294
Dropping frame 1403638551.7778294
Dropping frame 1403638551.9778295
Dropping frame 1403638552.1778293
Dropping frame 1403638552.2778294
Dropping frame 1403638552.5278294
Dropping frame 1403638552.6278296
Dropping frame 1403638552.8278296
Dropping frame 1403638553.0278294
Dropping frame 1403638553.1278296
Dropping frame 1403638553.2278295
Dropping frame 1403638553.4278295
Dropping frame 1403638553.5278294
Dropping frame 1403638553.7278295
Dropping frame 1403638553.9278295
Dropping frame 1403638554.0278294
start VIBA 2
Dropping frame 1403638554.1278296
end VIBA 2
Dropping frame 1403638554.5778294
Dropping frame 1403638554.6778293
Dropping frame 1403638554.8778293
Dropping frame 1403638554.9778295
Dropping frame 1403638555.0778294
Dropping frame 1403638555.1778293
Dropping frame 1403638555.5278294
Dropping frame 1403638555.7778294
Dropping frame 1403638556.1278296
Dropping frame 1403638556.3778293
Dropping frame 1403638556.5278294
Dropping frame 1403638556.9778295
Dropping frame 1403638557.1778293
Dropping frame 1403638557.4278295
Dropping frame 1403638557.6278296
Dropping frame 1403638557.7278295
Dropping frame 1403638557.9278295
Dropping frame 1403638558.0278294
Dropping frame 1403638558.2278295
Dropping frame 1403638558.5278294
Dropping frame 1403638558.7278295
Dropping frame 1403638558.9278295
Dropping frame 1403638559.3278296
Dropping frame 1403638559.8278296
Dropping frame 1403638560.0278294
Dropping frame 1403638560.1278296
Dropping frame 1403638560.2278295
Dropping frame 1403638560.5778294
Dropping frame 1403638560.6778293
Dropping frame 1403638560.8778293
Dropping frame 1403638561.0278294
Dropping frame 1403638561.9778295
Dropping frame 1403638562.0778294
Dropping frame 1403638562.3278296
Dropping frame 1403638562.5278294
Dropping frame 1403638562.6278296
Dropping frame 1403638562.7278295
Dropping frame 1403638562.9278295
Dropping frame 1403638563.0278294
Dropping frame 1403638563.1278296
Dropping frame 1403638563.3278296
Dropping frame 1403638563.5278294
Dropping frame 1403638563.7278295
Dropping frame 1403638563.8278296
Dropping frame 1403638563.9278295
Dropping frame 1403638564.1278296
Dropping frame 1403638564.3278296
Dropping frame 1403638564.4278295
Dropping frame 1403638564.6778293
Dropping frame 1403638564.7778294
Dropping frame 1403638564.8778293
Dropping frame 1403638565.0778294
Dropping frame 1403638565.2778294
Dropping frame 1403638565.4778295
Dropping frame 1403638565.5778294
Dropping frame 1403638565.7278295
Dropping frame 1403638565.9278295
Dropping frame 1403638566.1778293
Dropping frame 1403638566.3778293
Dropping frame 1403638566.4778295
Dropping frame 1403638566.5778294
Dropping frame 1403638566.7778294
Dropping frame 1403638566.9778295
Dropping frame 1403638567.1778293
Dropping frame 1403638567.3778293
Dropping frame 1403638567.4778295
Dropping frame 1403638567.5778294
Dropping frame 1403638567.9278295
Dropping frame 1403638568.0278294
Dropping frame 1403638568.1278296
Dropping frame 1403638568.2278295
Dropping frame 1403638568.4278295
Dropping frame 1403638568.5278294
Dropping frame 1403638568.6278296
Dropping frame 1403638568.9778295
Dropping frame 1403638569.0778294
Dropping frame 1403638569.1778293
Dropping frame 1403638569.4278295
Dropping frame 1403638569.5278294
Dropping frame 1403638569.7278295
Dropping frame 1403638569.8278296
Dropping frame 1403638569.9278295
Dropping frame 1403638570.6278296
Dropping frame 1403638570.7278295
Dropping frame 1403638570.8278296
Dropping frame 1403638570.9278295
Dropping frame 1403638571.1278296
Dropping frame 1403638571.2278295
Dropping frame 1403638571.3278296
Dropping frame 1403638571.5278294
Dropping frame 1403638571.7278295
Dropping frame 1403638571.8278296
Dropping frame 1403638571.9278295
Dropping frame 1403638572.1278296
Dropping frame 1403638572.3278296
Dropping frame 1403638572.4278295
Dropping frame 1403638572.6778293
Dropping frame 1403638572.7778294
Dropping frame 1403638572.8778293
Dropping frame 1403638573.0278294
Dropping frame 1403638573.2278295
Dropping frame 1403638573.3778293
Dropping frame 1403638573.6278296
Dropping frame 1403638573.7278295
Dropping frame 1403638573.9278295
Dropping frame 1403638574.0278294
Dropping frame 1403638574.2778294
Dropping frame 1403638574.5278294
Dropping frame 1403638574.6278296
Dropping frame 1403638574.7278295
Dropping frame 1403638575.2278295
Dropping frame 1403638575.3278296
Dropping frame 1403638575.5778294
Dropping frame 1403638575.7778294
Dropping frame 1403638575.9778295
Dropping frame 1403638576.4278295
Dropping frame 1403638576.6278296
Dropping frame 1403638576.9778295
Dropping frame 1403638577.2278295
Dropping frame 1403638578.3778293
Dropping frame 1403638578.4778295
Dropping frame 1403638578.7778294
Dropping frame 1403638578.8778293
Dropping frame 1403638579.1278296
Dropping frame 1403638579.3278296
Dropping frame 1403638579.5278294
Dropping frame 1403638579.8278296
Dropping frame 1403638580.2278295
Dropping frame 1403638580.3278296
Dropping frame 1403638580.6278296
Dropping frame 1403638581.0778294
Dropping frame 1403638581.4278295
Dropping frame 1403638581.5278294
Dropping frame 1403638581.7778294
Dropping frame 1403638581.8778293
Dropping frame 1403638582.1278296
Dropping frame 1403638582.3278296
Dropping frame 1403638582.4778295
Dropping frame 1403638582.5778294
Dropping frame 1403638582.9278295
Dropping frame 1403638583.1278296
Dropping frame 1403638583.4278295
Dropping frame 1403638583.9778295
Dropping frame 1403638584.1778293
Dropping frame 1403638584.5278294
Dropping frame 1403638585.5778294
Dropping frame 1403638585.8778293
Dropping frame 1403638586.2778294
Dropping frame 1403638586.8778293
Dropping frame 1403638587.0778294
Dropping frame 1403638587.3278296
Dropping frame 1403638587.5778294
Dropping frame 1403638587.7778294
Dropping frame 1403638587.9778295
Dropping frame 1403638588.1778293
Dropping frame 1403638588.4778295
Dropping frame 1403638588.6778293
Dropping frame 1403638588.8778293
Dropping frame 1403638589.0278294
Dropping frame 1403638589.1278296
Dropping frame 1403638589.2278295
Dropping frame 1403638589.3278296
Dropping frame 1403638589.5278294
Dropping frame 1403638589.7278295
Dropping frame 1403638589.9278295
Dropping frame 1403638590.0278294
Dropping frame 1403638590.1278296
Dropping frame 1403638590.5278294
Dropping frame 1403638590.6278296
Dropping frame 1403638590.7278295
Dropping frame 1403638590.9278295
Dropping frame 1403638591.1278296
Dropping frame 1403638591.3278296
Dropping frame 1403638591.4278295
Dropping frame 1403638591.5278294
Dropping frame 1403638591.6278296
Dropping frame 1403638591.7278295
Dropping frame 1403638591.8278296
Dropping frame 1403638591.9278295
Dropping frame 1403638592.0278294
Dropping frame 1403638592.1278296
Dropping frame 1403638592.3278296
Dropping frame 1403638592.5778294
Dropping frame 1403638592.7778294
Dropping frame 1403638592.9778295
Dropping frame 1403638593.1778293
Dropping frame 1403638593.3278296
Dropping frame 1403638593.5278294
Dropping frame 1403638593.7278295
Dropping frame 1403638593.9278295
Dropping frame 1403638594.0278294
Dropping frame 1403638594.5278294
Dropping frame 1403638594.7278295
Dropping frame 1403638594.9778295
Dropping frame 1403638595.2778294
Dropping frame 1403638595.6778293
Dropping frame 1403638595.7778294
Dropping frame 1403638596.0778294
Dropping frame 1403638596.2778294
Dropping frame 1403638596.5278294
Dropping frame 1403638596.7278295
Dropping frame 1403638596.8278296
Dropping frame 1403638597.0778294
Dropping frame 1403638597.3778293
Dropping frame 1403638597.6778293
Dropping frame 1403638598.2778294
Dropping frame 1403638598.6278296
Dropping frame 1403638598.9778295
Dropping frame 1403638599.3278296
Dropping frame 1403638599.5278294
Dropping frame 1403638599.9778295
Dropping frame 1403638600.4778295
Dropping frame 1403638618.3778293
Dropping frame 1403638618.8278296
Dropping frame 1403638619.8278296
Dropping frame 1403638620.0278294
Dropping frame 1403638620.2278295
*Loop detected
phi =  0.011744133233523505 -0.007170201176160601  0.017196219357363304
BAD LOOP!!!
Dropping frame 1403638620.5778294
Dropping frame 1403638620.7778294
Dropping frame 1403638621.3778293
Dropping frame 1403638621.4778295
*Loop detected
phi = 0.018406725880496438 -0.01265717290863164 0.011281392749211049
BAD LOOP!!!
Dropping frame 1403638621.7278295
*Loop detected
phi =   0.014454772393420225 -0.0074022064592694998   0.019611833842872156
BAD LOOP!!!
Dropping frame 1403638621.8778293
*Loop detected
phi =  0.0054639400267837337 -0.0010558482231350405   0.016514549708751328
Local Mapping STOP
Local Mapping RELEASE
Dropping frame 1403638622.5278294
Dropping frame 1403638622.6278296
Dropping frame 1403638622.8778293
Dropping frame 1403638623.0278294
Dropping frame 1403638623.6278296
Dropping frame 1403638623.7278295
Local Mapping STOP
Local Mapping RELEASE
Dropping frame 1403638624.8778293
Dropping frame 1403638625.2278295
Dropping frame 1403638625.7278295
Dropping frame 1403638625.9278295
Dropping frame 1403638626.0278294
Dropping frame 1403638626.3778293
Dropping frame 1403638626.6778293
Dropping frame 1403638627.0278294
Dropping frame 1403638627.4778295
Dropping frame 1403638627.8278296
Dropping frame 1403638628.2778294
Dropping frame 1403638628.6278296
Dropping frame 1403638629.3778293
Dropping frame 1403638629.8278296
Dropping frame 1403638629.9278295
Dropping frame 1403638630.2778294
Dropping frame 1403638630.5778294
Dropping frame 1403638631.0278294
Dropping frame 1403638631.1778293
Shutdown
SLAM Finished at System Time: 1734433638.15426

 TIME STATS in ms (mean$\pm$std)
OpenCV version: 4.8.1
---------------------------
Tracking

ORB Extraction: 15.917$\pm$2.2128
Stereo Matching: 7.8146$\pm$1.9692
IMU Preintegration: 0.20456$\pm$0.080097
Pose Prediction: 0.45992$\pm$1.2848
LM Track: 16.677$\pm$4.6386
New KF decision: 1.0532$\pm$1.9054
Total Tracking: 33.677$\pm$21.163



Local Mapping

KF Insertion: 12.612$\pm$4.0592
MP Culling: 0.46482$\pm$0.23676
MP Creation: 40.805$\pm$13.677
LBA: 137.2$\pm$46.922
KF Culling: 9.784$\pm$8.3422
Total Local Mapping: 199.73$\pm$67.047
---------------------------

LBA complexity (mean$\pm$std)
LBA Edges: 1649.6$\pm$1056.6
LBA KF optimized: 6.5$\pm$2.2913
LBA KF fixed: 1$\pm$0
LBA MP: nan$\pm$nan

LBA executions: 413
LBA aborts: 0
---------------------------

Map complexity
KFs in map: 178
MPs in map: 14833
---------------------------

Place Recognition (mean$\pm$std)
Database Query: 1.841$\pm$0.9768
SE3 estimation: 25.806$\pm$15.486
Total Place Recognition: 20.108$\pm$18.4


Loop Closing (mean$\pm$std)
Loop Fusion: 215.88$\pm$0
Essential Graph: 113.99$\pm$0
Total Loop Closing: 373.31$\pm$0

Num exec: 1
Number of KFs: nan$\pm$nan

Map Merging (mean$\pm$std)
Merge Maps: nan$\pm$nan
Welding BA: nan$\pm$nan
Optimization Ess.: nan$\pm$nan
Total Map Merging: nan$\pm$nan

Num exec: 0
Number of KFs: nan$\pm$nan
Number of MPs: nan$\pm$nan

Full GBA (mean$\pm$std)
GBA: 1966.3$\pm$0
Map Update: 15.492$\pm$0
Total Full GBA: 1981.8$\pm$0

Num exec: 1
Num abort: 0
Number of KFs: 180$\pm$0
Number of MPs: 15689$\pm$0

Saving trajectory to f_dataset-MH05_stereo_imu.txt ...
There are 1 maps in the atlas
  Map 0 has 178 KFs

End of saving trajectory to f_dataset-MH05_stereo_imu.txt ...

Saving keyframe trajectory to kf_dataset-MH05_stereo_imu.txt ...
