num_seq = 1
file name: dataset-MH02_stereo_imu
Loading images for sequence 0...LOADED!
Loading IMU for sequence 0...LOADED!

-------

ORB-SLAM3 Copyright (C) 2017-2020 Carlos Campos, Richard Elvira, Juan J. Gómez, José M.M. Montiel and Juan D. Tardós, University of Zaragoza.
ORB-SLAM2 Copyright (C) 2014-2016 Raúl Mur-Artal, José M.M. Montiel and Juan D. Tardós, University of Zaragoza.
This program comes with ABSOLUTELY NO WARRANTY;
This is free software, and you are welcome to redistribute it
under certain conditions. See LICENSE.txt.

Built with REGISTER_TIMES
Git Commit Hash: 5ee9387

Compiled with C++ version: 201703

Input sensor was set to: Stereo-Inertial
Loading settings from ./Examples/Stereo-Inertial/EuRoC_fov_deadlines_mask_8x8.yaml
	-Loaded camera 1
	-Loaded camera 2
	-Loaded image info
	-Loaded IMU calibration
	-Loaded ORB settings
	-Loaded viewer settings
	-Loaded Atlas settings
Deadlines enabled, will skip frames!
FOV enabled
Static mask size: 8x8
Dumping map points enabled
	-Loaded misc parameters
	-Computed rectification maps
----------------------------------
SLAM settings: 
	-Camera 1 parameters (Pinhole): [ 458.65399169921875 457.29598999023438 367.21499633789062 248.375 ]
	-Camera 1 distortion parameters: [  -0.28340810537338257 0.073959067463874817 0.00019359000725671649 1.7618711353861727e-05 ]
	-Camera 2 parameters (Pinhole: [ 457.58700561523438 456.13400268554688 379.99899291992188 255.23800659179688 ]
	-Camera 1 distortion parameters: [  -0.2836836576461792 0.074512839317321777 -0.00010473000293131918 -3.555907096597366e-05 ]
	-Original image size: [ 752 , 480 ]
	-Current image size: [ 752 , 480 ]
	-Camera 1 parameters after rectification: [  456.71499633789062 456.71499633789062 364.52615356445312 257.268798828125 ]
	-Sequence FPS: 20
	-Stereo baseline: 0.11007784307003021
	-Stereo depth threshold : 60
	-Gyro noise: 0.00016999999934341758
	-Accelerometer noise: 0.0020000000949949026
	-Gyro walk: 1.9392999092815444e-05
	-Accelerometer walk: 0.0030000000260770321
	-IMU frequency: 200
	-Features per image: 1200
	-ORB scale factor: 1.2000000476837158
	-ORB number of scales: 8
	-Initial FAST threshold: 20
	-Min FAST threshold: 7


Loading ORB Vocabulary. This could take a while...
Vocabulary loaded!

Initialization of Atlas from scratch 
Creation of new map with id: 0
Creation of new map with last KF id: 0
Seq. Name: 
There are 1 cameras in the atlas
Camera 0 is pinhole
SLAM Started at System Time: 1734433875.68014
not IMU meas
not IMU meas
not enough acceleration
not enough acceleration
not enough acceleration
not enough acceleration
not enough acceleration
not enough acceleration
First KF:0; Map init KF:0
New Map created with 185 points
Active map: 0
Dropping frame 1403636859.6016665
Dropping frame 1403636859.8016665
Dropping frame 1403636860.1016665
Dropping frame 1403636860.5016665
Dropping frame 1403636860.8016665
Dropping frame 1403636861.2016666
Dropping frame 1403636861.9016666
Dropping frame 1403636862.2016666
Dropping frame 1403636862.6016665
Dropping frame 1403636862.8016665
Dropping frame 1403636863.4016666
Dropping frame 1403636863.8016665
Dropping frame 1403636864.0516665
Dropping frame 1403636864.5516665
start VIBA 1
end VIBA 1
Dropping frame 1403636864.7516665
Dropping frame 1403636865.5516665
Dropping frame 1403636865.6516664
Dropping frame 1403636865.7516665
Dropping frame 1403636866.0016665
Dropping frame 1403636866.3516665
Dropping frame 1403636866.4516664
Dropping frame 1403636866.6516664
Dropping frame 1403636866.8016665
Dropping frame 1403636867.1016665
Dropping frame 1403636867.5016665
Dropping frame 1403636867.8516665
Dropping frame 1403636868.0516665
Dropping frame 1403636868.4016666
Dropping frame 1403636868.5516665
Dropping frame 1403636869.0516665
Dropping frame 1403636869.2016666
Dropping frame 1403636869.6016665
Dropping frame 1403636869.7516665
Dropping frame 1403636870.0516665
Dropping frame 1403636870.3016665
Dropping frame 1403636870.6516664
Dropping frame 1403636871.0516665
Dropping frame 1403636871.4016666
Dropping frame 1403636871.8016665
Dropping frame 1403636872.1016665
Dropping frame 1403636872.4016666
Dropping frame 1403636872.7016666
Dropping frame 1403636872.9516664
Dropping frame 1403636873.1016665
Dropping frame 1403636873.5016665
Dropping frame 1403636873.7516665
Dropping frame 1403636874.1516664
Dropping frame 1403636874.3516665
Dropping frame 1403636874.6516664
Dropping frame 1403636875.0516665
start VIBA 2
Dropping frame 1403636875.5016665
end VIBA 2
Dropping frame 1403636875.7016666
Dropping frame 1403636876.0016665
Dropping frame 1403636876.1016665
Dropping frame 1403636876.5516665
Dropping frame 1403636877.7016666
Dropping frame 1403636877.8516665
Dropping frame 1403636878.1016665
Dropping frame 1403636878.3016665
Dropping frame 1403636878.4016666
Dropping frame 1403636878.6016665
Dropping frame 1403636878.9016666
Dropping frame 1403636879.2516665
Dropping frame 1403636879.5016665
Dropping frame 1403636879.8016665
Dropping frame 1403636879.9516664
Dropping frame 1403636880.9516664
Dropping frame 1403636881.2016666
Dropping frame 1403636881.5516665
Dropping frame 1403636881.8516665
Dropping frame 1403636882.4016666
Dropping frame 1403636884.3516665
Dropping frame 1403636885.3516665
Dropping frame 1403636885.7516665
Dropping frame 1403636886.5516665
Dropping frame 1403636886.9516664
Dropping frame 1403636887.5016665
Dropping frame 1403636887.8016665
Dropping frame 1403636887.9516664
Dropping frame 1403636888.3516665
Dropping frame 1403636888.7016666
Dropping frame 1403636888.9516664
Dropping frame 1403636889.6016665
Dropping frame 1403636890.2516665
Dropping frame 1403636892.3516665
Dropping frame 1403636893.3516665
Dropping frame 1403636894.4516664
Dropping frame 1403636894.9516664
Dropping frame 1403636896.2016666
Dropping frame 1403636897.0016665
Dropping frame 1403636897.7016666
Dropping frame 1403636898.5016665
Dropping frame 1403636902.4016666
Dropping frame 1403636904.1516664
Dropping frame 1403636907.1016665
Dropping frame 1403636907.9516664
Dropping frame 1403636908.5016665
Dropping frame 1403636908.6016665
Dropping frame 1403636908.8516665
Dropping frame 1403636909.1516664
Dropping frame 1403636909.7016666
Dropping frame 1403636909.8516665
Dropping frame 1403636910.1016665
Dropping frame 1403636910.2016666
Dropping frame 1403636910.3016665
Dropping frame 1403636910.5016665
Dropping frame 1403636910.6516664
Dropping frame 1403636910.7516665
Dropping frame 1403636910.8516665
Dropping frame 1403636911.0016665
Dropping frame 1403636911.1016665
Dropping frame 1403636911.2516665
Dropping frame 1403636911.4516664
Dropping frame 1403636911.8016665
Dropping frame 1403636911.9016666
Dropping frame 1403636912.1516664
Dropping frame 1403636912.5516665
Dropping frame 1403636913.0016665
Dropping frame 1403636913.1016665
Dropping frame 1403636913.2016666
Dropping frame 1403636913.5016665
Dropping frame 1403636913.6016665
Dropping frame 1403636913.7516665
Dropping frame 1403636913.9016666
Dropping frame 1403636914.0016665
Dropping frame 1403636914.2516665
Dropping frame 1403636914.3516665
Dropping frame 1403636914.4516664
Dropping frame 1403636914.5516665
Dropping frame 1403636914.6516664
Dropping frame 1403636914.7516665
Dropping frame 1403636914.8516665
Dropping frame 1403636915.1516664
Dropping frame 1403636915.2516665
Dropping frame 1403636915.3516665
Dropping frame 1403636915.4516664
Dropping frame 1403636915.5516665
Dropping frame 1403636915.6516664
Dropping frame 1403636915.8516665
Dropping frame 1403636916.0016665
Dropping frame 1403636916.1016665
Dropping frame 1403636916.2016666
Dropping frame 1403636916.4516664
Dropping frame 1403636916.6516664
Dropping frame 1403636916.7516665
Dropping frame 1403636917.0516665
Dropping frame 1403636917.1516664
Dropping frame 1403636917.2516665
Dropping frame 1403636917.3516665
Dropping frame 1403636917.6016665
Dropping frame 1403636917.7016666
Dropping frame 1403636917.8516665
Dropping frame 1403636917.9516664
Dropping frame 1403636918.0516665
Dropping frame 1403636918.3016665
Dropping frame 1403636918.4016666
Dropping frame 1403636918.5016665
Dropping frame 1403636918.7016666
Dropping frame 1403636918.8016665
Dropping frame 1403636919.2516665
Dropping frame 1403636919.3516665
Dropping frame 1403636919.7016666
Dropping frame 1403636919.8016665
Dropping frame 1403636919.9016666
Dropping frame 1403636920.1516664
Dropping frame 1403636920.2516665
Dropping frame 1403636920.7016666
Dropping frame 1403636921.0016665
Dropping frame 1403636921.4016666
Dropping frame 1403636921.7516665
Dropping frame 1403636922.1016665
Dropping frame 1403636922.2016666
Dropping frame 1403636922.3016665
Dropping frame 1403636922.5516665
Dropping frame 1403636922.7016666
Dropping frame 1403636923.0016665
Dropping frame 1403636923.1016665
Dropping frame 1403636923.2016666
Dropping frame 1403636923.4516664
Dropping frame 1403636923.8016665
Dropping frame 1403636924.0516665
Dropping frame 1403636924.1516664
Dropping frame 1403636924.4516664
Dropping frame 1403636924.6516664
Dropping frame 1403636924.8516665
Dropping frame 1403636924.9516664
Dropping frame 1403636925.4016666
Dropping frame 1403636925.6016665
Dropping frame 1403636925.8016665
Dropping frame 1403636925.9016666
Dropping frame 1403636926.1016665
Dropping frame 1403636926.3016665
Dropping frame 1403636926.5516665
Dropping frame 1403636926.8516665
Dropping frame 1403636927.0516665
Dropping frame 1403636927.1516664
Dropping frame 1403636927.4016666
Dropping frame 1403636927.6016665
Dropping frame 1403636927.7016666
Dropping frame 1403636928.0016665
Dropping frame 1403636928.1016665
Dropping frame 1403636928.5516665
Dropping frame 1403636928.6516664
Dropping frame 1403636929.1516664
Dropping frame 1403636929.3516665
Dropping frame 1403636929.6016665
Dropping frame 1403636929.8016665
Dropping frame 1403636930.0016665
Dropping frame 1403636930.2016666
Dropping frame 1403636930.4516664
Dropping frame 1403636930.5516665
Dropping frame 1403636930.7516665
Dropping frame 1403636930.9516664
Dropping frame 1403636931.1016665
Dropping frame 1403636931.3516665
Dropping frame 1403636931.5516665
Dropping frame 1403636931.7516665
Dropping frame 1403636931.9516664
Dropping frame 1403636932.1516664
Dropping frame 1403636932.3516665
Dropping frame 1403636932.5516665
Dropping frame 1403636932.6516664
Dropping frame 1403636932.8016665
Dropping frame 1403636933.0516665
Dropping frame 1403636933.2516665
Dropping frame 1403636933.4516664
Dropping frame 1403636933.6516664
Dropping frame 1403636933.8516665
Dropping frame 1403636934.0516665
Dropping frame 1403636934.1516664
Dropping frame 1403636934.2516665
Dropping frame 1403636934.4516664
Dropping frame 1403636934.5516665
Dropping frame 1403636934.7516665
Dropping frame 1403636934.9516664
Dropping frame 1403636935.1516664
Dropping frame 1403636935.2516665
Dropping frame 1403636935.3516665
Dropping frame 1403636935.4516664
Dropping frame 1403636935.6516664
Dropping frame 1403636935.7516665
Dropping frame 1403636935.8516665
Dropping frame 1403636936.0516665
Dropping frame 1403636936.2516665
Dropping frame 1403636936.3516665
Dropping frame 1403636936.5016665
Dropping frame 1403636936.7516665
Dropping frame 1403636936.9516664
Dropping frame 1403636937.1516664
Dropping frame 1403636937.3516665
Dropping frame 1403636937.4516664
Dropping frame 1403636937.5516665
Dropping frame 1403636937.8016665
Dropping frame 1403636938.0016665
Dropping frame 1403636938.1016665
Dropping frame 1403636938.3016665
Dropping frame 1403636938.5016665
Dropping frame 1403636938.7016666
Dropping frame 1403636938.8016665
Dropping frame 1403636938.9016666
Dropping frame 1403636939.1516664
Dropping frame 1403636939.3516665
Dropping frame 1403636939.5516665
Dropping frame 1403636939.6516664
Dropping frame 1403636939.7516665
Dropping frame 1403636939.9516664
Dropping frame 1403636940.1516664
Dropping frame 1403636940.2516665
Dropping frame 1403636940.5016665
Dropping frame 1403636940.6016665
Dropping frame 1403636940.8516665
Dropping frame 1403636941.0516665
Dropping frame 1403636941.1516664
Dropping frame 1403636941.2516665
Dropping frame 1403636941.3516665
Dropping frame 1403636941.6516664
Dropping frame 1403636941.8516665
Dropping frame 1403636942.0516665
Dropping frame 1403636942.1516664
Dropping frame 1403636942.2516665
Dropping frame 1403636942.3516665
Dropping frame 1403636942.5516665
Dropping frame 1403636943.2516665
Dropping frame 1403636943.3516665
Dropping frame 1403636943.4516664
Dropping frame 1403636943.6016665
Dropping frame 1403636943.8016665
Dropping frame 1403636943.9016666
Dropping frame 1403636944.0016665
Dropping frame 1403636944.1016665
Dropping frame 1403636944.2016666
Dropping frame 1403636944.3016665
Dropping frame 1403636944.5516665
Dropping frame 1403636944.6516664
Dropping frame 1403636944.7516665
Dropping frame 1403636944.8516665
Dropping frame 1403636944.9516664
Dropping frame 1403636945.0516665
Dropping frame 1403636945.2516665
Dropping frame 1403636945.3516665
Dropping frame 1403636945.4516664
Dropping frame 1403636945.5516665
Dropping frame 1403636945.6516664
Dropping frame 1403636945.7516665
Dropping frame 1403636945.9516664
Dropping frame 1403636946.1516664
Dropping frame 1403636946.3516665
Dropping frame 1403636946.4516664
Dropping frame 1403636946.5516665
Dropping frame 1403636946.8016665
Dropping frame 1403636946.9016666
Dropping frame 1403636947.1016665
Dropping frame 1403636947.2016666
Dropping frame 1403636947.3016665
Dropping frame 1403636947.4016666
Dropping frame 1403636947.6516664
Dropping frame 1403636947.8516665
Dropping frame 1403636948.0516665
Dropping frame 1403636948.1516664
Dropping frame 1403636948.2516665
Dropping frame 1403636948.5016665
Dropping frame 1403636948.6016665
Dropping frame 1403636948.8516665
Dropping frame 1403636949.0516665
Dropping frame 1403636949.1516664
Dropping frame 1403636949.2516665
Dropping frame 1403636949.5016665
Dropping frame 1403636949.7016666
Dropping frame 1403636949.8016665
Dropping frame 1403636949.9016666
Dropping frame 1403636950.0516665
Dropping frame 1403636950.2516665
Dropping frame 1403636950.3516665
Dropping frame 1403636950.4516664
Dropping frame 1403636950.6516664
Dropping frame 1403636950.7516665
Dropping frame 1403636950.8516665
Dropping frame 1403636951.0516665
Dropping frame 1403636951.2516665
Dropping frame 1403636951.3516665
Dropping frame 1403636951.4516664
Dropping frame 1403636951.5516665
Dropping frame 1403636951.7516665
Dropping frame 1403636951.8516665
Dropping frame 1403636952.0516665
Dropping frame 1403636952.2016666
Dropping frame 1403636952.4016666
Dropping frame 1403636952.5016665
Dropping frame 1403636952.6016665
Dropping frame 1403636952.8016665
Dropping frame 1403636953.0016665
Dropping frame 1403636953.1016665
Dropping frame 1403636953.2016666
Dropping frame 1403636953.4016666
Dropping frame 1403636953.5016665
Dropping frame 1403636953.6016665
Dropping frame 1403636953.8016665
Dropping frame 1403636953.9016666
Dropping frame 1403636954.0016665
Dropping frame 1403636954.1016665
Dropping frame 1403636954.3016665
Dropping frame 1403636954.4016666
Dropping frame 1403636954.5016665
Dropping frame 1403636954.6016665
Dropping frame 1403636954.7016666
Dropping frame 1403636954.9016666
Dropping frame 1403636955.0016665
Dropping frame 1403636955.1016665
Dropping frame 1403636955.3016665
Dropping frame 1403636955.5016665
Dropping frame 1403636955.6016665
Dropping frame 1403636955.7016666
Dropping frame 1403636955.9516664
Dropping frame 1403636956.0516665
Dropping frame 1403636956.1516664
Dropping frame 1403636956.3516665
Dropping frame 1403636956.5516665
Dropping frame 1403636956.6516664
Dropping frame 1403636956.7516665
Dropping frame 1403636956.8516665
Dropping frame 1403636956.9516664
Dropping frame 1403636957.4516664
Dropping frame 1403636957.8516665
Dropping frame 1403636958.0516665
Dropping frame 1403636958.1516664
Dropping frame 1403636958.4516664
Dropping frame 1403636959.3016665
Dropping frame 1403636959.4016666
Dropping frame 1403636959.5016665
Dropping frame 1403636959.7016666
Dropping frame 1403636960.0016665
Dropping frame 1403636960.1516664
Dropping frame 1403636960.3516665
Dropping frame 1403636960.4516664
Dropping frame 1403636960.7516665
Dropping frame 1403636960.9516664
Dropping frame 1403636961.0516665
Dropping frame 1403636961.4016666
Dropping frame 1403636961.6016665
Dropping frame 1403636961.8516665
Dropping frame 1403636961.9516664
Dropping frame 1403636962.3016665
Dropping frame 1403636962.5516665
Dropping frame 1403636962.8516665
Dropping frame 1403636963.1516664
Dropping frame 1403636963.2516665
Dropping frame 1403636963.5016665
Dropping frame 1403636963.6516664
Dropping frame 1403636963.8516665
Dropping frame 1403636963.9516664
Dropping frame 1403636964.0516665
Dropping frame 1403636964.2516665
Dropping frame 1403636964.4516664
Dropping frame 1403636964.5516665
Dropping frame 1403636964.7516665
Dropping frame 1403636964.8516665
Dropping frame 1403636964.9516664
Dropping frame 1403636965.0516665
Dropping frame 1403636965.3516665
Dropping frame 1403636965.5516665
Dropping frame 1403636965.6516664
Dropping frame 1403636965.7516665
Dropping frame 1403636965.9516664
Dropping frame 1403636966.0516665
Dropping frame 1403636966.1516664
Dropping frame 1403636966.3516665
Dropping frame 1403636966.4516664
Dropping frame 1403636966.5516665
Dropping frame 1403636966.7516665
Dropping frame 1403636966.8516665
Dropping frame 1403636967.1016665
Dropping frame 1403636967.3016665
Dropping frame 1403636967.7516665
Dropping frame 1403636968.2016666
Dropping frame 1403636968.3016665
Dropping frame 1403636968.8016665
Dropping frame 1403636969.0016665
Dropping frame 1403636969.4516664
Dropping frame 1403636969.6516664
Dropping frame 1403636969.8516665
Dropping frame 1403636970.0516665
Dropping frame 1403636970.3516665
Dropping frame 1403636970.4516664
Dropping frame 1403636970.7016666
Dropping frame 1403636970.9516664
Dropping frame 1403636971.1516664
Dropping frame 1403636971.2516665
Dropping frame 1403636971.5516665
Dropping frame 1403636971.6516664
Dropping frame 1403636971.9016666
Dropping frame 1403636972.2016666
Dropping frame 1403636972.5016665
Dropping frame 1403636972.7016666
Dropping frame 1403636972.9016666
Dropping frame 1403636973.2516665
Dropping frame 1403636973.7016666
Dropping frame 1403636973.8016665
Dropping frame 1403636974.0516665
Dropping frame 1403636974.1516664
Dropping frame 1403636974.4016666
Dropping frame 1403636974.5016665
Dropping frame 1403636974.6016665
Dropping frame 1403636975.1016665
Dropping frame 1403636975.2016666
Dropping frame 1403636975.5016665
Dropping frame 1403636975.6016665
Dropping frame 1403636975.7016666
Dropping frame 1403636975.9016666
Dropping frame 1403636976.0016665
Dropping frame 1403636976.2516665
Dropping frame 1403636976.6016665
Dropping frame 1403636976.7016666
Dropping frame 1403636976.9516664
Dropping frame 1403636977.2516665
Dropping frame 1403636977.4516664
Dropping frame 1403636977.9516664
Dropping frame 1403636978.3016665
Dropping frame 1403636978.7516665
Dropping frame 1403636979.4516664
Dropping frame 1403636979.7516665
Dropping frame 1403636979.9016666
Dropping frame 1403636980.1016665
Dropping frame 1403636980.3016665
Dropping frame 1403636980.5016665
Dropping frame 1403636980.7016666
Dropping frame 1403636980.8016665
Dropping frame 1403636981.2016666
Dropping frame 1403636981.6016665
Dropping frame 1403636982.0516665
Dropping frame 1403636982.2516665
Dropping frame 1403636982.5016665
Dropping frame 1403636982.6016665
Dropping frame 1403636982.8516665
Dropping frame 1403636983.0516665
Dropping frame 1403636983.2516665
Dropping frame 1403636983.4516664
Dropping frame 1403636983.6516664
Dropping frame 1403636983.8516665
Dropping frame 1403636983.9516664
Dropping frame 1403636984.0516665
Dropping frame 1403636984.3016665
Dropping frame 1403636984.5016665
Dropping frame 1403636984.7016666
Dropping frame 1403636984.9016666
Dropping frame 1403636985.1016665
Dropping frame 1403636985.3016665
Dropping frame 1403636985.4016666
Dropping frame 1403636985.6516664
Dropping frame 1403636985.8516665
Dropping frame 1403636986.0516665
Dropping frame 1403636986.2516665
Dropping frame 1403636986.4516664
Dropping frame 1403636986.6516664
Dropping frame 1403636986.7516665
Dropping frame 1403636986.8516665
Dropping frame 1403636987.0516665
Dropping frame 1403636987.1516664
Dropping frame 1403636987.2516665
Dropping frame 1403636987.4516664
Dropping frame 1403636987.5516665
Dropping frame 1403636987.6516664
Dropping frame 1403636987.8516665
Dropping frame 1403636988.0516665
Dropping frame 1403636988.2516665
Dropping frame 1403636988.3516665
Dropping frame 1403636988.4516664
Dropping frame 1403636988.5516665
Dropping frame 1403636988.9516664
Dropping frame 1403636989.0516665
Dropping frame 1403636989.2516665
Dropping frame 1403636989.4516664
Dropping frame 1403636989.6516664
Dropping frame 1403636989.8516665
Dropping frame 1403636989.9516664
Dropping frame 1403636990.0516665
Dropping frame 1403636990.1516664
Dropping frame 1403636990.3516665
Dropping frame 1403636990.4516664
Dropping frame 1403636990.5516665
Dropping frame 1403636990.7516665
Dropping frame 1403636990.8516665
Dropping frame 1403636991.1016665
Dropping frame 1403636991.3016665
Dropping frame 1403636991.5016665
Dropping frame 1403636991.6016665
Dropping frame 1403636991.7016666
Dropping frame 1403636991.8016665
Dropping frame 1403636992.0016665
Dropping frame 1403636992.2016666
Dropping frame 1403636992.3016665
Dropping frame 1403636992.4016666
Dropping frame 1403636992.5016665
Dropping frame 1403636992.7016666
Dropping frame 1403636993.0016665
Dropping frame 1403636993.2016666
Dropping frame 1403636993.4016666
Dropping frame 1403636993.5016665
Dropping frame 1403636993.6016665
Dropping frame 1403636993.7016666
Dropping frame 1403636993.9016666
Dropping frame 1403636994.2016666
Dropping frame 1403636994.4016666
Dropping frame 1403636994.6016665
Dropping frame 1403636994.7016666
Dropping frame 1403636994.9016666
Dropping frame 1403636995.0016665
Dropping frame 1403636995.2516665
Dropping frame 1403636995.4516664
Dropping frame 1403636995.6516664
Dropping frame 1403636995.7516665
Dropping frame 1403636996.0016665
Dropping frame 1403636996.2016666
Dropping frame 1403636996.4016666
Dropping frame 1403636996.5016665
Dropping frame 1403636996.7516665
Dropping frame 1403636996.8516665
Dropping frame 1403636997.1016665
Dropping frame 1403636997.3016665
Dropping frame 1403636997.5016665
Dropping frame 1403636997.7016666
Dropping frame 1403636998.0016665
Dropping frame 1403636998.2016666
Dropping frame 1403636998.5016665
Dropping frame 1403636999.0016665
Dropping frame 1403636999.4016666
Dropping frame 1403637000.0516665
Dropping frame 1403637000.2516665
Dropping frame 1403637000.4016666
Dropping frame 1403637000.6016665
Dropping frame 1403637000.8016665
Dropping frame 1403637001.0016665
Dropping frame 1403637001.1016665
Dropping frame 1403637001.3516665
Dropping frame 1403637001.5516665
Dropping frame 1403637001.7516665
Dropping frame 1403637001.9516664
Dropping frame 1403637002.0516665
Dropping frame 1403637002.3016665
Dropping frame 1403637002.5016665
Dropping frame 1403637002.7016666
Dropping frame 1403637002.9016666
Dropping frame 1403637003.1016665
Dropping frame 1403637003.2016666
Dropping frame 1403637003.4516664
Dropping frame 1403637003.6516664
Dropping frame 1403637003.8516665
Dropping frame 1403637004.0016665
Dropping frame 1403637004.2016666
Dropping frame 1403637004.3016665
Dropping frame 1403637004.5516665
Dropping frame 1403637004.7516665
Dropping frame 1403637004.9516664
Dropping frame 1403637005.3016665
Dropping frame 1403637005.5016665
Dropping frame 1403637005.7016666
Dropping frame 1403637005.8016665
Dropping frame 1403637005.9016666
Dropping frame 1403637006.1016665
Dropping frame 1403637006.2016666
Dropping frame 1403637006.3016665
Dropping frame 1403637006.5016665
Dropping frame 1403637006.7016666
Dropping frame 1403637006.9016666
Dropping frame 1403637007.1016665
Dropping frame 1403637007.3016665
Dropping frame 1403637007.4516664
Dropping frame 1403637007.5516665
Dropping frame 1403637007.6516664
Dropping frame 1403637008.0516665
Dropping frame 1403637008.5516665
Dropping frame 1403637008.6516664
Dropping frame 1403637008.9016666
Dropping frame 1403637009.1016665
Dropping frame 1403637009.2016666
Dropping frame 1403637009.4016666
Dropping frame 1403637009.6016665
Dropping frame 1403637009.7016666
Dropping frame 1403637009.8016665
Dropping frame 1403637009.9016666
Dropping frame 1403637010.0016665
Dropping frame 1403637010.1016665
Dropping frame 1403637010.3516665
Dropping frame 1403637010.5016665
Dropping frame 1403637010.6016665
Shutdown
SLAM Finished at System Time: 1734434059.41388

 TIME STATS in ms (mean$\pm$std)
OpenCV version: 4.8.1
---------------------------
Tracking

ORB Extraction: 18.616$\pm$1.7423
Stereo Matching: 7.1534$\pm$2.0168
IMU Preintegration: 0.2422$\pm$0.089595
Pose Prediction: 0.22102$\pm$0.62721
LM Track: 19.203$\pm$5.5084
New KF decision: 1.2284$\pm$2.3198
Total Tracking: 33.603$\pm$25.43



Local Mapping

KF Insertion: 16.094$\pm$5.5112
MP Culling: 0.54683$\pm$0.21814
MP Creation: 48.394$\pm$16.39
LBA: 150.54$\pm$54.871
KF Culling: 15.573$\pm$10.153
Total Local Mapping: 231.35$\pm$77.573
---------------------------

LBA complexity (mean$\pm$std)
LBA Edges: 1675.5$\pm$591.59
LBA KF optimized: 6.5$\pm$2.2913
LBA KF fixed: 1$\pm$0
LBA MP: nan$\pm$nan

LBA executions: 474
LBA aborts: 0
---------------------------

Map complexity
KFs in map: 133
MPs in map: 10708
---------------------------

Place Recognition (mean$\pm$std)
Database Query: 1.4766$\pm$0.78739
SE3 estimation: 11.953$\pm$15.265
Total Place Recognition: 11.895$\pm$15.382


Loop Closing (mean$\pm$std)
Loop Fusion: nan$\pm$nan
Essential Graph: nan$\pm$nan
Total Loop Closing: nan$\pm$nan

Num exec: 0
Number of KFs: nan$\pm$nan

Map Merging (mean$\pm$std)
Merge Maps: nan$\pm$nan
Welding BA: nan$\pm$nan
Optimization Ess.: nan$\pm$nan
Total Map Merging: nan$\pm$nan

Num exec: 0
Number of KFs: nan$\pm$nan
Number of MPs: nan$\pm$nan

Full GBA (mean$\pm$std)
GBA: nan$\pm$nan
Map Update: nan$\pm$nan
Total Full GBA: nan$\pm$nan

Num exec: 0
Num abort: 0
Number of KFs: nan$\pm$nan
Number of MPs: nan$\pm$nan

Saving trajectory to f_dataset-MH02_stereo_imu.txt ...
There are 1 maps in the atlas
  Map 0 has 133 KFs

End of saving trajectory to f_dataset-MH02_stereo_imu.txt ...

Saving keyframe trajectory to kf_dataset-MH02_stereo_imu.txt ...
