num_seq = 1
file name: dataset-MH03_stereo_imu
Loading images for sequence 0...LOADED!
Loading IMU for sequence 0...LOADED!

-------

ORB-SLAM3 Copyright (C) 2017-2020 Carlos Campos, Richard Elvira, Juan J. Gómez, José M.M. Montiel and Juan D. Tardós, University of Zaragoza.
ORB-SLAM2 Copyright (C) 2014-2016 Raúl Mur-Artal, José M.M. Montiel and Juan D. Tardós, University of Zaragoza.
This program comes with ABSOLUTELY NO WARRANTY;
This is free software, and you are welcome to redistribute it
under certain conditions. See LICENSE.txt.

Built with REGISTER_TIMES
Git Commit Hash: 42e930e

Compiled with C++ version: 201703

Input sensor was set to: Stereo-Inertial
Loading settings from ./Examples/Stereo-Inertial/EuRoC_fov_deadlines_mask_6x6.yaml
	-Loaded camera 1
	-Loaded camera 2
	-Loaded image info
	-Loaded IMU calibration
	-Loaded ORB settings
	-Loaded viewer settings
	-Loaded Atlas settings
Deadlines enabled, will skip frames!
FOV enabled
Static mask size: 6x6
Dumping map points enabled
	-Loaded misc parameters
	-Computed rectification maps
----------------------------------
SLAM settings: 
	-Camera 1 parameters (Pinhole): [ 458.65399169921875 457.29598999023438 367.21499633789062 248.375 ]
	-Camera 1 distortion parameters: [  -0.28340810537338257 0.073959067463874817 0.00019359000725671649 1.7618711353861727e-05 ]
	-Camera 2 parameters (Pinhole: [ 457.58700561523438 456.13400268554688 379.99899291992188 255.23800659179688 ]
	-Camera 1 distortion parameters: [  -0.2836836576461792 0.074512839317321777 -0.00010473000293131918 -3.555907096597366e-05 ]
	-Original image size: [ 752 , 480 ]
	-Current image size: [ 752 , 480 ]
	-Camera 1 parameters after rectification: [  456.71499633789062 456.71499633789062 364.52615356445312 257.268798828125 ]
	-Sequence FPS: 20
	-Stereo baseline: 0.11007784307003021
	-Stereo depth threshold : 60
	-Gyro noise: 0.00016999999934341758
	-Accelerometer noise: 0.0020000000949949026
	-Gyro walk: 1.9392999092815444e-05
	-Accelerometer walk: 0.0030000000260770321
	-IMU frequency: 200
	-Features per image: 1200
	-ORB scale factor: 1.2000000476837158
	-ORB number of scales: 8
	-Initial FAST threshold: 20
	-Min FAST threshold: 7


Loading ORB Vocabulary. This could take a while...
Vocabulary loaded!

Initialization of Atlas from scratch 
Creation of new map with id: 0
Creation of new map with last KF id: 0
Seq. Name: 
There are 1 cameras in the atlas
Camera 0 is pinhole
SLAM Started at System Time: 1734507814.34054
not IMU meas
not IMU meas
not enough acceleration
not enough acceleration
First KF:0; Map init KF:0
New Map created with 228 points
Active map: 0
Not enough motion for initializing. Reseting...
TRACK: Reset map because local mapper set the bad imu flag 
LM: Reseting current map in Local Mapping...
LM: End reseting Local Mapping...
LM: Reset free the mutex
LM: Active map reset recieved
LM: Active map reset, waiting...
LM: Reseting current map in Local Mapping...
LM: End reseting Local Mapping...
LM: Reset free the mutex
LM: Active map reset, Done!!!
mnFirstFrameId = 4
mnInitialFrameId = 0
52 Frames set to lost
not IMU meas
First KF:11; Map init KF:0
New Map created with 256 points
Active map: 0
Dropping frame 1403637134.388319
Dropping frame 1403637134.688319
Dropping frame 1403637134.7883189
Dropping frame 1403637135.0383191
Dropping frame 1403637135.2383192
Dropping frame 1403637135.5883191
Dropping frame 1403637136.2883189
Dropping frame 1403637136.5883191
Dropping frame 1403637136.688319
Dropping frame 1403637137.188319
Dropping frame 1403637138.0883191
Dropping frame 1403637138.3383191
Dropping frame 1403637138.4383192
Dropping frame 1403637138.638319
Dropping frame 1403637138.7883189
start VIBA 1
end VIBA 1
Dropping frame 1403637139.9383192
Dropping frame 1403637140.0383191
Not enough motion for initializing. Reseting...
TRACK: Reset map because local mapper set the bad imu flag 
LM: Reseting current map in Local Mapping...
LM: End reseting Local Mapping...
LM: Reset free the mutex
LM: Active map reset recieved
LM: Active map reset, waiting...
LM: Reseting current map in Local Mapping...
LM: End reseting Local Mapping...
LM: Reset free the mutex
LM: Active map reset, Done!!!
mnFirstFrameId = 58
mnInitialFrameId = 56
168 Frames set to lost
not IMU meas
First KF:41; Map init KF:11
New Map created with 224 points
Active map: 0
Dropping frame 1403637140.2883189
Dropping frame 1403637140.388319
Dropping frame 1403637140.5883191
Dropping frame 1403637140.8383191
Not enough motion for initializing. Reseting...
TRACK: Reset map because local mapper set the bad imu flag 
LM: Reseting current map in Local Mapping...
LM: End reseting Local Mapping...
LM: Reset free the mutex
LM: Active map reset recieved
LM: Active map reset, waiting...
LM: Reseting current map in Local Mapping...
LM: End reseting Local Mapping...
LM: Reset free the mutex
LM: Active map reset, Done!!!
mnFirstFrameId = 176
mnInitialFrameId = 174
223 Frames set to lost
not IMU meas
not enough acceleration
not enough acceleration
not enough acceleration
not enough acceleration
not enough acceleration
not enough acceleration
not enough acceleration
not enough acceleration
not enough acceleration
not enough acceleration
not enough acceleration
not enough acceleration
not enough acceleration
not enough acceleration
not enough acceleration
not enough acceleration
not enough acceleration
not enough acceleration
not enough acceleration
not enough acceleration
not enough acceleration
not enough acceleration
not enough acceleration
not enough acceleration
not enough acceleration
not enough acceleration
not enough acceleration
not enough acceleration
First KF:52; Map init KF:41
New Map created with 230 points
Active map: 0
Not enough motion for initializing. Reseting...
TRACK: Reset map because local mapper set the bad imu flag 
LM: Reseting current map in Local Mapping...
LM: End reseting Local Mapping...
LM: Reset free the mutex
LM: Active map reset recieved
LM: Active map reset, waiting...
LM: Reseting current map in Local Mapping...
LM: End reseting Local Mapping...
LM: Reset free the mutex
LM: Active map reset, Done!!!
mnFirstFrameId = 261
mnInitialFrameId = 231
279 Frames set to lost
not IMU meas
not enough acceleration
not enough acceleration
not enough acceleration
not enough acceleration
not enough acceleration
not enough acceleration
not enough acceleration
not enough acceleration
not enough acceleration
not enough acceleration
not enough acceleration
not enough acceleration
not enough acceleration
not enough acceleration
not enough acceleration
not enough acceleration
not enough acceleration
not enough acceleration
not enough acceleration
not enough acceleration
not enough acceleration
not enough acceleration
not enough acceleration
not enough acceleration
not enough acceleration
not enough acceleration
not enough acceleration
not enough acceleration
not enough acceleration
not enough acceleration
not enough acceleration
not enough acceleration
not enough acceleration
not enough acceleration
not enough acceleration
not enough acceleration
not enough acceleration
not enough acceleration
not enough acceleration
not enough acceleration
not enough acceleration
not enough acceleration
not enough acceleration
not enough acceleration
First KF:63; Map init KF:52
New Map created with 186 points
Active map: 0
Dropping frame 1403637152.9883189
Dropping frame 1403637153.2883189
Dropping frame 1403637154.0883191
Dropping frame 1403637154.188319
Dropping frame 1403637154.388319
Dropping frame 1403637154.7383192
start VIBA 1
end VIBA 1
Dropping frame 1403637155.188319
Dropping frame 1403637155.3383191
Dropping frame 1403637155.638319
Dropping frame 1403637155.7883189
Dropping frame 1403637155.9383192
Dropping frame 1403637156.138319
Dropping frame 1403637156.2383192
Dropping frame 1403637156.388319
Dropping frame 1403637156.5883191
Dropping frame 1403637156.8383191
Dropping frame 1403637156.9383192
Dropping frame 1403637157.0383191
Dropping frame 1403637157.138319
Dropping frame 1403637157.388319
Dropping frame 1403637157.5883191
Dropping frame 1403637157.688319
Dropping frame 1403637157.7883189
Dropping frame 1403637157.9883189
Dropping frame 1403637158.0883191
Dropping frame 1403637158.2383192
Dropping frame 1403637158.3383191
Dropping frame 1403637158.4383192
Dropping frame 1403637158.638319
Dropping frame 1403637158.7883189
Dropping frame 1403637158.9883189
Dropping frame 1403637159.138319
Dropping frame 1403637159.3383191
Dropping frame 1403637159.4383192
Dropping frame 1403637159.638319
Dropping frame 1403637160.0883191
Dropping frame 1403637160.2883189
Dropping frame 1403637160.5383191
Dropping frame 1403637160.638319
Dropping frame 1403637160.888319
Dropping frame 1403637161.0883191
Dropping frame 1403637161.188319
Dropping frame 1403637161.388319
Dropping frame 1403637161.4883189
Dropping frame 1403637161.7383192
Dropping frame 1403637161.8383191
Dropping frame 1403637162.138319
Dropping frame 1403637162.3383191
Dropping frame 1403637162.5383191
Dropping frame 1403637162.7383192
Dropping frame 1403637162.8383191
Dropping frame 1403637162.9383192
Dropping frame 1403637163.188319
Dropping frame 1403637163.2883189
Dropping frame 1403637163.388319
Dropping frame 1403637163.5883191
Dropping frame 1403637163.7883189
Dropping frame 1403637163.9883189
Dropping frame 1403637164.0883191
Dropping frame 1403637164.188319
Dropping frame 1403637164.388319
Dropping frame 1403637164.5883191
Dropping frame 1403637164.688319
Dropping frame 1403637164.888319
Dropping frame 1403637165.0883191
start VIBA 2
Dropping frame 1403637165.2883189
end VIBA 2
Dropping frame 1403637165.4383192
Dropping frame 1403637165.8383191
Dropping frame 1403637166.138319
Dropping frame 1403637166.638319
Dropping frame 1403637166.8383191
Dropping frame 1403637167.138319
Dropping frame 1403637167.2383192
Dropping frame 1403637168.2883189
Dropping frame 1403637168.5883191
Dropping frame 1403637168.9383192
Dropping frame 1403637169.138319
Dropping frame 1403637169.3383191
Dropping frame 1403637169.4383192
Dropping frame 1403637169.5383191
Dropping frame 1403637169.7383192
Dropping frame 1403637169.9383192
Dropping frame 1403637170.0383191
Dropping frame 1403637170.3383191
Dropping frame 1403637170.5383191
Dropping frame 1403637170.688319
Dropping frame 1403637171.0383191
Dropping frame 1403637171.2883189
Dropping frame 1403637171.4383192
Dropping frame 1403637171.638319
Dropping frame 1403637171.7883189
Dropping frame 1403637172.138319
Dropping frame 1403637172.3383191
Dropping frame 1403637172.4383192
Dropping frame 1403637172.5383191
Dropping frame 1403637172.638319
Dropping frame 1403637172.8383191
Dropping frame 1403637173.0383191
Dropping frame 1403637173.2383192
Dropping frame 1403637173.388319
Dropping frame 1403637173.5883191
Dropping frame 1403637173.7383192
Dropping frame 1403637174.3383191
Dropping frame 1403637174.8383191
Dropping frame 1403637175.2383192
Dropping frame 1403637175.5383191
Dropping frame 1403637175.638319
Dropping frame 1403637175.888319
Dropping frame 1403637176.4383192
Dropping frame 1403637176.888319
Dropping frame 1403637178.5883191
Dropping frame 1403637179.7383192
Dropping frame 1403637179.9883189
Dropping frame 1403637180.188319
Dropping frame 1403637180.638319
Dropping frame 1403637180.9383192
Dropping frame 1403637181.0383191
Dropping frame 1403637181.2883189
Dropping frame 1403637181.4883189
Dropping frame 1403637181.688319
Dropping frame 1403637181.7883189
Dropping frame 1403637182.0383191
Dropping frame 1403637182.138319
Dropping frame 1403637182.2383192
Dropping frame 1403637182.4383192
Dropping frame 1403637182.638319
Dropping frame 1403637182.7883189
Dropping frame 1403637182.888319
Dropping frame 1403637183.138319
Dropping frame 1403637183.2383192
Dropping frame 1403637183.4883189
Dropping frame 1403637185.0883191
Dropping frame 1403637185.5383191
Dropping frame 1403637187.2883189
Dropping frame 1403637187.7383192
Dropping frame 1403637188.4383192
Dropping frame 1403637188.5883191
Dropping frame 1403637189.0883191
Dropping frame 1403637189.188319
Dropping frame 1403637189.4383192
Dropping frame 1403637189.688319
Dropping frame 1403637189.7883189
Dropping frame 1403637189.9383192
Dropping frame 1403637190.188319
Dropping frame 1403637190.388319
Dropping frame 1403637190.4883189
Dropping frame 1403637190.5883191
Dropping frame 1403637190.688319
Dropping frame 1403637190.888319
Dropping frame 1403637191.0383191
Dropping frame 1403637191.138319
Dropping frame 1403637191.2383192
Dropping frame 1403637191.4383192
Dropping frame 1403637191.5383191
Dropping frame 1403637191.7883189
Dropping frame 1403637191.888319
Dropping frame 1403637192.0383191
Dropping frame 1403637192.2883189
Dropping frame 1403637192.4883189
Dropping frame 1403637192.5883191
Dropping frame 1403637192.688319
Dropping frame 1403637192.7883189
Dropping frame 1403637192.888319
Dropping frame 1403637192.9883189
Dropping frame 1403637193.138319
Dropping frame 1403637193.2383192
Dropping frame 1403637193.3383191
Dropping frame 1403637193.5383191
Dropping frame 1403637193.638319
Dropping frame 1403637193.7883189
Dropping frame 1403637193.9883189
Dropping frame 1403637194.2883189
Dropping frame 1403637194.5883191
Dropping frame 1403637194.9883189
Dropping frame 1403637195.0883191
Dropping frame 1403637195.3383191
Dropping frame 1403637195.9383192
Dropping frame 1403637196.188319
Dropping frame 1403637196.4383192
Dropping frame 1403637196.5883191
Dropping frame 1403637196.8383191
Dropping frame 1403637196.9383192
Dropping frame 1403637197.188319
Dropping frame 1403637197.388319
Dropping frame 1403637197.5383191
Dropping frame 1403637197.8383191
Dropping frame 1403637197.9383192
Dropping frame 1403637198.0883191
Dropping frame 1403637198.3383191
Dropping frame 1403637198.5383191
Dropping frame 1403637198.888319
Dropping frame 1403637198.9883189
Dropping frame 1403637199.2383192
Dropping frame 1403637199.3383191
Dropping frame 1403637199.4383192
Dropping frame 1403637199.638319
Dropping frame 1403637199.8383191
Dropping frame 1403637199.9383192
Dropping frame 1403637200.0383191
Dropping frame 1403637200.138319
Dropping frame 1403637200.3383191
Dropping frame 1403637200.5383191
Dropping frame 1403637200.7383192
Dropping frame 1403637200.8383191
Dropping frame 1403637200.9383192
Dropping frame 1403637201.138319
Dropping frame 1403637201.2383192
Dropping frame 1403637201.3383191
Dropping frame 1403637201.5383191
Dropping frame 1403637201.638319
Dropping frame 1403637201.8383191
Dropping frame 1403637202.0383191
Dropping frame 1403637202.138319
Dropping frame 1403637202.2383192
Dropping frame 1403637202.4883189
Dropping frame 1403637202.688319
Dropping frame 1403637202.7883189
Dropping frame 1403637202.888319
Dropping frame 1403637202.9883189
Dropping frame 1403637203.188319
Dropping frame 1403637203.2883189
Dropping frame 1403637203.388319
Dropping frame 1403637203.4883189
Dropping frame 1403637203.5883191
Dropping frame 1403637203.7383192
Dropping frame 1403637203.888319
Dropping frame 1403637204.0883191
Dropping frame 1403637204.2883189
Dropping frame 1403637204.4383192
Dropping frame 1403637204.688319
Dropping frame 1403637205.0383191
Dropping frame 1403637205.4383192
Dropping frame 1403637205.5383191
Dropping frame 1403637205.638319
Dropping frame 1403637205.7383192
Dropping frame 1403637205.8383191
Dropping frame 1403637205.9883189
Dropping frame 1403637206.2383192
Dropping frame 1403637206.3383191
Dropping frame 1403637206.4383192
Dropping frame 1403637206.5883191
Dropping frame 1403637206.688319
Dropping frame 1403637206.7883189
Dropping frame 1403637206.888319
Dropping frame 1403637206.9883189
Dropping frame 1403637207.388319
Dropping frame 1403637207.688319
Dropping frame 1403637207.8383191
Dropping frame 1403637208.138319
Dropping frame 1403637208.3383191
Dropping frame 1403637208.4383192
Dropping frame 1403637208.7383192
Dropping frame 1403637208.8383191
Dropping frame 1403637208.9383192
Dropping frame 1403637209.0383191
Dropping frame 1403637209.138319
Dropping frame 1403637209.2383192
Dropping frame 1403637209.638319
Dropping frame 1403637209.7383192
Dropping frame 1403637209.8383191
Dropping frame 1403637210.138319
Dropping frame 1403637210.2383192
Dropping frame 1403637210.5383191
Dropping frame 1403637210.638319
Dropping frame 1403637210.8383191
Dropping frame 1403637210.9383192
Dropping frame 1403637211.0383191
Dropping frame 1403637211.138319
Dropping frame 1403637211.2383192
Dropping frame 1403637211.388319
Dropping frame 1403637211.4883189
Dropping frame 1403637211.7383192
Dropping frame 1403637211.9383192
Dropping frame 1403637212.0383191
Dropping frame 1403637212.138319
Dropping frame 1403637212.2383192
Dropping frame 1403637212.4883189
Dropping frame 1403637212.5883191
Dropping frame 1403637212.8383191
Dropping frame 1403637213.0383191
Dropping frame 1403637213.138319
Dropping frame 1403637213.3383191
Dropping frame 1403637213.4383192
Dropping frame 1403637213.5383191
Dropping frame 1403637213.638319
Dropping frame 1403637213.8383191
Dropping frame 1403637213.9383192
Dropping frame 1403637214.188319
Dropping frame 1403637214.5383191
Dropping frame 1403637214.7383192
Dropping frame 1403637214.8383191
Dropping frame 1403637214.9383192
Dropping frame 1403637215.138319
Dropping frame 1403637215.388319
Dropping frame 1403637215.5883191
Dropping frame 1403637215.7883189
Dropping frame 1403637215.888319
Dropping frame 1403637215.9883189
Dropping frame 1403637216.188319
Dropping frame 1403637216.388319
Dropping frame 1403637216.4883189
Dropping frame 1403637216.7883189
Dropping frame 1403637216.9883189
Dropping frame 1403637217.0883191
Dropping frame 1403637217.5883191
Dropping frame 1403637217.688319
Dropping frame 1403637217.9383192
Dropping frame 1403637218.138319
Dropping frame 1403637218.3383191
Dropping frame 1403637218.5383191
Dropping frame 1403637218.7383192
Dropping frame 1403637218.9383192
Dropping frame 1403637219.188319
Dropping frame 1403637219.388319
Dropping frame 1403637219.5883191
Dropping frame 1403637219.688319
Dropping frame 1403637219.9383192
Dropping frame 1403637220.138319
Dropping frame 1403637220.388319
Dropping frame 1403637220.4883189
Dropping frame 1403637221.0883191
Dropping frame 1403637221.2383192
Dropping frame 1403637221.5383191
Dropping frame 1403637221.638319
Dropping frame 1403637221.7383192
Dropping frame 1403637222.138319
Dropping frame 1403637222.3383191
Dropping frame 1403637222.4383192
Dropping frame 1403637222.7883189
Dropping frame 1403637223.4383192
Dropping frame 1403637223.5383191
Dropping frame 1403637223.888319
Dropping frame 1403637224.8383191
Dropping frame 1403637225.188319
Dropping frame 1403637225.5383191
Dropping frame 1403637225.7383192
Dropping frame 1403637225.888319
Dropping frame 1403637226.188319
Dropping frame 1403637226.388319
Dropping frame 1403637226.4883189
Dropping frame 1403637226.688319
Dropping frame 1403637226.7883189
Dropping frame 1403637226.888319
Dropping frame 1403637227.138319
Dropping frame 1403637227.2383192
Dropping frame 1403637227.3383191
Dropping frame 1403637227.5383191
Dropping frame 1403637227.638319
Dropping frame 1403637228.188319
Dropping frame 1403637228.5383191
Dropping frame 1403637228.9383192
Dropping frame 1403637229.188319
Dropping frame 1403637229.3383191
Dropping frame 1403637229.5383191
Dropping frame 1403637229.888319
Dropping frame 1403637230.0883191
Dropping frame 1403637230.2383192
Dropping frame 1403637230.4383192
Dropping frame 1403637230.5383191
Dropping frame 1403637231.188319
Dropping frame 1403637231.388319
Dropping frame 1403637231.688319
Dropping frame 1403637231.888319
Dropping frame 1403637232.0883191
Dropping frame 1403637232.2383192
Dropping frame 1403637232.4383192
Dropping frame 1403637232.638319
Dropping frame 1403637232.7383192
Dropping frame 1403637232.8383191
Dropping frame 1403637233.0383191
Dropping frame 1403637233.188319
Dropping frame 1403637233.388319
Dropping frame 1403637233.5883191
Dropping frame 1403637233.7883189
Dropping frame 1403637233.888319
Dropping frame 1403637233.9883189
Dropping frame 1403637234.0883191
Dropping frame 1403637234.2883189
Dropping frame 1403637234.388319
Dropping frame 1403637234.638319
Dropping frame 1403637234.8383191
Dropping frame 1403637235.0383191
Dropping frame 1403637235.2383192
Dropping frame 1403637235.3383191
Dropping frame 1403637235.4383192
Dropping frame 1403637235.638319
Dropping frame 1403637235.8383191
Dropping frame 1403637236.0383191
Dropping frame 1403637236.2383192
Dropping frame 1403637236.4383192
Dropping frame 1403637236.5383191
Dropping frame 1403637236.7383192
Dropping frame 1403637236.8383191
Dropping frame 1403637237.0383191
Dropping frame 1403637237.138319
Dropping frame 1403637237.2383192
Dropping frame 1403637237.4383192
Dropping frame 1403637237.5383191
Dropping frame 1403637237.7883189
Dropping frame 1403637237.888319
Dropping frame 1403637238.0883191
Dropping frame 1403637238.2383192
Dropping frame 1403637238.4883189
Dropping frame 1403637238.5883191
Dropping frame 1403637238.688319
Dropping frame 1403637238.7883189
Dropping frame 1403637238.888319
Dropping frame 1403637239.5883191
Dropping frame 1403637239.7883189
Dropping frame 1403637239.9883189
Dropping frame 1403637240.188319
Dropping frame 1403637240.388319
Dropping frame 1403637240.4883189
Dropping frame 1403637240.688319
Dropping frame 1403637240.7883189
Dropping frame 1403637240.888319
Dropping frame 1403637240.9883189
Dropping frame 1403637241.188319
Dropping frame 1403637241.388319
Dropping frame 1403637241.5883191
Dropping frame 1403637241.688319
Dropping frame 1403637241.888319
Dropping frame 1403637242.0883191
Dropping frame 1403637242.2883189
Dropping frame 1403637242.4883189
Dropping frame 1403637242.688319
Dropping frame 1403637242.7883189
Dropping frame 1403637242.888319
Dropping frame 1403637242.9883189
Dropping frame 1403637243.0883191
Dropping frame 1403637243.2383192
Dropping frame 1403637243.4383192
Dropping frame 1403637243.5383191
Dropping frame 1403637243.638319
Dropping frame 1403637243.9383192
Dropping frame 1403637244.0383191
Dropping frame 1403637244.2383192
Dropping frame 1403637244.3383191
Dropping frame 1403637244.4383192
Dropping frame 1403637244.5383191
Dropping frame 1403637244.7883189
Dropping frame 1403637244.888319
Dropping frame 1403637244.9883189
Dropping frame 1403637245.188319
Dropping frame 1403637245.388319
Dropping frame 1403637245.4883189
Dropping frame 1403637245.5883191
Dropping frame 1403637245.688319
Dropping frame 1403637245.7883189
Dropping frame 1403637245.9883189
Dropping frame 1403637246.188319
Dropping frame 1403637246.388319
Dropping frame 1403637246.5883191
Dropping frame 1403637246.7883189
Dropping frame 1403637246.9883189
Dropping frame 1403637247.0883191
Dropping frame 1403637247.188319
Dropping frame 1403637247.2883189
Dropping frame 1403637247.4883189
Dropping frame 1403637247.688319
Dropping frame 1403637247.888319
Dropping frame 1403637248.0883191
Dropping frame 1403637248.188319
Dropping frame 1403637248.2883189
Dropping frame 1403637248.388319
Dropping frame 1403637248.638319
Dropping frame 1403637248.8383191
Dropping frame 1403637248.9383192
Dropping frame 1403637249.2883189
Dropping frame 1403637249.4883189
Dropping frame 1403637249.5883191
Dropping frame 1403637249.688319
Dropping frame 1403637249.888319
Dropping frame 1403637250.0883191
Dropping frame 1403637250.2883189
Dropping frame 1403637250.4883189
Dropping frame 1403637250.688319
Dropping frame 1403637250.7883189
Dropping frame 1403637250.9883189
Dropping frame 1403637251.188319
Dropping frame 1403637251.2883189
Dropping frame 1403637251.388319
Dropping frame 1403637251.638319
Dropping frame 1403637251.7883189
Dropping frame 1403637251.9883189
Dropping frame 1403637252.188319
Dropping frame 1403637252.5383191
Dropping frame 1403637253.0383191
Dropping frame 1403637253.2383192
Dropping frame 1403637253.4883189
Dropping frame 1403637253.888319
Dropping frame 1403637253.9883189
Dropping frame 1403637254.388319
Dropping frame 1403637255.8383191
Dropping frame 1403637256.2883189
Dropping frame 1403637256.7383192
Dropping frame 1403637256.8383191
Dropping frame 1403637257.138319
Dropping frame 1403637257.4383192
Dropping frame 1403637257.888319
Dropping frame 1403637258.0883191
Dropping frame 1403637258.2383192
Dropping frame 1403637258.4383192
Dropping frame 1403637258.888319
Dropping frame 1403637258.9883189
Dropping frame 1403637259.3383191
Dropping frame 1403637259.638319
Dropping frame 1403637259.8383191
Dropping frame 1403637259.9383192
Dropping frame 1403637260.0883191
Dropping frame 1403637260.5383191
Dropping frame 1403637261.0883191
Dropping frame 1403637261.3383191
Dropping frame 1403637261.4383192
Dropping frame 1403637262.4383192
Dropping frame 1403637263.0383191
Dropping frame 1403637263.138319
Dropping frame 1403637263.388319
Dropping frame 1403637263.5883191
Dropping frame 1403637263.688319
Dropping frame 1403637263.7883189
Dropping frame 1403637264.0383191
Dropping frame 1403637264.138319
Dropping frame 1403637264.2383192
Dropping frame 1403637264.4383192
Dropping frame 1403637264.5383191
Dropping frame 1403637264.638319
Dropping frame 1403637264.7383192
Dropping frame 1403637264.9383192
Dropping frame 1403637265.138319
Dropping frame 1403637265.2383192
Dropping frame 1403637265.4383192
Shutdown
SLAM Finished at System Time: 1734507975.56081

 TIME STATS in ms (mean$\pm$std)
OpenCV version: 4.8.1
---------------------------
Tracking

ORB Extraction: 16.479$\pm$2.1302
Stereo Matching: 7.7888$\pm$1.9487
IMU Preintegration: 0.25148$\pm$0.10129
Pose Prediction: 0.72139$\pm$1.7437
LM Track: 18.663$\pm$6.1523
New KF decision: 1.3264$\pm$2.5176
Total Tracking: 32.675$\pm$24.454



Local Mapping

KF Insertion: 14.255$\pm$5.7148
MP Culling: 0.57871$\pm$0.28732
MP Creation: 45.291$\pm$20.582
LBA: 154.12$\pm$65.508
KF Culling: 14.968$\pm$11.272
Total Local Mapping: 227.2$\pm$94.61
---------------------------

LBA complexity (mean$\pm$std)
LBA Edges: 1504.8$\pm$584.31
LBA KF optimized: 6.5$\pm$2.2913
LBA KF fixed: 1$\pm$0
LBA MP: nan$\pm$nan

LBA executions: 449
LBA aborts: 0
---------------------------

Map complexity
KFs in map: 167
MPs in map: 13280
---------------------------

Place Recognition (mean$\pm$std)
Database Query: 2.166$\pm$1.2316
SE3 estimation: 28.031$\pm$16.664
Total Place Recognition: 22.672$\pm$20.103


Loop Closing (mean$\pm$std)
Loop Fusion: nan$\pm$nan
Essential Graph: nan$\pm$nan
Total Loop Closing: nan$\pm$nan

Num exec: 0
Number of KFs: nan$\pm$nan

Map Merging (mean$\pm$std)
Merge Maps: nan$\pm$nan
Welding BA: nan$\pm$nan
Optimization Ess.: nan$\pm$nan
Total Map Merging: nan$\pm$nan

Num exec: 0
Number of KFs: nan$\pm$nan
Number of MPs: nan$\pm$nan

Full GBA (mean$\pm$std)
GBA: nan$\pm$nan
Map Update: nan$\pm$nan
Total Full GBA: nan$\pm$nan

Num exec: 0
Num abort: 0
Number of KFs: nan$\pm$nan
Number of MPs: nan$\pm$nan

Saving trajectory to f_dataset-MH03_stereo_imu.txt ...
There are 1 maps in the atlas
  Map 0 has 167 KFs

End of saving trajectory to f_dataset-MH03_stereo_imu.txt ...

Saving keyframe trajectory to kf_dataset-MH03_stereo_imu.txt ...
