num_seq = 1
file name: dataset-MH02_stereo_imu
Loading images for sequence 0...LOADED!
Loading IMU for sequence 0...LOADED!

-------

ORB-SLAM3 Copyright (C) 2017-2020 Carlos Campos, Richard Elvira, Juan J. Gómez, José M.M. Montiel and Juan D. Tardós, University of Zaragoza.
ORB-SLAM2 Copyright (C) 2014-2016 Raúl Mur-Artal, José M.M. Montiel and Juan D. Tardós, University of Zaragoza.
This program comes with ABSOLUTELY NO WARRANTY;
This is free software, and you are welcome to redistribute it
under certain conditions. See LICENSE.txt.

Built with REGISTER_TIMES
Git Commit Hash: 90f15d8

Input sensor was set to: Stereo-Inertial
Loading settings from ./Examples/Stereo-Inertial/EuRoC_fov_deadlines_mask_12x12.yaml
	-Loaded camera 1
	-Loaded camera 2
	-Loaded image info
	-Loaded IMU calibration
	-Loaded ORB settings
	-Loaded viewer settings
	-Loaded Atlas settings
Deadlines enabled, will skip frames!
FOV enabled
Static mask size: 12x12
Dumping map points enabled
	-Loaded misc parameters
	-Computed rectification maps
----------------------------------
SLAM settings: 
	-Camera 1 parameters (Pinhole): [ 458.65399169921875 457.29598999023438 367.21499633789062 248.375 ]
	-Camera 1 distortion parameters: [  -0.28340810537338257 0.073959067463874817 0.00019359000725671649 1.7618711353861727e-05 ]
	-Camera 2 parameters (Pinhole: [ 457.58700561523438 456.13400268554688 379.99899291992188 255.23800659179688 ]
	-Camera 1 distortion parameters: [  -0.2836836576461792 0.074512839317321777 -0.00010473000293131918 -3.555907096597366e-05 ]
	-Original image size: [ 752 , 480 ]
	-Current image size: [ 752 , 480 ]
	-Camera 1 parameters after rectification: [  456.71499633789062 456.71499633789062 364.52615356445312 257.268798828125 ]
	-Sequence FPS: 20
	-Stereo baseline: 0.11007784307003021
	-Stereo depth threshold : 60
	-Gyro noise: 0.00016999999934341758
	-Accelerometer noise: 0.0020000000949949026
	-Gyro walk: 1.9392999092815444e-05
	-Accelerometer walk: 0.0030000000260770321
	-IMU frequency: 200
	-Features per image: 1200
	-ORB scale factor: 1.2000000476837158
	-ORB number of scales: 8
	-Initial FAST threshold: 20
	-Min FAST threshold: 7


Loading ORB Vocabulary. This could take a while...
Vocabulary loaded!

Initialization of Atlas from scratch 
Creation of new map with id: 0
Creation of new map with last KF id: 0
Seq. Name: 
There are 1 cameras in the atlas
Camera 0 is pinhole
SLAM Started at System Time: 1732014232.40796
not IMU meas
not IMU meas
not enough acceleration
not enough acceleration
not enough acceleration
not enough acceleration
not enough acceleration
not enough acceleration
First KF:0; Map init KF:0
New Map created with 189 points
Active map: 0
Dropping frame 1403636859.1516664
Dropping frame 1403636859.7016666
Dropping frame 1403636860.0516665
Dropping frame 1403636860.2016666
Dropping frame 1403636860.5016665
Dropping frame 1403636860.7516665
Dropping frame 1403636860.8516665
Dropping frame 1403636860.9516664
Dropping frame 1403636861.3016665
Dropping frame 1403636861.7516665
Dropping frame 1403636862.1516664
Dropping frame 1403636862.4016666
Dropping frame 1403636862.6016665
Dropping frame 1403636862.7016666
Dropping frame 1403636863.0516665
Dropping frame 1403636863.2016666
Dropping frame 1403636863.3516665
Dropping frame 1403636863.7016666
Dropping frame 1403636864.0516665
Dropping frame 1403636864.1516664
start VIBA 1
end VIBA 1
Dropping frame 1403636864.3516665
Dropping frame 1403636864.6016665
Dropping frame 1403636864.7516665
Dropping frame 1403636864.8516665
Dropping frame 1403636865.1016665
Dropping frame 1403636865.2016666
Dropping frame 1403636865.4016666
Dropping frame 1403636865.5016665
Dropping frame 1403636865.7016666
Dropping frame 1403636865.8516665
Dropping frame 1403636866.0016665
Dropping frame 1403636866.4016666
Dropping frame 1403636866.7016666
Dropping frame 1403636866.9016666
Dropping frame 1403636867.2016666
Dropping frame 1403636867.3516665
Dropping frame 1403636867.6016665
Dropping frame 1403636867.7016666
Dropping frame 1403636867.9016666
Dropping frame 1403636868.1016665
Dropping frame 1403636868.2016666
Dropping frame 1403636868.3516665
Dropping frame 1403636868.5516665
Dropping frame 1403636868.7516665
Dropping frame 1403636868.9016666
Dropping frame 1403636869.1016665
Dropping frame 1403636869.4016666
Dropping frame 1403636869.6016665
Dropping frame 1403636869.7016666
Dropping frame 1403636869.9016666
Dropping frame 1403636870.0016665
Dropping frame 1403636870.2016666
Dropping frame 1403636870.3516665
Dropping frame 1403636870.5016665
Dropping frame 1403636870.6016665
Dropping frame 1403636870.8516665
Dropping frame 1403636870.9516664
Dropping frame 1403636871.0516665
Dropping frame 1403636871.1516664
Dropping frame 1403636871.2516665
Dropping frame 1403636871.4516664
Dropping frame 1403636871.5516665
Dropping frame 1403636871.8016665
Dropping frame 1403636871.9016666
Dropping frame 1403636872.1016665
Dropping frame 1403636872.3016665
Dropping frame 1403636872.4016666
Dropping frame 1403636872.6516664
Dropping frame 1403636872.9516664
Dropping frame 1403636873.4016666
Dropping frame 1403636873.5516665
Dropping frame 1403636873.7516665
Dropping frame 1403636873.9516664
Dropping frame 1403636874.2016666
Dropping frame 1403636874.3016665
Dropping frame 1403636874.8016665
Dropping frame 1403636875.0516665
Dropping frame 1403636875.2016666
Dropping frame 1403636875.4516664
Dropping frame 1403636875.5516665
start VIBA 2
Dropping frame 1403636875.8516665
end VIBA 2
Dropping frame 1403636875.9516664
Dropping frame 1403636876.2016666
Dropping frame 1403636876.4016666
Dropping frame 1403636876.5016665
Dropping frame 1403636876.7516665
Dropping frame 1403636876.9516664
Dropping frame 1403636877.0516665
Dropping frame 1403636877.3516665
Dropping frame 1403636877.7516665
Dropping frame 1403636877.9516664
Dropping frame 1403636878.1016665
Dropping frame 1403636878.3516665
Dropping frame 1403636878.5516665
Dropping frame 1403636878.7516665
Dropping frame 1403636878.9516664
Dropping frame 1403636879.1516664
Dropping frame 1403636879.4516664
Dropping frame 1403636879.6516664
Dropping frame 1403636880.0016665
Dropping frame 1403636880.2516665
Dropping frame 1403636880.5516665
Dropping frame 1403636880.8016665
Dropping frame 1403636881.0516665
Dropping frame 1403636881.1516664
Dropping frame 1403636881.4016666
Dropping frame 1403636881.5016665
Dropping frame 1403636881.8516665
Dropping frame 1403636881.9516664
Dropping frame 1403636882.1516664
Dropping frame 1403636882.5016665
Dropping frame 1403636882.7516665
Dropping frame 1403636882.8516665
Dropping frame 1403636883.1016665
Dropping frame 1403636883.4516664
Dropping frame 1403636883.5516665
Dropping frame 1403636883.8016665
Dropping frame 1403636884.0016665
Dropping frame 1403636884.1016665
Dropping frame 1403636884.4016666
Dropping frame 1403636884.7016666
Dropping frame 1403636885.0516665
Dropping frame 1403636885.3516665
Dropping frame 1403636885.6516664
Dropping frame 1403636885.8516665
Dropping frame 1403636886.2516665
Dropping frame 1403636886.7516665
Dropping frame 1403636887.0516665
Dropping frame 1403636887.2516665
Dropping frame 1403636887.3516665
Dropping frame 1403636887.6516664
Dropping frame 1403636887.9516664
Dropping frame 1403636888.2516665
Dropping frame 1403636888.5516665
Dropping frame 1403636889.3016665
Dropping frame 1403636889.5516665
Dropping frame 1403636889.7516665
Dropping frame 1403636890.2016666
Dropping frame 1403636890.5016665
Dropping frame 1403636890.6016665
Dropping frame 1403636890.8516665
Dropping frame 1403636890.9516664
Dropping frame 1403636891.2016666
Dropping frame 1403636891.3016665
Dropping frame 1403636891.9016666
Dropping frame 1403636892.3516665
Dropping frame 1403636892.7016666
Dropping frame 1403636892.9516664
Dropping frame 1403636893.1516664
Dropping frame 1403636893.5016665
Dropping frame 1403636893.7016666
Dropping frame 1403636894.0516665
Dropping frame 1403636894.1516664
Dropping frame 1403636894.3016665
Dropping frame 1403636894.5016665
Dropping frame 1403636894.7016666
Dropping frame 1403636894.8016665
Dropping frame 1403636894.9516664
Dropping frame 1403636895.2516665
Dropping frame 1403636895.4516664
Dropping frame 1403636895.6016665
Dropping frame 1403636895.8016665
Dropping frame 1403636895.9516664
Dropping frame 1403636896.1516664
Dropping frame 1403636896.4016666
Dropping frame 1403636896.5516665
Dropping frame 1403636896.9516664
Dropping frame 1403636897.6516664
Dropping frame 1403636897.9016666
Dropping frame 1403636898.2016666
Dropping frame 1403636898.5016665
Dropping frame 1403636898.8016665
Dropping frame 1403636899.1516664
Dropping frame 1403636899.5516665
Dropping frame 1403636899.9516664
Dropping frame 1403636900.7016666
Dropping frame 1403636901.1516664
Dropping frame 1403636901.5016665
Dropping frame 1403636902.1016665
Dropping frame 1403636902.3516665
Dropping frame 1403636902.6016665
Dropping frame 1403636902.8516665
Dropping frame 1403636903.0516665
Dropping frame 1403636903.4516664
Dropping frame 1403636903.6016665
Dropping frame 1403636903.9016666
Dropping frame 1403636904.3016665
Dropping frame 1403636904.7016666
Dropping frame 1403636904.9516664
Dropping frame 1403636905.2016666
Dropping frame 1403636905.4016666
Dropping frame 1403636905.7016666
Dropping frame 1403636906.1016665
Dropping frame 1403636906.4016666
Dropping frame 1403636906.6516664
Dropping frame 1403636907.0516665
Dropping frame 1403636907.5516665
Dropping frame 1403636908.5516665
Dropping frame 1403636909.1516664
Dropping frame 1403636910.1016665
Dropping frame 1403636910.5016665
Dropping frame 1403636910.8016665
Dropping frame 1403636911.2016666
Dropping frame 1403636911.5016665
Dropping frame 1403636911.9516664
Dropping frame 1403636912.1516664
Dropping frame 1403636912.5016665
Dropping frame 1403636912.8016665
Dropping frame 1403636913.0016665
Dropping frame 1403636913.5016665
Dropping frame 1403636913.8016665
Dropping frame 1403636914.1516664
Dropping frame 1403636914.4516664
Dropping frame 1403636914.7016666
Dropping frame 1403636915.1516664
Dropping frame 1403636915.5016665
Dropping frame 1403636916.2516665
Dropping frame 1403636916.8016665
Dropping frame 1403636917.3516665
Dropping frame 1403636917.5516665
Dropping frame 1403636917.8016665
Dropping frame 1403636917.9016666
Dropping frame 1403636918.2516665
Dropping frame 1403636918.3516665
Dropping frame 1403636918.4516664
Dropping frame 1403636918.7516665
Dropping frame 1403636919.2016666
Dropping frame 1403636919.3016665
Dropping frame 1403636919.4516664
Dropping frame 1403636919.8016665
Dropping frame 1403636919.9016666
Dropping frame 1403636920.1016665
Dropping frame 1403636920.2016666
Dropping frame 1403636920.3016665
Dropping frame 1403636920.5516665
Dropping frame 1403636920.7016666
Dropping frame 1403636920.8016665
Dropping frame 1403636920.9016666
Dropping frame 1403636921.0016665
Dropping frame 1403636921.2516665
Dropping frame 1403636921.3516665
Dropping frame 1403636921.4516664
Dropping frame 1403636921.5516665
Dropping frame 1403636921.7516665
Dropping frame 1403636921.9016666
Dropping frame 1403636922.0016665
Dropping frame 1403636922.1016665
Dropping frame 1403636922.2016666
Dropping frame 1403636922.3016665
Dropping frame 1403636922.4016666
Dropping frame 1403636922.6016665
Dropping frame 1403636922.7016666
Dropping frame 1403636922.8016665
Dropping frame 1403636922.9016666
Dropping frame 1403636923.0016665
Dropping frame 1403636923.1016665
Dropping frame 1403636923.3016665
Dropping frame 1403636923.4016666
Dropping frame 1403636923.5516665
Dropping frame 1403636923.7016666
Dropping frame 1403636923.8016665
Dropping frame 1403636923.9016666
Dropping frame 1403636924.0516665
Dropping frame 1403636924.1516664
Dropping frame 1403636924.3516665
Dropping frame 1403636924.4516664
Dropping frame 1403636924.5516665
Dropping frame 1403636924.6516664
Dropping frame 1403636924.8516665
Dropping frame 1403636924.9516664
Dropping frame 1403636925.0516665
Dropping frame 1403636925.3016665
Dropping frame 1403636925.4016666
Dropping frame 1403636925.5016665
Dropping frame 1403636925.6016665
Dropping frame 1403636925.8016665
Dropping frame 1403636925.9016666
Dropping frame 1403636926.1516664
Dropping frame 1403636926.2516665
Dropping frame 1403636926.3516665
Dropping frame 1403636926.4516664
Dropping frame 1403636926.6016665
Dropping frame 1403636926.7016666
Dropping frame 1403636926.9016666
Dropping frame 1403636927.0016665
Dropping frame 1403636927.2016666
Dropping frame 1403636927.3016665
Dropping frame 1403636927.4016666
Dropping frame 1403636927.5016665
Dropping frame 1403636927.6016665
Dropping frame 1403636927.8016665
Dropping frame 1403636927.9016666
Dropping frame 1403636928.0016665
Dropping frame 1403636928.1016665
Dropping frame 1403636928.2016666
Dropping frame 1403636928.3016665
Dropping frame 1403636928.4016666
Dropping frame 1403636928.6016665
Dropping frame 1403636928.7016666
Dropping frame 1403636928.8516665
Dropping frame 1403636928.9516664
Dropping frame 1403636929.0516665
Dropping frame 1403636929.1516664
Dropping frame 1403636929.3516665
Dropping frame 1403636929.4516664
Dropping frame 1403636929.5516665
Dropping frame 1403636929.6516664
Dropping frame 1403636929.8516665
Dropping frame 1403636929.9516664
Dropping frame 1403636930.0516665
Dropping frame 1403636930.1516664
Dropping frame 1403636930.3516665
Dropping frame 1403636930.4516664
Dropping frame 1403636930.5516665
Dropping frame 1403636930.7516665
Dropping frame 1403636930.8516665
Dropping frame 1403636931.0016665
Dropping frame 1403636931.1016665
Dropping frame 1403636931.3016665
Dropping frame 1403636931.4016666
Dropping frame 1403636931.5016665
Dropping frame 1403636931.6016665
Dropping frame 1403636931.7016666
Dropping frame 1403636931.8016665
Dropping frame 1403636932.0516665
Dropping frame 1403636932.1516664
Dropping frame 1403636932.2516665
Dropping frame 1403636932.3516665
Dropping frame 1403636932.4516664
Dropping frame 1403636932.6516664
Dropping frame 1403636932.7516665
Dropping frame 1403636932.9016666
Dropping frame 1403636933.1016665
Dropping frame 1403636933.2016666
Dropping frame 1403636933.3016665
Dropping frame 1403636933.4016666
Dropping frame 1403636933.5016665
Dropping frame 1403636933.6016665
Dropping frame 1403636933.7016666
Dropping frame 1403636933.9016666
Dropping frame 1403636934.0016665
Dropping frame 1403636934.1016665
Dropping frame 1403636934.2016666
Dropping frame 1403636934.3016665
Dropping frame 1403636934.4516664
Dropping frame 1403636934.5516665
Dropping frame 1403636934.8016665
Dropping frame 1403636934.9016666
Dropping frame 1403636935.1016665
Dropping frame 1403636935.2016666
Dropping frame 1403636935.3016665
Dropping frame 1403636935.5016665
Dropping frame 1403636935.6016665
Dropping frame 1403636935.7016666
Dropping frame 1403636935.8516665
Dropping frame 1403636936.0016665
Dropping frame 1403636936.1016665
Dropping frame 1403636936.4016666
Dropping frame 1403636936.5016665
Dropping frame 1403636936.7516665
Dropping frame 1403636937.0516665
Dropping frame 1403636937.2516665
Dropping frame 1403636937.4516664
Dropping frame 1403636937.5516665
Dropping frame 1403636937.6516664
Dropping frame 1403636938.1516664
Dropping frame 1403636938.9516664
Dropping frame 1403636939.1016665
Dropping frame 1403636939.4016666
Dropping frame 1403636939.5516665
Dropping frame 1403636939.8016665
Dropping frame 1403636940.1516664
Dropping frame 1403636940.2516665
Dropping frame 1403636940.4516664
Dropping frame 1403636940.5516665
Dropping frame 1403636940.6516664
Dropping frame 1403636940.7516665
Dropping frame 1403636941.1516664
Dropping frame 1403636941.2516665
Dropping frame 1403636941.3516665
Dropping frame 1403636941.5516665
Dropping frame 1403636941.8016665
Dropping frame 1403636941.9016666
Dropping frame 1403636942.1016665
Dropping frame 1403636942.2016666
Dropping frame 1403636942.4016666
Dropping frame 1403636942.6016665
Dropping frame 1403636942.7016666
Dropping frame 1403636942.8016665
Dropping frame 1403636943.0016665
Dropping frame 1403636943.2016666
Dropping frame 1403636943.3016665
Dropping frame 1403636943.5016665
Dropping frame 1403636943.7516665
Dropping frame 1403636943.8516665
Dropping frame 1403636943.9516664
Dropping frame 1403636944.0516665
Dropping frame 1403636944.1516664
Dropping frame 1403636944.7516665
Dropping frame 1403636944.8516665
Dropping frame 1403636944.9516664
Dropping frame 1403636945.0516665
Dropping frame 1403636945.3016665
Dropping frame 1403636945.4016666
Dropping frame 1403636946.0016665
Dropping frame 1403636946.1016665
Dropping frame 1403636946.3016665
Dropping frame 1403636946.4016666
Dropping frame 1403636946.8016665
Dropping frame 1403636946.9016666
Dropping frame 1403636947.0016665
Dropping frame 1403636947.1016665
Dropping frame 1403636947.2016666
Dropping frame 1403636947.3016665
Dropping frame 1403636947.5516665
Dropping frame 1403636947.6516664
Dropping frame 1403636948.0016665
Dropping frame 1403636948.1016665
Dropping frame 1403636948.2016666
Dropping frame 1403636948.6016665
Dropping frame 1403636948.8016665
Dropping frame 1403636948.9016666
Dropping frame 1403636949.2016666
Dropping frame 1403636949.3016665
Dropping frame 1403636949.4016666
Dropping frame 1403636949.5016665
Dropping frame 1403636949.7016666
Dropping frame 1403636949.8016665
Dropping frame 1403636949.9016666
Dropping frame 1403636950.1016665
Dropping frame 1403636950.2016666
Dropping frame 1403636950.5016665
Dropping frame 1403636950.7016666
Dropping frame 1403636950.8016665
Dropping frame 1403636950.9016666
Dropping frame 1403636951.0016665
Dropping frame 1403636951.1016665
Dropping frame 1403636951.2016666
Dropping frame 1403636951.4016666
Dropping frame 1403636951.6016665
Dropping frame 1403636951.8016665
Dropping frame 1403636951.9016666
Dropping frame 1403636952.0016665
Dropping frame 1403636952.1516664
Dropping frame 1403636952.3516665
Dropping frame 1403636952.4516664
Dropping frame 1403636952.5516665
Dropping frame 1403636952.6516664
Dropping frame 1403636952.7516665
Dropping frame 1403636952.8516665
Dropping frame 1403636952.9516664
Dropping frame 1403636953.0516665
Dropping frame 1403636953.2516665
Dropping frame 1403636953.4516664
Dropping frame 1403636953.5516665
Dropping frame 1403636953.7516665
Dropping frame 1403636953.8516665
Dropping frame 1403636953.9516664
Dropping frame 1403636954.0516665
Dropping frame 1403636954.1516664
Dropping frame 1403636954.2516665
Dropping frame 1403636954.4516664
Dropping frame 1403636954.6516664
Dropping frame 1403636954.7516665
Dropping frame 1403636954.8516665
Dropping frame 1403636955.0516665
Dropping frame 1403636955.2516665
Dropping frame 1403636955.4516664
Dropping frame 1403636955.5516665
Dropping frame 1403636955.6516664
Dropping frame 1403636955.7516665
Dropping frame 1403636955.9516664
Dropping frame 1403636956.0516665
Dropping frame 1403636956.2516665
Dropping frame 1403636956.4516664
Dropping frame 1403636956.6516664
Dropping frame 1403636956.8516665
Dropping frame 1403636956.9516664
Dropping frame 1403636957.0516665
Dropping frame 1403636957.1516664
Dropping frame 1403636957.3516665
Dropping frame 1403636957.5516665
Dropping frame 1403636957.7516665
Dropping frame 1403636957.9516664
Dropping frame 1403636958.0516665
Dropping frame 1403636958.1516664
Dropping frame 1403636958.3516665
Dropping frame 1403636958.4516664
Dropping frame 1403636958.6516664
Dropping frame 1403636958.8516665
Dropping frame 1403636959.0516665
Dropping frame 1403636959.2516665
Dropping frame 1403636959.4516664
Dropping frame 1403636959.6516664
Dropping frame 1403636959.7516665
Dropping frame 1403636959.8516665
Dropping frame 1403636960.0516665
Dropping frame 1403636960.2516665
Dropping frame 1403636960.4516664
Dropping frame 1403636960.6516664
Dropping frame 1403636960.8516665
Dropping frame 1403636961.0516665
Dropping frame 1403636961.1516664
Dropping frame 1403636961.2516665
Dropping frame 1403636961.4516664
Dropping frame 1403636961.6516664
Dropping frame 1403636961.7516665
Dropping frame 1403636961.9516664
Dropping frame 1403636962.0516665
Dropping frame 1403636962.2516665
Dropping frame 1403636962.4516664
Dropping frame 1403636962.6516664
Dropping frame 1403636962.7516665
Dropping frame 1403636962.9516664
Dropping frame 1403636963.1516664
Dropping frame 1403636963.2516665
Dropping frame 1403636963.3516665
Dropping frame 1403636963.5516665
Dropping frame 1403636963.7516665
Dropping frame 1403636963.9516664
Dropping frame 1403636964.1516664
Dropping frame 1403636964.2516665
Dropping frame 1403636964.3516665
Dropping frame 1403636964.5516665
Dropping frame 1403636964.7516665
Dropping frame 1403636964.9516664
Dropping frame 1403636965.0516665
Dropping frame 1403636965.1516664
Dropping frame 1403636965.4016666
Dropping frame 1403636965.6016665
Dropping frame 1403636965.8016665
Dropping frame 1403636966.0016665
Dropping frame 1403636966.1016665
Dropping frame 1403636966.2016666
Dropping frame 1403636966.4016666
Dropping frame 1403636966.6016665
Dropping frame 1403636966.7016666
Dropping frame 1403636966.8016665
Dropping frame 1403636967.0516665
Dropping frame 1403636967.2516665
Dropping frame 1403636967.4516664
Dropping frame 1403636967.6516664
Dropping frame 1403636967.7516665
Dropping frame 1403636967.9516664
Dropping frame 1403636968.1516664
Dropping frame 1403636968.2516665
Dropping frame 1403636968.3516665
Dropping frame 1403636968.5516665
Dropping frame 1403636968.7516665
Dropping frame 1403636968.8516665
Dropping frame 1403636968.9516664
Dropping frame 1403636969.1516664
Dropping frame 1403636969.3516665
Dropping frame 1403636969.5516665
Dropping frame 1403636969.7516665
Dropping frame 1403636969.9516664
Dropping frame 1403636970.0516665
Dropping frame 1403636970.1516664
Dropping frame 1403636970.3516665
Dropping frame 1403636970.5516665
Dropping frame 1403636970.7516665
Dropping frame 1403636970.9516664
Dropping frame 1403636971.1516664
Dropping frame 1403636971.3516665
Dropping frame 1403636971.5516665
Dropping frame 1403636971.8516665
Dropping frame 1403636972.0516665
Dropping frame 1403636972.1516664
Dropping frame 1403636972.3516665
Dropping frame 1403636972.5516665
Dropping frame 1403636972.7516665
Dropping frame 1403636972.9516664
Dropping frame 1403636973.0516665
Dropping frame 1403636973.4516664
Dropping frame 1403636973.6516664
Dropping frame 1403636973.8516665
Dropping frame 1403636973.9516664
Dropping frame 1403636974.0516665
Dropping frame 1403636974.2516665
Dropping frame 1403636974.4516664
Dropping frame 1403636974.6516664
Dropping frame 1403636974.8516665
Dropping frame 1403636974.9516664
Dropping frame 1403636975.3516665
Dropping frame 1403636975.5516665
Dropping frame 1403636975.6516664
Dropping frame 1403636975.7516665
Dropping frame 1403636975.9516664
Dropping frame 1403636976.1516664
Dropping frame 1403636976.2516665
Dropping frame 1403636976.4516664
Dropping frame 1403636976.6516664
Dropping frame 1403636976.7516665
Dropping frame 1403636976.8516665
Dropping frame 1403636977.0516665
Dropping frame 1403636977.2516665
Dropping frame 1403636977.4516664
Dropping frame 1403636977.6516664
Dropping frame 1403636977.8516665
Dropping frame 1403636978.0516665
Dropping frame 1403636978.1516664
Dropping frame 1403636978.4516664
Dropping frame 1403636978.6516664
Dropping frame 1403636978.8516665
Dropping frame 1403636979.0516665
Dropping frame 1403636979.2516665
Dropping frame 1403636979.4016666
Dropping frame 1403636979.6016665
Dropping frame 1403636979.8016665
Dropping frame 1403636979.9016666
Dropping frame 1403636980.1016665
Dropping frame 1403636980.2016666
Dropping frame 1403636980.3016665
Dropping frame 1403636980.5016665
Dropping frame 1403636980.7016666
Dropping frame 1403636980.9016666
Dropping frame 1403636981.1016665
Dropping frame 1403636981.3016665
Dropping frame 1403636981.5016665
Dropping frame 1403636981.7016666
Dropping frame 1403636981.8016665
Dropping frame 1403636981.9016666
Dropping frame 1403636982.1016665
Dropping frame 1403636982.3016665
Dropping frame 1403636982.5016665
Dropping frame 1403636982.7016666
Dropping frame 1403636982.9016666
Dropping frame 1403636983.0016665
Dropping frame 1403636983.2016666
Dropping frame 1403636983.4016666
Dropping frame 1403636983.5016665
Dropping frame 1403636983.8016665
Dropping frame 1403636984.0016665
Dropping frame 1403636984.1016665
Dropping frame 1403636984.3516665
Dropping frame 1403636984.5516665
Dropping frame 1403636984.7516665
Dropping frame 1403636984.8516665
Dropping frame 1403636985.1016665
Dropping frame 1403636985.3016665
Dropping frame 1403636985.5016665
Dropping frame 1403636985.6016665
Dropping frame 1403636985.8016665
Dropping frame 1403636985.9016666
Dropping frame 1403636986.1016665
Dropping frame 1403636986.3016665
Dropping frame 1403636986.4016666
Dropping frame 1403636986.5016665
Dropping frame 1403636986.6516664
Dropping frame 1403636986.8516665
Dropping frame 1403636987.0516665
Dropping frame 1403636987.1516664
Dropping frame 1403636987.2516665
Dropping frame 1403636987.5016665
Dropping frame 1403636987.6016665
Dropping frame 1403636987.7016666
Dropping frame 1403636987.8016665
Dropping frame 1403636987.9016666
Dropping frame 1403636988.1016665
Dropping frame 1403636988.2016666
Dropping frame 1403636988.4516664
Dropping frame 1403636988.5516665
Dropping frame 1403636988.8016665
Dropping frame 1403636989.0016665
Dropping frame 1403636989.2016666
Dropping frame 1403636989.3516665
Dropping frame 1403636989.5016665
Dropping frame 1403636989.9016666
Dropping frame 1403636990.0016665
Dropping frame 1403636990.2516665
Dropping frame 1403636990.3516665
Dropping frame 1403636990.5016665
Dropping frame 1403636990.6016665
Dropping frame 1403636990.9016666
Dropping frame 1403636991.1016665
Dropping frame 1403636991.2016666
Dropping frame 1403636991.4016666
Dropping frame 1403636991.5016665
Dropping frame 1403636991.6516664
Dropping frame 1403636991.7516665
Dropping frame 1403636991.9516664
Dropping frame 1403636992.2516665
Dropping frame 1403636992.3516665
Dropping frame 1403636992.6016665
Dropping frame 1403636992.7016666
Dropping frame 1403636992.8516665
Dropping frame 1403636992.9516664
Dropping frame 1403636993.3516665
Dropping frame 1403636993.4516664
Dropping frame 1403636993.7016666
Dropping frame 1403636993.9016666
Dropping frame 1403636994.1016665
Dropping frame 1403636994.3516665
Dropping frame 1403636994.4516664
Dropping frame 1403636994.8516665
Dropping frame 1403636995.0516665
Dropping frame 1403636995.2516665
Dropping frame 1403636995.3516665
Dropping frame 1403636995.4516664
Dropping frame 1403636995.6516664
Dropping frame 1403636995.7516665
Dropping frame 1403636996.0516665
Dropping frame 1403636996.2516665
Dropping frame 1403636996.5516665
Dropping frame 1403636996.7516665
Dropping frame 1403636996.9016666
Dropping frame 1403636997.1016665
Dropping frame 1403636997.2016666
Dropping frame 1403636997.4516664
Dropping frame 1403636997.6516664
Dropping frame 1403636997.8516665
Dropping frame 1403636997.9516664
Dropping frame 1403636998.0516665
Dropping frame 1403636998.2516665
Dropping frame 1403636998.4016666
Dropping frame 1403636998.7516665
Dropping frame 1403636999.0516665
Dropping frame 1403636999.2016666
Dropping frame 1403636999.4516664
Dropping frame 1403636999.8016665
Dropping frame 1403637000.0016665
Dropping frame 1403637000.2016666
Dropping frame 1403637000.3016665
Dropping frame 1403637000.4016666
Dropping frame 1403637000.5016665
Dropping frame 1403637001.0516665
Dropping frame 1403637001.2516665
Dropping frame 1403637001.4516664
Dropping frame 1403637001.6516664
Dropping frame 1403637001.7516665
Dropping frame 1403637001.9016666
Dropping frame 1403637002.1016665
Dropping frame 1403637002.3016665
Dropping frame 1403637002.4016666
Dropping frame 1403637002.5016665
Dropping frame 1403637002.6016665
Dropping frame 1403637002.7016666
Dropping frame 1403637002.8016665
Dropping frame 1403637003.0016665
Dropping frame 1403637003.1016665
Dropping frame 1403637003.5016665
Dropping frame 1403637003.6016665
Dropping frame 1403637003.7016666
Dropping frame 1403637003.9016666
Dropping frame 1403637004.1016665
Dropping frame 1403637004.2016666
Dropping frame 1403637004.3016665
Dropping frame 1403637004.4516664
Dropping frame 1403637004.5516665
Dropping frame 1403637004.6516664
Dropping frame 1403637004.8516665
Dropping frame 1403637005.0516665
Dropping frame 1403637005.2516665
Dropping frame 1403637005.4516664
Dropping frame 1403637005.6516664
Dropping frame 1403637005.8516665
Dropping frame 1403637005.9516664
Dropping frame 1403637006.0516665
Dropping frame 1403637006.1516664
Dropping frame 1403637006.3516665
Dropping frame 1403637006.5516665
Dropping frame 1403637006.6516664
Dropping frame 1403637006.7516665
Dropping frame 1403637006.8516665
Dropping frame 1403637006.9516664
Dropping frame 1403637007.2016666
Dropping frame 1403637007.4016666
Dropping frame 1403637007.6016665
Dropping frame 1403637007.7016666
Dropping frame 1403637007.8016665
Dropping frame 1403637007.9016666
Dropping frame 1403637008.0016665
Dropping frame 1403637008.1516664
Dropping frame 1403637008.3516665
Dropping frame 1403637008.4516664
Dropping frame 1403637008.5516665
Dropping frame 1403637008.7516665
Dropping frame 1403637008.9516664
Dropping frame 1403637009.0516665
Dropping frame 1403637009.1516664
Dropping frame 1403637009.2516665
Dropping frame 1403637009.5016665
Dropping frame 1403637009.7016666
Dropping frame 1403637009.9016666
Dropping frame 1403637010.1016665
Dropping frame 1403637010.2016666
Dropping frame 1403637010.3016665
Dropping frame 1403637010.5016665
Shutdown
SLAM Finished at System Time: 1732014420.55809

 TIME STATS in ms (mean$\pm$std)
OpenCV version: 4.8.1
---------------------------
Tracking

ORB Extraction: 20.929$\pm$1.996
Stereo Matching: 7.4544$\pm$1.9933
IMU Preintegration: 0.24091$\pm$0.089343
Pose Prediction: 0.22531$\pm$0.63969
LM Track: 19.625$\pm$5.5174
New KF decision: 1.2999$\pm$2.4376
Total Tracking: 32.216$\pm$27.59



Local Mapping

KF Insertion: 17.561$\pm$5.3171
MP Culling: 0.57018$\pm$0.22328
MP Creation: 51.555$\pm$15.999
LBA: 153.4$\pm$53.186
KF Culling: 15.586$\pm$10.701
Total Local Mapping: 238.73$\pm$75.835
---------------------------

LBA complexity (mean$\pm$std)
LBA Edges: 1706.6$\pm$599.51
LBA KF optimized: 6.5$\pm$2.2913
LBA KF fixed: 1$\pm$0
LBA MP: nan$\pm$nan

LBA executions: 447
LBA aborts: 0
---------------------------

Map complexity
KFs in map: 125
MPs in map: 9415
---------------------------

Place Recognition (mean$\pm$std)
Database Query: 1.4976$\pm$0.7989
SE3 estimation: 9.3862$\pm$14.014
Total Place Recognition: 9.6493$\pm$14.008


Loop Closing (mean$\pm$std)
Loop Fusion: nan$\pm$nan
Essential Graph: nan$\pm$nan
Total Loop Closing: nan$\pm$nan

Num exec: 0
Number of KFs: nan$\pm$nan

Map Merging (mean$\pm$std)
Merge Maps: nan$\pm$nan
Welding BA: nan$\pm$nan
Optimization Ess.: nan$\pm$nan
Total Map Merging: nan$\pm$nan

Num exec: 0
Number of KFs: nan$\pm$nan
Number of MPs: nan$\pm$nan

Full GBA (mean$\pm$std)
GBA: nan$\pm$nan
Map Update: nan$\pm$nan
Total Full GBA: nan$\pm$nan

Num exec: 0
Num abort: 0
Number of KFs: nan$\pm$nan
Number of MPs: nan$\pm$nan

Saving trajectory to f_dataset-MH02_stereo_imu.txt ...
There are 1 maps in the atlas
  Map 0 has 125 KFs

End of saving trajectory to f_dataset-MH02_stereo_imu.txt ...

Saving keyframe trajectory to kf_dataset-MH02_stereo_imu.txt ...
