num_seq = 1
file name: dataset-MH02_stereo_imu
Loading images for sequence 0...LOADED!
Loading IMU for sequence 0...LOADED!

-------

ORB-SLAM3 Copyright (C) 2017-2020 Carlos Campos, Richard Elvira, Juan J. Gómez, José M.M. Montiel and Juan D. Tardós, University of Zaragoza.
ORB-SLAM2 Copyright (C) 2014-2016 Raúl Mur-Artal, José M.M. Montiel and Juan D. Tardós, University of Zaragoza.
This program comes with ABSOLUTELY NO WARRANTY;
This is free software, and you are welcome to redistribute it
under certain conditions. See LICENSE.txt.

Built with REGISTER_TIMES
Git Commit Hash: 90f15d8

Input sensor was set to: Stereo-Inertial
Loading settings from ./Examples/Stereo-Inertial/EuRoC_fov_deadlines_mask_3x3.yaml
	-Loaded camera 1
	-Loaded camera 2
	-Loaded image info
	-Loaded IMU calibration
	-Loaded ORB settings
	-Loaded viewer settings
	-Loaded Atlas settings
Deadlines enabled, will skip frames!
FOV enabled
Static mask size: 3x3
Dumping map points enabled
	-Loaded misc parameters
	-Computed rectification maps
----------------------------------
SLAM settings: 
	-Camera 1 parameters (Pinhole): [ 458.65399169921875 457.29598999023438 367.21499633789062 248.375 ]
	-Camera 1 distortion parameters: [  -0.28340810537338257 0.073959067463874817 0.00019359000725671649 1.7618711353861727e-05 ]
	-Camera 2 parameters (Pinhole: [ 457.58700561523438 456.13400268554688 379.99899291992188 255.23800659179688 ]
	-Camera 1 distortion parameters: [  -0.2836836576461792 0.074512839317321777 -0.00010473000293131918 -3.555907096597366e-05 ]
	-Original image size: [ 752 , 480 ]
	-Current image size: [ 752 , 480 ]
	-Camera 1 parameters after rectification: [  456.71499633789062 456.71499633789062 364.52615356445312 257.268798828125 ]
	-Sequence FPS: 20
	-Stereo baseline: 0.11007784307003021
	-Stereo depth threshold : 60
	-Gyro noise: 0.00016999999934341758
	-Accelerometer noise: 0.0020000000949949026
	-Gyro walk: 1.9392999092815444e-05
	-Accelerometer walk: 0.0030000000260770321
	-IMU frequency: 200
	-Features per image: 1200
	-ORB scale factor: 1.2000000476837158
	-ORB number of scales: 8
	-Initial FAST threshold: 20
	-Min FAST threshold: 7


Loading ORB Vocabulary. This could take a while...
Vocabulary loaded!

Initialization of Atlas from scratch 
Creation of new map with id: 0
Creation of new map with last KF id: 0
Seq. Name: 
There are 1 cameras in the atlas
Camera 0 is pinhole
SLAM Started at System Time: 1732006525.07543
not IMU meas
not IMU meas
not enough acceleration
not enough acceleration
not enough acceleration
not enough acceleration
not enough acceleration
not enough acceleration
First KF:0; Map init KF:0
New Map created with 90 points
Active map: 0
Fail to track local map!
IMU is not or recently initialized. Reseting active map...
LM: Active map reset recieved
LM: Active map reset, waiting...
LM: Reseting current map in Local Mapping...
LM: End reseting Local Mapping...
LM: Reset free the mutex
LM: Active map reset, Done!!!
mnFirstFrameId = 8
mnInitialFrameId = 0
4 Frames set to lost
not IMU meas
not enough acceleration
not enough acceleration
First KF:1; Map init KF:0
New Map created with 276 points
Active map: 0
Dropping frame 1403636859.5016665
Dropping frame 1403636859.8516665
Dropping frame 1403636860.1516664
Dropping frame 1403636860.3016665
Dropping frame 1403636860.6016665
Fail to track local map!
IMU is not or recently initialized. Reseting active map...
LM: Active map reset recieved
LM: Active map reset, waiting...
LM: Reseting current map in Local Mapping...
LM: End reseting Local Mapping...
LM: Reset free the mutex
LM: Active map reset, Done!!!
mnFirstFrameId = 15
mnInitialFrameId = 11
27 Frames set to lost
not IMU meas
not enough acceleration
not enough acceleration
not enough acceleration
First KF:7; Map init KF:1
New Map created with 165 points
Active map: 0
Fail to track local map!
IMU is not or recently initialized. Reseting active map...
LM: Active map reset recieved
LM: Active map reset, waiting...
LM: Reseting current map in Local Mapping...
LM: End reseting Local Mapping...
LM: Reset free the mutex
LM: Active map reset, Done!!!
mnFirstFrameId = 42
mnInitialFrameId = 37
32 Frames set to lost
not IMU meas
First KF:8; Map init KF:7
New Map created with 488 points
Active map: 0
Dropping frame 1403636861.9016666
Fail to track local map!
IMU is not or recently initialized. Reseting active map...
LM: Active map reset recieved
LM: Active map reset, waiting...
LM: Reseting current map in Local Mapping...
LM: End reseting Local Mapping...
LM: Reset free the mutex
LM: Active map reset, Done!!!
mnFirstFrameId = 48
mnInitialFrameId = 46
47 Frames set to lost
not IMU meas
Dropping frame 1403636862.1516664
First KF:12; Map init KF:8
New Map created with 131 points
Active map: 0
Fail to track local map!
IMU is not or recently initialized. Reseting active map...
Dropping frame 1403636862.8016665
LM: Active map reset recieved
LM: Active map reset, waiting...
LM: Reseting current map in Local Mapping...
LM: End reseting Local Mapping...
LM: Reset free the mutex
LM: Active map reset, Done!!!
mnFirstFrameId = 64
mnInitialFrameId = 62
59 Frames set to lost
not IMU meas
First KF:15; Map init KF:12
New Map created with 516 points
Active map: 0
Fail to track local map!
IMU is not or recently initialized. Reseting active map...
LM: Active map reset recieved
LM: Active map reset, waiting...
LM: Reseting current map in Local Mapping...
LM: End reseting Local Mapping...
LM: Reset free the mutex
LM: Active map reset, Done!!!
mnFirstFrameId = 77
mnInitialFrameId = 75
76 Frames set to lost
not IMU meas
First KF:18; Map init KF:15
New Map created with 117 points
Active map: 0
Dropping frame 1403636864.0516665
Fail to track local map!
IMU is not or recently initialized. Reseting active map...
LM: Active map reset recieved
LM: Active map reset, waiting...
LM: Reseting current map in Local Mapping...
LM: End reseting Local Mapping...
LM: Reset free the mutex
LM: Active map reset, Done!!!
mnFirstFrameId = 95
mnInitialFrameId = 93
82 Frames set to lost
not IMU meas
First KF:20; Map init KF:18
New Map created with 290 points
Active map: 0
Dropping frame 1403636865.7016666
Dropping frame 1403636867.3016665
Not enough motion for initializing. Reseting...
TRACK: Reset map because local mapper set the bad imu flag 
LM: Reseting current map in Local Mapping...
LM: End reseting Local Mapping...
LM: Reset free the mutex
LM: Active map reset recieved
LM: Active map reset, waiting...
LM: Reseting current map in Local Mapping...
LM: End reseting Local Mapping...
LM: Reset free the mutex
LM: Active map reset, Done!!!
mnFirstFrameId = 102
mnInitialFrameId = 100
155 Frames set to lost
not IMU meas
First KF:41; Map init KF:20
New Map created with 168 points
Active map: 0
Dropping frame 1403636871.7016666
Not enough motion for initializing. Reseting...
TRACK: Reset map because local mapper set the bad imu flag 
LM: Active map reset recieved
LM: Active map reset, waiting...
LM: Reseting current map in Local Mapping...
LM: End reseting Local Mapping...
LM: Reset free the mutex
LM: Active map reset, Done!!!
mnFirstFrameId = 177
mnInitialFrameId = 175
248 Frames set to lost
not IMU meas
not enough acceleration
not enough acceleration
not enough acceleration
not enough acceleration
not enough acceleration
not enough acceleration
not enough acceleration
not enough acceleration
not enough acceleration
not enough acceleration
not enough acceleration
not enough acceleration
not enough acceleration
not enough acceleration
not enough acceleration
not enough acceleration
not enough acceleration
not enough acceleration
not enough acceleration
not enough acceleration
not enough acceleration
not enough acceleration
not enough acceleration
not enough acceleration
not enough acceleration
not enough acceleration
not enough acceleration
not enough acceleration
not enough acceleration
First KF:70; Map init KF:41
New Map created with 198 points
Active map: 0
Fail to track local map!
IMU is not or recently initialized. Reseting active map...
LM: Active map reset recieved
LM: Active map reset, waiting...
LM: Reseting current map in Local Mapping...
LM: End reseting Local Mapping...
LM: Reset free the mutex
LM: Active map reset, Done!!!
mnFirstFrameId = 301
mnInitialFrameId = 270
258 Frames set to lost
not enough acceleration
First KF:72; Map init KF:70
New Map created with 146 points
Active map: 0
Fail to track local map!
IMU is not or recently initialized. Reseting active map...
LM: Active map reset recieved
LM: Active map reset, waiting...
LM: Reseting current map in Local Mapping...
LM: End reseting Local Mapping...
LM: Reset free the mutex
LM: Active map reset, Done!!!
mnFirstFrameId = 314
mnInitialFrameId = 310
262 Frames set to lost
not IMU meas
First KF:73; Map init KF:72
New Map created with 153 points
Active map: 0
Fail to track local map!
IMU is not or recently initialized. Reseting active map...
LM: Active map reset recieved
LM: Active map reset, waiting...
LM: Reseting current map in Local Mapping...
LM: End reseting Local Mapping...
LM: Reset free the mutex
LM: Active map reset, Done!!!
mnFirstFrameId = 319
mnInitialFrameId = 317
269 Frames set to lost
not IMU meas
First KF:75; Map init KF:73
New Map created with 144 points
Active map: 0
Fail to track local map!
IMU is not or recently initialized. Reseting active map...
LM: Active map reset recieved
LM: Active map reset, waiting...
LM: Reseting current map in Local Mapping...
LM: End reseting Local Mapping...
LM: Reset free the mutex
LM: Active map reset, Done!!!
mnFirstFrameId = 327
mnInitialFrameId = 325
273 Frames set to lost
not IMU meas
not enough acceleration
First KF:76; Map init KF:75
New Map created with 185 points
Active map: 0
Fail to track local map!
IMU is not or recently initialized. Reseting active map...
LM: Active map reset recieved
LM: Active map reset, waiting...
LM: Reseting current map in Local Mapping...
LM: End reseting Local Mapping...
LM: Reset free the mutex
LM: Active map reset, Done!!!
mnFirstFrameId = 333
mnInitialFrameId = 330
278 Frames set to lost
not IMU meas
not enough acceleration
not enough acceleration
not enough acceleration
not enough acceleration
not enough acceleration
not enough acceleration
First KF:77; Map init KF:76
New Map created with 149 points
Active map: 0
Fail to track local map!
IMU is not or recently initialized. Reseting active map...
LM: Active map reset recieved
LM: Active map reset, waiting...
LM: Reseting current map in Local Mapping...
LM: End reseting Local Mapping...
LM: Reset free the mutex
LM: Active map reset, Done!!!
mnFirstFrameId = 345
mnInitialFrameId = 337
282 Frames set to lost
not IMU meas
First KF:78; Map init KF:77
New Map created with 206 points
Active map: 0
Fail to track local map!
IMU is not or recently initialized. Reseting active map...
LM: Active map reset recieved
LM: Active map reset, waiting...
LM: Reseting current map in Local Mapping...
LM: End reseting Local Mapping...
LM: Reset free the mutex
LM: Active map reset, Done!!!
mnFirstFrameId = 350
mnInitialFrameId = 348
286 Frames set to lost
not IMU meas
not enough acceleration
not enough acceleration
First KF:79; Map init KF:78
New Map created with 229 points
Active map: 0
Fail to track local map!
IMU is not or recently initialized. Reseting active map...
LM: Active map reset recieved
LM: Active map reset, waiting...
LM: Reseting current map in Local Mapping...
LM: End reseting Local Mapping...
LM: Reset free the mutex
LM: Active map reset, Done!!!
mnFirstFrameId = 357
mnInitialFrameId = 353
289 Frames set to lost
not IMU meas
not enough acceleration
not enough acceleration
not enough acceleration
not enough acceleration
not enough acceleration
not enough acceleration
not enough acceleration
not enough acceleration
not enough acceleration
not enough acceleration
not enough acceleration
not enough acceleration
not enough acceleration
not enough acceleration
not enough acceleration
First KF:80; Map init KF:79
New Map created with 109 points
Active map: 0
Fail to track local map!
IMU is not or recently initialized. Reseting active map...
LM: Active map reset recieved
LM: Active map reset, waiting...
LM: Reseting current map in Local Mapping...
LM: End reseting Local Mapping...
LM: Reset free the mutex
LM: Active map reset, Done!!!
mnFirstFrameId = 376
mnInitialFrameId = 359
291 Frames set to lost
not IMU meas
not enough acceleration
First KF:81; Map init KF:80
New Map created with 163 points
Active map: 0
Fail to track local map!
IMU is not or recently initialized. Reseting active map...
LM: Active map reset recieved
LM: Active map reset, waiting...
LM: Reseting current map in Local Mapping...
LM: End reseting Local Mapping...
LM: Reset free the mutex
LM: Active map reset, Done!!!
mnFirstFrameId = 383
mnInitialFrameId = 377
293 Frames set to lost
not IMU meas
First KF:82; Map init KF:81
New Map created with 149 points
Active map: 0
Fail to track local map!
IMU is not or recently initialized. Reseting active map...
LM: Active map reset recieved
LM: Active map reset, waiting...
LM: Reseting current map in Local Mapping...
LM: End reseting Local Mapping...
LM: Reset free the mutex
LM: Active map reset, Done!!!
mnFirstFrameId = 386
mnInitialFrameId = 384
297 Frames set to lost
not IMU meas
not enough acceleration
not enough acceleration
not enough acceleration
First KF:83; Map init KF:82
New Map created with 166 points
Active map: 0
Fail to track local map!
IMU is not or recently initialized. Reseting active map...
LM: Active map reset recieved
LM: Active map reset, waiting...
LM: Reseting current map in Local Mapping...
LM: End reseting Local Mapping...
LM: Reset free the mutex
LM: Active map reset, Done!!!
mnFirstFrameId = 394
mnInitialFrameId = 389
307 Frames set to lost
not IMU meas
First KF:85; Map init KF:83
New Map created with 253 points
Active map: 0
Fail to track local map!
IMU is not or recently initialized. Reseting active map...
LM: Active map reset recieved
LM: Active map reset, waiting...
LM: Reseting current map in Local Mapping...
LM: End reseting Local Mapping...
LM: Reset free the mutex
LM: Active map reset, Done!!!
mnFirstFrameId = 405
mnInitialFrameId = 403
311 Frames set to lost
not IMU meas
not enough acceleration
not enough acceleration
First KF:86; Map init KF:85
New Map created with 211 points
Active map: 0
Fail to track local map!
IMU is not or recently initialized. Reseting active map...
LM: Active map reset recieved
LM: Active map reset, waiting...
LM: Reseting current map in Local Mapping...
LM: End reseting Local Mapping...
LM: Reset free the mutex
LM: Active map reset, Done!!!
mnFirstFrameId = 412
mnInitialFrameId = 408
314 Frames set to lost
not IMU meas
not enough acceleration
not enough acceleration
not enough acceleration
not enough acceleration
not enough acceleration
First KF:87; Map init KF:86
New Map created with 218 points
Active map: 0
Fail to track local map!
IMU is not or recently initialized. Reseting active map...
LM: Active map reset recieved
LM: Active map reset, waiting...
LM: Reseting current map in Local Mapping...
LM: End reseting Local Mapping...
LM: Reset free the mutex
LM: Active map reset, Done!!!
mnFirstFrameId = 421
mnInitialFrameId = 414
335 Frames set to lost
not IMU meas
not enough acceleration
First KF:92; Map init KF:87
New Map created with 297 points
Active map: 0
Fail to track local map!
IMU is not or recently initialized. Reseting active map...
LM: Active map reset recieved
LM: Active map reset, waiting...
LM: Reseting current map in Local Mapping...
LM: End reseting Local Mapping...
LM: Reset free the mutex
LM: Active map reset, Done!!!
mnFirstFrameId = 444
mnInitialFrameId = 441
347 Frames set to lost
not IMU meas
not enough acceleration
not enough acceleration
not enough acceleration
not enough acceleration
not enough acceleration
First KF:95; Map init KF:92
New Map created with 219 points
Active map: 0
Fail to track local map!
IMU is not or recently initialized. Reseting active map...
LM: Active map reset recieved
LM: Active map reset, waiting...
LM: Reseting current map in Local Mapping...
LM: End reseting Local Mapping...
LM: Reset free the mutex
LM: Active map reset, Done!!!
mnFirstFrameId = 462
mnInitialFrameId = 455
357 Frames set to lost
not IMU meas
not enough acceleration
not enough acceleration
not enough acceleration
First KF:97; Map init KF:95
New Map created with 129 points
Active map: 0
Fail to track local map!
IMU is not or recently initialized. Reseting active map...
Dropping frame 1403636883.3016665
LM: Active map reset recieved
LM: Active map reset, waiting...
LM: Reseting current map in Local Mapping...
LM: End reseting Local Mapping...
LM: Reset free the mutex
LM: Active map reset, Done!!!
mnFirstFrameId = 476
mnInitialFrameId = 471
362 Frames set to lost
not IMU meas
not enough acceleration
not enough acceleration
not enough acceleration
First KF:98; Map init KF:97
New Map created with 78 points
Active map: 0
Not enough motion for initializing. Reseting...
LM: Reseting current map in Local Mapping...
LM: End reseting Local Mapping...
LM: Reset free the mutex
Not enough motion for initializing. Reseting...
TRACK: Reset map because local mapper set the bad imu flag 
LM: Reseting current map in Local Mapping...
LM: End reseting Local Mapping...
LM: Reset free the mutex
LM: Active map reset recieved
LM: Active map reset, waiting...
LM: Reseting current map in Local Mapping...
LM: End reseting Local Mapping...
LM: Reset free the mutex
LM: Active map reset, Done!!!
mnFirstFrameId = 485
mnInitialFrameId = 480
428 Frames set to lost
not IMU meas
not enough acceleration
not enough acceleration
not enough acceleration
not enough acceleration
not enough acceleration
not enough acceleration
not enough acceleration
not enough acceleration
not enough acceleration
not enough acceleration
not enough acceleration
not enough acceleration
not enough acceleration
not enough acceleration
not enough acceleration
not enough acceleration
not enough acceleration
not enough acceleration
not enough acceleration
not enough acceleration
not enough acceleration
not enough acceleration
not enough acceleration
not enough acceleration
not enough acceleration
not enough acceleration
not enough acceleration
not enough acceleration
not enough acceleration
not enough acceleration
not enough acceleration
not enough acceleration
not enough acceleration
not enough acceleration
not enough acceleration
not enough acceleration
not enough acceleration
not enough acceleration
not enough acceleration
not enough acceleration
not enough acceleration
not enough acceleration
not enough acceleration
not enough acceleration
not enough acceleration
not enough acceleration
not enough acceleration
not enough acceleration
not enough acceleration
not enough acceleration
not enough acceleration
not enough acceleration
not enough acceleration
not enough acceleration
not enough acceleration
not enough acceleration
not enough acceleration
not enough acceleration
not enough acceleration
not enough acceleration
not enough acceleration
not enough acceleration
not enough acceleration
not enough acceleration
not enough acceleration
not enough acceleration
not enough acceleration
not enough acceleration
not enough acceleration
not enough acceleration
not enough acceleration
not enough acceleration
not enough acceleration
not enough acceleration
not enough acceleration
not enough acceleration
not enough acceleration
not enough acceleration
not enough acceleration
not enough acceleration
not enough acceleration
not enough acceleration
not enough acceleration
not enough acceleration
not enough acceleration
not enough acceleration
not enough acceleration
not enough acceleration
not enough acceleration
not enough acceleration
not enough acceleration
not enough acceleration
not enough acceleration
not enough acceleration
not enough acceleration
not enough acceleration
not enough acceleration
not enough acceleration
not enough acceleration
not enough acceleration
not enough acceleration
not enough acceleration
not enough acceleration
not enough acceleration
not enough acceleration
not enough acceleration
not enough acceleration
not enough acceleration
not enough acceleration
not enough acceleration
not enough acceleration
not enough acceleration
not enough acceleration
not enough acceleration
not enough acceleration
not enough acceleration
not enough acceleration
not enough acceleration
not enough acceleration
not enough acceleration
not enough acceleration
not enough acceleration
not enough acceleration
not enough acceleration
not enough acceleration
not enough acceleration
not enough acceleration
not enough acceleration
not enough acceleration
not enough acceleration
not enough acceleration
not enough acceleration
not enough acceleration
not enough acceleration
not enough acceleration
not enough acceleration
not enough acceleration
not enough acceleration
not enough acceleration
not enough acceleration
not enough acceleration
not enough acceleration
not enough acceleration
not enough acceleration
not enough acceleration
not enough acceleration
not enough acceleration
not enough acceleration
not enough acceleration
not enough acceleration
not enough acceleration
not enough acceleration
not enough acceleration
not enough acceleration
not enough acceleration
not enough acceleration
not enough acceleration
not enough acceleration
not enough acceleration
not enough acceleration
not enough acceleration
not enough acceleration
not enough acceleration
not enough acceleration
not enough acceleration
not enough acceleration
not enough acceleration
not enough acceleration
not enough acceleration
not enough acceleration
not enough acceleration
not enough acceleration
not enough acceleration
not enough acceleration
not enough acceleration
not enough acceleration
not enough acceleration
not enough acceleration
not enough acceleration
not enough acceleration
not enough acceleration
not enough acceleration
not enough acceleration
not enough acceleration
not enough acceleration
not enough acceleration
not enough acceleration
not enough acceleration
not enough acceleration
not enough acceleration
not enough acceleration
not enough acceleration
not enough acceleration
not enough acceleration
not enough acceleration
not enough acceleration
not enough acceleration
not enough acceleration
not enough acceleration
not enough acceleration
not enough acceleration
not enough acceleration
not enough acceleration
not enough acceleration
not enough acceleration
not enough acceleration
First KF:110; Map init KF:98
New Map created with 103 points
Active map: 0
Dropping frame 1403636900.9016666
Dropping frame 1403636901.5516665
Dropping frame 1403636901.9516664
Dropping frame 1403636902.5516665
start VIBA 1
end VIBA 1
Dropping frame 1403636903.2516665
Dropping frame 1403636903.3516665
Dropping frame 1403636903.8016665
Dropping frame 1403636903.9016666
Dropping frame 1403636904.3016665
Dropping frame 1403636904.4516664
Dropping frame 1403636904.9516664
Dropping frame 1403636905.4516664
Dropping frame 1403636905.6516664
Dropping frame 1403636905.7516665
Dropping frame 1403636906.2516665
Dropping frame 1403636906.4516664
Dropping frame 1403636906.6516664
Dropping frame 1403636907.0016665
Dropping frame 1403636907.1016665
Dropping frame 1403636907.3516665
Dropping frame 1403636907.9016666
Dropping frame 1403636908.0016665
Dropping frame 1403636908.6016665
Dropping frame 1403636908.8516665
Dropping frame 1403636909.0516665
Dropping frame 1403636909.1516664
Dropping frame 1403636909.7016666
Dropping frame 1403636910.0016665
Dropping frame 1403636910.1516664
Dropping frame 1403636910.7516665
Dropping frame 1403636910.9516664
Dropping frame 1403636911.3016665
Dropping frame 1403636911.4016666
Dropping frame 1403636912.0016665
Dropping frame 1403636912.2016666
Dropping frame 1403636912.5016665
start VIBA 2
Dropping frame 1403636912.7016666
end VIBA 2
Dropping frame 1403636913.0016665
Dropping frame 1403636913.3516665
Dropping frame 1403636913.4516664
Dropping frame 1403636913.7016666
Dropping frame 1403636913.9016666
Dropping frame 1403636914.5516665
Dropping frame 1403636914.9516664
Dropping frame 1403636917.5516665
Dropping frame 1403636917.7016666
Dropping frame 1403636918.6016665
Dropping frame 1403636918.7516665
Dropping frame 1403636919.1016665
Dropping frame 1403636919.6016665
Dropping frame 1403636919.7016666
Dropping frame 1403636919.9516664
Dropping frame 1403636920.5516665
Dropping frame 1403636920.7516665
Dropping frame 1403636921.2516665
Dropping frame 1403636921.3516665
Dropping frame 1403636921.4516664
Dropping frame 1403636921.9516664
Dropping frame 1403636923.5016665
Dropping frame 1403636924.1516664
Dropping frame 1403636925.3516665
Dropping frame 1403636926.0016665
Dropping frame 1403636926.7516665
Dropping frame 1403636928.0016665
Dropping frame 1403636928.1016665
Dropping frame 1403636928.6516664
Dropping frame 1403636928.8516665
Dropping frame 1403636929.0516665
Dropping frame 1403636929.6516664
Dropping frame 1403636931.3016665
Dropping frame 1403636932.7016666
Dropping frame 1403636933.8016665
Dropping frame 1403636934.9016666
Dropping frame 1403636935.8016665
Dropping frame 1403636936.3016665
Dropping frame 1403636936.5016665
Dropping frame 1403636936.6016665
Dropping frame 1403636937.2016666
Dropping frame 1403636937.3516665
Dropping frame 1403636937.8016665
Dropping frame 1403636938.1016665
Dropping frame 1403636938.5516665
Dropping frame 1403636939.9016666
Dropping frame 1403636942.5016665
Dropping frame 1403636944.1516664
Dropping frame 1403636945.1516664
Dropping frame 1403636945.8016665
Dropping frame 1403636947.5516665
Dropping frame 1403636948.4516664
Dropping frame 1403636956.8016665
Dropping frame 1403636957.8516665
Dropping frame 1403636957.9516664
Dropping frame 1403636958.2016666
Dropping frame 1403636958.7516665
Dropping frame 1403636959.2016666
Dropping frame 1403636968.5516665
Dropping frame 1403636969.0516665
Dropping frame 1403636969.7016666
Dropping frame 1403636970.2516665
Dropping frame 1403636970.4016666
Dropping frame 1403636970.5516665
Dropping frame 1403636972.3516665
Dropping frame 1403636973.9016666
Dropping frame 1403636974.2016666
Dropping frame 1403636974.5016665
Dropping frame 1403636974.6016665
Dropping frame 1403636975.1516664
Dropping frame 1403636975.3516665
Dropping frame 1403636977.4516664
Dropping frame 1403636978.0016665
Dropping frame 1403636978.3516665
Dropping frame 1403636978.6016665
Dropping frame 1403636979.1516664
Dropping frame 1403636979.6516664
Dropping frame 1403636980.4516664
Dropping frame 1403636980.6016665
Dropping frame 1403636981.1016665
Dropping frame 1403636981.2016666
Dropping frame 1403636981.3016665
Dropping frame 1403636981.9516664
Dropping frame 1403636982.0516665
Dropping frame 1403636982.3016665
Dropping frame 1403636982.7016666
Dropping frame 1403636982.8016665
Dropping frame 1403636983.0016665
Dropping frame 1403636983.2516665
Dropping frame 1403636983.3516665
Dropping frame 1403636985.2016666
Dropping frame 1403636986.3516665
Dropping frame 1403636986.6516664
Dropping frame 1403636986.8016665
Dropping frame 1403636987.0016665
Dropping frame 1403636987.2016666
Dropping frame 1403636987.4516664
Dropping frame 1403636987.8516665
Dropping frame 1403636988.0516665
Dropping frame 1403636988.3016665
Dropping frame 1403636988.7516665
Dropping frame 1403636988.8516665
Dropping frame 1403636988.9516664
Dropping frame 1403636989.1516664
Dropping frame 1403636989.2516665
Dropping frame 1403636989.3516665
Dropping frame 1403636989.7016666
Dropping frame 1403636989.8516665
Dropping frame 1403636990.1016665
Dropping frame 1403636990.3016665
Dropping frame 1403636991.9016666
Dropping frame 1403636992.3016665
Dropping frame 1403636992.5016665
Dropping frame 1403636992.8016665
Dropping frame 1403636993.1516664
Dropping frame 1403636993.8016665
Dropping frame 1403636993.9016666
Dropping frame 1403636994.1016665
Dropping frame 1403636994.5016665
Dropping frame 1403636994.6016665
Dropping frame 1403636995.1016665
Dropping frame 1403636995.5016665
Dropping frame 1403636995.6016665
Dropping frame 1403636995.8016665
Dropping frame 1403636995.9016666
Dropping frame 1403636996.6016665
Dropping frame 1403636996.8016665
Dropping frame 1403636996.9016666
Dropping frame 1403636997.0016665
Dropping frame 1403636997.6516664
Dropping frame 1403636997.8516665
Dropping frame 1403636997.9516664
Dropping frame 1403636998.2516665
Dropping frame 1403636998.9016666
Dropping frame 1403636999.0016665
Dropping frame 1403636999.1016665
Dropping frame 1403636999.3016665
Dropping frame 1403636999.4016666
Dropping frame 1403636999.5016665
Dropping frame 1403636999.7516665
Dropping frame 1403636999.9516664
Dropping frame 1403637000.0516665
Dropping frame 1403637000.1516664
Dropping frame 1403637000.2516665
Dropping frame 1403637000.5516665
Dropping frame 1403637001.3516665
Dropping frame 1403637001.7016666
Dropping frame 1403637001.9516664
Dropping frame 1403637002.2516665
Dropping frame 1403637002.3516665
Dropping frame 1403637003.1516664
Dropping frame 1403637003.3516665
Dropping frame 1403637003.6516664
Dropping frame 1403637003.7516665
Dropping frame 1403637003.8516665
Dropping frame 1403637004.1516664
Dropping frame 1403637004.2516665
Dropping frame 1403637004.4516664
Dropping frame 1403637004.5516665
Dropping frame 1403637004.6516664
Dropping frame 1403637004.8516665
Dropping frame 1403637004.9516664
Dropping frame 1403637005.2016666
Dropping frame 1403637005.3016665
Dropping frame 1403637005.4016666
Dropping frame 1403637005.5016665
Dropping frame 1403637005.7016666
Dropping frame 1403637005.8016665
Dropping frame 1403637005.9016666
Dropping frame 1403637006.0016665
Dropping frame 1403637006.1016665
Dropping frame 1403637006.4016666
Dropping frame 1403637006.5016665
Dropping frame 1403637006.6016665
Dropping frame 1403637006.8516665
Dropping frame 1403637006.9516664
Dropping frame 1403637007.0516665
Dropping frame 1403637007.2516665
Dropping frame 1403637007.3516665
Dropping frame 1403637007.4516664
Dropping frame 1403637007.7516665
Dropping frame 1403637007.9516664
Dropping frame 1403637008.1516664
Dropping frame 1403637008.3516665
Dropping frame 1403637008.4516664
Dropping frame 1403637008.5516665
Dropping frame 1403637008.7516665
Dropping frame 1403637008.9516664
Dropping frame 1403637009.1516664
Dropping frame 1403637009.2516665
Dropping frame 1403637009.3516665
Dropping frame 1403637009.4516664
Dropping frame 1403637009.5516665
Dropping frame 1403637009.8016665
Dropping frame 1403637009.9016666
Dropping frame 1403637010.1016665
Dropping frame 1403637010.2016666
Dropping frame 1403637010.3016665
Dropping frame 1403637010.4016666
Dropping frame 1403637010.6016665
Shutdown
SLAM Finished at System Time: 1732006703.33844

 TIME STATS in ms (mean$\pm$std)
OpenCV version: 4.8.1
---------------------------
Tracking

ORB Extraction: 13.005$\pm$1.6137
Stereo Matching: 6.4747$\pm$2.1363
IMU Preintegration: 0.2486$\pm$0.13825
Pose Prediction: 0.71057$\pm$1.6912
LM Track: 16.646$\pm$6.3128
New KF decision: 0.99914$\pm$1.9392
Total Tracking: 34.62$\pm$17.574



Local Mapping

KF Insertion: 11.021$\pm$4.83
MP Culling: 0.38586$\pm$0.19005
MP Creation: 34.823$\pm$20.258
LBA: 126.76$\pm$60.889
KF Culling: 11.863$\pm$10.594
Total Local Mapping: 174.91$\pm$96.856
---------------------------

LBA complexity (mean$\pm$std)
LBA Edges: 1143.8$\pm$589.09
LBA KF optimized: 5.75$\pm$2.3464
LBA KF fixed: 1$\pm$0
LBA MP: nan$\pm$nan

LBA executions: 479
LBA aborts: 0
---------------------------

Map complexity
KFs in map: 154
MPs in map: 13335
---------------------------

Place Recognition (mean$\pm$std)
Database Query: 1.2628$\pm$0.72675
SE3 estimation: 16.466$\pm$13.684
Total Place Recognition: 12.334$\pm$14.297


Loop Closing (mean$\pm$std)
Loop Fusion: nan$\pm$nan
Essential Graph: nan$\pm$nan
Total Loop Closing: nan$\pm$nan

Num exec: 0
Number of KFs: nan$\pm$nan

Map Merging (mean$\pm$std)
Merge Maps: nan$\pm$nan
Welding BA: nan$\pm$nan
Optimization Ess.: nan$\pm$nan
Total Map Merging: nan$\pm$nan

Num exec: 0
Number of KFs: nan$\pm$nan
Number of MPs: nan$\pm$nan

Full GBA (mean$\pm$std)
GBA: nan$\pm$nan
Map Update: nan$\pm$nan
Total Full GBA: nan$\pm$nan

Num exec: 0
Num abort: 0
Number of KFs: nan$\pm$nan
Number of MPs: nan$\pm$nan

Saving trajectory to f_dataset-MH02_stereo_imu.txt ...
There are 1 maps in the atlas
  Map 0 has 154 KFs

End of saving trajectory to f_dataset-MH02_stereo_imu.txt ...

Saving keyframe trajectory to kf_dataset-MH02_stereo_imu.txt ...
