num_seq = 1
file name: dataset-MH02_stereo_imu
Loading images for sequence 0...LOADED!
Loading IMU for sequence 0...LOADED!

-------

ORB-SLAM3 Copyright (C) 2017-2020 Carlos Campos, Richard Elvira, Juan J. Gómez, José M.M. Montiel and Juan D. Tardós, University of Zaragoza.
ORB-SLAM2 Copyright (C) 2014-2016 Raúl Mur-Artal, José M.M. Montiel and Juan D. Tardós, University of Zaragoza.
This program comes with ABSOLUTELY NO WARRANTY;
This is free software, and you are welcome to redistribute it
under certain conditions. See LICENSE.txt.

Built with REGISTER_TIMES
Git Commit Hash: 90f15d8

Input sensor was set to: Stereo-Inertial
Loading settings from ./Examples/Stereo-Inertial/EuRoC_fov_deadlines_mask_7x7.yaml
	-Loaded camera 1
	-Loaded camera 2
	-Loaded image info
	-Loaded IMU calibration
	-Loaded ORB settings
	-Loaded viewer settings
	-Loaded Atlas settings
Deadlines enabled, will skip frames!
FOV enabled
Static mask size: 7x7
Dumping map points enabled
	-Loaded misc parameters
	-Computed rectification maps
----------------------------------
SLAM settings: 
	-Camera 1 parameters (Pinhole): [ 458.65399169921875 457.29598999023438 367.21499633789062 248.375 ]
	-Camera 1 distortion parameters: [  -0.28340810537338257 0.073959067463874817 0.00019359000725671649 1.7618711353861727e-05 ]
	-Camera 2 parameters (Pinhole: [ 457.58700561523438 456.13400268554688 379.99899291992188 255.23800659179688 ]
	-Camera 1 distortion parameters: [  -0.2836836576461792 0.074512839317321777 -0.00010473000293131918 -3.555907096597366e-05 ]
	-Original image size: [ 752 , 480 ]
	-Current image size: [ 752 , 480 ]
	-Camera 1 parameters after rectification: [  456.71499633789062 456.71499633789062 364.52615356445312 257.268798828125 ]
	-Sequence FPS: 20
	-Stereo baseline: 0.11007784307003021
	-Stereo depth threshold : 60
	-Gyro noise: 0.00016999999934341758
	-Accelerometer noise: 0.0020000000949949026
	-Gyro walk: 1.9392999092815444e-05
	-Accelerometer walk: 0.0030000000260770321
	-IMU frequency: 200
	-Features per image: 1200
	-ORB scale factor: 1.2000000476837158
	-ORB number of scales: 8
	-Initial FAST threshold: 20
	-Min FAST threshold: 7


Loading ORB Vocabulary. This could take a while...
Vocabulary loaded!

Initialization of Atlas from scratch 
Creation of new map with id: 0
Creation of new map with last KF id: 0
Seq. Name: 
There are 1 cameras in the atlas
Camera 0 is pinhole
SLAM Started at System Time: 1732009912.5868
not IMU meas
not IMU meas
not enough acceleration
not enough acceleration
not enough acceleration
not enough acceleration
not enough acceleration
not enough acceleration
First KF:0; Map init KF:0
New Map created with 163 points
Active map: 0
Dropping frame 1403636859.6016665
Dropping frame 1403636859.9516664
Dropping frame 1403636860.3016665
Dropping frame 1403636860.5516665
Dropping frame 1403636860.7516665
Dropping frame 1403636861.1016665
Dropping frame 1403636861.8016665
Dropping frame 1403636862.1016665
Dropping frame 1403636862.4016666
Dropping frame 1403636862.5516665
Dropping frame 1403636862.8016665
Dropping frame 1403636863.1516664
Dropping frame 1403636863.5516665
Dropping frame 1403636863.8016665
Dropping frame 1403636863.9516664
Dropping frame 1403636864.2016666
start VIBA 1
end VIBA 1
Dropping frame 1403636864.4016666
Dropping frame 1403636864.7016666
Dropping frame 1403636864.8016665
Dropping frame 1403636865.1016665
Dropping frame 1403636865.9016666
Dropping frame 1403636866.1516664
Dropping frame 1403636866.4516664
Dropping frame 1403636866.5516665
Dropping frame 1403636866.6516664
Dropping frame 1403636866.9516664
Dropping frame 1403636867.1516664
Dropping frame 1403636867.3016665
Dropping frame 1403636867.6516664
Dropping frame 1403636868.3016665
Dropping frame 1403636868.6016665
Dropping frame 1403636868.9016666
Dropping frame 1403636869.0016665
Dropping frame 1403636869.2016666
Dropping frame 1403636869.4016666
Dropping frame 1403636869.6016665
Dropping frame 1403636869.8016665
Dropping frame 1403636869.9016666
Dropping frame 1403636870.1016665
Dropping frame 1403636870.4016666
Dropping frame 1403636870.8016665
Dropping frame 1403636870.9516664
Dropping frame 1403636871.3016665
Dropping frame 1403636872.0516665
Dropping frame 1403636872.6516664
Dropping frame 1403636873.0016665
Dropping frame 1403636873.4016666
Dropping frame 1403636874.1016665
Dropping frame 1403636874.5516665
start VIBA 2
end VIBA 2
Dropping frame 1403636875.6016665
Dropping frame 1403636876.2016666
Dropping frame 1403636876.5516665
Dropping frame 1403636878.0016665
Dropping frame 1403636878.5516665
Dropping frame 1403636879.8016665
Dropping frame 1403636882.0016665
Dropping frame 1403636883.5516665
Dropping frame 1403636885.5016665
Dropping frame 1403636885.9516664
Dropping frame 1403636886.2016666
Dropping frame 1403636886.7016666
Dropping frame 1403636887.6516664
Dropping frame 1403636888.0016665
Dropping frame 1403636888.5016665
Dropping frame 1403636897.0516665
Dropping frame 1403636904.9016666
Dropping frame 1403636905.1516664
Dropping frame 1403636905.7016666
Dropping frame 1403636906.0516665
Dropping frame 1403636906.3016665
Dropping frame 1403636906.6016665
Dropping frame 1403636906.9016666
Dropping frame 1403636907.0016665
Dropping frame 1403636907.3016665
Dropping frame 1403636907.6516664
Dropping frame 1403636908.2516665
Dropping frame 1403636908.3516665
Dropping frame 1403636908.6016665
Dropping frame 1403636908.7016666
Dropping frame 1403636908.8516665
Dropping frame 1403636909.0516665
Dropping frame 1403636909.5016665
Dropping frame 1403636909.8016665
Dropping frame 1403636909.9016666
Dropping frame 1403636910.1016665
Dropping frame 1403636910.2016666
Dropping frame 1403636910.3516665
Dropping frame 1403636910.5016665
Dropping frame 1403636910.6516664
Dropping frame 1403636910.8016665
Dropping frame 1403636910.9016666
Dropping frame 1403636911.2016666
Dropping frame 1403636911.3016665
Dropping frame 1403636911.4016666
Dropping frame 1403636911.6016665
Dropping frame 1403636911.7516665
Dropping frame 1403636912.1016665
Dropping frame 1403636912.2516665
Dropping frame 1403636912.3516665
Dropping frame 1403636912.4516664
Dropping frame 1403636912.7516665
Dropping frame 1403636912.8516665
Dropping frame 1403636913.2516665
Dropping frame 1403636913.4516664
Dropping frame 1403636913.8016665
Dropping frame 1403636913.9016666
Dropping frame 1403636914.0016665
Dropping frame 1403636914.1016665
Dropping frame 1403636914.3516665
Dropping frame 1403636914.4516664
Dropping frame 1403636914.7016666
Dropping frame 1403636914.8016665
Dropping frame 1403636914.9016666
Dropping frame 1403636915.0016665
Dropping frame 1403636915.1516664
Dropping frame 1403636915.3516665
Dropping frame 1403636915.4516664
Dropping frame 1403636915.6016665
Dropping frame 1403636915.8016665
Dropping frame 1403636915.9016666
Dropping frame 1403636916.0516665
Dropping frame 1403636916.1516664
Dropping frame 1403636916.7016666
Dropping frame 1403636916.9016666
Dropping frame 1403636917.0016665
Dropping frame 1403636917.3516665
Dropping frame 1403636917.4516664
Dropping frame 1403636917.6016665
Dropping frame 1403636917.7016666
Dropping frame 1403636918.0016665
Dropping frame 1403636918.1016665
Dropping frame 1403636918.7016666
Dropping frame 1403636918.9516664
Dropping frame 1403636919.2516665
Dropping frame 1403636919.4516664
Dropping frame 1403636919.5516665
Dropping frame 1403636919.7516665
Dropping frame 1403636919.8516665
Dropping frame 1403636920.1016665
Dropping frame 1403636920.6516664
Dropping frame 1403636920.7516665
Dropping frame 1403636920.8516665
Dropping frame 1403636921.1516664
Dropping frame 1403636921.4516664
Dropping frame 1403636921.6516664
Dropping frame 1403636921.8516665
Dropping frame 1403636922.1016665
Dropping frame 1403636922.2016666
Dropping frame 1403636922.4016666
Dropping frame 1403636922.6516664
Dropping frame 1403636922.9016666
Dropping frame 1403636923.1016665
Dropping frame 1403636923.5016665
Dropping frame 1403636923.7016666
Dropping frame 1403636923.9016666
Dropping frame 1403636924.0016665
Dropping frame 1403636924.2516665
Dropping frame 1403636924.3516665
Dropping frame 1403636924.5516665
Dropping frame 1403636925.0016665
Dropping frame 1403636925.2516665
Dropping frame 1403636925.6016665
Dropping frame 1403636925.7016666
Dropping frame 1403636925.8016665
Dropping frame 1403636925.9016666
Dropping frame 1403636926.1516664
Dropping frame 1403636926.3516665
Dropping frame 1403636926.5016665
Dropping frame 1403636926.6016665
Dropping frame 1403636926.9516664
Dropping frame 1403636927.0516665
Dropping frame 1403636927.3016665
Dropping frame 1403636927.4516664
Dropping frame 1403636927.8016665
Dropping frame 1403636928.0016665
Dropping frame 1403636928.2016666
Dropping frame 1403636928.4016666
Dropping frame 1403636928.5016665
Dropping frame 1403636928.6516664
Dropping frame 1403636929.0016665
Dropping frame 1403636929.1016665
Dropping frame 1403636929.4016666
Dropping frame 1403636929.6016665
Dropping frame 1403636929.8016665
Dropping frame 1403636930.0016665
Dropping frame 1403636930.1016665
Dropping frame 1403636930.3016665
Dropping frame 1403636930.4016666
Dropping frame 1403636930.5016665
Dropping frame 1403636930.7016666
Dropping frame 1403636930.9016666
Dropping frame 1403636931.0016665
Dropping frame 1403636931.2016666
Dropping frame 1403636931.3016665
Dropping frame 1403636931.4016666
Dropping frame 1403636931.6016665
Dropping frame 1403636931.8016665
Dropping frame 1403636931.9016666
Dropping frame 1403636932.1016665
Dropping frame 1403636932.3016665
Dropping frame 1403636932.4516664
Dropping frame 1403636932.5516665
Dropping frame 1403636932.6516664
Dropping frame 1403636932.9516664
Dropping frame 1403636933.1516664
Dropping frame 1403636933.4516664
Dropping frame 1403636933.6516664
Dropping frame 1403636933.7516665
Dropping frame 1403636933.9516664
Dropping frame 1403636934.0516665
Dropping frame 1403636934.2516665
Dropping frame 1403636934.4516664
Dropping frame 1403636934.7016666
Dropping frame 1403636934.9016666
Dropping frame 1403636935.0016665
Dropping frame 1403636935.3516665
Dropping frame 1403636935.5516665
Dropping frame 1403636935.6516664
Dropping frame 1403636936.0516665
Dropping frame 1403636936.2016666
Dropping frame 1403636936.7016666
Dropping frame 1403636936.8016665
Dropping frame 1403636936.9016666
Dropping frame 1403636937.0016665
Dropping frame 1403636937.2516665
Dropping frame 1403636937.5516665
Dropping frame 1403636938.2016666
Dropping frame 1403636938.3516665
Dropping frame 1403636938.5516665
Dropping frame 1403636938.6516664
Dropping frame 1403636938.7516665
Dropping frame 1403636938.9016666
Dropping frame 1403636939.0016665
Dropping frame 1403636939.2016666
Dropping frame 1403636939.4516664
Dropping frame 1403636939.6516664
Dropping frame 1403636939.8516665
Dropping frame 1403636939.9516664
Dropping frame 1403636940.3016665
Dropping frame 1403636940.4016666
Dropping frame 1403636940.5016665
Dropping frame 1403636940.6016665
Dropping frame 1403636940.8516665
Dropping frame 1403636940.9516664
Dropping frame 1403636941.0516665
Dropping frame 1403636941.2516665
Dropping frame 1403636941.3516665
Dropping frame 1403636941.4516664
Dropping frame 1403636941.6516664
Dropping frame 1403636941.7516665
Dropping frame 1403636941.8516665
Dropping frame 1403636941.9516664
Dropping frame 1403636942.1516664
Dropping frame 1403636942.3516665
Dropping frame 1403636942.4516664
Dropping frame 1403636942.7016666
Dropping frame 1403636942.8016665
Dropping frame 1403636942.9516664
Dropping frame 1403636943.1516664
Dropping frame 1403636943.2516665
Dropping frame 1403636943.3516665
Dropping frame 1403636944.0016665
Dropping frame 1403636944.8516665
Dropping frame 1403636945.0516665
Dropping frame 1403636945.1516664
Dropping frame 1403636945.2516665
Dropping frame 1403636945.3516665
Dropping frame 1403636945.5516665
Dropping frame 1403636945.7516665
Dropping frame 1403636945.8516665
Dropping frame 1403636945.9516664
Dropping frame 1403636946.1516664
Dropping frame 1403636946.2516665
Dropping frame 1403636946.3516665
Dropping frame 1403636946.4516664
Dropping frame 1403636946.5516665
Dropping frame 1403636946.6516664
Dropping frame 1403636946.7516665
Dropping frame 1403636947.0016665
Dropping frame 1403636947.1516664
Dropping frame 1403636947.4016666
Dropping frame 1403636947.5016665
Dropping frame 1403636947.6016665
Dropping frame 1403636947.8016665
Dropping frame 1403636948.0016665
Dropping frame 1403636948.2016666
Dropping frame 1403636948.4016666
Dropping frame 1403636948.6016665
Dropping frame 1403636948.7016666
Dropping frame 1403636948.8016665
Dropping frame 1403636948.9016666
Dropping frame 1403636949.1016665
Dropping frame 1403636949.2016666
Dropping frame 1403636949.4516664
Dropping frame 1403636949.5516665
Dropping frame 1403636949.7516665
Dropping frame 1403636949.9516664
Dropping frame 1403636950.0516665
Dropping frame 1403636950.1516664
Dropping frame 1403636950.2516665
Dropping frame 1403636950.4016666
Dropping frame 1403636950.6016665
Dropping frame 1403636950.8016665
Dropping frame 1403636950.9016666
Dropping frame 1403636951.0016665
Dropping frame 1403636951.1016665
Dropping frame 1403636951.3016665
Dropping frame 1403636951.4016666
Dropping frame 1403636951.6016665
Dropping frame 1403636951.7016666
Dropping frame 1403636951.8016665
Dropping frame 1403636952.1516664
Dropping frame 1403636952.3016665
Dropping frame 1403636952.5016665
Dropping frame 1403636952.8016665
Dropping frame 1403636952.9016666
Dropping frame 1403636953.0016665
Dropping frame 1403636953.3516665
Dropping frame 1403636953.4516664
Dropping frame 1403636953.6516664
Dropping frame 1403636953.8016665
Dropping frame 1403636953.9516664
Dropping frame 1403636954.0516665
Dropping frame 1403636954.4016666
Dropping frame 1403636954.5016665
Dropping frame 1403636954.8516665
Dropping frame 1403636954.9516664
Dropping frame 1403636955.0516665
Dropping frame 1403636955.2516665
Dropping frame 1403636955.5516665
Dropping frame 1403636955.7016666
Dropping frame 1403636955.9016666
Dropping frame 1403636956.1016665
Dropping frame 1403636956.2016666
Dropping frame 1403636956.3016665
Dropping frame 1403636956.5016665
Dropping frame 1403636956.7016666
Dropping frame 1403636956.9016666
Dropping frame 1403636957.0016665
Dropping frame 1403636957.2516665
Dropping frame 1403636957.5516665
Dropping frame 1403636957.7516665
Dropping frame 1403636957.8516665
Dropping frame 1403636958.2516665
Dropping frame 1403636958.5016665
Dropping frame 1403636958.7516665
Dropping frame 1403636958.9016666
Dropping frame 1403636959.1016665
Dropping frame 1403636959.3016665
Dropping frame 1403636959.6516664
Dropping frame 1403636959.7516665
Dropping frame 1403636959.9516664
Dropping frame 1403636960.5016665
Dropping frame 1403636960.6016665
Dropping frame 1403636960.7016666
Dropping frame 1403636960.8016665
Dropping frame 1403636961.0516665
Dropping frame 1403636961.1516664
Dropping frame 1403636961.2516665
Dropping frame 1403636961.4516664
Dropping frame 1403636961.5516665
Dropping frame 1403636961.9016666
Dropping frame 1403636962.0016665
Dropping frame 1403636962.2516665
Dropping frame 1403636962.4516664
Dropping frame 1403636962.6016665
Dropping frame 1403636962.8016665
Dropping frame 1403636963.0016665
Dropping frame 1403636963.1016665
Dropping frame 1403636963.2016666
Dropping frame 1403636963.4016666
Dropping frame 1403636963.5016665
Dropping frame 1403636963.7516665
Dropping frame 1403636963.8516665
Dropping frame 1403636964.2016666
Dropping frame 1403636964.6016665
Dropping frame 1403636964.8016665
Dropping frame 1403636965.3516665
Dropping frame 1403636965.5516665
Dropping frame 1403636965.6516664
Dropping frame 1403636965.9516664
Dropping frame 1403636966.4016666
Dropping frame 1403636966.5016665
Dropping frame 1403636967.1516664
Dropping frame 1403636967.3516665
Dropping frame 1403636967.5516665
Dropping frame 1403636967.9016666
Dropping frame 1403636968.0516665
Dropping frame 1403636968.1516664
Dropping frame 1403636968.4016666
Dropping frame 1403636968.6016665
Dropping frame 1403636968.9516664
Dropping frame 1403636969.3016665
Dropping frame 1403636969.5016665
Dropping frame 1403636969.6016665
Dropping frame 1403636969.7016666
Dropping frame 1403636969.9016666
Dropping frame 1403636970.1016665
Dropping frame 1403636970.3016665
Dropping frame 1403636970.4016666
Dropping frame 1403636970.6016665
Dropping frame 1403636970.8016665
Dropping frame 1403636971.2516665
Dropping frame 1403636971.7016666
Dropping frame 1403636971.8016665
Dropping frame 1403636972.2016666
Dropping frame 1403636972.3016665
Dropping frame 1403636972.5016665
Dropping frame 1403636972.7516665
Dropping frame 1403636972.9516664
Dropping frame 1403636973.1516664
Dropping frame 1403636973.3516665
Dropping frame 1403636973.7016666
Dropping frame 1403636973.9016666
Dropping frame 1403636974.1016665
Dropping frame 1403636974.2016666
Dropping frame 1403636974.4516664
Dropping frame 1403636974.6516664
Dropping frame 1403636974.9016666
Dropping frame 1403636975.1516664
Dropping frame 1403636975.5016665
Dropping frame 1403636975.7016666
Dropping frame 1403636975.8016665
Dropping frame 1403636976.0516665
Dropping frame 1403636976.3516665
Dropping frame 1403636976.5516665
Dropping frame 1403636976.6516664
Dropping frame 1403636977.1016665
Dropping frame 1403636977.3516665
Dropping frame 1403636977.6516664
Dropping frame 1403636977.8516665
Dropping frame 1403636978.0516665
Dropping frame 1403636978.3016665
Dropping frame 1403636978.4016666
Dropping frame 1403636978.9016666
Dropping frame 1403636979.4516664
Dropping frame 1403636979.7516665
Dropping frame 1403636979.9516664
Dropping frame 1403636980.2516665
Dropping frame 1403636980.4516664
Dropping frame 1403636980.6516664
Dropping frame 1403636980.8516665
Dropping frame 1403636980.9516664
Dropping frame 1403636981.2016666
Dropping frame 1403636981.3016665
Dropping frame 1403636981.5516665
Dropping frame 1403636981.7516665
Dropping frame 1403636981.9516664
Dropping frame 1403636982.0516665
Dropping frame 1403636982.1516664
Dropping frame 1403636982.3516665
Dropping frame 1403636982.5516665
Dropping frame 1403636982.7516665
Dropping frame 1403636982.9516664
Dropping frame 1403636983.1516664
Dropping frame 1403636983.3516665
Dropping frame 1403636983.5516665
Dropping frame 1403636983.6516664
Dropping frame 1403636983.8016665
Dropping frame 1403636984.0016665
Dropping frame 1403636984.1016665
Dropping frame 1403636984.3016665
Dropping frame 1403636984.4516664
Dropping frame 1403636984.7016666
Dropping frame 1403636984.9016666
Dropping frame 1403636985.1016665
Dropping frame 1403636985.2016666
Dropping frame 1403636985.3016665
Dropping frame 1403636985.5016665
Dropping frame 1403636985.6016665
Dropping frame 1403636985.7016666
Dropping frame 1403636985.9016666
Dropping frame 1403636986.0016665
Dropping frame 1403636986.1016665
Dropping frame 1403636986.3016665
Dropping frame 1403636986.4016666
Dropping frame 1403636986.5016665
Dropping frame 1403636986.7016666
Dropping frame 1403636986.8016665
Dropping frame 1403636986.9016666
Dropping frame 1403636987.1016665
Dropping frame 1403636987.3016665
Dropping frame 1403636987.5016665
Dropping frame 1403636987.7016666
Dropping frame 1403636987.8016665
Dropping frame 1403636987.9016666
Dropping frame 1403636988.1016665
Dropping frame 1403636988.3016665
Dropping frame 1403636988.4016666
Dropping frame 1403636988.5016665
Dropping frame 1403636988.7516665
Dropping frame 1403636988.9516664
Dropping frame 1403636989.2516665
Dropping frame 1403636989.3516665
Dropping frame 1403636989.6016665
Dropping frame 1403636989.8016665
Dropping frame 1403636990.0016665
Dropping frame 1403636990.2016666
Dropping frame 1403636990.3016665
Dropping frame 1403636990.5016665
Dropping frame 1403636990.6016665
Dropping frame 1403636990.8516665
Dropping frame 1403636990.9516664
Dropping frame 1403636991.0516665
Dropping frame 1403636991.2516665
Dropping frame 1403636991.4516664
Dropping frame 1403636991.8016665
Dropping frame 1403636991.9016666
Dropping frame 1403636992.3016665
Dropping frame 1403636992.7516665
Dropping frame 1403636993.3516665
Dropping frame 1403636994.2016666
Dropping frame 1403636994.6016665
Dropping frame 1403636994.7516665
Dropping frame 1403636995.0516665
Dropping frame 1403636995.5016665
Dropping frame 1403636996.1016665
Dropping frame 1403636996.2016666
Dropping frame 1403636996.6016665
Dropping frame 1403636996.8016665
Dropping frame 1403636997.1016665
Dropping frame 1403636997.4516664
Dropping frame 1403636997.6516664
Dropping frame 1403636997.7516665
Dropping frame 1403636998.0016665
Dropping frame 1403636998.1016665
Dropping frame 1403636998.2016666
Dropping frame 1403636998.5016665
Dropping frame 1403636998.6016665
Dropping frame 1403636998.8016665
Dropping frame 1403636998.9016666
Dropping frame 1403636999.0016665
Dropping frame 1403636999.2016666
Dropping frame 1403636999.3516665
Dropping frame 1403636999.5516665
Dropping frame 1403636999.7516665
Dropping frame 1403636999.9516664
Dropping frame 1403637000.0516665
Dropping frame 1403637000.1516664
Dropping frame 1403637000.3516665
Dropping frame 1403637000.4516664
Dropping frame 1403637000.7016666
Dropping frame 1403637000.8016665
Dropping frame 1403637001.2016666
Dropping frame 1403637001.3016665
Dropping frame 1403637001.6016665
Dropping frame 1403637001.7016666
Dropping frame 1403637002.0516665
Dropping frame 1403637002.3516665
Dropping frame 1403637002.5516665
Dropping frame 1403637002.6516664
Dropping frame 1403637002.7516665
Dropping frame 1403637002.8516665
Dropping frame 1403637003.0016665
Dropping frame 1403637003.2516665
Dropping frame 1403637003.3516665
Dropping frame 1403637003.6516664
Dropping frame 1403637003.7516665
Dropping frame 1403637003.8516665
Dropping frame 1403637003.9516664
Dropping frame 1403637004.1516664
Dropping frame 1403637004.2516665
Dropping frame 1403637004.4516664
Dropping frame 1403637004.5516665
Dropping frame 1403637004.6516664
Dropping frame 1403637004.8516665
Dropping frame 1403637004.9516664
Dropping frame 1403637005.0516665
Dropping frame 1403637005.2516665
Dropping frame 1403637005.3516665
Dropping frame 1403637005.4516664
Dropping frame 1403637005.5516665
Dropping frame 1403637005.6516664
Dropping frame 1403637005.9016666
Dropping frame 1403637006.1016665
Dropping frame 1403637006.4016666
Dropping frame 1403637006.5016665
Dropping frame 1403637006.6016665
Dropping frame 1403637006.7016666
Dropping frame 1403637006.8016665
Dropping frame 1403637006.9016666
Dropping frame 1403637007.3016665
Dropping frame 1403637007.5016665
Dropping frame 1403637007.7016666
Dropping frame 1403637007.9016666
Dropping frame 1403637008.0016665
Dropping frame 1403637008.1016665
Dropping frame 1403637008.3516665
Dropping frame 1403637008.5516665
Dropping frame 1403637008.7516665
Dropping frame 1403637008.8516665
Dropping frame 1403637008.9516664
Dropping frame 1403637009.1516664
Dropping frame 1403637009.3516665
Dropping frame 1403637009.4516664
Dropping frame 1403637009.8516665
Dropping frame 1403637010.0516665
Dropping frame 1403637010.1516664
Dropping frame 1403637010.2516665
Dropping frame 1403637010.5016665
Dropping frame 1403637010.6016665
Shutdown
SLAM Finished at System Time: 1732010094.55776

 TIME STATS in ms (mean$\pm$std)
OpenCV version: 4.8.1
---------------------------
Tracking

ORB Extraction: 17.472$\pm$1.6727
Stereo Matching: 7.1949$\pm$2.0296
IMU Preintegration: 0.24634$\pm$0.097954
Pose Prediction: 0.21167$\pm$0.60843
LM Track: 19.09$\pm$5.3418
New KF decision: 1.1996$\pm$2.2888
Total Tracking: 33.773$\pm$24.53



Local Mapping

KF Insertion: 16.078$\pm$5.541
MP Culling: 0.54935$\pm$0.2184
MP Creation: 48.694$\pm$16.339
LBA: 152.34$\pm$55.834
KF Culling: 15.727$\pm$10.599
Total Local Mapping: 233.35$\pm$78.359
---------------------------

LBA complexity (mean$\pm$std)
LBA Edges: 1647.5$\pm$584.25
LBA KF optimized: 6.5$\pm$2.2913
LBA KF fixed: 1$\pm$0
LBA MP: nan$\pm$nan

LBA executions: 471
LBA aborts: 0
---------------------------

Map complexity
KFs in map: 143
MPs in map: 11449
---------------------------

Place Recognition (mean$\pm$std)
Database Query: 1.4951$\pm$0.87294
SE3 estimation: 10.6$\pm$13.835
Total Place Recognition: 10.838$\pm$14.015


Loop Closing (mean$\pm$std)
Loop Fusion: nan$\pm$nan
Essential Graph: nan$\pm$nan
Total Loop Closing: nan$\pm$nan

Num exec: 0
Number of KFs: nan$\pm$nan

Map Merging (mean$\pm$std)
Merge Maps: nan$\pm$nan
Welding BA: nan$\pm$nan
Optimization Ess.: nan$\pm$nan
Total Map Merging: nan$\pm$nan

Num exec: 0
Number of KFs: nan$\pm$nan
Number of MPs: nan$\pm$nan

Full GBA (mean$\pm$std)
GBA: nan$\pm$nan
Map Update: nan$\pm$nan
Total Full GBA: nan$\pm$nan

Num exec: 0
Num abort: 0
Number of KFs: nan$\pm$nan
Number of MPs: nan$\pm$nan

Saving trajectory to f_dataset-MH02_stereo_imu.txt ...
There are 1 maps in the atlas
  Map 0 has 143 KFs

End of saving trajectory to f_dataset-MH02_stereo_imu.txt ...

Saving keyframe trajectory to kf_dataset-MH02_stereo_imu.txt ...
