num_seq = 1
file name: dataset-MH01_stereo_imu
Loading images for sequence 0...LOADED!
Loading IMU for sequence 0...LOADED!

-------

ORB-SLAM3 Copyright (C) 2017-2020 Carlos Campos, Richard Elvira, Juan J. Gómez, José M.M. Montiel and Juan D. Tardós, University of Zaragoza.
ORB-SLAM2 Copyright (C) 2014-2016 Raúl Mur-Artal, José M.M. Montiel and Juan D. Tardós, University of Zaragoza.
This program comes with ABSOLUTELY NO WARRANTY;
This is free software, and you are welcome to redistribute it
under certain conditions. See LICENSE.txt.

Built with REGISTER_TIMES
Git Commit Hash: 5ee9387

Compiled with C++ version: 201703

Input sensor was set to: Stereo-Inertial
Loading settings from ./Examples/Stereo-Inertial/EuRoC_fov_deadlines_mask_4x4.yaml
	-Loaded camera 1
	-Loaded camera 2
	-Loaded image info
	-Loaded IMU calibration
	-Loaded ORB settings
	-Loaded viewer settings
	-Loaded Atlas settings
Deadlines enabled, will skip frames!
FOV enabled
Static mask size: 4x4
Dumping map points enabled
	-Loaded misc parameters
	-Computed rectification maps
----------------------------------
SLAM settings: 
	-Camera 1 parameters (Pinhole): [ 458.65399169921875 457.29598999023438 367.21499633789062 248.375 ]
	-Camera 1 distortion parameters: [  -0.28340810537338257 0.073959067463874817 0.00019359000725671649 1.7618711353861727e-05 ]
	-Camera 2 parameters (Pinhole: [ 457.58700561523438 456.13400268554688 379.99899291992188 255.23800659179688 ]
	-Camera 1 distortion parameters: [  -0.2836836576461792 0.074512839317321777 -0.00010473000293131918 -3.555907096597366e-05 ]
	-Original image size: [ 752 , 480 ]
	-Current image size: [ 752 , 480 ]
	-Camera 1 parameters after rectification: [  456.71499633789062 456.71499633789062 364.52615356445312 257.268798828125 ]
	-Sequence FPS: 20
	-Stereo baseline: 0.11007784307003021
	-Stereo depth threshold : 60
	-Gyro noise: 0.00016999999934341758
	-Accelerometer noise: 0.0020000000949949026
	-Gyro walk: 1.9392999092815444e-05
	-Accelerometer walk: 0.0030000000260770321
	-IMU frequency: 200
	-Features per image: 1200
	-ORB scale factor: 1.2000000476837158
	-ORB number of scales: 8
	-Initial FAST threshold: 20
	-Min FAST threshold: 7


Loading ORB Vocabulary. This could take a while...
Vocabulary loaded!

Initialization of Atlas from scratch 
Creation of new map with id: 0
Creation of new map with last KF id: 0
Seq. Name: 
There are 1 cameras in the atlas
Camera 0 is pinhole
SLAM Started at System Time: 1734430251.95758
not IMU meas
not IMU meas
not enough acceleration
not enough acceleration
First KF:0; Map init KF:0
New Map created with 570 points
Active map: 0
Dropping frame 1403636580.0135555
Dropping frame 1403636580.2135556
Dropping frame 1403636580.5135555
Dropping frame 1403636581.4135554
Dropping frame 1403636581.7135556
Dropping frame 1403636581.9635556
Dropping frame 1403636582.0635555
Dropping frame 1403636582.1635556
Dropping frame 1403636582.5135555
Dropping frame 1403636582.8135555
Dropping frame 1403636583.0135555
Dropping frame 1403636583.6635556
Dropping frame 1403636583.8635557
Dropping frame 1403636584.0635555
Dropping frame 1403636584.1635556
Dropping frame 1403636584.4135554
Dropping frame 1403636584.5135555
Dropping frame 1403636584.8635557
Dropping frame 1403636585.0635555
Dropping frame 1403636585.3135555
start VIBA 1
Dropping frame 1403636585.6135554
end VIBA 1
Dropping frame 1403636586.2135556
Dropping frame 1403636586.4135554
Dropping frame 1403636586.6135554
Dropping frame 1403636586.7135556
Dropping frame 1403636587.1135554
Dropping frame 1403636587.2135556
Dropping frame 1403636587.4635556
Dropping frame 1403636587.5635555
Dropping frame 1403636587.6635556
Dropping frame 1403636587.9135554
Dropping frame 1403636588.0135555
Dropping frame 1403636589.3135555
Dropping frame 1403636589.5635555
Dropping frame 1403636590.2135556
Dropping frame 1403636590.7135556
Dropping frame 1403636591.0635555
Dropping frame 1403636591.2635555
Dropping frame 1403636591.6135554
Dropping frame 1403636592.1635556
Dropping frame 1403636592.7635555
Dropping frame 1403636594.4635556
Dropping frame 1403636595.4135554
start VIBA 2
end VIBA 2
Dropping frame 1403636595.8135555
Dropping frame 1403636595.9135554
Dropping frame 1403636598.9135554
Dropping frame 1403636599.0635555
Dropping frame 1403636601.8135555
Dropping frame 1403636630.8135555
Dropping frame 1403636631.3635557
Dropping frame 1403636633.2135556
Dropping frame 1403636633.5635555
Dropping frame 1403636633.9135554
Dropping frame 1403636636.0135555
Dropping frame 1403636636.1135554
Dropping frame 1403636636.2635555
Dropping frame 1403636636.7635555
Dropping frame 1403636636.8635557
Dropping frame 1403636637.3635557
Dropping frame 1403636637.5135555
Dropping frame 1403636637.7135556
Dropping frame 1403636638.5135555
Dropping frame 1403636639.3635557
Dropping frame 1403636639.4635556
Dropping frame 1403636639.5635555
Dropping frame 1403636639.9135554
Dropping frame 1403636640.0135555
Dropping frame 1403636640.3135555
Dropping frame 1403636642.2135556
Dropping frame 1403636642.4135554
Dropping frame 1403636643.2135556
Dropping frame 1403636643.4135554
Dropping frame 1403636644.2135556
Dropping frame 1403636644.3135555
Dropping frame 1403636645.4635556
Dropping frame 1403636646.6635556
Dropping frame 1403636647.2635555
Dropping frame 1403636647.3635557
Dropping frame 1403636647.4635556
Dropping frame 1403636647.7635555
Dropping frame 1403636647.9635556
Dropping frame 1403636648.2635555
Dropping frame 1403636649.0635555
Dropping frame 1403636649.5135555
Dropping frame 1403636650.2135556
Dropping frame 1403636650.3135555
Dropping frame 1403636651.1635556
Dropping frame 1403636651.2635555
Dropping frame 1403636651.5135555
Dropping frame 1403636652.4135554
Dropping frame 1403636652.6135554
Dropping frame 1403636653.1135554
Dropping frame 1403636653.4635556
Dropping frame 1403636653.9635556
Dropping frame 1403636654.0635555
Dropping frame 1403636654.5135555
Dropping frame 1403636655.4635556
Dropping frame 1403636655.9135554
Dropping frame 1403636656.1135554
Dropping frame 1403636656.3135555
Dropping frame 1403636656.5135555
Dropping frame 1403636656.6135554
Dropping frame 1403636656.9635556
Dropping frame 1403636657.2635555
Dropping frame 1403636657.3635557
Dropping frame 1403636657.7135556
Dropping frame 1403636658.3635557
Dropping frame 1403636658.5135555
Dropping frame 1403636659.2135556
Dropping frame 1403636659.4135554
Dropping frame 1403636659.9135554
Dropping frame 1403636660.1135554
Dropping frame 1403636660.3135555
Dropping frame 1403636660.4635556
Dropping frame 1403636661.1135554
Dropping frame 1403636661.3635557
Dropping frame 1403636661.6135554
Dropping frame 1403636661.9135554
Dropping frame 1403636662.0135555
Dropping frame 1403636663.7635555
Dropping frame 1403636664.2135556
Dropping frame 1403636664.6135554
Dropping frame 1403636665.0635555
Dropping frame 1403636668.0135555
Dropping frame 1403636668.4135554
Dropping frame 1403636668.8135555
Dropping frame 1403636669.1635556
Dropping frame 1403636669.5135555
Dropping frame 1403636670.0635555
Dropping frame 1403636672.2635555
Dropping frame 1403636672.5635555
Dropping frame 1403636673.0135555
Dropping frame 1403636674.1635556
Dropping frame 1403636680.0135555
Dropping frame 1403636680.8635557
Dropping frame 1403636681.0635555
Dropping frame 1403636681.2635555
Dropping frame 1403636681.6135554
Dropping frame 1403636681.7135556
Dropping frame 1403636681.8135555
Dropping frame 1403636682.2635555
Dropping frame 1403636682.3635557
Dropping frame 1403636682.7135556
Dropping frame 1403636682.9135554
Dropping frame 1403636683.2135556
Dropping frame 1403636683.9135554
Dropping frame 1403636684.9135554
Dropping frame 1403636685.6635556
Dropping frame 1403636686.0135555
Dropping frame 1403636686.3135555
Dropping frame 1403636686.4135554
Dropping frame 1403636686.5135555
Dropping frame 1403636686.8135555
Dropping frame 1403636687.2135556
Dropping frame 1403636687.4135554
Dropping frame 1403636687.5635555
Dropping frame 1403636687.6635556
Dropping frame 1403636687.9635556
Dropping frame 1403636688.2635555
Dropping frame 1403636688.4135554
Dropping frame 1403636688.9135554
Dropping frame 1403636689.0135555
Dropping frame 1403636689.1135554
Dropping frame 1403636689.9135554
Dropping frame 1403636690.4135554
Dropping frame 1403636690.5135555
Dropping frame 1403636690.7635555
Dropping frame 1403636691.5135555
Dropping frame 1403636691.6135554
Dropping frame 1403636691.8635557
Dropping frame 1403636692.0135555
Dropping frame 1403636692.5135555
Dropping frame 1403636692.8635557
Dropping frame 1403636693.2135556
Dropping frame 1403636693.5135555
Dropping frame 1403636693.9635556
Dropping frame 1403636694.1135554
Dropping frame 1403636694.2135556
Dropping frame 1403636694.5635555
Dropping frame 1403636694.6635556
Dropping frame 1403636694.9635556
Dropping frame 1403636695.8635557
Dropping frame 1403636695.9635556
Dropping frame 1403636697.4135554
Dropping frame 1403636697.8135555
Dropping frame 1403636698.0135555
Dropping frame 1403636698.2135556
Dropping frame 1403636698.3135555
Dropping frame 1403636698.4135554
Dropping frame 1403636698.5135555
Dropping frame 1403636698.6135554
Dropping frame 1403636698.9635556
Dropping frame 1403636699.1635556
Dropping frame 1403636699.2635555
Dropping frame 1403636699.6635556
Dropping frame 1403636699.7635555
Dropping frame 1403636699.8635557
Dropping frame 1403636700.0635555
Dropping frame 1403636700.1635556
Dropping frame 1403636700.2635555
Dropping frame 1403636700.3635557
Dropping frame 1403636700.6135554
Dropping frame 1403636700.7135556
Dropping frame 1403636700.8135555
Dropping frame 1403636700.9135554
Dropping frame 1403636701.2635555
Dropping frame 1403636701.6135554
Dropping frame 1403636701.7635555
Dropping frame 1403636701.8635557
Dropping frame 1403636701.9635556
Dropping frame 1403636702.3635557
Dropping frame 1403636702.9135554
Dropping frame 1403636703.0135555
Dropping frame 1403636703.1135554
Dropping frame 1403636703.2135556
Dropping frame 1403636703.6135554
Dropping frame 1403636703.9635556
Dropping frame 1403636704.0635555
Dropping frame 1403636704.1635556
Dropping frame 1403636704.2635555
Dropping frame 1403636704.5635555
Dropping frame 1403636704.6635556
Dropping frame 1403636705.0135555
Dropping frame 1403636705.2135556
Dropping frame 1403636705.4135554
Dropping frame 1403636705.5135555
Dropping frame 1403636705.6135554
Dropping frame 1403636705.7135556
Dropping frame 1403636705.9635556
Dropping frame 1403636706.0635555
Dropping frame 1403636706.5135555
Dropping frame 1403636706.6135554
Dropping frame 1403636706.8635557
Dropping frame 1403636706.9635556
Dropping frame 1403636707.1635556
Dropping frame 1403636707.3635557
Dropping frame 1403636707.7635555
Dropping frame 1403636707.8635557
Dropping frame 1403636708.2135556
Dropping frame 1403636708.6135554
Dropping frame 1403636709.0635555
Dropping frame 1403636709.2635555
Dropping frame 1403636709.4635556
Dropping frame 1403636709.5635555
Dropping frame 1403636709.7135556
Dropping frame 1403636709.9635556
Dropping frame 1403636710.1135554
Dropping frame 1403636710.3635557
Dropping frame 1403636710.4635556
Dropping frame 1403636710.6635556
Dropping frame 1403636710.7635555
Dropping frame 1403636710.8635557
Dropping frame 1403636710.9635556
Dropping frame 1403636711.2135556
Dropping frame 1403636711.4635556
Dropping frame 1403636711.6635556
Dropping frame 1403636711.7635555
Dropping frame 1403636711.8635557
Dropping frame 1403636712.1135554
Dropping frame 1403636712.6635556
Dropping frame 1403636713.0135555
Dropping frame 1403636713.2135556
Dropping frame 1403636713.5635555
Dropping frame 1403636713.8135555
Dropping frame 1403636714.1635556
Dropping frame 1403636714.3135555
Dropping frame 1403636714.5135555
Dropping frame 1403636714.6135554
Dropping frame 1403636714.8635557
Dropping frame 1403636715.0635555
Dropping frame 1403636715.1635556
Dropping frame 1403636715.5635555
Dropping frame 1403636715.7135556
Dropping frame 1403636716.0135555
Dropping frame 1403636716.1635556
Dropping frame 1403636716.2635555
Dropping frame 1403636716.4635556
Dropping frame 1403636716.7135556
Dropping frame 1403636716.8135555
Dropping frame 1403636717.0135555
Dropping frame 1403636717.2135556
Dropping frame 1403636717.3135555
Dropping frame 1403636717.4635556
Dropping frame 1403636717.6135554
Dropping frame 1403636717.8135555
Dropping frame 1403636718.0135555
Dropping frame 1403636718.1135554
Dropping frame 1403636718.2135556
Dropping frame 1403636718.5135555
Dropping frame 1403636718.6135554
Dropping frame 1403636718.7135556
Dropping frame 1403636718.8135555
Dropping frame 1403636719.1635556
Dropping frame 1403636719.3135555
Dropping frame 1403636719.9135554
Dropping frame 1403636720.0135555
Dropping frame 1403636720.1135554
Dropping frame 1403636720.2135556
Dropping frame 1403636720.4135554
Dropping frame 1403636720.6635556
Dropping frame 1403636721.0635555
Dropping frame 1403636722.0135555
Dropping frame 1403636722.2635555
Dropping frame 1403636722.3635557
Dropping frame 1403636723.4635556
Dropping frame 1403636723.5635555
Dropping frame 1403636723.8135555
Dropping frame 1403636724.0135555
Dropping frame 1403636724.1135554
Dropping frame 1403636724.3635557
Dropping frame 1403636724.5635555
Dropping frame 1403636724.6635556
Dropping frame 1403636724.7635555
Dropping frame 1403636724.8635557
Dropping frame 1403636725.0135555
Dropping frame 1403636725.1135554
Dropping frame 1403636725.3135555
Dropping frame 1403636725.5135555
Dropping frame 1403636725.7135556
Dropping frame 1403636725.8135555
Dropping frame 1403636725.9135554
Dropping frame 1403636726.1135554
Dropping frame 1403636726.3135555
Dropping frame 1403636726.5135555
Dropping frame 1403636726.7135556
Dropping frame 1403636726.8135555
Dropping frame 1403636726.9135554
Dropping frame 1403636727.0135555
Dropping frame 1403636727.2135556
Dropping frame 1403636727.4135554
Dropping frame 1403636727.6135554
Dropping frame 1403636727.8135555
Dropping frame 1403636727.9135554
Dropping frame 1403636728.0135555
Dropping frame 1403636728.1135554
Dropping frame 1403636728.2135556
Dropping frame 1403636728.3135555
Dropping frame 1403636728.5135555
Dropping frame 1403636728.6135554
Dropping frame 1403636728.7135556
Dropping frame 1403636728.8135555
Dropping frame 1403636728.9635556
Dropping frame 1403636729.1635556
Dropping frame 1403636729.2635555
Dropping frame 1403636729.4635556
Dropping frame 1403636729.6635556
Dropping frame 1403636729.8635557
Dropping frame 1403636729.9635556
Dropping frame 1403636730.0635555
Dropping frame 1403636730.4635556
Dropping frame 1403636730.5635555
Dropping frame 1403636730.6635556
Dropping frame 1403636730.7635555
Dropping frame 1403636731.2635555
Dropping frame 1403636731.4635556
Dropping frame 1403636731.6635556
Dropping frame 1403636731.8635557
Dropping frame 1403636731.9635556
Dropping frame 1403636732.0635555
Dropping frame 1403636732.1635556
Dropping frame 1403636732.3135555
Dropping frame 1403636732.4135554
Dropping frame 1403636732.6135554
Dropping frame 1403636732.7135556
Dropping frame 1403636732.8135555
Dropping frame 1403636732.9135554
Dropping frame 1403636733.0135555
Dropping frame 1403636733.1135554
Dropping frame 1403636733.4635556
Dropping frame 1403636733.6635556
Dropping frame 1403636733.8635557
Dropping frame 1403636733.9635556
Dropping frame 1403636734.0635555
Dropping frame 1403636734.1635556
Dropping frame 1403636734.4135554
Dropping frame 1403636734.6135554
Dropping frame 1403636734.7135556
Dropping frame 1403636734.8135555
Dropping frame 1403636735.1635556
Dropping frame 1403636735.2635555
Dropping frame 1403636735.3635557
Dropping frame 1403636735.5635555
Dropping frame 1403636735.6635556
Dropping frame 1403636735.7635555
Dropping frame 1403636735.9635556
Dropping frame 1403636736.1635556
Dropping frame 1403636736.3635557
Dropping frame 1403636736.5635555
Dropping frame 1403636736.6635556
Dropping frame 1403636736.7635555
Dropping frame 1403636736.8635557
Dropping frame 1403636737.2135556
Dropping frame 1403636737.3135555
Dropping frame 1403636737.4135554
Dropping frame 1403636737.5135555
Dropping frame 1403636737.6135554
Dropping frame 1403636737.9635556
Dropping frame 1403636738.1635556
Dropping frame 1403636738.2635555
Dropping frame 1403636738.3635557
Dropping frame 1403636738.4635556
Dropping frame 1403636738.8135555
Dropping frame 1403636738.9135554
Dropping frame 1403636739.0135555
Dropping frame 1403636739.2135556
Dropping frame 1403636739.3135555
Dropping frame 1403636739.4135554
Dropping frame 1403636739.6135554
Dropping frame 1403636739.7135556
Dropping frame 1403636739.8135555
Dropping frame 1403636739.9135554
Dropping frame 1403636740.2635555
Dropping frame 1403636740.4635556
Dropping frame 1403636740.5635555
Dropping frame 1403636740.6635556
Dropping frame 1403636740.7635555
Dropping frame 1403636740.8635557
Dropping frame 1403636741.1135554
Dropping frame 1403636741.2135556
Dropping frame 1403636741.3135555
Dropping frame 1403636741.4135554
Dropping frame 1403636741.5135555
Dropping frame 1403636741.6135554
Dropping frame 1403636741.8635557
Dropping frame 1403636741.9635556
Dropping frame 1403636742.0635555
Dropping frame 1403636742.2635555
Dropping frame 1403636742.5635555
Dropping frame 1403636742.6635556
Dropping frame 1403636742.7635555
Dropping frame 1403636742.9635556
Dropping frame 1403636743.0635555
Dropping frame 1403636743.1635556
Dropping frame 1403636743.3635557
Dropping frame 1403636743.5635555
Dropping frame 1403636743.6635556
Dropping frame 1403636743.8635557
Dropping frame 1403636743.9635556
Dropping frame 1403636744.0635555
Dropping frame 1403636744.1635556
Dropping frame 1403636744.3635557
Dropping frame 1403636744.7635555
Dropping frame 1403636744.9635556
Dropping frame 1403636745.1635556
Dropping frame 1403636745.2635555
Dropping frame 1403636745.3635557
Dropping frame 1403636746.4135554
Dropping frame 1403636746.9135554
Dropping frame 1403636747.1135554
Dropping frame 1403636747.3135555
Dropping frame 1403636747.4135554
Dropping frame 1403636747.5135555
Dropping frame 1403636747.6135554
Dropping frame 1403636747.8135555
Dropping frame 1403636747.9635556
Dropping frame 1403636748.0635555
Dropping frame 1403636748.1635556
Dropping frame 1403636748.6135554
Dropping frame 1403636748.7135556
Dropping frame 1403636748.8135555
Dropping frame 1403636748.9635556
Dropping frame 1403636749.2135556
Dropping frame 1403636749.3135555
Dropping frame 1403636749.5635555
Dropping frame 1403636749.6635556
Dropping frame 1403636749.8135555
Dropping frame 1403636749.9135554
Dropping frame 1403636750.0135555
Dropping frame 1403636750.2135556
Dropping frame 1403636750.3135555
Dropping frame 1403636750.4135554
Dropping frame 1403636750.5135555
Dropping frame 1403636750.7135556
Dropping frame 1403636750.8135555
Dropping frame 1403636750.9135554
Dropping frame 1403636751.0135555
Dropping frame 1403636751.3135555
Dropping frame 1403636751.4135554
Dropping frame 1403636751.6135554
Dropping frame 1403636751.7135556
Dropping frame 1403636751.8135555
Dropping frame 1403636752.0135555
Dropping frame 1403636752.2135556
Dropping frame 1403636752.3135555
Dropping frame 1403636752.4135554
Dropping frame 1403636752.5135555
Dropping frame 1403636752.7135556
Dropping frame 1403636752.8135555
Dropping frame 1403636752.9135554
Dropping frame 1403636753.1135554
Dropping frame 1403636753.3135555
Dropping frame 1403636753.4135554
Dropping frame 1403636753.5135555
Dropping frame 1403636753.6635556
Dropping frame 1403636753.7635555
Dropping frame 1403636754.0135555
Dropping frame 1403636754.1135554
Dropping frame 1403636754.3135555
Dropping frame 1403636754.4635556
Dropping frame 1403636754.7635555
Dropping frame 1403636754.8635557
Dropping frame 1403636755.0635555
Dropping frame 1403636755.2635555
Dropping frame 1403636755.3635557
Dropping frame 1403636755.4635556
Dropping frame 1403636755.6635556
Dropping frame 1403636755.7635555
Dropping frame 1403636755.8635557
Dropping frame 1403636755.9635556
Dropping frame 1403636756.1635556
Dropping frame 1403636756.3635557
Dropping frame 1403636756.4635556
Dropping frame 1403636756.5635555
Dropping frame 1403636756.7635555
Dropping frame 1403636756.8635557
Dropping frame 1403636756.9635556
Dropping frame 1403636757.1635556
Dropping frame 1403636757.3635557
Dropping frame 1403636757.4635556
Dropping frame 1403636757.6635556
Dropping frame 1403636757.7635555
Dropping frame 1403636757.9635556
Dropping frame 1403636758.0635555
Dropping frame 1403636758.1635556
Dropping frame 1403636758.3635557
Dropping frame 1403636758.4635556
Dropping frame 1403636758.5635555
Dropping frame 1403636758.7635555
Dropping frame 1403636758.9635556
Dropping frame 1403636759.1635556
Dropping frame 1403636759.2635555
Dropping frame 1403636759.3635557
Dropping frame 1403636759.4635556
Dropping frame 1403636759.7135556
Dropping frame 1403636759.9135554
Dropping frame 1403636760.1135554
Dropping frame 1403636760.3135555
Dropping frame 1403636760.4135554
Dropping frame 1403636760.5135555
Dropping frame 1403636760.6135554
Dropping frame 1403636760.9135554
Dropping frame 1403636761.0135555
Dropping frame 1403636761.2135556
Dropping frame 1403636761.3135555
Dropping frame 1403636761.4135554
Dropping frame 1403636761.5135555
Dropping frame 1403636761.6135554
Dropping frame 1403636761.7135556
Dropping frame 1403636761.8135555
Dropping frame 1403636761.9135554
Dropping frame 1403636762.0135555
Dropping frame 1403636762.3135555
Dropping frame 1403636762.5135555
Dropping frame 1403636762.7135556
Dropping frame 1403636762.9135554
Dropping frame 1403636763.0135555
Dropping frame 1403636763.1135554
Dropping frame 1403636763.3135555
Dropping frame 1403636763.4135554
Dropping frame 1403636763.5135555
Dropping frame 1403636763.6135554
Dropping frame 1403636763.8135555
Shutdown
SLAM Finished at System Time: 1734430470.37038

 TIME STATS in ms (mean$\pm$std)
OpenCV version: 4.8.1
---------------------------
Tracking

ORB Extraction: 14.864$\pm$1.6413
Stereo Matching: 7.0659$\pm$1.9791
IMU Preintegration: 0.27978$\pm$0.13294
Pose Prediction: 0.19637$\pm$0.6234
LM Track: 19.794$\pm$6.2281
New KF decision: 0.93072$\pm$1.8034
Total Tracking: 35.534$\pm$22.706



Local Mapping

KF Insertion: 15.999$\pm$7.4651
MP Culling: 0.46008$\pm$0.20646
MP Creation: 47.948$\pm$18.285
LBA: 159.41$\pm$57.483
KF Culling: 18.03$\pm$12.298
Total Local Mapping: 241.78$\pm$85.024
---------------------------

LBA complexity (mean$\pm$std)
LBA Edges: 1901.6$\pm$852.58
LBA KF optimized: 6.5$\pm$2.2913
LBA KF fixed: 1$\pm$0
LBA MP: nan$\pm$nan

LBA executions: 585
LBA aborts: 0
---------------------------

Map complexity
KFs in map: 173
MPs in map: 15315
---------------------------

Place Recognition (mean$\pm$std)
Database Query: 1.5596$\pm$0.96795
SE3 estimation: 15.466$\pm$15.338
Total Place Recognition: 15.347$\pm$16.01


Loop Closing (mean$\pm$std)
Loop Fusion: nan$\pm$nan
Essential Graph: nan$\pm$nan
Total Loop Closing: nan$\pm$nan

Num exec: 0
Number of KFs: nan$\pm$nan

Map Merging (mean$\pm$std)
Merge Maps: nan$\pm$nan
Welding BA: nan$\pm$nan
Optimization Ess.: nan$\pm$nan
Total Map Merging: nan$\pm$nan

Num exec: 0
Number of KFs: nan$\pm$nan
Number of MPs: nan$\pm$nan

Full GBA (mean$\pm$std)
GBA: nan$\pm$nan
Map Update: nan$\pm$nan
Total Full GBA: nan$\pm$nan

Num exec: 0
Num abort: 0
Number of KFs: nan$\pm$nan
Number of MPs: nan$\pm$nan

Saving trajectory to f_dataset-MH01_stereo_imu.txt ...
There are 1 maps in the atlas
  Map 0 has 173 KFs

End of saving trajectory to f_dataset-MH01_stereo_imu.txt ...

Saving keyframe trajectory to kf_dataset-MH01_stereo_imu.txt ...
