num_seq = 1
file name: dataset-MH02_stereo_imu
Loading images for sequence 0...LOADED!
Loading IMU for sequence 0...LOADED!

-------

ORB-SLAM3 Copyright (C) 2017-2020 Carlos Campos, Richard Elvira, Juan J. Gómez, José M.M. Montiel and Juan D. Tardós, University of Zaragoza.
ORB-SLAM2 Copyright (C) 2014-2016 Raúl Mur-Artal, José M.M. Montiel and Juan D. Tardós, University of Zaragoza.
This program comes with ABSOLUTELY NO WARRANTY;
This is free software, and you are welcome to redistribute it
under certain conditions. See LICENSE.txt.

Built with REGISTER_TIMES
Git Commit Hash: 42e930e

Compiled with C++ version: 201703

Input sensor was set to: Stereo-Inertial
Loading settings from ./Examples/Stereo-Inertial/EuRoC_fov_deadlines_mask_3x3.yaml
	-Loaded camera 1
	-Loaded camera 2
	-Loaded image info
	-Loaded IMU calibration
	-Loaded ORB settings
	-Loaded viewer settings
	-Loaded Atlas settings
Deadlines enabled, will skip frames!
FOV enabled
Static mask size: 3x3
Dumping map points enabled
	-Loaded misc parameters
	-Computed rectification maps
----------------------------------
SLAM settings: 
	-Camera 1 parameters (Pinhole): [ 458.65399169921875 457.29598999023438 367.21499633789062 248.375 ]
	-Camera 1 distortion parameters: [  -0.28340810537338257 0.073959067463874817 0.00019359000725671649 1.7618711353861727e-05 ]
	-Camera 2 parameters (Pinhole: [ 457.58700561523438 456.13400268554688 379.99899291992188 255.23800659179688 ]
	-Camera 1 distortion parameters: [  -0.2836836576461792 0.074512839317321777 -0.00010473000293131918 -3.555907096597366e-05 ]
	-Original image size: [ 752 , 480 ]
	-Current image size: [ 752 , 480 ]
	-Camera 1 parameters after rectification: [  456.71499633789062 456.71499633789062 364.52615356445312 257.268798828125 ]
	-Sequence FPS: 20
	-Stereo baseline: 0.11007784307003021
	-Stereo depth threshold : 60
	-Gyro noise: 0.00016999999934341758
	-Accelerometer noise: 0.0020000000949949026
	-Gyro walk: 1.9392999092815444e-05
	-Accelerometer walk: 0.0030000000260770321
	-IMU frequency: 200
	-Features per image: 1200
	-ORB scale factor: 1.2000000476837158
	-ORB number of scales: 8
	-Initial FAST threshold: 20
	-Min FAST threshold: 7


Loading ORB Vocabulary. This could take a while...
Vocabulary loaded!

Initialization of Atlas from scratch 
Creation of new map with id: 0
Creation of new map with last KF id: 0
Seq. Name: 
There are 1 cameras in the atlas
Camera 0 is pinhole
SLAM Started at System Time: 1734505090.12867
not IMU meas
not IMU meas
not enough acceleration
not enough acceleration
not enough acceleration
not enough acceleration
not enough acceleration
not enough acceleration
First KF:0; Map init KF:0
New Map created with 90 points
Active map: 0
Fail to track local map!
IMU is not or recently initialized. Reseting active map...
LM: Active map reset recieved
LM: Active map reset, waiting...
LM: Reseting current map in Local Mapping...
LM: End reseting Local Mapping...
LM: Reset free the mutex
LM: Active map reset, Done!!!
mnFirstFrameId = 8
mnInitialFrameId = 0
4 Frames set to lost
not IMU meas
not enough acceleration
not enough acceleration
First KF:1; Map init KF:0
New Map created with 276 points
Active map: 0
Dropping frame 1403636860.0516665
Dropping frame 1403636860.2516665
Dropping frame 1403636860.3516665
Dropping frame 1403636861.6516664
Dropping frame 1403636861.9516664
Dropping frame 1403636862.2016666
start VIBA 1
end VIBA 1
Dropping frame 1403636865.0016665
Dropping frame 1403636866.9016666
Not enough motion for initializing. Reseting...
TRACK: Reset map because local mapper set the bad imu flag 
LM: Active map reset recieved
LM: Active map reset, waiting...
LM: Reseting current map in Local Mapping...
LM: End reseting Local Mapping...
LM: Reset free the mutex
LM: Active map reset, Done!!!
mnFirstFrameId = 15
mnInitialFrameId = 11
168 Frames set to lost
not IMU meas
not enough acceleration
not enough acceleration
not enough acceleration
not enough acceleration
not enough acceleration
First KF:51; Map init KF:1
New Map created with 210 points
Active map: 0
Dropping frame 1403636868.9016666
Not enough motion for initializing. Reseting...
TRACK: Reset map because local mapper set the bad imu flag 
LM: Reseting current map in Local Mapping...
LM: End reseting Local Mapping...
LM: Reset free the mutex
LM: Active map reset recieved
LM: Active map reset, waiting...
LM: Reseting current map in Local Mapping...
LM: End reseting Local Mapping...
LM: Reset free the mutex
LM: Active map reset, Done!!!
mnFirstFrameId = 186
mnInitialFrameId = 179
254 Frames set to lost
not IMU meas
not enough acceleration
not enough acceleration
not enough acceleration
not enough acceleration
not enough acceleration
not enough acceleration
not enough acceleration
not enough acceleration
not enough acceleration
not enough acceleration
not enough acceleration
not enough acceleration
not enough acceleration
not enough acceleration
not enough acceleration
not enough acceleration
not enough acceleration
not enough acceleration
not enough acceleration
not enough acceleration
not enough acceleration
not enough acceleration
not enough acceleration
not enough acceleration
not enough acceleration
not enough acceleration
not enough acceleration
not enough acceleration
not enough acceleration
not enough acceleration
First KF:77; Map init KF:51
New Map created with 198 points
Active map: 0
Fail to track local map!
IMU is not or recently initialized. Reseting active map...
LM: Active map reset recieved
LM: Active map reset, waiting...
LM: Reseting current map in Local Mapping...
LM: End reseting Local Mapping...
LM: Reset free the mutex
LM: Active map reset, Done!!!
mnFirstFrameId = 304
mnInitialFrameId = 272
264 Frames set to lost
not enough acceleration
First KF:79; Map init KF:77
New Map created with 146 points
Active map: 0
Fail to track local map!
IMU is not or recently initialized. Reseting active map...
LM: Active map reset recieved
LM: Active map reset, waiting...
LM: Reseting current map in Local Mapping...
LM: End reseting Local Mapping...
LM: Reset free the mutex
LM: Active map reset, Done!!!
mnFirstFrameId = 317
mnInitialFrameId = 313
268 Frames set to lost
not IMU meas
First KF:80; Map init KF:79
New Map created with 153 points
Active map: 0
Fail to track local map!
IMU is not or recently initialized. Reseting active map...
LM: Active map reset recieved
LM: Active map reset, waiting...
LM: Reseting current map in Local Mapping...
LM: End reseting Local Mapping...
LM: Reset free the mutex
LM: Active map reset, Done!!!
mnFirstFrameId = 322
mnInitialFrameId = 320
275 Frames set to lost
not IMU meas
First KF:82; Map init KF:80
New Map created with 144 points
Active map: 0
Fail to track local map!
IMU is not or recently initialized. Reseting active map...
LM: Active map reset recieved
LM: Active map reset, waiting...
LM: Reseting current map in Local Mapping...
LM: End reseting Local Mapping...
LM: Reset free the mutex
LM: Active map reset, Done!!!
mnFirstFrameId = 330
mnInitialFrameId = 328
279 Frames set to lost
not IMU meas
not enough acceleration
First KF:83; Map init KF:82
New Map created with 185 points
Active map: 0
Fail to track local map!
IMU is not or recently initialized. Reseting active map...
LM: Active map reset recieved
LM: Active map reset, waiting...
LM: Reseting current map in Local Mapping...
LM: End reseting Local Mapping...
LM: Reset free the mutex
LM: Active map reset, Done!!!
mnFirstFrameId = 336
mnInitialFrameId = 333
284 Frames set to lost
not IMU meas
not enough acceleration
not enough acceleration
not enough acceleration
not enough acceleration
not enough acceleration
not enough acceleration
First KF:84; Map init KF:83
New Map created with 149 points
Active map: 0
Fail to track local map!
IMU is not or recently initialized. Reseting active map...
LM: Active map reset recieved
LM: Active map reset, waiting...
LM: Reseting current map in Local Mapping...
LM: End reseting Local Mapping...
LM: Reset free the mutex
LM: Active map reset, Done!!!
mnFirstFrameId = 348
mnInitialFrameId = 340
288 Frames set to lost
not IMU meas
First KF:85; Map init KF:84
New Map created with 206 points
Active map: 0
Fail to track local map!
IMU is not or recently initialized. Reseting active map...
LM: Active map reset recieved
LM: Active map reset, waiting...
LM: Reseting current map in Local Mapping...
LM: End reseting Local Mapping...
LM: Reset free the mutex
LM: Active map reset, Done!!!
mnFirstFrameId = 353
mnInitialFrameId = 351
292 Frames set to lost
not IMU meas
not enough acceleration
not enough acceleration
First KF:86; Map init KF:85
New Map created with 229 points
Active map: 0
Fail to track local map!
IMU is not or recently initialized. Reseting active map...
LM: Active map reset recieved
LM: Active map reset, waiting...
LM: Reseting current map in Local Mapping...
LM: End reseting Local Mapping...
LM: Reset free the mutex
LM: Active map reset, Done!!!
mnFirstFrameId = 360
mnInitialFrameId = 356
295 Frames set to lost
not IMU meas
not enough acceleration
not enough acceleration
not enough acceleration
not enough acceleration
not enough acceleration
not enough acceleration
not enough acceleration
not enough acceleration
not enough acceleration
not enough acceleration
not enough acceleration
not enough acceleration
not enough acceleration
not enough acceleration
not enough acceleration
First KF:87; Map init KF:86
New Map created with 109 points
Active map: 0
Fail to track local map!
IMU is not or recently initialized. Reseting active map...
LM: Active map reset recieved
LM: Active map reset, waiting...
LM: Reseting current map in Local Mapping...
LM: End reseting Local Mapping...
LM: Reset free the mutex
LM: Active map reset, Done!!!
mnFirstFrameId = 379
mnInitialFrameId = 362
297 Frames set to lost
not IMU meas
not enough acceleration
First KF:88; Map init KF:87
New Map created with 163 points
Active map: 0
Fail to track local map!
IMU is not or recently initialized. Reseting active map...
LM: Active map reset recieved
LM: Active map reset, waiting...
LM: Reseting current map in Local Mapping...
LM: End reseting Local Mapping...
LM: Reset free the mutex
LM: Active map reset, Done!!!
mnFirstFrameId = 386
mnInitialFrameId = 380
299 Frames set to lost
not IMU meas
First KF:89; Map init KF:88
New Map created with 149 points
Active map: 0
Fail to track local map!
IMU is not or recently initialized. Reseting active map...
LM: Active map reset recieved
LM: Active map reset, waiting...
LM: Reseting current map in Local Mapping...
LM: End reseting Local Mapping...
LM: Reset free the mutex
LM: Active map reset, Done!!!
mnFirstFrameId = 389
mnInitialFrameId = 387
303 Frames set to lost
not IMU meas
not enough acceleration
not enough acceleration
not enough acceleration
First KF:90; Map init KF:89
New Map created with 166 points
Active map: 0
Fail to track local map!
IMU is not or recently initialized. Reseting active map...
LM: Active map reset recieved
LM: Active map reset, waiting...
LM: Reseting current map in Local Mapping...
LM: End reseting Local Mapping...
LM: Reset free the mutex
LM: Active map reset, Done!!!
mnFirstFrameId = 397
mnInitialFrameId = 392
313 Frames set to lost
not IMU meas
First KF:92; Map init KF:90
New Map created with 253 points
Active map: 0
Fail to track local map!
IMU is not or recently initialized. Reseting active map...
LM: Active map reset recieved
LM: Active map reset, waiting...
LM: Reseting current map in Local Mapping...
LM: End reseting Local Mapping...
LM: Reset free the mutex
LM: Active map reset, Done!!!
mnFirstFrameId = 408
mnInitialFrameId = 406
317 Frames set to lost
not IMU meas
not enough acceleration
not enough acceleration
First KF:93; Map init KF:92
New Map created with 211 points
Active map: 0
Fail to track local map!
IMU is not or recently initialized. Reseting active map...
LM: Active map reset recieved
LM: Active map reset, waiting...
LM: Reseting current map in Local Mapping...
LM: End reseting Local Mapping...
LM: Reset free the mutex
LM: Active map reset, Done!!!
mnFirstFrameId = 415
mnInitialFrameId = 411
320 Frames set to lost
not IMU meas
not enough acceleration
not enough acceleration
not enough acceleration
not enough acceleration
not enough acceleration
First KF:94; Map init KF:93
New Map created with 218 points
Active map: 0
Not enough motion for initializing. Reseting...
TRACK: Reset map because local mapper set the bad imu flag 
LM: Reseting current map in Local Mapping...
LM: End reseting Local Mapping...
LM: Reset free the mutex
LM: Active map reset recieved
LM: Active map reset, waiting...
LM: Reseting current map in Local Mapping...
LM: End reseting Local Mapping...
LM: Reset free the mutex
LM: Active map reset, Done!!!
mnFirstFrameId = 424
mnInitialFrameId = 417
393 Frames set to lost
not IMU meas
First KF:115; Map init KF:94
New Map created with 86 points
Active map: 0
Not enough motion for initializing. Reseting...
LM: Reseting current map in Local Mapping...
LM: End reseting Local Mapping...
LM: Reset free the mutex
Not enough motion for initializing. Reseting...
TRACK: Reset map because local mapper set the bad imu flag 
LM: Reseting current map in Local Mapping...
LM: End reseting Local Mapping...
LM: Reset free the mutex
LM: Active map reset recieved
LM: Active map reset, waiting...
LM: Reseting current map in Local Mapping...
LM: End reseting Local Mapping...
LM: Reset free the mutex
LM: Active map reset, Done!!!
mnFirstFrameId = 499
mnInitialFrameId = 497
459 Frames set to lost
not IMU meas
not enough acceleration
not enough acceleration
not enough acceleration
not enough acceleration
not enough acceleration
not enough acceleration
not enough acceleration
not enough acceleration
not enough acceleration
not enough acceleration
not enough acceleration
not enough acceleration
not enough acceleration
not enough acceleration
not enough acceleration
not enough acceleration
not enough acceleration
not enough acceleration
not enough acceleration
not enough acceleration
not enough acceleration
not enough acceleration
not enough acceleration
not enough acceleration
not enough acceleration
not enough acceleration
not enough acceleration
not enough acceleration
not enough acceleration
not enough acceleration
not enough acceleration
not enough acceleration
not enough acceleration
not enough acceleration
not enough acceleration
not enough acceleration
not enough acceleration
not enough acceleration
not enough acceleration
not enough acceleration
not enough acceleration
not enough acceleration
not enough acceleration
not enough acceleration
not enough acceleration
not enough acceleration
not enough acceleration
not enough acceleration
not enough acceleration
not enough acceleration
not enough acceleration
not enough acceleration
not enough acceleration
not enough acceleration
not enough acceleration
not enough acceleration
not enough acceleration
not enough acceleration
not enough acceleration
not enough acceleration
not enough acceleration
not enough acceleration
not enough acceleration
not enough acceleration
not enough acceleration
not enough acceleration
not enough acceleration
not enough acceleration
not enough acceleration
not enough acceleration
not enough acceleration
not enough acceleration
not enough acceleration
not enough acceleration
not enough acceleration
not enough acceleration
not enough acceleration
not enough acceleration
not enough acceleration
not enough acceleration
not enough acceleration
not enough acceleration
not enough acceleration
not enough acceleration
not enough acceleration
not enough acceleration
not enough acceleration
not enough acceleration
not enough acceleration
not enough acceleration
not enough acceleration
not enough acceleration
not enough acceleration
not enough acceleration
not enough acceleration
not enough acceleration
not enough acceleration
not enough acceleration
not enough acceleration
not enough acceleration
not enough acceleration
not enough acceleration
not enough acceleration
not enough acceleration
not enough acceleration
not enough acceleration
not enough acceleration
not enough acceleration
not enough acceleration
not enough acceleration
not enough acceleration
not enough acceleration
not enough acceleration
not enough acceleration
not enough acceleration
not enough acceleration
not enough acceleration
not enough acceleration
not enough acceleration
not enough acceleration
not enough acceleration
not enough acceleration
not enough acceleration
not enough acceleration
not enough acceleration
not enough acceleration
not enough acceleration
not enough acceleration
not enough acceleration
not enough acceleration
not enough acceleration
not enough acceleration
not enough acceleration
not enough acceleration
not enough acceleration
not enough acceleration
not enough acceleration
not enough acceleration
not enough acceleration
not enough acceleration
not enough acceleration
not enough acceleration
not enough acceleration
not enough acceleration
not enough acceleration
not enough acceleration
not enough acceleration
not enough acceleration
not enough acceleration
not enough acceleration
not enough acceleration
not enough acceleration
not enough acceleration
not enough acceleration
not enough acceleration
not enough acceleration
not enough acceleration
not enough acceleration
not enough acceleration
not enough acceleration
not enough acceleration
not enough acceleration
not enough acceleration
not enough acceleration
not enough acceleration
not enough acceleration
not enough acceleration
not enough acceleration
not enough acceleration
not enough acceleration
not enough acceleration
not enough acceleration
not enough acceleration
not enough acceleration
not enough acceleration
not enough acceleration
not enough acceleration
not enough acceleration
not enough acceleration
not enough acceleration
not enough acceleration
not enough acceleration
not enough acceleration
not enough acceleration
not enough acceleration
not enough acceleration
not enough acceleration
not enough acceleration
not enough acceleration
not enough acceleration
not enough acceleration
not enough acceleration
not enough acceleration
not enough acceleration
not enough acceleration
not enough acceleration
First KF:127; Map init KF:115
New Map created with 103 points
Active map: 0
Dropping frame 1403636900.4516664
Dropping frame 1403636901.5516665
Dropping frame 1403636901.8516665
Dropping frame 1403636902.6516664
start VIBA 1
end VIBA 1
Dropping frame 1403636903.0016665
Dropping frame 1403636903.2516665
Dropping frame 1403636903.4516664
Dropping frame 1403636903.7016666
Dropping frame 1403636904.2516665
Dropping frame 1403636904.3516665
Dropping frame 1403636904.7516665
Dropping frame 1403636904.9516664
Dropping frame 1403636905.1516664
Dropping frame 1403636905.5016665
Dropping frame 1403636905.6516664
Dropping frame 1403636905.8516665
Dropping frame 1403636906.3016665
Dropping frame 1403636906.7016666
Dropping frame 1403636906.8016665
Dropping frame 1403636907.2516665
Dropping frame 1403636907.6516664
Dropping frame 1403636908.4516664
Dropping frame 1403636908.5516665
Dropping frame 1403636908.8016665
Dropping frame 1403636908.9016666
Dropping frame 1403636909.4016666
Dropping frame 1403636909.7016666
Dropping frame 1403636910.1016665
Dropping frame 1403636910.2016666
Dropping frame 1403636910.7016666
Dropping frame 1403636910.8016665
Dropping frame 1403636911.2516665
Dropping frame 1403636912.1516664
Dropping frame 1403636912.3516665
Dropping frame 1403636912.4516664
start VIBA 2
end VIBA 2
Dropping frame 1403636912.7516665
Dropping frame 1403636912.9516664
Dropping frame 1403636913.5516665
Dropping frame 1403636913.9516664
Dropping frame 1403636914.6016665
Dropping frame 1403636916.8016665
Dropping frame 1403636916.9516664
Dropping frame 1403636917.1516664
Dropping frame 1403636917.7016666
Dropping frame 1403636918.6516664
Dropping frame 1403636919.1516664
Dropping frame 1403636919.9516664
Dropping frame 1403636920.0516665
Dropping frame 1403636922.2516665
Dropping frame 1403636922.3516665
Dropping frame 1403636922.8016665
Dropping frame 1403636923.5016665
Dropping frame 1403636926.0516665
Dropping frame 1403636928.3516665
Dropping frame 1403636928.5516665
Dropping frame 1403636928.7016666
Dropping frame 1403636929.1516664
Dropping frame 1403636929.3016665
Dropping frame 1403636930.0016665
Dropping frame 1403636930.1016665
Dropping frame 1403636930.2016666
Dropping frame 1403636934.6016665
Dropping frame 1403636935.1516664
Dropping frame 1403636935.4516664
Dropping frame 1403636935.5516665
Dropping frame 1403636935.7516665
Dropping frame 1403636936.3016665
Dropping frame 1403636936.4016666
Dropping frame 1403636936.6016665
Dropping frame 1403636937.4016666
Dropping frame 1403636937.6016665
Dropping frame 1403636937.8016665
Dropping frame 1403636938.2516665
Dropping frame 1403636938.7516665
Dropping frame 1403636942.4516664
Dropping frame 1403636943.4016666
Dropping frame 1403636943.6016665
Dropping frame 1403636943.9016666
Dropping frame 1403636944.7016666
Dropping frame 1403636947.4516664
Dropping frame 1403636953.0516665
Dropping frame 1403636953.7016666
Dropping frame 1403636954.2516665
Dropping frame 1403636955.2016666
Dropping frame 1403636955.7516665
Dropping frame 1403636956.5016665
Dropping frame 1403636956.7516665
Dropping frame 1403636957.1516664
Dropping frame 1403636958.1016665
Dropping frame 1403636965.4516664
Dropping frame 1403636965.5516665
Dropping frame 1403636966.3516665
Dropping frame 1403636967.3516665
Dropping frame 1403636967.8516665
Dropping frame 1403636968.0016665
Dropping frame 1403636968.3016665
Dropping frame 1403636968.8016665
Dropping frame 1403636971.5516665
Dropping frame 1403636972.9516664
Dropping frame 1403636973.0516665
Dropping frame 1403636973.4016666
Dropping frame 1403636974.2016666
Dropping frame 1403636974.7016666
Dropping frame 1403636975.7516665
Dropping frame 1403636976.1516664
Dropping frame 1403636976.3516665
Dropping frame 1403636976.8016665
Dropping frame 1403636977.0016665
Dropping frame 1403636977.3516665
Dropping frame 1403636977.4516664
Dropping frame 1403636978.1016665
Dropping frame 1403636978.5516665
Dropping frame 1403636978.7016666
Dropping frame 1403636978.9016666
Dropping frame 1403636979.2516665
Dropping frame 1403636979.3516665
Dropping frame 1403636979.9016666
Dropping frame 1403636980.2016666
Dropping frame 1403636980.5516665
Dropping frame 1403636980.6516664
Dropping frame 1403636980.7516665
Dropping frame 1403636981.1516664
Dropping frame 1403636982.2016666
Dropping frame 1403636983.0516665
Dropping frame 1403636984.9516664
Dropping frame 1403636985.3516665
Dropping frame 1403636986.0016665
Dropping frame 1403636986.1016665
Dropping frame 1403636986.7016666
Dropping frame 1403636986.8016665
Dropping frame 1403636986.9016666
Dropping frame 1403636987.4016666
Dropping frame 1403636987.5016665
Dropping frame 1403636987.8016665
Dropping frame 1403636988.0516665
Dropping frame 1403636988.4016666
Dropping frame 1403636988.7516665
Dropping frame 1403636988.8516665
Dropping frame 1403636988.9516664
Dropping frame 1403636989.1516664
Dropping frame 1403636989.6516664
Dropping frame 1403636989.7516665
Dropping frame 1403636990.2516665
Dropping frame 1403636990.3516665
Dropping frame 1403636990.6016665
Dropping frame 1403636991.0516665
Dropping frame 1403636991.2516665
Dropping frame 1403636991.3516665
Dropping frame 1403636991.4516664
Dropping frame 1403636992.1016665
Dropping frame 1403636992.8516665
Dropping frame 1403636993.1516664
Dropping frame 1403636993.6016665
Dropping frame 1403636994.4016666
Dropping frame 1403636994.8016665
Dropping frame 1403636995.2516665
Dropping frame 1403636995.4516664
Dropping frame 1403636995.6516664
Dropping frame 1403636995.7516665
Dropping frame 1403636995.8516665
Dropping frame 1403636995.9516664
Dropping frame 1403636996.3016665
Dropping frame 1403636996.4016666
Dropping frame 1403636996.5516665
Dropping frame 1403636997.5516665
Dropping frame 1403636997.6516664
Dropping frame 1403636998.3516665
Dropping frame 1403636998.6016665
Dropping frame 1403636998.7016666
Dropping frame 1403637000.0016665
Dropping frame 1403637000.3016665
Dropping frame 1403637000.7516665
Dropping frame 1403637000.8516665
Dropping frame 1403637002.0016665
Dropping frame 1403637002.2016666
Dropping frame 1403637002.3016665
Dropping frame 1403637002.4016666
Dropping frame 1403637002.6516664
Dropping frame 1403637002.7516665
Dropping frame 1403637003.1016665
Dropping frame 1403637003.3016665
Dropping frame 1403637003.5016665
Dropping frame 1403637003.6016665
Dropping frame 1403637003.7016666
Dropping frame 1403637003.8016665
Dropping frame 1403637004.0516665
Dropping frame 1403637004.1516664
Dropping frame 1403637004.5016665
Dropping frame 1403637004.6016665
Dropping frame 1403637004.7016666
Dropping frame 1403637005.0016665
Dropping frame 1403637005.1016665
Dropping frame 1403637005.2016666
Dropping frame 1403637005.4516664
Dropping frame 1403637005.5516665
Dropping frame 1403637005.6516664
Dropping frame 1403637005.7516665
Dropping frame 1403637006.0516665
Dropping frame 1403637006.1516664
Dropping frame 1403637006.5516665
Dropping frame 1403637006.7516665
Dropping frame 1403637006.9516664
Dropping frame 1403637007.0516665
Dropping frame 1403637007.1516664
Dropping frame 1403637007.3516665
Dropping frame 1403637007.4516664
Dropping frame 1403637007.6516664
Dropping frame 1403637007.8016665
Dropping frame 1403637007.9016666
Dropping frame 1403637008.1516664
Dropping frame 1403637008.3516665
Dropping frame 1403637008.4516664
Dropping frame 1403637008.5516665
Dropping frame 1403637008.6516664
Dropping frame 1403637008.7516665
Dropping frame 1403637008.8516665
Dropping frame 1403637008.9516664
Dropping frame 1403637009.0516665
Dropping frame 1403637009.1516664
Dropping frame 1403637009.3516665
Dropping frame 1403637009.5516665
Dropping frame 1403637009.6516664
Dropping frame 1403637009.7516665
Dropping frame 1403637009.8516665
Dropping frame 1403637010.0516665
Dropping frame 1403637010.1516664
Dropping frame 1403637010.2516665
Dropping frame 1403637010.3516665
Dropping frame 1403637010.6016665
Shutdown
SLAM Finished at System Time: 1734505267.9263

 TIME STATS in ms (mean$\pm$std)
OpenCV version: 4.8.1
---------------------------
Tracking

ORB Extraction: 13.019$\pm$1.6331
Stereo Matching: 6.3951$\pm$2.1545
IMU Preintegration: 0.24452$\pm$0.12617
Pose Prediction: 0.55028$\pm$1.4093
LM Track: 16.692$\pm$6.1088
New KF decision: 0.98269$\pm$1.8982
Total Tracking: 34.864$\pm$17.26



Local Mapping

KF Insertion: 11.152$\pm$4.8365
MP Culling: 0.38048$\pm$0.18317
MP Creation: 35.835$\pm$19.323
LBA: 122.12$\pm$60.888
KF Culling: 11.525$\pm$10.484
Total Local Mapping: 175.4$\pm$91.832
---------------------------

LBA complexity (mean$\pm$std)
LBA Edges: 1060.7$\pm$478.17
LBA KF optimized: 6.25$\pm$2.188
LBA KF fixed: 1.225$\pm$0.96144
LBA MP: nan$\pm$nan

LBA executions: 504
LBA aborts: 0
---------------------------

Map complexity
KFs in map: 156
MPs in map: 13281
---------------------------

Place Recognition (mean$\pm$std)
Database Query: 1.1749$\pm$0.67053
SE3 estimation: 14.828$\pm$12.825
Total Place Recognition: 10.783$\pm$13.171


Loop Closing (mean$\pm$std)
Loop Fusion: nan$\pm$nan
Essential Graph: nan$\pm$nan
Total Loop Closing: nan$\pm$nan

Num exec: 0
Number of KFs: nan$\pm$nan

Map Merging (mean$\pm$std)
Merge Maps: nan$\pm$nan
Welding BA: nan$\pm$nan
Optimization Ess.: nan$\pm$nan
Total Map Merging: nan$\pm$nan

Num exec: 0
Number of KFs: nan$\pm$nan
Number of MPs: nan$\pm$nan

Full GBA (mean$\pm$std)
GBA: nan$\pm$nan
Map Update: nan$\pm$nan
Total Full GBA: nan$\pm$nan

Num exec: 0
Num abort: 0
Number of KFs: nan$\pm$nan
Number of MPs: nan$\pm$nan

Saving trajectory to f_dataset-MH02_stereo_imu.txt ...
There are 1 maps in the atlas
  Map 0 has 156 KFs

End of saving trajectory to f_dataset-MH02_stereo_imu.txt ...

Saving keyframe trajectory to kf_dataset-MH02_stereo_imu.txt ...
