num_seq = 1
file name: dataset-MH05_stereo_imu
Loading images for sequence 0...LOADED!
Loading IMU for sequence 0...LOADED!

-------

ORB-SLAM3 Copyright (C) 2017-2020 Carlos Campos, Richard Elvira, Juan J. Gómez, José M.M. Montiel and Juan D. Tardós, University of Zaragoza.
ORB-SLAM2 Copyright (C) 2014-2016 Raúl Mur-Artal, José M.M. Montiel and Juan D. Tardós, University of Zaragoza.
This program comes with ABSOLUTELY NO WARRANTY;
This is free software, and you are welcome to redistribute it
under certain conditions. See LICENSE.txt.

Built with REGISTER_TIMES
Git Commit Hash: 5ee9387

Compiled with C++ version: 201703

Input sensor was set to: Stereo-Inertial
Loading settings from ./Examples/Stereo-Inertial/EuRoC_fov_deadlines_mask_4x4.yaml
	-Loaded camera 1
	-Loaded camera 2
	-Loaded image info
	-Loaded IMU calibration
	-Loaded ORB settings
	-Loaded viewer settings
	-Loaded Atlas settings
Deadlines enabled, will skip frames!
FOV enabled
Static mask size: 4x4
Dumping map points enabled
	-Loaded misc parameters
	-Computed rectification maps
----------------------------------
SLAM settings: 
	-Camera 1 parameters (Pinhole): [ 458.65399169921875 457.29598999023438 367.21499633789062 248.375 ]
	-Camera 1 distortion parameters: [  -0.28340810537338257 0.073959067463874817 0.00019359000725671649 1.7618711353861727e-05 ]
	-Camera 2 parameters (Pinhole: [ 457.58700561523438 456.13400268554688 379.99899291992188 255.23800659179688 ]
	-Camera 1 distortion parameters: [  -0.2836836576461792 0.074512839317321777 -0.00010473000293131918 -3.555907096597366e-05 ]
	-Original image size: [ 752 , 480 ]
	-Current image size: [ 752 , 480 ]
	-Camera 1 parameters after rectification: [  456.71499633789062 456.71499633789062 364.52615356445312 257.268798828125 ]
	-Sequence FPS: 20
	-Stereo baseline: 0.11007784307003021
	-Stereo depth threshold : 60
	-Gyro noise: 0.00016999999934341758
	-Accelerometer noise: 0.0020000000949949026
	-Gyro walk: 1.9392999092815444e-05
	-Accelerometer walk: 0.0030000000260770321
	-IMU frequency: 200
	-Features per image: 1200
	-ORB scale factor: 1.2000000476837158
	-ORB number of scales: 8
	-Initial FAST threshold: 20
	-Min FAST threshold: 7


Loading ORB Vocabulary. This could take a while...
Vocabulary loaded!

Initialization of Atlas from scratch 
Creation of new map with id: 0
Creation of new map with last KF id: 0
Seq. Name: 
There are 1 cameras in the atlas
Camera 0 is pinhole
SLAM Started at System Time: 1734430953.22115
not IMU meas
not IMU meas
not enough acceleration
not enough acceleration
not enough acceleration
not enough acceleration
not enough acceleration
not enough acceleration
not enough acceleration
not enough acceleration
not enough acceleration
not enough acceleration
not enough acceleration
not enough acceleration
not enough acceleration
not enough acceleration
not enough acceleration
not enough acceleration
not enough acceleration
not enough acceleration
not enough acceleration
not enough acceleration
not enough acceleration
not enough acceleration
not enough acceleration
not enough acceleration
not enough acceleration
not enough acceleration
not enough acceleration
not enough acceleration
not enough acceleration
not enough acceleration
not enough acceleration
not enough acceleration
not enough acceleration
not enough acceleration
not enough acceleration
not enough acceleration
not enough acceleration
not enough acceleration
not enough acceleration
not enough acceleration
not enough acceleration
not enough acceleration
not enough acceleration
not enough acceleration
not enough acceleration
not enough acceleration
not enough acceleration
not enough acceleration
not enough acceleration
not enough acceleration
not enough acceleration
not enough acceleration
not enough acceleration
not enough acceleration
not enough acceleration
not enough acceleration
not enough acceleration
not enough acceleration
not enough acceleration
not enough acceleration
not enough acceleration
not enough acceleration
not enough acceleration
not enough acceleration
not enough acceleration
not enough acceleration
not enough acceleration
not enough acceleration
not enough acceleration
not enough acceleration
not enough acceleration
not enough acceleration
not enough acceleration
not enough acceleration
not enough acceleration
not enough acceleration
not enough acceleration
not enough acceleration
First KF:0; Map init KF:0
New Map created with 82 points
Active map: 0
Dropping frame 1403638522.9778295
Dropping frame 1403638523.1778293
Dropping frame 1403638523.4778295
Dropping frame 1403638523.6278296
Dropping frame 1403638523.9278295
Dropping frame 1403638524.1778293
Dropping frame 1403638524.2778294
Dropping frame 1403638524.3778293
Dropping frame 1403638525.1278296
Dropping frame 1403638525.3278296
Dropping frame 1403638525.4278295
Dropping frame 1403638526.2278295
Dropping frame 1403638526.3278296
Dropping frame 1403638526.4278295
Dropping frame 1403638526.6278296
Dropping frame 1403638526.8278296
start VIBA 1
end VIBA 1
Dropping frame 1403638527.7278295
Dropping frame 1403638528.0778294
Dropping frame 1403638529.9778295
Dropping frame 1403638530.0778294
Dropping frame 1403638530.1778293
Dropping frame 1403638530.9278295
Dropping frame 1403638531.0278294
Not enough motion for initializing. Reseting...
TRACK: Reset map because local mapper set the bad imu flag 
LM: Active map reset recieved
LM: Active map reset, waiting...
LM: Reseting current map in Local Mapping...
LM: End reseting Local Mapping...
LM: Reset free the mutex
LM: Active map reset, Done!!!
mnFirstFrameId = 80
mnInitialFrameId = 0
167 Frames set to lost
not IMU meas
not enough acceleration
not enough acceleration
not enough acceleration
not enough acceleration
not enough acceleration
not enough acceleration
not enough acceleration
not enough acceleration
not enough acceleration
not enough acceleration
not enough acceleration
not enough acceleration
not enough acceleration
not enough acceleration
not enough acceleration
not enough acceleration
not enough acceleration
not enough acceleration
not enough acceleration
not enough acceleration
not enough acceleration
not enough acceleration
not enough acceleration
not enough acceleration
not enough acceleration
not enough acceleration
not enough acceleration
not enough acceleration
not enough acceleration
not enough acceleration
not enough acceleration
not enough acceleration
not enough acceleration
not enough acceleration
not enough acceleration
not enough acceleration
not enough acceleration
not enough acceleration
not enough acceleration
not enough acceleration
not enough acceleration
not enough acceleration
not enough acceleration
not enough acceleration
not enough acceleration
not enough acceleration
Dropping frame 1403638533.9778295
not enough acceleration
not enough acceleration
not enough acceleration
not enough acceleration
not enough acceleration
not enough acceleration
not enough acceleration
not enough acceleration
not enough acceleration
not enough acceleration
not enough acceleration
not enough acceleration
not enough acceleration
not enough acceleration
not enough acceleration
not enough acceleration
not enough acceleration
not enough acceleration
not enough acceleration
not enough acceleration
not enough acceleration
not enough acceleration
not enough acceleration
not enough acceleration
not enough acceleration
not enough acceleration
not enough acceleration
not enough acceleration
not enough acceleration
not enough acceleration
not enough acceleration
not enough acceleration
not enough acceleration
not enough acceleration
not enough acceleration
not enough acceleration
not enough acceleration
not enough acceleration
not enough acceleration
not enough acceleration
not enough acceleration
not enough acceleration
not enough acceleration
not enough acceleration
not enough acceleration
not enough acceleration
not enough acceleration
not enough acceleration
not enough acceleration
not enough acceleration
not enough acceleration
not enough acceleration
not enough acceleration
not enough acceleration
not enough acceleration
not enough acceleration
not enough acceleration
not enough acceleration
not enough acceleration
not enough acceleration
not enough acceleration
not enough acceleration
not enough acceleration
not enough acceleration
not enough acceleration
not enough acceleration
not enough acceleration
not enough acceleration
not enough acceleration
not enough acceleration
not enough acceleration
not enough acceleration
not enough acceleration
not enough acceleration
not enough acceleration
not enough acceleration
not enough acceleration
not enough acceleration
not enough acceleration
not enough acceleration
not enough acceleration
not enough acceleration
not enough acceleration
not enough acceleration
not enough acceleration
not enough acceleration
not enough acceleration
not enough acceleration
not enough acceleration
not enough acceleration
not enough acceleration
not enough acceleration
not enough acceleration
not enough acceleration
not enough acceleration
First KF:41; Map init KF:0
New Map created with 113 points
Active map: 0
Dropping frame 1403638543.9778295
start VIBA 1
Dropping frame 1403638544.0778294
end VIBA 1
Dropping frame 1403638546.7778294
Dropping frame 1403638547.7278295
Dropping frame 1403638549.2278295
Dropping frame 1403638549.6778293
Dropping frame 1403638550.7278295
Dropping frame 1403638550.8278296
Dropping frame 1403638550.9278295
Dropping frame 1403638551.3278296
Dropping frame 1403638551.4778295
Dropping frame 1403638552.5278294
Dropping frame 1403638552.6278296
Dropping frame 1403638553.1278296
Dropping frame 1403638553.2278295
Dropping frame 1403638554.0778294
start VIBA 2
Dropping frame 1403638554.3778293
Dropping frame 1403638554.5778294
end VIBA 2
Dropping frame 1403638554.7778294
Dropping frame 1403638554.8778293
Dropping frame 1403638556.6278296
Dropping frame 1403638556.8278296
Dropping frame 1403638556.9278295
Dropping frame 1403638557.0278294
Dropping frame 1403638557.2778294
Dropping frame 1403638557.5778294
Dropping frame 1403638557.7778294
Dropping frame 1403638557.8778293
Dropping frame 1403638558.1278296
Dropping frame 1403638558.2278295
Dropping frame 1403638558.4278295
Dropping frame 1403638558.5278294
Dropping frame 1403638558.9778295
Dropping frame 1403638559.1278296
Dropping frame 1403638559.4278295
Dropping frame 1403638559.5778294
Dropping frame 1403638559.7778294
Dropping frame 1403638559.8778293
Dropping frame 1403638559.9778295
Dropping frame 1403638560.1778293
Dropping frame 1403638560.3778293
Dropping frame 1403638560.4778295
Dropping frame 1403638560.5778294
Dropping frame 1403638560.8278296
Dropping frame 1403638561.1278296
Dropping frame 1403638561.4278295
Dropping frame 1403638561.9278295
Dropping frame 1403638562.2778294
Dropping frame 1403638562.3778293
Dropping frame 1403638562.4778295
Dropping frame 1403638562.6778293
Dropping frame 1403638562.7778294
Dropping frame 1403638562.8778293
Dropping frame 1403638563.0778294
Dropping frame 1403638563.2778294
Dropping frame 1403638563.4778295
Dropping frame 1403638563.5778294
Dropping frame 1403638563.6778293
Dropping frame 1403638563.7778294
Dropping frame 1403638563.9778295
Dropping frame 1403638564.1278296
Dropping frame 1403638564.4278295
Dropping frame 1403638564.7278295
Dropping frame 1403638564.9278295
Dropping frame 1403638565.0278294
Dropping frame 1403638565.1278296
Dropping frame 1403638565.3778293
Dropping frame 1403638565.5778294
Dropping frame 1403638565.6778293
Dropping frame 1403638565.9278295
Dropping frame 1403638566.1278296
Dropping frame 1403638566.2278295
Dropping frame 1403638566.4778295
Dropping frame 1403638566.8278296
Dropping frame 1403638567.0278294
Dropping frame 1403638567.1278296
Dropping frame 1403638567.2278295
Dropping frame 1403638567.3278296
Dropping frame 1403638567.7778294
Dropping frame 1403638567.8778293
Dropping frame 1403638568.1278296
Dropping frame 1403638568.3278296
Dropping frame 1403638568.7778294
Dropping frame 1403638569.2278295
Dropping frame 1403638570.4778295
Dropping frame 1403638571.0278294
Dropping frame 1403638571.3278296
Dropping frame 1403638571.6778293
Dropping frame 1403638571.8778293
Dropping frame 1403638572.1778293
Dropping frame 1403638572.3778293
Dropping frame 1403638572.8278296
Dropping frame 1403638572.9278295
Dropping frame 1403638573.5778294
Dropping frame 1403638573.9278295
Dropping frame 1403638574.4278295
Dropping frame 1403638574.8278296
Dropping frame 1403638575.2278295
Dropping frame 1403638575.3278296
Dropping frame 1403638575.7278295
Dropping frame 1403638576.6278296
Dropping frame 1403638578.3278296
Dropping frame 1403638578.8778293
Dropping frame 1403638579.3778293
Dropping frame 1403638579.5778294
Dropping frame 1403638579.9278295
Dropping frame 1403638580.0278294
Dropping frame 1403638580.5778294
Dropping frame 1403638581.1778293
Dropping frame 1403638581.3778293
Dropping frame 1403638581.8278296
Dropping frame 1403638582.3778293
Dropping frame 1403638582.8278296
Dropping frame 1403638582.9778295
Dropping frame 1403638583.5278294
Dropping frame 1403638583.9278295
Dropping frame 1403638584.0278294
Dropping frame 1403638584.4278295
Dropping frame 1403638584.5278294
Dropping frame 1403638584.7778294
Dropping frame 1403638584.8778293
Dropping frame 1403638585.2278295
Dropping frame 1403638585.5278294
Dropping frame 1403638585.6278296
Dropping frame 1403638585.8778293
Dropping frame 1403638586.3278296
*Loop detected
phi =  -0.0062334705656719291 -0.00010344347286533939   0.0060937845001130071
Local Mapping STOP
Local Mapping RELEASE
Local Mapping STOP
Local Mapping RELEASE
Dropping frame 1403638618.8778293
Dropping frame 1403638619.5778294
Dropping frame 1403638619.8278296
*Loop detected
phi =  0.047484693549523088 -0.032476192603743327 -0.061840581595499135
BAD LOOP!!!
*Loop detected
phi = 0.0091907619640993858 0.0016887559333890153 -0.019611421252375742
BAD LOOP!!!
Dropping frame 1403638620.2778294
*Loop detected
phi =   0.013634400643196411 -0.0047902465545057241  -0.024899448996275993
BAD LOOP!!!
Dropping frame 1403638620.7278295
*Loop detected
phi =   0.018260858040850893 -0.0023568902939202457  -0.033362950590464069
BAD LOOP!!!
Dropping frame 1403638620.9778295
*Loop detected
phi = 0.0094842314097639217 0.0021412594120483837 -0.023104004028454247
BAD LOOP!!!
Dropping frame 1403638621.2278295
Dropping frame 1403638621.3278296
*Loop detected
phi =  0.0026388563663929587 -0.0025121145680790601  -0.027999423343219615
Local Mapping STOP
Dropping frame 1403638621.5278294
Local Mapping RELEASE
Dropping frame 1403638621.7778294
Dropping frame 1403638622.0778294
Dropping frame 1403638622.2278295
Dropping frame 1403638622.4278295
Dropping frame 1403638622.6778293
Dropping frame 1403638622.8778293
Dropping frame 1403638623.0778294
Dropping frame 1403638623.3278296
Dropping frame 1403638623.6778293
Dropping frame 1403638623.9778295
Dropping frame 1403638624.7778294
Dropping frame 1403638625.3278296
Dropping frame 1403638625.6278296
Dropping frame 1403638626.1278296
Dropping frame 1403638626.2278295
Dropping frame 1403638626.3278296
Dropping frame 1403638626.4778295
Dropping frame 1403638626.7778294
Dropping frame 1403638626.9278295
Dropping frame 1403638627.5278294
Dropping frame 1403638628.7278295
Dropping frame 1403638628.9278295
Dropping frame 1403638629.1278296
Dropping frame 1403638629.4778295
Dropping frame 1403638630.2278295
Dropping frame 1403638630.6278296
Dropping frame 1403638630.7278295
Dropping frame 1403638631.2278295
Shutdown
SLAM Finished at System Time: 1734431086.78022

 TIME STATS in ms (mean$\pm$std)
OpenCV version: 4.8.1
---------------------------
Tracking

ORB Extraction: 13.273$\pm$2.0765
Stereo Matching: 7.1428$\pm$2.4716
IMU Preintegration: 0.19532$\pm$0.086204
Pose Prediction: 0.38613$\pm$1.3257
LM Track: 15.705$\pm$4.6575
New KF decision: 0.9956$\pm$1.8127
Total Tracking: 34.384$\pm$17.166



Local Mapping

KF Insertion: 10.19$\pm$4.3067
MP Culling: 0.38376$\pm$0.23039
MP Creation: 33.108$\pm$13.08
LBA: 122.49$\pm$52.19
KF Culling: 8.7934$\pm$7.1038
Total Local Mapping: 174.65$\pm$72.465
---------------------------

LBA complexity (mean$\pm$std)
LBA Edges: 2145.9$\pm$1193.6
LBA KF optimized: 6.5$\pm$2.2913
LBA KF fixed: 1$\pm$0
LBA MP: nan$\pm$nan

LBA executions: 458
LBA aborts: 0
---------------------------

Map complexity
KFs in map: 211
MPs in map: 16548
---------------------------

Place Recognition (mean$\pm$std)
Database Query: 1.3944$\pm$0.91546
SE3 estimation: 21.013$\pm$13.613
Total Place Recognition: 17.395$\pm$15.69


Loop Closing (mean$\pm$std)
Loop Fusion: 121.73$\pm$96.171
Essential Graph: 120.76$\pm$3.6041
Total Loop Closing: 272.87$\pm$118.93

Num exec: 2
Number of KFs: nan$\pm$nan

Map Merging (mean$\pm$std)
Merge Maps: nan$\pm$nan
Welding BA: nan$\pm$nan
Optimization Ess.: nan$\pm$nan
Total Map Merging: nan$\pm$nan

Num exec: 0
Number of KFs: nan$\pm$nan
Number of MPs: nan$\pm$nan

Full GBA (mean$\pm$std)
GBA: 1115.6$\pm$0
Map Update: 17.157$\pm$0
Total Full GBA: 1132.8$\pm$0

Num exec: 1
Num abort: 0
Number of KFs: 165$\pm$0
Number of MPs: 14564$\pm$0

Saving trajectory to f_dataset-MH05_stereo_imu.txt ...
There are 1 maps in the atlas
  Map 0 has 211 KFs

End of saving trajectory to f_dataset-MH05_stereo_imu.txt ...

Saving keyframe trajectory to kf_dataset-MH05_stereo_imu.txt ...
