num_seq = 1
file name: dataset-MH03_stereo_imu
Loading images for sequence 0...LOADED!
Loading IMU for sequence 0...LOADED!

-------

ORB-SLAM3 Copyright (C) 2017-2020 Carlos Campos, Richard Elvira, Juan J. Gómez, José M.M. Montiel and Juan D. Tardós, University of Zaragoza.
ORB-SLAM2 Copyright (C) 2014-2016 Raúl Mur-Artal, José M.M. Montiel and Juan D. Tardós, University of Zaragoza.
This program comes with ABSOLUTELY NO WARRANTY;
This is free software, and you are welcome to redistribute it
under certain conditions. See LICENSE.txt.

Built with REGISTER_TIMES
Git Commit Hash: 42e930e

Compiled with C++ version: 201703

Input sensor was set to: Stereo-Inertial
Loading settings from ./Examples/Stereo-Inertial/EuRoC_fov_deadlines_mask_12x12.yaml
	-Loaded camera 1
	-Loaded camera 2
	-Loaded image info
	-Loaded IMU calibration
	-Loaded ORB settings
	-Loaded viewer settings
	-Loaded Atlas settings
Deadlines enabled, will skip frames!
FOV enabled
Static mask size: 12x12
Dumping map points enabled
	-Loaded misc parameters
	-Computed rectification maps
----------------------------------
SLAM settings: 
	-Camera 1 parameters (Pinhole): [ 458.65399169921875 457.29598999023438 367.21499633789062 248.375 ]
	-Camera 1 distortion parameters: [  -0.28340810537338257 0.073959067463874817 0.00019359000725671649 1.7618711353861727e-05 ]
	-Camera 2 parameters (Pinhole: [ 457.58700561523438 456.13400268554688 379.99899291992188 255.23800659179688 ]
	-Camera 1 distortion parameters: [  -0.2836836576461792 0.074512839317321777 -0.00010473000293131918 -3.555907096597366e-05 ]
	-Original image size: [ 752 , 480 ]
	-Current image size: [ 752 , 480 ]
	-Camera 1 parameters after rectification: [  456.71499633789062 456.71499633789062 364.52615356445312 257.268798828125 ]
	-Sequence FPS: 20
	-Stereo baseline: 0.11007784307003021
	-Stereo depth threshold : 60
	-Gyro noise: 0.00016999999934341758
	-Accelerometer noise: 0.0020000000949949026
	-Gyro walk: 1.9392999092815444e-05
	-Accelerometer walk: 0.0030000000260770321
	-IMU frequency: 200
	-Features per image: 1200
	-ORB scale factor: 1.2000000476837158
	-ORB number of scales: 8
	-Initial FAST threshold: 20
	-Min FAST threshold: 7


Loading ORB Vocabulary. This could take a while...
Vocabulary loaded!

Initialization of Atlas from scratch 
Creation of new map with id: 0
Creation of new map with last KF id: 0
Seq. Name: 
There are 1 cameras in the atlas
Camera 0 is pinhole
SLAM Started at System Time: 1734513008.08645
not IMU meas
not IMU meas
not enough acceleration
not enough acceleration
First KF:0; Map init KF:0
New Map created with 250 points
Active map: 0
Dropping frame 1403637130.8383191
Dropping frame 1403637132.4883189
Not enough motion for initializing. Reseting...
TRACK: Reset map because local mapper set the bad imu flag 
LM: Reseting current map in Local Mapping...
LM: End reseting Local Mapping...
LM: Reset free the mutex
LM: Active map reset recieved
LM: Active map reset, waiting...
LM: Reseting current map in Local Mapping...
LM: End reseting Local Mapping...
LM: Reset free the mutex
LM: Active map reset, Done!!!
mnFirstFrameId = 4
mnInitialFrameId = 0
50 Frames set to lost
not IMU meas
First KF:11; Map init KF:0
New Map created with 284 points
Active map: 0
Dropping frame 1403637133.5383191
Dropping frame 1403637133.688319
Dropping frame 1403637133.8383191
Dropping frame 1403637134.2383192
Dropping frame 1403637134.638319
Dropping frame 1403637134.9883189
Dropping frame 1403637135.0883191
Dropping frame 1403637135.2883189
Dropping frame 1403637135.4383192
Dropping frame 1403637135.638319
Dropping frame 1403637135.8383191
Dropping frame 1403637136.2883189
Dropping frame 1403637136.638319
Dropping frame 1403637136.8383191
Dropping frame 1403637137.138319
Dropping frame 1403637137.2383192
Dropping frame 1403637137.4883189
Dropping frame 1403637137.5883191
Dropping frame 1403637137.688319
Dropping frame 1403637137.9383192
Dropping frame 1403637138.0383191
Dropping frame 1403637138.2383192
start VIBA 1
Dropping frame 1403637138.7383192
end VIBA 1
Dropping frame 1403637138.9883189
Dropping frame 1403637139.0883191
Dropping frame 1403637139.4383192
Dropping frame 1403637139.638319
Dropping frame 1403637139.7383192
Not enough motion for initializing. Reseting...
LM: Reseting current map in Local Mapping...
LM: End reseting Local Mapping...
LM: Reset free the mutex
Dropping frame 1403637139.8383191
Not enough motion for initializing. Reseting...
LM: Reseting current map in Local Mapping...
LM: End reseting Local Mapping...
LM: Reset free the mutex
Dropping frame 1403637139.9383192
Not enough motion for initializing. Reseting...
TRACK: Reset map because local mapper set the bad imu flag 
LM: Reseting current map in Local Mapping...
LM: End reseting Local Mapping...
LM: Reset free the mutex
LM: Active map reset recieved
LM: Active map reset, waiting...
LM: Reseting current map in Local Mapping...
LM: End reseting Local Mapping...
LM: Reset free the mutex
LM: Active map reset, Done!!!
mnFirstFrameId = 56
mnInitialFrameId = 54
151 Frames set to lost
not IMU meas
not enough acceleration
Dropping frame 1403637140.138319
First KF:41; Map init KF:11
New Map created with 287 points
Active map: 0
Dropping frame 1403637140.3383191
Dropping frame 1403637140.5383191
Dropping frame 1403637141.0383191
Dropping frame 1403637141.388319
Dropping frame 1403637141.638319
Dropping frame 1403637141.9883189
Dropping frame 1403637142.0883191
Dropping frame 1403637142.388319
Dropping frame 1403637143.0883191
Not enough motion for initializing. Reseting...
TRACK: Reset map because local mapper set the bad imu flag 
LM: Reseting current map in Local Mapping...
LM: End reseting Local Mapping...
LM: Reset free the mutex
LM: Active map reset recieved
LM: Active map reset, waiting...
LM: Reseting current map in Local Mapping...
LM: End reseting Local Mapping...
LM: Reset free the mutex
LM: Active map reset, Done!!!
mnFirstFrameId = 160
mnInitialFrameId = 157
204 Frames set to lost
not IMU meas
not enough acceleration
not enough acceleration
not enough acceleration
not enough acceleration
Dropping frame 1403637143.5883191
not enough acceleration
not enough acceleration
not enough acceleration
not enough acceleration
not enough acceleration
not enough acceleration
not enough acceleration
not enough acceleration
not enough acceleration
Dropping frame 1403637144.0883191
not enough acceleration
not enough acceleration
not enough acceleration
not enough acceleration
not enough acceleration
not enough acceleration
not enough acceleration
not enough acceleration
not enough acceleration
not enough acceleration
First KF:52; Map init KF:41
New Map created with 296 points
Active map: 0
Not enough motion for initializing. Reseting...
TRACK: Reset map because local mapper set the bad imu flag 
LM: Active map reset recieved
LM: Active map reset, waiting...
LM: Reseting current map in Local Mapping...
LM: End reseting Local Mapping...
LM: Reset free the mutex
LM: Active map reset, Done!!!
mnFirstFrameId = 238
mnInitialFrameId = 213
260 Frames set to lost
not IMU meas
not enough acceleration
not enough acceleration
not enough acceleration
Dropping frame 1403637147.688319
not enough acceleration
not enough acceleration
not enough acceleration
not enough acceleration
not enough acceleration
not enough acceleration
not enough acceleration
not enough acceleration
not enough acceleration
not enough acceleration
not enough acceleration
not enough acceleration
not enough acceleration
not enough acceleration
not enough acceleration
not enough acceleration
not enough acceleration
not enough acceleration
not enough acceleration
not enough acceleration
not enough acceleration
not enough acceleration
not enough acceleration
not enough acceleration
not enough acceleration
not enough acceleration
not enough acceleration
not enough acceleration
not enough acceleration
Dropping frame 1403637149.188319
not enough acceleration
not enough acceleration
not enough acceleration
not enough acceleration
not enough acceleration
not enough acceleration
not enough acceleration
not enough acceleration
not enough acceleration
not enough acceleration
First KF:63; Map init KF:52
New Map created with 248 points
Active map: 0
Dropping frame 1403637152.0383191
Dropping frame 1403637154.4883189
start VIBA 1
end VIBA 1
Dropping frame 1403637155.3383191
Dropping frame 1403637155.9883189
Dropping frame 1403637156.188319
Dropping frame 1403637156.4883189
Dropping frame 1403637156.688319
Dropping frame 1403637156.7883189
Dropping frame 1403637156.888319
Dropping frame 1403637156.9883189
Dropping frame 1403637157.138319
Dropping frame 1403637157.3383191
Dropping frame 1403637157.4383192
Dropping frame 1403637157.638319
Dropping frame 1403637157.7383192
Dropping frame 1403637157.8383191
Dropping frame 1403637157.9883189
Dropping frame 1403637158.0883191
Dropping frame 1403637158.188319
Dropping frame 1403637158.2883189
Dropping frame 1403637158.388319
Dropping frame 1403637158.4883189
Dropping frame 1403637158.5883191
Dropping frame 1403637158.688319
Dropping frame 1403637158.7883189
Dropping frame 1403637158.888319
Dropping frame 1403637159.0383191
Dropping frame 1403637159.2383192
Dropping frame 1403637159.3383191
Dropping frame 1403637159.4383192
Dropping frame 1403637159.5383191
Dropping frame 1403637159.638319
Dropping frame 1403637159.7383192
Dropping frame 1403637159.8383191
Dropping frame 1403637159.9383192
Dropping frame 1403637160.0383191
Dropping frame 1403637160.188319
Dropping frame 1403637160.2883189
Dropping frame 1403637160.388319
Dropping frame 1403637160.4883189
Dropping frame 1403637160.5883191
Dropping frame 1403637160.688319
Dropping frame 1403637160.7883189
Dropping frame 1403637160.888319
Dropping frame 1403637160.9883189
Dropping frame 1403637161.0883191
Dropping frame 1403637161.188319
Dropping frame 1403637161.2883189
Dropping frame 1403637161.388319
Dropping frame 1403637161.5883191
Dropping frame 1403637161.7883189
Dropping frame 1403637161.888319
Dropping frame 1403637161.9883189
Dropping frame 1403637162.0883191
Dropping frame 1403637162.188319
Dropping frame 1403637162.2883189
Dropping frame 1403637162.4383192
Dropping frame 1403637162.5383191
Dropping frame 1403637162.688319
Dropping frame 1403637162.7883189
Dropping frame 1403637162.888319
Dropping frame 1403637163.0383191
Dropping frame 1403637163.2883189
Dropping frame 1403637163.388319
Dropping frame 1403637163.4883189
Dropping frame 1403637163.5883191
Dropping frame 1403637163.688319
Dropping frame 1403637163.7883189
Dropping frame 1403637163.9883189
Dropping frame 1403637164.0883191
Dropping frame 1403637164.188319
Dropping frame 1403637164.2883189
Dropping frame 1403637164.4883189
Dropping frame 1403637164.638319
Dropping frame 1403637164.8383191
start VIBA 2
Dropping frame 1403637164.9883189
Dropping frame 1403637165.0883191
Dropping frame 1403637165.188319
end VIBA 2
Dropping frame 1403637165.388319
Dropping frame 1403637165.4883189
Dropping frame 1403637165.5883191
Dropping frame 1403637165.7883189
Dropping frame 1403637165.9883189
Dropping frame 1403637166.188319
Dropping frame 1403637166.388319
Dropping frame 1403637166.4883189
Dropping frame 1403637166.688319
Dropping frame 1403637166.7883189
Dropping frame 1403637166.888319
Dropping frame 1403637167.0883191
Dropping frame 1403637167.2883189
Dropping frame 1403637167.388319
Dropping frame 1403637167.4883189
Dropping frame 1403637167.688319
Dropping frame 1403637167.888319
Dropping frame 1403637168.0883191
Dropping frame 1403637168.188319
Dropping frame 1403637168.388319
Dropping frame 1403637168.5883191
Dropping frame 1403637168.7883189
Dropping frame 1403637168.9883189
Dropping frame 1403637169.188319
Dropping frame 1403637169.388319
Dropping frame 1403637169.5883191
Dropping frame 1403637169.7883189
Dropping frame 1403637169.9883189
Dropping frame 1403637170.188319
Dropping frame 1403637170.4383192
Dropping frame 1403637170.5383191
Dropping frame 1403637170.9383192
Dropping frame 1403637171.138319
Dropping frame 1403637171.638319
Dropping frame 1403637171.8383191
Dropping frame 1403637172.0383191
Dropping frame 1403637172.2383192
Dropping frame 1403637172.4883189
Dropping frame 1403637172.688319
Dropping frame 1403637173.188319
Dropping frame 1403637173.688319
Dropping frame 1403637174.188319
Dropping frame 1403637174.388319
Dropping frame 1403637174.5883191
Dropping frame 1403637174.7383192
Dropping frame 1403637175.188319
Dropping frame 1403637175.388319
Dropping frame 1403637175.5883191
Dropping frame 1403637175.7883189
Dropping frame 1403637175.9883189
Dropping frame 1403637176.188319
Dropping frame 1403637176.2883189
Dropping frame 1403637176.4883189
Dropping frame 1403637176.688319
Dropping frame 1403637176.7883189
Dropping frame 1403637176.9883189
Dropping frame 1403637177.188319
Dropping frame 1403637177.388319
Dropping frame 1403637177.4883189
Dropping frame 1403637177.688319
Dropping frame 1403637177.8383191
Dropping frame 1403637178.0883191
Dropping frame 1403637178.2883189
Dropping frame 1403637178.4883189
Dropping frame 1403637178.688319
Dropping frame 1403637178.888319
Dropping frame 1403637179.0883191
Dropping frame 1403637179.188319
Dropping frame 1403637179.4383192
Dropping frame 1403637179.638319
Dropping frame 1403637179.8383191
Dropping frame 1403637180.0883191
Dropping frame 1403637180.3383191
Dropping frame 1403637180.4383192
Dropping frame 1403637180.7383192
Dropping frame 1403637180.9383192
Dropping frame 1403637181.4883189
Dropping frame 1403637181.7883189
Dropping frame 1403637182.138319
Dropping frame 1403637182.2383192
Dropping frame 1403637182.4883189
Dropping frame 1403637182.7883189
Dropping frame 1403637182.888319
Dropping frame 1403637183.138319
Dropping frame 1403637183.2383192
Dropping frame 1403637183.4883189
Dropping frame 1403637183.7883189
Dropping frame 1403637184.138319
Dropping frame 1403637184.9883189
Dropping frame 1403637186.0883191
Dropping frame 1403637186.188319
Dropping frame 1403637186.4383192
Dropping frame 1403637186.7383192
Dropping frame 1403637187.0383191
Dropping frame 1403637187.5883191
Dropping frame 1403637187.688319
Dropping frame 1403637187.9383192
Dropping frame 1403637188.0383191
Dropping frame 1403637188.2883189
Dropping frame 1403637188.388319
Dropping frame 1403637188.638319
Dropping frame 1403637188.7383192
Dropping frame 1403637188.9883189
Dropping frame 1403637189.138319
Dropping frame 1403637189.3383191
Dropping frame 1403637189.4383192
Dropping frame 1403637189.7383192
Dropping frame 1403637189.9383192
Dropping frame 1403637190.0883191
Dropping frame 1403637190.3383191
Dropping frame 1403637190.638319
Dropping frame 1403637190.8383191
Dropping frame 1403637190.9883189
Dropping frame 1403637191.2383192
Dropping frame 1403637191.5383191
Dropping frame 1403637191.638319
Dropping frame 1403637191.7383192
Dropping frame 1403637191.9383192
Dropping frame 1403637192.0383191
Dropping frame 1403637192.138319
Dropping frame 1403637192.3383191
Dropping frame 1403637192.4383192
Dropping frame 1403637192.688319
Dropping frame 1403637192.7883189
Dropping frame 1403637193.0883191
Dropping frame 1403637193.388319
Dropping frame 1403637193.4883189
Dropping frame 1403637194.0383191
Dropping frame 1403637194.138319
Dropping frame 1403637194.688319
Dropping frame 1403637194.7883189
Dropping frame 1403637194.888319
Dropping frame 1403637195.0383191
Dropping frame 1403637195.2883189
Dropping frame 1403637195.5383191
Dropping frame 1403637195.7883189
Dropping frame 1403637195.888319
Dropping frame 1403637195.9883189
Dropping frame 1403637196.188319
Dropping frame 1403637196.2883189
Dropping frame 1403637196.4883189
Dropping frame 1403637196.5883191
Dropping frame 1403637197.138319
Dropping frame 1403637197.2383192
Dropping frame 1403637197.4383192
Dropping frame 1403637197.5383191
Dropping frame 1403637197.638319
Dropping frame 1403637197.8383191
Dropping frame 1403637197.9383192
Dropping frame 1403637198.0383191
Dropping frame 1403637198.2383192
Dropping frame 1403637198.3383191
Dropping frame 1403637198.4383192
Dropping frame 1403637198.638319
Dropping frame 1403637198.7383192
Dropping frame 1403637198.8383191
Dropping frame 1403637199.0383191
Dropping frame 1403637199.2383192
Dropping frame 1403637199.3383191
Dropping frame 1403637199.4383192
Dropping frame 1403637199.638319
Dropping frame 1403637199.7383192
Dropping frame 1403637199.8383191
Dropping frame 1403637200.0383191
Dropping frame 1403637200.2383192
Dropping frame 1403637200.3383191
Dropping frame 1403637200.4383192
Dropping frame 1403637200.638319
Dropping frame 1403637200.7383192
Dropping frame 1403637200.8383191
Dropping frame 1403637201.0383191
Dropping frame 1403637201.138319
Dropping frame 1403637201.2383192
Dropping frame 1403637201.4383192
Dropping frame 1403637201.638319
Dropping frame 1403637201.7383192
Dropping frame 1403637201.8383191
Dropping frame 1403637202.0383191
Dropping frame 1403637202.138319
Dropping frame 1403637202.3383191
Dropping frame 1403637202.4383192
Dropping frame 1403637202.5383191
Dropping frame 1403637202.638319
Dropping frame 1403637202.8383191
Dropping frame 1403637202.9383192
Dropping frame 1403637203.0383191
Dropping frame 1403637203.2383192
Dropping frame 1403637203.3383191
Dropping frame 1403637203.4383192
Dropping frame 1403637203.638319
Dropping frame 1403637203.7383192
Dropping frame 1403637203.8383191
Dropping frame 1403637204.0383191
Dropping frame 1403637204.138319
Dropping frame 1403637204.2383192
Dropping frame 1403637204.4383192
Dropping frame 1403637204.5383191
Dropping frame 1403637204.7883189
Dropping frame 1403637204.9883189
Dropping frame 1403637205.0883191
Dropping frame 1403637205.188319
Dropping frame 1403637205.2883189
Dropping frame 1403637205.4883189
Dropping frame 1403637205.5883191
Dropping frame 1403637205.688319
Dropping frame 1403637205.888319
Dropping frame 1403637205.9883189
Dropping frame 1403637206.0883191
Dropping frame 1403637206.2883189
Dropping frame 1403637206.388319
Dropping frame 1403637206.4883189
Dropping frame 1403637206.5883191
Dropping frame 1403637206.7883189
Dropping frame 1403637206.888319
Dropping frame 1403637206.9883189
Dropping frame 1403637207.2383192
Dropping frame 1403637207.4383192
Dropping frame 1403637207.5383191
Dropping frame 1403637207.688319
Dropping frame 1403637207.9383192
Dropping frame 1403637208.0383191
Dropping frame 1403637208.138319
Dropping frame 1403637208.3383191
Dropping frame 1403637208.4383192
Dropping frame 1403637208.5383191
Dropping frame 1403637208.638319
Dropping frame 1403637208.7883189
Dropping frame 1403637208.888319
Dropping frame 1403637209.2383192
Dropping frame 1403637209.3383191
Dropping frame 1403637209.4383192
Dropping frame 1403637209.5383191
Dropping frame 1403637209.638319
Dropping frame 1403637209.8383191
Dropping frame 1403637209.9383192
Dropping frame 1403637210.0383191
Dropping frame 1403637210.138319
Dropping frame 1403637210.2383192
Dropping frame 1403637210.3383191
Dropping frame 1403637210.5383191
Dropping frame 1403637210.7383192
Dropping frame 1403637210.8383191
Dropping frame 1403637210.9383192
Dropping frame 1403637211.0383191
Dropping frame 1403637211.2383192
Dropping frame 1403637211.3383191
Dropping frame 1403637211.4383192
Dropping frame 1403637211.5383191
Dropping frame 1403637211.638319
Dropping frame 1403637211.8383191
Dropping frame 1403637212.0383191
Dropping frame 1403637212.138319
Dropping frame 1403637212.2383192
Dropping frame 1403637212.3383191
Dropping frame 1403637212.5383191
Dropping frame 1403637212.7383192
Dropping frame 1403637212.8383191
Dropping frame 1403637212.9383192
Dropping frame 1403637213.0383191
Dropping frame 1403637213.2383192
Dropping frame 1403637213.3383191
Dropping frame 1403637213.4383192
Dropping frame 1403637213.5383191
Dropping frame 1403637213.638319
Dropping frame 1403637213.8383191
Dropping frame 1403637213.9383192
Dropping frame 1403637214.0383191
Dropping frame 1403637214.138319
Dropping frame 1403637214.2383192
Dropping frame 1403637214.3383191
Dropping frame 1403637214.5383191
Dropping frame 1403637214.638319
Dropping frame 1403637214.7383192
Dropping frame 1403637214.8383191
Dropping frame 1403637214.9383192
Dropping frame 1403637215.0383191
Dropping frame 1403637215.138319
Dropping frame 1403637215.2383192
Dropping frame 1403637215.3383191
Dropping frame 1403637215.4383192
Dropping frame 1403637215.5883191
Dropping frame 1403637215.688319
Dropping frame 1403637216.0383191
Dropping frame 1403637216.138319
Dropping frame 1403637216.2383192
Dropping frame 1403637216.3383191
Dropping frame 1403637216.4383192
Dropping frame 1403637216.5383191
Dropping frame 1403637216.638319
Dropping frame 1403637216.7383192
Dropping frame 1403637216.8383191
Dropping frame 1403637216.9883189
Dropping frame 1403637217.188319
Dropping frame 1403637217.2883189
Dropping frame 1403637217.388319
Dropping frame 1403637217.4883189
Dropping frame 1403637217.5883191
Dropping frame 1403637217.688319
Dropping frame 1403637217.7883189
Dropping frame 1403637217.888319
Dropping frame 1403637218.0883191
Dropping frame 1403637218.2883189
Dropping frame 1403637218.388319
Dropping frame 1403637218.4883189
Dropping frame 1403637218.5883191
Dropping frame 1403637218.7883189
Dropping frame 1403637218.888319
Dropping frame 1403637218.9883189
Dropping frame 1403637219.0883191
Dropping frame 1403637219.188319
Dropping frame 1403637219.388319
Dropping frame 1403637219.4883189
Dropping frame 1403637219.5883191
Dropping frame 1403637219.688319
Dropping frame 1403637219.7883189
Dropping frame 1403637219.9883189
Dropping frame 1403637220.0883191
Dropping frame 1403637220.188319
Dropping frame 1403637220.2883189
Dropping frame 1403637220.388319
Dropping frame 1403637220.4883189
Dropping frame 1403637220.5883191
Dropping frame 1403637220.688319
Dropping frame 1403637220.7883189
Dropping frame 1403637220.888319
Dropping frame 1403637221.0883191
Dropping frame 1403637221.2883189
Dropping frame 1403637221.388319
Dropping frame 1403637221.4883189
Dropping frame 1403637221.5883191
Dropping frame 1403637221.7883189
Dropping frame 1403637221.9883189
Dropping frame 1403637222.0883191
Dropping frame 1403637222.188319
Dropping frame 1403637222.2883189
Dropping frame 1403637222.4883189
Dropping frame 1403637222.688319
Dropping frame 1403637222.7883189
Dropping frame 1403637222.888319
Dropping frame 1403637222.9883189
Dropping frame 1403637223.188319
Dropping frame 1403637223.5383191
Dropping frame 1403637223.7383192
Dropping frame 1403637223.8383191
Dropping frame 1403637224.0383191
Dropping frame 1403637224.138319
Dropping frame 1403637224.2383192
Dropping frame 1403637224.4383192
Dropping frame 1403637224.638319
Dropping frame 1403637224.7383192
Dropping frame 1403637224.8383191
Dropping frame 1403637224.9383192
Dropping frame 1403637225.0383191
Dropping frame 1403637225.2383192
Dropping frame 1403637225.3383191
Dropping frame 1403637225.4383192
Dropping frame 1403637225.638319
Dropping frame 1403637225.7383192
Dropping frame 1403637225.9383192
Dropping frame 1403637226.0383191
Dropping frame 1403637226.138319
Dropping frame 1403637226.2383192
Dropping frame 1403637226.4383192
Dropping frame 1403637226.5383191
Dropping frame 1403637226.688319
Dropping frame 1403637226.9383192
Dropping frame 1403637227.0383191
Dropping frame 1403637227.138319
Dropping frame 1403637227.3383191
Dropping frame 1403637227.4383192
Dropping frame 1403637227.638319
Dropping frame 1403637227.7383192
Dropping frame 1403637227.8383191
Dropping frame 1403637227.9383192
Dropping frame 1403637228.138319
Dropping frame 1403637228.2383192
Dropping frame 1403637228.388319
Dropping frame 1403637228.638319
Dropping frame 1403637228.8383191
Dropping frame 1403637229.0383191
Dropping frame 1403637229.138319
Dropping frame 1403637229.2383192
Dropping frame 1403637229.4383192
Dropping frame 1403637229.638319
Dropping frame 1403637229.8383191
Dropping frame 1403637229.9383192
Dropping frame 1403637230.0383191
Dropping frame 1403637230.2383192
Dropping frame 1403637230.4383192
Dropping frame 1403637230.5383191
Dropping frame 1403637230.638319
Dropping frame 1403637230.7383192
Dropping frame 1403637230.9383192
Dropping frame 1403637231.138319
Dropping frame 1403637231.2383192
Dropping frame 1403637231.3383191
Dropping frame 1403637231.4883189
Dropping frame 1403637231.688319
Dropping frame 1403637231.7883189
Dropping frame 1403637231.888319
Dropping frame 1403637231.9883189
Dropping frame 1403637232.2383192
Dropping frame 1403637232.4383192
Dropping frame 1403637232.5383191
Dropping frame 1403637232.688319
Dropping frame 1403637232.7883189
Dropping frame 1403637232.888319
Dropping frame 1403637233.0883191
Dropping frame 1403637233.3383191
Dropping frame 1403637233.5383191
Dropping frame 1403637233.638319
Dropping frame 1403637233.8383191
Dropping frame 1403637233.9383192
Dropping frame 1403637234.3383191
Dropping frame 1403637234.5383191
Dropping frame 1403637234.7383192
Dropping frame 1403637234.8383191
Dropping frame 1403637235.0383191
Dropping frame 1403637235.4383192
Dropping frame 1403637235.7383192
Dropping frame 1403637235.888319
Dropping frame 1403637235.9883189
Dropping frame 1403637236.188319
Dropping frame 1403637236.388319
Dropping frame 1403637236.5883191
Dropping frame 1403637236.688319
Dropping frame 1403637236.9383192
Dropping frame 1403637237.138319
Dropping frame 1403637237.5883191
Dropping frame 1403637237.688319
Dropping frame 1403637237.888319
Dropping frame 1403637237.9883189
Dropping frame 1403637238.0883191
Dropping frame 1403637238.4383192
Dropping frame 1403637238.638319
Dropping frame 1403637238.7383192
Dropping frame 1403637238.8383191
Dropping frame 1403637239.0383191
Dropping frame 1403637239.2383192
Dropping frame 1403637239.4383192
Dropping frame 1403637239.5383191
Dropping frame 1403637239.638319
Dropping frame 1403637239.8383191
Dropping frame 1403637240.0383191
Dropping frame 1403637240.2383192
Dropping frame 1403637240.3383191
Dropping frame 1403637240.4383192
Dropping frame 1403637240.7883189
Dropping frame 1403637240.9883189
Dropping frame 1403637241.0883191
Dropping frame 1403637241.188319
Dropping frame 1403637241.388319
Dropping frame 1403637241.5883191
Dropping frame 1403637241.7883189
Dropping frame 1403637241.888319
Dropping frame 1403637242.2383192
Dropping frame 1403637242.5883191
Dropping frame 1403637242.7883189
Dropping frame 1403637242.888319
Dropping frame 1403637243.2883189
Dropping frame 1403637243.4883189
Dropping frame 1403637243.7883189
Dropping frame 1403637243.888319
Dropping frame 1403637244.2883189
Dropping frame 1403637244.4883189
Dropping frame 1403637244.5883191
Dropping frame 1403637244.688319
Dropping frame 1403637244.888319
Dropping frame 1403637245.0883191
Dropping frame 1403637245.2883189
Dropping frame 1403637245.388319
Dropping frame 1403637245.4883189
Dropping frame 1403637245.688319
Dropping frame 1403637245.888319
Dropping frame 1403637246.0883191
Dropping frame 1403637246.188319
Dropping frame 1403637246.2883189
Dropping frame 1403637246.4883189
Dropping frame 1403637246.5883191
Dropping frame 1403637246.688319
Dropping frame 1403637246.888319
Dropping frame 1403637247.0883191
Dropping frame 1403637247.2883189
Dropping frame 1403637247.388319
Dropping frame 1403637247.4883189
Dropping frame 1403637247.688319
Dropping frame 1403637247.888319
Dropping frame 1403637247.9883189
Dropping frame 1403637248.0883191
Dropping frame 1403637248.2883189
Dropping frame 1403637248.4883189
Dropping frame 1403637248.688319
Dropping frame 1403637248.888319
Dropping frame 1403637248.9883189
Dropping frame 1403637249.0883191
Dropping frame 1403637249.2883189
Dropping frame 1403637249.4883189
Dropping frame 1403637249.688319
Dropping frame 1403637249.7883189
Dropping frame 1403637249.888319
Dropping frame 1403637250.0883191
Dropping frame 1403637250.2883189
Dropping frame 1403637250.4883189
Dropping frame 1403637250.5883191
Dropping frame 1403637250.688319
Dropping frame 1403637250.888319
Dropping frame 1403637251.0883191
Dropping frame 1403637251.2883189
Dropping frame 1403637251.388319
Dropping frame 1403637251.4883189
Dropping frame 1403637251.688319
Dropping frame 1403637251.888319
Dropping frame 1403637252.0883191
Dropping frame 1403637252.188319
Dropping frame 1403637252.2883189
Dropping frame 1403637252.4883189
Dropping frame 1403637252.688319
Dropping frame 1403637252.7883189
Dropping frame 1403637252.888319
Dropping frame 1403637252.9883189
Dropping frame 1403637253.4383192
Dropping frame 1403637253.638319
Dropping frame 1403637253.8383191
Dropping frame 1403637254.0383191
Dropping frame 1403637254.138319
Dropping frame 1403637254.2383192
Dropping frame 1403637254.4383192
Dropping frame 1403637254.638319
Dropping frame 1403637254.8383191
Dropping frame 1403637254.9383192
Dropping frame 1403637255.0383191
Dropping frame 1403637255.2383192
Dropping frame 1403637255.4383192
Dropping frame 1403637255.638319
Dropping frame 1403637255.7383192
Dropping frame 1403637255.8383191
Dropping frame 1403637256.0383191
Dropping frame 1403637256.2383192
Dropping frame 1403637256.4383192
Dropping frame 1403637256.638319
Dropping frame 1403637256.7383192
Dropping frame 1403637256.8383191
Dropping frame 1403637257.0383191
Dropping frame 1403637257.2383192
Dropping frame 1403637257.4383192
Dropping frame 1403637257.5383191
Dropping frame 1403637257.638319
Dropping frame 1403637257.7383192
Dropping frame 1403637257.9383192
Dropping frame 1403637258.0383191
Dropping frame 1403637258.138319
Dropping frame 1403637258.3383191
Dropping frame 1403637258.5383191
Dropping frame 1403637258.638319
Dropping frame 1403637258.8383191
Dropping frame 1403637258.9383192
Dropping frame 1403637259.0383191
Dropping frame 1403637259.138319
Dropping frame 1403637259.3383191
Dropping frame 1403637259.5383191
Dropping frame 1403637259.7383192
Dropping frame 1403637259.8383191
Dropping frame 1403637259.9383192
Dropping frame 1403637260.138319
Dropping frame 1403637260.3383191
Dropping frame 1403637260.5383191
Dropping frame 1403637260.7383192
Dropping frame 1403637260.8383191
Dropping frame 1403637261.0383191
Dropping frame 1403637261.2383192
Dropping frame 1403637261.3383191
Dropping frame 1403637261.4383192
Dropping frame 1403637261.5383191
Dropping frame 1403637261.638319
Dropping frame 1403637261.7383192
Dropping frame 1403637261.9383192
Dropping frame 1403637262.138319
Dropping frame 1403637262.3383191
Dropping frame 1403637262.5383191
Dropping frame 1403637262.7383192
Dropping frame 1403637262.8383191
Dropping frame 1403637262.9383192
Dropping frame 1403637263.138319
Dropping frame 1403637263.3383191
Dropping frame 1403637263.5383191
Dropping frame 1403637263.7383192
Dropping frame 1403637263.9383192
Dropping frame 1403637264.138319
Dropping frame 1403637264.2383192
Dropping frame 1403637264.3383191
Dropping frame 1403637264.5383191
Dropping frame 1403637264.638319
Dropping frame 1403637264.7383192
Dropping frame 1403637264.9383192
Dropping frame 1403637265.138319
Dropping frame 1403637265.3383191
Shutdown
SLAM Finished at System Time: 1734513174.91653

 TIME STATS in ms (mean$\pm$std)
OpenCV version: 4.8.1
---------------------------
Tracking

ORB Extraction: 20.451$\pm$2.688
Stereo Matching: 7.9279$\pm$1.9257
IMU Preintegration: 0.2342$\pm$0.092077
Pose Prediction: 0.80502$\pm$1.907
LM Track: 18.899$\pm$6.7073
New KF decision: 1.4871$\pm$2.5924
Total Tracking: 31.292$\pm$27.538



Local Mapping

KF Insertion: 15.107$\pm$5.6417
MP Culling: 0.58449$\pm$0.25937
MP Creation: 46.202$\pm$19.029
LBA: 153.46$\pm$66.749
KF Culling: 14.971$\pm$10.665
Total Local Mapping: 228.13$\pm$94.81
---------------------------

LBA complexity (mean$\pm$std)
LBA Edges: 1683.2$\pm$624.85
LBA KF optimized: 6.5$\pm$2.2913
LBA KF fixed: 1$\pm$0
LBA MP: nan$\pm$nan

LBA executions: 453
LBA aborts: 0
---------------------------

Map complexity
KFs in map: 144
MPs in map: 10941
---------------------------

Place Recognition (mean$\pm$std)
Database Query: 2.1825$\pm$1.1169
SE3 estimation: 27.635$\pm$17.461
Total Place Recognition: 22.589$\pm$20.392


Loop Closing (mean$\pm$std)
Loop Fusion: nan$\pm$nan
Essential Graph: nan$\pm$nan
Total Loop Closing: nan$\pm$nan

Num exec: 0
Number of KFs: nan$\pm$nan

Map Merging (mean$\pm$std)
Merge Maps: nan$\pm$nan
Welding BA: nan$\pm$nan
Optimization Ess.: nan$\pm$nan
Total Map Merging: nan$\pm$nan

Num exec: 0
Number of KFs: nan$\pm$nan
Number of MPs: nan$\pm$nan

Full GBA (mean$\pm$std)
GBA: nan$\pm$nan
Map Update: nan$\pm$nan
Total Full GBA: nan$\pm$nan

Num exec: 0
Num abort: 0
Number of KFs: nan$\pm$nan
Number of MPs: nan$\pm$nan

Saving trajectory to f_dataset-MH03_stereo_imu.txt ...
There are 1 maps in the atlas
  Map 0 has 144 KFs

End of saving trajectory to f_dataset-MH03_stereo_imu.txt ...

Saving keyframe trajectory to kf_dataset-MH03_stereo_imu.txt ...
