num_seq = 1
file name: dataset-MH04_stereo_imu
Loading images for sequence 0...LOADED!
Loading IMU for sequence 0...LOADED!

-------

ORB-SLAM3 Copyright (C) 2017-2020 Carlos Campos, Richard Elvira, Juan J. Gómez, José M.M. Montiel and Juan D. Tardós, University of Zaragoza.
ORB-SLAM2 Copyright (C) 2014-2016 Raúl Mur-Artal, José M.M. Montiel and Juan D. Tardós, University of Zaragoza.
This program comes with ABSOLUTELY NO WARRANTY;
This is free software, and you are welcome to redistribute it
under certain conditions. See LICENSE.txt.

Built with REGISTER_TIMES
Git Commit Hash: 5ee9387

Compiled with C++ version: 201703

Input sensor was set to: Stereo-Inertial
Loading settings from ./Examples/Stereo-Inertial/EuRoC_fov_deadlines_mask_12x12.yaml
	-Loaded camera 1
	-Loaded camera 2
	-Loaded image info
	-Loaded IMU calibration
	-Loaded ORB settings
	-Loaded viewer settings
	-Loaded Atlas settings
Deadlines enabled, will skip frames!
FOV enabled
Static mask size: 12x12
Dumping map points enabled
	-Loaded misc parameters
	-Computed rectification maps
----------------------------------
SLAM settings: 
	-Camera 1 parameters (Pinhole): [ 458.65399169921875 457.29598999023438 367.21499633789062 248.375 ]
	-Camera 1 distortion parameters: [  -0.28340810537338257 0.073959067463874817 0.00019359000725671649 1.7618711353861727e-05 ]
	-Camera 2 parameters (Pinhole: [ 457.58700561523438 456.13400268554688 379.99899291992188 255.23800659179688 ]
	-Camera 1 distortion parameters: [  -0.2836836576461792 0.074512839317321777 -0.00010473000293131918 -3.555907096597366e-05 ]
	-Original image size: [ 752 , 480 ]
	-Current image size: [ 752 , 480 ]
	-Camera 1 parameters after rectification: [  456.71499633789062 456.71499633789062 364.52615356445312 257.268798828125 ]
	-Sequence FPS: 20
	-Stereo baseline: 0.11007784307003021
	-Stereo depth threshold : 60
	-Gyro noise: 0.00016999999934341758
	-Accelerometer noise: 0.0020000000949949026
	-Gyro walk: 1.9392999092815444e-05
	-Accelerometer walk: 0.0030000000260770321
	-IMU frequency: 200
	-Features per image: 1200
	-ORB scale factor: 1.2000000476837158
	-ORB number of scales: 8
	-Initial FAST threshold: 20
	-Min FAST threshold: 7


Loading ORB Vocabulary. This could take a while...
Vocabulary loaded!

Initialization of Atlas from scratch 
Creation of new map with id: 0
Creation of new map with last KF id: 0
Seq. Name: 
There are 1 cameras in the atlas
Camera 0 is pinhole
SLAM Started at System Time: 1734437717.2278
not IMU meas
not IMU meas
not enough acceleration
not enough acceleration
not enough acceleration
not enough acceleration
not enough acceleration
not enough acceleration
not enough acceleration
not enough acceleration
not enough acceleration
not enough acceleration
not enough acceleration
not enough acceleration
not enough acceleration
not enough acceleration
not enough acceleration
not enough acceleration
not enough acceleration
not enough acceleration
not enough acceleration
not enough acceleration
not enough acceleration
not enough acceleration
not enough acceleration
not enough acceleration
not enough acceleration
not enough acceleration
not enough acceleration
not enough acceleration
not enough acceleration
not enough acceleration
First KF:0; Map init KF:0
New Map created with 142 points
Active map: 0
Dropping frame 1403638130.195097
Dropping frame 1403638130.5450969
Dropping frame 1403638130.8450971
Dropping frame 1403638130.945097
Dropping frame 1403638131.0450969
Dropping frame 1403638131.3450971
Dropping frame 1403638131.5450969
Dropping frame 1403638131.7450969
Dropping frame 1403638131.8450971
Dropping frame 1403638131.9950972
Dropping frame 1403638132.2450969
Dropping frame 1403638132.395097
Dropping frame 1403638132.5950971
Dropping frame 1403638132.695097
Dropping frame 1403638132.945097
Dropping frame 1403638133.145097
Dropping frame 1403638133.2450969
Dropping frame 1403638133.445097
Dropping frame 1403638133.7950971
Dropping frame 1403638133.895097
Dropping frame 1403638134.0950971
Dropping frame 1403638134.195097
start VIBA 1
Dropping frame 1403638134.445097
end VIBA 1
Dropping frame 1403638134.645097
Dropping frame 1403638134.7450969
Dropping frame 1403638134.8450971
Dropping frame 1403638135.0950971
Dropping frame 1403638135.195097
Dropping frame 1403638135.2950971
Dropping frame 1403638135.4950972
Dropping frame 1403638135.695097
Dropping frame 1403638135.7950971
Dropping frame 1403638135.895097
Dropping frame 1403638136.0950971
Dropping frame 1403638136.195097
Dropping frame 1403638136.2950971
Dropping frame 1403638136.445097
Dropping frame 1403638136.695097
Dropping frame 1403638136.895097
Dropping frame 1403638136.9950972
Dropping frame 1403638137.0950971
Dropping frame 1403638137.2950971
Dropping frame 1403638137.4950972
Dropping frame 1403638137.5950971
Dropping frame 1403638137.895097
Dropping frame 1403638137.9950972
Dropping frame 1403638138.0950971
Dropping frame 1403638138.2950971
Not enough motion for initializing. Reseting...
TRACK: Reset map because local mapper set the bad imu flag 
LM: Active map reset recieved
LM: Active map reset, waiting...
LM: Reseting current map in Local Mapping...
LM: End reseting Local Mapping...
LM: Reset free the mutex
LM: Active map reset, Done!!!
mnFirstFrameId = 32
mnInitialFrameId = 0
142 Frames set to lost
not IMU meas
Dropping frame 1403638138.4950972
not enough acceleration
not enough acceleration
not enough acceleration
Dropping frame 1403638138.695097
not enough acceleration
Dropping frame 1403638138.7950971
not enough acceleration
Dropping frame 1403638138.895097
First KF:38; Map init KF:0
New Map created with 170 points
Active map: 0
Dropping frame 1403638138.9950972
Dropping frame 1403638139.195097
Dropping frame 1403638139.395097
Dropping frame 1403638139.5950971
Dropping frame 1403638139.695097
Dropping frame 1403638139.945097
Dropping frame 1403638140.0450969
Dropping frame 1403638140.2950971
Dropping frame 1403638140.4950972
Dropping frame 1403638140.695097
Dropping frame 1403638140.7950971
Dropping frame 1403638141.0450969
Dropping frame 1403638141.2450969
Dropping frame 1403638141.445097
Dropping frame 1403638141.5450969
Dropping frame 1403638141.7950971
Not enough motion for initializing. Reseting...
Dropping frame 1403638141.895097
LM: Reseting current map in Local Mapping...
LM: End reseting Local Mapping...
LM: Reset free the mutex
Dropping frame 1403638142.145097
Dropping frame 1403638142.2450969
Dropping frame 1403638142.3450971
Not enough motion for initializing. Reseting...
TRACK: Reset map because local mapper set the bad imu flag 
LM: Reseting current map in Local Mapping...
LM: End reseting Local Mapping...
LM: Reset free the mutex
LM: Active map reset recieved
LM: Active map reset, waiting...
LM: Reseting current map in Local Mapping...
LM: End reseting Local Mapping...
LM: Reset free the mutex
LM: Active map reset, Done!!!
mnFirstFrameId = 181
mnInitialFrameId = 174
192 Frames set to lost
not IMU meas
not enough acceleration
not enough acceleration
not enough acceleration
Dropping frame 1403638142.695097
not enough acceleration
not enough acceleration
not enough acceleration
not enough acceleration
not enough acceleration
not enough acceleration
not enough acceleration
not enough acceleration
Dropping frame 1403638143.145097
First KF:50; Map init KF:38
New Map created with 187 points
Active map: 0
Dropping frame 1403638143.2450969
Dropping frame 1403638143.645097
Dropping frame 1403638144.695097
Not enough motion for initializing. Reseting...
TRACK: Reset map because local mapper set the bad imu flag 
LM: Reseting current map in Local Mapping...
LM: End reseting Local Mapping...
LM: Reset free the mutex
LM: Active map reset recieved
LM: Active map reset, waiting...
LM: Reseting current map in Local Mapping...
LM: End reseting Local Mapping...
LM: Reset free the mutex
LM: Active map reset, Done!!!
mnFirstFrameId = 244
mnInitialFrameId = 231
248 Frames set to lost
not IMU meas
not enough acceleration
not enough acceleration
not enough acceleration
not enough acceleration
not enough acceleration
not enough acceleration
not enough acceleration
not enough acceleration
not enough acceleration
not enough acceleration
not enough acceleration
not enough acceleration
not enough acceleration
not enough acceleration
not enough acceleration
not enough acceleration
not enough acceleration
not enough acceleration
not enough acceleration
not enough acceleration
not enough acceleration
not enough acceleration
not enough acceleration
not enough acceleration
not enough acceleration
not enough acceleration
not enough acceleration
not enough acceleration
not enough acceleration
not enough acceleration
not enough acceleration
First KF:61; Map init KF:50
New Map created with 183 points
Active map: 0
start VIBA 1
end VIBA 1
Dropping frame 1403638156.0950971
Dropping frame 1403638156.395097
Dropping frame 1403638156.695097
Dropping frame 1403638156.895097
Dropping frame 1403638157.2950971
Dropping frame 1403638157.4950972
Dropping frame 1403638157.5950971
Dropping frame 1403638157.945097
Dropping frame 1403638158.0950971
Dropping frame 1403638158.195097
Dropping frame 1403638158.2950971
Dropping frame 1403638158.395097
Dropping frame 1403638158.4950972
Dropping frame 1403638158.5950971
Dropping frame 1403638158.7450969
Dropping frame 1403638158.895097
Dropping frame 1403638159.145097
Dropping frame 1403638159.2450969
Dropping frame 1403638159.395097
Dropping frame 1403638159.4950972
Dropping frame 1403638159.695097
Dropping frame 1403638159.7950971
Dropping frame 1403638159.895097
Dropping frame 1403638160.0450969
Dropping frame 1403638160.145097
Dropping frame 1403638160.645097
Dropping frame 1403638160.895097
Dropping frame 1403638160.9950972
Dropping frame 1403638161.0950971
Dropping frame 1403638161.2450969
Dropping frame 1403638161.3450971
Dropping frame 1403638161.445097
Dropping frame 1403638161.5950971
Dropping frame 1403638161.695097
Dropping frame 1403638161.8450971
Dropping frame 1403638161.9950972
Dropping frame 1403638162.0950971
Dropping frame 1403638162.195097
Dropping frame 1403638162.2950971
Dropping frame 1403638162.395097
Dropping frame 1403638162.645097
Dropping frame 1403638162.7450969
Dropping frame 1403638163.195097
start VIBA 2
Dropping frame 1403638163.5450969
end VIBA 2
Dropping frame 1403638164.395097
Dropping frame 1403638164.4950972
Dropping frame 1403638164.5950971
Dropping frame 1403638164.7950971
Dropping frame 1403638164.895097
Dropping frame 1403638164.9950972
Dropping frame 1403638165.0950971
Dropping frame 1403638165.195097
Dropping frame 1403638165.2950971
Dropping frame 1403638165.395097
Dropping frame 1403638165.5950971
Dropping frame 1403638165.7950971
Dropping frame 1403638166.0450969
Dropping frame 1403638166.145097
Dropping frame 1403638166.2950971
Dropping frame 1403638166.5950971
Dropping frame 1403638166.7950971
Dropping frame 1403638166.9950972
Dropping frame 1403638167.0950971
Dropping frame 1403638167.2950971
Dropping frame 1403638167.4950972
Dropping frame 1403638167.5950971
Dropping frame 1403638167.695097
Dropping frame 1403638167.8450971
Dropping frame 1403638168.0450969
Dropping frame 1403638168.145097
Dropping frame 1403638168.2450969
Dropping frame 1403638168.445097
Dropping frame 1403638168.5450969
Dropping frame 1403638168.645097
Dropping frame 1403638168.7450969
Dropping frame 1403638168.8450971
Dropping frame 1403638168.945097
Dropping frame 1403638169.0450969
Dropping frame 1403638169.2450969
Dropping frame 1403638169.3450971
Dropping frame 1403638169.445097
Dropping frame 1403638169.645097
Dropping frame 1403638169.8450971
Dropping frame 1403638169.945097
Dropping frame 1403638170.195097
Dropping frame 1403638170.395097
Dropping frame 1403638170.4950972
Dropping frame 1403638170.695097
Dropping frame 1403638170.895097
Dropping frame 1403638171.0950971
Dropping frame 1403638171.2950971
Dropping frame 1403638171.4950972
Dropping frame 1403638171.695097
Dropping frame 1403638171.7950971
Dropping frame 1403638171.9950972
Dropping frame 1403638172.0950971
Dropping frame 1403638172.2950971
Dropping frame 1403638172.395097
Dropping frame 1403638172.4950972
Dropping frame 1403638172.5950971
Dropping frame 1403638172.7950971
Dropping frame 1403638172.9950972
Dropping frame 1403638173.0950971
Dropping frame 1403638173.2950971
Dropping frame 1403638173.4950972
Dropping frame 1403638173.5950971
Dropping frame 1403638173.695097
Dropping frame 1403638173.895097
Dropping frame 1403638174.0950971
Dropping frame 1403638174.2950971
Dropping frame 1403638174.395097
Dropping frame 1403638174.5950971
Dropping frame 1403638174.7950971
Dropping frame 1403638174.895097
Dropping frame 1403638174.9950972
Dropping frame 1403638175.0950971
Dropping frame 1403638175.195097
Dropping frame 1403638175.2950971
Dropping frame 1403638175.395097
Dropping frame 1403638175.4950972
Dropping frame 1403638175.5950971
Dropping frame 1403638175.7950971
Dropping frame 1403638175.895097
Dropping frame 1403638175.9950972
Dropping frame 1403638176.0950971
Dropping frame 1403638176.2950971
Dropping frame 1403638176.4950972
Dropping frame 1403638176.695097
Dropping frame 1403638176.7950971
Dropping frame 1403638176.9950972
Dropping frame 1403638177.195097
Dropping frame 1403638177.395097
Dropping frame 1403638177.4950972
Dropping frame 1403638177.695097
Dropping frame 1403638177.895097
Dropping frame 1403638177.9950972
Dropping frame 1403638178.195097
Dropping frame 1403638178.2950971
Dropping frame 1403638178.4950972
Dropping frame 1403638178.695097
Dropping frame 1403638178.895097
Dropping frame 1403638179.0950971
Dropping frame 1403638179.2950971
Dropping frame 1403638179.395097
Dropping frame 1403638179.4950972
Dropping frame 1403638179.5950971
Dropping frame 1403638179.7950971
Dropping frame 1403638179.9950972
Dropping frame 1403638180.0950971
Dropping frame 1403638180.195097
Dropping frame 1403638180.2950971
Dropping frame 1403638180.395097
Dropping frame 1403638180.4950972
Dropping frame 1403638180.5950971
Dropping frame 1403638180.695097
Dropping frame 1403638181.145097
Dropping frame 1403638181.3450971
Dropping frame 1403638181.445097
Dropping frame 1403638181.5450969
Dropping frame 1403638181.645097
Dropping frame 1403638181.7450969
Dropping frame 1403638181.8450971
Dropping frame 1403638181.9950972
Dropping frame 1403638182.145097
Dropping frame 1403638182.2450969
Dropping frame 1403638182.395097
Dropping frame 1403638182.4950972
Dropping frame 1403638182.7950971
Dropping frame 1403638182.9950972
Dropping frame 1403638183.195097
Dropping frame 1403638183.2950971
Dropping frame 1403638183.5450969
Dropping frame 1403638183.895097
Dropping frame 1403638184.0950971
Dropping frame 1403638184.2950971
Dropping frame 1403638184.4950972
Dropping frame 1403638184.695097
Dropping frame 1403638184.9950972
Dropping frame 1403638185.2950971
Dropping frame 1403638185.395097
Dropping frame 1403638185.695097
Dropping frame 1403638185.895097
Dropping frame 1403638186.145097
Dropping frame 1403638186.2450969
Dropping frame 1403638186.5950971
Dropping frame 1403638186.695097
Dropping frame 1403638186.945097
Dropping frame 1403638187.2450969
Dropping frame 1403638187.445097
Dropping frame 1403638187.5450969
Dropping frame 1403638187.645097
Dropping frame 1403638187.8450971
Dropping frame 1403638187.945097
Dropping frame 1403638188.0450969
Dropping frame 1403638188.2450969
Dropping frame 1403638188.445097
Dropping frame 1403638188.645097
Dropping frame 1403638188.7450969
Dropping frame 1403638188.945097
Dropping frame 1403638189.0450969
Dropping frame 1403638189.2950971
Dropping frame 1403638189.4950972
Dropping frame 1403638189.695097
Dropping frame 1403638189.7950971
Dropping frame 1403638190.0450969
Dropping frame 1403638190.2450969
Dropping frame 1403638190.445097
Dropping frame 1403638190.645097
Dropping frame 1403638193.0450969
Dropping frame 1403638193.395097
Dropping frame 1403638193.7450969
Dropping frame 1403638194.195097
Dropping frame 1403638194.2950971
Dropping frame 1403638194.5450969
Dropping frame 1403638194.645097
Dropping frame 1403638194.7450969
Dropping frame 1403638194.945097
Dropping frame 1403638195.145097
Dropping frame 1403638195.2450969
Dropping frame 1403638195.4950972
Dropping frame 1403638195.695097
Dropping frame 1403638196.145097
Dropping frame 1403638196.3450971
Dropping frame 1403638196.5450969
Dropping frame 1403638196.645097
Dropping frame 1403638196.895097
Dropping frame 1403638196.9950972
Dropping frame 1403638197.2450969
Dropping frame 1403638197.445097
Dropping frame 1403638197.5950971
Dropping frame 1403638198.5950971
Dropping frame 1403638198.895097
Dropping frame 1403638199.0450969
Dropping frame 1403638199.2450969
Dropping frame 1403638199.445097
Dropping frame 1403638199.7450969
Dropping frame 1403638200.0450969
Dropping frame 1403638200.2450969
Dropping frame 1403638200.445097
Dropping frame 1403638200.645097
Dropping frame 1403638200.8450971
Dropping frame 1403638201.0450969
Dropping frame 1403638201.2450969
Dropping frame 1403638201.445097
Dropping frame 1403638201.645097
Dropping frame 1403638201.945097
Dropping frame 1403638202.145097
Dropping frame 1403638202.3450971
Dropping frame 1403638202.5450969
Dropping frame 1403638202.645097
Dropping frame 1403638202.895097
Dropping frame 1403638202.9950972
Dropping frame 1403638203.0950971
Dropping frame 1403638203.2950971
Dropping frame 1403638203.395097
Dropping frame 1403638203.4950972
Dropping frame 1403638203.695097
Dropping frame 1403638203.895097
Dropping frame 1403638203.9950972
Dropping frame 1403638204.2950971
Dropping frame 1403638204.7950971
Dropping frame 1403638204.9950972
Dropping frame 1403638205.0950971
Dropping frame 1403638205.195097
Dropping frame 1403638205.395097
Dropping frame 1403638205.4950972
Dropping frame 1403638205.5950971
Dropping frame 1403638205.7950971
Dropping frame 1403638205.9950972
Dropping frame 1403638206.0950971
Dropping frame 1403638206.195097
Dropping frame 1403638206.395097
Dropping frame 1403638206.5950971
Dropping frame 1403638206.695097
Dropping frame 1403638206.945097
Dropping frame 1403638207.0450969
Dropping frame 1403638207.145097
Dropping frame 1403638207.3450971
Dropping frame 1403638207.445097
Dropping frame 1403638207.695097
Dropping frame 1403638207.7950971
Dropping frame 1403638208.0450969
Dropping frame 1403638208.145097
Dropping frame 1403638208.2450969
Dropping frame 1403638208.445097
Dropping frame 1403638208.645097
Dropping frame 1403638208.8450971
Dropping frame 1403638209.0450969
Dropping frame 1403638209.145097
Dropping frame 1403638209.395097
Dropping frame 1403638209.695097
Dropping frame 1403638209.895097
Dropping frame 1403638210.0950971
Dropping frame 1403638210.2950971
Dropping frame 1403638210.4950972
Dropping frame 1403638210.695097
Dropping frame 1403638210.895097
Dropping frame 1403638211.0950971
Dropping frame 1403638211.195097
Dropping frame 1403638211.2950971
Dropping frame 1403638211.395097
Dropping frame 1403638211.8450971
Dropping frame 1403638212.0950971
Dropping frame 1403638212.2950971
Dropping frame 1403638212.645097
Dropping frame 1403638212.9950972
Dropping frame 1403638213.0950971
Dropping frame 1403638213.2950971
Dropping frame 1403638213.395097
Dropping frame 1403638213.5950971
Dropping frame 1403638213.7950971
Dropping frame 1403638213.895097
Dropping frame 1403638214.0950971
Dropping frame 1403638214.2950971
Dropping frame 1403638214.395097
Dropping frame 1403638214.7450969
Dropping frame 1403638214.8450971
Dropping frame 1403638215.8450971
Dropping frame 1403638216.2450969
Dropping frame 1403638216.3450971
Dropping frame 1403638216.5950971
Dropping frame 1403638216.7450969
Dropping frame 1403638216.945097
Dropping frame 1403638217.0450969
Dropping frame 1403638217.2950971
Dropping frame 1403638217.395097
Dropping frame 1403638217.9950972
Dropping frame 1403638218.395097
Dropping frame 1403638218.5950971
Dropping frame 1403638218.9950972
Dropping frame 1403638219.2950971
Dropping frame 1403638219.645097
Dropping frame 1403638219.8450971
Dropping frame 1403638219.945097
Dropping frame 1403638220.4950972
Dropping frame 1403638220.645097
Dropping frame 1403638221.2950971
Dropping frame 1403638221.695097
Dropping frame 1403638222.2950971
Dropping frame 1403638222.5450969
Dropping frame 1403638222.7950971
Dropping frame 1403638223.3450971
Dropping frame 1403638223.5450969
Dropping frame 1403638223.645097
Dropping frame 1403638224.0450969
Dropping frame 1403638224.395097
Shutdown
SLAM Finished at System Time: 1734437839.70408

 TIME STATS in ms (mean$\pm$std)
OpenCV version: 4.8.1
---------------------------
Tracking

ORB Extraction: 18.551$\pm$2.2925
Stereo Matching: 8.206$\pm$2.0871
IMU Preintegration: 0.20789$\pm$0.09036
Pose Prediction: 0.62013$\pm$1.4845
LM Track: 17.198$\pm$6.1254
New KF decision: 1.0877$\pm$1.8958
Total Tracking: 32.572$\pm$24.751



Local Mapping

KF Insertion: 13.383$\pm$5.098
MP Culling: 0.44765$\pm$0.21621
MP Creation: 40.218$\pm$16.406
LBA: 140.84$\pm$48.191
KF Culling: 10.777$\pm$9.7118
Total Local Mapping: 205.15$\pm$74.773
---------------------------

LBA complexity (mean$\pm$std)
LBA Edges: 1495.5$\pm$1019.6
LBA KF optimized: 6.5$\pm$2.2913
LBA KF fixed: 1$\pm$0
LBA MP: nan$\pm$nan

LBA executions: 391
LBA aborts: 0
---------------------------

Map complexity
KFs in map: 166
MPs in map: 13187
---------------------------

Place Recognition (mean$\pm$std)
Database Query: 2.1767$\pm$1.1849
SE3 estimation: 27.516$\pm$16.586
Total Place Recognition: 20.519$\pm$19.903


Loop Closing (mean$\pm$std)
Loop Fusion: nan$\pm$nan
Essential Graph: nan$\pm$nan
Total Loop Closing: nan$\pm$nan

Num exec: 0
Number of KFs: nan$\pm$nan

Map Merging (mean$\pm$std)
Merge Maps: nan$\pm$nan
Welding BA: nan$\pm$nan
Optimization Ess.: nan$\pm$nan
Total Map Merging: nan$\pm$nan

Num exec: 0
Number of KFs: nan$\pm$nan
Number of MPs: nan$\pm$nan

Full GBA (mean$\pm$std)
GBA: nan$\pm$nan
Map Update: nan$\pm$nan
Total Full GBA: nan$\pm$nan

Num exec: 0
Num abort: 0
Number of KFs: nan$\pm$nan
Number of MPs: nan$\pm$nan

Saving trajectory to f_dataset-MH04_stereo_imu.txt ...
There are 1 maps in the atlas
  Map 0 has 166 KFs

End of saving trajectory to f_dataset-MH04_stereo_imu.txt ...

Saving keyframe trajectory to kf_dataset-MH04_stereo_imu.txt ...
