num_seq = 1
file name: dataset-MH01_stereo_imu
Loading images for sequence 0...LOADED!
Loading IMU for sequence 0...LOADED!

-------

ORB-SLAM3 Copyright (C) 2017-2020 Carlos Campos, Richard Elvira, Juan J. Gómez, José M.M. Montiel and Juan D. Tardós, University of Zaragoza.
ORB-SLAM2 Copyright (C) 2014-2016 Raúl Mur-Artal, José M.M. Montiel and Juan D. Tardós, University of Zaragoza.
This program comes with ABSOLUTELY NO WARRANTY;
This is free software, and you are welcome to redistribute it
under certain conditions. See LICENSE.txt.

Built with REGISTER_TIMES
Git Commit Hash: 5ee9387

Compiled with C++ version: 201703

Input sensor was set to: Stereo-Inertial
Loading settings from ./Examples/Stereo-Inertial/EuRoC_fov_deadlines_mask_3x3.yaml
	-Loaded camera 1
	-Loaded camera 2
	-Loaded image info
	-Loaded IMU calibration
	-Loaded ORB settings
	-Loaded viewer settings
	-Loaded Atlas settings
Deadlines enabled, will skip frames!
FOV enabled
Static mask size: 3x3
Dumping map points enabled
	-Loaded misc parameters
	-Computed rectification maps
----------------------------------
SLAM settings: 
	-Camera 1 parameters (Pinhole): [ 458.65399169921875 457.29598999023438 367.21499633789062 248.375 ]
	-Camera 1 distortion parameters: [  -0.28340810537338257 0.073959067463874817 0.00019359000725671649 1.7618711353861727e-05 ]
	-Camera 2 parameters (Pinhole: [ 457.58700561523438 456.13400268554688 379.99899291992188 255.23800659179688 ]
	-Camera 1 distortion parameters: [  -0.2836836576461792 0.074512839317321777 -0.00010473000293131918 -3.555907096597366e-05 ]
	-Original image size: [ 752 , 480 ]
	-Current image size: [ 752 , 480 ]
	-Camera 1 parameters after rectification: [  456.71499633789062 456.71499633789062 364.52615356445312 257.268798828125 ]
	-Sequence FPS: 20
	-Stereo baseline: 0.11007784307003021
	-Stereo depth threshold : 60
	-Gyro noise: 0.00016999999934341758
	-Accelerometer noise: 0.0020000000949949026
	-Gyro walk: 1.9392999092815444e-05
	-Accelerometer walk: 0.0030000000260770321
	-IMU frequency: 200
	-Features per image: 1200
	-ORB scale factor: 1.2000000476837158
	-ORB number of scales: 8
	-Initial FAST threshold: 20
	-Min FAST threshold: 7


Loading ORB Vocabulary. This could take a while...
Vocabulary loaded!

Initialization of Atlas from scratch 
Creation of new map with id: 0
Creation of new map with last KF id: 0
Seq. Name: 
There are 1 cameras in the atlas
Camera 0 is pinhole
SLAM Started at System Time: 1734429411.74575
not IMU meas
not IMU meas
not enough acceleration
not enough acceleration
First KF:0; Map init KF:0
New Map created with 487 points
Active map: 0
Fail to track local map!
IMU is not or recently initialized. Reseting active map...
LM: Active map reset recieved
LM: Active map reset, waiting...
LM: Reseting current map in Local Mapping...
LM: End reseting Local Mapping...
LM: Reset free the mutex
LM: Active map reset, Done!!!
mnFirstFrameId = 4
mnInitialFrameId = 0
11 Frames set to lost
not IMU meas
First KF:3; Map init KF:0
New Map created with 91 points
Active map: 0
Fail to track local map!
IMU is not or recently initialized. Reseting active map...
LM: Active map reset recieved
LM: Active map reset, waiting...
LM: Reseting current map in Local Mapping...
LM: End reseting Local Mapping...
LM: Reset free the mutex
LM: Active map reset, Done!!!
mnFirstFrameId = 16
mnInitialFrameId = 14
15 Frames set to lost
not IMU meas
First KF:4; Map init KF:3
New Map created with 199 points
Active map: 0
Fail to track local map!
IMU is not or recently initialized. Reseting active map...
LM: Active map reset recieved
LM: Active map reset, waiting...
LM: Reseting current map in Local Mapping...
LM: End reseting Local Mapping...
LM: Reset free the mutex
LM: Active map reset, Done!!!
mnFirstFrameId = 21
mnInitialFrameId = 19
20 Frames set to lost
not IMU meas
not enough acceleration
not enough acceleration
not enough acceleration
not enough acceleration
First KF:5; Map init KF:4
New Map created with 699 points
Active map: 0
Dropping frame 1403636581.3635557
Dropping frame 1403636581.5635555
Dropping frame 1403636581.6635556
Dropping frame 1403636581.7635555
Dropping frame 1403636581.9635556
Fail to track local map!
IMU is not or recently initialized. Reseting active map...
LM: Active map reset recieved
LM: Active map reset, waiting...
LM: Reseting current map in Local Mapping...
LM: End reseting Local Mapping...
LM: Reset free the mutex
LM: Active map reset, Done!!!
mnFirstFrameId = 31
mnInitialFrameId = 25
31 Frames set to lost
not IMU meas
Dropping frame 1403636582.1635556
First KF:8; Map init KF:5
New Map created with 194 points
Active map: 0
Dropping frame 1403636582.3635557
Fail to track local map!
IMU is not or recently initialized. Reseting active map...
LM: Active map reset recieved
LM: Active map reset, waiting...
LM: Reseting current map in Local Mapping...
LM: End reseting Local Mapping...
LM: Reset free the mutex
LM: Active map reset, Done!!!
mnFirstFrameId = 43
mnInitialFrameId = 41
41 Frames set to lost
not IMU meas
not enough acceleration
First KF:11; Map init KF:8
New Map created with 534 points
Active map: 0
Dropping frame 1403636583.4635556
Dropping frame 1403636583.5635555
Dropping frame 1403636583.7635555
Fail to track local map!
IMU is not or recently initialized. Reseting active map...
LM: Active map reset recieved
LM: Active map reset, waiting...
LM: Reseting current map in Local Mapping...
LM: End reseting Local Mapping...
LM: Reset free the mutex
LM: Active map reset, Done!!!
mnFirstFrameId = 55
mnInitialFrameId = 52
58 Frames set to lost
not IMU meas
First KF:15; Map init KF:11
New Map created with 159 points
Active map: 0
Dropping frame 1403636584.0635555
Fail to track local map!
IMU is not or recently initialized. Reseting active map...
Dropping frame 1403636584.5135555
LM: Active map reset recieved
LM: Active map reset, waiting...
LM: Reseting current map in Local Mapping...
LM: End reseting Local Mapping...
LM: Reset free the mutex
LM: Active map reset, Done!!!
mnFirstFrameId = 73
mnInitialFrameId = 71
69 Frames set to lost
not IMU meas
not enough acceleration
not enough acceleration
First KF:18; Map init KF:15
New Map created with 522 points
Active map: 0
Dropping frame 1403636585.0135555
Dropping frame 1403636586.0635555
Dropping frame 1403636586.3135555
Dropping frame 1403636586.5135555
Dropping frame 1403636588.2135556
start VIBA 1
end VIBA 1
Dropping frame 1403636592.3135555
Dropping frame 1403636594.2135556
start VIBA 2
end VIBA 2
Dropping frame 1403636628.0135555
Dropping frame 1403636628.5635555
Dropping frame 1403636629.6135554
Dropping frame 1403636630.2135556
Dropping frame 1403636630.8635557
Dropping frame 1403636633.3635557
Dropping frame 1403636633.4635556
Dropping frame 1403636635.8135555
Dropping frame 1403636636.0635555
Dropping frame 1403636636.2635555
Dropping frame 1403636636.3635557
Dropping frame 1403636636.4635556
Dropping frame 1403636637.0135555
Dropping frame 1403636639.5635555
Dropping frame 1403636643.9135554
Dropping frame 1403636645.2635555
Dropping frame 1403636645.6135554
Dropping frame 1403636647.0635555
Dropping frame 1403636647.5635555
Dropping frame 1403636647.6635556
Dropping frame 1403636648.2135556
Dropping frame 1403636649.1135554
Dropping frame 1403636649.5635555
Dropping frame 1403636651.1135554
Dropping frame 1403636651.2135556
Dropping frame 1403636651.7635555
Dropping frame 1403636651.9635556
Dropping frame 1403636654.0635555
Dropping frame 1403636655.5635555
Dropping frame 1403636655.9135554
Dropping frame 1403636656.5635555
Dropping frame 1403636659.0135555
Dropping frame 1403636660.6135554
Dropping frame 1403636662.1135554
Dropping frame 1403636665.7635555
Dropping frame 1403636666.0135555
Dropping frame 1403636666.4135554
Fail to track local map!
Fail to track local map!
Fail to track local map!
Fail to track local map!
Fail to track local map!
Fail to track local map!
Dropping frame 1403636674.1135554
Dropping frame 1403636674.7135556
Dropping frame 1403636677.7135556
Dropping frame 1403636678.0635555
Dropping frame 1403636682.1635556
Dropping frame 1403636682.5635555
Dropping frame 1403636683.1635556
Dropping frame 1403636684.6635556
Dropping frame 1403636685.2135556
Dropping frame 1403636686.5135555
Dropping frame 1403636688.6135554
Dropping frame 1403636689.1135554
Dropping frame 1403636689.2135556
Dropping frame 1403636689.5635555
Dropping frame 1403636689.9635556
Dropping frame 1403636690.0635555
Dropping frame 1403636690.4635556
Dropping frame 1403636690.8135555
Dropping frame 1403636691.2135556
Dropping frame 1403636691.7135556
Dropping frame 1403636691.8135555
Dropping frame 1403636692.4135554
Dropping frame 1403636692.5135555
Dropping frame 1403636692.9135554
Dropping frame 1403636693.4635556
Dropping frame 1403636696.8635557
Dropping frame 1403636697.2635555
Dropping frame 1403636697.3635557
Dropping frame 1403636697.6135554
Dropping frame 1403636698.0135555
Dropping frame 1403636698.1135554
Dropping frame 1403636698.3135555
Dropping frame 1403636698.4635556
Dropping frame 1403636699.0635555
Dropping frame 1403636699.5635555
Dropping frame 1403636700.3635557
Dropping frame 1403636701.0135555
Dropping frame 1403636701.2635555
Dropping frame 1403636701.3635557
Dropping frame 1403636702.4135554
Dropping frame 1403636704.1635556
Dropping frame 1403636705.9135554
Dropping frame 1403636706.0635555
Dropping frame 1403636706.4635556
Dropping frame 1403636706.6635556
Dropping frame 1403636706.7635555
Dropping frame 1403636706.9135554
Dropping frame 1403636707.1135554
Dropping frame 1403636707.2135556
Dropping frame 1403636707.3135555
Dropping frame 1403636707.7135556
Dropping frame 1403636707.9135554
Dropping frame 1403636708.2135556
Dropping frame 1403636708.4635556
Dropping frame 1403636708.6135554
Dropping frame 1403636708.9135554
Dropping frame 1403636709.2635555
Dropping frame 1403636709.6135554
Dropping frame 1403636709.7135556
Dropping frame 1403636709.9635556
Dropping frame 1403636710.2135556
Dropping frame 1403636710.6135554
Dropping frame 1403636710.7635555
Dropping frame 1403636711.0135555
Dropping frame 1403636711.5135555
Dropping frame 1403636711.8135555
Dropping frame 1403636712.0135555
Dropping frame 1403636712.3635557
Dropping frame 1403636712.4635556
Dropping frame 1403636712.6135554
Dropping frame 1403636713.6135554
Dropping frame 1403636714.2635555
Dropping frame 1403636715.5135555
Dropping frame 1403636716.6635556
Dropping frame 1403636717.4135554
Dropping frame 1403636717.6635556
Dropping frame 1403636718.1635556
Dropping frame 1403636718.3135555
Dropping frame 1403636718.5135555
Dropping frame 1403636718.7135556
Dropping frame 1403636718.9635556
Dropping frame 1403636719.0635555
Dropping frame 1403636719.1635556
Dropping frame 1403636719.3635557
Dropping frame 1403636719.5635555
Dropping frame 1403636719.7635555
Dropping frame 1403636719.8635557
Dropping frame 1403636720.3135555
Dropping frame 1403636720.6135554
Dropping frame 1403636720.7135556
Dropping frame 1403636721.0635555
Dropping frame 1403636721.1635556
Dropping frame 1403636721.4635556
Dropping frame 1403636721.5635555
Dropping frame 1403636721.7635555
Dropping frame 1403636722.1635556
Dropping frame 1403636722.2635555
Dropping frame 1403636722.6635556
Dropping frame 1403636722.7635555
Dropping frame 1403636722.9135554
Dropping frame 1403636723.2135556
Dropping frame 1403636723.4135554
Dropping frame 1403636723.5135555
Dropping frame 1403636723.8135555
Dropping frame 1403636723.9135554
Dropping frame 1403636724.3135555
Dropping frame 1403636724.5635555
Dropping frame 1403636724.7635555
Dropping frame 1403636725.0135555
Dropping frame 1403636725.1135554
Dropping frame 1403636725.4135554
Dropping frame 1403636725.5135555
Dropping frame 1403636725.6135554
Dropping frame 1403636725.9635556
Dropping frame 1403636726.1635556
Dropping frame 1403636726.2635555
Dropping frame 1403636726.4135554
Dropping frame 1403636726.5135555
Dropping frame 1403636726.7135556
Dropping frame 1403636726.8135555
Dropping frame 1403636727.0635555
Dropping frame 1403636727.1635556
Dropping frame 1403636727.3635557
Dropping frame 1403636727.4635556
Dropping frame 1403636727.8635557
Dropping frame 1403636729.1135554
Dropping frame 1403636729.8635557
Dropping frame 1403636730.2135556
Dropping frame 1403636730.9135554
Dropping frame 1403636731.3135555
Dropping frame 1403636731.4135554
Dropping frame 1403636731.6635556
Dropping frame 1403636732.2635555
Dropping frame 1403636732.7135556
Dropping frame 1403636732.8135555
Dropping frame 1403636733.4135554
Dropping frame 1403636733.6635556
Dropping frame 1403636733.7635555
Dropping frame 1403636734.0635555
Dropping frame 1403636734.1635556
Dropping frame 1403636734.4135554
Dropping frame 1403636734.5135555
Dropping frame 1403636735.0135555
Dropping frame 1403636735.1135554
Dropping frame 1403636735.3635557
Dropping frame 1403636735.5135555
Dropping frame 1403636735.7135556
Dropping frame 1403636736.0635555
Dropping frame 1403636736.2635555
Dropping frame 1403636736.4635556
Dropping frame 1403636736.5635555
Dropping frame 1403636736.6635556
Dropping frame 1403636736.8635557
Dropping frame 1403636736.9635556
Dropping frame 1403636737.0635555
Dropping frame 1403636737.2635555
Dropping frame 1403636737.3635557
Dropping frame 1403636737.4635556
Dropping frame 1403636737.6635556
Dropping frame 1403636737.8635557
Dropping frame 1403636737.9635556
Dropping frame 1403636738.0635555
Dropping frame 1403636738.1635556
Dropping frame 1403636738.3635557
Dropping frame 1403636738.6135554
*Loop detected
phi =  0.013970752413032859  0.012910234835991971 -0.012854453600086494
BAD LOOP!!!
Dropping frame 1403636738.7135556
Dropping frame 1403636738.8135555
Dropping frame 1403636739.1135554
*Loop detected
phi =  0.0081709346456904416  0.0093590701041004389 0.00069260582671334275
BAD LOOP!!!
Dropping frame 1403636739.3135555
*Loop detected
phi =    0.010861423484919204     0.01408933749809174 -0.00080314361772980045
BAD LOOP!!!
Dropping frame 1403636739.4135554
Dropping frame 1403636739.5135555
Dropping frame 1403636739.6135554
*Loop detected
phi =  0.018195551881580049  0.017041056527365536 0.0043371709014717562
BAD LOOP!!!
Dropping frame 1403636739.9135554
Dropping frame 1403636740.1135554
Dropping frame 1403636740.2135556
Dropping frame 1403636740.3135555
Dropping frame 1403636740.4135554
Dropping frame 1403636740.6635556
Dropping frame 1403636740.8635557
Dropping frame 1403636740.9635556
Dropping frame 1403636741.0635555
Dropping frame 1403636741.2635555
Dropping frame 1403636741.3635557
Dropping frame 1403636741.4635556
Dropping frame 1403636741.5635555
Dropping frame 1403636741.6635556
Dropping frame 1403636741.9635556
Dropping frame 1403636742.1635556
Dropping frame 1403636742.2635555
Dropping frame 1403636742.3635557
Dropping frame 1403636742.4635556
Dropping frame 1403636742.8135555
Dropping frame 1403636743.0135555
Dropping frame 1403636743.1135554
Dropping frame 1403636743.3135555
Dropping frame 1403636743.4135554
Dropping frame 1403636743.5135555
Dropping frame 1403636743.6135554
Dropping frame 1403636743.8635557
Dropping frame 1403636743.9635556
Dropping frame 1403636744.0635555
Dropping frame 1403636744.2635555
Dropping frame 1403636744.4635556
Dropping frame 1403636744.5635555
Dropping frame 1403636744.6635556
Dropping frame 1403636744.7635555
Dropping frame 1403636744.8635557
Dropping frame 1403636745.0635555
Dropping frame 1403636745.2635555
Dropping frame 1403636745.3635557
Dropping frame 1403636745.6635556
Dropping frame 1403636745.8635557
Dropping frame 1403636746.0135555
Dropping frame 1403636746.2635555
Dropping frame 1403636746.3635557
Dropping frame 1403636746.4635556
Dropping frame 1403636746.6635556
Dropping frame 1403636746.7635555
Dropping frame 1403636747.0635555
Dropping frame 1403636747.2635555
Dropping frame 1403636747.3635557
Dropping frame 1403636747.4635556
Dropping frame 1403636747.5635555
Dropping frame 1403636747.8135555
Dropping frame 1403636748.0135555
Dropping frame 1403636748.2135556
Dropping frame 1403636748.3135555
Dropping frame 1403636748.4135554
Dropping frame 1403636748.5135555
Dropping frame 1403636748.8135555
Dropping frame 1403636748.9135554
Dropping frame 1403636749.0135555
Dropping frame 1403636749.2135556
Dropping frame 1403636749.4135554
Dropping frame 1403636749.5135555
Dropping frame 1403636749.7135556
Dropping frame 1403636749.9135554
Dropping frame 1403636750.0135555
Dropping frame 1403636750.1135554
Dropping frame 1403636750.3135555
Dropping frame 1403636750.5135555
Dropping frame 1403636750.6135554
Dropping frame 1403636750.7135556
Dropping frame 1403636750.8135555
Dropping frame 1403636751.0135555
Dropping frame 1403636751.2635555
Dropping frame 1403636751.5135555
Dropping frame 1403636751.7135556
Dropping frame 1403636751.8135555
Dropping frame 1403636751.9135554
Dropping frame 1403636752.0135555
Dropping frame 1403636752.1135554
Dropping frame 1403636752.2135556
Dropping frame 1403636752.3135555
Dropping frame 1403636752.5135555
Dropping frame 1403636752.6135554
Dropping frame 1403636752.7135556
Dropping frame 1403636752.8135555
Dropping frame 1403636752.9135554
Dropping frame 1403636753.0135555
Dropping frame 1403636753.1135554
Dropping frame 1403636753.5635555
Dropping frame 1403636753.9135554
Dropping frame 1403636754.0135555
Dropping frame 1403636754.3135555
Dropping frame 1403636754.4135554
Dropping frame 1403636754.5135555
Dropping frame 1403636754.6135554
Dropping frame 1403636754.7635555
Dropping frame 1403636755.0135555
Dropping frame 1403636755.1135554
Dropping frame 1403636755.4635556
Dropping frame 1403636755.5635555
Dropping frame 1403636755.9635556
Dropping frame 1403636756.0635555
Dropping frame 1403636756.1635556
*Loop detected
phi =  0.0097407175140785743   0.018101577461475851 -0.0017630408430673763
BAD LOOP!!!
Dropping frame 1403636756.4635556
*Loop detected
phi = 0.011694802289722975 0.015491260313087205 0.003184449167298588
BAD LOOP!!!
*Loop detected
phi =   0.013577241110103118   0.016243552446944927 -0.0051482153529033795
BAD LOOP!!!
Dropping frame 1403636756.9135554
Dropping frame 1403636757.0135555
Dropping frame 1403636757.1135554
Dropping frame 1403636757.2135556
Dropping frame 1403636757.5635555
Dropping frame 1403636757.7635555
Dropping frame 1403636757.8635557
Dropping frame 1403636757.9635556
Dropping frame 1403636758.0635555
Dropping frame 1403636758.2635555
Dropping frame 1403636758.3635557
Dropping frame 1403636758.4635556
Dropping frame 1403636758.5635555
*Loop detected
phi =  0.031483737363943796  0.023464426775717296 0.0056456092754776114
BAD LOOP!!!
Dropping frame 1403636758.8135555
*Loop detected
phi =   0.034430379439248149    0.01334350327535311 -0.0021370071687910447
BAD LOOP!!!
Dropping frame 1403636758.9135554
Dropping frame 1403636759.0635555
Dropping frame 1403636759.2635555
Dropping frame 1403636759.3635557
Dropping frame 1403636759.4635556
Dropping frame 1403636759.5635555
Dropping frame 1403636759.7135556
Dropping frame 1403636759.8635557
Dropping frame 1403636760.0635555
Dropping frame 1403636760.2635555
Dropping frame 1403636760.3635557
Dropping frame 1403636760.4635556
Dropping frame 1403636760.5635555
Dropping frame 1403636760.6635556
Dropping frame 1403636760.8135555
Dropping frame 1403636760.9635556
Dropping frame 1403636761.2635555
Dropping frame 1403636761.3635557
Dropping frame 1403636761.4635556
Dropping frame 1403636761.7135556
Dropping frame 1403636761.9135554
Dropping frame 1403636762.0135555
Dropping frame 1403636762.1135554
Dropping frame 1403636762.2135556
Dropping frame 1403636762.3135555
Dropping frame 1403636762.5135555
Dropping frame 1403636762.7135556
Dropping frame 1403636762.8135555
Dropping frame 1403636762.9135554
Dropping frame 1403636763.1635556
Dropping frame 1403636763.3635557
Dropping frame 1403636763.4635556
Dropping frame 1403636763.5635555
Dropping frame 1403636763.7635555
Shutdown
SLAM Finished at System Time: 1734429627.3645

 TIME STATS in ms (mean$\pm$std)
OpenCV version: 4.8.1
---------------------------
Tracking

ORB Extraction: 13.367$\pm$1.5547
Stereo Matching: 6.9109$\pm$2.353
IMU Preintegration: 0.24538$\pm$0.1127
Pose Prediction: 0.28636$\pm$1.0622
LM Track: 17.377$\pm$4.9193
New KF decision: 0.94581$\pm$1.8981
Total Tracking: 35.691$\pm$18.564



Local Mapping

KF Insertion: 11.86$\pm$5.1523
MP Culling: 0.4069$\pm$0.21894
MP Creation: 38.306$\pm$17.709
LBA: 133.96$\pm$57.642
KF Culling: 11.155$\pm$8.9556
Total Local Mapping: 193.38$\pm$83.665
---------------------------

LBA complexity (mean$\pm$std)
LBA Edges: 1637.6$\pm$688.15
LBA KF optimized: 4.7143$\pm$1.906
LBA KF fixed: 1.3571$\pm$0.71785
LBA MP: nan$\pm$nan

LBA executions: 647
LBA aborts: 0
---------------------------

Map complexity
KFs in map: 232
MPs in map: 20377
---------------------------

Place Recognition (mean$\pm$std)
Database Query: 1.6892$\pm$1.0376
SE3 estimation: 24.398$\pm$17.058
Total Place Recognition: 19.399$\pm$19.14


Loop Closing (mean$\pm$std)
Loop Fusion: nan$\pm$nan
Essential Graph: nan$\pm$nan
Total Loop Closing: nan$\pm$nan

Num exec: 0
Number of KFs: nan$\pm$nan

Map Merging (mean$\pm$std)
Merge Maps: nan$\pm$nan
Welding BA: nan$\pm$nan
Optimization Ess.: nan$\pm$nan
Total Map Merging: nan$\pm$nan

Num exec: 0
Number of KFs: nan$\pm$nan
Number of MPs: nan$\pm$nan

Full GBA (mean$\pm$std)
GBA: nan$\pm$nan
Map Update: nan$\pm$nan
Total Full GBA: nan$\pm$nan

Num exec: 0
Num abort: 0
Number of KFs: nan$\pm$nan
Number of MPs: nan$\pm$nan

Saving trajectory to f_dataset-MH01_stereo_imu.txt ...
There are 1 maps in the atlas
  Map 0 has 232 KFs

End of saving trajectory to f_dataset-MH01_stereo_imu.txt ...

Saving keyframe trajectory to kf_dataset-MH01_stereo_imu.txt ...
