num_seq = 1
file name: dataset-MH05_stereo_imu
Loading images for sequence 0...LOADED!
Loading IMU for sequence 0...LOADED!

-------

ORB-SLAM3 Copyright (C) 2017-2020 Carlos Campos, Richard Elvira, Juan J. Gómez, José M.M. Montiel and Juan D. Tardós, University of Zaragoza.
ORB-SLAM2 Copyright (C) 2014-2016 Raúl Mur-Artal, José M.M. Montiel and Juan D. Tardós, University of Zaragoza.
This program comes with ABSOLUTELY NO WARRANTY;
This is free software, and you are welcome to redistribute it
under certain conditions. See LICENSE.txt.

Built with REGISTER_TIMES
Git Commit Hash: 42e930e

Compiled with C++ version: 201703

Input sensor was set to: Stereo-Inertial
Loading settings from ./Examples/Stereo-Inertial/EuRoC_fov_deadlines_mask_4x4.yaml
	-Loaded camera 1
	-Loaded camera 2
	-Loaded image info
	-Loaded IMU calibration
	-Loaded ORB settings
	-Loaded viewer settings
	-Loaded Atlas settings
Deadlines enabled, will skip frames!
FOV enabled
Static mask size: 4x4
Dumping map points enabled
	-Loaded misc parameters
	-Computed rectification maps
----------------------------------
SLAM settings: 
	-Camera 1 parameters (Pinhole): [ 458.65399169921875 457.29598999023438 367.21499633789062 248.375 ]
	-Camera 1 distortion parameters: [  -0.28340810537338257 0.073959067463874817 0.00019359000725671649 1.7618711353861727e-05 ]
	-Camera 2 parameters (Pinhole: [ 457.58700561523438 456.13400268554688 379.99899291992188 255.23800659179688 ]
	-Camera 1 distortion parameters: [  -0.2836836576461792 0.074512839317321777 -0.00010473000293131918 -3.555907096597366e-05 ]
	-Original image size: [ 752 , 480 ]
	-Current image size: [ 752 , 480 ]
	-Camera 1 parameters after rectification: [  456.71499633789062 456.71499633789062 364.52615356445312 257.268798828125 ]
	-Sequence FPS: 20
	-Stereo baseline: 0.11007784307003021
	-Stereo depth threshold : 60
	-Gyro noise: 0.00016999999934341758
	-Accelerometer noise: 0.0020000000949949026
	-Gyro walk: 1.9392999092815444e-05
	-Accelerometer walk: 0.0030000000260770321
	-IMU frequency: 200
	-Features per image: 1200
	-ORB scale factor: 1.2000000476837158
	-ORB number of scales: 8
	-Initial FAST threshold: 20
	-Min FAST threshold: 7


Loading ORB Vocabulary. This could take a while...
Vocabulary loaded!

Initialization of Atlas from scratch 
Creation of new map with id: 0
Creation of new map with last KF id: 0
Seq. Name: 
There are 1 cameras in the atlas
Camera 0 is pinhole
SLAM Started at System Time: 1734506411.04432
not IMU meas
not IMU meas
not enough acceleration
not enough acceleration
not enough acceleration
not enough acceleration
not enough acceleration
not enough acceleration
not enough acceleration
not enough acceleration
not enough acceleration
not enough acceleration
not enough acceleration
not enough acceleration
not enough acceleration
not enough acceleration
not enough acceleration
not enough acceleration
not enough acceleration
not enough acceleration
not enough acceleration
not enough acceleration
not enough acceleration
not enough acceleration
not enough acceleration
not enough acceleration
not enough acceleration
not enough acceleration
not enough acceleration
not enough acceleration
not enough acceleration
not enough acceleration
not enough acceleration
not enough acceleration
not enough acceleration
not enough acceleration
not enough acceleration
not enough acceleration
not enough acceleration
not enough acceleration
not enough acceleration
not enough acceleration
not enough acceleration
not enough acceleration
not enough acceleration
not enough acceleration
not enough acceleration
not enough acceleration
not enough acceleration
not enough acceleration
not enough acceleration
not enough acceleration
not enough acceleration
not enough acceleration
not enough acceleration
not enough acceleration
not enough acceleration
not enough acceleration
not enough acceleration
not enough acceleration
not enough acceleration
not enough acceleration
not enough acceleration
not enough acceleration
not enough acceleration
not enough acceleration
not enough acceleration
not enough acceleration
not enough acceleration
not enough acceleration
not enough acceleration
not enough acceleration
not enough acceleration
not enough acceleration
not enough acceleration
not enough acceleration
not enough acceleration
not enough acceleration
not enough acceleration
not enough acceleration
First KF:0; Map init KF:0
New Map created with 82 points
Active map: 0
Dropping frame 1403638523.8278296
Dropping frame 1403638524.0278294
Dropping frame 1403638525.4278295
Dropping frame 1403638525.8278296
Dropping frame 1403638526.3278296
Dropping frame 1403638526.9278295
start VIBA 1
end VIBA 1
Dropping frame 1403638528.8278296
Dropping frame 1403638529.6278296
Dropping frame 1403638529.7278295
Dropping frame 1403638529.8278296
Dropping frame 1403638530.9278295
Not enough motion for initializing. Reseting...
TRACK: Reset map because local mapper set the bad imu flag 
LM: Active map reset recieved
LM: Active map reset, waiting...
LM: Reseting current map in Local Mapping...
LM: End reseting Local Mapping...
LM: Reset free the mutex
LM: Active map reset, Done!!!
mnFirstFrameId = 80
mnInitialFrameId = 0
168 Frames set to lost
not IMU meas
First KF:41; Map init KF:0
New Map created with 99 points
Active map: 0
Dropping frame 1403638532.2278295
Not enough motion for initializing. Reseting...
TRACK: Reset map because local mapper set the bad imu flag 
LM: Reseting current map in Local Mapping...
LM: End reseting Local Mapping...
LM: Reset free the mutex
LM: Active map reset recieved
LM: Active map reset, waiting...
LM: Reseting current map in Local Mapping...
LM: End reseting Local Mapping...
LM: Reset free the mutex
LM: Active map reset, Done!!!
mnFirstFrameId = 250
mnInitialFrameId = 248
223 Frames set to lost
not IMU meas
not enough acceleration
not enough acceleration
not enough acceleration
not enough acceleration
not enough acceleration
not enough acceleration
not enough acceleration
not enough acceleration
not enough acceleration
not enough acceleration
not enough acceleration
not enough acceleration
not enough acceleration
not enough acceleration
not enough acceleration
not enough acceleration
not enough acceleration
not enough acceleration
not enough acceleration
not enough acceleration
not enough acceleration
not enough acceleration
not enough acceleration
not enough acceleration
not enough acceleration
not enough acceleration
not enough acceleration
not enough acceleration
not enough acceleration
not enough acceleration
not enough acceleration
not enough acceleration
not enough acceleration
not enough acceleration
not enough acceleration
not enough acceleration
not enough acceleration
not enough acceleration
not enough acceleration
not enough acceleration
not enough acceleration
not enough acceleration
not enough acceleration
not enough acceleration
not enough acceleration
not enough acceleration
not enough acceleration
not enough acceleration
not enough acceleration
not enough acceleration
not enough acceleration
not enough acceleration
not enough acceleration
not enough acceleration
not enough acceleration
not enough acceleration
not enough acceleration
not enough acceleration
not enough acceleration
not enough acceleration
not enough acceleration
not enough acceleration
not enough acceleration
not enough acceleration
not enough acceleration
not enough acceleration
not enough acceleration
not enough acceleration
not enough acceleration
not enough acceleration
not enough acceleration
not enough acceleration
not enough acceleration
not enough acceleration
not enough acceleration
not enough acceleration
not enough acceleration
not enough acceleration
not enough acceleration
not enough acceleration
not enough acceleration
not enough acceleration
not enough acceleration
not enough acceleration
not enough acceleration
not enough acceleration
not enough acceleration
not enough acceleration
not enough acceleration
not enough acceleration
not enough acceleration
not enough acceleration
not enough acceleration
not enough acceleration
not enough acceleration
First KF:52; Map init KF:41
New Map created with 113 points
Active map: 0
Dropping frame 1403638542.9278295
start VIBA 1
end VIBA 1
Dropping frame 1403638546.2778294
Dropping frame 1403638546.6778293
Dropping frame 1403638547.0778294
Dropping frame 1403638547.8778293
Dropping frame 1403638548.3778293
Dropping frame 1403638548.4778295
Dropping frame 1403638548.9278295
Dropping frame 1403638549.0278294
Dropping frame 1403638550.4278295
Dropping frame 1403638550.6278296
Dropping frame 1403638551.3278296
Dropping frame 1403638552.8278296
Dropping frame 1403638552.9278295
Dropping frame 1403638553.1778293
Dropping frame 1403638553.2778294
Dropping frame 1403638553.3778293
Dropping frame 1403638553.4778295
start VIBA 2
Dropping frame 1403638554.1278296
end VIBA 2
Dropping frame 1403638555.1278296
Dropping frame 1403638555.9278295
Dropping frame 1403638556.0278294
Dropping frame 1403638556.1278296
Dropping frame 1403638556.2278295
Dropping frame 1403638556.4278295
Dropping frame 1403638556.6278296
Dropping frame 1403638556.8278296
Dropping frame 1403638557.0278294
Dropping frame 1403638557.1278296
Dropping frame 1403638557.4278295
Dropping frame 1403638558.0278294
Dropping frame 1403638558.9778295
Dropping frame 1403638559.0778294
Dropping frame 1403638559.3278296
Dropping frame 1403638559.4778295
Dropping frame 1403638560.0278294
Dropping frame 1403638560.2278295
Dropping frame 1403638560.4278295
Dropping frame 1403638560.6278296
Dropping frame 1403638560.7278295
Dropping frame 1403638560.8278296
Dropping frame 1403638561.0278294
Dropping frame 1403638561.1778293
Dropping frame 1403638561.3778293
Dropping frame 1403638561.5278294
Dropping frame 1403638561.7278295
Dropping frame 1403638561.8278296
Dropping frame 1403638561.9278295
Dropping frame 1403638562.1278296
Dropping frame 1403638562.3278296
Dropping frame 1403638562.4278295
Dropping frame 1403638562.5778294
Dropping frame 1403638562.9278295
Dropping frame 1403638563.0278294
Dropping frame 1403638563.5778294
Dropping frame 1403638563.6778293
Dropping frame 1403638563.7778294
Dropping frame 1403638563.9778295
Dropping frame 1403638564.1278296
Dropping frame 1403638564.2778294
Dropping frame 1403638564.4778295
Dropping frame 1403638564.7278295
Dropping frame 1403638564.8278296
Dropping frame 1403638565.0278294
Dropping frame 1403638565.2278295
Dropping frame 1403638565.3278296
Dropping frame 1403638565.6278296
Dropping frame 1403638565.7278295
Dropping frame 1403638565.9778295
Dropping frame 1403638566.0778294
Dropping frame 1403638566.3778293
Dropping frame 1403638566.7278295
Dropping frame 1403638567.6278296
Dropping frame 1403638568.3778293
Dropping frame 1403638568.7778294
Dropping frame 1403638568.8778293
Dropping frame 1403638569.2778294
Dropping frame 1403638569.4778295
Dropping frame 1403638569.7778294
Dropping frame 1403638569.8778293
Dropping frame 1403638570.2778294
Dropping frame 1403638570.5278294
Dropping frame 1403638570.9778295
Dropping frame 1403638571.9278295
Dropping frame 1403638572.1278296
Dropping frame 1403638572.4278295
Dropping frame 1403638572.8778293
Dropping frame 1403638573.4778295
Dropping frame 1403638573.6778293
Dropping frame 1403638573.9778295
Dropping frame 1403638577.0778294
Dropping frame 1403638577.1778293
Dropping frame 1403638577.4778295
Dropping frame 1403638577.8778293
Dropping frame 1403638578.1278296
Dropping frame 1403638578.3278296
Dropping frame 1403638578.6278296
Dropping frame 1403638578.8278296
Dropping frame 1403638578.9278295
Dropping frame 1403638579.1778293
Dropping frame 1403638579.4278295
Dropping frame 1403638579.5278294
Dropping frame 1403638579.7778294
Dropping frame 1403638580.0278294
Dropping frame 1403638580.2278295
Dropping frame 1403638580.4278295
Dropping frame 1403638580.9278295
Dropping frame 1403638581.0278294
Dropping frame 1403638581.1278296
Dropping frame 1403638581.3778293
Dropping frame 1403638581.4778295
Dropping frame 1403638581.9778295
Dropping frame 1403638582.2778294
Dropping frame 1403638582.7278295
Dropping frame 1403638583.1278296
Dropping frame 1403638584.3278296
*Loop detected
phi =  -0.018679013781964383 0.00094283593994943236   0.015700176808540429
BAD LOOP!!!
*Loop detected
phi = -0.0097255349517733642 -0.0017579867910638692  0.0090575771858055574
BAD LOOP!!!
*Loop detected
phi = -0.0068795565132912717  0.0022379655346641248  0.0074289599714499758
Local Mapping STOP
Local Mapping RELEASE
Local Mapping STOP
Local Mapping RELEASE
Dropping frame 1403638613.2278295
Dropping frame 1403638616.7278295
Dropping frame 1403638617.2778294
Dropping frame 1403638617.4778295
Dropping frame 1403638617.7278295
Dropping frame 1403638618.4278295
Dropping frame 1403638618.6778293
Dropping frame 1403638618.8278296
Dropping frame 1403638619.0278294
Dropping frame 1403638619.1778293
Dropping frame 1403638619.7278295
Dropping frame 1403638620.0278294
Dropping frame 1403638620.2778294
Dropping frame 1403638620.3778293
*Loop detected
phi =   0.04631061756518131 -0.065403961716773526 -0.033381721074411716
BAD LOOP!!!
Dropping frame 1403638620.4778295
*Loop detected
phi =  0.035904912952439534 -0.014026149912316519 -0.032350852112144737
BAD LOOP!!!
Dropping frame 1403638620.6778293
Dropping frame 1403638620.7778294
Dropping frame 1403638620.8778293
*Loop detected
phi =   0.037048360756506298 -0.0077810672299841645  -0.019997922823461436
BAD LOOP!!!
*Loop detected
phi =   0.026683346089243165 -0.0096435294055721554  -0.026318212439789455
BAD LOOP!!!
Dropping frame 1403638621.1278296
*Loop detected
phi =   0.034429208988822013 -0.0038737525160595283 -0.0091700574964029644
BAD LOOP!!!
Dropping frame 1403638621.4778295
Dropping frame 1403638621.6278296
*Loop detected
phi =   0.025436424975156663 -0.0065249908085431713  -0.010197166183960616
BAD LOOP!!!
Dropping frame 1403638621.8278296
*Loop detected
phi =   0.028308350007172745 -0.0035047130603061247 -0.0062053581307041665
BAD LOOP!!!
Dropping frame 1403638622.0778294
*Loop detected
phi =  0.017875051356808978 0.0021478421345285238 0.0016423107555748159
BAD LOOP!!!
*Loop detected
phi =   0.023212702991177281 -0.0059533791588673411 -0.0071787192031182809
BAD LOOP!!!
Dropping frame 1403638622.5778294
Dropping frame 1403638622.6778293
*Loop detected
phi =   0.039668956801834028 -0.0099076847054827815   0.001690764212979455
BAD LOOP!!!
Dropping frame 1403638622.9778295
*Loop detected
phi = 0.022218833000855993 0.011299950955547814 0.018360625195279569
BAD LOOP!!!
Dropping frame 1403638623.2778294
*Loop detected
phi =   0.02114553397925293 0.0045642017078546329 -0.012846717658068194
BAD LOOP!!!
Dropping frame 1403638623.7778294
*Loop detected
phi = -0.0015732935123616541  0.0053660013087881058  -0.021646956431835753
Local Mapping STOP
Dropping frame 1403638623.8778293
Local Mapping RELEASE
Dropping frame 1403638624.2278295
Dropping frame 1403638624.3778293
Dropping frame 1403638624.4778295
Dropping frame 1403638624.8278296
Dropping frame 1403638625.1778293
Dropping frame 1403638625.2778294
Dropping frame 1403638625.6778293
Dropping frame 1403638625.8278296
Dropping frame 1403638626.8778293
Dropping frame 1403638627.3278296
Dropping frame 1403638628.1278296
Dropping frame 1403638628.2278295
Dropping frame 1403638628.3278296
Dropping frame 1403638628.5278294
Dropping frame 1403638628.6278296
Dropping frame 1403638628.7778294
Shutdown
SLAM Finished at System Time: 1734506544.4509

 TIME STATS in ms (mean$\pm$std)
OpenCV version: 4.8.1
---------------------------
Tracking

ORB Extraction: 13.3$\pm$2.1485
Stereo Matching: 7.0227$\pm$2.3769
IMU Preintegration: 0.19355$\pm$0.094661
Pose Prediction: 0.44518$\pm$1.3139
LM Track: 15.182$\pm$4.9943
New KF decision: 0.96249$\pm$1.7203
Total Tracking: 34.662$\pm$16.647



Local Mapping

KF Insertion: 9.856$\pm$4.3337
MP Culling: 0.36388$\pm$0.21665
MP Creation: 31.49$\pm$14.357
LBA: 119.23$\pm$53.077
KF Culling: 8.612$\pm$7.402
Total Local Mapping: 169.76$\pm$76.375
---------------------------

LBA complexity (mean$\pm$std)
LBA Edges: 1684.7$\pm$1217.8
LBA KF optimized: 6.5$\pm$2.2913
LBA KF fixed: 1$\pm$0
LBA MP: nan$\pm$nan

LBA executions: 479
LBA aborts: 1
---------------------------

Map complexity
KFs in map: 210
MPs in map: 16688
---------------------------

Place Recognition (mean$\pm$std)
Database Query: 1.3356$\pm$0.84402
SE3 estimation: 21.382$\pm$16.32
Total Place Recognition: 17.214$\pm$17.646


Loop Closing (mean$\pm$std)
Loop Fusion: 123.92$\pm$80.731
Essential Graph: 125.25$\pm$11.45
Total Loop Closing: 252.44$\pm$92.71

Num exec: 2
Number of KFs: nan$\pm$nan

Map Merging (mean$\pm$std)
Merge Maps: nan$\pm$nan
Welding BA: nan$\pm$nan
Optimization Ess.: nan$\pm$nan
Total Map Merging: nan$\pm$nan

Num exec: 0
Number of KFs: nan$\pm$nan
Number of MPs: nan$\pm$nan

Full GBA (mean$\pm$std)
GBA: 1100$\pm$0
Map Update: 95.73$\pm$0
Total Full GBA: 1195.7$\pm$0

Num exec: 1
Num abort: 0
Number of KFs: 163$\pm$0
Number of MPs: 14652$\pm$0

Saving trajectory to f_dataset-MH05_stereo_imu.txt ...
There are 1 maps in the atlas
  Map 0 has 210 KFs

End of saving trajectory to f_dataset-MH05_stereo_imu.txt ...

Saving keyframe trajectory to kf_dataset-MH05_stereo_imu.txt ...
