num_seq = 1
file name: dataset-MH03_stereo_imu
Loading images for sequence 0...LOADED!
Loading IMU for sequence 0...LOADED!

-------

ORB-SLAM3 Copyright (C) 2017-2020 Carlos Campos, Richard Elvira, Juan J. Gómez, José M.M. Montiel and Juan D. Tardós, University of Zaragoza.
ORB-SLAM2 Copyright (C) 2014-2016 Raúl Mur-Artal, José M.M. Montiel and Juan D. Tardós, University of Zaragoza.
This program comes with ABSOLUTELY NO WARRANTY;
This is free software, and you are welcome to redistribute it
under certain conditions. See LICENSE.txt.

Built with REGISTER_TIMES
Git Commit Hash: 5ee9387

Compiled with C++ version: 201703

Input sensor was set to: Stereo-Inertial
Loading settings from ./Examples/Stereo-Inertial/EuRoC_fov_deadlines_mask_12x12.yaml
	-Loaded camera 1
	-Loaded camera 2
	-Loaded image info
	-Loaded IMU calibration
	-Loaded ORB settings
	-Loaded viewer settings
	-Loaded Atlas settings
Deadlines enabled, will skip frames!
FOV enabled
Static mask size: 12x12
Dumping map points enabled
	-Loaded misc parameters
	-Computed rectification maps
----------------------------------
SLAM settings: 
	-Camera 1 parameters (Pinhole): [ 458.65399169921875 457.29598999023438 367.21499633789062 248.375 ]
	-Camera 1 distortion parameters: [  -0.28340810537338257 0.073959067463874817 0.00019359000725671649 1.7618711353861727e-05 ]
	-Camera 2 parameters (Pinhole: [ 457.58700561523438 456.13400268554688 379.99899291992188 255.23800659179688 ]
	-Camera 1 distortion parameters: [  -0.2836836576461792 0.074512839317321777 -0.00010473000293131918 -3.555907096597366e-05 ]
	-Original image size: [ 752 , 480 ]
	-Current image size: [ 752 , 480 ]
	-Camera 1 parameters after rectification: [  456.71499633789062 456.71499633789062 364.52615356445312 257.268798828125 ]
	-Sequence FPS: 20
	-Stereo baseline: 0.11007784307003021
	-Stereo depth threshold : 60
	-Gyro noise: 0.00016999999934341758
	-Accelerometer noise: 0.0020000000949949026
	-Gyro walk: 1.9392999092815444e-05
	-Accelerometer walk: 0.0030000000260770321
	-IMU frequency: 200
	-Features per image: 1200
	-ORB scale factor: 1.2000000476837158
	-ORB number of scales: 8
	-Initial FAST threshold: 20
	-Min FAST threshold: 7


Loading ORB Vocabulary. This could take a while...
Vocabulary loaded!

Initialization of Atlas from scratch 
Creation of new map with id: 0
Creation of new map with last KF id: 0
Seq. Name: 
There are 1 cameras in the atlas
Camera 0 is pinhole
SLAM Started at System Time: 1734437543.76616
not IMU meas
not IMU meas
not enough acceleration
not enough acceleration
First KF:0; Map init KF:0
New Map created with 250 points
Active map: 0
Dropping frame 1403637130.8383191
Not enough motion for initializing. Reseting...
TRACK: Reset map because local mapper set the bad imu flag 
LM: Reseting current map in Local Mapping...
LM: End reseting Local Mapping...
LM: Reset free the mutex
LM: Active map reset recieved
LM: Active map reset, waiting...
LM: Reseting current map in Local Mapping...
LM: End reseting Local Mapping...
LM: Reset free the mutex
LM: Active map reset, Done!!!
mnFirstFrameId = 4
mnInitialFrameId = 0
50 Frames set to lost
not IMU meas
not enough acceleration
First KF:11; Map init KF:0
New Map created with 284 points
Active map: 0
Dropping frame 1403637133.638319
Dropping frame 1403637134.2883189
Dropping frame 1403637134.688319
Dropping frame 1403637134.8383191
Dropping frame 1403637135.0383191
Dropping frame 1403637135.2883189
Dropping frame 1403637135.5383191
Dropping frame 1403637136.188319
Dropping frame 1403637136.4883189
Dropping frame 1403637136.5883191
Dropping frame 1403637136.7883189
Dropping frame 1403637136.9383192
Dropping frame 1403637137.0883191
Dropping frame 1403637137.2883189
Dropping frame 1403637137.5383191
Dropping frame 1403637138.2883189
Dropping frame 1403637138.5383191
Dropping frame 1403637138.638319
start VIBA 1
Dropping frame 1403637138.8383191
end VIBA 1
Dropping frame 1403637138.9383192
Dropping frame 1403637139.0383191
Dropping frame 1403637139.2383192
Dropping frame 1403637139.3383191
Dropping frame 1403637139.4383192
Dropping frame 1403637139.688319
Not enough motion for initializing. Reseting...
TRACK: Reset map because local mapper set the bad imu flag 
LM: Reseting current map in Local Mapping...
LM: End reseting Local Mapping...
LM: Reset free the mutex
LM: Active map reset recieved
LM: Active map reset, waiting...
LM: Reseting current map in Local Mapping...
LM: End reseting Local Mapping...
LM: Reset free the mutex
LM: Active map reset, Done!!!
mnFirstFrameId = 57
mnInitialFrameId = 54
157 Frames set to lost
not IMU meas
not enough acceleration
First KF:39; Map init KF:11
New Map created with 287 points
Active map: 0
Dropping frame 1403637140.5383191
Dropping frame 1403637140.638319
Dropping frame 1403637140.7883189
Dropping frame 1403637140.9883189
Dropping frame 1403637141.188319
Dropping frame 1403637141.2883189
Dropping frame 1403637141.388319
Dropping frame 1403637141.5883191
Dropping frame 1403637141.7883189
Dropping frame 1403637141.9883189
Dropping frame 1403637142.138319
Dropping frame 1403637142.638319
Dropping frame 1403637143.0383191
Not enough motion for initializing. Reseting...
TRACK: Reset map because local mapper set the bad imu flag 
LM: Active map reset recieved
LM: Active map reset, waiting...
LM: Reseting current map in Local Mapping...
LM: End reseting Local Mapping...
LM: Reset free the mutex
LM: Active map reset, Done!!!
mnFirstFrameId = 167
mnInitialFrameId = 164
206 Frames set to lost
not IMU meas
not enough acceleration
not enough acceleration
not enough acceleration
Dropping frame 1403637143.5383191
not enough acceleration
not enough acceleration
not enough acceleration
not enough acceleration
Dropping frame 1403637143.7883189
not enough acceleration
not enough acceleration
not enough acceleration
not enough acceleration
not enough acceleration
not enough acceleration
not enough acceleration
not enough acceleration
not enough acceleration
not enough acceleration
not enough acceleration
not enough acceleration
not enough acceleration
not enough acceleration
not enough acceleration
not enough acceleration
First KF:50; Map init KF:39
New Map created with 296 points
Active map: 0
Dropping frame 1403637147.388319
Not enough motion for initializing. Reseting...
TRACK: Reset map because local mapper set the bad imu flag 
LM: Active map reset recieved
LM: Active map reset, waiting...
LM: Reseting current map in Local Mapping...
LM: End reseting Local Mapping...
LM: Reset free the mutex
LM: Active map reset, Done!!!
mnFirstFrameId = 241
mnInitialFrameId = 216
262 Frames set to lost
not IMU meas
not enough acceleration
not enough acceleration
not enough acceleration
not enough acceleration
not enough acceleration
not enough acceleration
not enough acceleration
not enough acceleration
not enough acceleration
not enough acceleration
not enough acceleration
not enough acceleration
not enough acceleration
not enough acceleration
not enough acceleration
not enough acceleration
not enough acceleration
not enough acceleration
not enough acceleration
not enough acceleration
not enough acceleration
not enough acceleration
not enough acceleration
not enough acceleration
not enough acceleration
not enough acceleration
Dropping frame 1403637148.888319
not enough acceleration
not enough acceleration
not enough acceleration
not enough acceleration
not enough acceleration
not enough acceleration
not enough acceleration
not enough acceleration
not enough acceleration
not enough acceleration
not enough acceleration
not enough acceleration
not enough acceleration
not enough acceleration
not enough acceleration
not enough acceleration
First KF:61; Map init KF:50
New Map created with 248 points
Active map: 0
Dropping frame 1403637154.9383192
Dropping frame 1403637155.0883191
Dropping frame 1403637155.2883189
start VIBA 1
end VIBA 1
Dropping frame 1403637155.5883191
Dropping frame 1403637155.7883189
Dropping frame 1403637155.9383192
Dropping frame 1403637156.0383191
Dropping frame 1403637156.138319
Dropping frame 1403637156.2383192
Dropping frame 1403637156.388319
Dropping frame 1403637156.4883189
Dropping frame 1403637156.5883191
Dropping frame 1403637156.688319
Dropping frame 1403637156.7883189
Dropping frame 1403637156.888319
Dropping frame 1403637156.9883189
Dropping frame 1403637157.138319
Dropping frame 1403637157.2883189
Dropping frame 1403637157.388319
Dropping frame 1403637157.4883189
Dropping frame 1403637157.638319
Dropping frame 1403637157.7883189
Dropping frame 1403637157.888319
Dropping frame 1403637157.9883189
Dropping frame 1403637158.0883191
Dropping frame 1403637158.188319
Dropping frame 1403637158.2883189
Dropping frame 1403637158.388319
Dropping frame 1403637158.4883189
Dropping frame 1403637158.5883191
Dropping frame 1403637158.688319
Dropping frame 1403637158.7883189
Dropping frame 1403637158.888319
Dropping frame 1403637158.9883189
Dropping frame 1403637159.0883191
Dropping frame 1403637159.2383192
Dropping frame 1403637159.3383191
Dropping frame 1403637159.4383192
Dropping frame 1403637159.5383191
Dropping frame 1403637159.638319
Dropping frame 1403637159.7883189
Dropping frame 1403637159.888319
Dropping frame 1403637159.9883189
Dropping frame 1403637160.0883191
Dropping frame 1403637160.2383192
Dropping frame 1403637160.3383191
Dropping frame 1403637160.4383192
Dropping frame 1403637160.5383191
Dropping frame 1403637160.638319
Dropping frame 1403637160.7383192
Dropping frame 1403637160.8383191
Dropping frame 1403637160.9383192
Dropping frame 1403637161.0383191
Dropping frame 1403637161.138319
Dropping frame 1403637161.2383192
Dropping frame 1403637161.3383191
Dropping frame 1403637161.4383192
Dropping frame 1403637161.5883191
Dropping frame 1403637161.688319
Dropping frame 1403637161.7883189
Dropping frame 1403637161.888319
Dropping frame 1403637161.9883189
Dropping frame 1403637162.0883191
Dropping frame 1403637162.188319
Dropping frame 1403637162.2883189
Dropping frame 1403637162.388319
Dropping frame 1403637162.688319
Dropping frame 1403637162.7883189
Dropping frame 1403637162.9883189
Dropping frame 1403637163.0883191
Dropping frame 1403637163.188319
Dropping frame 1403637163.388319
Dropping frame 1403637163.5383191
Dropping frame 1403637163.688319
Dropping frame 1403637163.888319
Dropping frame 1403637163.9883189
Dropping frame 1403637164.0883191
Dropping frame 1403637164.2883189
Dropping frame 1403637164.388319
Dropping frame 1403637164.5883191
Dropping frame 1403637164.7883189
Dropping frame 1403637164.9883189
start VIBA 2
Dropping frame 1403637165.188319
Dropping frame 1403637165.2883189
end VIBA 2
Dropping frame 1403637165.4883189
Dropping frame 1403637165.688319
Dropping frame 1403637165.888319
Dropping frame 1403637166.0883191
Dropping frame 1403637166.4383192
Dropping frame 1403637166.638319
Dropping frame 1403637166.7383192
Dropping frame 1403637166.9883189
Dropping frame 1403637167.188319
Dropping frame 1403637167.388319
Dropping frame 1403637167.5883191
Dropping frame 1403637167.688319
Dropping frame 1403637167.888319
Dropping frame 1403637167.9883189
Dropping frame 1403637168.188319
Dropping frame 1403637168.388319
Dropping frame 1403637168.5883191
Dropping frame 1403637168.7883189
Dropping frame 1403637168.9883189
Dropping frame 1403637169.188319
Dropping frame 1403637169.388319
Dropping frame 1403637169.5883191
Dropping frame 1403637169.7883189
Dropping frame 1403637169.9883189
Dropping frame 1403637170.188319
Dropping frame 1403637170.388319
Dropping frame 1403637170.7383192
Dropping frame 1403637170.8383191
Dropping frame 1403637171.0383191
Dropping frame 1403637171.2383192
Dropping frame 1403637171.4383192
Dropping frame 1403637171.638319
Dropping frame 1403637171.8383191
Dropping frame 1403637172.0883191
Dropping frame 1403637172.2883189
Dropping frame 1403637172.4883189
Dropping frame 1403637172.688319
Dropping frame 1403637172.7883189
Dropping frame 1403637172.9883189
Dropping frame 1403637173.188319
Dropping frame 1403637173.388319
Dropping frame 1403637173.5883191
Dropping frame 1403637173.7883189
Dropping frame 1403637173.9883189
Dropping frame 1403637174.188319
Dropping frame 1403637174.388319
Dropping frame 1403637174.5883191
Dropping frame 1403637174.7883189
Dropping frame 1403637174.9883189
Dropping frame 1403637175.188319
Dropping frame 1403637175.388319
Dropping frame 1403637175.638319
Dropping frame 1403637175.8383191
Dropping frame 1403637176.0383191
Dropping frame 1403637176.2383192
Dropping frame 1403637176.4383192
Dropping frame 1403637176.638319
Dropping frame 1403637176.8383191
Dropping frame 1403637177.0383191
Dropping frame 1403637177.2383192
Dropping frame 1403637177.3383191
Dropping frame 1403637177.4883189
Dropping frame 1403637177.7383192
Dropping frame 1403637177.9383192
Dropping frame 1403637178.0883191
Dropping frame 1403637178.2883189
Dropping frame 1403637178.4883189
Dropping frame 1403637178.688319
Dropping frame 1403637178.8383191
Dropping frame 1403637179.2383192
Dropping frame 1403637179.3383191
Dropping frame 1403637179.5383191
Dropping frame 1403637179.688319
Dropping frame 1403637180.0383191
Dropping frame 1403637180.2383192
Dropping frame 1403637180.388319
Dropping frame 1403637180.5883191
Dropping frame 1403637180.7883189
Dropping frame 1403637180.888319
Dropping frame 1403637181.138319
Dropping frame 1403637181.2383192
Dropping frame 1403637181.4883189
Dropping frame 1403637182.188319
Dropping frame 1403637182.4883189
Dropping frame 1403637182.7883189
Dropping frame 1403637183.0883191
Dropping frame 1403637183.188319
Dropping frame 1403637183.4883189
Dropping frame 1403637184.2883189
Dropping frame 1403637184.388319
Dropping frame 1403637184.688319
Dropping frame 1403637184.7883189
Dropping frame 1403637185.0383191
Dropping frame 1403637185.188319
Dropping frame 1403637185.388319
Dropping frame 1403637185.5383191
Dropping frame 1403637185.7383192
Dropping frame 1403637185.9383192
Dropping frame 1403637186.0383191
Dropping frame 1403637186.2883189
Dropping frame 1403637186.5383191
Dropping frame 1403637186.7883189
Dropping frame 1403637186.9383192
Dropping frame 1403637187.138319
Dropping frame 1403637187.2383192
Dropping frame 1403637187.3383191
Dropping frame 1403637187.5883191
Dropping frame 1403637187.688319
Dropping frame 1403637187.9883189
Dropping frame 1403637188.188319
Dropping frame 1403637188.3383191
Dropping frame 1403637188.5383191
Dropping frame 1403637188.688319
Dropping frame 1403637188.888319
Dropping frame 1403637188.9883189
Dropping frame 1403637189.0883191
Dropping frame 1403637189.2883189
Dropping frame 1403637189.388319
Dropping frame 1403637189.4883189
Dropping frame 1403637190.0383191
Dropping frame 1403637190.888319
Dropping frame 1403637191.0883191
Dropping frame 1403637191.388319
Dropping frame 1403637191.5383191
Dropping frame 1403637191.7383192
Dropping frame 1403637191.8383191
Dropping frame 1403637191.9383192
Dropping frame 1403637192.138319
Dropping frame 1403637192.2383192
Dropping frame 1403637192.3383191
Dropping frame 1403637192.5383191
Dropping frame 1403637192.8383191
Dropping frame 1403637192.9383192
Dropping frame 1403637193.2383192
Dropping frame 1403637193.3383191
Dropping frame 1403637193.5883191
Dropping frame 1403637193.688319
Dropping frame 1403637193.7883189
Dropping frame 1403637193.9883189
Dropping frame 1403637194.0883191
Dropping frame 1403637194.188319
Dropping frame 1403637194.388319
Dropping frame 1403637194.5883191
Dropping frame 1403637194.9383192
Dropping frame 1403637195.2883189
Dropping frame 1403637195.4883189
Dropping frame 1403637195.5883191
Dropping frame 1403637195.888319
Dropping frame 1403637195.9883189
Dropping frame 1403637196.188319
Dropping frame 1403637196.2883189
Dropping frame 1403637196.5383191
Dropping frame 1403637196.638319
Dropping frame 1403637196.7383192
Dropping frame 1403637196.9883189
Dropping frame 1403637197.0883191
Dropping frame 1403637197.2883189
Dropping frame 1403637197.9383192
Dropping frame 1403637198.388319
Dropping frame 1403637198.4883189
Dropping frame 1403637198.5883191
Dropping frame 1403637198.7883189
Dropping frame 1403637198.888319
Dropping frame 1403637198.9883189
Dropping frame 1403637199.0883191
Dropping frame 1403637199.2883189
Dropping frame 1403637199.388319
Dropping frame 1403637199.638319
Dropping frame 1403637199.7383192
Dropping frame 1403637199.8383191
Dropping frame 1403637200.0383191
Dropping frame 1403637200.138319
Dropping frame 1403637200.2383192
Dropping frame 1403637200.4383192
Dropping frame 1403637200.5383191
Dropping frame 1403637200.638319
Dropping frame 1403637200.8383191
Dropping frame 1403637200.9383192
Dropping frame 1403637201.0383191
Dropping frame 1403637201.2383192
Dropping frame 1403637201.3383191
Dropping frame 1403637201.4383192
Dropping frame 1403637201.638319
Dropping frame 1403637201.7383192
Dropping frame 1403637201.8383191
Dropping frame 1403637202.0383191
Dropping frame 1403637202.138319
Dropping frame 1403637202.2383192
Dropping frame 1403637202.4383192
Dropping frame 1403637202.638319
Dropping frame 1403637202.7383192
Dropping frame 1403637202.9383192
Dropping frame 1403637203.0383191
Dropping frame 1403637203.138319
Dropping frame 1403637203.2383192
Dropping frame 1403637203.4383192
Dropping frame 1403637203.5383191
Dropping frame 1403637203.638319
Dropping frame 1403637203.8383191
Dropping frame 1403637203.9383192
Dropping frame 1403637204.138319
Dropping frame 1403637204.2383192
Dropping frame 1403637204.3383191
Dropping frame 1403637204.5383191
Dropping frame 1403637204.638319
Dropping frame 1403637204.7383192
Dropping frame 1403637204.9383192
Dropping frame 1403637205.0383191
Dropping frame 1403637205.138319
Dropping frame 1403637205.3383191
Dropping frame 1403637205.4383192
Dropping frame 1403637205.638319
Dropping frame 1403637205.7383192
Dropping frame 1403637205.8383191
Dropping frame 1403637205.9383192
Dropping frame 1403637206.0383191
Dropping frame 1403637206.3383191
Dropping frame 1403637206.5383191
Dropping frame 1403637206.638319
Dropping frame 1403637206.7383192
Dropping frame 1403637206.9383192
Dropping frame 1403637207.8383191
Dropping frame 1403637207.9383192
Dropping frame 1403637208.138319
Dropping frame 1403637208.2383192
Dropping frame 1403637208.3383191
Dropping frame 1403637208.5383191
Dropping frame 1403637208.638319
Dropping frame 1403637208.7383192
Dropping frame 1403637208.9383192
Dropping frame 1403637209.138319
Dropping frame 1403637209.2383192
Dropping frame 1403637209.3383191
Dropping frame 1403637209.5883191
Dropping frame 1403637209.7883189
Dropping frame 1403637209.888319
Dropping frame 1403637209.9883189
Dropping frame 1403637210.0883191
Dropping frame 1403637210.2883189
Dropping frame 1403637210.388319
Dropping frame 1403637210.4883189
Dropping frame 1403637210.5883191
Dropping frame 1403637210.688319
Dropping frame 1403637210.7883189
Dropping frame 1403637210.9383192
Dropping frame 1403637211.0383191
Dropping frame 1403637211.138319
Dropping frame 1403637211.2883189
Dropping frame 1403637211.5383191
Dropping frame 1403637211.638319
Dropping frame 1403637211.7383192
Dropping frame 1403637211.8383191
Dropping frame 1403637212.0883191
Dropping frame 1403637212.188319
Dropping frame 1403637212.2883189
Dropping frame 1403637212.5883191
Dropping frame 1403637212.688319
Dropping frame 1403637212.7883189
Dropping frame 1403637212.888319
Dropping frame 1403637212.9883189
Dropping frame 1403637213.188319
Dropping frame 1403637213.5883191
Dropping frame 1403637213.9883189
Dropping frame 1403637214.0883191
Dropping frame 1403637214.2383192
Dropping frame 1403637214.388319
Dropping frame 1403637214.4883189
Dropping frame 1403637214.5883191
Dropping frame 1403637214.688319
Dropping frame 1403637214.8383191
Dropping frame 1403637215.0383191
Dropping frame 1403637215.2383192
Dropping frame 1403637215.3383191
Dropping frame 1403637215.4383192
Dropping frame 1403637215.5383191
Dropping frame 1403637215.7883189
Dropping frame 1403637215.9883189
Dropping frame 1403637216.0883191
Dropping frame 1403637216.188319
Dropping frame 1403637216.2883189
Dropping frame 1403637216.4883189
Dropping frame 1403637216.5883191
Dropping frame 1403637216.7883189
Dropping frame 1403637216.888319
Dropping frame 1403637216.9883189
Dropping frame 1403637217.188319
Dropping frame 1403637217.2883189
Dropping frame 1403637217.4883189
Dropping frame 1403637217.5883191
Dropping frame 1403637217.688319
Dropping frame 1403637217.888319
Dropping frame 1403637217.9883189
Dropping frame 1403637218.0883191
Dropping frame 1403637218.2883189
Dropping frame 1403637218.4883189
Dropping frame 1403637218.5883191
Dropping frame 1403637218.688319
Dropping frame 1403637218.7883189
Dropping frame 1403637218.9883189
Dropping frame 1403637219.0883191
Dropping frame 1403637219.188319
Dropping frame 1403637219.4383192
Dropping frame 1403637219.638319
Dropping frame 1403637219.8383191
Dropping frame 1403637219.9383192
Dropping frame 1403637220.138319
Dropping frame 1403637220.2383192
Dropping frame 1403637220.3383191
Dropping frame 1403637220.5383191
Dropping frame 1403637220.7383192
Dropping frame 1403637220.9383192
Dropping frame 1403637221.0383191
Dropping frame 1403637221.138319
Dropping frame 1403637221.2383192
Dropping frame 1403637221.4383192
Dropping frame 1403637221.638319
Dropping frame 1403637221.7383192
Dropping frame 1403637221.8383191
Dropping frame 1403637221.9383192
Dropping frame 1403637222.0383191
Dropping frame 1403637222.2383192
Dropping frame 1403637222.3383191
Dropping frame 1403637222.4383192
Dropping frame 1403637222.688319
Dropping frame 1403637222.888319
Dropping frame 1403637222.9883189
Dropping frame 1403637223.0883191
Dropping frame 1403637223.2883189
Dropping frame 1403637223.388319
Dropping frame 1403637223.8383191
Dropping frame 1403637224.0383191
Dropping frame 1403637224.2383192
Dropping frame 1403637224.3383191
Dropping frame 1403637224.4383192
Dropping frame 1403637224.638319
Dropping frame 1403637224.8383191
Dropping frame 1403637225.0383191
Dropping frame 1403637225.138319
Dropping frame 1403637225.2383192
Dropping frame 1403637225.3383191
Dropping frame 1403637225.4383192
Dropping frame 1403637225.5383191
Dropping frame 1403637225.638319
Dropping frame 1403637225.7383192
Dropping frame 1403637225.8383191
Dropping frame 1403637226.0883191
Dropping frame 1403637226.188319
Dropping frame 1403637226.2883189
Dropping frame 1403637226.388319
Dropping frame 1403637226.4883189
Dropping frame 1403637226.638319
Dropping frame 1403637226.7383192
Dropping frame 1403637226.9383192
Dropping frame 1403637227.0383191
Dropping frame 1403637227.138319
Dropping frame 1403637227.4883189
Dropping frame 1403637227.5883191
Dropping frame 1403637227.688319
Dropping frame 1403637227.888319
Dropping frame 1403637227.9883189
Dropping frame 1403637228.0883191
Dropping frame 1403637228.188319
Dropping frame 1403637228.2883189
Dropping frame 1403637228.4883189
Dropping frame 1403637228.7383192
Dropping frame 1403637228.8383191
Dropping frame 1403637229.2383192
Dropping frame 1403637229.4383192
Dropping frame 1403637229.5383191
Dropping frame 1403637229.7883189
Dropping frame 1403637229.9883189
Dropping frame 1403637230.188319
Dropping frame 1403637230.2883189
Dropping frame 1403637230.388319
Dropping frame 1403637230.5883191
Dropping frame 1403637230.688319
Dropping frame 1403637230.7883189
Dropping frame 1403637230.888319
Dropping frame 1403637231.138319
Dropping frame 1403637231.3383191
Dropping frame 1403637231.4383192
Dropping frame 1403637231.5383191
Dropping frame 1403637231.638319
Dropping frame 1403637231.7383192
Dropping frame 1403637231.9383192
Dropping frame 1403637232.138319
Dropping frame 1403637232.2383192
Dropping frame 1403637232.3383191
Dropping frame 1403637232.4383192
Dropping frame 1403637232.638319
Dropping frame 1403637232.8383191
Dropping frame 1403637233.0383191
Dropping frame 1403637233.138319
Dropping frame 1403637233.2383192
Dropping frame 1403637233.4383192
Dropping frame 1403637233.638319
Dropping frame 1403637233.8383191
Dropping frame 1403637233.9883189
Dropping frame 1403637234.188319
Dropping frame 1403637234.3383191
Dropping frame 1403637234.5383191
Dropping frame 1403637234.638319
Dropping frame 1403637235.0383191
Dropping frame 1403637235.138319
Dropping frame 1403637235.2883189
Dropping frame 1403637235.5883191
Dropping frame 1403637235.688319
Dropping frame 1403637235.9383192
Dropping frame 1403637236.138319
Dropping frame 1403637236.2383192
Dropping frame 1403637236.5883191
Dropping frame 1403637236.7883189
Dropping frame 1403637236.9383192
Dropping frame 1403637237.138319
Dropping frame 1403637237.3383191
Dropping frame 1403637237.4383192
Dropping frame 1403637238.0383191
Dropping frame 1403637238.138319
Dropping frame 1403637238.4383192
Dropping frame 1403637238.638319
Dropping frame 1403637238.7383192
Dropping frame 1403637238.9883189
Dropping frame 1403637239.138319
Dropping frame 1403637239.4383192
Dropping frame 1403637239.5383191
Dropping frame 1403637239.688319
Dropping frame 1403637239.9383192
Dropping frame 1403637240.0383191
Dropping frame 1403637240.188319
Dropping frame 1403637240.388319
Dropping frame 1403637240.638319
Dropping frame 1403637240.8383191
Dropping frame 1403637241.0383191
Dropping frame 1403637241.3383191
Dropping frame 1403637241.5383191
Dropping frame 1403637241.888319
Dropping frame 1403637242.188319
Dropping frame 1403637242.388319
Dropping frame 1403637242.7383192
Dropping frame 1403637242.9383192
Dropping frame 1403637243.138319
Dropping frame 1403637243.2383192
Dropping frame 1403637243.638319
Dropping frame 1403637243.8383191
Dropping frame 1403637243.9383192
Dropping frame 1403637244.188319
Dropping frame 1403637244.388319
Dropping frame 1403637244.5883191
Dropping frame 1403637244.688319
Dropping frame 1403637244.7883189
Dropping frame 1403637244.9883189
Dropping frame 1403637245.188319
Dropping frame 1403637245.638319
Dropping frame 1403637245.8383191
Dropping frame 1403637246.0383191
Dropping frame 1403637246.138319
Dropping frame 1403637246.2383192
Dropping frame 1403637246.4383192
Dropping frame 1403637246.638319
Dropping frame 1403637246.8383191
Dropping frame 1403637246.9383192
Dropping frame 1403637247.0383191
Dropping frame 1403637247.2383192
Dropping frame 1403637247.4383192
Dropping frame 1403637247.638319
Dropping frame 1403637247.7383192
Dropping frame 1403637247.8383191
Dropping frame 1403637248.0383191
Dropping frame 1403637248.138319
Dropping frame 1403637248.2383192
Dropping frame 1403637248.4383192
Dropping frame 1403637248.638319
Dropping frame 1403637248.7383192
Dropping frame 1403637248.8383191
Dropping frame 1403637249.0383191
Dropping frame 1403637249.2383192
Dropping frame 1403637249.4383192
Dropping frame 1403637249.638319
Dropping frame 1403637249.7383192
Dropping frame 1403637249.8383191
Dropping frame 1403637250.0383191
Dropping frame 1403637250.2383192
Dropping frame 1403637250.4383192
Dropping frame 1403637250.5383191
Dropping frame 1403637250.638319
Dropping frame 1403637250.8383191
Dropping frame 1403637251.0383191
Dropping frame 1403637251.138319
Dropping frame 1403637251.2383192
Dropping frame 1403637251.4383192
Dropping frame 1403637251.638319
Dropping frame 1403637251.8383191
Dropping frame 1403637251.9383192
Dropping frame 1403637252.0383191
Dropping frame 1403637252.2383192
Dropping frame 1403637252.4383192
Dropping frame 1403637252.638319
Dropping frame 1403637252.7383192
Dropping frame 1403637252.8383191
Dropping frame 1403637253.0383191
Dropping frame 1403637253.2383192
Dropping frame 1403637253.4383192
Dropping frame 1403637253.5383191
Dropping frame 1403637253.638319
Dropping frame 1403637253.8383191
Dropping frame 1403637254.0383191
Dropping frame 1403637254.138319
Dropping frame 1403637254.2383192
Dropping frame 1403637254.4383192
Dropping frame 1403637254.638319
Dropping frame 1403637254.8383191
Dropping frame 1403637255.0383191
Dropping frame 1403637255.2383192
Dropping frame 1403637255.3383191
Dropping frame 1403637255.4383192
Dropping frame 1403637255.5383191
Dropping frame 1403637255.638319
Dropping frame 1403637255.8383191
Dropping frame 1403637255.9383192
Dropping frame 1403637256.0383191
Dropping frame 1403637256.2383192
Dropping frame 1403637256.4383192
Dropping frame 1403637256.638319
Dropping frame 1403637256.7383192
Dropping frame 1403637256.8383191
Dropping frame 1403637257.0383191
Dropping frame 1403637257.138319
Dropping frame 1403637257.2383192
Dropping frame 1403637257.3383191
Dropping frame 1403637257.4383192
Dropping frame 1403637257.5883191
Dropping frame 1403637257.688319
Dropping frame 1403637257.7883189
Dropping frame 1403637257.888319
Dropping frame 1403637257.9883189
Dropping frame 1403637258.0883191
Dropping frame 1403637258.188319
Dropping frame 1403637258.2883189
Dropping frame 1403637258.388319
Dropping frame 1403637258.5383191
Dropping frame 1403637258.7383192
Dropping frame 1403637258.9383192
Dropping frame 1403637259.0383191
Dropping frame 1403637259.138319
Dropping frame 1403637259.3383191
Dropping frame 1403637259.5383191
Dropping frame 1403637259.7383192
Dropping frame 1403637259.8383191
Dropping frame 1403637259.9383192
Dropping frame 1403637260.138319
Dropping frame 1403637260.3383191
Dropping frame 1403637260.5383191
Dropping frame 1403637260.638319
Dropping frame 1403637260.7383192
Dropping frame 1403637260.9383192
Dropping frame 1403637261.0383191
Dropping frame 1403637261.138319
Dropping frame 1403637261.3383191
Dropping frame 1403637261.5383191
Dropping frame 1403637261.7383192
Dropping frame 1403637261.8383191
Dropping frame 1403637261.9383192
Dropping frame 1403637262.0383191
Dropping frame 1403637262.2383192
Dropping frame 1403637262.3383191
Dropping frame 1403637262.4383192
Dropping frame 1403637262.638319
Dropping frame 1403637262.8383191
Dropping frame 1403637263.0383191
Dropping frame 1403637263.2383192
Dropping frame 1403637263.3383191
Dropping frame 1403637263.4383192
Dropping frame 1403637263.638319
Dropping frame 1403637263.8383191
Dropping frame 1403637264.0383191
Dropping frame 1403637264.2383192
Dropping frame 1403637264.4383192
Dropping frame 1403637264.638319
Dropping frame 1403637264.7383192
Dropping frame 1403637264.9383192
Dropping frame 1403637265.138319
Dropping frame 1403637265.3383191
Dropping frame 1403637265.4383192
Shutdown
SLAM Finished at System Time: 1734437710.50355

 TIME STATS in ms (mean$\pm$std)
OpenCV version: 4.8.1
---------------------------
Tracking

ORB Extraction: 20.489$\pm$2.6582
Stereo Matching: 7.8278$\pm$1.991
IMU Preintegration: 0.23668$\pm$0.09141
Pose Prediction: 0.8153$\pm$1.936
LM Track: 18.971$\pm$6.5972
New KF decision: 1.4647$\pm$2.6195
Total Tracking: 31.543$\pm$27.467



Local Mapping

KF Insertion: 15.473$\pm$5.8418
MP Culling: 0.58605$\pm$0.26164
MP Creation: 46.87$\pm$19.408
LBA: 155.92$\pm$64.563
KF Culling: 15.098$\pm$10.5
Total Local Mapping: 231.84$\pm$93.221
---------------------------

LBA complexity (mean$\pm$std)
LBA Edges: 1686.3$\pm$625.35
LBA KF optimized: 6.5$\pm$2.2913
LBA KF fixed: 1$\pm$0
LBA MP: nan$\pm$nan

LBA executions: 441
LBA aborts: 0
---------------------------

Map complexity
KFs in map: 148
MPs in map: 11220
---------------------------

Place Recognition (mean$\pm$std)
Database Query: 2.2377$\pm$1.1633
SE3 estimation: 26.486$\pm$14.552
Total Place Recognition: 21.708$\pm$18.218


Loop Closing (mean$\pm$std)
Loop Fusion: nan$\pm$nan
Essential Graph: nan$\pm$nan
Total Loop Closing: nan$\pm$nan

Num exec: 0
Number of KFs: nan$\pm$nan

Map Merging (mean$\pm$std)
Merge Maps: nan$\pm$nan
Welding BA: nan$\pm$nan
Optimization Ess.: nan$\pm$nan
Total Map Merging: nan$\pm$nan

Num exec: 0
Number of KFs: nan$\pm$nan
Number of MPs: nan$\pm$nan

Full GBA (mean$\pm$std)
GBA: nan$\pm$nan
Map Update: nan$\pm$nan
Total Full GBA: nan$\pm$nan

Num exec: 0
Num abort: 0
Number of KFs: nan$\pm$nan
Number of MPs: nan$\pm$nan

Saving trajectory to f_dataset-MH03_stereo_imu.txt ...
There are 1 maps in the atlas
  Map 0 has 148 KFs

End of saving trajectory to f_dataset-MH03_stereo_imu.txt ...

Saving keyframe trajectory to kf_dataset-MH03_stereo_imu.txt ...
