num_seq = 1
file name: dataset-MH03_stereo_imu
Loading images for sequence 0...LOADED!
Loading IMU for sequence 0...LOADED!

-------

ORB-SLAM3 Copyright (C) 2017-2020 Carlos Campos, Richard Elvira, Juan J. Gómez, José M.M. Montiel and Juan D. Tardós, University of Zaragoza.
ORB-SLAM2 Copyright (C) 2014-2016 Raúl Mur-Artal, José M.M. Montiel and Juan D. Tardós, University of Zaragoza.
This program comes with ABSOLUTELY NO WARRANTY;
This is free software, and you are welcome to redistribute it
under certain conditions. See LICENSE.txt.

Built with REGISTER_TIMES
Git Commit Hash: 90f15d8

Input sensor was set to: Stereo-Inertial
Loading settings from ./Examples/Stereo-Inertial/EuRoC_fov_deadlines_mask_11x11.yaml
	-Loaded camera 1
	-Loaded camera 2
	-Loaded image info
	-Loaded IMU calibration
	-Loaded ORB settings
	-Loaded viewer settings
	-Loaded Atlas settings
Deadlines enabled, will skip frames!
FOV enabled
Static mask size: 11x11
Dumping map points enabled
	-Loaded misc parameters
	-Computed rectification maps
----------------------------------
SLAM settings: 
	-Camera 1 parameters (Pinhole): [ 458.65399169921875 457.29598999023438 367.21499633789062 248.375 ]
	-Camera 1 distortion parameters: [  -0.28340810537338257 0.073959067463874817 0.00019359000725671649 1.7618711353861727e-05 ]
	-Camera 2 parameters (Pinhole: [ 457.58700561523438 456.13400268554688 379.99899291992188 255.23800659179688 ]
	-Camera 1 distortion parameters: [  -0.2836836576461792 0.074512839317321777 -0.00010473000293131918 -3.555907096597366e-05 ]
	-Original image size: [ 752 , 480 ]
	-Current image size: [ 752 , 480 ]
	-Camera 1 parameters after rectification: [  456.71499633789062 456.71499633789062 364.52615356445312 257.268798828125 ]
	-Sequence FPS: 20
	-Stereo baseline: 0.11007784307003021
	-Stereo depth threshold : 60
	-Gyro noise: 0.00016999999934341758
	-Accelerometer noise: 0.0020000000949949026
	-Gyro walk: 1.9392999092815444e-05
	-Accelerometer walk: 0.0030000000260770321
	-IMU frequency: 200
	-Features per image: 1200
	-ORB scale factor: 1.2000000476837158
	-ORB number of scales: 8
	-Initial FAST threshold: 20
	-Min FAST threshold: 7


Loading ORB Vocabulary. This could take a while...
Vocabulary loaded!

Initialization of Atlas from scratch 
Creation of new map with id: 0
Creation of new map with last KF id: 0
Seq. Name: 
There are 1 cameras in the atlas
Camera 0 is pinhole
SLAM Started at System Time: 1732013552.09881
not IMU meas
not IMU meas
not enough acceleration
not enough acceleration
First KF:0; Map init KF:0
New Map created with 248 points
Active map: 0
Dropping frame 1403637130.8383191
Dropping frame 1403637132.0883191
Not enough motion for initializing. Reseting...
TRACK: Reset map because local mapper set the bad imu flag 
LM: Reseting current map in Local Mapping...
LM: End reseting Local Mapping...
LM: Reset free the mutex
LM: Active map reset recieved
LM: Active map reset, waiting...
LM: Reseting current map in Local Mapping...
LM: End reseting Local Mapping...
LM: Reset free the mutex
LM: Active map reset, Done!!!
mnFirstFrameId = 4
mnInitialFrameId = 0
51 Frames set to lost
not IMU meas
First KF:11; Map init KF:0
New Map created with 261 points
Active map: 0
Dropping frame 1403637133.7883189
Dropping frame 1403637134.388319
Dropping frame 1403637134.7383192
Dropping frame 1403637134.9383192
Dropping frame 1403637135.0883191
Dropping frame 1403637135.188319
Dropping frame 1403637135.5383191
Dropping frame 1403637135.9883189
Dropping frame 1403637136.188319
Dropping frame 1403637136.388319
Dropping frame 1403637136.688319
Dropping frame 1403637136.7883189
Dropping frame 1403637136.888319
Dropping frame 1403637137.0383191
Dropping frame 1403637137.188319
Dropping frame 1403637137.4883189
Dropping frame 1403637137.7383192
Dropping frame 1403637137.8383191
Dropping frame 1403637138.0883191
Dropping frame 1403637138.638319
start VIBA 1
end VIBA 1
Dropping frame 1403637138.8383191
Dropping frame 1403637138.9383192
Dropping frame 1403637139.138319
Dropping frame 1403637139.388319
Dropping frame 1403637139.4883189
Dropping frame 1403637139.5883191
Dropping frame 1403637139.7383192
Dropping frame 1403637139.9383192
Dropping frame 1403637140.0383191
Not enough motion for initializing. Reseting...
TRACK: Reset map because local mapper set the bad imu flag 
LM: Active map reset recieved
LM: Active map reset, waiting...
LM: Reseting current map in Local Mapping...
LM: End reseting Local Mapping...
LM: Reset free the mutex
LM: Active map reset, Done!!!
mnFirstFrameId = 57
mnInitialFrameId = 55
154 Frames set to lost
not IMU meas
Dropping frame 1403637140.188319
First KF:40; Map init KF:11
New Map created with 273 points
Active map: 0
Dropping frame 1403637140.388319
Dropping frame 1403637140.5883191
Dropping frame 1403637141.0383191
Dropping frame 1403637141.2883189
Dropping frame 1403637141.388319
Dropping frame 1403637141.4883189
Dropping frame 1403637141.7383192
Dropping frame 1403637142.0383191
Dropping frame 1403637142.2383192
Dropping frame 1403637142.3383191
Dropping frame 1403637142.5883191
Not enough motion for initializing. Reseting...
TRACK: Reset map because local mapper set the bad imu flag 
LM: Reseting current map in Local Mapping...
LM: End reseting Local Mapping...
LM: Reset free the mutex
LM: Active map reset recieved
LM: Active map reset, waiting...
LM: Reseting current map in Local Mapping...
LM: End reseting Local Mapping...
LM: Reset free the mutex
LM: Active map reset, Done!!!
mnFirstFrameId = 162
mnInitialFrameId = 160
202 Frames set to lost
not IMU meas
not enough acceleration
not enough acceleration
not enough acceleration
Dropping frame 1403637143.4383192
not enough acceleration
not enough acceleration
not enough acceleration
not enough acceleration
not enough acceleration
Dropping frame 1403637143.7383192
not enough acceleration
not enough acceleration
not enough acceleration
not enough acceleration
Dropping frame 1403637143.9883189
First KF:51; Map init KF:40
New Map created with 271 points
Active map: 0
Dropping frame 1403637144.2383192
Dropping frame 1403637144.5883191
Not enough motion for initializing. Reseting...
TRACK: Reset map because local mapper set the bad imu flag 
LM: Reseting current map in Local Mapping...
LM: End reseting Local Mapping...
LM: Reset free the mutex
LM: Active map reset recieved
LM: Active map reset, waiting...
LM: Reseting current map in Local Mapping...
LM: End reseting Local Mapping...
LM: Reset free the mutex
LM: Active map reset, Done!!!
mnFirstFrameId = 224
mnInitialFrameId = 210
258 Frames set to lost
not IMU meas
not enough acceleration
not enough acceleration
not enough acceleration
not enough acceleration
not enough acceleration
not enough acceleration
not enough acceleration
not enough acceleration
not enough acceleration
not enough acceleration
not enough acceleration
not enough acceleration
not enough acceleration
not enough acceleration
not enough acceleration
not enough acceleration
not enough acceleration
not enough acceleration
not enough acceleration
not enough acceleration
not enough acceleration
not enough acceleration
not enough acceleration
not enough acceleration
not enough acceleration
not enough acceleration
not enough acceleration
not enough acceleration
not enough acceleration
not enough acceleration
not enough acceleration
not enough acceleration
not enough acceleration
not enough acceleration
not enough acceleration
not enough acceleration
not enough acceleration
not enough acceleration
not enough acceleration
not enough acceleration
not enough acceleration
not enough acceleration
not enough acceleration
not enough acceleration
not enough acceleration
not enough acceleration
not enough acceleration
not enough acceleration
not enough acceleration
not enough acceleration
not enough acceleration
not enough acceleration
not enough acceleration
not enough acceleration
First KF:62; Map init KF:51
New Map created with 229 points
Active map: 0
start VIBA 1
Dropping frame 1403637155.4383192
end VIBA 1
Dropping frame 1403637155.7383192
Dropping frame 1403637156.0383191
Dropping frame 1403637156.188319
Dropping frame 1403637156.388319
Dropping frame 1403637156.638319
Dropping frame 1403637156.7383192
Dropping frame 1403637156.8383191
Dropping frame 1403637157.0883191
Dropping frame 1403637157.188319
Dropping frame 1403637157.388319
Dropping frame 1403637157.4883189
Dropping frame 1403637157.5883191
Dropping frame 1403637157.688319
Dropping frame 1403637157.888319
Dropping frame 1403637157.9883189
Dropping frame 1403637158.0883191
Dropping frame 1403637158.188319
Dropping frame 1403637158.2883189
Dropping frame 1403637158.388319
Dropping frame 1403637158.4883189
Dropping frame 1403637158.688319
Dropping frame 1403637158.8383191
Dropping frame 1403637158.9383192
Dropping frame 1403637159.0383191
Dropping frame 1403637159.188319
Dropping frame 1403637159.3383191
Dropping frame 1403637159.4383192
Dropping frame 1403637159.5883191
Dropping frame 1403637159.7383192
Dropping frame 1403637159.8383191
Dropping frame 1403637159.9383192
Dropping frame 1403637160.0383191
Dropping frame 1403637160.138319
Dropping frame 1403637160.2883189
Dropping frame 1403637160.4383192
Dropping frame 1403637160.5383191
Dropping frame 1403637160.638319
Dropping frame 1403637160.7383192
Dropping frame 1403637160.888319
Dropping frame 1403637160.9883189
Dropping frame 1403637161.0883191
Dropping frame 1403637161.2383192
Dropping frame 1403637161.3383191
Dropping frame 1403637161.4383192
Dropping frame 1403637161.5383191
Dropping frame 1403637161.7383192
Dropping frame 1403637161.8383191
Dropping frame 1403637161.9383192
Dropping frame 1403637162.0383191
Dropping frame 1403637162.138319
Dropping frame 1403637162.3383191
Dropping frame 1403637162.4383192
Dropping frame 1403637162.5883191
Dropping frame 1403637162.688319
Dropping frame 1403637162.7883189
Dropping frame 1403637162.888319
Dropping frame 1403637162.9883189
Dropping frame 1403637163.4383192
Dropping frame 1403637163.5383191
Dropping frame 1403637163.7883189
Dropping frame 1403637163.888319
Dropping frame 1403637164.188319
Dropping frame 1403637164.2883189
Dropping frame 1403637164.7383192
Dropping frame 1403637164.8383191
Dropping frame 1403637164.9383192
Dropping frame 1403637165.0383191
start VIBA 2
Dropping frame 1403637165.2383192
end VIBA 2
Dropping frame 1403637165.4383192
Dropping frame 1403637165.638319
Dropping frame 1403637165.7383192
Dropping frame 1403637165.8383191
Dropping frame 1403637165.9383192
Dropping frame 1403637166.138319
Dropping frame 1403637166.3383191
Dropping frame 1403637166.4383192
Dropping frame 1403637166.5383191
Dropping frame 1403637166.7383192
Dropping frame 1403637166.9383192
Dropping frame 1403637167.2883189
Dropping frame 1403637167.388319
Dropping frame 1403637167.4883189
Dropping frame 1403637167.688319
Dropping frame 1403637167.888319
Dropping frame 1403637168.0883191
Dropping frame 1403637168.2883189
Dropping frame 1403637168.4883189
Dropping frame 1403637168.688319
Dropping frame 1403637168.888319
Dropping frame 1403637169.188319
Dropping frame 1403637169.4383192
Dropping frame 1403637169.638319
Dropping frame 1403637169.8383191
Dropping frame 1403637169.9383192
Dropping frame 1403637170.188319
Dropping frame 1403637170.388319
Dropping frame 1403637170.5883191
Dropping frame 1403637170.688319
Dropping frame 1403637170.888319
Dropping frame 1403637170.9883189
Dropping frame 1403637171.188319
Dropping frame 1403637171.388319
Dropping frame 1403637171.5883191
Dropping frame 1403637171.7883189
Dropping frame 1403637171.9883189
Dropping frame 1403637172.2383192
Dropping frame 1403637172.3383191
Dropping frame 1403637172.688319
Dropping frame 1403637172.888319
Dropping frame 1403637173.0883191
Dropping frame 1403637173.3383191
Dropping frame 1403637173.5383191
Dropping frame 1403637173.7383192
Dropping frame 1403637173.8383191
Dropping frame 1403637174.0383191
Dropping frame 1403637174.2383192
Dropping frame 1403637174.4383192
Dropping frame 1403637174.638319
Dropping frame 1403637174.7383192
Dropping frame 1403637174.8383191
Dropping frame 1403637175.0383191
Dropping frame 1403637175.2383192
Dropping frame 1403637175.4383192
Dropping frame 1403637175.638319
Dropping frame 1403637175.8383191
Dropping frame 1403637176.138319
Dropping frame 1403637176.3383191
Dropping frame 1403637176.5883191
Dropping frame 1403637176.7883189
Dropping frame 1403637177.138319
Dropping frame 1403637177.3383191
Dropping frame 1403637177.4883189
Dropping frame 1403637177.7383192
Dropping frame 1403637177.9883189
Dropping frame 1403637178.188319
Dropping frame 1403637178.2883189
Dropping frame 1403637178.388319
Dropping frame 1403637178.638319
Dropping frame 1403637179.638319
Dropping frame 1403637180.0383191
Dropping frame 1403637180.2383192
Dropping frame 1403637180.7883189
Dropping frame 1403637180.9883189
Dropping frame 1403637181.0883191
Dropping frame 1403637181.4883189
Dropping frame 1403637181.8383191
Dropping frame 1403637181.9383192
Dropping frame 1403637182.2383192
Dropping frame 1403637182.638319
Dropping frame 1403637183.188319
Dropping frame 1403637183.7883189
Dropping frame 1403637184.138319
Dropping frame 1403637184.4383192
Dropping frame 1403637184.7383192
Dropping frame 1403637184.8383191
Dropping frame 1403637185.0883191
Dropping frame 1403637185.388319
Dropping frame 1403637185.4883189
Dropping frame 1403637185.7383192
Dropping frame 1403637186.0383191
Dropping frame 1403637186.138319
Dropping frame 1403637186.388319
Dropping frame 1403637186.4883189
Dropping frame 1403637186.688319
Dropping frame 1403637186.888319
Dropping frame 1403637186.9883189
Dropping frame 1403637187.0883191
Dropping frame 1403637187.3383191
Dropping frame 1403637187.4383192
Dropping frame 1403637187.5383191
Dropping frame 1403637187.7383192
Dropping frame 1403637187.8383191
Dropping frame 1403637187.9383192
Dropping frame 1403637188.138319
Dropping frame 1403637188.3383191
Dropping frame 1403637188.4383192
Dropping frame 1403637188.5383191
Dropping frame 1403637188.7883189
Dropping frame 1403637189.0883191
Dropping frame 1403637189.188319
Dropping frame 1403637189.4383192
Dropping frame 1403637189.638319
Dropping frame 1403637189.7883189
Dropping frame 1403637189.9883189
Dropping frame 1403637190.188319
Dropping frame 1403637190.4883189
Dropping frame 1403637190.5883191
Dropping frame 1403637190.8383191
Dropping frame 1403637190.9383192
Dropping frame 1403637191.188319
Dropping frame 1403637191.2883189
Dropping frame 1403637191.5383191
Dropping frame 1403637191.638319
Dropping frame 1403637191.7383192
Dropping frame 1403637191.9383192
Dropping frame 1403637192.0383191
Dropping frame 1403637192.3383191
Dropping frame 1403637192.688319
Dropping frame 1403637192.7883189
Dropping frame 1403637193.0383191
Dropping frame 1403637193.138319
Dropping frame 1403637193.7883189
Dropping frame 1403637193.9883189
Dropping frame 1403637194.138319
Dropping frame 1403637194.3383191
Dropping frame 1403637194.4383192
Dropping frame 1403637194.5383191
Dropping frame 1403637194.7383192
Dropping frame 1403637194.9383192
Dropping frame 1403637195.2883189
Dropping frame 1403637195.5383191
Dropping frame 1403637195.638319
Dropping frame 1403637195.7383192
Dropping frame 1403637195.9383192
Dropping frame 1403637196.0383191
Dropping frame 1403637196.2883189
Dropping frame 1403637196.4883189
Dropping frame 1403637196.688319
Dropping frame 1403637196.7883189
Dropping frame 1403637197.0383191
Dropping frame 1403637197.188319
Dropping frame 1403637197.388319
Dropping frame 1403637197.4883189
Dropping frame 1403637197.7383192
Dropping frame 1403637197.8383191
Dropping frame 1403637197.9383192
Dropping frame 1403637198.138319
Dropping frame 1403637198.2383192
Dropping frame 1403637198.3383191
Dropping frame 1403637198.5383191
Dropping frame 1403637198.638319
Dropping frame 1403637198.7383192
Dropping frame 1403637198.8383191
Dropping frame 1403637198.9383192
Dropping frame 1403637199.138319
Dropping frame 1403637199.2383192
Dropping frame 1403637199.3383191
Dropping frame 1403637199.5383191
Dropping frame 1403637199.638319
Dropping frame 1403637199.7383192
Dropping frame 1403637199.8383191
Dropping frame 1403637200.0383191
Dropping frame 1403637200.138319
Dropping frame 1403637200.2383192
Dropping frame 1403637200.4383192
Dropping frame 1403637200.5383191
Dropping frame 1403637200.638319
Dropping frame 1403637200.7383192
Dropping frame 1403637200.8383191
Dropping frame 1403637200.9383192
Dropping frame 1403637201.138319
Dropping frame 1403637201.2383192
Dropping frame 1403637201.3383191
Dropping frame 1403637201.5383191
Dropping frame 1403637201.638319
Dropping frame 1403637201.8383191
Dropping frame 1403637201.9383192
Dropping frame 1403637202.0383191
Dropping frame 1403637202.138319
Dropping frame 1403637202.3383191
Dropping frame 1403637202.4383192
Dropping frame 1403637202.5383191
Dropping frame 1403637202.638319
Dropping frame 1403637202.8383191
Dropping frame 1403637202.9383192
Dropping frame 1403637203.188319
Dropping frame 1403637203.388319
Dropping frame 1403637203.5883191
Dropping frame 1403637203.688319
Dropping frame 1403637203.7883189
Dropping frame 1403637203.888319
Dropping frame 1403637204.0883191
Dropping frame 1403637204.188319
Dropping frame 1403637204.2883189
Dropping frame 1403637204.388319
Dropping frame 1403637204.5383191
Dropping frame 1403637204.638319
Dropping frame 1403637204.7383192
Dropping frame 1403637204.8383191
Dropping frame 1403637205.0383191
Dropping frame 1403637205.138319
Dropping frame 1403637205.4383192
Dropping frame 1403637205.688319
Dropping frame 1403637205.8383191
Dropping frame 1403637205.9383192
Dropping frame 1403637206.2883189
Dropping frame 1403637206.388319
Dropping frame 1403637206.4883189
Dropping frame 1403637206.688319
Dropping frame 1403637206.7883189
Dropping frame 1403637206.888319
Dropping frame 1403637206.9883189
Dropping frame 1403637207.138319
Dropping frame 1403637207.2383192
Dropping frame 1403637207.3383191
Dropping frame 1403637207.638319
Dropping frame 1403637207.7383192
Dropping frame 1403637207.8383191
Dropping frame 1403637208.0383191
Dropping frame 1403637208.2383192
Dropping frame 1403637208.3383191
Dropping frame 1403637208.4383192
Dropping frame 1403637208.5383191
Dropping frame 1403637208.688319
Dropping frame 1403637208.7883189
Dropping frame 1403637208.9883189
Dropping frame 1403637209.0883191
Dropping frame 1403637209.2383192
Dropping frame 1403637209.3383191
Dropping frame 1403637209.5883191
Dropping frame 1403637209.7883189
Dropping frame 1403637209.888319
Dropping frame 1403637209.9883189
Dropping frame 1403637210.0883191
Dropping frame 1403637210.188319
Dropping frame 1403637210.388319
Dropping frame 1403637210.4883189
Dropping frame 1403637210.5883191
Dropping frame 1403637210.7383192
Dropping frame 1403637210.888319
Dropping frame 1403637211.0883191
Dropping frame 1403637211.188319
Dropping frame 1403637211.2883189
Dropping frame 1403637211.388319
Dropping frame 1403637211.4883189
Dropping frame 1403637211.638319
Dropping frame 1403637211.7383192
Dropping frame 1403637211.8383191
Dropping frame 1403637211.9383192
Dropping frame 1403637212.138319
Dropping frame 1403637212.2383192
Dropping frame 1403637212.3383191
Dropping frame 1403637212.4383192
Dropping frame 1403637212.5383191
Dropping frame 1403637212.638319
Dropping frame 1403637212.7383192
Dropping frame 1403637212.8383191
Dropping frame 1403637212.9383192
Dropping frame 1403637213.0383191
Dropping frame 1403637213.138319
Dropping frame 1403637213.3383191
Dropping frame 1403637213.4383192
Dropping frame 1403637213.5383191
Dropping frame 1403637213.638319
Dropping frame 1403637213.7383192
Dropping frame 1403637213.8383191
Dropping frame 1403637214.0383191
Dropping frame 1403637214.138319
Dropping frame 1403637214.2383192
Dropping frame 1403637214.3383191
Dropping frame 1403637214.4383192
Dropping frame 1403637214.638319
Dropping frame 1403637214.7383192
Dropping frame 1403637214.8383191
Dropping frame 1403637214.9383192
Dropping frame 1403637215.0383191
Dropping frame 1403637215.2383192
Dropping frame 1403637215.4383192
Dropping frame 1403637215.5383191
Dropping frame 1403637215.638319
Dropping frame 1403637215.7383192
Dropping frame 1403637215.9383192
Dropping frame 1403637216.0383191
Dropping frame 1403637216.138319
Dropping frame 1403637216.2383192
Dropping frame 1403637216.3383191
Dropping frame 1403637216.5383191
Dropping frame 1403637216.7383192
Dropping frame 1403637216.8383191
Dropping frame 1403637216.9383192
Dropping frame 1403637217.0383191
Dropping frame 1403637217.2383192
Dropping frame 1403637217.3383191
Dropping frame 1403637217.4383192
Dropping frame 1403637217.5383191
Dropping frame 1403637217.638319
Dropping frame 1403637217.8383191
Dropping frame 1403637218.0383191
Dropping frame 1403637218.138319
Dropping frame 1403637218.2383192
Dropping frame 1403637218.3383191
Dropping frame 1403637218.5383191
Dropping frame 1403637218.7383192
Dropping frame 1403637218.8383191
Dropping frame 1403637218.9383192
Dropping frame 1403637219.138319
Dropping frame 1403637219.2383192
Dropping frame 1403637219.3383191
Dropping frame 1403637219.5383191
Dropping frame 1403637219.7383192
Dropping frame 1403637219.9383192
Dropping frame 1403637220.0383191
Dropping frame 1403637220.138319
Dropping frame 1403637220.2383192
Dropping frame 1403637220.4383192
Dropping frame 1403637220.638319
Dropping frame 1403637220.8383191
Dropping frame 1403637220.9383192
Dropping frame 1403637221.0383191
Dropping frame 1403637221.2383192
Dropping frame 1403637221.4383192
Dropping frame 1403637221.638319
Dropping frame 1403637221.7383192
Dropping frame 1403637221.8383191
Dropping frame 1403637222.0383191
Dropping frame 1403637222.138319
Dropping frame 1403637222.2383192
Dropping frame 1403637222.4383192
Dropping frame 1403637222.638319
Dropping frame 1403637222.8383191
Dropping frame 1403637222.9383192
Dropping frame 1403637223.0383191
Dropping frame 1403637223.138319
Dropping frame 1403637223.3383191
Dropping frame 1403637223.4383192
Dropping frame 1403637223.5383191
Dropping frame 1403637223.638319
Dropping frame 1403637223.7383192
Dropping frame 1403637223.9383192
Dropping frame 1403637224.138319
Dropping frame 1403637224.2383192
Dropping frame 1403637224.3383191
Dropping frame 1403637224.4383192
Dropping frame 1403637224.638319
Dropping frame 1403637224.7383192
Dropping frame 1403637224.8383191
Dropping frame 1403637225.0383191
Dropping frame 1403637225.138319
Dropping frame 1403637225.3383191
Dropping frame 1403637225.4383192
Dropping frame 1403637225.5383191
Dropping frame 1403637225.7383192
Dropping frame 1403637225.8383191
Dropping frame 1403637225.9383192
Dropping frame 1403637226.138319
Dropping frame 1403637226.2383192
Dropping frame 1403637226.3383191
Dropping frame 1403637226.4383192
Dropping frame 1403637226.5383191
Dropping frame 1403637226.7383192
Dropping frame 1403637226.9383192
Dropping frame 1403637227.0883191
Dropping frame 1403637227.188319
Dropping frame 1403637227.388319
Dropping frame 1403637227.5883191
Dropping frame 1403637227.688319
Dropping frame 1403637227.7883189
Dropping frame 1403637228.0383191
Dropping frame 1403637228.2383192
Dropping frame 1403637228.3383191
Dropping frame 1403637228.4383192
Dropping frame 1403637228.688319
Dropping frame 1403637228.888319
Dropping frame 1403637229.0883191
Dropping frame 1403637229.188319
Dropping frame 1403637229.4383192
Dropping frame 1403637229.638319
Dropping frame 1403637229.7383192
Dropping frame 1403637229.8383191
Dropping frame 1403637230.138319
Dropping frame 1403637230.2383192
Dropping frame 1403637230.638319
Dropping frame 1403637230.8383191
Dropping frame 1403637230.9383192
Dropping frame 1403637231.0383191
Dropping frame 1403637231.138319
Dropping frame 1403637231.3383191
Dropping frame 1403637231.5383191
Dropping frame 1403637231.638319
Dropping frame 1403637231.7383192
Dropping frame 1403637231.888319
Dropping frame 1403637232.0383191
Dropping frame 1403637232.3383191
Dropping frame 1403637232.5383191
Dropping frame 1403637232.638319
Dropping frame 1403637232.7383192
Dropping frame 1403637232.9383192
Dropping frame 1403637233.0383191
Dropping frame 1403637233.2383192
Dropping frame 1403637233.5383191
Dropping frame 1403637233.7383192
Dropping frame 1403637233.9383192
Dropping frame 1403637234.0883191
Dropping frame 1403637234.2883189
Dropping frame 1403637234.4383192
Dropping frame 1403637234.638319
Dropping frame 1403637234.7383192
Dropping frame 1403637234.8383191
Dropping frame 1403637234.9383192
Dropping frame 1403637235.2383192
Dropping frame 1403637235.3383191
Dropping frame 1403637235.4383192
Dropping frame 1403637235.688319
Dropping frame 1403637235.888319
Dropping frame 1403637236.0883191
Dropping frame 1403637236.188319
Dropping frame 1403637236.4383192
Dropping frame 1403637236.638319
Dropping frame 1403637236.7383192
Dropping frame 1403637236.888319
Dropping frame 1403637237.0883191
Dropping frame 1403637237.388319
Dropping frame 1403637237.688319
Dropping frame 1403637237.888319
Dropping frame 1403637238.2383192
Dropping frame 1403637238.3383191
Dropping frame 1403637238.638319
Dropping frame 1403637238.8383191
Dropping frame 1403637239.0383191
Dropping frame 1403637239.138319
Dropping frame 1403637239.2383192
Dropping frame 1403637239.4883189
Dropping frame 1403637239.688319
Dropping frame 1403637239.888319
Dropping frame 1403637239.9883189
Dropping frame 1403637240.0883191
Dropping frame 1403637240.2883189
Dropping frame 1403637240.4883189
Dropping frame 1403637240.688319
Dropping frame 1403637240.7883189
Dropping frame 1403637240.888319
Dropping frame 1403637241.0883191
Dropping frame 1403637241.2883189
Dropping frame 1403637241.4883189
Dropping frame 1403637241.688319
Dropping frame 1403637242.138319
Dropping frame 1403637242.3383191
Dropping frame 1403637242.5883191
Dropping frame 1403637242.8383191
Dropping frame 1403637243.0383191
Dropping frame 1403637243.2383192
Dropping frame 1403637243.4383192
Dropping frame 1403637243.5383191
Dropping frame 1403637244.138319
Dropping frame 1403637244.388319
Dropping frame 1403637244.5883191
Dropping frame 1403637244.7883189
Dropping frame 1403637244.9883189
Dropping frame 1403637245.7383192
Dropping frame 1403637245.9383192
Dropping frame 1403637246.0383191
Dropping frame 1403637246.138319
Dropping frame 1403637246.3383191
Dropping frame 1403637246.5383191
Dropping frame 1403637246.638319
Dropping frame 1403637246.7383192
Dropping frame 1403637246.9383192
Dropping frame 1403637247.138319
Dropping frame 1403637247.3383191
Dropping frame 1403637247.5383191
Dropping frame 1403637247.638319
Dropping frame 1403637247.7383192
Dropping frame 1403637247.9383192
Dropping frame 1403637248.138319
Dropping frame 1403637248.3383191
Dropping frame 1403637248.5383191
Dropping frame 1403637248.638319
Dropping frame 1403637248.7383192
Dropping frame 1403637248.9383192
Dropping frame 1403637249.138319
Dropping frame 1403637249.2383192
Dropping frame 1403637249.3383191
Dropping frame 1403637249.4383192
Dropping frame 1403637249.638319
Dropping frame 1403637249.7383192
Dropping frame 1403637249.8383191
Dropping frame 1403637250.0383191
Dropping frame 1403637250.138319
Dropping frame 1403637250.2383192
Dropping frame 1403637250.4383192
Dropping frame 1403637250.638319
Dropping frame 1403637250.8383191
Dropping frame 1403637251.0383191
Dropping frame 1403637251.138319
Dropping frame 1403637251.2383192
Dropping frame 1403637251.4383192
Dropping frame 1403637251.638319
Dropping frame 1403637251.8383191
Dropping frame 1403637252.0383191
Dropping frame 1403637252.138319
Dropping frame 1403637252.3383191
Dropping frame 1403637252.5383191
Dropping frame 1403637252.7383192
Dropping frame 1403637252.9383192
Dropping frame 1403637253.0383191
Dropping frame 1403637253.138319
Dropping frame 1403637253.3383191
Dropping frame 1403637253.5383191
Dropping frame 1403637253.638319
Dropping frame 1403637253.7383192
Dropping frame 1403637253.8383191
Dropping frame 1403637254.0883191
Dropping frame 1403637254.188319
Dropping frame 1403637254.2883189
Dropping frame 1403637254.388319
Dropping frame 1403637254.5883191
Dropping frame 1403637254.688319
Dropping frame 1403637254.888319
Dropping frame 1403637255.0883191
Dropping frame 1403637255.188319
Dropping frame 1403637255.2883189
Dropping frame 1403637255.388319
Dropping frame 1403637255.4883189
Dropping frame 1403637255.7383192
Dropping frame 1403637255.9383192
Dropping frame 1403637256.138319
Dropping frame 1403637256.2383192
Dropping frame 1403637256.3383191
Dropping frame 1403637256.5383191
Dropping frame 1403637256.7383192
Dropping frame 1403637256.9383192
Dropping frame 1403637257.138319
Dropping frame 1403637257.2383192
Dropping frame 1403637257.4383192
Dropping frame 1403637257.638319
Dropping frame 1403637257.8383191
Dropping frame 1403637257.9383192
Dropping frame 1403637258.0383191
Dropping frame 1403637258.138319
Dropping frame 1403637258.2383192
Dropping frame 1403637258.4383192
Dropping frame 1403637258.638319
Dropping frame 1403637258.8383191
Dropping frame 1403637258.9383192
Dropping frame 1403637259.0383191
Dropping frame 1403637259.2383192
Dropping frame 1403637259.3383191
Dropping frame 1403637259.4383192
Dropping frame 1403637259.638319
Dropping frame 1403637259.8383191
Dropping frame 1403637260.0383191
Dropping frame 1403637260.2383192
Dropping frame 1403637260.3383191
Dropping frame 1403637260.5383191
Dropping frame 1403637260.7383192
Dropping frame 1403637260.8383191
Dropping frame 1403637260.9383192
Dropping frame 1403637261.138319
Dropping frame 1403637261.3383191
Dropping frame 1403637261.4383192
Dropping frame 1403637261.638319
Dropping frame 1403637261.8383191
Dropping frame 1403637261.9383192
Dropping frame 1403637262.0383191
Dropping frame 1403637262.138319
Dropping frame 1403637262.3383191
Dropping frame 1403637262.4383192
Dropping frame 1403637262.5383191
Dropping frame 1403637262.7383192
Dropping frame 1403637262.9383192
Dropping frame 1403637263.138319
Dropping frame 1403637263.3383191
Dropping frame 1403637263.5383191
Dropping frame 1403637263.638319
Dropping frame 1403637263.7383192
Dropping frame 1403637263.9383192
Dropping frame 1403637264.138319
Dropping frame 1403637264.3383191
Dropping frame 1403637264.4383192
Dropping frame 1403637264.638319
Dropping frame 1403637264.7383192
Dropping frame 1403637264.9383192
Dropping frame 1403637265.0383191
Dropping frame 1403637265.138319
Dropping frame 1403637265.3383191
Shutdown
SLAM Finished at System Time: 1732013718.76545

 TIME STATS in ms (mean$\pm$std)
OpenCV version: 4.8.1
---------------------------
Tracking

ORB Extraction: 19.886$\pm$2.6825
Stereo Matching: 8.2237$\pm$1.9882
IMU Preintegration: 0.24595$\pm$0.098728
Pose Prediction: 0.78525$\pm$1.8736
LM Track: 19.033$\pm$6.7345
New KF decision: 1.5082$\pm$2.6427
Total Tracking: 31.383$\pm$27.462



Local Mapping

KF Insertion: 15.381$\pm$6.0833
MP Culling: 0.58699$\pm$0.26472
MP Creation: 46.881$\pm$19.044
LBA: 153.62$\pm$70.999
KF Culling: 15.069$\pm$11.307
Total Local Mapping: 229.57$\pm$99.745
---------------------------

LBA complexity (mean$\pm$std)
LBA Edges: 1627.7$\pm$604.68
LBA KF optimized: 6.5$\pm$2.2913
LBA KF fixed: 1$\pm$0
LBA MP: nan$\pm$nan

LBA executions: 452
LBA aborts: 0
---------------------------

Map complexity
KFs in map: 148
MPs in map: 11284
---------------------------

Place Recognition (mean$\pm$std)
Database Query: 2.3121$\pm$1.3386
SE3 estimation: 26.062$\pm$17.244
Total Place Recognition: 21.444$\pm$19.939


Loop Closing (mean$\pm$std)
Loop Fusion: nan$\pm$nan
Essential Graph: nan$\pm$nan
Total Loop Closing: nan$\pm$nan

Num exec: 0
Number of KFs: nan$\pm$nan

Map Merging (mean$\pm$std)
Merge Maps: nan$\pm$nan
Welding BA: nan$\pm$nan
Optimization Ess.: nan$\pm$nan
Total Map Merging: nan$\pm$nan

Num exec: 0
Number of KFs: nan$\pm$nan
Number of MPs: nan$\pm$nan

Full GBA (mean$\pm$std)
GBA: nan$\pm$nan
Map Update: nan$\pm$nan
Total Full GBA: nan$\pm$nan

Num exec: 0
Num abort: 0
Number of KFs: nan$\pm$nan
Number of MPs: nan$\pm$nan

Saving trajectory to f_dataset-MH03_stereo_imu.txt ...
There are 1 maps in the atlas
  Map 0 has 148 KFs

End of saving trajectory to f_dataset-MH03_stereo_imu.txt ...

Saving keyframe trajectory to kf_dataset-MH03_stereo_imu.txt ...
