num_seq = 1
file name: dataset-MH04_stereo_imu
Loading images for sequence 0...LOADED!
Loading IMU for sequence 0...LOADED!

-------

ORB-SLAM3 Copyright (C) 2017-2020 Carlos Campos, Richard Elvira, Juan J. Gómez, José M.M. Montiel and Juan D. Tardós, University of Zaragoza.
ORB-SLAM2 Copyright (C) 2014-2016 Raúl Mur-Artal, José M.M. Montiel and Juan D. Tardós, University of Zaragoza.
This program comes with ABSOLUTELY NO WARRANTY;
This is free software, and you are welcome to redistribute it
under certain conditions. See LICENSE.txt.

Built with REGISTER_TIMES
Git Commit Hash: 42e930e

Compiled with C++ version: 201703

Input sensor was set to: Stereo-Inertial
Loading settings from ./Examples/Stereo-Inertial/EuRoC_fov_deadlines_mask_3x3.yaml
	-Loaded camera 1
	-Loaded camera 2
	-Loaded image info
	-Loaded IMU calibration
	-Loaded ORB settings
	-Loaded viewer settings
	-Loaded Atlas settings
Deadlines enabled, will skip frames!
FOV enabled
Static mask size: 3x3
Dumping map points enabled
	-Loaded misc parameters
	-Computed rectification maps
----------------------------------
SLAM settings: 
	-Camera 1 parameters (Pinhole): [ 458.65399169921875 457.29598999023438 367.21499633789062 248.375 ]
	-Camera 1 distortion parameters: [  -0.28340810537338257 0.073959067463874817 0.00019359000725671649 1.7618711353861727e-05 ]
	-Camera 2 parameters (Pinhole: [ 457.58700561523438 456.13400268554688 379.99899291992188 255.23800659179688 ]
	-Camera 1 distortion parameters: [  -0.2836836576461792 0.074512839317321777 -0.00010473000293131918 -3.555907096597366e-05 ]
	-Original image size: [ 752 , 480 ]
	-Current image size: [ 752 , 480 ]
	-Camera 1 parameters after rectification: [  456.71499633789062 456.71499633789062 364.52615356445312 257.268798828125 ]
	-Sequence FPS: 20
	-Stereo baseline: 0.11007784307003021
	-Stereo depth threshold : 60
	-Gyro noise: 0.00016999999934341758
	-Accelerometer noise: 0.0020000000949949026
	-Gyro walk: 1.9392999092815444e-05
	-Accelerometer walk: 0.0030000000260770321
	-IMU frequency: 200
	-Features per image: 1200
	-ORB scale factor: 1.2000000476837158
	-ORB number of scales: 8
	-Initial FAST threshold: 20
	-Min FAST threshold: 7


Loading ORB Vocabulary. This could take a while...
Vocabulary loaded!

Initialization of Atlas from scratch 
Creation of new map with id: 0
Creation of new map with last KF id: 0
Seq. Name: 
There are 1 cameras in the atlas
Camera 0 is pinhole
SLAM Started at System Time: 1734505438.78531
not IMU meas
not IMU meas
not enough acceleration
not enough acceleration
not enough acceleration
not enough acceleration
not enough acceleration
not enough acceleration
not enough acceleration
not enough acceleration
not enough acceleration
not enough acceleration
not enough acceleration
not enough acceleration
not enough acceleration
not enough acceleration
not enough acceleration
not enough acceleration
not enough acceleration
not enough acceleration
not enough acceleration
not enough acceleration
not enough acceleration
not enough acceleration
not enough acceleration
not enough acceleration
not enough acceleration
not enough acceleration
not enough acceleration
not enough acceleration
not enough acceleration
not enough acceleration
First KF:0; Map init KF:0
New Map created with 41 points
Active map: 0
Dropping frame 1403638130.5450969
Dropping frame 1403638130.7950971
Dropping frame 1403638131.145097
Fail to track local map!
IMU is not or recently initialized. Reseting active map...
LM: Active map reset recieved
LM: Active map reset, waiting...
LM: Reseting current map in Local Mapping...
LM: End reseting Local Mapping...
LM: Reset free the mutex
LM: Active map reset, Done!!!
mnFirstFrameId = 32
mnInitialFrameId = 0
47 Frames set to lost
not IMU meas
not enough acceleration
not enough acceleration
Dropping frame 1403638131.5450969
not enough acceleration
not enough acceleration
First KF:10; Map init KF:0
New Map created with 833 points
Active map: 0
Dropping frame 1403638132.145097
Dropping frame 1403638132.2450969
Dropping frame 1403638132.7950971
Dropping frame 1403638133.395097
Dropping frame 1403638133.4950972
Dropping frame 1403638133.695097
Dropping frame 1403638133.895097
Dropping frame 1403638134.445097
Dropping frame 1403638134.895097
Dropping frame 1403638135.195097
Dropping frame 1403638135.2950971
Dropping frame 1403638135.895097
Dropping frame 1403638136.145097
Dropping frame 1403638136.4950972
Dropping frame 1403638136.5950971
Dropping frame 1403638136.695097
Dropping frame 1403638136.8450971
start VIBA 1
Dropping frame 1403638137.0450969
end VIBA 1
Dropping frame 1403638137.2450969
Dropping frame 1403638137.695097
Dropping frame 1403638138.3450971
Not enough motion for initializing. Reseting...
TRACK: Reset map because local mapper set the bad imu flag 
LM: Reseting current map in Local Mapping...
LM: End reseting Local Mapping...
LM: Reset free the mutex
LM: Active map reset recieved
LM: Active map reset, waiting...
LM: Reseting current map in Local Mapping...
LM: End reseting Local Mapping...
LM: Reset free the mutex
LM: Active map reset, Done!!!
mnFirstFrameId = 84
mnInitialFrameId = 78
160 Frames set to lost
not IMU meas
First KF:41; Map init KF:10
New Map created with 58 points
Active map: 0
Dropping frame 1403638138.895097
Dropping frame 1403638139.0950971
Dropping frame 1403638139.3450971
Dropping frame 1403638139.645097
Dropping frame 1403638139.7450969
Not enough motion for initializing. Reseting...
LM: Reseting current map in Local Mapping...
LM: End reseting Local Mapping...
LM: Reset free the mutex
Not enough motion for initializing. Reseting...
LM: Reseting current map in Local Mapping...
LM: End reseting Local Mapping...
LM: Reset free the mutex
Not enough motion for initializing. Reseting...
TRACK: Reset map because local mapper set the bad imu flag 
LM: Reseting current map in Local Mapping...
LM: End reseting Local Mapping...
LM: Reset free the mutex
LM: Active map reset recieved
LM: Active map reset, waiting...
LM: Reseting current map in Local Mapping...
LM: End reseting Local Mapping...
LM: Reset free the mutex
LM: Active map reset, Done!!!
mnFirstFrameId = 199
mnInitialFrameId = 197
235 Frames set to lost
not IMU meas
not enough acceleration
not enough acceleration
not enough acceleration
not enough acceleration
not enough acceleration
not enough acceleration
not enough acceleration
not enough acceleration
not enough acceleration
not enough acceleration
not enough acceleration
not enough acceleration
not enough acceleration
not enough acceleration
not enough acceleration
not enough acceleration
not enough acceleration
not enough acceleration
not enough acceleration
not enough acceleration
not enough acceleration
not enough acceleration
not enough acceleration
not enough acceleration
not enough acceleration
not enough acceleration
not enough acceleration
not enough acceleration
not enough acceleration
not enough acceleration
not enough acceleration
not enough acceleration
not enough acceleration
not enough acceleration
not enough acceleration
not enough acceleration
not enough acceleration
not enough acceleration
not enough acceleration
not enough acceleration
not enough acceleration
not enough acceleration
not enough acceleration
not enough acceleration
not enough acceleration
not enough acceleration
not enough acceleration
not enough acceleration
not enough acceleration
not enough acceleration
not enough acceleration
not enough acceleration
not enough acceleration
not enough acceleration
not enough acceleration
not enough acceleration
not enough acceleration
not enough acceleration
not enough acceleration
not enough acceleration
not enough acceleration
not enough acceleration
not enough acceleration
not enough acceleration
not enough acceleration
not enough acceleration
not enough acceleration
not enough acceleration
not enough acceleration
not enough acceleration
not enough acceleration
not enough acceleration
not enough acceleration
not enough acceleration
not enough acceleration
not enough acceleration
not enough acceleration
not enough acceleration
not enough acceleration
not enough acceleration
not enough acceleration
not enough acceleration
not enough acceleration
not enough acceleration
not enough acceleration
not enough acceleration
not enough acceleration
not enough acceleration
not enough acceleration
not enough acceleration
not enough acceleration
not enough acceleration
not enough acceleration
not enough acceleration
not enough acceleration
not enough acceleration
not enough acceleration
not enough acceleration
not enough acceleration
not enough acceleration
not enough acceleration
not enough acceleration
not enough acceleration
not enough acceleration
First KF:54; Map init KF:41
New Map created with 67 points
Active map: 0
Fail to track local map!
IMU is not or recently initialized. Reseting active map...
LM: Active map reset recieved
LM: Active map reset, waiting...
LM: Reseting current map in Local Mapping...
LM: End reseting Local Mapping...
LM: Reset free the mutex
LM: Active map reset, Done!!!
mnFirstFrameId = 380
mnInitialFrameId = 274
287 Frames set to lost
not IMU meas
First KF:64; Map init KF:54
New Map created with 983 points
Active map: 0
Fail to track local map!
IMU is not or recently initialized. Reseting active map...
LM: Active map reset recieved
LM: Active map reset, waiting...
LM: Reseting current map in Local Mapping...
LM: End reseting Local Mapping...
LM: Reset free the mutex
LM: Active map reset, Done!!!
mnFirstFrameId = 433
mnInitialFrameId = 431
336 Frames set to lost
not IMU meas
First KF:74; Map init KF:64
New Map created with 521 points
Active map: 0
Dropping frame 1403638153.4950972
Dropping frame 1403638153.5950971
Dropping frame 1403638153.8450971
Dropping frame 1403638154.645097
Dropping frame 1403638154.895097
Dropping frame 1403638154.9950972
Fail to track local map!
IMU is not or recently initialized. Reseting active map...
LM: Active map reset recieved
LM: Active map reset, waiting...
LM: Reseting current map in Local Mapping...
LM: End reseting Local Mapping...
LM: Reset free the mutex
LM: Active map reset, Done!!!
mnFirstFrameId = 483
mnInitialFrameId = 481
378 Frames set to lost
not IMU meas
not enough acceleration
not enough acceleration
not enough acceleration
Dropping frame 1403638155.5450969
First KF:84; Map init KF:74
New Map created with 588 points
Active map: 0
Fail to track local map!
IMU is not or recently initialized. Reseting active map...
LM: Active map reset recieved
LM: Active map reset, waiting...
LM: Reseting current map in Local Mapping...
LM: End reseting Local Mapping...
LM: Reset free the mutex
LM: Active map reset, Done!!!
mnFirstFrameId = 529
mnInitialFrameId = 524
427 Frames set to lost
not IMU meas
not enough acceleration
not enough acceleration
not enough acceleration
not enough acceleration
Dropping frame 1403638158.2950971
First KF:94; Map init KF:84
New Map created with 952 points
Active map: 0
Dropping frame 1403638158.395097
Dropping frame 1403638158.695097
Dropping frame 1403638158.895097
Dropping frame 1403638159.5450969
Fail to track local map!
IMU is not or recently initialized. Reseting active map...
LM: Active map reset recieved
LM: Active map reset, waiting...
LM: Reseting current map in Local Mapping...
LM: End reseting Local Mapping...
LM: Reset free the mutex
LM: Active map reset, Done!!!
mnFirstFrameId = 583
mnInitialFrameId = 577
472 Frames set to lost
not IMU meas
not enough acceleration
not enough acceleration
not enough acceleration
Dropping frame 1403638160.9950972
First KF:104; Map init KF:94
New Map created with 798 points
Active map: 0
Dropping frame 1403638161.195097
Dropping frame 1403638162.4950972
Dropping frame 1403638162.695097
Dropping frame 1403638162.7950971
Dropping frame 1403638162.945097
Dropping frame 1403638163.195097
Dropping frame 1403638163.2950971
Dropping frame 1403638163.395097
Fail to track local map!
IMU is not or recently initialized. Reseting active map...
LM: Active map reset recieved
LM: Active map reset, waiting...
LM: Reseting current map in Local Mapping...
LM: End reseting Local Mapping...
LM: Reset free the mutex
LM: Active map reset, Done!!!
mnFirstFrameId = 632
mnInitialFrameId = 627
514 Frames set to lost
not IMU meas
Dropping frame 1403638163.5950971
not enough acceleration
Dropping frame 1403638163.695097
not enough acceleration
Dropping frame 1403638163.7950971
not enough acceleration
not enough acceleration
not enough acceleration
not enough acceleration
not enough acceleration
not enough acceleration
not enough acceleration
First KF:114; Map init KF:104
New Map created with 918 points
Active map: 0
Dropping frame 1403638164.445097
Dropping frame 1403638164.5450969
Dropping frame 1403638165.2950971
Dropping frame 1403638165.645097
Dropping frame 1403638165.8450971
Dropping frame 1403638166.195097
Dropping frame 1403638166.2950971
Dropping frame 1403638167.5450969
Dropping frame 1403638167.945097
Dropping frame 1403638168.2450969
Fail to track local map!
IMU is not or recently initialized. Reseting active map...
Dropping frame 1403638168.445097
LM: Active map reset recieved
LM: Active map reset, waiting...
LM: Reseting current map in Local Mapping...
LM: End reseting Local Mapping...
LM: Reset free the mutex
LM: Active map reset, Done!!!
mnFirstFrameId = 684
mnInitialFrameId = 673
589 Frames set to lost
not IMU meas
Dropping frame 1403638168.5450969
not enough acceleration
First KF:137; Map init KF:114
New Map created with 660 points
Active map: 0
Dropping frame 1403638168.7450969
Dropping frame 1403638168.895097
Dropping frame 1403638169.145097
Dropping frame 1403638169.3450971
Dropping frame 1403638169.5450969
Dropping frame 1403638170.4950972
Dropping frame 1403638170.5950971
Dropping frame 1403638170.695097
Dropping frame 1403638170.9950972
Fail to track local map!
IMU is not or recently initialized. Reseting active map...
Dropping frame 1403638171.195097
LM: Active map reset recieved
LM: Active map reset, waiting...
LM: Reseting current map in Local Mapping...
LM: End reseting Local Mapping...
LM: Reset free the mutex
LM: Active map reset, Done!!!
mnFirstFrameId = 761
mnInitialFrameId = 758
631 Frames set to lost
not IMU meas
Dropping frame 1403638171.2950971
not enough acceleration
First KF:147; Map init KF:137
New Map created with 827 points
Active map: 0
Dropping frame 1403638171.4950972
Dropping frame 1403638171.8450971
Dropping frame 1403638172.195097
Dropping frame 1403638172.4950972
Dropping frame 1403638172.695097
Dropping frame 1403638172.9950972
Dropping frame 1403638173.2950971
Dropping frame 1403638173.4950972
Fail to track local map!
IMU is not or recently initialized. Reseting active map...
LM: Active map reset recieved
LM: Active map reset, waiting...
LM: Reseting current map in Local Mapping...
LM: End reseting Local Mapping...
LM: Reset free the mutex
LM: Active map reset, Done!!!
mnFirstFrameId = 805
mnInitialFrameId = 802
668 Frames set to lost
not IMU meas
Dropping frame 1403638173.695097
First KF:156; Map init KF:147
New Map created with 358 points
Active map: 0
Dropping frame 1403638173.7950971
Dropping frame 1403638173.895097
Fail to track local map!
IMU is not or recently initialized. Reseting active map...
LM: Active map reset recieved
LM: Active map reset, waiting...
LM: Reseting current map in Local Mapping...
LM: End reseting Local Mapping...
LM: Reset free the mutex
LM: Active map reset, Done!!!
mnFirstFrameId = 843
mnInitialFrameId = 841
672 Frames set to lost
not IMU meas
not enough acceleration
Dropping frame 1403638174.145097
First KF:158; Map init KF:156
New Map created with 337 points
Active map: 0
Fail to track local map!
IMU is not or recently initialized. Reseting active map...
LM: Active map reset recieved
LM: Active map reset, waiting...
LM: Reseting current map in Local Mapping...
LM: End reseting Local Mapping...
LM: Reset free the mutex
LM: Active map reset, Done!!!
mnFirstFrameId = 849
mnInitialFrameId = 846
677 Frames set to lost
not IMU meas
not enough acceleration
not enough acceleration
First KF:159; Map init KF:158
New Map created with 683 points
Active map: 0
Dropping frame 1403638175.195097
Dropping frame 1403638175.7450969
Dropping frame 1403638176.3450971
Dropping frame 1403638176.5950971
Dropping frame 1403638176.695097
Dropping frame 1403638176.895097
Fail to track local map!
IMU is not or recently initialized. Reseting active map...
Dropping frame 1403638177.145097
LM: Active map reset recieved
LM: Active map reset, waiting...
LM: Reseting current map in Local Mapping...
LM: End reseting Local Mapping...
LM: Reset free the mutex
LM: Active map reset, Done!!!
mnFirstFrameId = 857
mnInitialFrameId = 853
722 Frames set to lost
not IMU meas
not enough acceleration
not enough acceleration
not enough acceleration
not enough acceleration
not enough acceleration
not enough acceleration
not enough acceleration
not enough acceleration
not enough acceleration
not enough acceleration
not enough acceleration
not enough acceleration
not enough acceleration
First KF:169; Map init KF:159
New Map created with 801 points
Active map: 0
Dropping frame 1403638179.2950971
Dropping frame 1403638179.945097
Dropping frame 1403638180.195097
Fail to track local map!
IMU is not or recently initialized. Reseting active map...
Dropping frame 1403638180.2950971
LM: Active map reset recieved
LM: Active map reset, waiting...
LM: Reseting current map in Local Mapping...
LM: End reseting Local Mapping...
LM: Reset free the mutex
LM: Active map reset, Done!!!
mnFirstFrameId = 916
mnInitialFrameId = 901
767 Frames set to lost
Dropping frame 1403638180.4950972
Dropping frame 1403638180.945097
not enough acceleration
Dropping frame 1403638181.7450969
Dropping frame 1403638182.0450969
Dropping frame 1403638182.2450969
Dropping frame 1403638182.4950972
Dropping frame 1403638182.645097
Dropping frame 1403638184.445097
Dropping frame 1403638184.7450969
Dropping frame 1403638185.0450969
Dropping frame 1403638185.645097
Dropping frame 1403638185.945097
Dropping frame 1403638186.0450969
Dropping frame 1403638186.145097
Dropping frame 1403638186.7450969
Dropping frame 1403638187.0950971
Dropping frame 1403638187.2950971
Dropping frame 1403638187.395097
Dropping frame 1403638187.645097
Dropping frame 1403638187.7450969
Dropping frame 1403638188.7450969
Dropping frame 1403638188.8450971
not enough acceleration
not enough acceleration
not enough acceleration
not enough acceleration
not enough acceleration
not enough acceleration
not enough acceleration
First KF:179; Map init KF:169
New Map created with 403 points
Active map: 0
Fail to track local map!
IMU is not or recently initialized. Reseting active map...
LM: Active map reset recieved
LM: Active map reset, waiting...
LM: Reseting current map in Local Mapping...
LM: End reseting Local Mapping...
LM: Reset free the mutex
LM: Active map reset, Done!!!
mnFirstFrameId = 1339
mnInitialFrameId = 960
816 Frames set to lost
not IMU meas
not enough acceleration
not enough acceleration
First KF:189; Map init KF:179
New Map created with 359 points
Active map: 0
start VIBA 1
end VIBA 1
start VIBA 2
end VIBA 2
Dropping frame 1403638220.895097
Dropping frame 1403638220.9950972
Dropping frame 1403638221.2950971
Dropping frame 1403638227.945097
Dropping frame 1403638228.3450971
Dropping frame 1403638228.5450969
Shutdown
SLAM Finished at System Time: 1734505559.71527

 TIME STATS in ms (mean$\pm$std)
OpenCV version: 4.8.1
---------------------------
Tracking

ORB Extraction: 12.305$\pm$2.0184
Stereo Matching: 6.8342$\pm$3.2751
IMU Preintegration: 0.1411$\pm$0.061399
Pose Prediction: 2.9255$\pm$3.2081
LM Track: 12.497$\pm$4.8233
New KF decision: 0.8699$\pm$1.8583
Total Tracking: 30.833$\pm$16.343



Local Mapping

KF Insertion: 9.5666$\pm$3.8396
MP Culling: 0.42814$\pm$0.23866
MP Creation: 24.256$\pm$15.891
LBA: 71.817$\pm$36.726
KF Culling: 4.5629$\pm$11.912
Total Local Mapping: 105.29$\pm$69.228
---------------------------

LBA complexity (mean$\pm$std)
LBA Edges: 2361.1$\pm$1257.8
LBA KF optimized: 6.2283$\pm$2.1267
LBA KF fixed: 1.1417$\pm$0.55733
LBA MP: nan$\pm$nan

LBA executions: 283
LBA aborts: 0
---------------------------

Map complexity
KFs in map: 94
MPs in map: 6734
---------------------------

Place Recognition (mean$\pm$std)
Database Query: 1.2262$\pm$0.58562
SE3 estimation: 16.856$\pm$13.253
Total Place Recognition: 2.0944$\pm$6.8775


Loop Closing (mean$\pm$std)
Loop Fusion: nan$\pm$nan
Essential Graph: nan$\pm$nan
Total Loop Closing: nan$\pm$nan

Num exec: 0
Number of KFs: nan$\pm$nan

Map Merging (mean$\pm$std)
Merge Maps: nan$\pm$nan
Welding BA: nan$\pm$nan
Optimization Ess.: nan$\pm$nan
Total Map Merging: nan$\pm$nan

Num exec: 0
Number of KFs: nan$\pm$nan
Number of MPs: nan$\pm$nan

Full GBA (mean$\pm$std)
GBA: nan$\pm$nan
Map Update: nan$\pm$nan
Total Full GBA: nan$\pm$nan

Num exec: 0
Num abort: 0
Number of KFs: nan$\pm$nan
Number of MPs: nan$\pm$nan

Saving trajectory to f_dataset-MH04_stereo_imu.txt ...
There are 1 maps in the atlas
  Map 0 has 94 KFs

End of saving trajectory to f_dataset-MH04_stereo_imu.txt ...

Saving keyframe trajectory to kf_dataset-MH04_stereo_imu.txt ...
