num_seq = 1
file name: dataset-MH05_stereo_imu
Loading images for sequence 0...LOADED!
Loading IMU for sequence 0...LOADED!

-------

ORB-SLAM3 Copyright (C) 2017-2020 Carlos Campos, Richard Elvira, Juan J. Gómez, José M.M. Montiel and Juan D. Tardós, University of Zaragoza.
ORB-SLAM2 Copyright (C) 2014-2016 Raúl Mur-Artal, José M.M. Montiel and Juan D. Tardós, University of Zaragoza.
This program comes with ABSOLUTELY NO WARRANTY;
This is free software, and you are welcome to redistribute it
under certain conditions. See LICENSE.txt.

Built with REGISTER_TIMES
Git Commit Hash: 90f15d8

Input sensor was set to: Stereo-Inertial
Loading settings from ./Examples/Stereo-Inertial/EuRoC_fov_deadlines_mask_4x4.yaml
	-Loaded camera 1
	-Loaded camera 2
	-Loaded image info
	-Loaded IMU calibration
	-Loaded ORB settings
	-Loaded viewer settings
	-Loaded Atlas settings
Deadlines enabled, will skip frames!
FOV enabled
Static mask size: 4x4
Dumping map points enabled
	-Loaded misc parameters
	-Computed rectification maps
----------------------------------
SLAM settings: 
	-Camera 1 parameters (Pinhole): [ 458.65399169921875 457.29598999023438 367.21499633789062 248.375 ]
	-Camera 1 distortion parameters: [  -0.28340810537338257 0.073959067463874817 0.00019359000725671649 1.7618711353861727e-05 ]
	-Camera 2 parameters (Pinhole: [ 457.58700561523438 456.13400268554688 379.99899291992188 255.23800659179688 ]
	-Camera 1 distortion parameters: [  -0.2836836576461792 0.074512839317321777 -0.00010473000293131918 -3.555907096597366e-05 ]
	-Original image size: [ 752 , 480 ]
	-Current image size: [ 752 , 480 ]
	-Camera 1 parameters after rectification: [  456.71499633789062 456.71499633789062 364.52615356445312 257.268798828125 ]
	-Sequence FPS: 20
	-Stereo baseline: 0.11007784307003021
	-Stereo depth threshold : 60
	-Gyro noise: 0.00016999999934341758
	-Accelerometer noise: 0.0020000000949949026
	-Gyro walk: 1.9392999092815444e-05
	-Accelerometer walk: 0.0030000000260770321
	-IMU frequency: 200
	-Features per image: 1200
	-ORB scale factor: 1.2000000476837158
	-ORB number of scales: 8
	-Initial FAST threshold: 20
	-Min FAST threshold: 7


Loading ORB Vocabulary. This could take a while...
Vocabulary loaded!

Initialization of Atlas from scratch 
Creation of new map with id: 0
Creation of new map with last KF id: 0
Seq. Name: 
There are 1 cameras in the atlas
Camera 0 is pinhole
SLAM Started at System Time: 1732007845.61988
not IMU meas
not IMU meas
not enough acceleration
not enough acceleration
not enough acceleration
not enough acceleration
not enough acceleration
not enough acceleration
not enough acceleration
not enough acceleration
not enough acceleration
not enough acceleration
not enough acceleration
not enough acceleration
not enough acceleration
not enough acceleration
not enough acceleration
not enough acceleration
not enough acceleration
not enough acceleration
not enough acceleration
not enough acceleration
not enough acceleration
not enough acceleration
not enough acceleration
not enough acceleration
not enough acceleration
not enough acceleration
not enough acceleration
not enough acceleration
not enough acceleration
not enough acceleration
not enough acceleration
not enough acceleration
not enough acceleration
not enough acceleration
not enough acceleration
not enough acceleration
not enough acceleration
not enough acceleration
not enough acceleration
not enough acceleration
not enough acceleration
not enough acceleration
not enough acceleration
not enough acceleration
not enough acceleration
not enough acceleration
not enough acceleration
not enough acceleration
not enough acceleration
not enough acceleration
not enough acceleration
not enough acceleration
not enough acceleration
not enough acceleration
not enough acceleration
not enough acceleration
not enough acceleration
not enough acceleration
not enough acceleration
not enough acceleration
not enough acceleration
not enough acceleration
not enough acceleration
not enough acceleration
not enough acceleration
not enough acceleration
not enough acceleration
not enough acceleration
not enough acceleration
not enough acceleration
not enough acceleration
not enough acceleration
not enough acceleration
not enough acceleration
not enough acceleration
not enough acceleration
not enough acceleration
not enough acceleration
First KF:0; Map init KF:0
New Map created with 82 points
Active map: 0
Dropping frame 1403638522.6778293
Dropping frame 1403638523.0778294
Dropping frame 1403638523.3778293
Dropping frame 1403638523.5278294
Dropping frame 1403638523.8278296
Dropping frame 1403638523.9278295
Dropping frame 1403638524.4778295
Dropping frame 1403638524.6778293
Dropping frame 1403638525.3278296
Dropping frame 1403638525.4278295
Dropping frame 1403638525.6778293
Dropping frame 1403638525.7778294
Dropping frame 1403638526.4778295
Dropping frame 1403638526.9778295
start VIBA 1
end VIBA 1
Dropping frame 1403638527.9278295
Dropping frame 1403638529.5278294
Fail to track local map!
IMU is not or recently initialized. Reseting active map...
LM: Active map reset recieved
LM: Active map reset, waiting...
LM: Reseting current map in Local Mapping...
LM: End reseting Local Mapping...
LM: Reset free the mutex
LM: Active map reset, Done!!!
mnFirstFrameId = 80
mnInitialFrameId = 0
159 Frames set to lost
not IMU meas
not enough acceleration
not enough acceleration
not enough acceleration
not enough acceleration
First KF:48; Map init KF:0
New Map created with 89 points
Active map: 0
Not enough motion for initializing. Reseting...
LM: Reseting current map in Local Mapping...
LM: End reseting Local Mapping...
LM: Reset free the mutex
Not enough motion for initializing. Reseting...
TRACK: Reset map because local mapper set the bad imu flag 
LM: Reseting current map in Local Mapping...
LM: End reseting Local Mapping...
LM: Reset free the mutex
LM: Active map reset recieved
LM: Active map reset, waiting...
LM: Reseting current map in Local Mapping...
LM: End reseting Local Mapping...
LM: Reset free the mutex
LM: Active map reset, Done!!!
mnFirstFrameId = 244
mnInitialFrameId = 238
228 Frames set to lost
not IMU meas
not enough acceleration
not enough acceleration
not enough acceleration
not enough acceleration
not enough acceleration
not enough acceleration
not enough acceleration
not enough acceleration
not enough acceleration
not enough acceleration
not enough acceleration
not enough acceleration
not enough acceleration
not enough acceleration
not enough acceleration
not enough acceleration
not enough acceleration
not enough acceleration
not enough acceleration
not enough acceleration
not enough acceleration
not enough acceleration
not enough acceleration
not enough acceleration
not enough acceleration
not enough acceleration
not enough acceleration
not enough acceleration
not enough acceleration
not enough acceleration
not enough acceleration
not enough acceleration
not enough acceleration
not enough acceleration
not enough acceleration
not enough acceleration
not enough acceleration
not enough acceleration
not enough acceleration
not enough acceleration
not enough acceleration
not enough acceleration
not enough acceleration
not enough acceleration
not enough acceleration
not enough acceleration
not enough acceleration
not enough acceleration
not enough acceleration
not enough acceleration
not enough acceleration
not enough acceleration
not enough acceleration
not enough acceleration
not enough acceleration
not enough acceleration
not enough acceleration
not enough acceleration
not enough acceleration
not enough acceleration
not enough acceleration
not enough acceleration
not enough acceleration
not enough acceleration
not enough acceleration
not enough acceleration
not enough acceleration
not enough acceleration
not enough acceleration
not enough acceleration
not enough acceleration
not enough acceleration
not enough acceleration
not enough acceleration
not enough acceleration
not enough acceleration
not enough acceleration
not enough acceleration
not enough acceleration
not enough acceleration
not enough acceleration
not enough acceleration
not enough acceleration
First KF:60; Map init KF:48
New Map created with 113 points
Active map: 0
Dropping frame 1403638543.3778293
Dropping frame 1403638543.6778293
start VIBA 1
end VIBA 1
Dropping frame 1403638546.4778295
Dropping frame 1403638546.7778294
Dropping frame 1403638547.1278296
Dropping frame 1403638548.6278296
Dropping frame 1403638548.9778295
Dropping frame 1403638549.4778295
Dropping frame 1403638551.0278294
Dropping frame 1403638551.1278296
Dropping frame 1403638551.7278295
Dropping frame 1403638552.8278296
start VIBA 2
end VIBA 2
Dropping frame 1403638554.6278296
Dropping frame 1403638555.4778295
Dropping frame 1403638555.5778294
Dropping frame 1403638555.8778293
Dropping frame 1403638555.9778295
Dropping frame 1403638557.4778295
Dropping frame 1403638557.8778293
Dropping frame 1403638558.0278294
Dropping frame 1403638558.5278294
Dropping frame 1403638558.6778293
Dropping frame 1403638558.9778295
Dropping frame 1403638559.1778293
Dropping frame 1403638559.2778294
Dropping frame 1403638559.6278296
Dropping frame 1403638559.8278296
Dropping frame 1403638559.9778295
Dropping frame 1403638560.2778294
Dropping frame 1403638560.3778293
Dropping frame 1403638560.6278296
Dropping frame 1403638560.9278295
Dropping frame 1403638561.1778293
Dropping frame 1403638561.2778294
Dropping frame 1403638561.5778294
Dropping frame 1403638561.6778293
Dropping frame 1403638561.8778293
Dropping frame 1403638561.9778295
Dropping frame 1403638562.2278295
Dropping frame 1403638562.4778295
Dropping frame 1403638562.5778294
Dropping frame 1403638562.7778294
Dropping frame 1403638562.9278295
Dropping frame 1403638563.2278295
Dropping frame 1403638563.4778295
Dropping frame 1403638563.7278295
Dropping frame 1403638563.8278296
Dropping frame 1403638563.9278295
Dropping frame 1403638564.2278295
Dropping frame 1403638564.3278296
Dropping frame 1403638564.5778294
Dropping frame 1403638564.7778294
Dropping frame 1403638565.2278295
Dropping frame 1403638565.3778293
Dropping frame 1403638565.5778294
Dropping frame 1403638565.8278296
Dropping frame 1403638565.9278295
Dropping frame 1403638566.4278295
Dropping frame 1403638568.0778294
Dropping frame 1403638568.1778293
Dropping frame 1403638568.5778294
Dropping frame 1403638568.9278295
Dropping frame 1403638569.2778294
Dropping frame 1403638569.4778295
Dropping frame 1403638569.9778295
Dropping frame 1403638570.3778293
Dropping frame 1403638571.1778293
Dropping frame 1403638571.3778293
Dropping frame 1403638571.9278295
Dropping frame 1403638572.2778294
Dropping frame 1403638572.5778294
Dropping frame 1403638575.9278295
Dropping frame 1403638576.3278296
Dropping frame 1403638576.5278294
Dropping frame 1403638576.8278296
Dropping frame 1403638577.0778294
Dropping frame 1403638577.2778294
Dropping frame 1403638577.5778294
Dropping frame 1403638577.7278295
Dropping frame 1403638578.0778294
Dropping frame 1403638578.1778293
Dropping frame 1403638578.4278295
Dropping frame 1403638578.5278294
Dropping frame 1403638578.6278296
Dropping frame 1403638578.7778294
Dropping frame 1403638578.9278295
Dropping frame 1403638579.0778294
Dropping frame 1403638579.2778294
Dropping frame 1403638579.3778293
Dropping frame 1403638579.4778295
Dropping frame 1403638579.5778294
Dropping frame 1403638579.9278295
Dropping frame 1403638580.0278294
Dropping frame 1403638580.1278296
Dropping frame 1403638580.2278295
Dropping frame 1403638581.2778294
Dropping frame 1403638581.3778293
Dropping frame 1403638581.4778295
Dropping frame 1403638581.9778295
Dropping frame 1403638582.8278296
Dropping frame 1403638615.5278294
Dropping frame 1403638616.8278296
Dropping frame 1403638617.0778294
Dropping frame 1403638617.5278294
Dropping frame 1403638617.7778294
Dropping frame 1403638618.0278294
Dropping frame 1403638618.1778293
Dropping frame 1403638618.3778293
Dropping frame 1403638618.6778293
Dropping frame 1403638619.2278295
Dropping frame 1403638619.3278296
Dropping frame 1403638619.5278294
Dropping frame 1403638619.6278296
Dropping frame 1403638619.7278295
*Loop detected
phi = 0.0030610051762901941 0.0067669487758905906 -0.044524873469051034
Local Mapping STOP
Dropping frame 1403638619.9778295
Local Mapping RELEASE
Dropping frame 1403638620.2778294
Dropping frame 1403638621.0778294
Dropping frame 1403638621.1778293
Dropping frame 1403638621.4278295
Dropping frame 1403638621.7278295
Dropping frame 1403638622.2778294
Dropping frame 1403638622.6778293
Dropping frame 1403638622.8278296
Dropping frame 1403638622.9778295
Dropping frame 1403638623.0778294
Dropping frame 1403638623.1778293
Dropping frame 1403638623.3778293
Dropping frame 1403638623.4778295
Dropping frame 1403638625.7278295
Dropping frame 1403638626.6778293
Shutdown
SLAM Finished at System Time: 1732007978.47671

 TIME STATS in ms (mean$\pm$std)
OpenCV version: 4.8.1
---------------------------
Tracking

ORB Extraction: 13.183$\pm$2.0212
Stereo Matching: 6.8421$\pm$2.2813
IMU Preintegration: 0.20282$\pm$0.094989
Pose Prediction: 0.43797$\pm$1.3315
LM Track: 15.285$\pm$4.9591
New KF decision: 0.95026$\pm$1.6993
Total Tracking: 35.341$\pm$15.661



Local Mapping

KF Insertion: 9.9842$\pm$4.0875
MP Culling: 0.36101$\pm$0.20892
MP Creation: 31.868$\pm$13.678
LBA: 119.25$\pm$53.383
KF Culling: 8.7965$\pm$6.8649
Total Local Mapping: 170.06$\pm$74.974
---------------------------

LBA complexity (mean$\pm$std)
LBA Edges: 1681.1$\pm$1202.5
LBA KF optimized: 6.5$\pm$2.2913
LBA KF fixed: 1$\pm$0
LBA MP: nan$\pm$nan

LBA executions: 480
LBA aborts: 0
---------------------------

Map complexity
KFs in map: 208
MPs in map: 16321
---------------------------

Place Recognition (mean$\pm$std)
Database Query: 1.4368$\pm$0.94565
SE3 estimation: 21.178$\pm$14.456
Total Place Recognition: 16.874$\pm$16.379


Loop Closing (mean$\pm$std)
Loop Fusion: 162.96$\pm$0
Essential Graph: 129.8$\pm$0
Total Loop Closing: 304.4$\pm$0

Num exec: 1
Number of KFs: nan$\pm$nan

Map Merging (mean$\pm$std)
Merge Maps: nan$\pm$nan
Welding BA: nan$\pm$nan
Optimization Ess.: nan$\pm$nan
Total Map Merging: nan$\pm$nan

Num exec: 0
Number of KFs: nan$\pm$nan
Number of MPs: nan$\pm$nan

Full GBA (mean$\pm$std)
GBA: nan$\pm$nan
Map Update: nan$\pm$nan
Total Full GBA: nan$\pm$nan

Num exec: 0
Num abort: 0
Number of KFs: nan$\pm$nan
Number of MPs: nan$\pm$nan

Saving trajectory to f_dataset-MH05_stereo_imu.txt ...
There are 1 maps in the atlas
  Map 0 has 208 KFs

End of saving trajectory to f_dataset-MH05_stereo_imu.txt ...

Saving keyframe trajectory to kf_dataset-MH05_stereo_imu.txt ...
