num_seq = 1
file name: dataset-MH02_stereo_imu
Loading images for sequence 0...LOADED!
Loading IMU for sequence 0...LOADED!

-------

ORB-SLAM3 Copyright (C) 2017-2020 Carlos Campos, Richard Elvira, Juan J. Gómez, José M.M. Montiel and Juan D. Tardós, University of Zaragoza.
ORB-SLAM2 Copyright (C) 2014-2016 Raúl Mur-Artal, José M.M. Montiel and Juan D. Tardós, University of Zaragoza.
This program comes with ABSOLUTELY NO WARRANTY;
This is free software, and you are welcome to redistribute it
under certain conditions. See LICENSE.txt.

Built with REGISTER_TIMES
Git Commit Hash: 90f15d8

Input sensor was set to: Stereo-Inertial
Loading settings from ./Examples/Stereo-Inertial/EuRoC_fov_deadlines_mask_8x8.yaml
	-Loaded camera 1
	-Loaded camera 2
	-Loaded image info
	-Loaded IMU calibration
	-Loaded ORB settings
	-Loaded viewer settings
	-Loaded Atlas settings
Deadlines enabled, will skip frames!
FOV enabled
Static mask size: 8x8
Dumping map points enabled
	-Loaded misc parameters
	-Computed rectification maps
----------------------------------
SLAM settings: 
	-Camera 1 parameters (Pinhole): [ 458.65399169921875 457.29598999023438 367.21499633789062 248.375 ]
	-Camera 1 distortion parameters: [  -0.28340810537338257 0.073959067463874817 0.00019359000725671649 1.7618711353861727e-05 ]
	-Camera 2 parameters (Pinhole: [ 457.58700561523438 456.13400268554688 379.99899291992188 255.23800659179688 ]
	-Camera 1 distortion parameters: [  -0.2836836576461792 0.074512839317321777 -0.00010473000293131918 -3.555907096597366e-05 ]
	-Original image size: [ 752 , 480 ]
	-Current image size: [ 752 , 480 ]
	-Camera 1 parameters after rectification: [  456.71499633789062 456.71499633789062 364.52615356445312 257.268798828125 ]
	-Sequence FPS: 20
	-Stereo baseline: 0.11007784307003021
	-Stereo depth threshold : 60
	-Gyro noise: 0.00016999999934341758
	-Accelerometer noise: 0.0020000000949949026
	-Gyro walk: 1.9392999092815444e-05
	-Accelerometer walk: 0.0030000000260770321
	-IMU frequency: 200
	-Features per image: 1200
	-ORB scale factor: 1.2000000476837158
	-ORB number of scales: 8
	-Initial FAST threshold: 20
	-Min FAST threshold: 7


Loading ORB Vocabulary. This could take a while...
Vocabulary loaded!

Initialization of Atlas from scratch 
Creation of new map with id: 0
Creation of new map with last KF id: 0
Seq. Name: 
There are 1 cameras in the atlas
Camera 0 is pinhole
SLAM Started at System Time: 1732010768.0111
not IMU meas
not IMU meas
not enough acceleration
not enough acceleration
not enough acceleration
not enough acceleration
not enough acceleration
not enough acceleration
First KF:0; Map init KF:0
New Map created with 185 points
Active map: 0
Dropping frame 1403636859.6016665
Dropping frame 1403636859.9516664
Dropping frame 1403636860.3016665
Dropping frame 1403636860.4016666
Dropping frame 1403636860.7516665
Dropping frame 1403636860.9516664
Dropping frame 1403636861.4516664
Dropping frame 1403636861.8016665
Dropping frame 1403636862.1016665
Dropping frame 1403636862.3516665
Dropping frame 1403636862.8016665
Dropping frame 1403636862.9016666
Dropping frame 1403636863.1016665
Dropping frame 1403636863.7016666
Dropping frame 1403636863.9516664
Dropping frame 1403636864.2016666
start VIBA 1
end VIBA 1
Dropping frame 1403636864.4016666
Dropping frame 1403636864.5016665
Dropping frame 1403636864.8016665
Dropping frame 1403636864.9016666
Dropping frame 1403636865.0016665
Dropping frame 1403636865.2016666
Dropping frame 1403636865.9516664
Dropping frame 1403636866.0516665
Dropping frame 1403636866.5516665
Dropping frame 1403636866.7516665
Dropping frame 1403636866.8516665
Dropping frame 1403636866.9516664
Dropping frame 1403636867.2516665
Dropping frame 1403636867.4516664
Dropping frame 1403636867.7516665
Dropping frame 1403636867.9516664
Dropping frame 1403636868.5016665
Dropping frame 1403636868.7016666
Dropping frame 1403636868.9016666
Dropping frame 1403636869.1016665
Dropping frame 1403636869.2016666
Dropping frame 1403636869.3516665
Dropping frame 1403636869.4516664
Dropping frame 1403636869.8516665
Dropping frame 1403636870.0016665
Dropping frame 1403636870.2016666
Dropping frame 1403636870.4016666
Dropping frame 1403636870.6016665
Dropping frame 1403636870.7016666
Dropping frame 1403636871.0516665
Dropping frame 1403636871.1516664
Dropping frame 1403636871.4016666
Dropping frame 1403636871.8016665
Dropping frame 1403636872.1016665
Dropping frame 1403636872.5516665
Dropping frame 1403636872.8016665
Dropping frame 1403636872.9016666
Dropping frame 1403636873.1516664
Dropping frame 1403636873.2516665
Dropping frame 1403636873.7516665
Dropping frame 1403636874.1516664
Dropping frame 1403636874.3516665
Dropping frame 1403636874.5516665
Dropping frame 1403636874.9516664
Dropping frame 1403636875.2016666
Dropping frame 1403636875.5016665
start VIBA 2
end VIBA 2
Dropping frame 1403636876.2516665
Dropping frame 1403636876.6016665
Dropping frame 1403636876.8016665
Dropping frame 1403636877.0016665
Dropping frame 1403636877.2516665
Dropping frame 1403636877.4516664
Dropping frame 1403636877.7516665
Dropping frame 1403636877.8516665
Dropping frame 1403636878.8016665
Dropping frame 1403636879.0516665
Dropping frame 1403636879.2516665
Dropping frame 1403636879.6016665
Dropping frame 1403636879.8016665
Dropping frame 1403636880.4016666
Dropping frame 1403636880.7516665
Dropping frame 1403636880.9516664
Dropping frame 1403636881.2516665
Dropping frame 1403636881.5516665
Dropping frame 1403636882.3516665
Dropping frame 1403636882.7516665
Dropping frame 1403636883.2516665
Dropping frame 1403636883.6516664
Dropping frame 1403636884.1016665
Dropping frame 1403636884.4016666
Dropping frame 1403636884.7016666
Dropping frame 1403636885.1016665
Dropping frame 1403636886.8516665
Dropping frame 1403636886.9516664
Dropping frame 1403636887.9016666
Dropping frame 1403636888.2016666
Dropping frame 1403636888.7516665
Dropping frame 1403636889.0516665
Dropping frame 1403636889.2516665
Dropping frame 1403636889.7016666
Dropping frame 1403636889.8016665
Dropping frame 1403636890.1516664
Dropping frame 1403636890.4016666
Dropping frame 1403636890.7016666
Dropping frame 1403636891.0516665
Dropping frame 1403636891.3516665
Dropping frame 1403636891.7016666
Dropping frame 1403636892.2016666
Dropping frame 1403636892.3016665
Dropping frame 1403636894.4016666
Dropping frame 1403636899.4016666
Dropping frame 1403636901.2016666
Dropping frame 1403636905.2516665
Dropping frame 1403636905.7516665
Dropping frame 1403636906.3016665
Dropping frame 1403636909.3516665
Dropping frame 1403636909.9016666
Dropping frame 1403636910.5016665
Dropping frame 1403636910.9516664
Dropping frame 1403636911.1016665
Dropping frame 1403636911.4516664
Dropping frame 1403636911.6016665
Dropping frame 1403636911.9016666
Dropping frame 1403636912.0016665
Dropping frame 1403636912.3016665
Dropping frame 1403636912.4016666
Dropping frame 1403636912.5016665
Dropping frame 1403636912.6516664
Dropping frame 1403636913.0016665
Dropping frame 1403636913.1016665
Dropping frame 1403636913.2516665
Dropping frame 1403636913.4516664
Dropping frame 1403636913.5516665
Dropping frame 1403636913.8516665
Dropping frame 1403636914.0016665
Dropping frame 1403636914.1016665
Dropping frame 1403636914.2016666
Dropping frame 1403636914.4516664
Dropping frame 1403636914.7016666
Dropping frame 1403636914.8516665
Dropping frame 1403636915.1516664
Dropping frame 1403636915.3516665
Dropping frame 1403636915.4516664
Dropping frame 1403636915.7016666
Dropping frame 1403636915.9516664
Dropping frame 1403636916.0516665
Dropping frame 1403636916.1516664
Dropping frame 1403636916.3516665
Dropping frame 1403636916.5016665
Dropping frame 1403636916.6016665
Dropping frame 1403636916.7016666
Dropping frame 1403636916.8516665
Dropping frame 1403636917.0016665
Dropping frame 1403636917.2016666
Dropping frame 1403636917.3016665
Dropping frame 1403636917.4016666
Dropping frame 1403636917.5516665
Dropping frame 1403636917.7016666
Dropping frame 1403636917.9016666
Dropping frame 1403636918.1516664
Dropping frame 1403636918.3016665
Dropping frame 1403636918.4516664
Dropping frame 1403636918.5516665
Dropping frame 1403636918.9516664
Dropping frame 1403636919.1016665
Dropping frame 1403636919.2016666
Dropping frame 1403636919.5016665
Dropping frame 1403636919.6016665
Dropping frame 1403636919.8516665
Dropping frame 1403636919.9516664
Dropping frame 1403636920.0516665
Dropping frame 1403636920.1516664
Dropping frame 1403636920.3516665
Dropping frame 1403636920.4516664
Dropping frame 1403636920.5516665
Dropping frame 1403636920.6516664
Dropping frame 1403636921.1516664
Dropping frame 1403636921.2516665
Dropping frame 1403636921.5516665
Dropping frame 1403636921.8016665
Dropping frame 1403636921.9016666
Dropping frame 1403636922.1516664
Dropping frame 1403636925.2016666
Dropping frame 1403636925.3016665
Dropping frame 1403636925.4516664
Dropping frame 1403636925.8516665
Dropping frame 1403636925.9516664
Dropping frame 1403636926.1516664
Dropping frame 1403636926.6016665
Dropping frame 1403636926.8516665
Dropping frame 1403636926.9516664
Dropping frame 1403636927.0516665
Dropping frame 1403636927.3516665
Dropping frame 1403636927.5516665
Dropping frame 1403636927.6516664
Dropping frame 1403636927.8016665
Dropping frame 1403636927.9016666
Dropping frame 1403636928.6516664
Dropping frame 1403636928.8016665
Dropping frame 1403636928.9516664
Dropping frame 1403636929.1516664
Dropping frame 1403636929.3516665
Dropping frame 1403636929.4516664
Dropping frame 1403636929.6516664
Dropping frame 1403636929.8016665
Dropping frame 1403636930.0016665
Dropping frame 1403636930.2016666
Dropping frame 1403636930.3516665
Dropping frame 1403636930.4516664
Dropping frame 1403636930.9016666
Dropping frame 1403636931.1016665
Dropping frame 1403636931.6016665
Dropping frame 1403636931.7016666
Dropping frame 1403636932.0516665
Dropping frame 1403636932.2516665
Dropping frame 1403636932.5016665
Dropping frame 1403636932.7016666
Dropping frame 1403636932.8016665
Dropping frame 1403636932.9016666
Dropping frame 1403636933.1016665
Dropping frame 1403636933.3016665
Dropping frame 1403636933.4516664
Dropping frame 1403636933.7016666
Dropping frame 1403636933.8016665
Dropping frame 1403636934.1016665
Dropping frame 1403636934.3016665
Dropping frame 1403636934.5016665
Dropping frame 1403636934.8016665
Dropping frame 1403636934.9016666
Dropping frame 1403636935.1016665
Dropping frame 1403636935.3016665
Dropping frame 1403636935.5016665
Dropping frame 1403636935.6016665
Dropping frame 1403636935.8016665
Dropping frame 1403636935.9016666
Dropping frame 1403636936.1016665
Dropping frame 1403636936.2016666
Dropping frame 1403636936.4516664
Dropping frame 1403636936.6516664
Dropping frame 1403636936.8516665
Dropping frame 1403636936.9516664
Dropping frame 1403636937.1516664
Dropping frame 1403636937.2516665
Dropping frame 1403636937.4516664
Dropping frame 1403636937.5516665
Dropping frame 1403636937.6516664
Dropping frame 1403636937.8516665
Dropping frame 1403636937.9516664
Dropping frame 1403636938.1016665
Dropping frame 1403636938.3016665
Dropping frame 1403636938.5516665
Dropping frame 1403636938.6516664
Dropping frame 1403636938.8516665
Dropping frame 1403636939.0516665
Dropping frame 1403636939.1516664
Dropping frame 1403636939.3016665
Dropping frame 1403636939.4016666
Dropping frame 1403636939.7016666
Dropping frame 1403636939.8016665
Dropping frame 1403636940.1516664
Dropping frame 1403636940.2516665
Dropping frame 1403636940.3516665
Dropping frame 1403636940.4516664
Dropping frame 1403636940.7016666
Dropping frame 1403636940.9016666
Dropping frame 1403636941.0016665
Dropping frame 1403636941.1016665
Dropping frame 1403636941.3516665
Dropping frame 1403636941.5516665
Dropping frame 1403636941.7516665
Dropping frame 1403636941.9516664
Dropping frame 1403636942.0516665
Dropping frame 1403636942.1516664
Dropping frame 1403636942.3516665
Dropping frame 1403636942.5516665
Dropping frame 1403636942.7516665
Dropping frame 1403636942.9516664
Dropping frame 1403636943.0516665
Dropping frame 1403636943.1516664
Dropping frame 1403636943.3016665
Dropping frame 1403636943.4016666
Dropping frame 1403636943.5016665
Dropping frame 1403636943.6016665
Dropping frame 1403636943.8516665
Dropping frame 1403636944.0516665
Dropping frame 1403636944.1516664
Dropping frame 1403636944.5016665
Dropping frame 1403636944.8516665
Dropping frame 1403636945.0516665
Dropping frame 1403636945.1516664
Dropping frame 1403636945.4516664
Dropping frame 1403636945.5516665
Dropping frame 1403636945.6516664
Dropping frame 1403636945.7516665
Dropping frame 1403636945.8516665
Dropping frame 1403636946.1516664
Dropping frame 1403636946.2516665
Dropping frame 1403636946.5516665
Dropping frame 1403636946.6516664
Dropping frame 1403636946.7516665
Dropping frame 1403636947.0016665
Dropping frame 1403636947.1016665
Dropping frame 1403636947.4516664
Dropping frame 1403636947.5516665
Dropping frame 1403636947.8516665
Dropping frame 1403636948.0516665
Dropping frame 1403636948.1516664
Dropping frame 1403636948.2516665
Dropping frame 1403636948.3516665
Dropping frame 1403636948.4516664
Dropping frame 1403636948.7016666
Dropping frame 1403636948.8516665
Dropping frame 1403636948.9516664
Dropping frame 1403636949.0516665
Dropping frame 1403636949.4016666
Dropping frame 1403636949.5016665
Dropping frame 1403636949.8516665
Dropping frame 1403636950.0516665
Dropping frame 1403636950.1516664
Dropping frame 1403636950.8016665
Dropping frame 1403636951.0016665
Dropping frame 1403636951.1016665
Dropping frame 1403636951.2016666
Dropping frame 1403636951.4016666
Dropping frame 1403636951.5516665
Dropping frame 1403636951.8016665
Dropping frame 1403636951.9016666
Dropping frame 1403636952.1016665
Dropping frame 1403636952.2516665
Dropping frame 1403636952.5016665
Dropping frame 1403636952.7016666
Dropping frame 1403636953.1016665
Dropping frame 1403636953.5516665
Dropping frame 1403636954.9016666
Dropping frame 1403636955.0016665
Dropping frame 1403636955.2016666
Dropping frame 1403636955.4516664
Dropping frame 1403636955.7516665
Dropping frame 1403636955.8516665
Dropping frame 1403636956.1016665
Dropping frame 1403636956.3016665
Dropping frame 1403636956.4016666
Dropping frame 1403636956.5016665
Dropping frame 1403636956.7016666
Dropping frame 1403636956.8016665
Dropping frame 1403636957.0016665
Dropping frame 1403636957.3016665
Dropping frame 1403636957.4016666
Dropping frame 1403636957.5016665
Dropping frame 1403636957.7016666
Dropping frame 1403636957.8016665
Dropping frame 1403636958.2016666
Dropping frame 1403636958.7016666
Dropping frame 1403636958.8516665
Dropping frame 1403636959.0516665
Dropping frame 1403636959.2516665
Dropping frame 1403636959.7016666
Dropping frame 1403636959.9516664
Dropping frame 1403636960.0516665
Dropping frame 1403636960.2016666
Dropping frame 1403636960.4516664
Dropping frame 1403636960.5516665
Dropping frame 1403636960.8016665
Dropping frame 1403636960.9516664
Dropping frame 1403636961.0516665
Dropping frame 1403636961.2516665
Dropping frame 1403636961.3516665
Dropping frame 1403636961.4516664
Dropping frame 1403636961.6516664
Dropping frame 1403636961.8516665
Dropping frame 1403636962.0516665
Dropping frame 1403636962.1516664
Dropping frame 1403636962.2516665
Dropping frame 1403636962.4516664
Dropping frame 1403636962.7516665
Dropping frame 1403636962.8516665
Dropping frame 1403636963.0516665
Dropping frame 1403636963.2516665
Dropping frame 1403636963.4516664
Dropping frame 1403636963.6516664
Dropping frame 1403636963.7516665
Dropping frame 1403636964.1016665
Dropping frame 1403636964.2516665
Dropping frame 1403636964.4516664
Dropping frame 1403636964.7516665
Dropping frame 1403636964.8516665
Dropping frame 1403636965.2016666
Dropping frame 1403636965.4016666
Dropping frame 1403636965.5016665
Dropping frame 1403636965.7516665
Dropping frame 1403636966.0516665
Dropping frame 1403636966.1516664
Dropping frame 1403636966.2516665
Dropping frame 1403636966.4516664
Dropping frame 1403636966.6516664
Dropping frame 1403636966.8016665
Dropping frame 1403636967.0016665
Dropping frame 1403636967.2016666
Dropping frame 1403636967.3016665
Dropping frame 1403636967.5516665
Dropping frame 1403636967.7516665
Dropping frame 1403636967.8516665
Dropping frame 1403636968.1516664
Dropping frame 1403636968.2516665
Dropping frame 1403636968.7516665
Dropping frame 1403636968.9516664
Dropping frame 1403636969.4016666
Dropping frame 1403636969.5016665
Dropping frame 1403636969.6016665
Dropping frame 1403636969.8016665
Dropping frame 1403636970.0016665
Dropping frame 1403636970.2016666
Dropping frame 1403636970.3016665
Dropping frame 1403636970.4016666
Dropping frame 1403636970.6016665
Dropping frame 1403636970.8016665
Dropping frame 1403636970.9016666
Dropping frame 1403636971.1516664
Dropping frame 1403636971.2516665
Dropping frame 1403636971.4516664
Dropping frame 1403636971.5516665
Dropping frame 1403636971.6516664
Dropping frame 1403636971.7516665
Dropping frame 1403636972.1016665
Dropping frame 1403636972.2016666
Dropping frame 1403636972.3016665
Dropping frame 1403636972.5016665
Dropping frame 1403636972.6016665
Dropping frame 1403636972.8516665
Dropping frame 1403636973.0516665
Dropping frame 1403636973.3016665
Dropping frame 1403636973.5016665
Dropping frame 1403636973.6516664
Dropping frame 1403636974.6516664
Dropping frame 1403636975.3516665
Dropping frame 1403636975.7516665
Dropping frame 1403636975.9516664
Dropping frame 1403636976.1516664
Dropping frame 1403636976.6016665
Dropping frame 1403636976.7016666
Dropping frame 1403636976.9516664
Dropping frame 1403636977.0516665
Dropping frame 1403636977.4516664
Dropping frame 1403636977.6516664
Dropping frame 1403636977.9516664
Dropping frame 1403636978.3016665
Dropping frame 1403636978.8016665
Dropping frame 1403636979.3516665
Dropping frame 1403636979.8516665
Dropping frame 1403636979.9516664
Dropping frame 1403636980.3016665
Dropping frame 1403636980.4016666
Dropping frame 1403636980.7516665
Dropping frame 1403636980.8516665
Dropping frame 1403636980.9516664
Dropping frame 1403636981.3016665
Dropping frame 1403636981.7516665
Dropping frame 1403636982.0516665
Dropping frame 1403636982.2516665
Dropping frame 1403636982.3516665
Dropping frame 1403636982.7016666
Dropping frame 1403636982.9016666
Dropping frame 1403636983.1016665
Dropping frame 1403636983.3016665
Dropping frame 1403636983.5016665
Dropping frame 1403636983.6016665
Dropping frame 1403636983.7016666
Dropping frame 1403636983.8516665
Dropping frame 1403636984.0516665
Dropping frame 1403636984.2516665
Dropping frame 1403636984.3516665
Dropping frame 1403636984.4516664
Dropping frame 1403636984.5516665
Dropping frame 1403636984.8016665
Dropping frame 1403636985.0016665
Dropping frame 1403636985.2016666
Dropping frame 1403636985.3016665
Dropping frame 1403636985.4016666
Dropping frame 1403636985.6516664
Dropping frame 1403636985.8516665
Dropping frame 1403636985.9516664
Dropping frame 1403636986.2016666
Dropping frame 1403636986.4016666
Dropping frame 1403636986.6016665
Dropping frame 1403636986.7016666
Dropping frame 1403636986.8016665
Dropping frame 1403636986.9016666
Dropping frame 1403636987.0016665
Dropping frame 1403636987.2016666
Dropping frame 1403636987.3016665
Dropping frame 1403636987.5516665
Dropping frame 1403636987.7516665
Dropping frame 1403636987.9516664
Dropping frame 1403636988.1516664
Dropping frame 1403636988.3516665
Dropping frame 1403636988.4516664
Dropping frame 1403636988.5516665
Dropping frame 1403636988.6516664
Dropping frame 1403636988.8516665
Dropping frame 1403636988.9516664
Dropping frame 1403636989.1516664
Dropping frame 1403636989.3516665
Dropping frame 1403636989.5516665
Dropping frame 1403636989.6516664
Dropping frame 1403636989.7516665
Dropping frame 1403636989.9016666
Dropping frame 1403636990.0016665
Dropping frame 1403636990.2016666
Dropping frame 1403636990.4016666
Dropping frame 1403636990.5016665
Dropping frame 1403636990.6016665
Dropping frame 1403636990.7516665
Dropping frame 1403636991.0016665
Dropping frame 1403636991.1016665
Dropping frame 1403636991.3516665
Dropping frame 1403636991.5516665
Dropping frame 1403636991.6516664
Dropping frame 1403636991.9016666
Dropping frame 1403636992.4016666
Dropping frame 1403636992.7016666
Dropping frame 1403636992.9016666
Dropping frame 1403636993.1516664
Dropping frame 1403636993.4016666
Dropping frame 1403636993.5016665
Dropping frame 1403636993.7016666
Dropping frame 1403636993.9016666
Dropping frame 1403636994.1016665
Dropping frame 1403636994.4016666
Dropping frame 1403636995.9016666
Dropping frame 1403636996.2016666
Dropping frame 1403636996.5016665
Dropping frame 1403636996.8516665
Dropping frame 1403636997.1516664
Dropping frame 1403636997.2516665
Dropping frame 1403636997.5516665
Dropping frame 1403636997.8016665
Dropping frame 1403636998.1016665
Dropping frame 1403636998.3016665
Dropping frame 1403636998.4016666
Dropping frame 1403636998.6516664
Dropping frame 1403636998.7516665
Dropping frame 1403636999.0516665
Dropping frame 1403636999.6516664
Dropping frame 1403636999.9516664
Dropping frame 1403637000.2516665
Dropping frame 1403637000.4516664
Dropping frame 1403637000.6516664
Dropping frame 1403637000.7516665
Dropping frame 1403637000.8516665
Dropping frame 1403637001.0516665
Dropping frame 1403637001.2516665
Dropping frame 1403637001.3516665
Dropping frame 1403637001.6016665
Dropping frame 1403637001.7016666
Dropping frame 1403637002.6016665
Dropping frame 1403637002.8016665
Dropping frame 1403637002.9016666
Dropping frame 1403637003.0016665
Dropping frame 1403637003.1516664
Dropping frame 1403637003.2516665
Dropping frame 1403637003.5016665
Dropping frame 1403637003.7016666
Dropping frame 1403637003.8016665
Dropping frame 1403637003.9016666
Dropping frame 1403637004.2516665
Dropping frame 1403637004.3516665
Dropping frame 1403637004.5516665
Dropping frame 1403637004.6516664
Dropping frame 1403637004.7516665
Dropping frame 1403637004.9516664
Dropping frame 1403637005.0516665
Dropping frame 1403637005.1516664
Dropping frame 1403637005.3516665
Dropping frame 1403637005.4516664
Dropping frame 1403637005.6016665
Dropping frame 1403637005.7016666
Dropping frame 1403637006.0516665
Dropping frame 1403637006.1516664
Dropping frame 1403637006.2516665
Dropping frame 1403637006.3516665
Dropping frame 1403637006.5516665
Dropping frame 1403637006.7516665
Dropping frame 1403637006.8516665
Dropping frame 1403637007.0516665
Dropping frame 1403637007.1516664
Dropping frame 1403637007.2516665
Dropping frame 1403637007.3516665
Dropping frame 1403637007.5516665
Dropping frame 1403637007.7516665
Dropping frame 1403637007.9016666
Dropping frame 1403637008.0016665
Dropping frame 1403637008.2016666
Dropping frame 1403637008.4516664
Dropping frame 1403637008.6516664
Dropping frame 1403637008.7516665
Dropping frame 1403637009.0016665
Dropping frame 1403637009.2016666
Dropping frame 1403637009.4016666
Dropping frame 1403637009.7016666
Dropping frame 1403637009.8016665
Dropping frame 1403637010.0516665
Dropping frame 1403637010.1516664
Dropping frame 1403637010.2516665
Dropping frame 1403637010.4516664
Shutdown
SLAM Finished at System Time: 1732010950.40511

 TIME STATS in ms (mean$\pm$std)
OpenCV version: 4.8.1
---------------------------
Tracking

ORB Extraction: 18.463$\pm$1.7781
Stereo Matching: 7.137$\pm$1.9269
IMU Preintegration: 0.24812$\pm$0.097787
Pose Prediction: 0.21162$\pm$0.61362
LM Track: 18.874$\pm$5.2229
New KF decision: 1.2$\pm$2.2774
Total Tracking: 34.235$\pm$24.771



Local Mapping

KF Insertion: 16.072$\pm$5.4698
MP Culling: 0.5412$\pm$0.20937
MP Creation: 48.304$\pm$16.234
LBA: 150.62$\pm$54.595
KF Culling: 15.593$\pm$10.077
Total Local Mapping: 231.09$\pm$76.577
---------------------------

LBA complexity (mean$\pm$std)
LBA Edges: 1685$\pm$551.96
LBA KF optimized: 6.5$\pm$2.2913
LBA KF fixed: 1$\pm$0
LBA MP: nan$\pm$nan

LBA executions: 472
LBA aborts: 0
---------------------------

Map complexity
KFs in map: 140
MPs in map: 10807
---------------------------

Place Recognition (mean$\pm$std)
Database Query: 1.5146$\pm$0.8825
SE3 estimation: 12.119$\pm$14.163
Total Place Recognition: 12.007$\pm$14.433


Loop Closing (mean$\pm$std)
Loop Fusion: nan$\pm$nan
Essential Graph: nan$\pm$nan
Total Loop Closing: nan$\pm$nan

Num exec: 0
Number of KFs: nan$\pm$nan

Map Merging (mean$\pm$std)
Merge Maps: nan$\pm$nan
Welding BA: nan$\pm$nan
Optimization Ess.: nan$\pm$nan
Total Map Merging: nan$\pm$nan

Num exec: 0
Number of KFs: nan$\pm$nan
Number of MPs: nan$\pm$nan

Full GBA (mean$\pm$std)
GBA: nan$\pm$nan
Map Update: nan$\pm$nan
Total Full GBA: nan$\pm$nan

Num exec: 0
Num abort: 0
Number of KFs: nan$\pm$nan
Number of MPs: nan$\pm$nan

Saving trajectory to f_dataset-MH02_stereo_imu.txt ...
There are 1 maps in the atlas
  Map 0 has 140 KFs

End of saving trajectory to f_dataset-MH02_stereo_imu.txt ...

Saving keyframe trajectory to kf_dataset-MH02_stereo_imu.txt ...
