num_seq = 1
file name: dataset-MH05_stereo_imu
Loading images for sequence 0...LOADED!
Loading IMU for sequence 0...LOADED!

-------

ORB-SLAM3 Copyright (C) 2017-2020 Carlos Campos, Richard Elvira, Juan J. Gómez, José M.M. Montiel and Juan D. Tardós, University of Zaragoza.
ORB-SLAM2 Copyright (C) 2014-2016 Raúl Mur-Artal, José M.M. Montiel and Juan D. Tardós, University of Zaragoza.
This program comes with ABSOLUTELY NO WARRANTY;
This is free software, and you are welcome to redistribute it
under certain conditions. See LICENSE.txt.

Built with REGISTER_TIMES
Git Commit Hash: 42e930e

Compiled with C++ version: 201703

Input sensor was set to: Stereo-Inertial
Loading settings from ./Examples/Stereo-Inertial/EuRoC.yaml
	-Loaded camera 1
	-Loaded camera 2
	-Loaded image info
	-Loaded IMU calibration
	-Loaded ORB settings
	-Loaded viewer settings
	-Loaded Atlas settings
	-Loaded misc parameters
	-Computed rectification maps
----------------------------------
SLAM settings: 
	-Camera 1 parameters (Pinhole): [ 458.65399169921875 457.29598999023438 367.21499633789062 248.375 ]
	-Camera 1 distortion parameters: [  -0.28340810537338257 0.073959067463874817 0.00019359000725671649 1.7618711353861727e-05 ]
	-Camera 2 parameters (Pinhole: [ 457.58700561523438 456.13400268554688 379.99899291992188 255.23800659179688 ]
	-Camera 1 distortion parameters: [  -0.2836836576461792 0.074512839317321777 -0.00010473000293131918 -3.555907096597366e-05 ]
	-Original image size: [ 752 , 480 ]
	-Current image size: [ 752 , 480 ]
	-Camera 1 parameters after rectification: [  456.71499633789062 456.71499633789062 364.52615356445312 257.268798828125 ]
	-Sequence FPS: 20
	-Stereo baseline: 0.11007784307003021
	-Stereo depth threshold : 60
	-Gyro noise: 0.00016999999934341758
	-Accelerometer noise: 0.0020000000949949026
	-Gyro walk: 1.9392999092815444e-05
	-Accelerometer walk: 0.0030000000260770321
	-IMU frequency: 200
	-Features per image: 1200
	-ORB scale factor: 1.2000000476837158
	-ORB number of scales: 8
	-Initial FAST threshold: 20
	-Min FAST threshold: 7


Loading ORB Vocabulary. This could take a while...
Vocabulary loaded!

Initialization of Atlas from scratch 
Creation of new map with id: 0
Creation of new map with last KF id: 0
Seq. Name: 
There are 1 cameras in the atlas
Camera 0 is pinhole
SLAM Started at System Time: 1734522710.95773
not IMU meas
not IMU meas
not enough acceleration
not enough acceleration
not enough acceleration
not enough acceleration
not enough acceleration
not enough acceleration
not enough acceleration
not enough acceleration
not enough acceleration
not enough acceleration
not enough acceleration
not enough acceleration
not enough acceleration
not enough acceleration
not enough acceleration
not enough acceleration
not enough acceleration
not enough acceleration
not enough acceleration
not enough acceleration
not enough acceleration
not enough acceleration
not enough acceleration
not enough acceleration
not enough acceleration
not enough acceleration
not enough acceleration
not enough acceleration
not enough acceleration
not enough acceleration
not enough acceleration
not enough acceleration
not enough acceleration
not enough acceleration
not enough acceleration
not enough acceleration
not enough acceleration
not enough acceleration
not enough acceleration
not enough acceleration
not enough acceleration
not enough acceleration
not enough acceleration
not enough acceleration
not enough acceleration
not enough acceleration
not enough acceleration
not enough acceleration
not enough acceleration
not enough acceleration
not enough acceleration
not enough acceleration
not enough acceleration
not enough acceleration
not enough acceleration
not enough acceleration
not enough acceleration
not enough acceleration
not enough acceleration
not enough acceleration
not enough acceleration
not enough acceleration
not enough acceleration
not enough acceleration
not enough acceleration
not enough acceleration
not enough acceleration
not enough acceleration
not enough acceleration
not enough acceleration
not enough acceleration
not enough acceleration
not enough acceleration
not enough acceleration
not enough acceleration
not enough acceleration
not enough acceleration
not enough acceleration
First KF:0; Map init KF:0
New Map created with 120 points
Active map: 0
start VIBA 1
end VIBA 1
Not enough motion for initializing. Reseting...
TRACK: Reset map because local mapper set the bad imu flag 
LM: Active map reset recieved
LM: Active map reset, waiting...
LM: Reseting current map in Local Mapping...
LM: End reseting Local Mapping...
LM: Reset free the mutex
LM: Active map reset, Done!!!
mnFirstFrameId = 80
mnInitialFrameId = 0
193 Frames set to lost
not IMU meas
First KF:52; Map init KF:0
New Map created with 151 points
Active map: 0
Not enough motion for initializing. Reseting...
LM: Reseting current map in Local Mapping...
LM: End reseting Local Mapping...
LM: Reset free the mutex
Not enough motion for initializing. Reseting...
LM: Reseting current map in Local Mapping...
LM: End reseting Local Mapping...
LM: Reset free the mutex
Not enough motion for initializing. Reseting...
LM: Reseting current map in Local Mapping...
LM: End reseting Local Mapping...
LM: Reset free the mutex
Not enough motion for initializing. Reseting...
TRACK: Reset map because local mapper set the bad imu flag 
LM: Reseting current map in Local Mapping...
LM: End reseting Local Mapping...
LM: Reset free the mutex
LM: Active map reset recieved
LM: Active map reset, waiting...
LM: Reseting current map in Local Mapping...
LM: End reseting Local Mapping...
LM: Reset free the mutex
LM: Active map reset, Done!!!
mnFirstFrameId = 275
mnInitialFrameId = 273
282 Frames set to lost
not IMU meas
First KF:66; Map init KF:52
New Map created with 153 points
Active map: 0
Not enough motion for initializing. Reseting...
LM: Reseting current map in Local Mapping...
LM: End reseting Local Mapping...
LM: Reset free the mutex
Not enough motion for initializing. Reseting...
LM: Reseting current map in Local Mapping...
LM: End reseting Local Mapping...
LM: Reset free the mutex
start VIBA 1
end VIBA 1
start VIBA 2
end VIBA 2
Shutdown
SLAM Finished at System Time: 1734522839.06768

 TIME STATS in ms (mean$\pm$std)
OpenCV version: 4.6.0
---------------------------
Tracking

ORB Extraction: 14.341$\pm$1.4743
Stereo Matching: 6.8889$\pm$2.4311
IMU Preintegration: 0.13102$\pm$0.064011
Pose Prediction: 0.16435$\pm$0.53109
LM Track: 10.394$\pm$4.0294
New KF decision: 0.14636$\pm$0.15629
Total Tracking: 34.741$\pm$6.5044



Local Mapping

KF Insertion: 8.5136$\pm$3.056
MP Culling: 0.18023$\pm$0.098281
MP Creation: 22.422$\pm$10.033
LBA: 94.76$\pm$28.521
KF Culling: 6.1604$\pm$5.3708
Total Local Mapping: 131.9$\pm$42.216
---------------------------

LBA complexity (mean$\pm$std)
LBA Edges: 1262.4$\pm$717.23
LBA KF optimized: 6.5$\pm$2.2913
LBA KF fixed: 1$\pm$0
LBA MP: -nan$\pm$-nan

LBA executions: 531
LBA aborts: 0
---------------------------

Map complexity
KFs in map: 164
MPs in map: 13939
---------------------------

Place Recognition (mean$\pm$std)
Database Query: 1.4045$\pm$0.70597
SE3 estimation: 20.069$\pm$12.994
Total Place Recognition: 14.903$\pm$14.884


Loop Closing (mean$\pm$std)
Loop Fusion: -nan$\pm$-nan
Essential Graph: -nan$\pm$-nan
Total Loop Closing: -nan$\pm$-nan

Num exec: 0
Number of KFs: -nan$\pm$-nan

Map Merging (mean$\pm$std)
Merge Maps: -nan$\pm$-nan
Welding BA: -nan$\pm$-nan
Optimization Ess.: -nan$\pm$-nan
Total Map Merging: -nan$\pm$-nan

Num exec: 0
Number of KFs: -nan$\pm$-nan
Number of MPs: -nan$\pm$-nan

Full GBA (mean$\pm$std)
GBA: -nan$\pm$-nan
Map Update: -nan$\pm$-nan
Total Full GBA: -nan$\pm$-nan

Num exec: 0
Num abort: 0
Number of KFs: -nan$\pm$-nan
Number of MPs: -nan$\pm$-nan

Saving trajectory to f_dataset-MH05_stereo_imu.txt ...
There are 1 maps in the atlas
  Map 0 has 164 KFs

End of saving trajectory to f_dataset-MH05_stereo_imu.txt ...

Saving keyframe trajectory to kf_dataset-MH05_stereo_imu.txt ...
