num_seq = 1
file name: dataset-MH02_stereo_imu
Loading images for sequence 0...LOADED!
Loading IMU for sequence 0...LOADED!

-------

ORB-SLAM3 Copyright (C) 2017-2020 Carlos Campos, Richard Elvira, Juan J. Gómez, José M.M. Montiel and Juan D. Tardós, University of Zaragoza.
ORB-SLAM2 Copyright (C) 2014-2016 Raúl Mur-Artal, José M.M. Montiel and Juan D. Tardós, University of Zaragoza.
This program comes with ABSOLUTELY NO WARRANTY;
This is free software, and you are welcome to redistribute it
under certain conditions. See LICENSE.txt.

Built with REGISTER_TIMES
Git Commit Hash: 90f15d8

Input sensor was set to: Stereo-Inertial
Loading settings from ./Examples/Stereo-Inertial/EuRoC_fov_deadlines_mask_11x11.yaml
	-Loaded camera 1
	-Loaded camera 2
	-Loaded image info
	-Loaded IMU calibration
	-Loaded ORB settings
	-Loaded viewer settings
	-Loaded Atlas settings
Deadlines enabled, will skip frames!
FOV enabled
Static mask size: 11x11
Dumping map points enabled
	-Loaded misc parameters
	-Computed rectification maps
----------------------------------
SLAM settings: 
	-Camera 1 parameters (Pinhole): [ 458.65399169921875 457.29598999023438 367.21499633789062 248.375 ]
	-Camera 1 distortion parameters: [  -0.28340810537338257 0.073959067463874817 0.00019359000725671649 1.7618711353861727e-05 ]
	-Camera 2 parameters (Pinhole: [ 457.58700561523438 456.13400268554688 379.99899291992188 255.23800659179688 ]
	-Camera 1 distortion parameters: [  -0.2836836576461792 0.074512839317321777 -0.00010473000293131918 -3.555907096597366e-05 ]
	-Original image size: [ 752 , 480 ]
	-Current image size: [ 752 , 480 ]
	-Camera 1 parameters after rectification: [  456.71499633789062 456.71499633789062 364.52615356445312 257.268798828125 ]
	-Sequence FPS: 20
	-Stereo baseline: 0.11007784307003021
	-Stereo depth threshold : 60
	-Gyro noise: 0.00016999999934341758
	-Accelerometer noise: 0.0020000000949949026
	-Gyro walk: 1.9392999092815444e-05
	-Accelerometer walk: 0.0030000000260770321
	-IMU frequency: 200
	-Features per image: 1200
	-ORB scale factor: 1.2000000476837158
	-ORB number of scales: 8
	-Initial FAST threshold: 20
	-Min FAST threshold: 7


Loading ORB Vocabulary. This could take a while...
Vocabulary loaded!

Initialization of Atlas from scratch 
Creation of new map with id: 0
Creation of new map with last KF id: 0
Seq. Name: 
There are 1 cameras in the atlas
Camera 0 is pinhole
SLAM Started at System Time: 1732013359.16736
not IMU meas
not IMU meas
not enough acceleration
not enough acceleration
not enough acceleration
not enough acceleration
not enough acceleration
not enough acceleration
First KF:0; Map init KF:0
New Map created with 196 points
Active map: 0
Dropping frame 1403636859.6016665
Dropping frame 1403636859.9516664
Dropping frame 1403636860.2516665
Dropping frame 1403636860.3516665
Dropping frame 1403636860.5016665
Dropping frame 1403636860.7516665
Dropping frame 1403636860.9516664
Dropping frame 1403636861.2016666
Dropping frame 1403636861.6016665
Dropping frame 1403636861.9016666
Dropping frame 1403636862.2016666
Dropping frame 1403636862.3016665
Dropping frame 1403636862.4016666
Dropping frame 1403636862.5516665
Dropping frame 1403636862.8516665
Dropping frame 1403636863.0016665
Dropping frame 1403636863.3016665
Dropping frame 1403636864.0016665
Dropping frame 1403636864.2516665
Dropping frame 1403636864.4016666
Dropping frame 1403636864.5016665
start VIBA 1
end VIBA 1
Dropping frame 1403636864.7516665
Dropping frame 1403636864.8516665
Dropping frame 1403636865.0516665
Dropping frame 1403636865.1516664
Dropping frame 1403636865.2516665
Dropping frame 1403636865.3516665
Dropping frame 1403636865.4516664
Dropping frame 1403636865.6516664
Dropping frame 1403636865.7516665
Dropping frame 1403636866.1016665
Dropping frame 1403636866.5516665
Dropping frame 1403636866.6516664
Dropping frame 1403636866.7516665
Dropping frame 1403636866.8516665
Dropping frame 1403636867.0516665
Dropping frame 1403636867.1516664
Dropping frame 1403636867.3516665
Dropping frame 1403636867.5516665
Dropping frame 1403636867.6516664
Dropping frame 1403636867.7516665
Dropping frame 1403636867.8516665
Dropping frame 1403636868.0516665
Dropping frame 1403636868.2516665
Dropping frame 1403636868.3516665
Dropping frame 1403636868.4516664
Dropping frame 1403636868.6516664
Dropping frame 1403636868.8516665
Dropping frame 1403636869.0516665
Dropping frame 1403636869.2516665
Dropping frame 1403636869.4516664
Dropping frame 1403636869.5516665
Not enough motion for initializing. Reseting...
TRACK: Reset map because local mapper set the bad imu flag 
LM: Active map reset recieved
LM: Active map reset, waiting...
LM: Reseting current map in Local Mapping...
LM: End reseting Local Mapping...
LM: Reset free the mutex
LM: Active map reset, Done!!!
mnFirstFrameId = 8
mnInitialFrameId = 0
161 Frames set to lost
not IMU meas
Dropping frame 1403636869.8016665
not enough acceleration
not enough acceleration
not enough acceleration
Dropping frame 1403636870.0016665
not enough acceleration
not enough acceleration
Dropping frame 1403636870.1516664
not enough acceleration
not enough acceleration
Dropping frame 1403636870.3016665
not enough acceleration
not enough acceleration
First KF:37; Map init KF:0
New Map created with 405 points
Active map: 0
Dropping frame 1403636870.5516665
Dropping frame 1403636870.6516664
Dropping frame 1403636870.7516665
Dropping frame 1403636870.9516664
Dropping frame 1403636871.1016665
Dropping frame 1403636871.3016665
Dropping frame 1403636871.5016665
Dropping frame 1403636871.8516665
Dropping frame 1403636872.0016665
Dropping frame 1403636872.2016666
Dropping frame 1403636872.4016666
Dropping frame 1403636872.5016665
Dropping frame 1403636872.7516665
Dropping frame 1403636872.8516665
Dropping frame 1403636873.1016665
Dropping frame 1403636873.4516664
Dropping frame 1403636873.7016666
Dropping frame 1403636874.0016665
Dropping frame 1403636874.2516665
Dropping frame 1403636874.4516664
Dropping frame 1403636874.6516664
Dropping frame 1403636874.7516665
Dropping frame 1403636875.0016665
Dropping frame 1403636875.3016665
Dropping frame 1403636875.6016665
start VIBA 1
Dropping frame 1403636875.7016666
end VIBA 1
Dropping frame 1403636875.9516664
Dropping frame 1403636876.1016665
Dropping frame 1403636876.3016665
Dropping frame 1403636876.5016665
Dropping frame 1403636876.7016666
Dropping frame 1403636877.6516664
Dropping frame 1403636877.7516665
Dropping frame 1403636878.1016665
Dropping frame 1403636878.3016665
Dropping frame 1403636878.4516664
Dropping frame 1403636878.6516664
Dropping frame 1403636878.9516664
Dropping frame 1403636879.0516665
Dropping frame 1403636879.2516665
Dropping frame 1403636879.4016666
Dropping frame 1403636879.6016665
Dropping frame 1403636879.7016666
Dropping frame 1403636879.9516664
Dropping frame 1403636880.3516665
Dropping frame 1403636880.7016666
Dropping frame 1403636881.1016665
Dropping frame 1403636881.2516665
Dropping frame 1403636881.5016665
Dropping frame 1403636882.0016665
Dropping frame 1403636882.4516664
Dropping frame 1403636882.5516665
Dropping frame 1403636882.7016666
Dropping frame 1403636882.9516664
Dropping frame 1403636883.3016665
Dropping frame 1403636883.6516664
Dropping frame 1403636883.7516665
Dropping frame 1403636884.0016665
Dropping frame 1403636884.3016665
Dropping frame 1403636884.5016665
Dropping frame 1403636884.6016665
Dropping frame 1403636885.2516665
Dropping frame 1403636885.4516664
Dropping frame 1403636885.8516665
Dropping frame 1403636886.0016665
Dropping frame 1403636886.2516665
Dropping frame 1403636886.5016665
Dropping frame 1403636886.8016665
Dropping frame 1403636887.1016665
Dropping frame 1403636887.4016666
Dropping frame 1403636889.0016665
Dropping frame 1403636889.3016665
Dropping frame 1403636889.5516665
Dropping frame 1403636889.8516665
Dropping frame 1403636889.9516664
Dropping frame 1403636890.1016665
Dropping frame 1403636890.3516665
Dropping frame 1403636890.6016665
Dropping frame 1403636890.8516665
Dropping frame 1403636891.1016665
Dropping frame 1403636891.4016666
Dropping frame 1403636891.6016665
Dropping frame 1403636891.9516664
Dropping frame 1403636892.4516664
Dropping frame 1403636892.6016665
Dropping frame 1403636892.8016665
Dropping frame 1403636893.0016665
Dropping frame 1403636893.1516664
Dropping frame 1403636893.2516665
Dropping frame 1403636893.4016666
Dropping frame 1403636893.6516664
Dropping frame 1403636893.7516665
Dropping frame 1403636894.0016665
Dropping frame 1403636894.3016665
Dropping frame 1403636894.7516665
Dropping frame 1403636894.9516664
Dropping frame 1403636895.2516665
Dropping frame 1403636895.5516665
Dropping frame 1403636895.7516665
Dropping frame 1403636895.8516665
Dropping frame 1403636896.0516665
Dropping frame 1403636896.4016666
Dropping frame 1403636896.5016665
Dropping frame 1403636896.7016666
Dropping frame 1403636896.9516664
Dropping frame 1403636897.4016666
Dropping frame 1403636897.9016666
Dropping frame 1403636898.3516665
Dropping frame 1403636898.6016665
Dropping frame 1403636898.8016665
Dropping frame 1403636898.9016666
Dropping frame 1403636899.1516664
Dropping frame 1403636899.4516664
start VIBA 2
Dropping frame 1403636900.0516665
end VIBA 2
Dropping frame 1403636900.5016665
Dropping frame 1403636900.7516665
Dropping frame 1403636901.3516665
Dropping frame 1403636901.5516665
Dropping frame 1403636901.8516665
Dropping frame 1403636902.2016666
Dropping frame 1403636902.3516665
Dropping frame 1403636902.6516664
Dropping frame 1403636902.9516664
Dropping frame 1403636903.2516665
Dropping frame 1403636904.6016665
Dropping frame 1403636904.9016666
Dropping frame 1403636905.0516665
Dropping frame 1403636905.2516665
Dropping frame 1403636905.4016666
Dropping frame 1403636905.7016666
Dropping frame 1403636905.9016666
Dropping frame 1403636906.1516664
Dropping frame 1403636906.2516665
Dropping frame 1403636906.5516665
Dropping frame 1403636906.9016666
Dropping frame 1403636907.2516665
Dropping frame 1403636907.9516664
Dropping frame 1403636908.6516664
Dropping frame 1403636909.2516665
Dropping frame 1403636909.7516665
Dropping frame 1403636909.8516665
Dropping frame 1403636910.1016665
Dropping frame 1403636910.5016665
Dropping frame 1403636910.7516665
Dropping frame 1403636910.9016666
Dropping frame 1403636911.3016665
Dropping frame 1403636911.4016666
Dropping frame 1403636911.7016666
Dropping frame 1403636912.1016665
Dropping frame 1403636912.2516665
Dropping frame 1403636912.7016666
Dropping frame 1403636913.0016665
Dropping frame 1403636913.1016665
Dropping frame 1403636913.5016665
Dropping frame 1403636913.8516665
Dropping frame 1403636914.1516664
Dropping frame 1403636914.3516665
Dropping frame 1403636914.6516664
Dropping frame 1403636915.2516665
Dropping frame 1403636915.4016666
Dropping frame 1403636915.6016665
Dropping frame 1403636915.9516664
Dropping frame 1403636916.5016665
Dropping frame 1403636917.1016665
Dropping frame 1403636917.3516665
Dropping frame 1403636917.7016666
Dropping frame 1403636917.8016665
Dropping frame 1403636917.9516664
Dropping frame 1403636918.2516665
Dropping frame 1403636918.6016665
Dropping frame 1403636918.7016666
Dropping frame 1403636919.0016665
Dropping frame 1403636919.4016666
Dropping frame 1403636919.5016665
Dropping frame 1403636919.6516664
Dropping frame 1403636919.7516665
Dropping frame 1403636920.3016665
Dropping frame 1403636920.4016666
Dropping frame 1403636920.5016665
Dropping frame 1403636920.7516665
Dropping frame 1403636920.9516664
Dropping frame 1403636921.0516665
Dropping frame 1403636921.1516664
Dropping frame 1403636921.2516665
Dropping frame 1403636921.5016665
Dropping frame 1403636921.7016666
Dropping frame 1403636921.8016665
Dropping frame 1403636921.9016666
Dropping frame 1403636922.0016665
Dropping frame 1403636922.1516664
Dropping frame 1403636922.2516665
Dropping frame 1403636922.4516664
Dropping frame 1403636922.5516665
Dropping frame 1403636922.6516664
Dropping frame 1403636922.8516665
Dropping frame 1403636923.0516665
Dropping frame 1403636923.3016665
Dropping frame 1403636923.4016666
Dropping frame 1403636923.5016665
Dropping frame 1403636923.6016665
Dropping frame 1403636923.9016666
Dropping frame 1403636924.0016665
Dropping frame 1403636924.2016666
Dropping frame 1403636924.3016665
Dropping frame 1403636924.4016666
Dropping frame 1403636924.5016665
Dropping frame 1403636924.6016665
Dropping frame 1403636924.8516665
Dropping frame 1403636924.9516664
Dropping frame 1403636925.2516665
Dropping frame 1403636925.3516665
Dropping frame 1403636925.4516664
Dropping frame 1403636925.7516665
Dropping frame 1403636925.8516665
Dropping frame 1403636925.9516664
Dropping frame 1403636926.0516665
Dropping frame 1403636926.1516664
Dropping frame 1403636926.2516665
Dropping frame 1403636926.4016666
Dropping frame 1403636926.5516665
Dropping frame 1403636926.7016666
Dropping frame 1403636926.8516665
Dropping frame 1403636926.9516664
Dropping frame 1403636927.0516665
Dropping frame 1403636927.3016665
Dropping frame 1403636927.4516664
Dropping frame 1403636927.5516665
Dropping frame 1403636927.7016666
Dropping frame 1403636927.9516664
Dropping frame 1403636928.0516665
Dropping frame 1403636928.1516664
Dropping frame 1403636928.2516665
Dropping frame 1403636928.3516665
Dropping frame 1403636928.5516665
Dropping frame 1403636928.6516664
Dropping frame 1403636928.8516665
Dropping frame 1403636928.9516664
Dropping frame 1403636929.0516665
Dropping frame 1403636929.2516665
Dropping frame 1403636929.3516665
Dropping frame 1403636929.5516665
Dropping frame 1403636929.6516664
Dropping frame 1403636929.7516665
Dropping frame 1403636929.8516665
Dropping frame 1403636929.9516664
Dropping frame 1403636930.1516664
Dropping frame 1403636930.2516665
Dropping frame 1403636930.3516665
Dropping frame 1403636930.5516665
Dropping frame 1403636930.6516664
Dropping frame 1403636930.7516665
Dropping frame 1403636930.8516665
Dropping frame 1403636931.0516665
Dropping frame 1403636931.2516665
Dropping frame 1403636931.3516665
Dropping frame 1403636931.4516664
Dropping frame 1403636931.5516665
Dropping frame 1403636931.8016665
Dropping frame 1403636931.9016666
Dropping frame 1403636932.0016665
Dropping frame 1403636932.1516664
Dropping frame 1403636932.2516665
Dropping frame 1403636932.4516664
Dropping frame 1403636932.5516665
Dropping frame 1403636932.6516664
Dropping frame 1403636932.7516665
Dropping frame 1403636932.9016666
Dropping frame 1403636933.1016665
Dropping frame 1403636933.2016666
Dropping frame 1403636933.3016665
Dropping frame 1403636933.4016666
Dropping frame 1403636933.5016665
Dropping frame 1403636933.6016665
Dropping frame 1403636933.9016666
Dropping frame 1403636934.0016665
Dropping frame 1403636934.3016665
Dropping frame 1403636934.4516664
Dropping frame 1403636934.5516665
Dropping frame 1403636934.6516664
Dropping frame 1403636934.8516665
Dropping frame 1403636935.2516665
Dropping frame 1403636935.3516665
Dropping frame 1403636935.6016665
Dropping frame 1403636935.8516665
Dropping frame 1403636935.9516664
Dropping frame 1403636936.1516664
Dropping frame 1403636936.3016665
Dropping frame 1403636936.6016665
Dropping frame 1403636936.8516665
Dropping frame 1403636937.0516665
Dropping frame 1403636937.1516664
Dropping frame 1403636937.4516664
Dropping frame 1403636937.5516665
Dropping frame 1403636937.8516665
Dropping frame 1403636938.1516664
Dropping frame 1403636938.4516664
Dropping frame 1403636938.6516664
Dropping frame 1403636939.6516664
Dropping frame 1403636939.7516665
Dropping frame 1403636939.8516665
Dropping frame 1403636940.2516665
Dropping frame 1403636940.3516665
Dropping frame 1403636940.5516665
Dropping frame 1403636940.6516664
Dropping frame 1403636940.7516665
Dropping frame 1403636940.8516665
Dropping frame 1403636941.1016665
Dropping frame 1403636941.3016665
Dropping frame 1403636941.4016666
Dropping frame 1403636941.5016665
Dropping frame 1403636941.6016665
Dropping frame 1403636941.8516665
Dropping frame 1403636942.0516665
Dropping frame 1403636942.1516664
Dropping frame 1403636942.4516664
Dropping frame 1403636942.6516664
Dropping frame 1403636942.8016665
Dropping frame 1403636943.1516664
Dropping frame 1403636943.2516665
Dropping frame 1403636943.3516665
Dropping frame 1403636943.7016666
Dropping frame 1403636943.9516664
Dropping frame 1403636944.0516665
Dropping frame 1403636944.1516664
Dropping frame 1403636944.3016665
Dropping frame 1403636944.5016665
Dropping frame 1403636944.6016665
Dropping frame 1403636944.7016666
Dropping frame 1403636944.8516665
Dropping frame 1403636944.9516664
Dropping frame 1403636945.0516665
Dropping frame 1403636945.1516664
Dropping frame 1403636945.2516665
Dropping frame 1403636945.3516665
Dropping frame 1403636945.6016665
Dropping frame 1403636945.7016666
Dropping frame 1403636945.9016666
Dropping frame 1403636946.0016665
Dropping frame 1403636946.2516665
Dropping frame 1403636946.4016666
Dropping frame 1403636946.5016665
Dropping frame 1403636946.6016665
Dropping frame 1403636946.7016666
Dropping frame 1403636946.9016666
Dropping frame 1403636947.0016665
Dropping frame 1403636947.1016665
Dropping frame 1403636947.2016666
Dropping frame 1403636947.3516665
Dropping frame 1403636948.1016665
Dropping frame 1403636948.2016666
Dropping frame 1403636948.5016665
Dropping frame 1403636948.6016665
Dropping frame 1403636948.7016666
Dropping frame 1403636948.9516664
Dropping frame 1403636949.0516665
Dropping frame 1403636949.1516664
Dropping frame 1403636949.3016665
Dropping frame 1403636949.4016666
Dropping frame 1403636949.6016665
Dropping frame 1403636949.8016665
Dropping frame 1403636949.9016666
Dropping frame 1403636950.1016665
Dropping frame 1403636950.2016666
Dropping frame 1403636950.3016665
Dropping frame 1403636950.4016666
Dropping frame 1403636950.5016665
Dropping frame 1403636950.7016666
Dropping frame 1403636950.8516665
Dropping frame 1403636950.9516664
Dropping frame 1403636951.0516665
Dropping frame 1403636951.1516664
Dropping frame 1403636951.3516665
Dropping frame 1403636951.5516665
Dropping frame 1403636951.6516664
Dropping frame 1403636951.7516665
Dropping frame 1403636951.9016666
Dropping frame 1403636952.1016665
Dropping frame 1403636952.2016666
Dropping frame 1403636952.3016665
Dropping frame 1403636952.4016666
Dropping frame 1403636952.5016665
Dropping frame 1403636952.6516664
Dropping frame 1403636952.8516665
Dropping frame 1403636953.0516665
Dropping frame 1403636953.1516664
Dropping frame 1403636953.3516665
Dropping frame 1403636953.5516665
Dropping frame 1403636953.6516664
Dropping frame 1403636953.7516665
Dropping frame 1403636953.8516665
Dropping frame 1403636953.9516664
Dropping frame 1403636954.1016665
Dropping frame 1403636954.2016666
Dropping frame 1403636954.3516665
Dropping frame 1403636954.5516665
Dropping frame 1403636954.7516665
Dropping frame 1403636954.9516664
Dropping frame 1403636955.0516665
Dropping frame 1403636955.1516664
Dropping frame 1403636955.2516665
Dropping frame 1403636955.4516664
Dropping frame 1403636955.5516665
Dropping frame 1403636955.6516664
Dropping frame 1403636955.8516665
Dropping frame 1403636956.0516665
Dropping frame 1403636956.2516665
Dropping frame 1403636956.4516664
Dropping frame 1403636956.5516665
Dropping frame 1403636956.6516664
Dropping frame 1403636956.9016666
Dropping frame 1403636957.0016665
Dropping frame 1403636957.1016665
Dropping frame 1403636957.3016665
Dropping frame 1403636957.5016665
Dropping frame 1403636957.7016666
Dropping frame 1403636957.9016666
Dropping frame 1403636958.0016665
Dropping frame 1403636958.2016666
Dropping frame 1403636958.4016666
Dropping frame 1403636958.5016665
Dropping frame 1403636958.6016665
Dropping frame 1403636958.8016665
Dropping frame 1403636959.0016665
Dropping frame 1403636959.2016666
Dropping frame 1403636959.3016665
Dropping frame 1403636959.5516665
Dropping frame 1403636959.6516664
Dropping frame 1403636959.7516665
Dropping frame 1403636959.9516664
Dropping frame 1403636960.1016665
Dropping frame 1403636960.2016666
Dropping frame 1403636960.4016666
Dropping frame 1403636960.6016665
Dropping frame 1403636960.8016665
Dropping frame 1403636961.0016665
Dropping frame 1403636961.1016665
Dropping frame 1403636961.2016666
Dropping frame 1403636961.3016665
Dropping frame 1403636961.4016666
Dropping frame 1403636961.6016665
Dropping frame 1403636961.8016665
Dropping frame 1403636961.9016666
Dropping frame 1403636962.0016665
Dropping frame 1403636962.2016666
Dropping frame 1403636962.4016666
Dropping frame 1403636962.6016665
Dropping frame 1403636962.8016665
Dropping frame 1403636963.0016665
Dropping frame 1403636963.1016665
Dropping frame 1403636963.2016666
Dropping frame 1403636963.3016665
Dropping frame 1403636963.5016665
Dropping frame 1403636963.7016666
Dropping frame 1403636963.8016665
Dropping frame 1403636963.9016666
Dropping frame 1403636964.0016665
Dropping frame 1403636964.1016665
Dropping frame 1403636964.3016665
Dropping frame 1403636964.5016665
Dropping frame 1403636964.7016666
Dropping frame 1403636964.8016665
Dropping frame 1403636964.9016666
Dropping frame 1403636965.0516665
Dropping frame 1403636965.4016666
Dropping frame 1403636965.6016665
Dropping frame 1403636965.8016665
Dropping frame 1403636966.0016665
Dropping frame 1403636966.2016666
Dropping frame 1403636966.3016665
Dropping frame 1403636966.5016665
Dropping frame 1403636966.6016665
Dropping frame 1403636966.8016665
Dropping frame 1403636967.0516665
Dropping frame 1403636967.1516664
Dropping frame 1403636967.3516665
Dropping frame 1403636967.5516665
Dropping frame 1403636967.7516665
Dropping frame 1403636967.8516665
Dropping frame 1403636967.9516664
Dropping frame 1403636968.0516665
Dropping frame 1403636968.2516665
Dropping frame 1403636968.5016665
Dropping frame 1403636968.7016666
Dropping frame 1403636968.8016665
Dropping frame 1403636969.0016665
Dropping frame 1403636969.1016665
Dropping frame 1403636969.2016666
Dropping frame 1403636969.3016665
Dropping frame 1403636969.5016665
Dropping frame 1403636970.0016665
Dropping frame 1403636970.2016666
Dropping frame 1403636970.3016665
Dropping frame 1403636970.5516665
Dropping frame 1403636970.7516665
Dropping frame 1403636970.8516665
Dropping frame 1403636971.1016665
Dropping frame 1403636971.3016665
Dropping frame 1403636971.5016665
Dropping frame 1403636971.6016665
Dropping frame 1403636971.8516665
Dropping frame 1403636972.0516665
Dropping frame 1403636972.1516664
Dropping frame 1403636972.4016666
Dropping frame 1403636972.6016665
Dropping frame 1403636972.8016665
Dropping frame 1403636973.0016665
Dropping frame 1403636973.2016666
Dropping frame 1403636973.3016665
Dropping frame 1403636973.9516664
Dropping frame 1403636974.1516664
Dropping frame 1403636974.3516665
Dropping frame 1403636974.5516665
Dropping frame 1403636974.7516665
Dropping frame 1403636974.8516665
Dropping frame 1403636974.9516664
Dropping frame 1403636975.1516664
Dropping frame 1403636975.2516665
Dropping frame 1403636975.5016665
Dropping frame 1403636975.7016666
Dropping frame 1403636975.9016666
Dropping frame 1403636976.1016665
Dropping frame 1403636976.2016666
Dropping frame 1403636976.3016665
Dropping frame 1403636976.4016666
Dropping frame 1403636976.6016665
Dropping frame 1403636976.8016665
Dropping frame 1403636977.0016665
Dropping frame 1403636977.1016665
Dropping frame 1403636977.4516664
Dropping frame 1403636977.5516665
Dropping frame 1403636977.6516664
Dropping frame 1403636977.8516665
Dropping frame 1403636978.3516665
Dropping frame 1403636978.4516664
Dropping frame 1403636978.6516664
Dropping frame 1403636978.9516664
Dropping frame 1403636979.1516664
Dropping frame 1403636979.3516665
Dropping frame 1403636979.5516665
Dropping frame 1403636979.7516665
Dropping frame 1403636979.9516664
Dropping frame 1403636980.0516665
Dropping frame 1403636980.1516664
Dropping frame 1403636980.2516665
Dropping frame 1403636980.3516665
Dropping frame 1403636980.5516665
Dropping frame 1403636980.7516665
Dropping frame 1403636980.8516665
Dropping frame 1403636980.9516664
Dropping frame 1403636981.1016665
Dropping frame 1403636981.3016665
Dropping frame 1403636981.5516665
Dropping frame 1403636981.7516665
Dropping frame 1403636981.9516664
Dropping frame 1403636982.1016665
Dropping frame 1403636982.3016665
Dropping frame 1403636982.4016666
Dropping frame 1403636982.8516665
Dropping frame 1403636983.0516665
Dropping frame 1403636983.1516664
Dropping frame 1403636983.2516665
Dropping frame 1403636983.3516665
Dropping frame 1403636983.5516665
Dropping frame 1403636983.7016666
Dropping frame 1403636983.8016665
Dropping frame 1403636984.0016665
Dropping frame 1403636984.2016666
Dropping frame 1403636984.5016665
Dropping frame 1403636984.6016665
Dropping frame 1403636984.8016665
Dropping frame 1403636985.0016665
Dropping frame 1403636985.2516665
Dropping frame 1403636985.4016666
Dropping frame 1403636985.5016665
Dropping frame 1403636985.7516665
Dropping frame 1403636985.8516665
Dropping frame 1403636986.0516665
Dropping frame 1403636986.2516665
Dropping frame 1403636986.3516665
Dropping frame 1403636986.7016666
Dropping frame 1403636986.9016666
Dropping frame 1403636987.0016665
Dropping frame 1403636987.1016665
Dropping frame 1403636987.4016666
Dropping frame 1403636987.5016665
Dropping frame 1403636987.6016665
Dropping frame 1403636987.7516665
Dropping frame 1403636987.9516664
Dropping frame 1403636988.0516665
Dropping frame 1403636988.2016666
Dropping frame 1403636988.4516664
Dropping frame 1403636988.5516665
Dropping frame 1403636988.6516664
Dropping frame 1403636988.8516665
Dropping frame 1403636988.9516664
Dropping frame 1403636989.1016665
Dropping frame 1403636989.3016665
Dropping frame 1403636989.4016666
Dropping frame 1403636989.7016666
Dropping frame 1403636989.8016665
Dropping frame 1403636990.0516665
Dropping frame 1403636990.3016665
Dropping frame 1403636990.5016665
Dropping frame 1403636991.1516664
Dropping frame 1403636991.3516665
Dropping frame 1403636991.6516664
Dropping frame 1403636992.1516664
Dropping frame 1403636992.5016665
Dropping frame 1403636992.9516664
Dropping frame 1403636993.3516665
Dropping frame 1403636993.4516664
Dropping frame 1403636993.7016666
Dropping frame 1403636993.8516665
Dropping frame 1403636994.2516665
Dropping frame 1403636994.3516665
Dropping frame 1403636994.7016666
Dropping frame 1403636994.9516664
Dropping frame 1403636995.2016666
Dropping frame 1403636995.4016666
Dropping frame 1403636995.8516665
Dropping frame 1403636996.1016665
Dropping frame 1403636996.3016665
Dropping frame 1403636996.4016666
Dropping frame 1403636996.6016665
Dropping frame 1403636996.7016666
Dropping frame 1403636996.8516665
Dropping frame 1403636997.0516665
Dropping frame 1403636997.2516665
Dropping frame 1403636997.5016665
Dropping frame 1403636997.7016666
Dropping frame 1403636997.8016665
Dropping frame 1403636997.9016666
Dropping frame 1403636998.1016665
Dropping frame 1403636998.3016665
Dropping frame 1403636998.5516665
Dropping frame 1403636998.7516665
Dropping frame 1403636998.9516664
Dropping frame 1403636999.1516664
Dropping frame 1403636999.5016665
Dropping frame 1403636999.7016666
Dropping frame 1403636999.8516665
Dropping frame 1403636999.9516664
Dropping frame 1403637000.1516664
Dropping frame 1403637000.3516665
Dropping frame 1403637000.4516664
Dropping frame 1403637000.7016666
Dropping frame 1403637000.9016666
Dropping frame 1403637001.0016665
Dropping frame 1403637001.1016665
Dropping frame 1403637001.2016666
Dropping frame 1403637001.4016666
Dropping frame 1403637001.5016665
Dropping frame 1403637001.7016666
Dropping frame 1403637001.9016666
Dropping frame 1403637002.1016665
Dropping frame 1403637002.3016665
Dropping frame 1403637002.4016666
Dropping frame 1403637002.5016665
Dropping frame 1403637002.7016666
Dropping frame 1403637002.9016666
Dropping frame 1403637003.1016665
Dropping frame 1403637003.3016665
Dropping frame 1403637003.4016666
Dropping frame 1403637003.6016665
Dropping frame 1403637003.7516665
Dropping frame 1403637003.8516665
Dropping frame 1403637003.9516664
Dropping frame 1403637004.1016665
Dropping frame 1403637004.2516665
Dropping frame 1403637004.3516665
Dropping frame 1403637004.6016665
Dropping frame 1403637004.8016665
Dropping frame 1403637005.0016665
Dropping frame 1403637005.1016665
Dropping frame 1403637005.2016666
Dropping frame 1403637005.5016665
Dropping frame 1403637006.0016665
Dropping frame 1403637006.5016665
Dropping frame 1403637006.6016665
Dropping frame 1403637006.8016665
Dropping frame 1403637007.0016665
Dropping frame 1403637007.1016665
Dropping frame 1403637007.3516665
Dropping frame 1403637007.4516664
Dropping frame 1403637007.5516665
Dropping frame 1403637007.7516665
Dropping frame 1403637007.9516664
Dropping frame 1403637008.0516665
Dropping frame 1403637008.3016665
Dropping frame 1403637008.5016665
Dropping frame 1403637008.7016666
Dropping frame 1403637008.9016666
Dropping frame 1403637009.1016665
Dropping frame 1403637009.2016666
Dropping frame 1403637009.3016665
Dropping frame 1403637009.5016665
Dropping frame 1403637009.7516665
Dropping frame 1403637009.9516664
Dropping frame 1403637010.1516664
Dropping frame 1403637010.3516665
Dropping frame 1403637010.4516664
Dropping frame 1403637010.5516665
Shutdown
SLAM Finished at System Time: 1732013545.22014

 TIME STATS in ms (mean$\pm$std)
OpenCV version: 4.8.1
---------------------------
Tracking

ORB Extraction: 20.354$\pm$1.9092
Stereo Matching: 7.251$\pm$2.0358
IMU Preintegration: 0.24826$\pm$0.10791
Pose Prediction: 0.29533$\pm$0.93926
LM Track: 19.362$\pm$5.343
New KF decision: 1.3118$\pm$2.4285
Total Tracking: 32.275$\pm$26.965



Local Mapping

KF Insertion: 16.068$\pm$4.9766
MP Culling: 0.55425$\pm$0.21218
MP Creation: 48.323$\pm$15.462
LBA: 146.05$\pm$54.979
KF Culling: 14.134$\pm$9.9
Total Local Mapping: 224.95$\pm$78.578
---------------------------

LBA complexity (mean$\pm$std)
LBA Edges: 1850.7$\pm$516.74
LBA KF optimized: 6.1875$\pm$2.0377
LBA KF fixed: 1.3125$\pm$0.84548
LBA MP: nan$\pm$nan

LBA executions: 466
LBA aborts: 0
---------------------------

Map complexity
KFs in map: 127
MPs in map: 10643
---------------------------

Place Recognition (mean$\pm$std)
Database Query: 1.7173$\pm$0.80292
SE3 estimation: 15.487$\pm$16.356
Total Place Recognition: 12.004$\pm$16.039


Loop Closing (mean$\pm$std)
Loop Fusion: nan$\pm$nan
Essential Graph: nan$\pm$nan
Total Loop Closing: nan$\pm$nan

Num exec: 0
Number of KFs: nan$\pm$nan

Map Merging (mean$\pm$std)
Merge Maps: nan$\pm$nan
Welding BA: nan$\pm$nan
Optimization Ess.: nan$\pm$nan
Total Map Merging: nan$\pm$nan

Num exec: 0
Number of KFs: nan$\pm$nan
Number of MPs: nan$\pm$nan

Full GBA (mean$\pm$std)
GBA: nan$\pm$nan
Map Update: nan$\pm$nan
Total Full GBA: nan$\pm$nan

Num exec: 0
Num abort: 0
Number of KFs: nan$\pm$nan
Number of MPs: nan$\pm$nan

Saving trajectory to f_dataset-MH02_stereo_imu.txt ...
There are 1 maps in the atlas
  Map 0 has 127 KFs

End of saving trajectory to f_dataset-MH02_stereo_imu.txt ...

Saving keyframe trajectory to kf_dataset-MH02_stereo_imu.txt ...
