num_seq = 1
file name: dataset-MH02_stereo_imu
Loading images for sequence 0...LOADED!
Loading IMU for sequence 0...LOADED!

-------

ORB-SLAM3 Copyright (C) 2017-2020 Carlos Campos, Richard Elvira, Juan J. Gómez, José M.M. Montiel and Juan D. Tardós, University of Zaragoza.
ORB-SLAM2 Copyright (C) 2014-2016 Raúl Mur-Artal, José M.M. Montiel and Juan D. Tardós, University of Zaragoza.
This program comes with ABSOLUTELY NO WARRANTY;
This is free software, and you are welcome to redistribute it
under certain conditions. See LICENSE.txt.

Built with REGISTER_TIMES
Git Commit Hash: 90f15d8

Input sensor was set to: Stereo-Inertial
Loading settings from ./Examples/Stereo-Inertial/EuRoC_fov_deadlines_mask_9x9.yaml
	-Loaded camera 1
	-Loaded camera 2
	-Loaded image info
	-Loaded IMU calibration
	-Loaded ORB settings
	-Loaded viewer settings
	-Loaded Atlas settings
Deadlines enabled, will skip frames!
FOV enabled
Static mask size: 9x9
Dumping map points enabled
	-Loaded misc parameters
	-Computed rectification maps
----------------------------------
SLAM settings: 
	-Camera 1 parameters (Pinhole): [ 458.65399169921875 457.29598999023438 367.21499633789062 248.375 ]
	-Camera 1 distortion parameters: [  -0.28340810537338257 0.073959067463874817 0.00019359000725671649 1.7618711353861727e-05 ]
	-Camera 2 parameters (Pinhole: [ 457.58700561523438 456.13400268554688 379.99899291992188 255.23800659179688 ]
	-Camera 1 distortion parameters: [  -0.2836836576461792 0.074512839317321777 -0.00010473000293131918 -3.555907096597366e-05 ]
	-Original image size: [ 752 , 480 ]
	-Current image size: [ 752 , 480 ]
	-Camera 1 parameters after rectification: [  456.71499633789062 456.71499633789062 364.52615356445312 257.268798828125 ]
	-Sequence FPS: 20
	-Stereo baseline: 0.11007784307003021
	-Stereo depth threshold : 60
	-Gyro noise: 0.00016999999934341758
	-Accelerometer noise: 0.0020000000949949026
	-Gyro walk: 1.9392999092815444e-05
	-Accelerometer walk: 0.0030000000260770321
	-IMU frequency: 200
	-Features per image: 1200
	-ORB scale factor: 1.2000000476837158
	-ORB number of scales: 8
	-Initial FAST threshold: 20
	-Min FAST threshold: 7


Loading ORB Vocabulary. This could take a while...
Vocabulary loaded!

Initialization of Atlas from scratch 
Creation of new map with id: 0
Creation of new map with last KF id: 0
Seq. Name: 
There are 1 cameras in the atlas
Camera 0 is pinhole
SLAM Started at System Time: 1732011626.92932
not IMU meas
not IMU meas
not enough acceleration
not enough acceleration
not enough acceleration
not enough acceleration
not enough acceleration
not enough acceleration
First KF:0; Map init KF:0
New Map created with 190 points
Active map: 0
Dropping frame 1403636859.1516664
Dropping frame 1403636859.7016666
Dropping frame 1403636860.0516665
Dropping frame 1403636860.4516664
Dropping frame 1403636861.5516665
Dropping frame 1403636861.8516665
Dropping frame 1403636862.2016666
Dropping frame 1403636862.3516665
Dropping frame 1403636862.4516664
Dropping frame 1403636862.7016666
Dropping frame 1403636863.3516665
Dropping frame 1403636863.5516665
Dropping frame 1403636863.9016666
Dropping frame 1403636864.1016665
Dropping frame 1403636864.3516665
start VIBA 1
end VIBA 1
Dropping frame 1403636864.5516665
Dropping frame 1403636864.8016665
Dropping frame 1403636865.1016665
Dropping frame 1403636865.6016665
Dropping frame 1403636865.8516665
Dropping frame 1403636866.0016665
Dropping frame 1403636866.1016665
Dropping frame 1403636866.5516665
Dropping frame 1403636866.6516664
Dropping frame 1403636866.7516665
Dropping frame 1403636866.8516665
Dropping frame 1403636867.0516665
Dropping frame 1403636867.1516664
Dropping frame 1403636867.3016665
Dropping frame 1403636867.5516665
Dropping frame 1403636867.6516664
Dropping frame 1403636868.2016666
Dropping frame 1403636868.3016665
Dropping frame 1403636868.4516664
Dropping frame 1403636868.8516665
Dropping frame 1403636869.0516665
Dropping frame 1403636869.1516664
Dropping frame 1403636869.2516665
Dropping frame 1403636869.3516665
Dropping frame 1403636869.7516665
Dropping frame 1403636869.9516664
Dropping frame 1403636870.1516664
Dropping frame 1403636870.6016665
Dropping frame 1403636870.8016665
Dropping frame 1403636870.9016666
Dropping frame 1403636871.2016666
Dropping frame 1403636871.4516664
Dropping frame 1403636871.7016666
Dropping frame 1403636872.3016665
Dropping frame 1403636872.5516665
Dropping frame 1403636872.8516665
Dropping frame 1403636873.1016665
Dropping frame 1403636873.7016666
Dropping frame 1403636873.9016666
Dropping frame 1403636874.1016665
Dropping frame 1403636874.4016666
Dropping frame 1403636874.9016666
Dropping frame 1403636875.2016666
Dropping frame 1403636875.3016665
start VIBA 2
end VIBA 2
Dropping frame 1403636875.8016665
Dropping frame 1403636876.1016665
Dropping frame 1403636876.5016665
Dropping frame 1403636877.0016665
Dropping frame 1403636877.1016665
Dropping frame 1403636877.4016666
Dropping frame 1403636877.6516664
Dropping frame 1403636878.4516664
Dropping frame 1403636878.7016666
Dropping frame 1403636879.2016666
Dropping frame 1403636879.4016666
Dropping frame 1403636880.2016666
Dropping frame 1403636880.3016665
Dropping frame 1403636880.6516664
Dropping frame 1403636880.8016665
Dropping frame 1403636881.0516665
Dropping frame 1403636881.6016665
Dropping frame 1403636882.0016665
Dropping frame 1403636883.2516665
Dropping frame 1403636883.6516664
Dropping frame 1403636883.9016666
Dropping frame 1403636884.2516665
Dropping frame 1403636884.8016665
Dropping frame 1403636886.0016665
Dropping frame 1403636886.4016666
Dropping frame 1403636886.9516664
Dropping frame 1403636887.2516665
Dropping frame 1403636887.7516665
Dropping frame 1403636888.2016666
Dropping frame 1403636888.4016666
Dropping frame 1403636888.6516664
Dropping frame 1403636889.1016665
Dropping frame 1403636889.4516664
Dropping frame 1403636890.1016665
Dropping frame 1403636890.4516664
Dropping frame 1403636890.8016665
Dropping frame 1403636891.1516664
Dropping frame 1403636893.2016666
Dropping frame 1403636893.8516665
Dropping frame 1403636894.4016666
Dropping frame 1403636895.8516665
Dropping frame 1403636896.6516664
Dropping frame 1403636897.1016665
Dropping frame 1403636897.4016666
Dropping frame 1403636897.9516664
Dropping frame 1403636898.2516665
Dropping frame 1403636899.5516665
Dropping frame 1403636900.1516664
Dropping frame 1403636904.0516665
Dropping frame 1403636904.5016665
Dropping frame 1403636905.1016665
Dropping frame 1403636905.8516665
Dropping frame 1403636906.6516664
Dropping frame 1403636907.4016666
Dropping frame 1403636908.9016666
Dropping frame 1403636909.3516665
Dropping frame 1403636909.6016665
Dropping frame 1403636909.7516665
Dropping frame 1403636910.3016665
Dropping frame 1403636910.6016665
Dropping frame 1403636910.7516665
Dropping frame 1403636911.0016665
Dropping frame 1403636911.6516664
Dropping frame 1403636911.8016665
Dropping frame 1403636912.0016665
Dropping frame 1403636912.1016665
Dropping frame 1403636912.4016666
Dropping frame 1403636912.5016665
Dropping frame 1403636912.6016665
Dropping frame 1403636912.7016666
Dropping frame 1403636912.9516664
Dropping frame 1403636913.1516664
Dropping frame 1403636913.2516665
Dropping frame 1403636913.3516665
Dropping frame 1403636913.4516664
Dropping frame 1403636913.6516664
Dropping frame 1403636913.7516665
Dropping frame 1403636913.8516665
Dropping frame 1403636914.1016665
Dropping frame 1403636914.2016666
Dropping frame 1403636914.3516665
Dropping frame 1403636914.4516664
Dropping frame 1403636914.6016665
Dropping frame 1403636914.7516665
Dropping frame 1403636914.9016666
Dropping frame 1403636915.0516665
Dropping frame 1403636915.2016666
Dropping frame 1403636915.3516665
Dropping frame 1403636915.4516664
Dropping frame 1403636915.7016666
Dropping frame 1403636915.9016666
Dropping frame 1403636916.0516665
Dropping frame 1403636916.1516664
Dropping frame 1403636916.4516664
Dropping frame 1403636916.7016666
Dropping frame 1403636916.8016665
Dropping frame 1403636917.1016665
Dropping frame 1403636917.3516665
Dropping frame 1403636917.4516664
Dropping frame 1403636917.5516665
Dropping frame 1403636917.6516664
Dropping frame 1403636917.8016665
Dropping frame 1403636917.9016666
Dropping frame 1403636918.0016665
Dropping frame 1403636918.2016666
Dropping frame 1403636918.3016665
Dropping frame 1403636918.4016666
Dropping frame 1403636918.6016665
Dropping frame 1403636918.8516665
Dropping frame 1403636918.9516664
Dropping frame 1403636919.2016666
Dropping frame 1403636919.3016665
Dropping frame 1403636919.4516664
Dropping frame 1403636919.6016665
Dropping frame 1403636919.7016666
Dropping frame 1403636919.8016665
Dropping frame 1403636920.0516665
Dropping frame 1403636920.1516664
Dropping frame 1403636920.3516665
Dropping frame 1403636920.4516664
Dropping frame 1403636920.5516665
Dropping frame 1403636920.9016666
Dropping frame 1403636921.1516664
Dropping frame 1403636921.2516665
Dropping frame 1403636921.5516665
Dropping frame 1403636921.7016666
Dropping frame 1403636921.9016666
Dropping frame 1403636922.0016665
Dropping frame 1403636922.2516665
Dropping frame 1403636922.4016666
Dropping frame 1403636922.6016665
Dropping frame 1403636922.7016666
Dropping frame 1403636922.9516664
Dropping frame 1403636923.0516665
Dropping frame 1403636923.3016665
Dropping frame 1403636923.6016665
Dropping frame 1403636923.9516664
Dropping frame 1403636924.5516665
Dropping frame 1403636925.1516664
Dropping frame 1403636925.4016666
Dropping frame 1403636925.6516664
Dropping frame 1403636925.7516665
Dropping frame 1403636926.0016665
Dropping frame 1403636926.4016666
Dropping frame 1403636926.5016665
Dropping frame 1403636926.8516665
Dropping frame 1403636926.9516664
Dropping frame 1403636927.1516664
Dropping frame 1403636927.2516665
Dropping frame 1403636927.5516665
Dropping frame 1403636928.0516665
Dropping frame 1403636928.2016666
Dropping frame 1403636928.4016666
Dropping frame 1403636928.6516664
Dropping frame 1403636928.7516665
Dropping frame 1403636929.0016665
Dropping frame 1403636929.5516665
Dropping frame 1403636929.7516665
Dropping frame 1403636929.9516664
Dropping frame 1403636930.1516664
Dropping frame 1403636930.3016665
Dropping frame 1403636930.5516665
Dropping frame 1403636930.6516664
Dropping frame 1403636930.9016666
Dropping frame 1403636931.1016665
Dropping frame 1403636931.3016665
Dropping frame 1403636931.5016665
Dropping frame 1403636931.6016665
Dropping frame 1403636931.7016666
Dropping frame 1403636931.9016666
Dropping frame 1403636932.1016665
Dropping frame 1403636932.3016665
Dropping frame 1403636932.4016666
Dropping frame 1403636932.5016665
Dropping frame 1403636932.7516665
Dropping frame 1403636932.9516664
Dropping frame 1403636933.2016666
Dropping frame 1403636933.4016666
Dropping frame 1403636933.5016665
Dropping frame 1403636933.7016666
Dropping frame 1403636933.8016665
Dropping frame 1403636934.0016665
Dropping frame 1403636934.1016665
Dropping frame 1403636934.3016665
Dropping frame 1403636934.5516665
Dropping frame 1403636934.6516664
Dropping frame 1403636934.8516665
Dropping frame 1403636934.9516664
Dropping frame 1403636935.1516664
Dropping frame 1403636935.3516665
Dropping frame 1403636935.4516664
Dropping frame 1403636935.5516665
Dropping frame 1403636935.8016665
Dropping frame 1403636935.9016666
Dropping frame 1403636936.1516664
Dropping frame 1403636936.4016666
Dropping frame 1403636936.6016665
Dropping frame 1403636936.7016666
Dropping frame 1403636936.8016665
Dropping frame 1403636936.9016666
Dropping frame 1403636937.0016665
Dropping frame 1403636937.2016666
Dropping frame 1403636937.3016665
Dropping frame 1403636937.4016666
Dropping frame 1403636937.5016665
Dropping frame 1403636937.7016666
Dropping frame 1403636937.9016666
Dropping frame 1403636938.0016665
Dropping frame 1403636938.1016665
Dropping frame 1403636938.2516665
Dropping frame 1403636938.4516664
Dropping frame 1403636938.5516665
Dropping frame 1403636939.3016665
Dropping frame 1403636939.4016666
Dropping frame 1403636939.9016666
Dropping frame 1403636940.0016665
Dropping frame 1403636940.1016665
Dropping frame 1403636940.3016665
Dropping frame 1403636940.9016666
Dropping frame 1403636941.0016665
Dropping frame 1403636941.1016665
Dropping frame 1403636941.2016666
Dropping frame 1403636941.4016666
Dropping frame 1403636941.6016665
Dropping frame 1403636941.7016666
Dropping frame 1403636941.8016665
Dropping frame 1403636942.0516665
Dropping frame 1403636942.2516665
Dropping frame 1403636942.3516665
Dropping frame 1403636942.5516665
Dropping frame 1403636942.8016665
Dropping frame 1403636943.0016665
Dropping frame 1403636943.2016666
Dropping frame 1403636943.3516665
Dropping frame 1403636943.4516664
Dropping frame 1403636943.6516664
Dropping frame 1403636943.8516665
Dropping frame 1403636943.9516664
Dropping frame 1403636944.2016666
Dropping frame 1403636944.4016666
Dropping frame 1403636944.6016665
Dropping frame 1403636944.7016666
Dropping frame 1403636944.8016665
Dropping frame 1403636944.9016666
Dropping frame 1403636945.2016666
Dropping frame 1403636945.3016665
Dropping frame 1403636945.4016666
Dropping frame 1403636945.5016665
Dropping frame 1403636945.7016666
Dropping frame 1403636945.9016666
Dropping frame 1403636946.0016665
Dropping frame 1403636946.1016665
Dropping frame 1403636946.2016666
Dropping frame 1403636946.4516664
Dropping frame 1403636946.5516665
Dropping frame 1403636946.7516665
Dropping frame 1403636946.8516665
Dropping frame 1403636946.9516664
Dropping frame 1403636947.1516664
Dropping frame 1403636947.3516665
Dropping frame 1403636947.4516664
Dropping frame 1403636947.5516665
Dropping frame 1403636947.6516664
Dropping frame 1403636947.8516665
Dropping frame 1403636947.9516664
Dropping frame 1403636948.1516664
Dropping frame 1403636948.2516665
Dropping frame 1403636948.3516665
Dropping frame 1403636948.5516665
Dropping frame 1403636948.7516665
Dropping frame 1403636948.8516665
Dropping frame 1403636948.9516664
Dropping frame 1403636949.0516665
Dropping frame 1403636949.2516665
Dropping frame 1403636949.4516664
Dropping frame 1403636949.5516665
Dropping frame 1403636949.6516664
Dropping frame 1403636949.9016666
Dropping frame 1403636950.0016665
Dropping frame 1403636950.1016665
Dropping frame 1403636950.4016666
Dropping frame 1403636950.5016665
Dropping frame 1403636950.9016666
Dropping frame 1403636951.0016665
Dropping frame 1403636951.1016665
Dropping frame 1403636951.2016666
Dropping frame 1403636951.3016665
Dropping frame 1403636951.4016666
Dropping frame 1403636951.5016665
Dropping frame 1403636951.6016665
Dropping frame 1403636951.7016666
Dropping frame 1403636951.8016665
Dropping frame 1403636951.9016666
Dropping frame 1403636952.1016665
Dropping frame 1403636952.2016666
Dropping frame 1403636952.3016665
Dropping frame 1403636952.4016666
Dropping frame 1403636952.6016665
Dropping frame 1403636952.7516665
Dropping frame 1403636953.0516665
Dropping frame 1403636953.1516664
Dropping frame 1403636953.2516665
Dropping frame 1403636953.3516665
Dropping frame 1403636953.5516665
Dropping frame 1403636953.6516664
Dropping frame 1403636953.8016665
Dropping frame 1403636954.0016665
Dropping frame 1403636954.2016666
Dropping frame 1403636954.3016665
Dropping frame 1403636954.4016666
Dropping frame 1403636954.5016665
Dropping frame 1403636954.7016666
Dropping frame 1403636954.8516665
Dropping frame 1403636954.9516664
Dropping frame 1403636955.0516665
Dropping frame 1403636955.1516664
Dropping frame 1403636955.4016666
Dropping frame 1403636955.6016665
Dropping frame 1403636955.7016666
Dropping frame 1403636955.8016665
Dropping frame 1403636956.1516664
Dropping frame 1403636956.3516665
Dropping frame 1403636956.4516664
Dropping frame 1403636956.5516665
Dropping frame 1403636956.7516665
Dropping frame 1403636956.9516664
Dropping frame 1403636957.2016666
Dropping frame 1403636957.4016666
Dropping frame 1403636957.5016665
Dropping frame 1403636957.6016665
Dropping frame 1403636958.1016665
Dropping frame 1403636958.2016666
Dropping frame 1403636958.4016666
Dropping frame 1403636958.5016665
Dropping frame 1403636958.7516665
Dropping frame 1403636958.8516665
Dropping frame 1403636959.3016665
Dropping frame 1403636959.4016666
Dropping frame 1403636959.7016666
Dropping frame 1403636959.8016665
Dropping frame 1403636960.0516665
Dropping frame 1403636960.2016666
Dropping frame 1403636960.3516665
Dropping frame 1403636960.5516665
Dropping frame 1403636960.6516664
Dropping frame 1403636960.9016666
Dropping frame 1403636961.0016665
Dropping frame 1403636961.3516665
Dropping frame 1403636961.5516665
Dropping frame 1403636961.6516664
Dropping frame 1403636961.8516665
Dropping frame 1403636961.9516664
Dropping frame 1403636962.1016665
Dropping frame 1403636962.3016665
Dropping frame 1403636962.5016665
Dropping frame 1403636962.8516665
Dropping frame 1403636962.9516664
Dropping frame 1403636963.2016666
Dropping frame 1403636963.3016665
Dropping frame 1403636963.5516665
Dropping frame 1403636963.6516664
Dropping frame 1403636963.9016666
Dropping frame 1403636964.1016665
Dropping frame 1403636964.3016665
Dropping frame 1403636964.4016666
Dropping frame 1403636964.5016665
Dropping frame 1403636964.7016666
Dropping frame 1403636964.8016665
Dropping frame 1403636965.1016665
Dropping frame 1403636965.3516665
Dropping frame 1403636965.5516665
Dropping frame 1403636965.7516665
Dropping frame 1403636965.9516664
Dropping frame 1403636966.1516664
Dropping frame 1403636966.2516665
Dropping frame 1403636966.3516665
Dropping frame 1403636966.5516665
Dropping frame 1403636966.6516664
Dropping frame 1403636966.9516664
Dropping frame 1403636967.0516665
Dropping frame 1403636967.3016665
Dropping frame 1403636967.5016665
Dropping frame 1403636967.6016665
Dropping frame 1403636967.8516665
Dropping frame 1403636968.0516665
Dropping frame 1403636968.1516664
Dropping frame 1403636968.2516665
Dropping frame 1403636968.4516664
Dropping frame 1403636968.6516664
Dropping frame 1403636968.7516665
Dropping frame 1403636968.8516665
Dropping frame 1403636969.0516665
Dropping frame 1403636969.4016666
Dropping frame 1403636969.6016665
Dropping frame 1403636969.9016666
Dropping frame 1403636970.1016665
Dropping frame 1403636970.4016666
Dropping frame 1403636970.5016665
Dropping frame 1403636970.7516665
Dropping frame 1403636970.9516664
Dropping frame 1403636971.1516664
Dropping frame 1403636971.5016665
Dropping frame 1403636971.7016666
Dropping frame 1403636971.8016665
Dropping frame 1403636972.1016665
Dropping frame 1403636972.2016666
Dropping frame 1403636972.5016665
Dropping frame 1403636972.6516664
Dropping frame 1403636972.8516665
Dropping frame 1403636973.0516665
Dropping frame 1403636973.2516665
Dropping frame 1403636973.4516664
Dropping frame 1403636973.6516664
Dropping frame 1403636973.7516665
Dropping frame 1403636973.8516665
Dropping frame 1403636974.0516665
Dropping frame 1403636974.2516665
Dropping frame 1403636974.4516664
Dropping frame 1403636974.6516664
Dropping frame 1403636974.7516665
Dropping frame 1403636974.8516665
Dropping frame 1403636975.0516665
Dropping frame 1403636975.1516664
Dropping frame 1403636975.5516665
Dropping frame 1403636976.0016665
Dropping frame 1403636976.1016665
Dropping frame 1403636976.3016665
Dropping frame 1403636976.5016665
Dropping frame 1403636976.6016665
Dropping frame 1403636976.7016666
Dropping frame 1403636976.8516665
Dropping frame 1403636977.0516665
Dropping frame 1403636977.3516665
Dropping frame 1403636977.6016665
Dropping frame 1403636977.8016665
Dropping frame 1403636977.9016666
Dropping frame 1403636978.2016666
Dropping frame 1403636978.3016665
Dropping frame 1403636978.7016666
Dropping frame 1403636978.9016666
Dropping frame 1403636979.2016666
Dropping frame 1403636979.3016665
Dropping frame 1403636979.9516664
Dropping frame 1403636980.1516664
Dropping frame 1403636980.3516665
Dropping frame 1403636980.5516665
Dropping frame 1403636980.9016666
Dropping frame 1403636981.1516664
Dropping frame 1403636981.3516665
Dropping frame 1403636981.6016665
Dropping frame 1403636981.7516665
Dropping frame 1403636981.9516664
Dropping frame 1403636982.2516665
Dropping frame 1403636982.4516664
Dropping frame 1403636982.8016665
Dropping frame 1403636983.1516664
Dropping frame 1403636983.4516664
Dropping frame 1403636983.7516665
Dropping frame 1403636983.9516664
Dropping frame 1403636984.2016666
Dropping frame 1403636984.4516664
Dropping frame 1403636984.6016665
Dropping frame 1403636985.0016665
Dropping frame 1403636985.1516664
Dropping frame 1403636985.3516665
Dropping frame 1403636985.4516664
Dropping frame 1403636985.5516665
Dropping frame 1403636985.7516665
Dropping frame 1403636985.8516665
Dropping frame 1403636985.9516664
Dropping frame 1403636986.1516664
Dropping frame 1403636986.3516665
Dropping frame 1403636986.5516665
Dropping frame 1403636986.7516665
Dropping frame 1403636986.8516665
Dropping frame 1403636986.9516664
Dropping frame 1403636987.0516665
Dropping frame 1403636987.1516664
Dropping frame 1403636987.3516665
Dropping frame 1403636987.5516665
Dropping frame 1403636987.7516665
Dropping frame 1403636987.9516664
Dropping frame 1403636988.0516665
Dropping frame 1403636988.3016665
Dropping frame 1403636988.4016666
Dropping frame 1403636988.6516664
Dropping frame 1403636988.8516665
Dropping frame 1403636989.0516665
Dropping frame 1403636989.2516665
Dropping frame 1403636989.3516665
Dropping frame 1403636989.4516664
Dropping frame 1403636989.5516665
Dropping frame 1403636989.7516665
Dropping frame 1403636990.2016666
Dropping frame 1403636990.4016666
Dropping frame 1403636990.6016665
Dropping frame 1403636990.7016666
Dropping frame 1403636990.9516664
Dropping frame 1403636991.0516665
Dropping frame 1403636991.1516664
Dropping frame 1403636991.3516665
Dropping frame 1403636991.5516665
Dropping frame 1403636991.7516665
Dropping frame 1403636991.9516664
Dropping frame 1403636992.0516665
Dropping frame 1403636992.1516664
Dropping frame 1403636992.3516665
Dropping frame 1403636992.5516665
Dropping frame 1403636992.6516664
Dropping frame 1403636992.7516665
Dropping frame 1403636992.9516664
Dropping frame 1403636993.1516664
Dropping frame 1403636993.3516665
Dropping frame 1403636993.5016665
Dropping frame 1403636993.7016666
Dropping frame 1403636993.8016665
Dropping frame 1403636993.9016666
Dropping frame 1403636994.1016665
Dropping frame 1403636994.3016665
Dropping frame 1403636994.5016665
Dropping frame 1403636994.7016666
Dropping frame 1403636994.8516665
Dropping frame 1403636995.0516665
Dropping frame 1403636995.1516664
Dropping frame 1403636995.2516665
Dropping frame 1403636995.4516664
Dropping frame 1403636995.6516664
Dropping frame 1403636995.8516665
Dropping frame 1403636995.9516664
Dropping frame 1403636996.1016665
Dropping frame 1403636996.3016665
Dropping frame 1403636996.5016665
Dropping frame 1403636996.7016666
Dropping frame 1403636996.8516665
Dropping frame 1403636997.0016665
Dropping frame 1403636997.2016666
Dropping frame 1403636997.4016666
Dropping frame 1403636997.5016665
Dropping frame 1403636997.6016665
Dropping frame 1403636998.0016665
Dropping frame 1403636998.2016666
Dropping frame 1403636998.4016666
Dropping frame 1403636998.6016665
Dropping frame 1403636998.8016665
Dropping frame 1403636999.1516664
Dropping frame 1403636999.3516665
Dropping frame 1403636999.7016666
Dropping frame 1403636999.9016666
Dropping frame 1403637000.2016666
Dropping frame 1403637000.7016666
Dropping frame 1403637001.0516665
Dropping frame 1403637001.9016666
Dropping frame 1403637002.5016665
Dropping frame 1403637002.6016665
Dropping frame 1403637002.8016665
Dropping frame 1403637002.9516664
Dropping frame 1403637003.1516664
Dropping frame 1403637003.4516664
Dropping frame 1403637003.6516664
Dropping frame 1403637003.8516665
Dropping frame 1403637004.0516665
Dropping frame 1403637004.1516664
Dropping frame 1403637004.4516664
Dropping frame 1403637004.6516664
Dropping frame 1403637004.8516665
Dropping frame 1403637005.0516665
Dropping frame 1403637005.2516665
Dropping frame 1403637005.4516664
Dropping frame 1403637005.6516664
Dropping frame 1403637005.8016665
Dropping frame 1403637006.0016665
Dropping frame 1403637006.2016666
Dropping frame 1403637006.4016666
Dropping frame 1403637006.6016665
Dropping frame 1403637006.9016666
Dropping frame 1403637007.0016665
Dropping frame 1403637007.1016665
Dropping frame 1403637007.3016665
Dropping frame 1403637007.5016665
Dropping frame 1403637007.7016666
Dropping frame 1403637008.0016665
Dropping frame 1403637008.1016665
Dropping frame 1403637008.2016666
Dropping frame 1403637009.2516665
Dropping frame 1403637009.3516665
Dropping frame 1403637009.4516664
Dropping frame 1403637009.7016666
Dropping frame 1403637010.0016665
Dropping frame 1403637010.2016666
Dropping frame 1403637010.3016665
Dropping frame 1403637010.4016666
Dropping frame 1403637010.6016665
Shutdown
SLAM Finished at System Time: 1732011811.09384

 TIME STATS in ms (mean$\pm$std)
OpenCV version: 4.8.1
---------------------------
Tracking

ORB Extraction: 19.153$\pm$1.7905
Stereo Matching: 7.1635$\pm$1.978
IMU Preintegration: 0.24715$\pm$0.096674
Pose Prediction: 0.21738$\pm$0.62787
LM Track: 19.059$\pm$5.3263
New KF decision: 1.2418$\pm$2.3395
Total Tracking: 33.684$\pm$25.599



Local Mapping

KF Insertion: 16.141$\pm$5.408
MP Culling: 0.55037$\pm$0.21288
MP Creation: 49.322$\pm$15.965
LBA: 150.33$\pm$54.644
KF Culling: 15.549$\pm$10.371
Total Local Mapping: 231.74$\pm$77.676
---------------------------

LBA complexity (mean$\pm$std)
LBA Edges: 1640.4$\pm$551.24
LBA KF optimized: 6.5$\pm$2.2913
LBA KF fixed: 1$\pm$0
LBA MP: nan$\pm$nan

LBA executions: 469
LBA aborts: 0
---------------------------

Map complexity
KFs in map: 131
MPs in map: 10073
---------------------------

Place Recognition (mean$\pm$std)
Database Query: 1.4913$\pm$0.81126
SE3 estimation: 9.9533$\pm$14.068
Total Place Recognition: 10.221$\pm$14.133


Loop Closing (mean$\pm$std)
Loop Fusion: nan$\pm$nan
Essential Graph: nan$\pm$nan
Total Loop Closing: nan$\pm$nan

Num exec: 0
Number of KFs: nan$\pm$nan

Map Merging (mean$\pm$std)
Merge Maps: nan$\pm$nan
Welding BA: nan$\pm$nan
Optimization Ess.: nan$\pm$nan
Total Map Merging: nan$\pm$nan

Num exec: 0
Number of KFs: nan$\pm$nan
Number of MPs: nan$\pm$nan

Full GBA (mean$\pm$std)
GBA: nan$\pm$nan
Map Update: nan$\pm$nan
Total Full GBA: nan$\pm$nan

Num exec: 0
Num abort: 0
Number of KFs: nan$\pm$nan
Number of MPs: nan$\pm$nan

Saving trajectory to f_dataset-MH02_stereo_imu.txt ...
There are 1 maps in the atlas
  Map 0 has 131 KFs

End of saving trajectory to f_dataset-MH02_stereo_imu.txt ...

Saving keyframe trajectory to kf_dataset-MH02_stereo_imu.txt ...
