num_seq = 1
file name: dataset-MH05_stereo_imu
Loading images for sequence 0...LOADED!
Loading IMU for sequence 0...LOADED!

-------

ORB-SLAM3 Copyright (C) 2017-2020 Carlos Campos, Richard Elvira, Juan J. Gómez, José M.M. Montiel and Juan D. Tardós, University of Zaragoza.
ORB-SLAM2 Copyright (C) 2014-2016 Raúl Mur-Artal, José M.M. Montiel and Juan D. Tardós, University of Zaragoza.
This program comes with ABSOLUTELY NO WARRANTY;
This is free software, and you are welcome to redistribute it
under certain conditions. See LICENSE.txt.

Built with REGISTER_TIMES
Git Commit Hash: 42e930e

Compiled with C++ version: 201703

Input sensor was set to: Stereo-Inertial
Loading settings from ./Examples/Stereo-Inertial/EuRoC_fov_deadlines_mask_3x3.yaml
	-Loaded camera 1
	-Loaded camera 2
	-Loaded image info
	-Loaded IMU calibration
	-Loaded ORB settings
	-Loaded viewer settings
	-Loaded Atlas settings
Deadlines enabled, will skip frames!
FOV enabled
Static mask size: 3x3
Dumping map points enabled
	-Loaded misc parameters
	-Computed rectification maps
----------------------------------
SLAM settings: 
	-Camera 1 parameters (Pinhole): [ 458.65399169921875 457.29598999023438 367.21499633789062 248.375 ]
	-Camera 1 distortion parameters: [  -0.28340810537338257 0.073959067463874817 0.00019359000725671649 1.7618711353861727e-05 ]
	-Camera 2 parameters (Pinhole: [ 457.58700561523438 456.13400268554688 379.99899291992188 255.23800659179688 ]
	-Camera 1 distortion parameters: [  -0.2836836576461792 0.074512839317321777 -0.00010473000293131918 -3.555907096597366e-05 ]
	-Original image size: [ 752 , 480 ]
	-Current image size: [ 752 , 480 ]
	-Camera 1 parameters after rectification: [  456.71499633789062 456.71499633789062 364.52615356445312 257.268798828125 ]
	-Sequence FPS: 20
	-Stereo baseline: 0.11007784307003021
	-Stereo depth threshold : 60
	-Gyro noise: 0.00016999999934341758
	-Accelerometer noise: 0.0020000000949949026
	-Gyro walk: 1.9392999092815444e-05
	-Accelerometer walk: 0.0030000000260770321
	-IMU frequency: 200
	-Features per image: 1200
	-ORB scale factor: 1.2000000476837158
	-ORB number of scales: 8
	-Initial FAST threshold: 20
	-Min FAST threshold: 7


Loading ORB Vocabulary. This could take a while...
Vocabulary loaded!

Initialization of Atlas from scratch 
Creation of new map with id: 0
Creation of new map with last KF id: 0
Seq. Name: 
There are 1 cameras in the atlas
Camera 0 is pinhole
SLAM Started at System Time: 1734505334.10404
not IMU meas
not IMU meas
not enough acceleration
not enough acceleration
not enough acceleration
not enough acceleration
not enough acceleration
not enough acceleration
not enough acceleration
not enough acceleration
not enough acceleration
not enough acceleration
not enough acceleration
not enough acceleration
not enough acceleration
not enough acceleration
not enough acceleration
not enough acceleration
not enough acceleration
not enough acceleration
not enough acceleration
not enough acceleration
not enough acceleration
not enough acceleration
not enough acceleration
not enough acceleration
not enough acceleration
not enough acceleration
not enough acceleration
not enough acceleration
not enough acceleration
not enough acceleration
not enough acceleration
not enough acceleration
not enough acceleration
not enough acceleration
not enough acceleration
not enough acceleration
not enough acceleration
not enough acceleration
not enough acceleration
not enough acceleration
not enough acceleration
not enough acceleration
not enough acceleration
not enough acceleration
not enough acceleration
not enough acceleration
not enough acceleration
not enough acceleration
not enough acceleration
not enough acceleration
not enough acceleration
not enough acceleration
not enough acceleration
not enough acceleration
not enough acceleration
not enough acceleration
not enough acceleration
not enough acceleration
not enough acceleration
not enough acceleration
not enough acceleration
not enough acceleration
not enough acceleration
not enough acceleration
not enough acceleration
not enough acceleration
not enough acceleration
not enough acceleration
not enough acceleration
not enough acceleration
not enough acceleration
not enough acceleration
not enough acceleration
not enough acceleration
not enough acceleration
not enough acceleration
not enough acceleration
not enough acceleration
First KF:0; Map init KF:0
New Map created with 54 points
Active map: 0
start VIBA 1
end VIBA 1
Not enough motion for initializing. Reseting...
TRACK: Reset map because local mapper set the bad imu flag 
LM: Active map reset recieved
LM: Active map reset, waiting...
LM: Reseting current map in Local Mapping...
LM: End reseting Local Mapping...
LM: Reset free the mutex
LM: Active map reset, Done!!!
mnFirstFrameId = 80
mnInitialFrameId = 0
150 Frames set to lost
not IMU meas
First KF:51; Map init KF:0
New Map created with 325 points
Active map: 0
Not enough motion for initializing. Reseting...
LM: Reseting current map in Local Mapping...
LM: End reseting Local Mapping...
LM: Reset free the mutex
Not enough motion for initializing. Reseting...
TRACK: Reset map because local mapper set the bad imu flag 
LM: Reseting current map in Local Mapping...
LM: End reseting Local Mapping...
LM: Reset free the mutex
LM: Active map reset recieved
LM: Active map reset, waiting...
LM: Reseting current map in Local Mapping...
LM: End reseting Local Mapping...
LM: Reset free the mutex
LM: Active map reset, Done!!!
mnFirstFrameId = 232
mnInitialFrameId = 230
217 Frames set to lost
not IMU meas
First KF:63; Map init KF:51
New Map created with 75 points
Active map: 0
Not enough motion for initializing. Reseting...
LM: Reseting current map in Local Mapping...
LM: End reseting Local Mapping...
LM: Reset free the mutex
Not enough motion for initializing. Reseting...
LM: Reseting current map in Local Mapping...
LM: End reseting Local Mapping...
LM: Reset free the mutex
Not enough motion for initializing. Reseting...
LM: Reseting current map in Local Mapping...
LM: End reseting Local Mapping...
LM: Reset free the mutex
Not enough motion for initializing. Reseting...
LM: Reseting current map in Local Mapping...
LM: End reseting Local Mapping...
LM: Reset free the mutex
Not enough motion for initializing. Reseting...
LM: Reseting current map in Local Mapping...
LM: End reseting Local Mapping...
LM: Reset free the mutex
Not enough motion for initializing. Reseting...
LM: Reseting current map in Local Mapping...
LM: End reseting Local Mapping...
LM: Reset free the mutex
Not enough motion for initializing. Reseting...
LM: Reseting current map in Local Mapping...
LM: End reseting Local Mapping...
LM: Reset free the mutex
Not enough motion for initializing. Reseting...
TRACK: Reset map because local mapper set the bad imu flag 
LM: Reseting current map in Local Mapping...
LM: End reseting Local Mapping...
LM: Reset free the mutex
LM: Active map reset recieved
LM: Active map reset, waiting...
LM: Reseting current map in Local Mapping...
LM: End reseting Local Mapping...
LM: Reset free the mutex
LM: Active map reset, Done!!!
mnFirstFrameId = 301
mnInitialFrameId = 299
334 Frames set to lost
not IMU meas
First KF:81; Map init KF:63
New Map created with 124 points
Active map: 0
Fail to track local map!
IMU is not or recently initialized. Reseting active map...
LM: Active map reset recieved
LM: Active map reset, waiting...
LM: Reseting current map in Local Mapping...
LM: End reseting Local Mapping...
LM: Reset free the mutex
LM: Active map reset, Done!!!
mnFirstFrameId = 420
mnInitialFrameId = 418
385 Frames set to lost
not IMU meas
Dropping frame 1403638541.6778293
First KF:91; Map init KF:81
New Map created with 969 points
Active map: 0
Fail to track local map!
IMU is not or recently initialized. Reseting active map...
LM: Active map reset recieved
LM: Active map reset, waiting...
LM: Reseting current map in Local Mapping...
LM: End reseting Local Mapping...
LM: Reset free the mutex
LM: Active map reset, Done!!!
mnFirstFrameId = 472
mnInitialFrameId = 470
433 Frames set to lost
not IMU meas
First KF:101; Map init KF:91
New Map created with 534 points
Active map: 0
Fail to track local map!
IMU is not or recently initialized. Reseting active map...
LM: Active map reset recieved
LM: Active map reset, waiting...
LM: Reseting current map in Local Mapping...
LM: End reseting Local Mapping...
LM: Reset free the mutex
LM: Active map reset, Done!!!
mnFirstFrameId = 521
mnInitialFrameId = 519
482 Frames set to lost
not IMU meas
First KF:111; Map init KF:101
New Map created with 906 points
Active map: 0
Fail to track local map!
IMU is not or recently initialized. Reseting active map...
LM: Active map reset recieved
LM: Active map reset, waiting...
LM: Reseting current map in Local Mapping...
LM: End reseting Local Mapping...
LM: Reset free the mutex
LM: Active map reset, Done!!!
mnFirstFrameId = 571
mnInitialFrameId = 569
531 Frames set to lost
not IMU meas
First KF:121; Map init KF:111
New Map created with 929 points
Active map: 0
start VIBA 1
end VIBA 1
start VIBA 2
end VIBA 2
*Loop detected
phi = 0.009389036956018313  0.01538657374236546 -0.24412700886629782
BAD LOOP!!!
*Loop detected
phi = -3.8405910432024254e-05    0.013092673215484176    -0.25134404172732139
BAD LOOP!!!
*Loop detected
phi = 0.0022421771240248799  0.011359169761863139  -0.25200124640792498
BAD LOOP!!!
*Loop detected
phi = 0.0054206625656265011 0.0077905526085908748   -0.2867445099136679
Local Mapping STOP
Local Mapping RELEASE
Local Mapping STOP
Local Mapping RELEASE
*Loop detected
phi = -0.069516758350997229 -0.027030431812141213  0.032520934731913746
BAD LOOP!!!
*Loop detected
phi = -0.060126835884732215 -0.018259629575469779  0.024154046923482352
BAD LOOP!!!
*Loop detected
phi = -0.039745032080227991   -0.0277665705210598  0.043968056178061328
BAD LOOP!!!
*Loop detected
phi = -0.025319539614257289  -0.02507864209065792  0.055378083665732124
BAD LOOP!!!
*Loop detected
phi = -0.034188998019821157  -0.02804779619346506  0.052412128109779271
BAD LOOP!!!
*Loop detected
phi = -0.027356595057588064 -0.018441164240093188  0.051545084439329994
BAD LOOP!!!
*Loop detected
phi =  -0.021509885882072151 -0.0078972977605358055   0.055927785296499478
BAD LOOP!!!
*Loop detected
phi = -0.021514836219139001 -0.025102175200698573  0.069546559469316649
BAD LOOP!!!
*Loop detected
phi = -0.025328453482341289 -0.023448047938376279  0.063198166901122704
BAD LOOP!!!
*Loop detected
phi = 0.0011924130963370235 -0.030957727512915624  0.068172931487151062
BAD LOOP!!!
*Loop detected
phi = -0.0072698547131146768  -0.016111584791000246   0.054614534770473663
BAD LOOP!!!
*Loop detected
phi = -0.0055684408185069758  -0.023022801513499416   0.073765991829592745
BAD LOOP!!!
*Loop detected
phi = -0.00055660154993461542   -0.020816224912037076    0.059568548040301893
BAD LOOP!!!
*Loop detected
phi = 7.9337955771650439e-05  -0.049190519063210189   0.092256480790029294
BAD LOOP!!!
Shutdown
SLAM Finished at System Time: 1734505463.77984

 TIME STATS in ms (mean$\pm$std)
OpenCV version: 4.6.0
---------------------------
Tracking

ORB Extraction: 8.774$\pm$1.2487
Stereo Matching: 5.2857$\pm$2.9854
IMU Preintegration: 0.10893$\pm$0.061279
Pose Prediction: 0.50312$\pm$1.2443
LM Track: 7.4965$\pm$4.045
New KF decision: 0.53136$\pm$0.93945
Total Tracking: 25.239$\pm$8.0562



Local Mapping

KF Insertion: 5.1908$\pm$2.4553
MP Culling: 0.12715$\pm$0.085702
MP Creation: 13.712$\pm$8.8831
LBA: 59.534$\pm$27.561
KF Culling: 2.9705$\pm$5.3144
Total Local Mapping: 81.48$\pm$49.621
---------------------------

LBA complexity (mean$\pm$std)
LBA Edges: 2213.2$\pm$1253.9
LBA KF optimized: 6.3438$\pm$2.2722
LBA KF fixed: 1$\pm$0
LBA MP: -nan$\pm$-nan

LBA executions: 660
LBA aborts: 0
---------------------------

Map complexity
KFs in map: 230
MPs in map: 16577
---------------------------

Place Recognition (mean$\pm$std)
Database Query: 0.70569$\pm$0.53222
SE3 estimation: 12.915$\pm$11.561
Total Place Recognition: 8.9165$\pm$11.586


Loop Closing (mean$\pm$std)
Loop Fusion: 45.131$\pm$0
Essential Graph: 54.461$\pm$0
Total Loop Closing: 122.52$\pm$0

Num exec: 1
Number of KFs: -nan$\pm$-nan

Map Merging (mean$\pm$std)
Merge Maps: -nan$\pm$-nan
Welding BA: -nan$\pm$-nan
Optimization Ess.: -nan$\pm$-nan
Total Map Merging: -nan$\pm$-nan

Num exec: 0
Number of KFs: -nan$\pm$-nan
Number of MPs: -nan$\pm$-nan

Full GBA (mean$\pm$std)
GBA: 1093.7$\pm$0
Map Update: 7.0857$\pm$0
Total Full GBA: 1100.8$\pm$0

Num exec: 1
Num abort: 0
Number of KFs: 167$\pm$0
Number of MPs: 11847$\pm$0

Saving trajectory to f_dataset-MH05_stereo_imu.txt ...
There are 1 maps in the atlas
  Map 0 has 230 KFs

End of saving trajectory to f_dataset-MH05_stereo_imu.txt ...

Saving keyframe trajectory to kf_dataset-MH05_stereo_imu.txt ...
