num_seq = 1
file name: dataset-MH01_stereo_imu
Loading images for sequence 0...LOADED!
Loading IMU for sequence 0...LOADED!

-------

ORB-SLAM3 Copyright (C) 2017-2020 Carlos Campos, Richard Elvira, Juan J. Gómez, José M.M. Montiel and Juan D. Tardós, University of Zaragoza.
ORB-SLAM2 Copyright (C) 2014-2016 Raúl Mur-Artal, José M.M. Montiel and Juan D. Tardós, University of Zaragoza.
This program comes with ABSOLUTELY NO WARRANTY;
This is free software, and you are welcome to redistribute it
under certain conditions. See LICENSE.txt.

Built with REGISTER_TIMES
Git Commit Hash: 5ee9387

Compiled with C++ version: 201703

Input sensor was set to: Stereo-Inertial
Loading settings from ./Examples/Stereo-Inertial/EuRoC_fov_deadlines_mask_6x6.yaml
	-Loaded camera 1
	-Loaded camera 2
	-Loaded image info
	-Loaded IMU calibration
	-Loaded ORB settings
	-Loaded viewer settings
	-Loaded Atlas settings
Deadlines enabled, will skip frames!
FOV enabled
Static mask size: 6x6
Dumping map points enabled
	-Loaded misc parameters
	-Computed rectification maps
----------------------------------
SLAM settings: 
	-Camera 1 parameters (Pinhole): [ 458.65399169921875 457.29598999023438 367.21499633789062 248.375 ]
	-Camera 1 distortion parameters: [  -0.28340810537338257 0.073959067463874817 0.00019359000725671649 1.7618711353861727e-05 ]
	-Camera 2 parameters (Pinhole: [ 457.58700561523438 456.13400268554688 379.99899291992188 255.23800659179688 ]
	-Camera 1 distortion parameters: [  -0.2836836576461792 0.074512839317321777 -0.00010473000293131918 -3.555907096597366e-05 ]
	-Original image size: [ 752 , 480 ]
	-Current image size: [ 752 , 480 ]
	-Camera 1 parameters after rectification: [  456.71499633789062 456.71499633789062 364.52615356445312 257.268798828125 ]
	-Sequence FPS: 20
	-Stereo baseline: 0.11007784307003021
	-Stereo depth threshold : 60
	-Gyro noise: 0.00016999999934341758
	-Accelerometer noise: 0.0020000000949949026
	-Gyro walk: 1.9392999092815444e-05
	-Accelerometer walk: 0.0030000000260770321
	-IMU frequency: 200
	-Features per image: 1200
	-ORB scale factor: 1.2000000476837158
	-ORB number of scales: 8
	-Initial FAST threshold: 20
	-Min FAST threshold: 7


Loading ORB Vocabulary. This could take a while...
Vocabulary loaded!

Initialization of Atlas from scratch 
Creation of new map with id: 0
Creation of new map with last KF id: 0
Seq. Name: 
There are 1 cameras in the atlas
Camera 0 is pinhole
SLAM Started at System Time: 1734431939.83343
not IMU meas
not IMU meas
not enough acceleration
not enough acceleration
First KF:0; Map init KF:0
New Map created with 549 points
Active map: 0
Dropping frame 1403636580.0135555
Dropping frame 1403636580.2135556
Dropping frame 1403636580.5135555
Dropping frame 1403636581.1635556
Dropping frame 1403636581.4635556
Dropping frame 1403636581.7635555
Dropping frame 1403636581.8635557
Dropping frame 1403636582.1635556
Dropping frame 1403636582.2635555
Dropping frame 1403636582.3635557
Dropping frame 1403636582.6635556
Dropping frame 1403636583.3635557
Dropping frame 1403636583.7135556
Dropping frame 1403636584.0135555
Dropping frame 1403636584.2135556
Dropping frame 1403636584.4135554
Dropping frame 1403636584.6635556
Dropping frame 1403636584.9135554
Dropping frame 1403636585.0135555
Dropping frame 1403636585.1135554
start VIBA 1
end VIBA 1
Dropping frame 1403636586.1135554
Dropping frame 1403636586.3635557
Dropping frame 1403636586.4635556
Dropping frame 1403636586.7635555
Dropping frame 1403636586.8635557
Dropping frame 1403636587.0135555
Dropping frame 1403636587.2135556
Dropping frame 1403636587.4135554
Dropping frame 1403636587.6135554
Dropping frame 1403636587.7135556
Dropping frame 1403636587.8135555
Dropping frame 1403636587.9635556
Dropping frame 1403636588.1635556
Dropping frame 1403636588.5135555
Dropping frame 1403636589.2635555
Dropping frame 1403636589.9635556
Dropping frame 1403636590.4635556
Dropping frame 1403636590.7635555
Dropping frame 1403636591.0635555
Dropping frame 1403636591.4135554
Dropping frame 1403636591.7635555
Dropping frame 1403636591.9635556
Dropping frame 1403636592.4135554
Dropping frame 1403636592.8135555
Dropping frame 1403636593.0635555
Dropping frame 1403636593.3635557
Dropping frame 1403636594.1635556
Dropping frame 1403636594.7635555
Dropping frame 1403636594.9635556
Dropping frame 1403636595.5635555
start VIBA 2
end VIBA 2
Dropping frame 1403636595.8135555
Dropping frame 1403636596.1135554
Dropping frame 1403636596.2635555
Dropping frame 1403636596.4135554
Dropping frame 1403636596.6135554
Dropping frame 1403636596.9135554
Dropping frame 1403636597.1635556
Dropping frame 1403636597.5135555
Dropping frame 1403636598.0135555
Dropping frame 1403636598.3635557
Dropping frame 1403636598.8135555
Dropping frame 1403636599.7135556
Dropping frame 1403636600.4135554
Dropping frame 1403636601.4635556
Dropping frame 1403636601.7135556
Dropping frame 1403636602.4635556
Dropping frame 1403636602.7635555
Dropping frame 1403636603.3135555
Dropping frame 1403636603.6135554
Dropping frame 1403636610.6135554
Dropping frame 1403636618.0635555
Dropping frame 1403636632.9635556
Dropping frame 1403636633.2635555
Dropping frame 1403636633.3635557
Dropping frame 1403636633.6635556
Dropping frame 1403636633.9635556
Dropping frame 1403636635.0135555
Dropping frame 1403636635.3635557
Dropping frame 1403636635.4635556
Dropping frame 1403636635.8635557
Dropping frame 1403636636.2135556
Dropping frame 1403636636.3135555
Dropping frame 1403636636.5135555
Dropping frame 1403636636.7135556
Dropping frame 1403636637.3635557
Dropping frame 1403636637.6135554
Dropping frame 1403636638.5635555
Dropping frame 1403636638.7135556
Dropping frame 1403636639.1135554
Dropping frame 1403636639.2135556
Dropping frame 1403636639.3135555
Dropping frame 1403636639.5635555
Dropping frame 1403636639.7635555
Dropping frame 1403636639.9135554
Dropping frame 1403636640.2135556
Dropping frame 1403636640.3635557
Dropping frame 1403636640.4635556
Dropping frame 1403636640.6135554
Dropping frame 1403636640.7135556
Dropping frame 1403636640.9135554
Dropping frame 1403636641.2635555
Dropping frame 1403636641.4635556
Dropping frame 1403636641.6135554
Dropping frame 1403636642.4135554
Dropping frame 1403636642.5635555
Dropping frame 1403636642.7635555
Dropping frame 1403636642.8635557
Dropping frame 1403636643.2135556
Dropping frame 1403636643.3135555
Dropping frame 1403636643.4135554
Dropping frame 1403636643.6135554
Dropping frame 1403636643.7135556
Dropping frame 1403636644.4135554
Dropping frame 1403636644.6135554
Dropping frame 1403636644.7135556
Dropping frame 1403636644.9135554
Dropping frame 1403636645.1635556
Dropping frame 1403636645.3635557
Dropping frame 1403636645.4635556
Dropping frame 1403636645.9135554
Dropping frame 1403636646.0135555
Dropping frame 1403636646.1135554
Dropping frame 1403636646.4635556
Dropping frame 1403636646.6635556
Dropping frame 1403636646.9635556
Dropping frame 1403636647.2635555
Dropping frame 1403636647.6135554
Dropping frame 1403636647.7135556
Dropping frame 1403636648.1135554
Dropping frame 1403636648.2135556
Dropping frame 1403636648.3135555
Dropping frame 1403636648.9135554
Dropping frame 1403636649.3635557
Dropping frame 1403636649.4635556
Dropping frame 1403636649.7135556
Dropping frame 1403636649.9635556
Dropping frame 1403636650.0635555
Dropping frame 1403636650.1635556
Dropping frame 1403636650.5635555
Dropping frame 1403636650.7635555
Dropping frame 1403636650.9635556
Dropping frame 1403636651.1635556
Dropping frame 1403636652.0135555
Dropping frame 1403636652.4135554
Dropping frame 1403636652.6135554
Dropping frame 1403636652.8635557
Dropping frame 1403636653.0635555
Dropping frame 1403636653.1635556
Dropping frame 1403636653.4135554
Dropping frame 1403636653.8635557
Dropping frame 1403636653.9635556
Dropping frame 1403636654.4135554
Dropping frame 1403636654.5135555
Dropping frame 1403636654.6635556
Dropping frame 1403636654.7635555
Dropping frame 1403636655.0635555
Dropping frame 1403636655.5135555
Dropping frame 1403636655.6135554
Dropping frame 1403636655.8135555
Dropping frame 1403636655.9135554
Dropping frame 1403636656.1635556
Dropping frame 1403636656.3635557
Dropping frame 1403636656.4635556
Dropping frame 1403636656.8635557
Dropping frame 1403636657.0635555
Dropping frame 1403636657.2635555
Dropping frame 1403636657.3635557
Dropping frame 1403636657.6135554
Dropping frame 1403636657.8135555
Dropping frame 1403636657.9135554
Dropping frame 1403636658.0135555
Dropping frame 1403636658.1135554
Dropping frame 1403636658.2635555
Dropping frame 1403636658.5635555
Dropping frame 1403636658.6635556
Dropping frame 1403636659.3635557
Dropping frame 1403636659.4635556
Dropping frame 1403636659.6635556
Dropping frame 1403636659.8635557
Dropping frame 1403636660.0635555
Dropping frame 1403636660.1635556
Dropping frame 1403636660.4135554
Dropping frame 1403636660.6135554
Dropping frame 1403636660.7135556
Dropping frame 1403636660.8635557
Dropping frame 1403636661.0135555
Dropping frame 1403636661.3135555
Dropping frame 1403636661.5135555
Dropping frame 1403636661.7135556
Dropping frame 1403636661.8635557
Dropping frame 1403636662.0135555
Dropping frame 1403636662.3635557
Dropping frame 1403636662.5635555
Dropping frame 1403636662.6635556
Dropping frame 1403636663.0135555
Dropping frame 1403636663.1135554
Dropping frame 1403636663.5135555
Dropping frame 1403636663.6635556
Dropping frame 1403636664.7135556
Dropping frame 1403636664.9135554
Dropping frame 1403636665.1135554
Dropping frame 1403636665.4635556
Dropping frame 1403636665.7135556
Dropping frame 1403636666.1135554
Dropping frame 1403636666.7635555
Dropping frame 1403636666.8635557
Dropping frame 1403636666.9635556
Dropping frame 1403636667.2135556
Dropping frame 1403636667.4135554
Dropping frame 1403636667.6135554
Dropping frame 1403636667.7135556
Dropping frame 1403636667.8135555
Dropping frame 1403636668.0635555
Dropping frame 1403636668.2635555
Dropping frame 1403636668.5635555
Dropping frame 1403636668.6635556
Dropping frame 1403636668.7635555
Dropping frame 1403636668.9635556
Dropping frame 1403636669.0635555
Dropping frame 1403636669.3135555
Dropping frame 1403636669.4135554
Dropping frame 1403636669.5135555
Dropping frame 1403636669.6135554
Dropping frame 1403636669.9135554
Dropping frame 1403636670.0635555
Dropping frame 1403636670.2135556
Dropping frame 1403636670.3135555
Dropping frame 1403636670.6135554
Dropping frame 1403636671.6635556
Dropping frame 1403636671.9635556
Dropping frame 1403636672.1635556
Dropping frame 1403636672.5635555
Dropping frame 1403636672.7135556
Dropping frame 1403636673.1135554
Dropping frame 1403636673.3135555
Dropping frame 1403636673.4135554
Dropping frame 1403636673.5135555
Dropping frame 1403636673.8135555
Dropping frame 1403636674.0135555
Dropping frame 1403636674.2635555
Dropping frame 1403636674.4635556
Dropping frame 1403636674.6635556
Dropping frame 1403636674.7635555
Dropping frame 1403636675.1135554
Dropping frame 1403636675.6635556
Dropping frame 1403636675.9135554
Dropping frame 1403636676.1635556
Dropping frame 1403636676.3635557
Dropping frame 1403636677.1135554
Dropping frame 1403636677.4635556
Dropping frame 1403636677.9135554
Dropping frame 1403636678.3635557
Dropping frame 1403636678.7135556
Dropping frame 1403636679.1635556
Dropping frame 1403636679.5635555
Dropping frame 1403636679.7635555
Dropping frame 1403636680.0135555
Dropping frame 1403636680.3635557
Dropping frame 1403636680.4635556
Dropping frame 1403636680.6635556
Dropping frame 1403636681.4135554
Dropping frame 1403636681.8135555
Dropping frame 1403636682.2635555
Dropping frame 1403636683.0135555
Dropping frame 1403636683.2135556
Dropping frame 1403636683.4635556
Dropping frame 1403636683.7135556
Dropping frame 1403636683.8135555
Dropping frame 1403636684.1635556
Dropping frame 1403636684.4635556
Dropping frame 1403636685.2135556
Dropping frame 1403636685.3135555
Dropping frame 1403636685.7135556
Dropping frame 1403636685.8135555
Dropping frame 1403636686.0135555
Dropping frame 1403636686.2135556
Dropping frame 1403636686.8135555
Dropping frame 1403636686.9135554
Dropping frame 1403636687.3635557
Dropping frame 1403636687.4635556
Dropping frame 1403636687.6635556
Dropping frame 1403636687.9635556
Dropping frame 1403636691.0135555
Dropping frame 1403636691.4135554
Dropping frame 1403636691.6135554
Dropping frame 1403636691.8135555
Dropping frame 1403636692.2635555
Dropping frame 1403636692.7135556
Dropping frame 1403636692.9135554
Dropping frame 1403636693.0135555
Dropping frame 1403636693.1635556
Dropping frame 1403636693.4135554
Dropping frame 1403636693.6635556
Dropping frame 1403636693.7635555
Dropping frame 1403636694.1135554
Dropping frame 1403636694.3135555
Dropping frame 1403636694.5135555
Dropping frame 1403636694.8135555
Dropping frame 1403636695.0135555
Dropping frame 1403636695.1135554
Dropping frame 1403636695.2135556
Dropping frame 1403636695.3135555
Dropping frame 1403636695.5135555
Dropping frame 1403636695.7135556
Dropping frame 1403636695.9135554
Dropping frame 1403636696.1135554
Dropping frame 1403636696.2135556
Dropping frame 1403636696.3635557
Dropping frame 1403636696.6135554
Dropping frame 1403636696.8635557
Dropping frame 1403636697.1135554
Dropping frame 1403636697.3135555
Dropping frame 1403636697.5135555
Dropping frame 1403636697.7635555
Dropping frame 1403636697.9135554
Dropping frame 1403636698.2135556
Dropping frame 1403636698.7635555
Dropping frame 1403636699.0635555
Dropping frame 1403636699.1635556
Dropping frame 1403636699.3635557
Dropping frame 1403636699.5635555
Dropping frame 1403636699.7135556
Dropping frame 1403636699.9135554
Dropping frame 1403636700.0135555
Dropping frame 1403636700.1135554
Dropping frame 1403636700.2135556
Dropping frame 1403636700.5635555
Dropping frame 1403636700.6635556
Dropping frame 1403636700.8635557
Dropping frame 1403636701.0135555
Dropping frame 1403636701.1635556
Dropping frame 1403636701.4635556
Dropping frame 1403636701.5635555
Dropping frame 1403636701.8135555
Dropping frame 1403636702.0135555
Dropping frame 1403636702.2135556
Dropping frame 1403636702.3135555
Dropping frame 1403636702.4135554
Dropping frame 1403636702.5135555
Dropping frame 1403636702.6135554
Dropping frame 1403636702.8135555
Dropping frame 1403636702.9635556
Dropping frame 1403636703.1635556
Dropping frame 1403636703.2635555
Dropping frame 1403636703.3635557
Dropping frame 1403636703.4635556
Dropping frame 1403636703.6635556
Dropping frame 1403636703.7635555
Dropping frame 1403636703.8635557
Dropping frame 1403636704.0635555
Dropping frame 1403636704.1635556
Dropping frame 1403636704.2635555
Dropping frame 1403636704.4635556
Dropping frame 1403636704.6635556
Dropping frame 1403636704.7635555
Dropping frame 1403636704.8635557
Dropping frame 1403636705.2135556
Dropping frame 1403636705.3135555
Dropping frame 1403636705.4135554
Dropping frame 1403636705.5135555
Dropping frame 1403636705.6135554
Dropping frame 1403636705.7635555
Dropping frame 1403636705.9135554
Dropping frame 1403636706.0135555
Dropping frame 1403636707.0635555
Dropping frame 1403636707.1635556
Dropping frame 1403636707.4135554
Dropping frame 1403636707.8135555
Dropping frame 1403636707.9135554
Dropping frame 1403636708.1135554
Dropping frame 1403636708.2135556
Dropping frame 1403636708.3135555
Dropping frame 1403636708.4635556
Dropping frame 1403636708.5635555
Dropping frame 1403636708.7635555
Dropping frame 1403636708.8635557
Dropping frame 1403636708.9635556
Dropping frame 1403636709.2135556
Dropping frame 1403636709.3135555
Dropping frame 1403636709.5135555
Dropping frame 1403636709.7135556
Dropping frame 1403636709.8135555
Dropping frame 1403636710.1635556
Dropping frame 1403636710.2635555
Dropping frame 1403636710.3635557
Dropping frame 1403636710.5135555
Dropping frame 1403636710.6135554
Dropping frame 1403636710.8135555
Dropping frame 1403636710.9135554
Dropping frame 1403636711.0135555
Dropping frame 1403636711.1135554
Dropping frame 1403636711.2135556
Dropping frame 1403636711.3135555
Dropping frame 1403636711.6135554
Dropping frame 1403636711.7135556
Dropping frame 1403636712.1635556
Dropping frame 1403636712.4635556
Dropping frame 1403636712.5635555
Dropping frame 1403636712.6635556
Dropping frame 1403636712.7635555
Dropping frame 1403636712.9635556
Dropping frame 1403636713.0635555
Dropping frame 1403636713.2135556
Dropping frame 1403636713.3135555
Dropping frame 1403636713.4135554
Dropping frame 1403636713.6135554
Dropping frame 1403636713.8135555
Dropping frame 1403636713.9135554
Dropping frame 1403636714.0135555
Dropping frame 1403636714.2135556
Dropping frame 1403636714.3135555
Dropping frame 1403636714.4135554
Dropping frame 1403636714.9635556
Dropping frame 1403636715.2135556
Dropping frame 1403636715.3635557
Dropping frame 1403636715.5135555
Dropping frame 1403636715.8135555
Dropping frame 1403636715.9135554
Dropping frame 1403636716.0135555
Dropping frame 1403636716.1135554
Dropping frame 1403636716.2135556
Dropping frame 1403636716.3635557
Dropping frame 1403636716.4635556
Dropping frame 1403636716.6635556
Dropping frame 1403636716.8135555
Dropping frame 1403636716.9135554
Dropping frame 1403636717.1135554
Dropping frame 1403636717.2135556
Dropping frame 1403636717.3135555
Dropping frame 1403636717.5135555
Dropping frame 1403636717.6135554
Dropping frame 1403636717.8635557
Dropping frame 1403636717.9635556
Dropping frame 1403636718.0635555
Dropping frame 1403636718.2635555
Dropping frame 1403636718.3635557
Dropping frame 1403636718.4635556
Dropping frame 1403636718.5635555
Dropping frame 1403636718.7635555
Dropping frame 1403636718.8635557
Dropping frame 1403636719.3135555
Dropping frame 1403636719.4135554
Dropping frame 1403636719.8135555
Dropping frame 1403636719.9135554
Dropping frame 1403636720.0135555
Dropping frame 1403636720.1135554
Dropping frame 1403636720.3635557
Dropping frame 1403636720.4635556
Dropping frame 1403636720.5635555
Dropping frame 1403636720.7135556
Dropping frame 1403636720.8135555
Dropping frame 1403636721.1635556
Dropping frame 1403636721.2635555
Dropping frame 1403636721.5135555
Dropping frame 1403636721.7135556
Dropping frame 1403636721.8135555
Dropping frame 1403636721.9135554
Dropping frame 1403636722.0135555
Dropping frame 1403636722.3635557
Dropping frame 1403636722.5635555
Dropping frame 1403636722.6635556
Dropping frame 1403636722.7635555
Dropping frame 1403636722.9635556
Dropping frame 1403636723.0635555
Dropping frame 1403636723.3135555
Dropping frame 1403636723.4135554
Dropping frame 1403636723.5635555
Dropping frame 1403636723.9635556
Dropping frame 1403636724.1635556
Dropping frame 1403636724.3635557
Dropping frame 1403636724.4635556
Dropping frame 1403636724.5635555
Dropping frame 1403636724.8135555
Dropping frame 1403636725.0635555
Dropping frame 1403636725.2635555
Dropping frame 1403636725.3635557
Dropping frame 1403636725.6135554
Dropping frame 1403636725.7135556
Dropping frame 1403636725.8135555
Dropping frame 1403636725.9135554
Dropping frame 1403636726.0135555
Dropping frame 1403636726.2135556
Dropping frame 1403636726.3135555
Dropping frame 1403636726.6635556
Dropping frame 1403636726.8635557
Dropping frame 1403636727.1635556
Dropping frame 1403636727.4135554
Dropping frame 1403636727.5135555
Dropping frame 1403636727.8135555
Dropping frame 1403636728.1635556
Dropping frame 1403636728.4635556
Dropping frame 1403636728.6635556
Dropping frame 1403636728.8135555
Dropping frame 1403636728.9135554
Dropping frame 1403636729.1135554
Dropping frame 1403636729.2135556
Dropping frame 1403636729.5135555
Dropping frame 1403636729.6135554
Dropping frame 1403636730.1635556
Dropping frame 1403636730.4135554
Dropping frame 1403636730.5635555
Dropping frame 1403636730.8135555
Dropping frame 1403636731.1135554
Dropping frame 1403636731.2135556
Dropping frame 1403636731.4135554
Dropping frame 1403636731.5135555
Dropping frame 1403636731.6135554
Dropping frame 1403636731.8135555
Dropping frame 1403636732.1635556
Dropping frame 1403636732.2635555
Dropping frame 1403636732.3635557
Dropping frame 1403636732.4635556
Dropping frame 1403636732.6135554
Dropping frame 1403636732.9135554
Dropping frame 1403636733.0135555
Dropping frame 1403636733.2135556
Dropping frame 1403636733.4135554
Dropping frame 1403636733.5135555
Dropping frame 1403636733.7135556
Dropping frame 1403636733.8135555
Dropping frame 1403636733.9635556
Dropping frame 1403636734.2635555
Dropping frame 1403636734.3635557
Dropping frame 1403636734.5635555
Dropping frame 1403636734.7635555
Dropping frame 1403636734.8635557
Dropping frame 1403636735.0135555
Dropping frame 1403636735.1135554
Dropping frame 1403636735.2135556
Dropping frame 1403636735.6635556
Dropping frame 1403636735.7635555
Dropping frame 1403636736.0635555
Dropping frame 1403636736.2135556
Dropping frame 1403636736.4635556
Dropping frame 1403636736.5635555
Dropping frame 1403636736.6635556
Dropping frame 1403636736.8635557
Dropping frame 1403636737.0635555
Dropping frame 1403636737.2635555
Dropping frame 1403636737.4635556
Dropping frame 1403636737.5635555
Dropping frame 1403636737.6635556
Dropping frame 1403636737.8635557
Dropping frame 1403636737.9635556
Dropping frame 1403636738.0635555
Dropping frame 1403636738.2635555
Dropping frame 1403636738.3635557
Dropping frame 1403636738.4635556
Dropping frame 1403636738.6635556
Dropping frame 1403636738.7635555
Dropping frame 1403636739.0135555
Dropping frame 1403636739.2135556
Dropping frame 1403636739.3135555
Dropping frame 1403636739.5135555
Dropping frame 1403636739.6135554
Dropping frame 1403636739.7135556
Dropping frame 1403636739.8135555
Dropping frame 1403636740.0135555
Dropping frame 1403636740.1135554
Dropping frame 1403636740.2635555
Dropping frame 1403636740.4635556
Dropping frame 1403636740.5635555
Dropping frame 1403636740.6635556
Dropping frame 1403636740.7635555
Dropping frame 1403636741.0135555
Dropping frame 1403636741.1135554
Dropping frame 1403636741.3135555
Dropping frame 1403636741.4135554
Dropping frame 1403636741.5135555
Dropping frame 1403636741.7135556
Dropping frame 1403636741.8135555
Dropping frame 1403636741.9135554
Dropping frame 1403636742.0135555
Dropping frame 1403636742.2135556
Dropping frame 1403636742.3135555
Dropping frame 1403636742.5135555
Dropping frame 1403636742.6135554
Dropping frame 1403636742.7135556
Dropping frame 1403636742.8135555
Dropping frame 1403636742.9135554
Dropping frame 1403636743.1135554
Dropping frame 1403636743.2135556
Dropping frame 1403636743.3135555
Dropping frame 1403636743.4135554
Dropping frame 1403636743.5135555
Dropping frame 1403636743.6135554
Dropping frame 1403636743.7635555
Dropping frame 1403636743.8635557
Dropping frame 1403636744.1135554
Dropping frame 1403636744.2135556
Dropping frame 1403636744.3135555
Dropping frame 1403636744.4135554
Dropping frame 1403636744.5135555
Dropping frame 1403636744.7135556
Dropping frame 1403636744.9135554
Dropping frame 1403636745.0135555
Dropping frame 1403636745.1135554
Dropping frame 1403636745.3135555
Dropping frame 1403636745.4135554
Dropping frame 1403636745.5135555
Dropping frame 1403636745.7135556
Dropping frame 1403636745.8135555
Dropping frame 1403636746.0135555
Dropping frame 1403636746.1135554
Dropping frame 1403636746.2135556
Dropping frame 1403636746.4135554
Dropping frame 1403636746.6135554
Dropping frame 1403636746.8135555
Dropping frame 1403636747.0135555
Dropping frame 1403636747.1135554
Dropping frame 1403636747.2135556
Dropping frame 1403636747.3135555
Dropping frame 1403636747.4135554
Dropping frame 1403636747.5135555
Dropping frame 1403636747.7135556
Dropping frame 1403636747.9135554
Dropping frame 1403636748.0135555
Dropping frame 1403636748.1135554
Dropping frame 1403636748.3135555
Dropping frame 1403636748.4135554
Dropping frame 1403636748.6135554
Dropping frame 1403636748.7135556
Dropping frame 1403636748.9135554
Dropping frame 1403636749.0135555
Dropping frame 1403636749.1135554
Dropping frame 1403636749.2135556
Dropping frame 1403636749.3135555
Dropping frame 1403636749.5135555
Dropping frame 1403636749.7135556
Dropping frame 1403636749.8135555
Dropping frame 1403636749.9135554
Dropping frame 1403636750.0135555
Dropping frame 1403636750.2135556
Dropping frame 1403636750.3135555
Dropping frame 1403636750.4135554
Dropping frame 1403636750.6135554
Dropping frame 1403636750.7135556
Dropping frame 1403636750.8135555
Dropping frame 1403636751.0135555
Dropping frame 1403636751.3635557
Dropping frame 1403636751.5635555
Dropping frame 1403636751.7635555
Dropping frame 1403636751.8635557
Dropping frame 1403636751.9635556
Dropping frame 1403636752.1635556
Dropping frame 1403636752.2635555
Dropping frame 1403636752.4635556
Dropping frame 1403636752.5635555
Dropping frame 1403636752.6635556
Dropping frame 1403636752.8635557
Dropping frame 1403636753.0635555
Dropping frame 1403636753.2635555
Dropping frame 1403636753.4635556
Dropping frame 1403636753.5635555
Dropping frame 1403636753.6635556
Dropping frame 1403636753.8635557
Dropping frame 1403636754.0635555
Dropping frame 1403636754.2635555
Dropping frame 1403636754.3635557
Dropping frame 1403636754.4635556
Dropping frame 1403636754.6635556
Dropping frame 1403636754.8635557
Dropping frame 1403636755.0635555
Dropping frame 1403636755.1635556
Dropping frame 1403636755.2635555
Dropping frame 1403636755.4635556
Dropping frame 1403636755.5635555
Dropping frame 1403636755.6635556
Dropping frame 1403636755.8635557
Dropping frame 1403636756.0635555
Dropping frame 1403636756.2635555
Dropping frame 1403636756.3635557
Dropping frame 1403636756.4635556
Dropping frame 1403636756.6635556
Dropping frame 1403636756.8635557
Dropping frame 1403636757.0635555
Dropping frame 1403636757.2635555
Dropping frame 1403636757.4635556
Dropping frame 1403636757.6635556
Dropping frame 1403636757.7635555
Dropping frame 1403636757.9635556
Dropping frame 1403636758.0635555
Dropping frame 1403636758.2635555
Dropping frame 1403636758.4635556
Dropping frame 1403636758.5635555
Dropping frame 1403636758.6635556
Dropping frame 1403636758.7635555
Dropping frame 1403636758.8635557
Dropping frame 1403636758.9635556
Dropping frame 1403636759.3635557
Dropping frame 1403636759.9135554
Dropping frame 1403636760.1135554
Dropping frame 1403636760.2135556
Dropping frame 1403636760.3135555
Dropping frame 1403636760.4135554
Dropping frame 1403636760.6135554
Dropping frame 1403636760.7135556
Dropping frame 1403636760.8135555
Dropping frame 1403636760.9135554
Dropping frame 1403636761.0135555
Dropping frame 1403636761.1635556
Dropping frame 1403636761.3635557
Dropping frame 1403636761.5635555
Dropping frame 1403636761.6635556
Dropping frame 1403636761.7635555
Dropping frame 1403636761.9635556
Dropping frame 1403636762.1635556
Dropping frame 1403636762.3635557
Dropping frame 1403636762.4635556
Dropping frame 1403636762.6635556
Dropping frame 1403636762.8635557
Dropping frame 1403636762.9635556
Dropping frame 1403636763.0635555
Dropping frame 1403636763.2635555
Dropping frame 1403636763.4635556
Dropping frame 1403636763.6635556
Dropping frame 1403636763.7635555
Shutdown
SLAM Finished at System Time: 1734432162.24437

 TIME STATS in ms (mean$\pm$std)
OpenCV version: 4.8.1
---------------------------
Tracking

ORB Extraction: 17.055$\pm$1.7315
Stereo Matching: 7.1552$\pm$1.9716
IMU Preintegration: 0.26651$\pm$0.11007
Pose Prediction: 0.19842$\pm$0.58774
LM Track: 20.424$\pm$6.2709
New KF decision: 1.0204$\pm$1.9256
Total Tracking: 34.587$\pm$25.136



Local Mapping

KF Insertion: 17.458$\pm$7.4141
MP Culling: 0.49628$\pm$0.20164
MP Creation: 50.497$\pm$16.977
LBA: 162.39$\pm$58.006
KF Culling: 18.301$\pm$11.909
Total Local Mapping: 249.15$\pm$82.809
---------------------------

LBA complexity (mean$\pm$std)
LBA Edges: 1909.6$\pm$803.16
LBA KF optimized: 6.5$\pm$2.2913
LBA KF fixed: 1$\pm$0
LBA MP: nan$\pm$nan

LBA executions: 564
LBA aborts: 0
---------------------------

Map complexity
KFs in map: 152
MPs in map: 12108
---------------------------

Place Recognition (mean$\pm$std)
Database Query: 1.6632$\pm$1.0403
SE3 estimation: 16.191$\pm$18.08
Total Place Recognition: 16.186$\pm$18.653


Loop Closing (mean$\pm$std)
Loop Fusion: nan$\pm$nan
Essential Graph: nan$\pm$nan
Total Loop Closing: nan$\pm$nan

Num exec: 0
Number of KFs: nan$\pm$nan

Map Merging (mean$\pm$std)
Merge Maps: nan$\pm$nan
Welding BA: nan$\pm$nan
Optimization Ess.: nan$\pm$nan
Total Map Merging: nan$\pm$nan

Num exec: 0
Number of KFs: nan$\pm$nan
Number of MPs: nan$\pm$nan

Full GBA (mean$\pm$std)
GBA: nan$\pm$nan
Map Update: nan$\pm$nan
Total Full GBA: nan$\pm$nan

Num exec: 0
Num abort: 0
Number of KFs: nan$\pm$nan
Number of MPs: nan$\pm$nan

Saving trajectory to f_dataset-MH01_stereo_imu.txt ...
There are 1 maps in the atlas
  Map 0 has 152 KFs

End of saving trajectory to f_dataset-MH01_stereo_imu.txt ...

Saving keyframe trajectory to kf_dataset-MH01_stereo_imu.txt ...
