num_seq = 1
file name: dataset-MH03_stereo_imu
Loading images for sequence 0...LOADED!
Loading IMU for sequence 0...LOADED!

-------

ORB-SLAM3 Copyright (C) 2017-2020 Carlos Campos, Richard Elvira, Juan J. Gómez, José M.M. Montiel and Juan D. Tardós, University of Zaragoza.
ORB-SLAM2 Copyright (C) 2014-2016 Raúl Mur-Artal, José M.M. Montiel and Juan D. Tardós, University of Zaragoza.
This program comes with ABSOLUTELY NO WARRANTY;
This is free software, and you are welcome to redistribute it
under certain conditions. See LICENSE.txt.

Built with REGISTER_TIMES
Git Commit Hash: 5ee9387

Compiled with C++ version: 201703

Input sensor was set to: Stereo-Inertial
Loading settings from ./Examples/Stereo-Inertial/EuRoC_fov_deadlines_mask_9x9.yaml
	-Loaded camera 1
	-Loaded camera 2
	-Loaded image info
	-Loaded IMU calibration
	-Loaded ORB settings
	-Loaded viewer settings
	-Loaded Atlas settings
Deadlines enabled, will skip frames!
FOV enabled
Static mask size: 9x9
Dumping map points enabled
	-Loaded misc parameters
	-Computed rectification maps
----------------------------------
SLAM settings: 
	-Camera 1 parameters (Pinhole): [ 458.65399169921875 457.29598999023438 367.21499633789062 248.375 ]
	-Camera 1 distortion parameters: [  -0.28340810537338257 0.073959067463874817 0.00019359000725671649 1.7618711353861727e-05 ]
	-Camera 2 parameters (Pinhole: [ 457.58700561523438 456.13400268554688 379.99899291992188 255.23800659179688 ]
	-Camera 1 distortion parameters: [  -0.2836836576461792 0.074512839317321777 -0.00010473000293131918 -3.555907096597366e-05 ]
	-Original image size: [ 752 , 480 ]
	-Current image size: [ 752 , 480 ]
	-Camera 1 parameters after rectification: [  456.71499633789062 456.71499633789062 364.52615356445312 257.268798828125 ]
	-Sequence FPS: 20
	-Stereo baseline: 0.11007784307003021
	-Stereo depth threshold : 60
	-Gyro noise: 0.00016999999934341758
	-Accelerometer noise: 0.0020000000949949026
	-Gyro walk: 1.9392999092815444e-05
	-Accelerometer walk: 0.0030000000260770321
	-IMU frequency: 200
	-Features per image: 1200
	-ORB scale factor: 1.2000000476837158
	-ORB number of scales: 8
	-Initial FAST threshold: 20
	-Min FAST threshold: 7


Loading ORB Vocabulary. This could take a while...
Vocabulary loaded!

Initialization of Atlas from scratch 
Creation of new map with id: 0
Creation of new map with last KF id: 0
Seq. Name: 
There are 1 cameras in the atlas
Camera 0 is pinhole
SLAM Started at System Time: 1734434929.12018
not IMU meas
not IMU meas
not enough acceleration
not enough acceleration
First KF:0; Map init KF:0
New Map created with 238 points
Active map: 0
Not enough motion for initializing. Reseting...
TRACK: Reset map because local mapper set the bad imu flag 
LM: Reseting current map in Local Mapping...
LM: End reseting Local Mapping...
LM: Reset free the mutex
LM: Active map reset recieved
LM: Active map reset, waiting...
LM: Reseting current map in Local Mapping...
LM: End reseting Local Mapping...
LM: Reset free the mutex
LM: Active map reset, Done!!!
mnFirstFrameId = 4
mnInitialFrameId = 0
52 Frames set to lost
not IMU meas
First KF:11; Map init KF:0
New Map created with 263 points
Active map: 0
Dropping frame 1403637134.0883191
Dropping frame 1403637134.2883189
Dropping frame 1403637134.5883191
Dropping frame 1403637134.688319
Dropping frame 1403637134.8383191
Dropping frame 1403637135.0883191
Dropping frame 1403637135.2883189
Dropping frame 1403637135.5383191
Dropping frame 1403637135.888319
Dropping frame 1403637136.2383192
Dropping frame 1403637136.5883191
Dropping frame 1403637136.7883189
Dropping frame 1403637137.0383191
Dropping frame 1403637137.138319
Dropping frame 1403637137.5383191
Dropping frame 1403637137.688319
Dropping frame 1403637138.3383191
Dropping frame 1403637138.4883189
Dropping frame 1403637138.688319
Dropping frame 1403637138.888319
start VIBA 1
Dropping frame 1403637138.9883189
end VIBA 1
Dropping frame 1403637139.0883191
Dropping frame 1403637139.2383192
Dropping frame 1403637139.3383191
Dropping frame 1403637139.4383192
Dropping frame 1403637139.638319
Dropping frame 1403637139.7383192
Dropping frame 1403637139.9383192
Not enough motion for initializing. Reseting...
TRACK: Reset map because local mapper set the bad imu flag 
LM: Reseting current map in Local Mapping...
LM: End reseting Local Mapping...
LM: Reset free the mutex
LM: Active map reset recieved
LM: Active map reset, waiting...
LM: Reseting current map in Local Mapping...
LM: End reseting Local Mapping...
LM: Reset free the mutex
LM: Active map reset, Done!!!
mnFirstFrameId = 58
mnInitialFrameId = 56
157 Frames set to lost
not IMU meas
First KF:40; Map init KF:11
New Map created with 246 points
Active map: 0
Dropping frame 1403637140.7383192
Dropping frame 1403637140.9383192
Dropping frame 1403637141.0383191
Dropping frame 1403637141.2883189
Dropping frame 1403637141.888319
Dropping frame 1403637141.9883189
Dropping frame 1403637142.3383191
Dropping frame 1403637142.5883191
Dropping frame 1403637142.8383191
Not enough motion for initializing. Reseting...
TRACK: Reset map because local mapper set the bad imu flag 
LM: Reseting current map in Local Mapping...
LM: End reseting Local Mapping...
LM: Reset free the mutex
LM: Active map reset recieved
LM: Active map reset, waiting...
LM: Reseting current map in Local Mapping...
LM: End reseting Local Mapping...
LM: Reset free the mutex
LM: Active map reset, Done!!!
mnFirstFrameId = 165
mnInitialFrameId = 163
208 Frames set to lost
not IMU meas
not enough acceleration
not enough acceleration
not enough acceleration
not enough acceleration
not enough acceleration
Dropping frame 1403637143.5383191
not enough acceleration
not enough acceleration
not enough acceleration
not enough acceleration
not enough acceleration
not enough acceleration
not enough acceleration
not enough acceleration
not enough acceleration
not enough acceleration
not enough acceleration
not enough acceleration
not enough acceleration
not enough acceleration
not enough acceleration
not enough acceleration
not enough acceleration
not enough acceleration
not enough acceleration
not enough acceleration
not enough acceleration
First KF:51; Map init KF:40
New Map created with 250 points
Active map: 0
Not enough motion for initializing. Reseting...
TRACK: Reset map because local mapper set the bad imu flag 
LM: Reseting current map in Local Mapping...
LM: End reseting Local Mapping...
LM: Reset free the mutex
LM: Active map reset recieved
LM: Active map reset, waiting...
LM: Reseting current map in Local Mapping...
LM: End reseting Local Mapping...
LM: Reset free the mutex
LM: Active map reset, Done!!!
mnFirstFrameId = 244
mnInitialFrameId = 216
264 Frames set to lost
not IMU meas
not enough acceleration
not enough acceleration
not enough acceleration
not enough acceleration
not enough acceleration
not enough acceleration
not enough acceleration
not enough acceleration
not enough acceleration
not enough acceleration
not enough acceleration
not enough acceleration
not enough acceleration
not enough acceleration
not enough acceleration
not enough acceleration
not enough acceleration
not enough acceleration
not enough acceleration
not enough acceleration
not enough acceleration
not enough acceleration
not enough acceleration
not enough acceleration
not enough acceleration
not enough acceleration
not enough acceleration
not enough acceleration
not enough acceleration
not enough acceleration
not enough acceleration
not enough acceleration
not enough acceleration
not enough acceleration
not enough acceleration
not enough acceleration
not enough acceleration
not enough acceleration
not enough acceleration
not enough acceleration
not enough acceleration
not enough acceleration
not enough acceleration
not enough acceleration
First KF:62; Map init KF:51
New Map created with 214 points
Active map: 0
Dropping frame 1403637154.4383192
Dropping frame 1403637154.7383192
start VIBA 1
end VIBA 1
Dropping frame 1403637155.2883189
Dropping frame 1403637155.5883191
Dropping frame 1403637155.688319
Dropping frame 1403637155.888319
Dropping frame 1403637156.0383191
Dropping frame 1403637156.188319
Dropping frame 1403637156.3383191
Dropping frame 1403637156.4383192
Dropping frame 1403637156.688319
Dropping frame 1403637156.888319
Dropping frame 1403637156.9883189
Dropping frame 1403637157.0883191
Dropping frame 1403637157.2383192
Dropping frame 1403637157.388319
Dropping frame 1403637157.5883191
Dropping frame 1403637157.7383192
Dropping frame 1403637157.8383191
Dropping frame 1403637157.9383192
Dropping frame 1403637158.0383191
Dropping frame 1403637158.138319
Dropping frame 1403637158.2383192
Dropping frame 1403637158.4383192
Dropping frame 1403637158.5883191
Dropping frame 1403637158.688319
Dropping frame 1403637158.8383191
Dropping frame 1403637158.9383192
Dropping frame 1403637159.0383191
Dropping frame 1403637159.188319
Dropping frame 1403637159.2883189
Dropping frame 1403637159.388319
Dropping frame 1403637159.4883189
Dropping frame 1403637159.638319
Dropping frame 1403637159.7383192
Dropping frame 1403637159.888319
Dropping frame 1403637160.0383191
Dropping frame 1403637160.2383192
Dropping frame 1403637160.3383191
Dropping frame 1403637160.4383192
Dropping frame 1403637160.5383191
Dropping frame 1403637160.7883189
Dropping frame 1403637160.888319
Dropping frame 1403637160.9883189
Dropping frame 1403637161.2883189
Dropping frame 1403637161.388319
Dropping frame 1403637161.4883189
Dropping frame 1403637161.688319
Dropping frame 1403637161.7883189
Dropping frame 1403637161.888319
Dropping frame 1403637161.9883189
Dropping frame 1403637162.0883191
Dropping frame 1403637162.4383192
Dropping frame 1403637162.5383191
Dropping frame 1403637162.638319
Dropping frame 1403637162.8383191
Dropping frame 1403637162.9383192
Dropping frame 1403637163.3383191
Dropping frame 1403637163.4383192
Dropping frame 1403637163.638319
Dropping frame 1403637163.8383191
Dropping frame 1403637163.9383192
Dropping frame 1403637164.0383191
Dropping frame 1403637164.2883189
Dropping frame 1403637164.388319
Dropping frame 1403637164.7883189
Dropping frame 1403637164.9883189
start VIBA 2
Dropping frame 1403637165.0883191
end VIBA 2
Dropping frame 1403637165.2883189
Dropping frame 1403637165.388319
Dropping frame 1403637165.5883191
Dropping frame 1403637165.688319
Dropping frame 1403637165.7883189
Dropping frame 1403637165.9883189
Dropping frame 1403637166.0883191
Dropping frame 1403637166.2883189
Dropping frame 1403637166.4883189
Dropping frame 1403637166.688319
Dropping frame 1403637166.888319
Dropping frame 1403637167.0883191
Dropping frame 1403637167.2883189
Dropping frame 1403637167.388319
Dropping frame 1403637167.638319
Dropping frame 1403637167.7383192
Dropping frame 1403637167.9383192
Dropping frame 1403637168.138319
Dropping frame 1403637168.2383192
Dropping frame 1403637168.4383192
Dropping frame 1403637168.638319
Dropping frame 1403637168.8383191
Dropping frame 1403637168.9383192
Dropping frame 1403637169.138319
Dropping frame 1403637169.3383191
Dropping frame 1403637169.5383191
Dropping frame 1403637169.7383192
Dropping frame 1403637169.8383191
Dropping frame 1403637170.0383191
Dropping frame 1403637170.2383192
Dropping frame 1403637170.3383191
Dropping frame 1403637170.5383191
Dropping frame 1403637170.638319
Dropping frame 1403637170.8383191
Dropping frame 1403637170.9883189
Dropping frame 1403637171.188319
Dropping frame 1403637171.388319
Dropping frame 1403637171.7383192
Dropping frame 1403637171.8383191
Dropping frame 1403637172.138319
Dropping frame 1403637172.3383191
Dropping frame 1403637172.5383191
Dropping frame 1403637172.638319
Dropping frame 1403637172.7383192
Dropping frame 1403637172.8383191
Dropping frame 1403637173.0883191
Dropping frame 1403637173.2883189
Dropping frame 1403637173.4883189
Dropping frame 1403637173.5883191
Dropping frame 1403637173.8383191
Dropping frame 1403637174.0383191
Dropping frame 1403637174.2383192
Dropping frame 1403637174.4383192
Dropping frame 1403637174.638319
Dropping frame 1403637174.7383192
Dropping frame 1403637174.9383192
Dropping frame 1403637175.188319
Dropping frame 1403637175.388319
Dropping frame 1403637175.5883191
Dropping frame 1403637175.688319
Dropping frame 1403637175.9383192
Dropping frame 1403637176.138319
Dropping frame 1403637176.2883189
Dropping frame 1403637176.4383192
Dropping frame 1403637176.5883191
Dropping frame 1403637176.7883189
Dropping frame 1403637176.9883189
Dropping frame 1403637177.0883191
Dropping frame 1403637177.3383191
Dropping frame 1403637177.4383192
Dropping frame 1403637177.688319
Dropping frame 1403637178.3383191
Dropping frame 1403637178.5383191
Dropping frame 1403637178.7383192
Dropping frame 1403637178.8383191
Dropping frame 1403637179.138319
Dropping frame 1403637179.2383192
Dropping frame 1403637179.4883189
Dropping frame 1403637179.9383192
Dropping frame 1403637180.188319
Dropping frame 1403637180.5883191
Dropping frame 1403637181.0383191
Dropping frame 1403637181.2383192
Dropping frame 1403637181.7883189
Dropping frame 1403637182.0883191
Dropping frame 1403637182.2383192
Dropping frame 1403637182.4383192
Dropping frame 1403637182.5383191
Dropping frame 1403637182.7883189
Dropping frame 1403637183.0883191
Dropping frame 1403637183.2883189
Dropping frame 1403637183.638319
Dropping frame 1403637183.8383191
Dropping frame 1403637183.9383192
Dropping frame 1403637184.0383191
Dropping frame 1403637184.2383192
Dropping frame 1403637184.3383191
Dropping frame 1403637184.5883191
Dropping frame 1403637184.7883189
Dropping frame 1403637184.9383192
Dropping frame 1403637185.138319
Dropping frame 1403637185.2383192
Dropping frame 1403637185.3383191
Dropping frame 1403637185.5383191
Dropping frame 1403637185.638319
Dropping frame 1403637185.888319
Dropping frame 1403637186.0883191
Dropping frame 1403637186.188319
Dropping frame 1403637186.4383192
Dropping frame 1403637186.5383191
Dropping frame 1403637186.7883189
Dropping frame 1403637186.888319
Dropping frame 1403637187.138319
Dropping frame 1403637187.2383192
Dropping frame 1403637187.3383191
Dropping frame 1403637187.5383191
Dropping frame 1403637187.7383192
Dropping frame 1403637187.888319
Dropping frame 1403637188.0883191
Dropping frame 1403637188.188319
Dropping frame 1403637188.2883189
Dropping frame 1403637188.4883189
Dropping frame 1403637188.688319
Dropping frame 1403637188.7883189
Dropping frame 1403637189.0383191
Dropping frame 1403637189.2383192
Dropping frame 1403637189.388319
Dropping frame 1403637189.5883191
Dropping frame 1403637189.8383191
Dropping frame 1403637189.9383192
Dropping frame 1403637190.2383192
Dropping frame 1403637190.3383191
Dropping frame 1403637190.5883191
Dropping frame 1403637190.8383191
Dropping frame 1403637191.188319
Dropping frame 1403637191.2883189
Dropping frame 1403637191.4883189
Dropping frame 1403637191.688319
Dropping frame 1403637191.8383191
Dropping frame 1403637192.0383191
Dropping frame 1403637192.188319
Dropping frame 1403637192.5383191
Dropping frame 1403637192.7383192
Dropping frame 1403637192.9383192
Dropping frame 1403637193.2883189
Dropping frame 1403637193.8383191
Dropping frame 1403637194.0383191
Dropping frame 1403637194.388319
Dropping frame 1403637194.688319
Dropping frame 1403637194.7883189
Dropping frame 1403637195.0383191
Dropping frame 1403637195.138319
Dropping frame 1403637195.2383192
Dropping frame 1403637195.4883189
Dropping frame 1403637195.5883191
Dropping frame 1403637195.7883189
Dropping frame 1403637195.9883189
Dropping frame 1403637196.0883191
Dropping frame 1403637196.188319
Dropping frame 1403637196.388319
Dropping frame 1403637196.4883189
Dropping frame 1403637196.5883191
Dropping frame 1403637196.688319
Dropping frame 1403637196.888319
Dropping frame 1403637196.9883189
Dropping frame 1403637197.2383192
Dropping frame 1403637197.3383191
Dropping frame 1403637197.4383192
Dropping frame 1403637197.638319
Dropping frame 1403637197.8383191
Dropping frame 1403637197.9383192
Dropping frame 1403637198.0383191
Dropping frame 1403637198.138319
Dropping frame 1403637198.3383191
Dropping frame 1403637198.4383192
Dropping frame 1403637198.5383191
Dropping frame 1403637198.7883189
Dropping frame 1403637199.188319
Dropping frame 1403637199.2883189
Dropping frame 1403637199.4883189
Dropping frame 1403637199.5883191
Dropping frame 1403637199.688319
Dropping frame 1403637199.888319
Dropping frame 1403637199.9883189
Dropping frame 1403637200.0883191
Dropping frame 1403637200.2883189
Dropping frame 1403637200.4883189
Dropping frame 1403637200.5883191
Dropping frame 1403637200.688319
Dropping frame 1403637200.7883189
Dropping frame 1403637200.9883189
Dropping frame 1403637201.188319
Dropping frame 1403637201.2883189
Dropping frame 1403637201.388319
Dropping frame 1403637201.4883189
Dropping frame 1403637201.688319
Dropping frame 1403637201.7883189
Dropping frame 1403637201.888319
Dropping frame 1403637202.0883191
Dropping frame 1403637202.388319
Dropping frame 1403637202.638319
Dropping frame 1403637202.7383192
Dropping frame 1403637202.8383191
Dropping frame 1403637203.0383191
Dropping frame 1403637203.138319
Dropping frame 1403637203.388319
Dropping frame 1403637203.5883191
Dropping frame 1403637203.688319
Dropping frame 1403637203.888319
Dropping frame 1403637204.0883191
Dropping frame 1403637204.2883189
Dropping frame 1403637204.388319
Dropping frame 1403637204.5383191
Dropping frame 1403637204.7383192
Dropping frame 1403637204.8383191
Dropping frame 1403637204.9383192
Dropping frame 1403637205.0383191
Dropping frame 1403637205.188319
Dropping frame 1403637205.4883189
Dropping frame 1403637205.5883191
Dropping frame 1403637205.888319
Dropping frame 1403637205.9883189
Dropping frame 1403637206.0883191
Dropping frame 1403637206.2383192
Dropping frame 1403637206.3383191
Dropping frame 1403637206.4383192
Dropping frame 1403637206.638319
Dropping frame 1403637206.7383192
Dropping frame 1403637206.8383191
Dropping frame 1403637206.9383192
Dropping frame 1403637207.0383191
Dropping frame 1403637207.2383192
Dropping frame 1403637207.4383192
Dropping frame 1403637207.5883191
Dropping frame 1403637207.7883189
Dropping frame 1403637207.888319
Dropping frame 1403637207.9883189
Dropping frame 1403637208.0883191
Dropping frame 1403637208.188319
Dropping frame 1403637208.3383191
Dropping frame 1403637208.4383192
Dropping frame 1403637208.7383192
Dropping frame 1403637208.8383191
Dropping frame 1403637208.9383192
Dropping frame 1403637209.0383191
Dropping frame 1403637209.138319
Dropping frame 1403637209.3383191
Dropping frame 1403637209.4383192
Dropping frame 1403637209.638319
Dropping frame 1403637209.7383192
Dropping frame 1403637209.8383191
Dropping frame 1403637210.0383191
Dropping frame 1403637210.5383191
Dropping frame 1403637210.638319
Dropping frame 1403637210.7383192
Dropping frame 1403637210.888319
Dropping frame 1403637211.0883191
Dropping frame 1403637211.188319
Dropping frame 1403637211.2883189
Dropping frame 1403637211.4883189
Dropping frame 1403637211.5883191
Dropping frame 1403637211.688319
Dropping frame 1403637211.7883189
Dropping frame 1403637211.888319
Dropping frame 1403637211.9883189
Dropping frame 1403637212.188319
Dropping frame 1403637212.2883189
Dropping frame 1403637212.388319
Dropping frame 1403637212.5883191
Dropping frame 1403637212.7883189
Dropping frame 1403637212.9883189
Dropping frame 1403637213.0883191
Dropping frame 1403637213.188319
Dropping frame 1403637213.388319
Dropping frame 1403637213.5883191
Dropping frame 1403637213.688319
Dropping frame 1403637213.7883189
Dropping frame 1403637213.888319
Dropping frame 1403637214.0883191
Dropping frame 1403637214.188319
Dropping frame 1403637214.2883189
Dropping frame 1403637214.4883189
Dropping frame 1403637214.5883191
Dropping frame 1403637214.7883189
Dropping frame 1403637214.888319
Dropping frame 1403637214.9883189
Dropping frame 1403637215.188319
Dropping frame 1403637215.388319
Dropping frame 1403637215.5883191
Dropping frame 1403637215.688319
Dropping frame 1403637215.7883189
Dropping frame 1403637215.9883189
Dropping frame 1403637216.188319
Dropping frame 1403637216.2883189
Dropping frame 1403637216.388319
Dropping frame 1403637216.4883189
Dropping frame 1403637216.688319
Dropping frame 1403637216.7883189
Dropping frame 1403637216.888319
Dropping frame 1403637217.0883191
Dropping frame 1403637217.2883189
Dropping frame 1403637217.388319
Dropping frame 1403637217.4883189
Dropping frame 1403637217.5883191
Dropping frame 1403637217.7883189
Dropping frame 1403637217.9883189
Dropping frame 1403637218.0883191
Dropping frame 1403637218.188319
Dropping frame 1403637218.2883189
Dropping frame 1403637218.4883189
Dropping frame 1403637218.688319
Dropping frame 1403637218.7883189
Dropping frame 1403637218.888319
Dropping frame 1403637218.9883189
Dropping frame 1403637219.188319
Dropping frame 1403637219.388319
Dropping frame 1403637219.5883191
Dropping frame 1403637219.688319
Dropping frame 1403637219.7883189
Dropping frame 1403637219.9883189
Dropping frame 1403637220.0883191
Dropping frame 1403637220.188319
Dropping frame 1403637220.388319
Dropping frame 1403637220.4883189
Dropping frame 1403637220.688319
Dropping frame 1403637220.7883189
Dropping frame 1403637220.888319
Dropping frame 1403637221.0883191
Dropping frame 1403637221.2883189
Dropping frame 1403637221.4883189
Dropping frame 1403637221.5883191
Dropping frame 1403637221.688319
Dropping frame 1403637221.888319
Dropping frame 1403637221.9883189
Dropping frame 1403637222.2383192
Dropping frame 1403637222.4383192
Dropping frame 1403637222.5383191
Dropping frame 1403637222.638319
Dropping frame 1403637222.7383192
Dropping frame 1403637223.2383192
Dropping frame 1403637223.4383192
Dropping frame 1403637223.5383191
Dropping frame 1403637223.638319
Dropping frame 1403637223.8383191
Dropping frame 1403637223.9383192
Dropping frame 1403637224.0883191
Dropping frame 1403637224.2883189
Dropping frame 1403637224.4883189
Dropping frame 1403637224.5883191
Dropping frame 1403637224.688319
Dropping frame 1403637224.7883189
Dropping frame 1403637225.0383191
Dropping frame 1403637225.2383192
Dropping frame 1403637225.3383191
Dropping frame 1403637225.4383192
Dropping frame 1403637225.5383191
Dropping frame 1403637225.7383192
Dropping frame 1403637225.8383191
Dropping frame 1403637225.9883189
Dropping frame 1403637226.188319
Dropping frame 1403637226.2883189
Dropping frame 1403637226.4383192
Dropping frame 1403637226.5883191
Dropping frame 1403637226.7883189
Dropping frame 1403637226.9883189
Dropping frame 1403637227.0883191
Dropping frame 1403637227.3383191
Dropping frame 1403637227.4383192
Dropping frame 1403637227.5383191
Dropping frame 1403637227.7383192
Dropping frame 1403637227.8383191
Dropping frame 1403637228.0383191
Dropping frame 1403637228.138319
Dropping frame 1403637228.388319
Dropping frame 1403637228.4883189
Dropping frame 1403637228.688319
Dropping frame 1403637228.7883189
Dropping frame 1403637228.9883189
Dropping frame 1403637229.0883191
Dropping frame 1403637229.2883189
Dropping frame 1403637229.388319
Dropping frame 1403637229.638319
Dropping frame 1403637229.7383192
Dropping frame 1403637229.8383191
Dropping frame 1403637230.0383191
Dropping frame 1403637230.138319
Dropping frame 1403637230.5383191
Dropping frame 1403637230.638319
Dropping frame 1403637230.7383192
Dropping frame 1403637230.9383192
Dropping frame 1403637231.0383191
Dropping frame 1403637231.388319
Dropping frame 1403637231.4883189
Dropping frame 1403637231.5883191
Dropping frame 1403637231.7883189
Dropping frame 1403637231.888319
Dropping frame 1403637231.9883189
Dropping frame 1403637232.138319
Dropping frame 1403637232.388319
Dropping frame 1403637232.4883189
Dropping frame 1403637232.638319
Dropping frame 1403637232.888319
Dropping frame 1403637233.0883191
Dropping frame 1403637233.188319
Dropping frame 1403637233.3383191
Dropping frame 1403637233.688319
Dropping frame 1403637233.888319
Dropping frame 1403637233.9883189
Dropping frame 1403637234.2883189
Dropping frame 1403637234.4883189
Dropping frame 1403637234.5883191
Dropping frame 1403637234.8383191
Dropping frame 1403637234.9883189
Dropping frame 1403637235.188319
Dropping frame 1403637235.388319
Dropping frame 1403637235.5883191
Dropping frame 1403637235.688319
Dropping frame 1403637236.0883191
Dropping frame 1403637236.4383192
Dropping frame 1403637236.5383191
Dropping frame 1403637236.7883189
Dropping frame 1403637236.9883189
Dropping frame 1403637237.188319
Dropping frame 1403637237.388319
Dropping frame 1403637237.5883191
Dropping frame 1403637237.7883189
Dropping frame 1403637237.888319
Dropping frame 1403637237.9883189
Dropping frame 1403637238.188319
Dropping frame 1403637238.2883189
Dropping frame 1403637238.388319
Dropping frame 1403637238.5883191
Dropping frame 1403637238.7883189
Dropping frame 1403637238.9883189
Dropping frame 1403637239.188319
Dropping frame 1403637239.2883189
Dropping frame 1403637239.388319
Dropping frame 1403637239.5883191
Dropping frame 1403637239.7883189
Dropping frame 1403637239.9883189
Dropping frame 1403637240.0883191
Dropping frame 1403637240.388319
Dropping frame 1403637240.7383192
Dropping frame 1403637241.0883191
Dropping frame 1403637241.188319
Dropping frame 1403637241.2883189
Dropping frame 1403637241.4883189
Dropping frame 1403637241.688319
Dropping frame 1403637242.138319
Dropping frame 1403637242.4883189
Dropping frame 1403637243.3383191
Dropping frame 1403637243.7883189
Dropping frame 1403637243.888319
Dropping frame 1403637244.138319
Dropping frame 1403637244.3383191
Dropping frame 1403637244.5383191
Dropping frame 1403637244.7383192
Dropping frame 1403637244.8383191
Dropping frame 1403637244.9383192
Dropping frame 1403637245.138319
Dropping frame 1403637245.3383191
Dropping frame 1403637245.5383191
Dropping frame 1403637245.638319
Dropping frame 1403637245.7383192
Dropping frame 1403637245.9383192
Dropping frame 1403637246.0383191
Dropping frame 1403637246.138319
Dropping frame 1403637246.2383192
Dropping frame 1403637246.3383191
Dropping frame 1403637246.5383191
Dropping frame 1403637246.638319
Dropping frame 1403637246.7383192
Dropping frame 1403637246.9883189
Dropping frame 1403637247.188319
Dropping frame 1403637247.388319
Dropping frame 1403637247.4883189
Dropping frame 1403637247.5883191
Dropping frame 1403637247.7883189
Dropping frame 1403637247.9883189
Dropping frame 1403637248.0883191
Dropping frame 1403637248.188319
Dropping frame 1403637248.4383192
Dropping frame 1403637248.5383191
Dropping frame 1403637248.638319
Dropping frame 1403637248.8383191
Dropping frame 1403637249.0383191
Dropping frame 1403637249.138319
Dropping frame 1403637249.2383192
Dropping frame 1403637249.4383192
Dropping frame 1403637249.5383191
Dropping frame 1403637249.638319
Dropping frame 1403637249.8383191
Dropping frame 1403637249.9383192
Dropping frame 1403637250.0383191
Dropping frame 1403637250.2383192
Dropping frame 1403637250.4383192
Dropping frame 1403637250.5383191
Dropping frame 1403637250.7383192
Dropping frame 1403637250.8383191
Dropping frame 1403637251.0883191
Dropping frame 1403637251.2883189
Dropping frame 1403637251.4883189
Dropping frame 1403637251.688319
Dropping frame 1403637251.7883189
Dropping frame 1403637251.9883189
Dropping frame 1403637252.0883191
Dropping frame 1403637252.188319
Dropping frame 1403637252.2883189
Dropping frame 1403637252.388319
Dropping frame 1403637252.5883191
Dropping frame 1403637252.7883189
Dropping frame 1403637253.188319
Dropping frame 1403637253.388319
Dropping frame 1403637253.5883191
Dropping frame 1403637253.688319
Dropping frame 1403637253.888319
Dropping frame 1403637254.0883191
Dropping frame 1403637254.2883189
Dropping frame 1403637254.388319
Dropping frame 1403637254.4883189
Dropping frame 1403637254.688319
Dropping frame 1403637254.888319
Dropping frame 1403637255.0883191
Dropping frame 1403637255.2883189
Dropping frame 1403637255.4883189
Dropping frame 1403637255.5883191
Dropping frame 1403637255.688319
Dropping frame 1403637255.888319
Dropping frame 1403637255.9883189
Dropping frame 1403637256.0883191
Dropping frame 1403637256.2883189
Dropping frame 1403637256.388319
Dropping frame 1403637256.5883191
Dropping frame 1403637256.688319
Dropping frame 1403637256.7883189
Dropping frame 1403637256.9883189
Dropping frame 1403637257.188319
Dropping frame 1403637257.388319
Dropping frame 1403637257.5883191
Dropping frame 1403637257.7883189
Dropping frame 1403637257.888319
Dropping frame 1403637258.0883191
Dropping frame 1403637258.2883189
Dropping frame 1403637258.388319
Dropping frame 1403637258.5383191
Dropping frame 1403637258.7883189
Dropping frame 1403637258.9883189
Dropping frame 1403637259.188319
Dropping frame 1403637259.388319
Dropping frame 1403637259.5883191
Dropping frame 1403637259.688319
Dropping frame 1403637259.7883189
Dropping frame 1403637259.9883189
Dropping frame 1403637260.188319
Dropping frame 1403637260.2883189
Dropping frame 1403637260.388319
Dropping frame 1403637260.5883191
Dropping frame 1403637260.7883189
Dropping frame 1403637260.9883189
Dropping frame 1403637261.0883191
Dropping frame 1403637261.188319
Dropping frame 1403637261.388319
Dropping frame 1403637261.4883189
Dropping frame 1403637261.5883191
Dropping frame 1403637261.7383192
Dropping frame 1403637261.8383191
Dropping frame 1403637261.9383192
Dropping frame 1403637262.0883191
Dropping frame 1403637262.2883189
Fail to track local map!
Fail to track local map!
Fail to track local map!
Dropping frame 1403637262.4883189
Fail to track local map!
Fail to track local map!
Fail to track local map!
Dropping frame 1403637262.688319
Fail to track local map!
Dropping frame 1403637262.9383192
Dropping frame 1403637263.0383191
Dropping frame 1403637263.138319
Dropping frame 1403637263.888319
Dropping frame 1403637264.0883191
Dropping frame 1403637264.2883189
Dropping frame 1403637264.4883189
Dropping frame 1403637264.688319
Dropping frame 1403637264.888319
Dropping frame 1403637265.4883189
Shutdown
SLAM Finished at System Time: 1734435094.68531

 TIME STATS in ms (mean$\pm$std)
OpenCV version: 4.8.1
---------------------------
Tracking

ORB Extraction: 18.798$\pm$2.3532
Stereo Matching: 7.974$\pm$1.9671
IMU Preintegration: 0.26143$\pm$0.11672
Pose Prediction: 0.76092$\pm$1.7964
LM Track: 19.414$\pm$6.6997
New KF decision: 1.4915$\pm$2.6731
Total Tracking: 31.497$\pm$26.91



Local Mapping

KF Insertion: 14.993$\pm$5.7682
MP Culling: 0.59562$\pm$0.28274
MP Creation: 46.866$\pm$20.559
LBA: 155.11$\pm$67.483
KF Culling: 15.718$\pm$10.976
Total Local Mapping: 231.04$\pm$96.352
---------------------------

LBA complexity (mean$\pm$std)
LBA Edges: 1545.8$\pm$588.2
LBA KF optimized: 6.5$\pm$2.2913
LBA KF fixed: 1$\pm$0
LBA MP: nan$\pm$nan

LBA executions: 452
LBA aborts: 0
---------------------------

Map complexity
KFs in map: 152
MPs in map: 11826
---------------------------

Place Recognition (mean$\pm$std)
Database Query: 2.2925$\pm$1.1563
SE3 estimation: 29.764$\pm$16.871
Total Place Recognition: 24.103$\pm$20.665


Loop Closing (mean$\pm$std)
Loop Fusion: nan$\pm$nan
Essential Graph: nan$\pm$nan
Total Loop Closing: nan$\pm$nan

Num exec: 0
Number of KFs: nan$\pm$nan

Map Merging (mean$\pm$std)
Merge Maps: nan$\pm$nan
Welding BA: nan$\pm$nan
Optimization Ess.: nan$\pm$nan
Total Map Merging: nan$\pm$nan

Num exec: 0
Number of KFs: nan$\pm$nan
Number of MPs: nan$\pm$nan

Full GBA (mean$\pm$std)
GBA: nan$\pm$nan
Map Update: nan$\pm$nan
Total Full GBA: nan$\pm$nan

Num exec: 0
Num abort: 0
Number of KFs: nan$\pm$nan
Number of MPs: nan$\pm$nan

Saving trajectory to f_dataset-MH03_stereo_imu.txt ...
There are 1 maps in the atlas
  Map 0 has 152 KFs

End of saving trajectory to f_dataset-MH03_stereo_imu.txt ...

Saving keyframe trajectory to kf_dataset-MH03_stereo_imu.txt ...
