num_seq = 1
file name: dataset-MH02_stereo_imu
Loading images for sequence 0...LOADED!
Loading IMU for sequence 0...LOADED!

-------

ORB-SLAM3 Copyright (C) 2017-2020 Carlos Campos, Richard Elvira, Juan J. Gómez, José M.M. Montiel and Juan D. Tardós, University of Zaragoza.
ORB-SLAM2 Copyright (C) 2014-2016 Raúl Mur-Artal, José M.M. Montiel and Juan D. Tardós, University of Zaragoza.
This program comes with ABSOLUTELY NO WARRANTY;
This is free software, and you are welcome to redistribute it
under certain conditions. See LICENSE.txt.

Built with REGISTER_TIMES
Git Commit Hash: 5ee9387

Compiled with C++ version: 201703

Input sensor was set to: Stereo-Inertial
Loading settings from ./Examples/Stereo-Inertial/EuRoC_fov_deadlines_mask_3x3.yaml
	-Loaded camera 1
	-Loaded camera 2
	-Loaded image info
	-Loaded IMU calibration
	-Loaded ORB settings
	-Loaded viewer settings
	-Loaded Atlas settings
Deadlines enabled, will skip frames!
FOV enabled
Static mask size: 3x3
Dumping map points enabled
	-Loaded misc parameters
	-Computed rectification maps
----------------------------------
SLAM settings: 
	-Camera 1 parameters (Pinhole): [ 458.65399169921875 457.29598999023438 367.21499633789062 248.375 ]
	-Camera 1 distortion parameters: [  -0.28340810537338257 0.073959067463874817 0.00019359000725671649 1.7618711353861727e-05 ]
	-Camera 2 parameters (Pinhole: [ 457.58700561523438 456.13400268554688 379.99899291992188 255.23800659179688 ]
	-Camera 1 distortion parameters: [  -0.2836836576461792 0.074512839317321777 -0.00010473000293131918 -3.555907096597366e-05 ]
	-Original image size: [ 752 , 480 ]
	-Current image size: [ 752 , 480 ]
	-Camera 1 parameters after rectification: [  456.71499633789062 456.71499633789062 364.52615356445312 257.268798828125 ]
	-Sequence FPS: 20
	-Stereo baseline: 0.11007784307003021
	-Stereo depth threshold : 60
	-Gyro noise: 0.00016999999934341758
	-Accelerometer noise: 0.0020000000949949026
	-Gyro walk: 1.9392999092815444e-05
	-Accelerometer walk: 0.0030000000260770321
	-IMU frequency: 200
	-Features per image: 1200
	-ORB scale factor: 1.2000000476837158
	-ORB number of scales: 8
	-Initial FAST threshold: 20
	-Min FAST threshold: 7


Loading ORB Vocabulary. This could take a while...
Vocabulary loaded!

Initialization of Atlas from scratch 
Creation of new map with id: 0
Creation of new map with last KF id: 0
Seq. Name: 
There are 1 cameras in the atlas
Camera 0 is pinhole
SLAM Started at System Time: 1734429634.07643
not IMU meas
not IMU meas
not enough acceleration
not enough acceleration
not enough acceleration
not enough acceleration
not enough acceleration
not enough acceleration
First KF:0; Map init KF:0
New Map created with 90 points
Active map: 0
Fail to track local map!
IMU is not or recently initialized. Reseting active map...
LM: Active map reset recieved
LM: Active map reset, waiting...
LM: Reseting current map in Local Mapping...
LM: End reseting Local Mapping...
LM: Reset free the mutex
LM: Active map reset, Done!!!
mnFirstFrameId = 8
mnInitialFrameId = 0
4 Frames set to lost
not IMU meas
not enough acceleration
not enough acceleration
First KF:1; Map init KF:0
New Map created with 276 points
Active map: 0
Dropping frame 1403636860.0516665
Dropping frame 1403636860.2516665
Dropping frame 1403636861.8016665
Dropping frame 1403636863.5516665
start VIBA 1
end VIBA 1
Dropping frame 1403636866.6016665
Not enough motion for initializing. Reseting...
TRACK: Reset map because local mapper set the bad imu flag 
LM: Active map reset recieved
LM: Active map reset, waiting...
LM: Reseting current map in Local Mapping...
LM: End reseting Local Mapping...
LM: Reset free the mutex
LM: Active map reset, Done!!!
mnFirstFrameId = 15
mnInitialFrameId = 11
171 Frames set to lost
not IMU meas
not enough acceleration
not enough acceleration
not enough acceleration
not enough acceleration
not enough acceleration
First KF:52; Map init KF:1
New Map created with 210 points
Active map: 0
Dropping frame 1403636868.6016665
Fail to track local map!
IMU is not or recently initialized. Reseting active map...
LM: Active map reset recieved
LM: Active map reset, waiting...
LM: Reseting current map in Local Mapping...
LM: End reseting Local Mapping...
LM: Reset free the mutex
LM: Active map reset, Done!!!
mnFirstFrameId = 189
mnInitialFrameId = 182
222 Frames set to lost
not IMU meas
not enough acceleration
not enough acceleration
not enough acceleration
First KF:63; Map init KF:52
New Map created with 210 points
Active map: 0
Fail to track local map!
IMU is not or recently initialized. Reseting active map...
LM: Active map reset recieved
LM: Active map reset, waiting...
LM: Reseting current map in Local Mapping...
LM: End reseting Local Mapping...
LM: Reset free the mutex
LM: Active map reset, Done!!!
mnFirstFrameId = 244
mnInitialFrameId = 239
234 Frames set to lost
not IMU meas
not enough acceleration
not enough acceleration
not enough acceleration
not enough acceleration
not enough acceleration
not enough acceleration
not enough acceleration
not enough acceleration
not enough acceleration
not enough acceleration
not enough acceleration
First KF:66; Map init KF:63
New Map created with 182 points
Active map: 0
Fail to track local map!
IMU is not or recently initialized. Reseting active map...
LM: Active map reset recieved
LM: Active map reset, waiting...
LM: Reseting current map in Local Mapping...
LM: End reseting Local Mapping...
LM: Reset free the mutex
LM: Active map reset, Done!!!
mnFirstFrameId = 268
mnInitialFrameId = 255
259 Frames set to lost
not IMU meas
not enough acceleration
not enough acceleration
not enough acceleration
not enough acceleration
not enough acceleration
not enough acceleration
not enough acceleration
not enough acceleration
not enough acceleration
not enough acceleration
not enough acceleration
not enough acceleration
not enough acceleration
First KF:71; Map init KF:66
New Map created with 198 points
Active map: 0
Fail to track local map!
IMU is not or recently initialized. Reseting active map...
LM: Active map reset recieved
LM: Active map reset, waiting...
LM: Reseting current map in Local Mapping...
LM: End reseting Local Mapping...
LM: Reset free the mutex
LM: Active map reset, Done!!!
mnFirstFrameId = 307
mnInitialFrameId = 292
263 Frames set to lost
not IMU meas
not enough acceleration
not enough acceleration
not enough acceleration
First KF:72; Map init KF:71
New Map created with 183 points
Active map: 0
Fail to track local map!
IMU is not or recently initialized. Reseting active map...
LM: Active map reset recieved
LM: Active map reset, waiting...
LM: Reseting current map in Local Mapping...
LM: End reseting Local Mapping...
LM: Reset free the mutex
LM: Active map reset, Done!!!
mnFirstFrameId = 315
mnInitialFrameId = 310
265 Frames set to lost
not enough acceleration
First KF:73; Map init KF:72
New Map created with 146 points
Active map: 0
Fail to track local map!
IMU is not or recently initialized. Reseting active map...
LM: Active map reset recieved
LM: Active map reset, waiting...
LM: Reseting current map in Local Mapping...
LM: End reseting Local Mapping...
LM: Reset free the mutex
LM: Active map reset, Done!!!
mnFirstFrameId = 320
mnInitialFrameId = 316
269 Frames set to lost
not IMU meas
First KF:74; Map init KF:73
New Map created with 153 points
Active map: 0
Fail to track local map!
IMU is not or recently initialized. Reseting active map...
LM: Active map reset recieved
LM: Active map reset, waiting...
LM: Reseting current map in Local Mapping...
LM: End reseting Local Mapping...
LM: Reset free the mutex
LM: Active map reset, Done!!!
mnFirstFrameId = 325
mnInitialFrameId = 323
276 Frames set to lost
not IMU meas
First KF:76; Map init KF:74
New Map created with 144 points
Active map: 0
Fail to track local map!
IMU is not or recently initialized. Reseting active map...
LM: Active map reset recieved
LM: Active map reset, waiting...
LM: Reseting current map in Local Mapping...
LM: End reseting Local Mapping...
LM: Reset free the mutex
LM: Active map reset, Done!!!
mnFirstFrameId = 333
mnInitialFrameId = 331
280 Frames set to lost
not IMU meas
not enough acceleration
First KF:77; Map init KF:76
New Map created with 185 points
Active map: 0
Fail to track local map!
IMU is not or recently initialized. Reseting active map...
LM: Active map reset recieved
LM: Active map reset, waiting...
LM: Reseting current map in Local Mapping...
LM: End reseting Local Mapping...
LM: Reset free the mutex
LM: Active map reset, Done!!!
mnFirstFrameId = 339
mnInitialFrameId = 336
285 Frames set to lost
not IMU meas
not enough acceleration
not enough acceleration
not enough acceleration
not enough acceleration
not enough acceleration
not enough acceleration
First KF:78; Map init KF:77
New Map created with 149 points
Active map: 0
Fail to track local map!
IMU is not or recently initialized. Reseting active map...
LM: Active map reset recieved
LM: Active map reset, waiting...
LM: Reseting current map in Local Mapping...
LM: End reseting Local Mapping...
LM: Reset free the mutex
LM: Active map reset, Done!!!
mnFirstFrameId = 351
mnInitialFrameId = 343
289 Frames set to lost
not IMU meas
First KF:79; Map init KF:78
New Map created with 206 points
Active map: 0
Fail to track local map!
IMU is not or recently initialized. Reseting active map...
LM: Active map reset recieved
LM: Active map reset, waiting...
LM: Reseting current map in Local Mapping...
LM: End reseting Local Mapping...
LM: Reset free the mutex
LM: Active map reset, Done!!!
mnFirstFrameId = 356
mnInitialFrameId = 354
293 Frames set to lost
not IMU meas
not enough acceleration
not enough acceleration
First KF:80; Map init KF:79
New Map created with 229 points
Active map: 0
Fail to track local map!
IMU is not or recently initialized. Reseting active map...
LM: Active map reset recieved
LM: Active map reset, waiting...
LM: Reseting current map in Local Mapping...
LM: End reseting Local Mapping...
LM: Reset free the mutex
LM: Active map reset, Done!!!
mnFirstFrameId = 363
mnInitialFrameId = 359
296 Frames set to lost
not IMU meas
not enough acceleration
not enough acceleration
not enough acceleration
not enough acceleration
not enough acceleration
not enough acceleration
not enough acceleration
not enough acceleration
not enough acceleration
not enough acceleration
not enough acceleration
not enough acceleration
not enough acceleration
not enough acceleration
not enough acceleration
First KF:81; Map init KF:80
New Map created with 109 points
Active map: 0
Fail to track local map!
IMU is not or recently initialized. Reseting active map...
LM: Active map reset recieved
LM: Active map reset, waiting...
LM: Reseting current map in Local Mapping...
LM: End reseting Local Mapping...
LM: Reset free the mutex
LM: Active map reset, Done!!!
mnFirstFrameId = 382
mnInitialFrameId = 365
298 Frames set to lost
not IMU meas
not enough acceleration
First KF:82; Map init KF:81
New Map created with 163 points
Active map: 0
Fail to track local map!
IMU is not or recently initialized. Reseting active map...
LM: Active map reset recieved
LM: Active map reset, waiting...
LM: Reseting current map in Local Mapping...
LM: End reseting Local Mapping...
LM: Reset free the mutex
LM: Active map reset, Done!!!
mnFirstFrameId = 389
mnInitialFrameId = 383
300 Frames set to lost
not IMU meas
First KF:83; Map init KF:82
New Map created with 149 points
Active map: 0
Fail to track local map!
IMU is not or recently initialized. Reseting active map...
LM: Active map reset recieved
LM: Active map reset, waiting...
LM: Reseting current map in Local Mapping...
LM: End reseting Local Mapping...
LM: Reset free the mutex
LM: Active map reset, Done!!!
mnFirstFrameId = 392
mnInitialFrameId = 390
304 Frames set to lost
not IMU meas
not enough acceleration
not enough acceleration
not enough acceleration
First KF:84; Map init KF:83
New Map created with 166 points
Active map: 0
Fail to track local map!
IMU is not or recently initialized. Reseting active map...
LM: Active map reset recieved
LM: Active map reset, waiting...
LM: Reseting current map in Local Mapping...
LM: End reseting Local Mapping...
LM: Reset free the mutex
LM: Active map reset, Done!!!
mnFirstFrameId = 400
mnInitialFrameId = 395
314 Frames set to lost
not IMU meas
First KF:86; Map init KF:84
New Map created with 253 points
Active map: 0
Fail to track local map!
IMU is not or recently initialized. Reseting active map...
LM: Active map reset recieved
LM: Active map reset, waiting...
LM: Reseting current map in Local Mapping...
LM: End reseting Local Mapping...
LM: Reset free the mutex
LM: Active map reset, Done!!!
mnFirstFrameId = 411
mnInitialFrameId = 409
318 Frames set to lost
not IMU meas
not enough acceleration
not enough acceleration
First KF:87; Map init KF:86
New Map created with 211 points
Active map: 0
Fail to track local map!
IMU is not or recently initialized. Reseting active map...
LM: Active map reset recieved
LM: Active map reset, waiting...
LM: Reseting current map in Local Mapping...
LM: End reseting Local Mapping...
LM: Reset free the mutex
LM: Active map reset, Done!!!
mnFirstFrameId = 418
mnInitialFrameId = 414
321 Frames set to lost
not IMU meas
not enough acceleration
not enough acceleration
not enough acceleration
not enough acceleration
not enough acceleration
First KF:88; Map init KF:87
New Map created with 218 points
Active map: 0
Not enough motion for initializing. Reseting...
TRACK: Reset map because local mapper set the bad imu flag 
LM: Reseting current map in Local Mapping...
LM: End reseting Local Mapping...
LM: Reset free the mutex
LM: Active map reset recieved
LM: Active map reset, waiting...
LM: Reseting current map in Local Mapping...
LM: End reseting Local Mapping...
LM: Reset free the mutex
LM: Active map reset, Done!!!
mnFirstFrameId = 427
mnInitialFrameId = 420
390 Frames set to lost
not IMU meas
not enough acceleration
not enough acceleration
not enough acceleration
not enough acceleration
First KF:108; Map init KF:88
New Map created with 86 points
Active map: 0
Not enough motion for initializing. Reseting...
LM: Reseting current map in Local Mapping...
LM: End reseting Local Mapping...
LM: Reset free the mutex
Not enough motion for initializing. Reseting...
LM: Reseting current map in Local Mapping...
LM: End reseting Local Mapping...
LM: Reset free the mutex
Not enough motion for initializing. Reseting...
LM: Reseting current map in Local Mapping...
LM: End reseting Local Mapping...
LM: Reset free the mutex
Not enough motion for initializing. Reseting...
TRACK: Reset map because local mapper set the bad imu flag 
LM: Reseting current map in Local Mapping...
LM: End reseting Local Mapping...
LM: Reset free the mutex
LM: Active map reset recieved
LM: Active map reset, waiting...
LM: Reseting current map in Local Mapping...
LM: End reseting Local Mapping...
LM: Reset free the mutex
LM: Active map reset, Done!!!
mnFirstFrameId = 502
mnInitialFrameId = 496
472 Frames set to lost
not IMU meas
not enough acceleration
not enough acceleration
not enough acceleration
not enough acceleration
not enough acceleration
not enough acceleration
not enough acceleration
not enough acceleration
not enough acceleration
not enough acceleration
not enough acceleration
not enough acceleration
not enough acceleration
not enough acceleration
not enough acceleration
not enough acceleration
not enough acceleration
not enough acceleration
not enough acceleration
not enough acceleration
not enough acceleration
not enough acceleration
not enough acceleration
not enough acceleration
not enough acceleration
not enough acceleration
not enough acceleration
not enough acceleration
not enough acceleration
not enough acceleration
not enough acceleration
not enough acceleration
not enough acceleration
not enough acceleration
not enough acceleration
not enough acceleration
not enough acceleration
not enough acceleration
not enough acceleration
not enough acceleration
not enough acceleration
not enough acceleration
not enough acceleration
not enough acceleration
not enough acceleration
not enough acceleration
not enough acceleration
not enough acceleration
not enough acceleration
not enough acceleration
not enough acceleration
not enough acceleration
not enough acceleration
not enough acceleration
not enough acceleration
not enough acceleration
not enough acceleration
not enough acceleration
not enough acceleration
not enough acceleration
not enough acceleration
not enough acceleration
not enough acceleration
not enough acceleration
not enough acceleration
not enough acceleration
not enough acceleration
not enough acceleration
not enough acceleration
not enough acceleration
not enough acceleration
not enough acceleration
not enough acceleration
not enough acceleration
not enough acceleration
not enough acceleration
not enough acceleration
not enough acceleration
not enough acceleration
not enough acceleration
not enough acceleration
not enough acceleration
not enough acceleration
not enough acceleration
not enough acceleration
not enough acceleration
not enough acceleration
not enough acceleration
not enough acceleration
not enough acceleration
not enough acceleration
not enough acceleration
not enough acceleration
not enough acceleration
not enough acceleration
not enough acceleration
not enough acceleration
not enough acceleration
not enough acceleration
not enough acceleration
not enough acceleration
not enough acceleration
not enough acceleration
not enough acceleration
not enough acceleration
not enough acceleration
not enough acceleration
not enough acceleration
not enough acceleration
not enough acceleration
not enough acceleration
not enough acceleration
not enough acceleration
not enough acceleration
not enough acceleration
not enough acceleration
not enough acceleration
not enough acceleration
not enough acceleration
not enough acceleration
not enough acceleration
not enough acceleration
not enough acceleration
not enough acceleration
not enough acceleration
not enough acceleration
not enough acceleration
not enough acceleration
not enough acceleration
not enough acceleration
not enough acceleration
not enough acceleration
not enough acceleration
not enough acceleration
not enough acceleration
not enough acceleration
not enough acceleration
not enough acceleration
not enough acceleration
not enough acceleration
not enough acceleration
not enough acceleration
not enough acceleration
not enough acceleration
not enough acceleration
not enough acceleration
not enough acceleration
not enough acceleration
not enough acceleration
not enough acceleration
not enough acceleration
not enough acceleration
not enough acceleration
not enough acceleration
not enough acceleration
not enough acceleration
not enough acceleration
not enough acceleration
not enough acceleration
not enough acceleration
not enough acceleration
not enough acceleration
not enough acceleration
not enough acceleration
not enough acceleration
not enough acceleration
not enough acceleration
not enough acceleration
not enough acceleration
not enough acceleration
not enough acceleration
not enough acceleration
not enough acceleration
not enough acceleration
not enough acceleration
not enough acceleration
not enough acceleration
not enough acceleration
not enough acceleration
not enough acceleration
First KF:122; Map init KF:108
New Map created with 103 points
Active map: 0
Fail to track local map!
IMU is not or recently initialized. Reseting active map...
LM: Active map reset recieved
LM: Active map reset, waiting...
LM: Reseting current map in Local Mapping...
LM: End reseting Local Mapping...
LM: Reset free the mutex
LM: Active map reset, Done!!!
mnFirstFrameId = 766
mnInitialFrameId = 584
487 Frames set to lost
not IMU meas
First KF:125; Map init KF:122
New Map created with 151 points
Active map: 0
Dropping frame 1403636900.4516664
Dropping frame 1403636900.7516665
Dropping frame 1403636900.8516665
Dropping frame 1403636901.1016665
Dropping frame 1403636901.4016666
Dropping frame 1403636901.5016665
Dropping frame 1403636901.7016666
Dropping frame 1403636902.0516665
Dropping frame 1403636902.2016666
Dropping frame 1403636902.4516664
Dropping frame 1403636902.5516665
Dropping frame 1403636902.6516664
Dropping frame 1403636902.9516664
Dropping frame 1403636903.2016666
start VIBA 1
Dropping frame 1403636903.4516664
end VIBA 1
Dropping frame 1403636903.5516665
Dropping frame 1403636903.7516665
Dropping frame 1403636904.0016665
Dropping frame 1403636904.1016665
Dropping frame 1403636904.3016665
Dropping frame 1403636904.4016666
Dropping frame 1403636904.5016665
Dropping frame 1403636904.7516665
Dropping frame 1403636904.9516664
Dropping frame 1403636905.1516664
Dropping frame 1403636905.2516665
Dropping frame 1403636905.6016665
Dropping frame 1403636905.7016666
Dropping frame 1403636906.0016665
Dropping frame 1403636906.1016665
Dropping frame 1403636906.4016666
Dropping frame 1403636906.6016665
Dropping frame 1403636906.7016666
Dropping frame 1403636906.9516664
Dropping frame 1403636907.0516665
Dropping frame 1403636907.3516665
Dropping frame 1403636907.5516665
Dropping frame 1403636907.7016666
Dropping frame 1403636907.9016666
Dropping frame 1403636908.1016665
Dropping frame 1403636908.3016665
Dropping frame 1403636908.4516664
Dropping frame 1403636908.7016666
Dropping frame 1403636909.0016665
Dropping frame 1403636909.3016665
Dropping frame 1403636909.5016665
Dropping frame 1403636909.6016665
Dropping frame 1403636910.0016665
Dropping frame 1403636910.2016666
Dropping frame 1403636910.3016665
Dropping frame 1403636910.8016665
Dropping frame 1403636911.2016666
Dropping frame 1403636911.5016665
Dropping frame 1403636911.7016666
Dropping frame 1403636912.0516665
Dropping frame 1403636912.2516665
Dropping frame 1403636912.3516665
Dropping frame 1403636912.9516664
start VIBA 2
Dropping frame 1403636913.5516665
end VIBA 2
Dropping frame 1403636913.7516665
Dropping frame 1403636914.0516665
Dropping frame 1403636914.1516664
Dropping frame 1403636914.3516665
Dropping frame 1403636914.4516664
Dropping frame 1403636914.7516665
Dropping frame 1403636914.8516665
Dropping frame 1403636915.2516665
Dropping frame 1403636915.6016665
Dropping frame 1403636915.7516665
Dropping frame 1403636915.9516664
Dropping frame 1403636916.1516664
Dropping frame 1403636916.6516664
Dropping frame 1403636918.7016666
Dropping frame 1403636919.4016666
Dropping frame 1403636919.6016665
Dropping frame 1403636920.3516665
Dropping frame 1403636920.4516664
Dropping frame 1403636921.3016665
Dropping frame 1403636921.4016666
Dropping frame 1403636921.7516665
Dropping frame 1403636922.2016666
Dropping frame 1403636922.4016666
Dropping frame 1403636922.8016665
Dropping frame 1403636923.0016665
Dropping frame 1403636923.5016665
Dropping frame 1403636923.6016665
Dropping frame 1403636923.7016666
Dropping frame 1403636923.8016665
Dropping frame 1403636924.1516664
Dropping frame 1403636924.3516665
Dropping frame 1403636924.4516664
Dropping frame 1403636924.7016666
Dropping frame 1403636925.0016665
Dropping frame 1403636925.6016665
Dropping frame 1403636927.7516665
Dropping frame 1403636929.7516665
Dropping frame 1403636929.8516665
Dropping frame 1403636930.9016666
Dropping frame 1403636931.0016665
Dropping frame 1403636931.4016666
Dropping frame 1403636931.9516664
Dropping frame 1403636932.0516665
Dropping frame 1403636932.3016665
Dropping frame 1403636932.4016666
Dropping frame 1403636932.8516665
Dropping frame 1403636933.1516664
Dropping frame 1403636933.2516665
Dropping frame 1403636933.8016665
Dropping frame 1403636934.0016665
Dropping frame 1403636934.2016666
Dropping frame 1403636934.4016666
Dropping frame 1403636934.5516665
Dropping frame 1403636934.9016666
Dropping frame 1403636935.2016666
Dropping frame 1403636935.4016666
Dropping frame 1403636935.5016665
Dropping frame 1403636935.6016665
Dropping frame 1403636935.8516665
Dropping frame 1403636935.9516664
Dropping frame 1403636936.3516665
Dropping frame 1403636937.0016665
Dropping frame 1403636941.3016665
Dropping frame 1403636941.5016665
Dropping frame 1403636942.6516664
Dropping frame 1403636942.8516665
Dropping frame 1403636943.3516665
Dropping frame 1403636944.0016665
Dropping frame 1403636944.2016666
Dropping frame 1403636944.3516665
Dropping frame 1403636944.7516665
Dropping frame 1403636945.8016665
Dropping frame 1403636946.9516664
Dropping frame 1403636948.2016666
Dropping frame 1403636948.5016665
Dropping frame 1403636948.8516665
Dropping frame 1403636949.2016666
Dropping frame 1403636949.8516665
Dropping frame 1403636952.4016666
Dropping frame 1403636960.2516665
Dropping frame 1403636961.2016666
Dropping frame 1403636961.6016665
Dropping frame 1403636962.1516664
Dropping frame 1403636962.6516664
Dropping frame 1403636962.8016665
Dropping frame 1403636963.9516664
Dropping frame 1403636970.6016665
Dropping frame 1403636971.0016665
Dropping frame 1403636971.8016665
Dropping frame 1403636972.8016665
Dropping frame 1403636973.1516664
Dropping frame 1403636975.4016666
Dropping frame 1403636975.5016665
Dropping frame 1403636976.5016665
Dropping frame 1403636976.6016665
Dropping frame 1403636977.9516664
Dropping frame 1403636978.3016665
Dropping frame 1403636978.5016665
Dropping frame 1403636978.8516665
Dropping frame 1403636979.2016666
Dropping frame 1403636979.5016665
Dropping frame 1403636979.9016666
Dropping frame 1403636980.0016665
Dropping frame 1403636981.6016665
Dropping frame 1403636982.1516664
Dropping frame 1403636982.7016666
Dropping frame 1403636983.2516665
Dropping frame 1403636983.5016665
Dropping frame 1403636983.7016666
Dropping frame 1403636984.0016665
Dropping frame 1403636984.1016665
Dropping frame 1403636984.2516665
Dropping frame 1403636984.6016665
Dropping frame 1403636984.7016666
Dropping frame 1403636985.0016665
Dropping frame 1403636985.1016665
Dropping frame 1403636985.3016665
Dropping frame 1403636985.9516664
Dropping frame 1403636986.2016666
Dropping frame 1403636987.5016665
Dropping frame 1403636988.1016665
Dropping frame 1403636989.7516665
Dropping frame 1403636990.0016665
Dropping frame 1403636990.4516664
Dropping frame 1403636990.8516665
Dropping frame 1403636990.9516664
Dropping frame 1403636991.4516664
Dropping frame 1403636991.8016665
Dropping frame 1403636992.1016665
Dropping frame 1403636992.3016665
Dropping frame 1403636992.5016665
Dropping frame 1403636993.1516664
Dropping frame 1403636993.3516665
Dropping frame 1403636993.4516664
Dropping frame 1403636993.5516665
Dropping frame 1403636993.6516664
Dropping frame 1403636993.8016665
Dropping frame 1403636994.0016665
Dropping frame 1403636994.1016665
Dropping frame 1403636994.9016666
Dropping frame 1403636995.3516665
Dropping frame 1403636996.4016666
Dropping frame 1403636996.5016665
Dropping frame 1403636996.9016666
Dropping frame 1403636997.2016666
Dropping frame 1403636997.3016665
Dropping frame 1403636997.7016666
Dropping frame 1403636997.8016665
Dropping frame 1403636997.9016666
Dropping frame 1403636998.2516665
Dropping frame 1403636998.3516665
Dropping frame 1403636998.7016666
Dropping frame 1403636999.3516665
Dropping frame 1403636999.4516664
Dropping frame 1403636999.5516665
Dropping frame 1403637000.4016666
Dropping frame 1403637001.2016666
Dropping frame 1403637001.3016665
Dropping frame 1403637001.9016666
Dropping frame 1403637002.0016665
Dropping frame 1403637002.7016666
Dropping frame 1403637003.2516665
Dropping frame 1403637003.3516665
Dropping frame 1403637003.6516664
Dropping frame 1403637003.7516665
Dropping frame 1403637004.0016665
Dropping frame 1403637004.1016665
Dropping frame 1403637004.2016666
Dropping frame 1403637004.3016665
Dropping frame 1403637004.5516665
Dropping frame 1403637004.7516665
Dropping frame 1403637004.8516665
Dropping frame 1403637005.0516665
Dropping frame 1403637005.1516664
Dropping frame 1403637005.2516665
Dropping frame 1403637005.4016666
Dropping frame 1403637005.6516664
Dropping frame 1403637005.8516665
Dropping frame 1403637005.9516664
Dropping frame 1403637006.0516665
Dropping frame 1403637006.1516664
Dropping frame 1403637006.4016666
Dropping frame 1403637006.6016665
Dropping frame 1403637006.7016666
Dropping frame 1403637006.8016665
Dropping frame 1403637007.0016665
Dropping frame 1403637007.1016665
Dropping frame 1403637007.3516665
Dropping frame 1403637007.5016665
Dropping frame 1403637007.9016666
Dropping frame 1403637008.0016665
Dropping frame 1403637008.1016665
Dropping frame 1403637008.2016666
Dropping frame 1403637008.4016666
Dropping frame 1403637008.5016665
Dropping frame 1403637008.6016665
Dropping frame 1403637009.2016666
Dropping frame 1403637009.5516665
Dropping frame 1403637010.0016665
Dropping frame 1403637010.1016665
Dropping frame 1403637010.2516665
Shutdown
SLAM Finished at System Time: 1734429812.31174

 TIME STATS in ms (mean$\pm$std)
OpenCV version: 4.8.1
---------------------------
Tracking

ORB Extraction: 13.104$\pm$1.6413
Stereo Matching: 6.5133$\pm$2.1837
IMU Preintegration: 0.24266$\pm$0.12107
Pose Prediction: 0.64972$\pm$1.5522
LM Track: 16.73$\pm$6.1277
New KF decision: 0.98388$\pm$1.9132
Total Tracking: 34.524$\pm$17.819



Local Mapping

KF Insertion: 11.207$\pm$4.8525
MP Culling: 0.38477$\pm$0.192
MP Creation: 35.618$\pm$19.778
LBA: 122.38$\pm$59.303
KF Culling: 11.031$\pm$9.8255
Total Local Mapping: 173.46$\pm$91.961
---------------------------

LBA complexity (mean$\pm$std)
LBA Edges: 1163.6$\pm$666.59
LBA KF optimized: 5.8667$\pm$2.2071
LBA KF fixed: 1.2889$\pm$1.0671
LBA MP: nan$\pm$nan

LBA executions: 492
LBA aborts: 0
---------------------------

Map complexity
KFs in map: 151
MPs in map: 13168
---------------------------

Place Recognition (mean$\pm$std)
Database Query: 1.1914$\pm$0.66641
SE3 estimation: 15.988$\pm$12.238
Total Place Recognition: 11.49$\pm$13.109


Loop Closing (mean$\pm$std)
Loop Fusion: nan$\pm$nan
Essential Graph: nan$\pm$nan
Total Loop Closing: nan$\pm$nan

Num exec: 0
Number of KFs: nan$\pm$nan

Map Merging (mean$\pm$std)
Merge Maps: nan$\pm$nan
Welding BA: nan$\pm$nan
Optimization Ess.: nan$\pm$nan
Total Map Merging: nan$\pm$nan

Num exec: 0
Number of KFs: nan$\pm$nan
Number of MPs: nan$\pm$nan

Full GBA (mean$\pm$std)
GBA: nan$\pm$nan
Map Update: nan$\pm$nan
Total Full GBA: nan$\pm$nan

Num exec: 0
Num abort: 0
Number of KFs: nan$\pm$nan
Number of MPs: nan$\pm$nan

Saving trajectory to f_dataset-MH02_stereo_imu.txt ...
There are 1 maps in the atlas
  Map 0 has 151 KFs

End of saving trajectory to f_dataset-MH02_stereo_imu.txt ...

Saving keyframe trajectory to kf_dataset-MH02_stereo_imu.txt ...
