num_seq = 1
file name: dataset-MH02_stereo_imu
Loading images for sequence 0...LOADED!
Loading IMU for sequence 0...LOADED!

-------

ORB-SLAM3 Copyright (C) 2017-2020 Carlos Campos, Richard Elvira, Juan J. Gómez, José M.M. Montiel and Juan D. Tardós, University of Zaragoza.
ORB-SLAM2 Copyright (C) 2014-2016 Raúl Mur-Artal, José M.M. Montiel and Juan D. Tardós, University of Zaragoza.
This program comes with ABSOLUTELY NO WARRANTY;
This is free software, and you are welcome to redistribute it
under certain conditions. See LICENSE.txt.

Built with REGISTER_TIMES
Git Commit Hash: 90f15d8

Input sensor was set to: Stereo-Inertial
Loading settings from ./Examples/Stereo-Inertial/EuRoC_fov_deadlines_mask_6x6.yaml
	-Loaded camera 1
	-Loaded camera 2
	-Loaded image info
	-Loaded IMU calibration
	-Loaded ORB settings
	-Loaded viewer settings
	-Loaded Atlas settings
Deadlines enabled, will skip frames!
FOV enabled
Static mask size: 6x6
Dumping map points enabled
	-Loaded misc parameters
	-Computed rectification maps
----------------------------------
SLAM settings: 
	-Camera 1 parameters (Pinhole): [ 458.65399169921875 457.29598999023438 367.21499633789062 248.375 ]
	-Camera 1 distortion parameters: [  -0.28340810537338257 0.073959067463874817 0.00019359000725671649 1.7618711353861727e-05 ]
	-Camera 2 parameters (Pinhole: [ 457.58700561523438 456.13400268554688 379.99899291992188 255.23800659179688 ]
	-Camera 1 distortion parameters: [  -0.2836836576461792 0.074512839317321777 -0.00010473000293131918 -3.555907096597366e-05 ]
	-Original image size: [ 752 , 480 ]
	-Current image size: [ 752 , 480 ]
	-Camera 1 parameters after rectification: [  456.71499633789062 456.71499633789062 364.52615356445312 257.268798828125 ]
	-Sequence FPS: 20
	-Stereo baseline: 0.11007784307003021
	-Stereo depth threshold : 60
	-Gyro noise: 0.00016999999934341758
	-Accelerometer noise: 0.0020000000949949026
	-Gyro walk: 1.9392999092815444e-05
	-Accelerometer walk: 0.0030000000260770321
	-IMU frequency: 200
	-Features per image: 1200
	-ORB scale factor: 1.2000000476837158
	-ORB number of scales: 8
	-Initial FAST threshold: 20
	-Min FAST threshold: 7


Loading ORB Vocabulary. This could take a while...
Vocabulary loaded!

Initialization of Atlas from scratch 
Creation of new map with id: 0
Creation of new map with last KF id: 0
Seq. Name: 
There are 1 cameras in the atlas
Camera 0 is pinhole
SLAM Started at System Time: 1732009060.38132
not IMU meas
not IMU meas
not enough acceleration
not enough acceleration
not enough acceleration
not enough acceleration
not enough acceleration
not enough acceleration
First KF:0; Map init KF:0
New Map created with 175 points
Active map: 0
Dropping frame 1403636859.8516665
Dropping frame 1403636860.0516665
Dropping frame 1403636860.3516665
Dropping frame 1403636860.5016665
Dropping frame 1403636860.8016665
Dropping frame 1403636861.2016666
Dropping frame 1403636861.6016665
Dropping frame 1403636861.9516664
Dropping frame 1403636862.2516665
Dropping frame 1403636862.3516665
Dropping frame 1403636862.6016665
Dropping frame 1403636863.0016665
Dropping frame 1403636863.9016666
Dropping frame 1403636864.0016665
Dropping frame 1403636864.2016666
Dropping frame 1403636864.4516664
Dropping frame 1403636864.7016666
start VIBA 1
end VIBA 1
Dropping frame 1403636864.9016666
Dropping frame 1403636865.1516664
Dropping frame 1403636865.8016665
Dropping frame 1403636866.1016665
Dropping frame 1403636866.4016666
Dropping frame 1403636866.5016665
Dropping frame 1403636866.6016665
Dropping frame 1403636867.1016665
Dropping frame 1403636867.4516664
Dropping frame 1403636868.0516665
Dropping frame 1403636868.6016665
Dropping frame 1403636868.7016666
Dropping frame 1403636868.8016665
Dropping frame 1403636869.1016665
Dropping frame 1403636869.3016665
Dropping frame 1403636869.5016665
Dropping frame 1403636869.6016665
Dropping frame 1403636871.9516664
Dropping frame 1403636872.1516664
Dropping frame 1403636872.5516665
Dropping frame 1403636872.8516665
Dropping frame 1403636873.3016665
Dropping frame 1403636873.7016666
Dropping frame 1403636875.2016666
Dropping frame 1403636875.9016666
start VIBA 2
Dropping frame 1403636876.6016665
end VIBA 2
Dropping frame 1403636877.0016665
Dropping frame 1403636877.5516665
Dropping frame 1403636878.8016665
Dropping frame 1403636880.4516664
Dropping frame 1403636881.2016666
Dropping frame 1403636881.7516665
Dropping frame 1403636883.1516664
Dropping frame 1403636883.3516665
Dropping frame 1403636883.8016665
Dropping frame 1403636884.1016665
Dropping frame 1403636885.6516664
Dropping frame 1403636886.0016665
Dropping frame 1403636886.5016665
Dropping frame 1403636887.5016665
Dropping frame 1403636904.4016666
Dropping frame 1403636905.2016666
Dropping frame 1403636905.5016665
Dropping frame 1403636906.0516665
Dropping frame 1403636906.1516664
Dropping frame 1403636906.3016665
Dropping frame 1403636906.4516664
Dropping frame 1403636906.5516665
Dropping frame 1403636906.8516665
Dropping frame 1403636906.9516664
Dropping frame 1403636907.2016666
Dropping frame 1403636907.3016665
Dropping frame 1403636907.5016665
Dropping frame 1403636907.8016665
Dropping frame 1403636907.9016666
Dropping frame 1403636908.2016666
Dropping frame 1403636908.3516665
Dropping frame 1403636908.6016665
Dropping frame 1403636908.7016666
Dropping frame 1403636908.8016665
Dropping frame 1403636909.1016665
Dropping frame 1403636909.3516665
Dropping frame 1403636909.6516664
Dropping frame 1403636909.9516664
Dropping frame 1403636910.0516665
Dropping frame 1403636910.4016666
Dropping frame 1403636910.6016665
Dropping frame 1403636910.7016666
Dropping frame 1403636911.0016665
Dropping frame 1403636911.1516664
Dropping frame 1403636911.2516665
Dropping frame 1403636911.3516665
Dropping frame 1403636911.6516664
Dropping frame 1403636911.7516665
Dropping frame 1403636911.9516664
Dropping frame 1403636912.0516665
Dropping frame 1403636912.2016666
Dropping frame 1403636912.3516665
Dropping frame 1403636912.5516665
Dropping frame 1403636912.8516665
Dropping frame 1403636912.9516664
Dropping frame 1403636913.3016665
Dropping frame 1403636913.5516665
Dropping frame 1403636913.6516664
Dropping frame 1403636913.8516665
Dropping frame 1403636914.0516665
Dropping frame 1403636914.3516665
Dropping frame 1403636914.5516665
Dropping frame 1403636914.6516664
Dropping frame 1403636914.8516665
Dropping frame 1403636915.1016665
Dropping frame 1403636915.6516664
Dropping frame 1403636915.8516665
Dropping frame 1403636915.9516664
Dropping frame 1403636916.1016665
Dropping frame 1403636916.3016665
Dropping frame 1403636916.5016665
Dropping frame 1403636916.6516664
Dropping frame 1403636916.8516665
Dropping frame 1403636916.9516664
Dropping frame 1403636917.1016665
Dropping frame 1403636917.2016666
Dropping frame 1403636917.5516665
Dropping frame 1403636917.6516664
Dropping frame 1403636918.0016665
Dropping frame 1403636918.2516665
Dropping frame 1403636918.4516664
Dropping frame 1403636918.6516664
Dropping frame 1403636918.8516665
Dropping frame 1403636919.0516665
Dropping frame 1403636919.1516664
Dropping frame 1403636919.5016665
Dropping frame 1403636919.6016665
Dropping frame 1403636919.9016666
Dropping frame 1403636920.0016665
Dropping frame 1403636920.3516665
Dropping frame 1403636920.4516664
Dropping frame 1403636920.8016665
Dropping frame 1403636921.0016665
Dropping frame 1403636921.1016665
Dropping frame 1403636921.5516665
Dropping frame 1403636921.8016665
Dropping frame 1403636922.0016665
Dropping frame 1403636922.1516664
Dropping frame 1403636922.2516665
Dropping frame 1403636922.5016665
Dropping frame 1403636922.7516665
Dropping frame 1403636922.9516664
Dropping frame 1403636923.1516664
Dropping frame 1403636923.3516665
Dropping frame 1403636923.4516664
Dropping frame 1403636923.8016665
Dropping frame 1403636923.9516664
Dropping frame 1403636924.1516664
Dropping frame 1403636924.3516665
Dropping frame 1403636924.8016665
Dropping frame 1403636924.9016666
Dropping frame 1403636925.1516664
Dropping frame 1403636925.2516665
Dropping frame 1403636925.4016666
Dropping frame 1403636925.6516664
Dropping frame 1403636925.8516665
Dropping frame 1403636926.3016665
Dropping frame 1403636926.6516664
Dropping frame 1403636926.8516665
Dropping frame 1403636927.0016665
Dropping frame 1403636927.2016666
Dropping frame 1403636927.5016665
Dropping frame 1403636927.6016665
Dropping frame 1403636927.9516664
Dropping frame 1403636928.0516665
Dropping frame 1403636928.1516664
Dropping frame 1403636928.3516665
Dropping frame 1403636928.5516665
Dropping frame 1403636928.6516664
Dropping frame 1403636929.2016666
Dropping frame 1403636929.3516665
Dropping frame 1403636929.5016665
Dropping frame 1403636929.6016665
Dropping frame 1403636930.0016665
Dropping frame 1403636930.1016665
Dropping frame 1403636930.3516665
Dropping frame 1403636930.7516665
Dropping frame 1403636930.8516665
Dropping frame 1403636930.9516664
Dropping frame 1403636931.1516664
Dropping frame 1403636931.2516665
Dropping frame 1403636931.3516665
Dropping frame 1403636931.5516665
Dropping frame 1403636931.8016665
Dropping frame 1403636931.9016666
Dropping frame 1403636932.0016665
Dropping frame 1403636932.2016666
Dropping frame 1403636932.4016666
Dropping frame 1403636932.5016665
Dropping frame 1403636932.7016666
Dropping frame 1403636932.9016666
Dropping frame 1403636933.0016665
Dropping frame 1403636933.1016665
Dropping frame 1403636933.4516664
Dropping frame 1403636933.6516664
Dropping frame 1403636933.9516664
Dropping frame 1403636934.1516664
Dropping frame 1403636934.2516665
Dropping frame 1403636934.3516665
Dropping frame 1403636934.6016665
Dropping frame 1403636934.9016666
Dropping frame 1403636935.0016665
Dropping frame 1403636935.1016665
Dropping frame 1403636935.3016665
Dropping frame 1403636935.6016665
Dropping frame 1403636935.7016666
Dropping frame 1403636935.8016665
Dropping frame 1403636936.0016665
Dropping frame 1403636936.2016666
Dropping frame 1403636936.3016665
Dropping frame 1403636936.4016666
Dropping frame 1403636936.6016665
Dropping frame 1403636936.8016665
Dropping frame 1403636937.0016665
Dropping frame 1403636937.1516664
Dropping frame 1403636937.2516665
Dropping frame 1403636937.5016665
Dropping frame 1403636937.7016666
Dropping frame 1403636937.8016665
Dropping frame 1403636937.9016666
Dropping frame 1403636938.0016665
Dropping frame 1403636938.1016665
Dropping frame 1403636938.3516665
Dropping frame 1403636938.5516665
Dropping frame 1403636938.6516664
Dropping frame 1403636938.7516665
Dropping frame 1403636938.9016666
Dropping frame 1403636939.0016665
Dropping frame 1403636939.3016665
Dropping frame 1403636939.5016665
Dropping frame 1403636939.7016666
Dropping frame 1403636939.8016665
Dropping frame 1403636939.9516664
Dropping frame 1403636940.3516665
Dropping frame 1403636940.4516664
Dropping frame 1403636940.6016665
Dropping frame 1403636940.8016665
Dropping frame 1403636941.1016665
Dropping frame 1403636941.2016666
Dropping frame 1403636941.4016666
Dropping frame 1403636941.6016665
Dropping frame 1403636941.7016666
Dropping frame 1403636941.8516665
Dropping frame 1403636942.0516665
Dropping frame 1403636942.1516664
Dropping frame 1403636942.4516664
Dropping frame 1403636942.5516665
Dropping frame 1403636942.6516664
Dropping frame 1403636942.8516665
Dropping frame 1403636943.0016665
Dropping frame 1403636943.2016666
Dropping frame 1403636943.3016665
Dropping frame 1403636943.4016666
Dropping frame 1403636943.6016665
Dropping frame 1403636943.8016665
Dropping frame 1403636943.9016666
Dropping frame 1403636944.3516665
Dropping frame 1403636944.5516665
Dropping frame 1403636944.6516664
Dropping frame 1403636944.7516665
Dropping frame 1403636944.9516664
Dropping frame 1403636945.0516665
Dropping frame 1403636945.3016665
Dropping frame 1403636945.4016666
Dropping frame 1403636945.5516665
Dropping frame 1403636945.6516664
Dropping frame 1403636945.7516665
Dropping frame 1403636946.0516665
Dropping frame 1403636946.2516665
Dropping frame 1403636946.3516665
Dropping frame 1403636946.4516664
Dropping frame 1403636946.5516665
Dropping frame 1403636946.9016666
Dropping frame 1403636947.0016665
Dropping frame 1403636947.2016666
Dropping frame 1403636947.3516665
Dropping frame 1403636947.6016665
Dropping frame 1403636947.9016666
Dropping frame 1403636948.0016665
Dropping frame 1403636948.1016665
Dropping frame 1403636948.4016666
Dropping frame 1403636948.6016665
Dropping frame 1403636948.7016666
Dropping frame 1403636949.1016665
Dropping frame 1403636949.2016666
Dropping frame 1403636949.3016665
Dropping frame 1403636949.5016665
Dropping frame 1403636949.7516665
Dropping frame 1403636949.8516665
Dropping frame 1403636950.1016665
Dropping frame 1403636950.2016666
Dropping frame 1403636950.3016665
Dropping frame 1403636950.6016665
Dropping frame 1403636950.8016665
Dropping frame 1403636950.9016666
Dropping frame 1403636951.4516664
Dropping frame 1403636951.6516664
Dropping frame 1403636951.7516665
Dropping frame 1403636952.0016665
Dropping frame 1403636952.1016665
Dropping frame 1403636952.2016666
Dropping frame 1403636952.4016666
Dropping frame 1403636952.6016665
Dropping frame 1403636952.7516665
Dropping frame 1403636952.9016666
Dropping frame 1403636953.3516665
Dropping frame 1403636953.4516664
Dropping frame 1403636953.6516664
Dropping frame 1403636953.9016666
Dropping frame 1403636954.1016665
Dropping frame 1403636954.6016665
Dropping frame 1403636954.8016665
Dropping frame 1403636954.9516664
Dropping frame 1403636955.0516665
Dropping frame 1403636955.2516665
Dropping frame 1403636955.7516665
Dropping frame 1403636955.9516664
Dropping frame 1403636956.1516664
Dropping frame 1403636956.2516665
Dropping frame 1403636956.3516665
Dropping frame 1403636956.5516665
Dropping frame 1403636956.7516665
Dropping frame 1403636956.9516664
Dropping frame 1403636957.0516665
Dropping frame 1403636957.3016665
Dropping frame 1403636957.4016666
Dropping frame 1403636957.7016666
Dropping frame 1403636957.9016666
Dropping frame 1403636958.1016665
Dropping frame 1403636958.2016666
Dropping frame 1403636958.4516664
Dropping frame 1403636958.5516665
Dropping frame 1403636958.8016665
Dropping frame 1403636959.0016665
Dropping frame 1403636959.1516664
Dropping frame 1403636959.4016666
Dropping frame 1403636959.6516664
Dropping frame 1403636959.8516665
Dropping frame 1403636960.0516665
Dropping frame 1403636960.1516664
Dropping frame 1403636960.5516665
Dropping frame 1403636960.6516664
Dropping frame 1403636960.7516665
Dropping frame 1403636961.0516665
Dropping frame 1403636961.1516664
Dropping frame 1403636961.4016666
Dropping frame 1403636961.5016665
Dropping frame 1403636961.7516665
Dropping frame 1403636961.9516664
Dropping frame 1403636962.1516664
Dropping frame 1403636962.2516665
Dropping frame 1403636962.4016666
Dropping frame 1403636962.6016665
Dropping frame 1403636962.7016666
Dropping frame 1403636962.8516665
Dropping frame 1403636962.9516664
Dropping frame 1403636963.1516664
Dropping frame 1403636963.3516665
Dropping frame 1403636963.5516665
Dropping frame 1403636963.7016666
Dropping frame 1403636963.9016666
Dropping frame 1403636964.1516664
Dropping frame 1403636964.3516665
Dropping frame 1403636964.5516665
Dropping frame 1403636964.7516665
Dropping frame 1403636965.0516665
Dropping frame 1403636965.1516664
Dropping frame 1403636965.2516665
Dropping frame 1403636965.4516664
Dropping frame 1403636965.6516664
Dropping frame 1403636965.8516665
Dropping frame 1403636965.9516664
Dropping frame 1403636966.0516665
Dropping frame 1403636966.2516665
Dropping frame 1403636966.4016666
Dropping frame 1403636966.6016665
Dropping frame 1403636966.9016666
Dropping frame 1403636967.0016665
Dropping frame 1403636967.2016666
Dropping frame 1403636967.4016666
Dropping frame 1403636967.5016665
Dropping frame 1403636967.6016665
Dropping frame 1403636967.8516665
Dropping frame 1403636968.1516664
Dropping frame 1403636968.3516665
Dropping frame 1403636968.5516665
Dropping frame 1403636968.7516665
Dropping frame 1403636968.9516664
Dropping frame 1403636969.0516665
Dropping frame 1403636969.3516665
Dropping frame 1403636969.6516664
Dropping frame 1403636969.8516665
Dropping frame 1403636970.0516665
Dropping frame 1403636970.3016665
Dropping frame 1403636970.5016665
Dropping frame 1403636970.6016665
Dropping frame 1403636970.8016665
Dropping frame 1403636971.0016665
Dropping frame 1403636971.3016665
Dropping frame 1403636971.6016665
Dropping frame 1403636971.8016665
Dropping frame 1403636971.9016666
Dropping frame 1403636972.1016665
Dropping frame 1403636972.2016666
Dropping frame 1403636972.3016665
Dropping frame 1403636972.4016666
Dropping frame 1403636972.7516665
Dropping frame 1403636973.4516664
Dropping frame 1403636973.8016665
Dropping frame 1403636974.0016665
Dropping frame 1403636974.1016665
Dropping frame 1403636974.4016666
Dropping frame 1403636974.8016665
Dropping frame 1403636975.1516664
Dropping frame 1403636975.5016665
Dropping frame 1403636975.6016665
Dropping frame 1403636976.1016665
Dropping frame 1403636976.3016665
Dropping frame 1403636976.6016665
Dropping frame 1403636976.7016666
Dropping frame 1403636976.9016666
Dropping frame 1403636977.2016666
Dropping frame 1403636977.5516665
Dropping frame 1403636977.6516664
Dropping frame 1403636977.9016666
Dropping frame 1403636978.0516665
Dropping frame 1403636978.4516664
Dropping frame 1403636978.9516664
Dropping frame 1403636979.1016665
Dropping frame 1403636979.3016665
Dropping frame 1403636979.5016665
Dropping frame 1403636979.7016666
Dropping frame 1403636979.8516665
Dropping frame 1403636980.0516665
Dropping frame 1403636980.2516665
Dropping frame 1403636980.3516665
Dropping frame 1403636980.4516664
Dropping frame 1403636980.7016666
Dropping frame 1403636980.9016666
Dropping frame 1403636981.0016665
Dropping frame 1403636981.2016666
Dropping frame 1403636981.4016666
Dropping frame 1403636981.6016665
Dropping frame 1403636981.7016666
Dropping frame 1403636981.8016665
Dropping frame 1403636981.9016666
Dropping frame 1403636982.1516664
Dropping frame 1403636982.2516665
Dropping frame 1403636982.3516665
Dropping frame 1403636982.5516665
Dropping frame 1403636982.7516665
Dropping frame 1403636982.9516664
Dropping frame 1403636983.1516664
Dropping frame 1403636983.2516665
Dropping frame 1403636983.5016665
Dropping frame 1403636983.7016666
Dropping frame 1403636983.9016666
Dropping frame 1403636984.0516665
Dropping frame 1403636984.2516665
Dropping frame 1403636984.3516665
Dropping frame 1403636984.6016665
Dropping frame 1403636984.9016666
Dropping frame 1403636985.0016665
Dropping frame 1403636985.1016665
Dropping frame 1403636985.2016666
Dropping frame 1403636985.4516664
Dropping frame 1403636985.6516664
Dropping frame 1403636985.8516665
Dropping frame 1403636985.9516664
Dropping frame 1403636986.0516665
Dropping frame 1403636986.1516664
Dropping frame 1403636986.6516664
Dropping frame 1403636986.9016666
Dropping frame 1403636987.0516665
Dropping frame 1403636987.4016666
Dropping frame 1403636987.6016665
Dropping frame 1403636987.8016665
Dropping frame 1403636987.9016666
Dropping frame 1403636988.1516664
Dropping frame 1403636988.2516665
Dropping frame 1403636988.5516665
Dropping frame 1403636988.7516665
Dropping frame 1403636988.8516665
Dropping frame 1403636989.1516664
Dropping frame 1403636989.3516665
Dropping frame 1403636989.6016665
Dropping frame 1403636989.7016666
Dropping frame 1403636990.0016665
Dropping frame 1403636990.3016665
Dropping frame 1403636990.5016665
Dropping frame 1403636990.7016666
Dropping frame 1403636991.6016665
Dropping frame 1403636992.3016665
Dropping frame 1403636993.9516664
Dropping frame 1403636994.7016666
Dropping frame 1403636994.8516665
Dropping frame 1403636995.1016665
Dropping frame 1403636995.4016666
Dropping frame 1403636995.7016666
Dropping frame 1403636995.9516664
Dropping frame 1403636996.1516664
Dropping frame 1403636996.2516665
Dropping frame 1403636996.5016665
Dropping frame 1403636996.6016665
Dropping frame 1403636997.1516664
Dropping frame 1403636997.8516665
Dropping frame 1403636998.0516665
Dropping frame 1403636998.2016666
Dropping frame 1403636998.4016666
Dropping frame 1403636998.5016665
Dropping frame 1403636998.7516665
Dropping frame 1403636999.0516665
Dropping frame 1403636999.3016665
Dropping frame 1403636999.7516665
Dropping frame 1403636999.8516665
Dropping frame 1403637000.2016666
Dropping frame 1403637000.3016665
Dropping frame 1403637000.5516665
Dropping frame 1403637000.7016666
Dropping frame 1403637000.9016666
Dropping frame 1403637001.1016665
Dropping frame 1403637001.2016666
Dropping frame 1403637001.3016665
Dropping frame 1403637001.5516665
Dropping frame 1403637001.7516665
Dropping frame 1403637001.8516665
Dropping frame 1403637002.0016665
Dropping frame 1403637002.2016666
Dropping frame 1403637002.3016665
Dropping frame 1403637002.4016666
Dropping frame 1403637002.6016665
Dropping frame 1403637002.7016666
Dropping frame 1403637002.9016666
Dropping frame 1403637003.0016665
Dropping frame 1403637003.1016665
Dropping frame 1403637003.3516665
Dropping frame 1403637003.5016665
Dropping frame 1403637003.7516665
Dropping frame 1403637003.8516665
Dropping frame 1403637004.1016665
Dropping frame 1403637004.2016666
Dropping frame 1403637004.3016665
Dropping frame 1403637004.5016665
Dropping frame 1403637004.7016666
Dropping frame 1403637004.8016665
Dropping frame 1403637004.9016666
Dropping frame 1403637005.0516665
Dropping frame 1403637005.3516665
Dropping frame 1403637005.5516665
Dropping frame 1403637005.7516665
Dropping frame 1403637005.8516665
Dropping frame 1403637005.9516664
Dropping frame 1403637006.2516665
Dropping frame 1403637006.4516664
Dropping frame 1403637006.6016665
Dropping frame 1403637006.7016666
Dropping frame 1403637006.9016666
Dropping frame 1403637007.1016665
Dropping frame 1403637007.2016666
Dropping frame 1403637007.3016665
Dropping frame 1403637007.4016666
Dropping frame 1403637007.6016665
Dropping frame 1403637007.7016666
Dropping frame 1403637007.8016665
Dropping frame 1403637008.1016665
Dropping frame 1403637008.3016665
Dropping frame 1403637008.5016665
Dropping frame 1403637008.6016665
Dropping frame 1403637008.8016665
Dropping frame 1403637009.1016665
Dropping frame 1403637009.3016665
Dropping frame 1403637009.4016666
Dropping frame 1403637009.6016665
Dropping frame 1403637009.8016665
Dropping frame 1403637009.9016666
Dropping frame 1403637010.0016665
Dropping frame 1403637010.2016666
Dropping frame 1403637010.3516665
Dropping frame 1403637010.5516665
Shutdown
SLAM Finished at System Time: 1732009241.64433

 TIME STATS in ms (mean$\pm$std)
OpenCV version: 4.8.1
---------------------------
Tracking

ORB Extraction: 16.766$\pm$1.6171
Stereo Matching: 7.3489$\pm$2.1282
IMU Preintegration: 0.25486$\pm$0.099534
Pose Prediction: 0.21777$\pm$0.65483
LM Track: 19.38$\pm$5.1624
New KF decision: 1.2023$\pm$2.2845
Total Tracking: 34.069$\pm$24.257



Local Mapping

KF Insertion: 15.867$\pm$5.4707
MP Culling: 0.54427$\pm$0.21308
MP Creation: 48.512$\pm$16.478
LBA: 152.21$\pm$54.567
KF Culling: 15.717$\pm$10.745
Total Local Mapping: 232.79$\pm$77.839
---------------------------

LBA complexity (mean$\pm$std)
LBA Edges: 1656.8$\pm$570.08
LBA KF optimized: 6.5$\pm$2.2913
LBA KF fixed: 1$\pm$0
LBA MP: nan$\pm$nan

LBA executions: 478
LBA aborts: 0
---------------------------

Map complexity
KFs in map: 143
MPs in map: 12050
---------------------------

Place Recognition (mean$\pm$std)
Database Query: 1.5834$\pm$0.85836
SE3 estimation: 13.959$\pm$15.535
Total Place Recognition: 13.285$\pm$15.788


Loop Closing (mean$\pm$std)
Loop Fusion: nan$\pm$nan
Essential Graph: nan$\pm$nan
Total Loop Closing: nan$\pm$nan

Num exec: 0
Number of KFs: nan$\pm$nan

Map Merging (mean$\pm$std)
Merge Maps: nan$\pm$nan
Welding BA: nan$\pm$nan
Optimization Ess.: nan$\pm$nan
Total Map Merging: nan$\pm$nan

Num exec: 0
Number of KFs: nan$\pm$nan
Number of MPs: nan$\pm$nan

Full GBA (mean$\pm$std)
GBA: nan$\pm$nan
Map Update: nan$\pm$nan
Total Full GBA: nan$\pm$nan

Num exec: 0
Num abort: 0
Number of KFs: nan$\pm$nan
Number of MPs: nan$\pm$nan

Saving trajectory to f_dataset-MH02_stereo_imu.txt ...
There are 1 maps in the atlas
  Map 0 has 143 KFs

End of saving trajectory to f_dataset-MH02_stereo_imu.txt ...

Saving keyframe trajectory to kf_dataset-MH02_stereo_imu.txt ...
