num_seq = 1
file name: dataset-MH05_stereo_imu
Loading images for sequence 0...LOADED!
Loading IMU for sequence 0...LOADED!

-------

ORB-SLAM3 Copyright (C) 2017-2020 Carlos Campos, Richard Elvira, Juan J. Gómez, José M.M. Montiel and Juan D. Tardós, University of Zaragoza.
ORB-SLAM2 Copyright (C) 2014-2016 Raúl Mur-Artal, José M.M. Montiel and Juan D. Tardós, University of Zaragoza.
This program comes with ABSOLUTELY NO WARRANTY;
This is free software, and you are welcome to redistribute it
under certain conditions. See LICENSE.txt.

Built with REGISTER_TIMES
Git Commit Hash: 42e930e

Compiled with C++ version: 201703

Input sensor was set to: Stereo-Inertial
Loading settings from ./Examples/Stereo-Inertial/EuRoC_fov_deadlines_mask_5x5.yaml
	-Loaded camera 1
	-Loaded camera 2
	-Loaded image info
	-Loaded IMU calibration
	-Loaded ORB settings
	-Loaded viewer settings
	-Loaded Atlas settings
Deadlines enabled, will skip frames!
FOV enabled
Static mask size: 5x5
Dumping map points enabled
	-Loaded misc parameters
	-Computed rectification maps
----------------------------------
SLAM settings: 
	-Camera 1 parameters (Pinhole): [ 458.65399169921875 457.29598999023438 367.21499633789062 248.375 ]
	-Camera 1 distortion parameters: [  -0.28340810537338257 0.073959067463874817 0.00019359000725671649 1.7618711353861727e-05 ]
	-Camera 2 parameters (Pinhole: [ 457.58700561523438 456.13400268554688 379.99899291992188 255.23800659179688 ]
	-Camera 1 distortion parameters: [  -0.2836836576461792 0.074512839317321777 -0.00010473000293131918 -3.555907096597366e-05 ]
	-Original image size: [ 752 , 480 ]
	-Current image size: [ 752 , 480 ]
	-Camera 1 parameters after rectification: [  456.71499633789062 456.71499633789062 364.52615356445312 257.268798828125 ]
	-Sequence FPS: 20
	-Stereo baseline: 0.11007784307003021
	-Stereo depth threshold : 60
	-Gyro noise: 0.00016999999934341758
	-Accelerometer noise: 0.0020000000949949026
	-Gyro walk: 1.9392999092815444e-05
	-Accelerometer walk: 0.0030000000260770321
	-IMU frequency: 200
	-Features per image: 1200
	-ORB scale factor: 1.2000000476837158
	-ORB number of scales: 8
	-Initial FAST threshold: 20
	-Min FAST threshold: 7


Loading ORB Vocabulary. This could take a while...
Vocabulary loaded!

Initialization of Atlas from scratch 
Creation of new map with id: 0
Creation of new map with last KF id: 0
Seq. Name: 
There are 1 cameras in the atlas
Camera 0 is pinhole
SLAM Started at System Time: 1734507258.03219
not IMU meas
not IMU meas
not enough acceleration
not enough acceleration
not enough acceleration
not enough acceleration
not enough acceleration
not enough acceleration
not enough acceleration
not enough acceleration
not enough acceleration
not enough acceleration
not enough acceleration
not enough acceleration
not enough acceleration
not enough acceleration
not enough acceleration
not enough acceleration
not enough acceleration
not enough acceleration
not enough acceleration
not enough acceleration
not enough acceleration
not enough acceleration
not enough acceleration
not enough acceleration
not enough acceleration
not enough acceleration
not enough acceleration
not enough acceleration
not enough acceleration
not enough acceleration
not enough acceleration
not enough acceleration
not enough acceleration
not enough acceleration
not enough acceleration
not enough acceleration
not enough acceleration
not enough acceleration
not enough acceleration
not enough acceleration
not enough acceleration
not enough acceleration
not enough acceleration
not enough acceleration
not enough acceleration
not enough acceleration
not enough acceleration
not enough acceleration
not enough acceleration
not enough acceleration
not enough acceleration
not enough acceleration
not enough acceleration
not enough acceleration
not enough acceleration
not enough acceleration
not enough acceleration
not enough acceleration
not enough acceleration
not enough acceleration
not enough acceleration
not enough acceleration
not enough acceleration
not enough acceleration
not enough acceleration
not enough acceleration
not enough acceleration
not enough acceleration
not enough acceleration
not enough acceleration
not enough acceleration
not enough acceleration
not enough acceleration
not enough acceleration
not enough acceleration
not enough acceleration
not enough acceleration
not enough acceleration
First KF:0; Map init KF:0
New Map created with 83 points
Active map: 0
Dropping frame 1403638522.6778293
Dropping frame 1403638523.0778294
Dropping frame 1403638523.3778293
Dropping frame 1403638523.5278294
Dropping frame 1403638523.8778293
Dropping frame 1403638524.2778294
Dropping frame 1403638524.5278294
Dropping frame 1403638525.6278296
Dropping frame 1403638525.8278296
Dropping frame 1403638526.1778293
Dropping frame 1403638526.6278296
Dropping frame 1403638527.3278296
start VIBA 1
end VIBA 1
Dropping frame 1403638527.8778293
Dropping frame 1403638529.3278296
Dropping frame 1403638530.4778295
Dropping frame 1403638530.7278295
Not enough motion for initializing. Reseting...
TRACK: Reset map because local mapper set the bad imu flag 
LM: Active map reset recieved
LM: Active map reset, waiting...
LM: Reseting current map in Local Mapping...
LM: End reseting Local Mapping...
LM: Reset free the mutex
LM: Active map reset, Done!!!
mnFirstFrameId = 80
mnInitialFrameId = 0
174 Frames set to lost
not IMU meas
not enough acceleration
not enough acceleration
not enough acceleration
not enough acceleration
not enough acceleration
not enough acceleration
not enough acceleration
not enough acceleration
not enough acceleration
not enough acceleration
not enough acceleration
not enough acceleration
not enough acceleration
not enough acceleration
not enough acceleration
not enough acceleration
not enough acceleration
not enough acceleration
not enough acceleration
not enough acceleration
not enough acceleration
not enough acceleration
not enough acceleration
not enough acceleration
not enough acceleration
not enough acceleration
not enough acceleration
not enough acceleration
not enough acceleration
not enough acceleration
not enough acceleration
not enough acceleration
Dropping frame 1403638533.2778294
not enough acceleration
not enough acceleration
not enough acceleration
not enough acceleration
not enough acceleration
not enough acceleration
not enough acceleration
not enough acceleration
not enough acceleration
not enough acceleration
not enough acceleration
not enough acceleration
not enough acceleration
not enough acceleration
not enough acceleration
not enough acceleration
not enough acceleration
not enough acceleration
not enough acceleration
not enough acceleration
not enough acceleration
not enough acceleration
not enough acceleration
not enough acceleration
not enough acceleration
not enough acceleration
not enough acceleration
not enough acceleration
not enough acceleration
not enough acceleration
not enough acceleration
not enough acceleration
not enough acceleration
not enough acceleration
not enough acceleration
not enough acceleration
not enough acceleration
not enough acceleration
not enough acceleration
not enough acceleration
not enough acceleration
not enough acceleration
not enough acceleration
not enough acceleration
not enough acceleration
not enough acceleration
not enough acceleration
not enough acceleration
not enough acceleration
not enough acceleration
not enough acceleration
not enough acceleration
not enough acceleration
not enough acceleration
not enough acceleration
not enough acceleration
not enough acceleration
not enough acceleration
not enough acceleration
not enough acceleration
not enough acceleration
not enough acceleration
not enough acceleration
not enough acceleration
not enough acceleration
not enough acceleration
not enough acceleration
not enough acceleration
not enough acceleration
not enough acceleration
not enough acceleration
not enough acceleration
not enough acceleration
not enough acceleration
not enough acceleration
not enough acceleration
not enough acceleration
not enough acceleration
not enough acceleration
not enough acceleration
not enough acceleration
not enough acceleration
not enough acceleration
not enough acceleration
not enough acceleration
not enough acceleration
not enough acceleration
not enough acceleration
not enough acceleration
not enough acceleration
not enough acceleration
not enough acceleration
not enough acceleration
not enough acceleration
not enough acceleration
not enough acceleration
not enough acceleration
not enough acceleration
not enough acceleration
not enough acceleration
not enough acceleration
not enough acceleration
not enough acceleration
not enough acceleration
not enough acceleration
not enough acceleration
not enough acceleration
not enough acceleration
not enough acceleration
First KF:41; Map init KF:0
New Map created with 116 points
Active map: 0
Dropping frame 1403638542.0278294
Dropping frame 1403638542.8278296
Dropping frame 1403638543.1278296
Dropping frame 1403638543.6778293
Dropping frame 1403638544.0778294
start VIBA 1
Dropping frame 1403638544.1778293
end VIBA 1
Dropping frame 1403638544.3278296
Dropping frame 1403638545.1278296
Dropping frame 1403638546.0778294
Dropping frame 1403638547.3778293
Dropping frame 1403638547.8278296
Dropping frame 1403638547.9278295
Dropping frame 1403638548.2778294
Dropping frame 1403638548.9778295
Dropping frame 1403638549.0778294
Dropping frame 1403638550.4278295
Dropping frame 1403638550.5278294
Dropping frame 1403638551.0278294
Dropping frame 1403638551.2278295
Dropping frame 1403638551.3278296
Dropping frame 1403638551.5278294
Dropping frame 1403638552.5278294
Dropping frame 1403638552.7278295
Dropping frame 1403638552.8278296
Dropping frame 1403638552.9278295
Dropping frame 1403638553.0278294
Dropping frame 1403638553.4778295
Dropping frame 1403638553.7278295
Dropping frame 1403638553.9778295
start VIBA 2
Dropping frame 1403638554.4778295
Dropping frame 1403638554.6778293
Dropping frame 1403638554.7778294
end VIBA 2
Dropping frame 1403638554.9278295
Dropping frame 1403638555.1778293
Dropping frame 1403638555.4278295
Dropping frame 1403638555.5778294
Dropping frame 1403638555.7778294
Dropping frame 1403638555.9778295
Dropping frame 1403638556.0778294
Dropping frame 1403638556.1778293
Dropping frame 1403638556.3778293
Dropping frame 1403638556.4778295
Dropping frame 1403638556.5778294
Dropping frame 1403638557.2778294
Dropping frame 1403638557.3778293
Dropping frame 1403638557.6778293
Dropping frame 1403638557.7778294
Dropping frame 1403638557.8778293
Dropping frame 1403638558.2278295
Dropping frame 1403638558.4278295
Dropping frame 1403638558.6278296
Dropping frame 1403638558.7278295
Dropping frame 1403638558.8278296
Dropping frame 1403638558.9278295
Dropping frame 1403638559.0278294
Dropping frame 1403638559.3778293
Dropping frame 1403638559.4778295
Dropping frame 1403638559.5778294
Dropping frame 1403638559.8278296
Dropping frame 1403638559.9278295
Dropping frame 1403638560.0278294
Dropping frame 1403638560.2778294
Dropping frame 1403638560.3778293
Dropping frame 1403638560.4778295
Dropping frame 1403638560.6778293
Dropping frame 1403638561.0278294
Dropping frame 1403638561.1278296
Dropping frame 1403638561.3778293
Dropping frame 1403638561.5778294
Dropping frame 1403638561.6778293
Dropping frame 1403638561.8778293
Dropping frame 1403638562.0278294
Dropping frame 1403638562.1278296
Dropping frame 1403638562.3278296
Dropping frame 1403638562.4278295
Dropping frame 1403638562.7278295
Dropping frame 1403638562.8278296
Dropping frame 1403638563.0278294
Dropping frame 1403638563.1278296
Dropping frame 1403638563.2278295
Dropping frame 1403638563.4778295
Dropping frame 1403638563.7278295
Dropping frame 1403638563.9278295
Dropping frame 1403638564.1278296
Dropping frame 1403638564.2278295
Dropping frame 1403638564.3278296
Dropping frame 1403638564.5278294
Dropping frame 1403638564.7278295
Dropping frame 1403638564.9278295
Dropping frame 1403638565.0278294
Dropping frame 1403638565.1278296
Dropping frame 1403638565.3778293
Dropping frame 1403638566.0278294
Dropping frame 1403638566.1278296
Dropping frame 1403638566.4778295
Dropping frame 1403638566.8778293
Dropping frame 1403638567.2778294
Dropping frame 1403638567.3778293
Dropping frame 1403638568.0278294
Dropping frame 1403638568.2278295
Dropping frame 1403638568.4278295
Dropping frame 1403638568.6278296
Dropping frame 1403638568.7778294
Dropping frame 1403638568.9778295
Dropping frame 1403638569.1778293
Dropping frame 1403638569.3778293
Dropping frame 1403638569.5778294
Dropping frame 1403638569.6778293
Dropping frame 1403638569.9778295
Dropping frame 1403638570.1778293
Dropping frame 1403638570.3778293
Dropping frame 1403638570.4778295
Dropping frame 1403638571.7278295
Dropping frame 1403638572.0278294
Dropping frame 1403638572.6778293
Dropping frame 1403638572.7778294
Dropping frame 1403638572.8778293
Dropping frame 1403638573.0778294
Dropping frame 1403638573.1778293
Dropping frame 1403638573.5778294
Dropping frame 1403638573.9778295
Dropping frame 1403638574.3778293
Dropping frame 1403638574.5778294
Dropping frame 1403638574.8778293
Dropping frame 1403638575.2278295
Dropping frame 1403638575.9278295
Dropping frame 1403638576.2278295
Dropping frame 1403638576.4778295
Dropping frame 1403638576.6778293
Dropping frame 1403638576.8778293
Dropping frame 1403638577.1778293
Dropping frame 1403638577.4778295
Dropping frame 1403638577.7778294
Dropping frame 1403638577.9778295
Dropping frame 1403638578.1778293
Dropping frame 1403638579.2278295
Dropping frame 1403638580.3778293
Dropping frame 1403638580.7778294
Dropping frame 1403638580.9778295
Dropping frame 1403638581.0778294
Dropping frame 1403638581.1778293
Dropping frame 1403638581.5778294
Dropping frame 1403638581.8778293
Dropping frame 1403638581.9778295
Dropping frame 1403638582.2278295
Dropping frame 1403638582.5278294
Dropping frame 1403638582.6278296
Dropping frame 1403638582.8778293
Dropping frame 1403638583.1278296
Dropping frame 1403638583.2778294
Dropping frame 1403638583.4778295
Dropping frame 1403638583.6278296
Dropping frame 1403638583.8278296
Dropping frame 1403638583.9278295
Dropping frame 1403638584.0278294
Dropping frame 1403638584.2278295
Dropping frame 1403638584.3278296
Dropping frame 1403638584.4278295
Dropping frame 1403638584.6278296
Dropping frame 1403638584.8278296
Dropping frame 1403638584.9278295
Dropping frame 1403638585.1278296
Dropping frame 1403638585.3278296
Dropping frame 1403638585.4278295
Dropping frame 1403638585.5278294
Dropping frame 1403638585.7278295
Dropping frame 1403638585.8278296
Dropping frame 1403638586.0778294
Dropping frame 1403638586.2778294
Dropping frame 1403638586.3778293
Dropping frame 1403638586.4778295
Dropping frame 1403638586.5778294
Dropping frame 1403638586.7778294
Dropping frame 1403638587.1778293
Dropping frame 1403638587.2778294
Dropping frame 1403638587.6278296
Dropping frame 1403638587.9778295
Dropping frame 1403638588.0778294
Dropping frame 1403638588.4278295
Dropping frame 1403638588.5778294
Dropping frame 1403638588.8278296
Dropping frame 1403638589.1278296
Dropping frame 1403638589.6278296
Dropping frame 1403638589.7778294
Dropping frame 1403638590.1278296
Dropping frame 1403638592.5778294
*Loop detected
phi = -0.0081049589602216979 -0.0092749388271119136 -0.0088598699661768358
BAD LOOP!!!
*Loop detected
phi = -0.0046041940987701742   -0.01288676819639255  -0.013230253324554825
BAD LOOP!!!
*Loop detected
phi = -0.0072545654504580868  -0.013135799941312457 0.00042072864275639324
BAD LOOP!!!
*Loop detected
phi = -0.0067986247908697192  -0.011304704712384888  -0.010659682220678037
BAD LOOP!!!
*Loop detected
phi =  0.028736920305499191 0.0045599909640998745  0.036527144084654378
BAD LOOP!!!
*Loop detected
phi =  0.0066530525874067686 -0.0037712783560619662   0.028210154430267753
Local Mapping STOP
Local Mapping RELEASE
Local Mapping STOP
Local Mapping RELEASE
Dropping frame 1403638612.9778295
*Loop detected
phi =  0.018161338999775605 -0.028717723881507836  -0.12723205699435283
BAD LOOP!!!
*Loop detected
phi =   0.013436589567521782 -0.0064222205623990971  -0.089298110990764096
BAD LOOP!!!
*Loop detected
phi =   0.010319364146948529 -0.0054555972466396275  -0.091585312439114067
BAD LOOP!!!
*Loop detected
phi =  0.0084441185137840297 -0.0074617306531922075  -0.094609976746960506
BAD LOOP!!!
*Loop detected
phi =  0.021147667620535372 -0.016297857601691831 -0.098571514273125799
BAD LOOP!!!
*Loop detected
phi =   0.010573298124763979 -0.0052402234002156736  -0.089866533114141584
BAD LOOP!!!
*Loop detected
phi =   0.0051685431591373104 -0.00048162619116403808   -0.087816714628937434
Local Mapping STOP
Local Mapping RELEASE
Dropping frame 1403638622.8778293
Dropping frame 1403638625.4278295
Dropping frame 1403638625.5778294
Dropping frame 1403638625.9778295
Dropping frame 1403638626.2278295
Dropping frame 1403638626.5278294
Dropping frame 1403638626.6778293
Dropping frame 1403638626.7778294
Dropping frame 1403638626.8778293
Dropping frame 1403638627.1278296
Dropping frame 1403638627.3778293
Dropping frame 1403638627.4778295
Dropping frame 1403638627.5778294
Dropping frame 1403638627.8278296
Dropping frame 1403638629.4278295
Dropping frame 1403638629.6778293
Dropping frame 1403638629.7778294
Dropping frame 1403638630.0278294
Dropping frame 1403638630.3278296
Fail to track local map!
Fail to track local map!
Fail to track local map!
Fail to track local map!
Dropping frame 1403638630.6278296
Fail to track local map!
Dropping frame 1403638630.7278295
Fail to track local map!
Fail to track local map!
Fail to track local map!
Fail to track local map!
Dropping frame 1403638630.9778295
Fail to track local map!
Fail to track local map!
Fail to track local map!
Fail to track local map!
Dropping frame 1403638631.2278295
Fail to track local map!
Dropping frame 1403638631.3778293
Dropping frame 1403638631.4778295
Dropping frame 1403638631.6778293
Shutdown
SLAM Finished at System Time: 1734507391.25718

 TIME STATS in ms (mean$\pm$std)
OpenCV version: 4.8.1
---------------------------
Tracking

ORB Extraction: 14.211$\pm$2.1247
Stereo Matching: 7.4132$\pm$2.2564
IMU Preintegration: 0.19721$\pm$0.083476
Pose Prediction: 0.36353$\pm$1.1984
LM Track: 15.9$\pm$4.7697
New KF decision: 1.0491$\pm$1.8355
Total Tracking: 34.223$\pm$18.364



Local Mapping

KF Insertion: 10.641$\pm$4.2805
MP Culling: 0.42031$\pm$0.22389
MP Creation: 34.656$\pm$12.125
LBA: 129.34$\pm$49.099
KF Culling: 9.1032$\pm$7.269
Total Local Mapping: 184.52$\pm$71.202
---------------------------

LBA complexity (mean$\pm$std)
LBA Edges: 2087.2$\pm$1172.7
LBA KF optimized: 6.5$\pm$2.2913
LBA KF fixed: 1$\pm$0
LBA MP: nan$\pm$nan

LBA executions: 455
LBA aborts: 0
---------------------------

Map complexity
KFs in map: 219
MPs in map: 18099
---------------------------

Place Recognition (mean$\pm$std)
Database Query: 1.6368$\pm$1.0432
SE3 estimation: 23.32$\pm$13.525
Total Place Recognition: 19.557$\pm$16.27


Loop Closing (mean$\pm$std)
Loop Fusion: 131.44$\pm$68.21
Essential Graph: 121.19$\pm$17.535
Total Loop Closing: 272.44$\pm$71.994

Num exec: 2
Number of KFs: nan$\pm$nan

Map Merging (mean$\pm$std)
Merge Maps: nan$\pm$nan
Welding BA: nan$\pm$nan
Optimization Ess.: nan$\pm$nan
Total Map Merging: nan$\pm$nan

Num exec: 0
Number of KFs: nan$\pm$nan
Number of MPs: nan$\pm$nan

Full GBA (mean$\pm$std)
GBA: 1195.1$\pm$0
Map Update: 12.793$\pm$0
Total Full GBA: 1207.8$\pm$0

Num exec: 1
Num abort: 0
Number of KFs: 177$\pm$0
Number of MPs: 16196$\pm$0

Saving trajectory to f_dataset-MH05_stereo_imu.txt ...
There are 1 maps in the atlas
  Map 0 has 219 KFs

End of saving trajectory to f_dataset-MH05_stereo_imu.txt ...

Saving keyframe trajectory to kf_dataset-MH05_stereo_imu.txt ...
