num_seq = 1
file name: dataset-MH05_stereo_imu
Loading images for sequence 0...LOADED!
Loading IMU for sequence 0...LOADED!

-------

ORB-SLAM3 Copyright (C) 2017-2020 Carlos Campos, Richard Elvira, Juan J. Gómez, José M.M. Montiel and Juan D. Tardós, University of Zaragoza.
ORB-SLAM2 Copyright (C) 2014-2016 Raúl Mur-Artal, José M.M. Montiel and Juan D. Tardós, University of Zaragoza.
This program comes with ABSOLUTELY NO WARRANTY;
This is free software, and you are welcome to redistribute it
under certain conditions. See LICENSE.txt.

Built with REGISTER_TIMES
Git Commit Hash: 90f15d8

Input sensor was set to: Stereo-Inertial
Loading settings from ./Examples/Stereo-Inertial/EuRoC_fov_deadlines_mask_9x9.yaml
	-Loaded camera 1
	-Loaded camera 2
	-Loaded image info
	-Loaded IMU calibration
	-Loaded ORB settings
	-Loaded viewer settings
	-Loaded Atlas settings
Deadlines enabled, will skip frames!
FOV enabled
Static mask size: 9x9
Dumping map points enabled
	-Loaded misc parameters
	-Computed rectification maps
----------------------------------
SLAM settings: 
	-Camera 1 parameters (Pinhole): [ 458.65399169921875 457.29598999023438 367.21499633789062 248.375 ]
	-Camera 1 distortion parameters: [  -0.28340810537338257 0.073959067463874817 0.00019359000725671649 1.7618711353861727e-05 ]
	-Camera 2 parameters (Pinhole: [ 457.58700561523438 456.13400268554688 379.99899291992188 255.23800659179688 ]
	-Camera 1 distortion parameters: [  -0.2836836576461792 0.074512839317321777 -0.00010473000293131918 -3.555907096597366e-05 ]
	-Original image size: [ 752 , 480 ]
	-Current image size: [ 752 , 480 ]
	-Camera 1 parameters after rectification: [  456.71499633789062 456.71499633789062 364.52615356445312 257.268798828125 ]
	-Sequence FPS: 20
	-Stereo baseline: 0.11007784307003021
	-Stereo depth threshold : 60
	-Gyro noise: 0.00016999999934341758
	-Accelerometer noise: 0.0020000000949949026
	-Gyro walk: 1.9392999092815444e-05
	-Accelerometer walk: 0.0030000000260770321
	-IMU frequency: 200
	-Features per image: 1200
	-ORB scale factor: 1.2000000476837158
	-ORB number of scales: 8
	-Initial FAST threshold: 20
	-Min FAST threshold: 7


Loading ORB Vocabulary. This could take a while...
Vocabulary loaded!

Initialization of Atlas from scratch 
Creation of new map with id: 0
Creation of new map with last KF id: 0
Seq. Name: 
There are 1 cameras in the atlas
Camera 0 is pinhole
SLAM Started at System Time: 1732012116.39812
not IMU meas
not IMU meas
not enough acceleration
not enough acceleration
not enough acceleration
not enough acceleration
not enough acceleration
not enough acceleration
not enough acceleration
not enough acceleration
not enough acceleration
not enough acceleration
not enough acceleration
not enough acceleration
not enough acceleration
not enough acceleration
not enough acceleration
not enough acceleration
not enough acceleration
not enough acceleration
not enough acceleration
not enough acceleration
not enough acceleration
not enough acceleration
not enough acceleration
not enough acceleration
not enough acceleration
not enough acceleration
not enough acceleration
not enough acceleration
not enough acceleration
not enough acceleration
not enough acceleration
not enough acceleration
not enough acceleration
not enough acceleration
not enough acceleration
not enough acceleration
not enough acceleration
not enough acceleration
not enough acceleration
not enough acceleration
not enough acceleration
not enough acceleration
not enough acceleration
not enough acceleration
not enough acceleration
not enough acceleration
not enough acceleration
not enough acceleration
not enough acceleration
not enough acceleration
not enough acceleration
not enough acceleration
not enough acceleration
not enough acceleration
not enough acceleration
not enough acceleration
not enough acceleration
not enough acceleration
not enough acceleration
not enough acceleration
not enough acceleration
not enough acceleration
not enough acceleration
not enough acceleration
not enough acceleration
not enough acceleration
not enough acceleration
not enough acceleration
not enough acceleration
not enough acceleration
not enough acceleration
not enough acceleration
not enough acceleration
not enough acceleration
not enough acceleration
not enough acceleration
not enough acceleration
not enough acceleration
First KF:0; Map init KF:0
New Map created with 120 points
Active map: 0
Dropping frame 1403638523.2778294
Dropping frame 1403638523.4778295
Dropping frame 1403638523.5778294
Dropping frame 1403638523.8278296
Dropping frame 1403638524.0278294
Dropping frame 1403638524.1778293
Dropping frame 1403638524.4278295
Dropping frame 1403638524.7278295
Dropping frame 1403638524.9778295
Dropping frame 1403638525.0778294
Dropping frame 1403638525.3778293
Dropping frame 1403638525.4778295
Dropping frame 1403638525.6278296
Dropping frame 1403638525.9278295
Dropping frame 1403638526.0278294
Dropping frame 1403638526.2778294
Dropping frame 1403638526.4778295
Dropping frame 1403638526.5778294
Dropping frame 1403638526.7278295
Dropping frame 1403638527.1278296
start VIBA 1
Dropping frame 1403638527.4278295
end VIBA 1
Dropping frame 1403638527.7778294
Dropping frame 1403638528.2778294
Dropping frame 1403638528.5778294
Dropping frame 1403638528.7778294
Dropping frame 1403638529.0278294
Dropping frame 1403638529.1278296
Dropping frame 1403638530.0278294
Dropping frame 1403638530.3778293
Dropping frame 1403638530.5278294
Dropping frame 1403638530.6778293
Dropping frame 1403638531.0778294
Dropping frame 1403638531.1778293
Dropping frame 1403638531.2778294
Dropping frame 1403638531.5778294
Dropping frame 1403638531.6778293
Dropping frame 1403638531.9278295
Dropping frame 1403638532.0278294
Not enough motion for initializing. Reseting...
Dropping frame 1403638532.1778293
TRACK: Reset map because local mapper set the bad imu flag 
LM: Reseting current map in Local Mapping...
LM: End reseting Local Mapping...
LM: Reset free the mutex
LM: Active map reset recieved
LM: Active map reset, waiting...
LM: Reseting current map in Local Mapping...
LM: End reseting Local Mapping...
LM: Reset free the mutex
LM: Active map reset, Done!!!
mnFirstFrameId = 80
mnInitialFrameId = 0
164 Frames set to lost
not IMU meas
not enough acceleration
Dropping frame 1403638532.3778293
not enough acceleration
not enough acceleration
not enough acceleration
Dropping frame 1403638532.5778294
not enough acceleration
not enough acceleration
not enough acceleration
not enough acceleration
not enough acceleration
not enough acceleration
not enough acceleration
not enough acceleration
not enough acceleration
not enough acceleration
not enough acceleration
not enough acceleration
not enough acceleration
not enough acceleration
not enough acceleration
not enough acceleration
not enough acceleration
not enough acceleration
not enough acceleration
not enough acceleration
not enough acceleration
not enough acceleration
not enough acceleration
not enough acceleration
not enough acceleration
not enough acceleration
not enough acceleration
not enough acceleration
not enough acceleration
not enough acceleration
not enough acceleration
not enough acceleration
not enough acceleration
not enough acceleration
not enough acceleration
not enough acceleration
not enough acceleration
not enough acceleration
not enough acceleration
not enough acceleration
not enough acceleration
not enough acceleration
not enough acceleration
not enough acceleration
not enough acceleration
not enough acceleration
not enough acceleration
not enough acceleration
not enough acceleration
not enough acceleration
Dropping frame 1403638535.1278296
not enough acceleration
not enough acceleration
not enough acceleration
not enough acceleration
not enough acceleration
not enough acceleration
not enough acceleration
not enough acceleration
not enough acceleration
not enough acceleration
not enough acceleration
not enough acceleration
not enough acceleration
not enough acceleration
not enough acceleration
not enough acceleration
not enough acceleration
not enough acceleration
not enough acceleration
Dropping frame 1403638536.1278296
not enough acceleration
not enough acceleration
not enough acceleration
not enough acceleration
not enough acceleration
not enough acceleration
not enough acceleration
not enough acceleration
not enough acceleration
not enough acceleration
not enough acceleration
not enough acceleration
not enough acceleration
not enough acceleration
not enough acceleration
not enough acceleration
not enough acceleration
not enough acceleration
not enough acceleration
not enough acceleration
not enough acceleration
not enough acceleration
not enough acceleration
not enough acceleration
not enough acceleration
not enough acceleration
not enough acceleration
not enough acceleration
not enough acceleration
not enough acceleration
not enough acceleration
not enough acceleration
not enough acceleration
not enough acceleration
not enough acceleration
not enough acceleration
not enough acceleration
not enough acceleration
not enough acceleration
not enough acceleration
not enough acceleration
not enough acceleration
not enough acceleration
not enough acceleration
not enough acceleration
not enough acceleration
not enough acceleration
not enough acceleration
not enough acceleration
not enough acceleration
not enough acceleration
not enough acceleration
First KF:41; Map init KF:0
New Map created with 149 points
Active map: 0
start VIBA 1
end VIBA 1
Dropping frame 1403638544.6278296
Dropping frame 1403638544.7778294
Dropping frame 1403638544.9778295
Dropping frame 1403638545.0778294
Dropping frame 1403638545.2278295
Dropping frame 1403638545.6278296
Dropping frame 1403638545.7278295
Dropping frame 1403638546.0778294
Dropping frame 1403638546.4278295
Dropping frame 1403638546.6778293
Dropping frame 1403638546.8778293
Dropping frame 1403638547.1778293
Dropping frame 1403638547.8278296
Dropping frame 1403638548.3778293
Dropping frame 1403638548.6778293
Dropping frame 1403638549.8278296
Dropping frame 1403638549.9278295
Dropping frame 1403638550.1278296
Dropping frame 1403638550.2778294
Dropping frame 1403638550.4778295
Dropping frame 1403638550.6778293
Dropping frame 1403638550.7778294
Dropping frame 1403638550.9778295
Dropping frame 1403638551.1278296
Dropping frame 1403638551.2278295
Dropping frame 1403638551.3278296
Dropping frame 1403638551.4278295
Dropping frame 1403638551.5278294
Dropping frame 1403638551.7278295
Dropping frame 1403638551.9278295
Dropping frame 1403638552.0278294
Dropping frame 1403638552.2278295
Dropping frame 1403638552.3278296
Dropping frame 1403638552.5278294
Dropping frame 1403638553.8778293
Dropping frame 1403638553.9778295
Dropping frame 1403638554.0778294
start VIBA 2
Dropping frame 1403638554.3278296
Dropping frame 1403638554.5778294
Dropping frame 1403638554.6778293
end VIBA 2
Dropping frame 1403638554.8778293
Dropping frame 1403638554.9778295
Dropping frame 1403638555.0778294
Dropping frame 1403638555.2778294
Dropping frame 1403638555.4278295
Dropping frame 1403638555.7278295
Dropping frame 1403638555.8278296
Dropping frame 1403638555.9278295
Dropping frame 1403638556.0278294
Dropping frame 1403638556.2778294
Dropping frame 1403638556.3778293
Dropping frame 1403638556.5278294
Dropping frame 1403638556.7278295
Dropping frame 1403638556.8778293
Dropping frame 1403638557.0778294
Dropping frame 1403638557.4278295
Dropping frame 1403638557.5278294
Dropping frame 1403638557.8778293
Dropping frame 1403638558.0778294
Dropping frame 1403638558.1778293
Dropping frame 1403638558.4278295
Dropping frame 1403638558.5278294
Dropping frame 1403638558.7278295
Dropping frame 1403638558.8278296
Dropping frame 1403638558.9278295
Dropping frame 1403638559.1278296
Dropping frame 1403638559.2278295
Dropping frame 1403638559.3278296
Dropping frame 1403638559.5278294
Dropping frame 1403638559.7278295
Dropping frame 1403638559.8278296
Dropping frame 1403638560.0778294
Dropping frame 1403638560.1778293
Dropping frame 1403638560.3778293
Dropping frame 1403638560.5778294
Dropping frame 1403638560.7778294
Dropping frame 1403638560.9778295
Dropping frame 1403638561.1778293
Dropping frame 1403638561.2778294
Dropping frame 1403638561.5278294
Dropping frame 1403638561.8278296
Dropping frame 1403638562.0278294
Dropping frame 1403638562.1278296
Dropping frame 1403638562.2278295
Dropping frame 1403638562.4278295
Dropping frame 1403638562.6278296
Dropping frame 1403638562.7278295
Dropping frame 1403638562.9778295
Dropping frame 1403638563.0778294
Dropping frame 1403638563.1778293
Dropping frame 1403638563.2778294
Dropping frame 1403638563.3778293
Dropping frame 1403638563.5278294
Dropping frame 1403638563.6778293
Dropping frame 1403638563.7778294
Dropping frame 1403638563.9278295
Dropping frame 1403638564.0278294
Dropping frame 1403638564.1278296
Dropping frame 1403638564.3278296
Dropping frame 1403638564.5778294
Dropping frame 1403638564.6778293
Dropping frame 1403638564.8778293
Dropping frame 1403638565.1278296
Dropping frame 1403638565.3278296
Dropping frame 1403638565.8778293
Dropping frame 1403638566.0278294
Dropping frame 1403638566.2278295
Dropping frame 1403638566.4278295
Dropping frame 1403638566.5278294
Dropping frame 1403638566.6278296
Dropping frame 1403638566.8278296
Dropping frame 1403638567.0278294
Dropping frame 1403638567.2278295
Dropping frame 1403638567.3278296
Dropping frame 1403638567.4278295
Dropping frame 1403638567.6278296
Dropping frame 1403638567.8778293
Dropping frame 1403638567.9778295
Dropping frame 1403638568.1778293
Dropping frame 1403638568.3778293
Dropping frame 1403638568.5778294
Dropping frame 1403638568.7778294
Dropping frame 1403638568.9778295
Dropping frame 1403638569.0778294
Dropping frame 1403638569.1778293
Dropping frame 1403638569.2778294
Dropping frame 1403638569.4778295
Dropping frame 1403638569.6778293
Dropping frame 1403638569.7778294
Dropping frame 1403638569.9778295
Dropping frame 1403638570.0778294
Dropping frame 1403638570.1778293
Dropping frame 1403638570.3778293
Dropping frame 1403638570.4778295
Dropping frame 1403638570.6778293
Dropping frame 1403638570.7778294
Dropping frame 1403638570.8778293
Dropping frame 1403638571.0778294
Dropping frame 1403638571.1778293
Dropping frame 1403638571.3778293
Dropping frame 1403638571.4778295
Dropping frame 1403638571.6778293
Dropping frame 1403638571.8778293
Dropping frame 1403638571.9778295
Dropping frame 1403638572.6278296
Dropping frame 1403638573.3278296
Dropping frame 1403638573.4278295
Dropping frame 1403638573.7778294
Dropping frame 1403638574.2278295
Dropping frame 1403638575.6778293
Dropping frame 1403638576.2778294
Dropping frame 1403638576.7778294
Dropping frame 1403638576.8778293
Dropping frame 1403638577.1278296
Dropping frame 1403638577.3278296
Dropping frame 1403638578.0278294
Dropping frame 1403638578.1278296
Dropping frame 1403638578.3778293
Dropping frame 1403638578.5778294
Dropping frame 1403638578.7778294
Dropping frame 1403638579.0778294
Dropping frame 1403638579.5278294
Dropping frame 1403638580.0278294
Dropping frame 1403638580.2278295
Dropping frame 1403638580.4278295
Dropping frame 1403638580.6278296
Dropping frame 1403638580.8778293
Dropping frame 1403638581.1278296
Dropping frame 1403638581.3278296
Dropping frame 1403638581.5778294
Dropping frame 1403638581.7778294
Dropping frame 1403638581.9778295
Dropping frame 1403638582.0778294
Dropping frame 1403638582.1778293
Dropping frame 1403638582.3778293
Dropping frame 1403638582.7278295
Dropping frame 1403638582.9278295
Dropping frame 1403638583.2278295
Dropping frame 1403638583.5778294
Dropping frame 1403638583.8778293
Dropping frame 1403638584.0278294
Dropping frame 1403638584.4278295
Dropping frame 1403638585.4778295
Dropping frame 1403638585.7278295
Dropping frame 1403638586.0278294
Dropping frame 1403638586.2778294
Dropping frame 1403638586.4278295
Dropping frame 1403638586.6278296
Dropping frame 1403638586.8278296
Dropping frame 1403638587.0778294
Dropping frame 1403638587.3778293
Dropping frame 1403638587.4778295
Dropping frame 1403638587.8778293
Dropping frame 1403638587.9778295
Dropping frame 1403638588.2278295
Dropping frame 1403638588.3278296
Dropping frame 1403638588.5778294
Dropping frame 1403638588.6778293
Dropping frame 1403638588.9278295
Dropping frame 1403638589.0278294
Dropping frame 1403638589.1278296
Dropping frame 1403638589.3278296
Dropping frame 1403638589.4278295
Dropping frame 1403638589.6778293
Dropping frame 1403638589.8778293
Dropping frame 1403638590.0778294
Dropping frame 1403638590.2778294
Dropping frame 1403638590.3778293
Dropping frame 1403638590.4778295
Dropping frame 1403638590.6778293
Dropping frame 1403638590.7778294
Dropping frame 1403638590.8778293
Dropping frame 1403638591.0778294
Dropping frame 1403638591.2778294
Dropping frame 1403638591.3778293
Dropping frame 1403638591.4778295
Dropping frame 1403638591.6778293
Dropping frame 1403638591.8778293
Dropping frame 1403638592.0778294
Dropping frame 1403638592.1778293
Dropping frame 1403638592.2778294
Dropping frame 1403638592.4778295
Dropping frame 1403638592.6778293
Dropping frame 1403638592.7778294
Dropping frame 1403638592.8778293
Dropping frame 1403638593.0778294
Dropping frame 1403638593.2778294
Dropping frame 1403638593.4778295
Dropping frame 1403638593.5778294
Dropping frame 1403638593.8278296
Dropping frame 1403638594.0278294
Dropping frame 1403638594.1278296
Dropping frame 1403638594.3778293
Dropping frame 1403638594.5778294
Dropping frame 1403638594.7278295
Dropping frame 1403638594.9278295
Dropping frame 1403638595.0278294
Dropping frame 1403638595.2778294
Dropping frame 1403638595.4778295
Dropping frame 1403638596.0278294
Dropping frame 1403638596.2778294
Dropping frame 1403638596.3778293
Dropping frame 1403638596.4778295
Dropping frame 1403638596.7778294
Dropping frame 1403638596.8778293
Dropping frame 1403638597.1278296
Dropping frame 1403638597.3278296
Dropping frame 1403638597.5278294
Dropping frame 1403638597.6278296
Dropping frame 1403638597.8278296
Dropping frame 1403638598.7778294
Dropping frame 1403638599.6278296
Dropping frame 1403638599.9778295
Dropping frame 1403638600.3278296
Dropping frame 1403638600.9278295
Dropping frame 1403638601.6778293
Dropping frame 1403638602.0278294
Dropping frame 1403638617.8778293
Dropping frame 1403638618.2278295
Dropping frame 1403638618.8278296
Dropping frame 1403638618.9278295
Dropping frame 1403638619.1778293
Dropping frame 1403638619.4778295
Dropping frame 1403638619.6778293
Dropping frame 1403638619.8778293
Dropping frame 1403638619.9778295
Dropping frame 1403638620.2778294
Dropping frame 1403638620.5278294
Dropping frame 1403638620.6278296
Dropping frame 1403638620.7278295
Dropping frame 1403638620.9278295
Dropping frame 1403638621.1278296
Dropping frame 1403638621.3278296
Dropping frame 1403638621.6778293
Dropping frame 1403638621.9278295
Dropping frame 1403638622.1278296
Dropping frame 1403638622.3278296
Dropping frame 1403638622.4278295
Dropping frame 1403638622.5278294
Dropping frame 1403638622.7278295
Dropping frame 1403638623.0278294
Dropping frame 1403638623.3278296
Dropping frame 1403638624.0778294
Dropping frame 1403638624.2778294
Dropping frame 1403638624.3778293
Dropping frame 1403638624.4778295
Dropping frame 1403638624.5778294
Dropping frame 1403638624.7778294
Dropping frame 1403638624.8778293
Dropping frame 1403638625.3778293
Dropping frame 1403638625.7778294
Dropping frame 1403638626.1278296
Dropping frame 1403638627.0278294
Dropping frame 1403638627.1278296
Dropping frame 1403638627.4278295
Dropping frame 1403638627.6278296
Dropping frame 1403638627.8278296
Dropping frame 1403638627.9278295
Dropping frame 1403638628.1278296
Dropping frame 1403638628.3278296
Dropping frame 1403638628.5278294
Dropping frame 1403638628.8778293
Dropping frame 1403638628.9778295
Dropping frame 1403638629.2778294
Dropping frame 1403638629.3778293
Dropping frame 1403638629.5778294
Dropping frame 1403638629.7778294
Dropping frame 1403638630.0778294
Dropping frame 1403638630.1778293
Dropping frame 1403638630.9778295
Dropping frame 1403638631.2278295
Dropping frame 1403638631.3278296
Shutdown
SLAM Finished at System Time: 1732012250.7641

 TIME STATS in ms (mean$\pm$std)
OpenCV version: 4.8.1
---------------------------
Tracking

ORB Extraction: 17.11$\pm$2.2401
Stereo Matching: 7.8522$\pm$1.8677
IMU Preintegration: 0.20859$\pm$0.081876
Pose Prediction: 0.39612$\pm$1.1901
LM Track: 17.476$\pm$4.6581
New KF decision: 1.0597$\pm$1.8268
Total Tracking: 34.146$\pm$22.146



Local Mapping

KF Insertion: 13.248$\pm$4.2941
MP Culling: 0.46217$\pm$0.19819
MP Creation: 42.468$\pm$12.808
LBA: 146.58$\pm$42.706
KF Culling: 10.779$\pm$7.7731
Total Local Mapping: 214.33$\pm$64.225
---------------------------

LBA complexity (mean$\pm$std)
LBA Edges: 2012.6$\pm$1054
LBA KF optimized: 6.5$\pm$2.2913
LBA KF fixed: 1$\pm$0
LBA MP: nan$\pm$nan

LBA executions: 405
LBA aborts: 0
---------------------------

Map complexity
KFs in map: 174
MPs in map: 14219
---------------------------

Place Recognition (mean$\pm$std)
Database Query: 2.0477$\pm$1.0457
SE3 estimation: 28.267$\pm$16.758
Total Place Recognition: 22.58$\pm$20.049


Loop Closing (mean$\pm$std)
Loop Fusion: nan$\pm$nan
Essential Graph: nan$\pm$nan
Total Loop Closing: nan$\pm$nan

Num exec: 0
Number of KFs: nan$\pm$nan

Map Merging (mean$\pm$std)
Merge Maps: nan$\pm$nan
Welding BA: nan$\pm$nan
Optimization Ess.: nan$\pm$nan
Total Map Merging: nan$\pm$nan

Num exec: 0
Number of KFs: nan$\pm$nan
Number of MPs: nan$\pm$nan

Full GBA (mean$\pm$std)
GBA: nan$\pm$nan
Map Update: nan$\pm$nan
Total Full GBA: nan$\pm$nan

Num exec: 0
Num abort: 0
Number of KFs: nan$\pm$nan
Number of MPs: nan$\pm$nan

Saving trajectory to f_dataset-MH05_stereo_imu.txt ...
There are 1 maps in the atlas
  Map 0 has 174 KFs

End of saving trajectory to f_dataset-MH05_stereo_imu.txt ...

Saving keyframe trajectory to kf_dataset-MH05_stereo_imu.txt ...
