num_seq = 1
file name: dataset-MH01_stereo_imu
Loading images for sequence 0...LOADED!
Loading IMU for sequence 0...LOADED!

-------

ORB-SLAM3 Copyright (C) 2017-2020 Carlos Campos, Richard Elvira, Juan J. Gómez, José M.M. Montiel and Juan D. Tardós, University of Zaragoza.
ORB-SLAM2 Copyright (C) 2014-2016 Raúl Mur-Artal, José M.M. Montiel and Juan D. Tardós, University of Zaragoza.
This program comes with ABSOLUTELY NO WARRANTY;
This is free software, and you are welcome to redistribute it
under certain conditions. See LICENSE.txt.

Built with REGISTER_TIMES
Git Commit Hash: 42e930e

Compiled with C++ version: 201703

Input sensor was set to: Stereo-Inertial
Loading settings from ./Examples/Stereo-Inertial/EuRoC_fov_deadlines_mask_9x9.yaml
	-Loaded camera 1
	-Loaded camera 2
	-Loaded image info
	-Loaded IMU calibration
	-Loaded ORB settings
	-Loaded viewer settings
	-Loaded Atlas settings
Deadlines enabled, will skip frames!
FOV enabled
Static mask size: 9x9
Dumping map points enabled
	-Loaded misc parameters
	-Computed rectification maps
----------------------------------
SLAM settings: 
	-Camera 1 parameters (Pinhole): [ 458.65399169921875 457.29598999023438 367.21499633789062 248.375 ]
	-Camera 1 distortion parameters: [  -0.28340810537338257 0.073959067463874817 0.00019359000725671649 1.7618711353861727e-05 ]
	-Camera 2 parameters (Pinhole: [ 457.58700561523438 456.13400268554688 379.99899291992188 255.23800659179688 ]
	-Camera 1 distortion parameters: [  -0.2836836576461792 0.074512839317321777 -0.00010473000293131918 -3.555907096597366e-05 ]
	-Original image size: [ 752 , 480 ]
	-Current image size: [ 752 , 480 ]
	-Camera 1 parameters after rectification: [  456.71499633789062 456.71499633789062 364.52615356445312 257.268798828125 ]
	-Sequence FPS: 20
	-Stereo baseline: 0.11007784307003021
	-Stereo depth threshold : 60
	-Gyro noise: 0.00016999999934341758
	-Accelerometer noise: 0.0020000000949949026
	-Gyro walk: 1.9392999092815444e-05
	-Accelerometer walk: 0.0030000000260770321
	-IMU frequency: 200
	-Features per image: 1200
	-ORB scale factor: 1.2000000476837158
	-ORB number of scales: 8
	-Initial FAST threshold: 20
	-Min FAST threshold: 7


Loading ORB Vocabulary. This could take a while...
Vocabulary loaded!

Initialization of Atlas from scratch 
Creation of new map with id: 0
Creation of new map with last KF id: 0
Seq. Name: 
There are 1 cameras in the atlas
Camera 0 is pinhole
SLAM Started at System Time: 1734509965.10133
not IMU meas
not IMU meas
not enough acceleration
not enough acceleration
First KF:0; Map init KF:0
New Map created with 539 points
Active map: 0
Dropping frame 1403636580.0135555
Dropping frame 1403636580.2135556
Dropping frame 1403636580.5135555
Dropping frame 1403636580.9135554
Dropping frame 1403636581.2135556
Dropping frame 1403636581.5635555
Dropping frame 1403636581.8635557
Dropping frame 1403636581.9635556
Dropping frame 1403636582.0635555
Dropping frame 1403636582.1635556
Dropping frame 1403636582.4635556
Dropping frame 1403636582.5635555
Dropping frame 1403636582.9135554
Dropping frame 1403636583.1135554
Dropping frame 1403636583.3135555
Dropping frame 1403636583.5135555
Dropping frame 1403636583.9135554
Dropping frame 1403636584.2635555
Dropping frame 1403636584.3635557
Dropping frame 1403636584.6135554
Dropping frame 1403636584.7135556
Dropping frame 1403636584.9635556
Dropping frame 1403636585.0635555
start VIBA 1
Dropping frame 1403636585.3135555
end VIBA 1
Dropping frame 1403636585.4135554
Dropping frame 1403636585.6635556
Dropping frame 1403636585.7635555
Dropping frame 1403636586.2635555
Dropping frame 1403636586.8135555
Dropping frame 1403636586.9135554
Dropping frame 1403636587.0635555
Dropping frame 1403636587.2635555
Dropping frame 1403636587.4635556
Dropping frame 1403636587.6135554
Dropping frame 1403636587.8635557
Dropping frame 1403636588.0635555
Dropping frame 1403636588.1635556
Dropping frame 1403636588.2635555
Dropping frame 1403636588.5135555
Dropping frame 1403636588.7135556
Dropping frame 1403636588.8135555
Dropping frame 1403636588.9135554
Dropping frame 1403636589.1635556
Dropping frame 1403636589.3635557
Dropping frame 1403636589.4635556
Dropping frame 1403636589.8635557
Dropping frame 1403636590.3135555
Dropping frame 1403636590.5635555
Dropping frame 1403636590.7635555
Dropping frame 1403636590.9635556
Dropping frame 1403636591.2135556
Dropping frame 1403636591.5135555
Dropping frame 1403636591.8135555
Dropping frame 1403636591.9135554
Dropping frame 1403636592.1135554
Dropping frame 1403636592.4635556
Dropping frame 1403636592.7635555
Dropping frame 1403636592.9635556
Dropping frame 1403636593.4635556
Dropping frame 1403636593.7635555
Dropping frame 1403636594.1135554
Dropping frame 1403636594.4635556
Dropping frame 1403636594.5635555
Dropping frame 1403636594.6635556
Dropping frame 1403636594.8635557
Dropping frame 1403636595.0635555
Dropping frame 1403636595.3135555
start VIBA 2
Dropping frame 1403636595.6135554
end VIBA 2
Dropping frame 1403636596.1635556
Dropping frame 1403636596.2635555
Dropping frame 1403636596.4135554
Dropping frame 1403636596.6135554
Dropping frame 1403636596.7135556
Dropping frame 1403636597.0135555
Dropping frame 1403636597.2635555
Dropping frame 1403636597.4135554
Dropping frame 1403636597.5135555
Dropping frame 1403636597.7135556
Dropping frame 1403636597.8635557
Dropping frame 1403636598.1635556
Dropping frame 1403636598.2635555
Dropping frame 1403636598.3635557
Dropping frame 1403636598.6635556
Dropping frame 1403636598.8635557
Dropping frame 1403636598.9635556
Dropping frame 1403636599.0635555
Dropping frame 1403636599.2635555
Dropping frame 1403636599.7135556
Dropping frame 1403636599.8135555
Dropping frame 1403636600.4635556
Dropping frame 1403636601.0135555
Dropping frame 1403636601.4135554
Dropping frame 1403636601.8635557
Dropping frame 1403636601.9635556
Dropping frame 1403636602.3635557
Dropping frame 1403636602.5635555
Dropping frame 1403636602.7635555
Dropping frame 1403636603.0635555
Dropping frame 1403636603.1635556
Dropping frame 1403636603.7135556
Dropping frame 1403636604.7135556
Dropping frame 1403636604.9135554
Dropping frame 1403636605.1635556
Dropping frame 1403636605.2635555
Dropping frame 1403636605.7135556
Dropping frame 1403636605.8635557
Dropping frame 1403636606.1135554
Dropping frame 1403636606.4635556
Dropping frame 1403636606.8635557
Dropping frame 1403636607.1635556
Dropping frame 1403636607.4635556
Dropping frame 1403636607.9635556
Dropping frame 1403636608.2135556
Dropping frame 1403636608.6635556
Dropping frame 1403636609.1635556
Dropping frame 1403636609.4635556
Dropping frame 1403636611.0635555
Dropping frame 1403636611.5635555
Dropping frame 1403636612.0135555
Dropping frame 1403636612.7135556
Dropping frame 1403636613.4635556
Dropping frame 1403636613.7635555
Dropping frame 1403636614.3635557
Dropping frame 1403636614.7635555
Dropping frame 1403636615.0635555
Dropping frame 1403636615.4635556
Dropping frame 1403636615.9635556
Dropping frame 1403636616.2635555
Dropping frame 1403636616.9635556
Dropping frame 1403636617.5635555
Dropping frame 1403636618.0635555
Dropping frame 1403636618.3135555
Dropping frame 1403636618.5635555
Dropping frame 1403636618.7635555
Dropping frame 1403636619.2635555
Dropping frame 1403636619.8635557
Dropping frame 1403636620.0135555
Dropping frame 1403636620.8135555
Dropping frame 1403636621.3635557
Dropping frame 1403636621.4635556
Dropping frame 1403636621.8135555
Dropping frame 1403636622.1135554
Dropping frame 1403636624.6635556
Dropping frame 1403636625.9635556
Dropping frame 1403636626.8635557
Dropping frame 1403636627.2135556
Dropping frame 1403636628.7635555
Dropping frame 1403636629.2635555
Dropping frame 1403636629.4635556
Dropping frame 1403636630.2135556
Dropping frame 1403636630.6135554
Dropping frame 1403636630.8135555
Dropping frame 1403636631.1135554
Dropping frame 1403636631.2635555
Dropping frame 1403636631.9135554
Dropping frame 1403636632.0135555
Dropping frame 1403636632.5635555
Dropping frame 1403636632.8635557
Dropping frame 1403636633.2635555
Dropping frame 1403636633.5135555
Dropping frame 1403636635.9135554
Dropping frame 1403636636.1135554
Dropping frame 1403636636.2635555
Dropping frame 1403636636.7135556
Dropping frame 1403636637.2135556
Dropping frame 1403636637.8635557
Dropping frame 1403636638.7635555
Dropping frame 1403636639.0135555
Dropping frame 1403636641.6635556
Dropping frame 1403636641.9135554
Dropping frame 1403636642.0135555
Dropping frame 1403636642.3135555
Dropping frame 1403636642.5135555
Dropping frame 1403636642.6135554
Dropping frame 1403636642.7135556
Dropping frame 1403636642.9635556
Dropping frame 1403636643.1135554
Dropping frame 1403636643.4635556
Dropping frame 1403636644.0135555
Dropping frame 1403636644.5135555
Dropping frame 1403636644.9635556
Dropping frame 1403636645.0635555
Dropping frame 1403636645.3635557
Dropping frame 1403636645.4635556
Dropping frame 1403636645.5635555
Dropping frame 1403636645.6635556
Dropping frame 1403636645.8135555
Dropping frame 1403636645.9135554
Dropping frame 1403636646.2135556
Dropping frame 1403636646.3135555
Dropping frame 1403636648.0135555
Dropping frame 1403636648.1135554
Dropping frame 1403636648.2635555
Dropping frame 1403636648.3635557
Dropping frame 1403636648.5635555
Dropping frame 1403636648.8135555
Dropping frame 1403636648.9135554
Dropping frame 1403636649.0635555
Dropping frame 1403636649.1635556
Dropping frame 1403636649.2635555
Dropping frame 1403636649.5135555
Dropping frame 1403636649.6135554
Dropping frame 1403636649.8635557
Dropping frame 1403636650.0635555
Dropping frame 1403636650.1635556
Dropping frame 1403636650.2635555
Dropping frame 1403636650.4135554
Dropping frame 1403636650.5135555
Dropping frame 1403636650.6135554
Dropping frame 1403636650.7135556
Dropping frame 1403636650.8135555
Dropping frame 1403636650.9135554
Dropping frame 1403636651.1135554
Dropping frame 1403636651.2635555
Dropping frame 1403636651.3635557
Dropping frame 1403636651.4635556
Dropping frame 1403636651.6635556
Dropping frame 1403636651.7635555
Dropping frame 1403636651.8635557
Dropping frame 1403636651.9635556
Dropping frame 1403636652.1635556
Dropping frame 1403636652.3635557
Dropping frame 1403636652.4635556
Dropping frame 1403636652.5635555
Dropping frame 1403636652.8135555
Dropping frame 1403636652.9635556
Dropping frame 1403636653.1635556
Dropping frame 1403636653.2635555
Dropping frame 1403636653.4135554
Dropping frame 1403636653.7635555
Dropping frame 1403636653.8635557
Dropping frame 1403636654.1135554
Dropping frame 1403636654.4635556
Dropping frame 1403636654.5635555
Dropping frame 1403636654.6635556
Dropping frame 1403636654.9135554
Dropping frame 1403636655.2135556
Dropping frame 1403636655.9135554
Dropping frame 1403636656.2135556
Dropping frame 1403636656.4635556
Dropping frame 1403636656.5635555
Dropping frame 1403636656.6635556
Dropping frame 1403636656.7635555
Dropping frame 1403636657.0135555
Dropping frame 1403636657.4135554
Dropping frame 1403636657.6635556
Dropping frame 1403636657.8635557
Dropping frame 1403636658.0135555
Dropping frame 1403636658.2135556
Dropping frame 1403636658.3635557
Dropping frame 1403636658.7635555
Dropping frame 1403636659.0635555
Dropping frame 1403636659.4635556
Dropping frame 1403636659.8635557
Dropping frame 1403636659.9635556
Dropping frame 1403636660.0635555
Dropping frame 1403636660.3135555
Dropping frame 1403636660.4635556
Dropping frame 1403636660.6635556
Dropping frame 1403636660.8135555
Dropping frame 1403636661.0135555
Dropping frame 1403636661.6635556
Dropping frame 1403636661.7635555
Dropping frame 1403636661.9135554
Dropping frame 1403636662.2635555
Dropping frame 1403636662.3635557
Dropping frame 1403636662.4635556
Dropping frame 1403636662.5635555
Dropping frame 1403636662.6635556
Dropping frame 1403636662.8635557
Dropping frame 1403636663.0635555
Dropping frame 1403636663.1635556
Dropping frame 1403636663.3135555
Dropping frame 1403636663.5635555
Dropping frame 1403636663.7635555
Dropping frame 1403636663.9635556
Dropping frame 1403636664.0635555
Dropping frame 1403636664.1635556
Dropping frame 1403636664.4135554
Dropping frame 1403636664.6135554
Dropping frame 1403636664.7135556
Dropping frame 1403636664.8135555
Dropping frame 1403636665.1135554
Dropping frame 1403636665.2135556
Dropping frame 1403636665.3135555
Dropping frame 1403636665.5135555
Dropping frame 1403636665.7135556
Dropping frame 1403636665.9135554
Dropping frame 1403636666.0135555
Dropping frame 1403636666.1135554
Dropping frame 1403636666.2135556
Dropping frame 1403636666.4135554
Dropping frame 1403636666.5135555
Dropping frame 1403636666.7135556
Dropping frame 1403636666.8135555
Dropping frame 1403636666.9135554
Dropping frame 1403636667.0635555
Dropping frame 1403636667.3135555
Dropping frame 1403636667.4135554
Dropping frame 1403636667.5635555
Dropping frame 1403636667.6635556
Dropping frame 1403636667.7635555
Dropping frame 1403636668.0135555
Dropping frame 1403636668.2135556
Dropping frame 1403636668.3135555
Dropping frame 1403636668.4135554
Dropping frame 1403636668.5635555
Dropping frame 1403636668.6635556
Dropping frame 1403636669.0135555
Dropping frame 1403636669.1135554
Dropping frame 1403636669.2635555
Dropping frame 1403636669.3635557
Dropping frame 1403636669.4635556
Dropping frame 1403636669.6135554
Dropping frame 1403636669.8135555
Dropping frame 1403636670.0135555
Dropping frame 1403636670.2135556
Dropping frame 1403636670.4635556
Dropping frame 1403636670.6635556
Dropping frame 1403636670.8635557
Dropping frame 1403636671.0635555
Dropping frame 1403636671.1635556
Dropping frame 1403636671.3635557
Dropping frame 1403636671.5635555
Dropping frame 1403636671.6635556
Dropping frame 1403636671.8135555
Dropping frame 1403636671.9135554
Dropping frame 1403636672.1135554
Dropping frame 1403636672.3135555
Dropping frame 1403636672.5635555
Dropping frame 1403636672.6635556
Dropping frame 1403636673.2135556
Dropping frame 1403636673.3135555
Dropping frame 1403636673.4635556
Dropping frame 1403636673.7135556
Dropping frame 1403636673.8135555
Dropping frame 1403636674.1135554
Dropping frame 1403636674.5135555
Dropping frame 1403636674.7135556
Dropping frame 1403636674.8135555
Dropping frame 1403636675.0135555
Dropping frame 1403636675.2135556
Dropping frame 1403636675.3135555
Dropping frame 1403636675.5635555
Dropping frame 1403636675.6635556
Dropping frame 1403636675.7635555
Dropping frame 1403636675.8635557
Dropping frame 1403636676.0635555
Dropping frame 1403636676.2635555
Dropping frame 1403636676.3635557
Dropping frame 1403636676.5635555
Dropping frame 1403636676.7635555
Dropping frame 1403636676.9635556
Dropping frame 1403636677.1135554
Dropping frame 1403636677.2135556
Dropping frame 1403636677.4135554
Dropping frame 1403636677.6135554
Dropping frame 1403636677.7135556
Dropping frame 1403636677.8135555
Dropping frame 1403636678.0635555
Dropping frame 1403636678.1635556
Dropping frame 1403636678.2635555
Dropping frame 1403636678.4635556
Dropping frame 1403636678.6635556
Dropping frame 1403636678.8635557
Dropping frame 1403636678.9635556
Dropping frame 1403636679.1635556
Dropping frame 1403636679.3635557
Dropping frame 1403636679.5635555
Dropping frame 1403636680.0635555
Dropping frame 1403636680.1635556
Dropping frame 1403636680.2635555
Dropping frame 1403636680.4635556
Dropping frame 1403636680.5635555
Dropping frame 1403636680.7635555
Dropping frame 1403636680.9635556
Dropping frame 1403636681.1635556
Dropping frame 1403636681.2635555
Dropping frame 1403636681.3635557
Dropping frame 1403636681.5635555
Dropping frame 1403636681.7635555
Dropping frame 1403636681.9635556
Dropping frame 1403636682.1635556
Dropping frame 1403636682.2635555
Dropping frame 1403636682.3635557
Dropping frame 1403636682.5635555
Dropping frame 1403636682.6635556
Dropping frame 1403636682.9135554
Dropping frame 1403636683.1135554
Dropping frame 1403636683.3135555
Dropping frame 1403636683.4635556
Dropping frame 1403636683.7135556
Dropping frame 1403636683.9635556
Dropping frame 1403636684.2635555
Dropping frame 1403636684.4635556
Dropping frame 1403636684.5635555
Dropping frame 1403636684.7635555
Dropping frame 1403636684.8635557
Dropping frame 1403636685.0135555
Dropping frame 1403636685.3135555
Dropping frame 1403636685.5135555
Dropping frame 1403636685.6135554
Dropping frame 1403636685.7135556
Dropping frame 1403636686.0635555
Dropping frame 1403636686.2135556
Dropping frame 1403636686.6135554
Dropping frame 1403636687.6135554
Dropping frame 1403636687.9635556
Dropping frame 1403636688.3135555
Dropping frame 1403636688.7135556
Dropping frame 1403636689.0635555
Dropping frame 1403636689.4135554
Dropping frame 1403636689.6135554
Dropping frame 1403636689.9635556
Dropping frame 1403636690.5635555
Dropping frame 1403636690.8135555
Dropping frame 1403636690.9135554
Dropping frame 1403636691.1635556
Dropping frame 1403636691.2635555
Dropping frame 1403636691.5635555
Dropping frame 1403636691.7635555
Dropping frame 1403636692.0135555
Dropping frame 1403636692.3635557
Dropping frame 1403636692.9135554
Dropping frame 1403636693.2135556
Dropping frame 1403636693.4635556
Dropping frame 1403636693.6135554
Dropping frame 1403636694.0135555
Dropping frame 1403636694.3635557
Dropping frame 1403636694.4635556
Dropping frame 1403636694.7635555
Dropping frame 1403636695.0135555
Dropping frame 1403636695.3135555
Dropping frame 1403636695.5635555
Dropping frame 1403636695.8635557
Dropping frame 1403636695.9635556
Dropping frame 1403636696.6635556
Dropping frame 1403636697.0635555
Dropping frame 1403636697.1635556
Dropping frame 1403636697.2635555
Dropping frame 1403636697.6135554
Dropping frame 1403636697.8135555
Dropping frame 1403636698.0135555
Dropping frame 1403636698.4135554
Dropping frame 1403636698.6635556
Dropping frame 1403636698.7635555
Dropping frame 1403636699.0135555
Dropping frame 1403636699.2135556
Dropping frame 1403636699.3135555
Dropping frame 1403636699.5135555
Dropping frame 1403636699.8635557
Dropping frame 1403636700.1635556
Dropping frame 1403636700.4635556
Dropping frame 1403636700.6635556
Dropping frame 1403636700.8635557
Dropping frame 1403636701.2135556
Dropping frame 1403636701.6635556
Dropping frame 1403636701.8635557
Dropping frame 1403636702.2635555
Dropping frame 1403636702.8635557
Dropping frame 1403636703.5635555
Dropping frame 1403636703.7635555
Dropping frame 1403636703.9635556
Dropping frame 1403636704.0635555
Dropping frame 1403636704.4635556
Dropping frame 1403636704.5635555
Dropping frame 1403636704.8135555
Dropping frame 1403636705.0135555
Dropping frame 1403636705.2135556
Dropping frame 1403636705.4635556
Dropping frame 1403636705.8135555
Dropping frame 1403636706.0135555
Dropping frame 1403636706.2635555
Dropping frame 1403636706.4635556
Dropping frame 1403636706.6635556
Dropping frame 1403636706.7635555
Dropping frame 1403636707.0635555
Dropping frame 1403636707.2135556
Dropping frame 1403636707.5635555
Dropping frame 1403636707.7635555
Dropping frame 1403636708.0135555
Dropping frame 1403636708.2135556
Dropping frame 1403636708.3135555
Dropping frame 1403636708.4135554
Dropping frame 1403636708.5135555
Dropping frame 1403636708.8135555
Dropping frame 1403636709.0135555
Dropping frame 1403636709.1135554
Dropping frame 1403636709.3135555
Dropping frame 1403636709.5135555
Dropping frame 1403636709.7135556
Dropping frame 1403636709.9635556
Dropping frame 1403636710.0635555
Dropping frame 1403636710.3135555
Dropping frame 1403636710.4135554
Dropping frame 1403636710.5135555
Dropping frame 1403636710.7135556
Dropping frame 1403636710.8135555
Dropping frame 1403636710.9135554
Dropping frame 1403636711.1635556
Dropping frame 1403636711.2635555
Dropping frame 1403636711.3635557
Dropping frame 1403636711.5635555
Dropping frame 1403636711.6635556
Dropping frame 1403636711.7635555
Dropping frame 1403636711.9635556
Dropping frame 1403636712.0635555
Dropping frame 1403636712.1635556
Dropping frame 1403636712.3635557
Dropping frame 1403636712.4635556
Dropping frame 1403636712.5635555
Dropping frame 1403636712.7635555
Dropping frame 1403636712.9635556
Dropping frame 1403636713.0635555
Dropping frame 1403636713.3135555
Dropping frame 1403636713.4135554
Dropping frame 1403636713.5135555
Dropping frame 1403636713.7135556
Dropping frame 1403636713.9135554
Dropping frame 1403636714.0135555
Dropping frame 1403636714.2135556
Dropping frame 1403636714.4135554
Dropping frame 1403636714.5135555
Dropping frame 1403636714.6135554
Dropping frame 1403636714.8135555
Dropping frame 1403636714.9135554
Dropping frame 1403636715.0135555
Dropping frame 1403636715.2135556
Dropping frame 1403636715.3135555
Dropping frame 1403636715.4135554
Dropping frame 1403636715.5135555
Dropping frame 1403636715.7135556
Dropping frame 1403636715.9135554
Dropping frame 1403636716.0135555
Dropping frame 1403636716.1135554
Dropping frame 1403636716.2135556
Dropping frame 1403636716.3135555
Dropping frame 1403636716.4135554
Dropping frame 1403636716.5135555
Dropping frame 1403636716.8635557
Dropping frame 1403636717.0635555
Dropping frame 1403636717.1635556
Dropping frame 1403636717.3635557
Dropping frame 1403636717.4635556
Dropping frame 1403636717.5635555
Dropping frame 1403636717.6635556
Dropping frame 1403636717.8635557
Dropping frame 1403636718.0635555
Dropping frame 1403636718.1635556
Dropping frame 1403636718.2635555
Dropping frame 1403636718.4135554
Dropping frame 1403636718.6135554
Dropping frame 1403636718.7135556
Dropping frame 1403636718.8135555
Dropping frame 1403636718.9135554
Dropping frame 1403636719.0135555
Dropping frame 1403636719.1135554
Dropping frame 1403636719.3635557
Dropping frame 1403636719.4635556
Dropping frame 1403636719.5635555
Dropping frame 1403636719.7635555
Dropping frame 1403636719.9635556
Dropping frame 1403636720.0635555
Dropping frame 1403636720.1635556
Dropping frame 1403636720.3635557
Dropping frame 1403636720.4635556
Dropping frame 1403636720.5635555
Dropping frame 1403636720.7635555
Dropping frame 1403636720.9635556
Dropping frame 1403636721.0635555
Dropping frame 1403636721.1635556
Dropping frame 1403636721.2635555
Dropping frame 1403636721.4635556
Dropping frame 1403636721.6635556
Dropping frame 1403636721.8635557
Dropping frame 1403636722.0635555
Dropping frame 1403636722.1635556
Dropping frame 1403636722.2635555
Dropping frame 1403636722.4635556
Dropping frame 1403636722.5635555
Dropping frame 1403636722.6635556
Dropping frame 1403636722.8635557
Dropping frame 1403636723.0635555
Dropping frame 1403636723.1635556
Dropping frame 1403636723.2635555
Dropping frame 1403636723.4635556
Dropping frame 1403636723.5635555
Dropping frame 1403636723.6635556
Dropping frame 1403636723.8635557
Dropping frame 1403636723.9635556
Dropping frame 1403636724.0635555
Dropping frame 1403636724.2635555
Dropping frame 1403636724.3635557
Dropping frame 1403636724.5635555
Dropping frame 1403636724.7635555
Dropping frame 1403636724.8635557
Dropping frame 1403636724.9635556
Dropping frame 1403636725.1635556
Dropping frame 1403636725.2635555
Dropping frame 1403636725.3635557
Dropping frame 1403636725.5635555
Dropping frame 1403636725.7635555
Dropping frame 1403636725.9635556
Dropping frame 1403636726.0635555
Dropping frame 1403636726.1635556
Dropping frame 1403636726.4135554
Dropping frame 1403636726.6135554
Dropping frame 1403636726.8135555
Dropping frame 1403636726.9135554
Dropping frame 1403636727.0135555
Dropping frame 1403636727.2135556
Dropping frame 1403636727.3135555
Dropping frame 1403636727.4135554
Dropping frame 1403636727.6135554
Dropping frame 1403636727.7135556
Dropping frame 1403636727.8135555
Dropping frame 1403636728.0135555
Dropping frame 1403636728.2135556
Dropping frame 1403636728.3135555
Dropping frame 1403636728.4135554
Dropping frame 1403636728.6135554
Dropping frame 1403636728.7135556
Dropping frame 1403636728.8135555
Dropping frame 1403636729.0135555
Dropping frame 1403636729.1135554
Dropping frame 1403636729.2135556
Dropping frame 1403636729.4135554
Dropping frame 1403636729.5635555
Dropping frame 1403636729.6635556
Dropping frame 1403636729.7635555
Dropping frame 1403636729.8635557
Dropping frame 1403636729.9635556
Dropping frame 1403636730.1135554
Dropping frame 1403636730.3135555
Dropping frame 1403636730.5135555
Dropping frame 1403636730.7135556
Dropping frame 1403636730.8135555
Dropping frame 1403636730.9135554
Dropping frame 1403636731.1135554
Dropping frame 1403636731.3135555
Dropping frame 1403636731.4135554
Dropping frame 1403636731.5135555
Dropping frame 1403636731.7135556
Dropping frame 1403636731.8135555
Dropping frame 1403636731.9135554
Dropping frame 1403636732.1135554
Dropping frame 1403636732.2135556
Dropping frame 1403636732.3135555
Dropping frame 1403636732.5135555
Dropping frame 1403636732.7135556
Dropping frame 1403636732.9135554
Dropping frame 1403636733.0135555
Dropping frame 1403636733.2635555
Dropping frame 1403636733.8135555
Dropping frame 1403636733.9135554
Dropping frame 1403636734.0135555
Dropping frame 1403636734.2135556
Dropping frame 1403636734.4135554
Dropping frame 1403636734.6135554
Dropping frame 1403636734.7135556
Dropping frame 1403636734.8135555
Dropping frame 1403636735.0135555
Dropping frame 1403636735.2135556
Dropping frame 1403636735.3135555
Dropping frame 1403636735.4135554
Dropping frame 1403636735.5135555
Dropping frame 1403636735.7135556
Dropping frame 1403636735.8135555
Dropping frame 1403636736.0635555
Dropping frame 1403636736.1635556
Dropping frame 1403636736.2635555
Dropping frame 1403636736.4635556
Dropping frame 1403636736.5635555
Dropping frame 1403636736.7635555
Dropping frame 1403636736.8635557
Dropping frame 1403636736.9635556
Dropping frame 1403636737.0635555
Dropping frame 1403636737.2635555
Dropping frame 1403636737.3635557
Dropping frame 1403636737.4635556
Dropping frame 1403636737.7135556
Dropping frame 1403636737.8135555
Dropping frame 1403636737.9135554
Dropping frame 1403636738.0135555
Dropping frame 1403636738.3135555
Dropping frame 1403636738.4135554
Dropping frame 1403636738.8135555
Dropping frame 1403636738.9135554
Dropping frame 1403636739.4635556
Dropping frame 1403636739.5635555
Dropping frame 1403636739.7135556
Dropping frame 1403636739.9635556
Dropping frame 1403636740.0635555
Dropping frame 1403636740.4635556
Dropping frame 1403636741.0635555
Dropping frame 1403636741.3135555
Dropping frame 1403636741.4135554
Dropping frame 1403636741.5135555
Dropping frame 1403636741.6635556
Dropping frame 1403636741.9635556
Dropping frame 1403636742.0635555
Dropping frame 1403636742.1635556
Dropping frame 1403636742.4135554
Dropping frame 1403636742.6135554
Dropping frame 1403636742.7135556
Dropping frame 1403636743.1135554
Dropping frame 1403636743.5635555
Dropping frame 1403636743.8135555
Dropping frame 1403636743.9135554
Dropping frame 1403636744.0635555
Dropping frame 1403636744.1635556
Dropping frame 1403636744.4135554
Dropping frame 1403636744.5135555
Dropping frame 1403636744.6135554
Dropping frame 1403636744.8635557
Dropping frame 1403636745.0635555
Dropping frame 1403636745.1635556
Dropping frame 1403636745.2635555
Dropping frame 1403636745.4135554
Dropping frame 1403636745.5135555
Dropping frame 1403636745.7135556
Dropping frame 1403636745.8635557
Dropping frame 1403636745.9635556
Dropping frame 1403636746.1135554
Dropping frame 1403636746.3135555
Dropping frame 1403636746.4135554
Dropping frame 1403636746.5135555
Dropping frame 1403636746.7135556
Dropping frame 1403636746.8135555
Dropping frame 1403636746.9135554
Dropping frame 1403636747.0135555
Dropping frame 1403636747.1135554
Dropping frame 1403636747.3635557
Dropping frame 1403636747.4635556
Dropping frame 1403636747.6635556
Dropping frame 1403636747.7635555
Dropping frame 1403636747.9635556
Dropping frame 1403636748.0635555
Dropping frame 1403636748.1635556
Dropping frame 1403636748.3635557
Dropping frame 1403636748.4635556
Dropping frame 1403636748.6135554
Dropping frame 1403636748.8135555
Dropping frame 1403636749.0135555
Dropping frame 1403636749.1135554
Dropping frame 1403636749.2135556
Dropping frame 1403636749.4635556
Dropping frame 1403636749.7635555
Dropping frame 1403636750.0635555
Dropping frame 1403636750.1635556
Dropping frame 1403636750.2635555
Dropping frame 1403636750.4635556
Dropping frame 1403636750.5635555
Dropping frame 1403636750.7135556
Dropping frame 1403636750.9135554
Dropping frame 1403636751.0135555
Dropping frame 1403636751.1135554
Dropping frame 1403636751.2135556
Dropping frame 1403636751.3135555
Dropping frame 1403636751.4135554
Dropping frame 1403636751.6135554
Dropping frame 1403636751.7135556
Dropping frame 1403636751.8135555
Dropping frame 1403636751.9135554
Dropping frame 1403636752.0135555
Dropping frame 1403636752.1135554
Dropping frame 1403636752.2135556
Dropping frame 1403636752.4135554
Dropping frame 1403636752.6135554
Dropping frame 1403636752.7135556
Dropping frame 1403636752.8635557
Dropping frame 1403636753.1135554
Dropping frame 1403636753.2135556
Dropping frame 1403636753.3135555
Dropping frame 1403636753.4135554
Dropping frame 1403636753.6135554
Dropping frame 1403636753.7135556
Dropping frame 1403636753.9135554
Dropping frame 1403636754.0135555
Dropping frame 1403636754.1135554
Dropping frame 1403636754.2135556
Dropping frame 1403636754.3135555
Dropping frame 1403636754.4135554
Dropping frame 1403636754.6635556
Dropping frame 1403636754.7635555
Dropping frame 1403636754.8635557
Dropping frame 1403636754.9635556
Dropping frame 1403636755.1135554
Dropping frame 1403636755.3135555
Dropping frame 1403636755.5135555
Dropping frame 1403636755.6135554
Dropping frame 1403636755.7135556
Dropping frame 1403636755.8135555
Dropping frame 1403636755.9135554
Dropping frame 1403636756.1135554
Dropping frame 1403636756.2135556
Dropping frame 1403636756.3135555
Dropping frame 1403636756.4135554
Dropping frame 1403636756.6135554
Dropping frame 1403636756.7135556
Dropping frame 1403636756.8135555
Dropping frame 1403636756.9135554
Dropping frame 1403636757.0135555
Dropping frame 1403636757.2135556
Dropping frame 1403636757.3135555
Dropping frame 1403636757.4135554
Dropping frame 1403636757.5135555
Dropping frame 1403636757.7135556
Dropping frame 1403636757.8135555
Dropping frame 1403636757.9135554
Dropping frame 1403636758.0135555
Dropping frame 1403636758.1135554
Dropping frame 1403636758.3135555
Dropping frame 1403636758.8135555
Dropping frame 1403636758.9135554
Dropping frame 1403636759.0135555
Dropping frame 1403636759.1135554
Dropping frame 1403636759.2135556
Dropping frame 1403636759.5135555
Dropping frame 1403636759.6135554
Dropping frame 1403636759.7135556
Dropping frame 1403636759.8135555
Dropping frame 1403636759.9135554
Dropping frame 1403636760.0135555
Dropping frame 1403636760.2635555
Dropping frame 1403636760.4635556
Dropping frame 1403636761.1135554
Dropping frame 1403636761.2135556
Dropping frame 1403636761.4135554
Dropping frame 1403636761.5135555
Dropping frame 1403636761.6135554
Dropping frame 1403636761.8135555
Dropping frame 1403636761.9135554
Dropping frame 1403636762.0135555
Dropping frame 1403636762.1135554
Dropping frame 1403636762.2135556
Dropping frame 1403636762.3135555
Dropping frame 1403636762.4135554
Dropping frame 1403636762.6135554
Dropping frame 1403636762.7135556
Dropping frame 1403636762.8135555
Dropping frame 1403636762.9135554
Dropping frame 1403636763.2635555
Dropping frame 1403636763.3635557
Dropping frame 1403636763.4635556
Dropping frame 1403636763.5635555
Dropping frame 1403636763.7635555
Shutdown
SLAM Finished at System Time: 1734510191.11167

 TIME STATS in ms (mean$\pm$std)
OpenCV version: 4.8.1
---------------------------
Tracking

ORB Extraction: 19.395$\pm$1.8172
Stereo Matching: 7.1454$\pm$1.9576
IMU Preintegration: 0.25517$\pm$0.10242
Pose Prediction: 0.20171$\pm$0.58715
LM Track: 20.399$\pm$6.2056
New KF decision: 1.086$\pm$2.0473
Total Tracking: 33.576$\pm$26.87



Local Mapping

KF Insertion: 18.448$\pm$7.5771
MP Culling: 0.51657$\pm$0.2048
MP Creation: 51.771$\pm$16.719
LBA: 165.91$\pm$58.191
KF Culling: 19.263$\pm$12.567
Total Local Mapping: 255.85$\pm$84.098
---------------------------

LBA complexity (mean$\pm$std)
LBA Edges: 1907.2$\pm$761.14
LBA KF optimized: 6.5$\pm$2.2913
LBA KF fixed: 1$\pm$0
LBA MP: nan$\pm$nan

LBA executions: 537
LBA aborts: 0
---------------------------

Map complexity
KFs in map: 139
MPs in map: 10379
---------------------------

Place Recognition (mean$\pm$std)
Database Query: 1.6374$\pm$0.97331
SE3 estimation: 13.919$\pm$17.648
Total Place Recognition: 14.219$\pm$17.984


Loop Closing (mean$\pm$std)
Loop Fusion: nan$\pm$nan
Essential Graph: nan$\pm$nan
Total Loop Closing: nan$\pm$nan

Num exec: 0
Number of KFs: nan$\pm$nan

Map Merging (mean$\pm$std)
Merge Maps: nan$\pm$nan
Welding BA: nan$\pm$nan
Optimization Ess.: nan$\pm$nan
Total Map Merging: nan$\pm$nan

Num exec: 0
Number of KFs: nan$\pm$nan
Number of MPs: nan$\pm$nan

Full GBA (mean$\pm$std)
GBA: nan$\pm$nan
Map Update: nan$\pm$nan
Total Full GBA: nan$\pm$nan

Num exec: 0
Num abort: 0
Number of KFs: nan$\pm$nan
Number of MPs: nan$\pm$nan

Saving trajectory to f_dataset-MH01_stereo_imu.txt ...
There are 1 maps in the atlas
  Map 0 has 139 KFs

End of saving trajectory to f_dataset-MH01_stereo_imu.txt ...

Saving keyframe trajectory to kf_dataset-MH01_stereo_imu.txt ...
