num_seq = 1
file name: dataset-MH02_stereo_imu
Loading images for sequence 0...LOADED!
Loading IMU for sequence 0...LOADED!

-------

ORB-SLAM3 Copyright (C) 2017-2020 Carlos Campos, Richard Elvira, Juan J. Gómez, José M.M. Montiel and Juan D. Tardós, University of Zaragoza.
ORB-SLAM2 Copyright (C) 2014-2016 Raúl Mur-Artal, José M.M. Montiel and Juan D. Tardós, University of Zaragoza.
This program comes with ABSOLUTELY NO WARRANTY;
This is free software, and you are welcome to redistribute it
under certain conditions. See LICENSE.txt.

Built with REGISTER_TIMES
Git Commit Hash: 5ee9387

Compiled with C++ version: 201703

Input sensor was set to: Stereo-Inertial
Loading settings from ./Examples/Stereo-Inertial/EuRoC_fov_deadlines_mask_7x7.yaml
	-Loaded camera 1
	-Loaded camera 2
	-Loaded image info
	-Loaded IMU calibration
	-Loaded ORB settings
	-Loaded viewer settings
	-Loaded Atlas settings
Deadlines enabled, will skip frames!
FOV enabled
Static mask size: 7x7
Dumping map points enabled
	-Loaded misc parameters
	-Computed rectification maps
----------------------------------
SLAM settings: 
	-Camera 1 parameters (Pinhole): [ 458.65399169921875 457.29598999023438 367.21499633789062 248.375 ]
	-Camera 1 distortion parameters: [  -0.28340810537338257 0.073959067463874817 0.00019359000725671649 1.7618711353861727e-05 ]
	-Camera 2 parameters (Pinhole: [ 457.58700561523438 456.13400268554688 379.99899291992188 255.23800659179688 ]
	-Camera 1 distortion parameters: [  -0.2836836576461792 0.074512839317321777 -0.00010473000293131918 -3.555907096597366e-05 ]
	-Original image size: [ 752 , 480 ]
	-Current image size: [ 752 , 480 ]
	-Camera 1 parameters after rectification: [  456.71499633789062 456.71499633789062 364.52615356445312 257.268798828125 ]
	-Sequence FPS: 20
	-Stereo baseline: 0.11007784307003021
	-Stereo depth threshold : 60
	-Gyro noise: 0.00016999999934341758
	-Accelerometer noise: 0.0020000000949949026
	-Gyro walk: 1.9392999092815444e-05
	-Accelerometer walk: 0.0030000000260770321
	-IMU frequency: 200
	-Features per image: 1200
	-ORB scale factor: 1.2000000476837158
	-ORB number of scales: 8
	-Initial FAST threshold: 20
	-Min FAST threshold: 7


Loading ORB Vocabulary. This could take a while...
Vocabulary loaded!

Initialization of Atlas from scratch 
Creation of new map with id: 0
Creation of new map with last KF id: 0
Seq. Name: 
There are 1 cameras in the atlas
Camera 0 is pinhole
SLAM Started at System Time: 1734433019.97126
not IMU meas
not IMU meas
not enough acceleration
not enough acceleration
not enough acceleration
not enough acceleration
not enough acceleration
not enough acceleration
First KF:0; Map init KF:0
New Map created with 163 points
Active map: 0
Dropping frame 1403636859.6016665
Dropping frame 1403636859.9516664
Dropping frame 1403636860.3016665
Dropping frame 1403636860.7016666
Dropping frame 1403636861.5516665
Dropping frame 1403636861.8516665
Dropping frame 1403636862.2016666
Dropping frame 1403636862.6016665
Dropping frame 1403636863.5016665
Dropping frame 1403636863.6016665
Dropping frame 1403636863.8516665
Dropping frame 1403636864.0516665
Dropping frame 1403636864.1516664
Dropping frame 1403636864.3516665
Dropping frame 1403636864.5016665
start VIBA 1
Dropping frame 1403636864.6516664
end VIBA 1
Dropping frame 1403636864.8516665
Dropping frame 1403636865.6016665
Dropping frame 1403636865.8016665
Dropping frame 1403636866.1016665
Dropping frame 1403636866.3516665
Dropping frame 1403636866.6516664
Dropping frame 1403636866.9016666
Dropping frame 1403636867.1016665
Dropping frame 1403636867.3016665
Dropping frame 1403636867.8516665
Dropping frame 1403636868.1516664
Dropping frame 1403636868.4016666
Dropping frame 1403636868.6016665
Dropping frame 1403636868.7016666
Dropping frame 1403636868.8016665
Dropping frame 1403636869.0516665
Dropping frame 1403636869.1516664
Dropping frame 1403636869.3016665
Dropping frame 1403636869.4016666
Dropping frame 1403636869.6016665
Dropping frame 1403636869.7016666
Dropping frame 1403636870.0016665
Dropping frame 1403636870.3016665
Dropping frame 1403636870.6516664
Dropping frame 1403636870.8016665
Dropping frame 1403636871.6516664
Dropping frame 1403636872.0016665
Dropping frame 1403636872.6016665
Dropping frame 1403636873.1016665
Dropping frame 1403636873.5016665
Dropping frame 1403636873.6516664
Dropping frame 1403636873.8516665
Dropping frame 1403636874.0516665
Dropping frame 1403636874.5016665
Dropping frame 1403636874.8516665
Dropping frame 1403636875.0016665
Dropping frame 1403636875.3516665
start VIBA 2
end VIBA 2
Dropping frame 1403636875.9516664
Dropping frame 1403636876.3516665
Dropping frame 1403636876.6016665
Dropping frame 1403636876.8516665
Dropping frame 1403636877.7516665
Dropping frame 1403636878.1016665
Dropping frame 1403636878.4016666
Dropping frame 1403636878.6016665
Dropping frame 1403636878.8016665
Dropping frame 1403636879.5016665
Dropping frame 1403636879.8016665
Dropping frame 1403636880.3016665
Dropping frame 1403636880.7516665
Dropping frame 1403636881.9016666
Dropping frame 1403636882.1516664
Dropping frame 1403636882.6016665
Dropping frame 1403636882.8016665
Dropping frame 1403636883.0516665
Dropping frame 1403636883.3516665
Dropping frame 1403636885.3516665
Dropping frame 1403636885.6516664
Dropping frame 1403636886.8516665
Dropping frame 1403636887.4516664
Dropping frame 1403636887.8016665
Dropping frame 1403636888.2516665
Dropping frame 1403636889.5516665
Dropping frame 1403636890.1016665
Dropping frame 1403636893.4516664
Dropping frame 1403636895.8016665
Dropping frame 1403636898.8516665
Dropping frame 1403636906.8516665
Dropping frame 1403636907.3016665
Dropping frame 1403636908.0016665
Dropping frame 1403636908.5516665
Dropping frame 1403636908.8516665
Dropping frame 1403636908.9516664
Dropping frame 1403636909.1016665
Dropping frame 1403636909.4016666
Dropping frame 1403636909.5016665
Dropping frame 1403636909.7516665
Dropping frame 1403636909.9516664
Dropping frame 1403636910.0516665
Dropping frame 1403636910.1516664
Dropping frame 1403636910.4516664
Dropping frame 1403636910.5516665
Dropping frame 1403636910.8516665
Dropping frame 1403636911.2516665
Dropping frame 1403636911.3516665
Dropping frame 1403636911.6516664
Dropping frame 1403636911.8016665
Dropping frame 1403636911.9016666
Dropping frame 1403636912.0016665
Dropping frame 1403636912.2016666
Dropping frame 1403636912.5516665
Dropping frame 1403636912.7016666
Dropping frame 1403636912.8016665
Dropping frame 1403636913.2016666
Dropping frame 1403636913.3016665
Dropping frame 1403636913.8016665
Dropping frame 1403636914.1516664
Dropping frame 1403636914.2516665
Dropping frame 1403636914.5016665
Dropping frame 1403636914.6016665
Dropping frame 1403636914.7016666
Dropping frame 1403636914.8016665
Dropping frame 1403636914.9016666
Dropping frame 1403636915.1516664
Dropping frame 1403636915.3016665
Dropping frame 1403636915.5016665
Dropping frame 1403636915.8016665
Dropping frame 1403636915.9016666
Dropping frame 1403636916.0016665
Dropping frame 1403636916.2016666
Dropping frame 1403636916.4516664
Dropping frame 1403636916.5516665
Dropping frame 1403636917.0016665
Dropping frame 1403636917.1016665
Dropping frame 1403636917.6516664
Dropping frame 1403636917.7516665
Dropping frame 1403636918.0016665
Dropping frame 1403636918.3016665
Dropping frame 1403636918.4016666
Dropping frame 1403636918.5016665
Dropping frame 1403636918.8016665
Dropping frame 1403636918.9016666
Dropping frame 1403636919.1516664
Dropping frame 1403636919.3516665
Dropping frame 1403636919.4516664
Dropping frame 1403636919.6516664
Dropping frame 1403636919.7516665
Dropping frame 1403636920.1516664
Dropping frame 1403636920.3016665
Dropping frame 1403636920.6016665
Dropping frame 1403636921.0016665
Dropping frame 1403636921.4016666
Dropping frame 1403636921.6016665
Dropping frame 1403636921.9516664
Dropping frame 1403636922.0516665
Dropping frame 1403636922.3016665
Dropping frame 1403636922.5016665
Dropping frame 1403636922.7016666
Dropping frame 1403636922.8516665
Dropping frame 1403636923.1516664
Dropping frame 1403636923.3516665
Dropping frame 1403636924.2016666
Dropping frame 1403636924.4016666
Dropping frame 1403636924.6516664
Dropping frame 1403636924.8516665
Dropping frame 1403636925.2516665
Dropping frame 1403636925.4516664
Dropping frame 1403636925.5516665
Dropping frame 1403636925.8016665
Dropping frame 1403636925.9016666
Dropping frame 1403636926.0516665
Dropping frame 1403636926.3516665
Dropping frame 1403636926.4516664
Dropping frame 1403636926.6516664
Dropping frame 1403636926.8516665
Dropping frame 1403636926.9516664
Dropping frame 1403636927.2516665
Dropping frame 1403636927.7016666
Dropping frame 1403636927.8516665
Dropping frame 1403636928.2516665
Dropping frame 1403636928.7016666
Dropping frame 1403636929.0516665
Dropping frame 1403636929.2516665
Dropping frame 1403636929.4516664
Dropping frame 1403636929.6516664
Dropping frame 1403636929.8516665
Dropping frame 1403636930.0516665
Dropping frame 1403636930.2016666
Dropping frame 1403636930.4516664
Dropping frame 1403636930.5516665
Dropping frame 1403636930.7516665
Dropping frame 1403636930.8516665
Dropping frame 1403636931.1016665
Dropping frame 1403636931.2016666
Dropping frame 1403636931.3016665
Dropping frame 1403636931.4516664
Dropping frame 1403636931.6516664
Dropping frame 1403636931.8516665
Dropping frame 1403636932.0516665
Dropping frame 1403636932.2016666
Dropping frame 1403636932.4016666
Dropping frame 1403636932.5016665
Dropping frame 1403636932.6016665
Dropping frame 1403636932.8516665
Dropping frame 1403636933.0516665
Dropping frame 1403636933.2016666
Dropping frame 1403636933.4516664
Dropping frame 1403636933.7016666
Dropping frame 1403636933.9016666
Dropping frame 1403636934.0016665
Dropping frame 1403636934.1016665
Dropping frame 1403636934.2016666
Dropping frame 1403636934.3016665
Dropping frame 1403636934.5516665
Dropping frame 1403636934.8016665
Dropping frame 1403636935.0016665
Dropping frame 1403636935.1016665
Dropping frame 1403636935.2516665
Dropping frame 1403636935.4516664
Dropping frame 1403636935.5516665
Dropping frame 1403636935.6516664
Dropping frame 1403636935.7516665
Dropping frame 1403636936.0016665
Dropping frame 1403636936.2016666
Dropping frame 1403636936.4016666
Dropping frame 1403636936.5016665
Dropping frame 1403636936.6516664
Dropping frame 1403636936.9016666
Dropping frame 1403636937.1016665
Dropping frame 1403636937.2016666
Dropping frame 1403636937.3516665
Dropping frame 1403636937.5516665
Dropping frame 1403636937.8516665
Dropping frame 1403636938.0516665
Dropping frame 1403636938.3516665
Dropping frame 1403636938.5516665
Dropping frame 1403636938.7016666
Dropping frame 1403636938.8516665
Dropping frame 1403636939.1516664
Dropping frame 1403636939.2516665
Dropping frame 1403636939.4516664
Dropping frame 1403636939.5516665
Dropping frame 1403636939.7516665
Dropping frame 1403636939.9516664
Dropping frame 1403636940.0516665
Dropping frame 1403636940.2016666
Dropping frame 1403636940.3516665
Dropping frame 1403636940.6016665
Dropping frame 1403636940.7016666
Dropping frame 1403636941.4016666
Dropping frame 1403636941.5016665
Dropping frame 1403636942.1516664
Dropping frame 1403636942.4016666
Dropping frame 1403636942.5016665
Dropping frame 1403636942.6016665
Dropping frame 1403636942.8016665
Dropping frame 1403636942.9016666
Dropping frame 1403636943.1516664
Dropping frame 1403636943.2516665
Dropping frame 1403636943.4516664
Dropping frame 1403636943.5516665
Dropping frame 1403636943.6516664
Dropping frame 1403636943.7516665
Dropping frame 1403636944.0016665
Dropping frame 1403636944.1516664
Dropping frame 1403636944.3516665
Dropping frame 1403636944.4516664
Dropping frame 1403636944.6016665
Dropping frame 1403636945.0016665
Dropping frame 1403636945.1516664
Dropping frame 1403636945.2516665
Dropping frame 1403636945.3516665
Dropping frame 1403636945.6016665
Dropping frame 1403636945.7516665
Dropping frame 1403636945.9516664
Dropping frame 1403636946.0516665
Dropping frame 1403636946.1516664
Dropping frame 1403636946.2516665
Dropping frame 1403636946.4516664
Dropping frame 1403636946.5516665
Dropping frame 1403636946.6516664
Dropping frame 1403636946.8516665
Dropping frame 1403636946.9516664
Dropping frame 1403636947.0516665
Dropping frame 1403636947.1516664
Dropping frame 1403636947.2516665
Dropping frame 1403636947.3516665
Dropping frame 1403636947.6016665
Dropping frame 1403636947.7016666
Dropping frame 1403636947.8016665
Dropping frame 1403636948.0016665
Dropping frame 1403636948.2016666
Dropping frame 1403636948.3016665
Dropping frame 1403636948.6016665
Dropping frame 1403636948.8016665
Dropping frame 1403636948.9016666
Dropping frame 1403636949.1016665
Dropping frame 1403636949.2016666
Dropping frame 1403636949.3016665
Dropping frame 1403636949.4016666
Dropping frame 1403636949.5016665
Dropping frame 1403636949.7016666
Dropping frame 1403636949.9016666
Dropping frame 1403636950.0016665
Dropping frame 1403636950.1016665
Dropping frame 1403636950.3016665
Dropping frame 1403636950.4016666
Dropping frame 1403636950.5016665
Dropping frame 1403636950.7016666
Dropping frame 1403636950.9016666
Dropping frame 1403636951.0016665
Dropping frame 1403636951.3516665
Dropping frame 1403636951.4516664
Dropping frame 1403636951.8016665
Dropping frame 1403636952.0016665
Dropping frame 1403636952.1016665
Dropping frame 1403636952.3016665
Dropping frame 1403636952.4016666
Dropping frame 1403636952.8516665
Dropping frame 1403636953.1516664
Dropping frame 1403636953.4516664
Dropping frame 1403636953.5516665
Dropping frame 1403636953.9516664
Dropping frame 1403636954.2516665
Dropping frame 1403636954.3516665
Dropping frame 1403636954.4516664
Dropping frame 1403636954.9016666
Dropping frame 1403636955.0016665
Dropping frame 1403636955.2516665
Dropping frame 1403636955.3516665
Dropping frame 1403636955.8016665
Dropping frame 1403636955.9016666
Dropping frame 1403636956.2016666
Dropping frame 1403636956.4016666
Dropping frame 1403636956.5016665
Dropping frame 1403636956.7516665
Dropping frame 1403636956.9516664
Dropping frame 1403636957.0516665
Dropping frame 1403636957.3516665
Dropping frame 1403636957.5516665
Dropping frame 1403636957.7516665
Dropping frame 1403636957.8516665
Dropping frame 1403636958.0516665
Dropping frame 1403636958.1516664
Dropping frame 1403636958.4016666
Dropping frame 1403636958.5016665
Dropping frame 1403636958.6016665
Dropping frame 1403636958.8016665
Dropping frame 1403636959.1016665
Dropping frame 1403636959.2016666
Dropping frame 1403636959.4016666
Dropping frame 1403636959.5016665
Dropping frame 1403636959.6016665
Dropping frame 1403636959.8016665
Dropping frame 1403636960.0016665
Dropping frame 1403636960.2016666
Dropping frame 1403636960.3016665
Dropping frame 1403636960.4016666
Dropping frame 1403636960.5016665
Dropping frame 1403636960.7016666
Dropping frame 1403636960.8516665
Dropping frame 1403636961.0516665
Dropping frame 1403636961.1516664
Dropping frame 1403636961.3516665
Dropping frame 1403636961.5516665
Dropping frame 1403636961.7516665
Dropping frame 1403636962.1016665
Dropping frame 1403636962.2516665
Dropping frame 1403636962.4516664
Dropping frame 1403636962.6516664
Dropping frame 1403636962.8516665
Dropping frame 1403636963.0516665
Dropping frame 1403636963.2516665
Dropping frame 1403636963.3516665
Dropping frame 1403636963.6516664
Dropping frame 1403636963.8016665
Dropping frame 1403636964.4516664
Dropping frame 1403636964.5516665
Dropping frame 1403636964.8016665
Dropping frame 1403636965.0516665
Dropping frame 1403636965.2516665
Dropping frame 1403636965.4516664
Dropping frame 1403636965.6516664
Dropping frame 1403636965.7516665
Dropping frame 1403636965.9016666
Dropping frame 1403636966.3516665
Dropping frame 1403636966.4516664
Dropping frame 1403636966.8516665
Dropping frame 1403636966.9516664
Dropping frame 1403636967.1516664
Dropping frame 1403636967.2516665
Dropping frame 1403636967.6516664
Dropping frame 1403636967.8516665
Dropping frame 1403636968.0516665
Dropping frame 1403636968.3016665
Dropping frame 1403636968.4016666
Dropping frame 1403636968.5016665
Dropping frame 1403636968.7016666
Dropping frame 1403636968.9016666
Dropping frame 1403636969.0016665
Dropping frame 1403636969.2016666
Dropping frame 1403636969.3516665
Dropping frame 1403636969.5516665
Dropping frame 1403636969.6516664
Dropping frame 1403636970.0016665
Dropping frame 1403636970.1016665
Dropping frame 1403636970.2016666
Dropping frame 1403636970.4016666
Dropping frame 1403636970.5016665
Dropping frame 1403636970.7016666
Dropping frame 1403636970.8016665
Dropping frame 1403636971.0016665
Dropping frame 1403636971.1016665
Dropping frame 1403636971.4516664
Dropping frame 1403636971.6516664
Dropping frame 1403636971.7516665
Dropping frame 1403636972.0016665
Dropping frame 1403636972.2016666
Dropping frame 1403636972.3016665
Dropping frame 1403636972.5516665
Dropping frame 1403636972.6516664
Dropping frame 1403636972.7516665
Dropping frame 1403636973.1016665
Dropping frame 1403636973.3516665
Dropping frame 1403636973.4516664
Dropping frame 1403636973.6516664
Dropping frame 1403636974.0016665
Dropping frame 1403636974.2016666
Dropping frame 1403636974.4516664
Dropping frame 1403636974.8016665
Dropping frame 1403636975.1016665
Dropping frame 1403636975.3016665
Dropping frame 1403636975.4016666
Dropping frame 1403636975.6516664
Dropping frame 1403636975.7516665
Dropping frame 1403636976.0016665
Dropping frame 1403636976.3516665
Dropping frame 1403636976.7516665
Dropping frame 1403636977.2016666
Dropping frame 1403636977.4016666
Dropping frame 1403636977.5016665
Dropping frame 1403636977.8016665
Dropping frame 1403636978.0516665
Dropping frame 1403636978.3016665
Dropping frame 1403636978.5016665
Dropping frame 1403636978.8516665
Dropping frame 1403636978.9516664
Dropping frame 1403636979.2516665
Dropping frame 1403636979.5016665
Dropping frame 1403636979.6016665
Dropping frame 1403636979.8516665
Dropping frame 1403636980.0516665
Dropping frame 1403636980.1516664
Dropping frame 1403636980.3516665
Dropping frame 1403636980.4516664
Dropping frame 1403636980.5516665
Dropping frame 1403636980.7516665
Dropping frame 1403636981.0016665
Dropping frame 1403636981.1016665
Dropping frame 1403636981.3016665
Dropping frame 1403636981.5016665
Dropping frame 1403636981.7016666
Dropping frame 1403636981.8016665
Dropping frame 1403636981.9016666
Dropping frame 1403636982.1516664
Dropping frame 1403636982.2516665
Dropping frame 1403636982.4516664
Dropping frame 1403636982.5516665
Dropping frame 1403636982.6516664
Dropping frame 1403636982.8516665
Dropping frame 1403636983.0516665
Dropping frame 1403636983.2516665
Dropping frame 1403636983.7016666
Dropping frame 1403636983.9016666
Dropping frame 1403636984.3516665
Dropping frame 1403636984.5516665
Dropping frame 1403636984.7516665
Dropping frame 1403636984.9516664
Dropping frame 1403636985.1516664
Dropping frame 1403636985.3516665
Dropping frame 1403636985.4516664
Dropping frame 1403636985.5516665
Dropping frame 1403636985.8016665
Dropping frame 1403636986.0016665
Dropping frame 1403636986.2016666
Dropping frame 1403636986.3016665
Dropping frame 1403636986.4016666
Dropping frame 1403636986.6016665
Dropping frame 1403636986.7016666
Dropping frame 1403636986.8016665
Dropping frame 1403636987.0016665
Dropping frame 1403636987.2016666
Dropping frame 1403636987.3016665
Dropping frame 1403636987.4016666
Dropping frame 1403636987.5016665
Dropping frame 1403636987.6016665
Dropping frame 1403636987.8016665
Dropping frame 1403636987.9016666
Dropping frame 1403636988.0016665
Dropping frame 1403636988.2016666
Dropping frame 1403636988.4016666
Dropping frame 1403636988.5016665
Dropping frame 1403636988.6016665
Dropping frame 1403636988.8016665
Dropping frame 1403636989.0016665
Dropping frame 1403636989.2016666
Dropping frame 1403636989.4016666
Dropping frame 1403636989.6016665
Dropping frame 1403636989.7016666
Dropping frame 1403636989.9516664
Dropping frame 1403636990.0516665
Dropping frame 1403636990.1516664
Dropping frame 1403636990.5016665
Dropping frame 1403636990.7016666
Dropping frame 1403636990.8016665
Dropping frame 1403636990.9016666
Dropping frame 1403636991.1016665
Dropping frame 1403636991.3016665
Dropping frame 1403636991.5016665
Dropping frame 1403636991.6016665
Dropping frame 1403636991.8516665
Dropping frame 1403636992.0016665
Dropping frame 1403636992.4016666
Dropping frame 1403636992.8016665
Dropping frame 1403636993.4016666
Dropping frame 1403636993.7016666
Dropping frame 1403636994.1516664
Dropping frame 1403636995.7016666
Dropping frame 1403636995.8016665
Dropping frame 1403636996.6016665
Dropping frame 1403636996.8016665
Dropping frame 1403636997.0016665
Dropping frame 1403636997.1016665
Dropping frame 1403636997.4016666
Dropping frame 1403636997.5016665
Dropping frame 1403636997.7016666
Dropping frame 1403636997.9016666
Dropping frame 1403636998.0016665
Dropping frame 1403636998.3016665
Dropping frame 1403636998.5016665
Dropping frame 1403636999.0516665
Dropping frame 1403636999.7016666
Dropping frame 1403637000.4016666
Dropping frame 1403637000.8016665
Dropping frame 1403637000.9016666
Dropping frame 1403637001.1016665
Dropping frame 1403637001.3016665
Dropping frame 1403637001.4016666
Dropping frame 1403637001.6516664
Dropping frame 1403637001.9516664
Dropping frame 1403637002.1516664
Dropping frame 1403637002.2516665
Dropping frame 1403637002.5016665
Dropping frame 1403637002.7016666
Dropping frame 1403637002.8016665
Dropping frame 1403637003.1016665
Dropping frame 1403637003.3016665
Dropping frame 1403637003.5016665
Dropping frame 1403637003.6016665
Dropping frame 1403637003.7016666
Dropping frame 1403637003.9516664
Dropping frame 1403637004.1516664
Dropping frame 1403637004.3516665
Dropping frame 1403637004.5516665
Dropping frame 1403637004.6516664
Dropping frame 1403637004.7516665
Dropping frame 1403637004.9516664
Dropping frame 1403637005.1516664
Dropping frame 1403637005.3516665
Dropping frame 1403637005.4516664
Dropping frame 1403637005.5516665
Dropping frame 1403637005.7516665
Dropping frame 1403637005.8516665
Dropping frame 1403637005.9516664
Dropping frame 1403637006.1516664
Dropping frame 1403637006.2516665
Dropping frame 1403637006.3516665
Dropping frame 1403637006.5516665
Dropping frame 1403637006.7516665
Dropping frame 1403637006.9516664
Dropping frame 1403637007.1516664
Dropping frame 1403637007.2516665
Dropping frame 1403637007.3516665
Dropping frame 1403637007.5516665
Dropping frame 1403637007.6516664
Dropping frame 1403637007.8516665
Dropping frame 1403637008.1516664
Dropping frame 1403637008.3516665
Dropping frame 1403637008.4516664
Dropping frame 1403637008.7016666
Dropping frame 1403637008.8016665
Dropping frame 1403637009.0516665
Dropping frame 1403637009.1516664
Dropping frame 1403637009.4016666
Dropping frame 1403637009.5516665
Dropping frame 1403637009.6516664
Dropping frame 1403637009.7516665
Dropping frame 1403637010.0016665
Dropping frame 1403637010.1016665
Dropping frame 1403637010.3016665
Dropping frame 1403637010.4016666
Shutdown
SLAM Finished at System Time: 1734433202.10515

 TIME STATS in ms (mean$\pm$std)
OpenCV version: 4.8.1
---------------------------
Tracking

ORB Extraction: 17.594$\pm$1.6579
Stereo Matching: 7.1385$\pm$2.0527
IMU Preintegration: 0.24969$\pm$0.099723
Pose Prediction: 0.21261$\pm$0.60907
LM Track: 19.121$\pm$5.107
New KF decision: 1.2136$\pm$2.3177
Total Tracking: 33.971$\pm$24.54



Local Mapping

KF Insertion: 16.172$\pm$5.5499
MP Culling: 0.55172$\pm$0.21927
MP Creation: 48.944$\pm$16.107
LBA: 150.24$\pm$53.441
KF Culling: 15.597$\pm$10.438
Total Local Mapping: 231.43$\pm$75.475
---------------------------

LBA complexity (mean$\pm$std)
LBA Edges: 1601.1$\pm$529.06
LBA KF optimized: 6.5$\pm$2.2913
LBA KF fixed: 1$\pm$0
LBA MP: nan$\pm$nan

LBA executions: 476
LBA aborts: 0
---------------------------

Map complexity
KFs in map: 142
MPs in map: 11258
---------------------------

Place Recognition (mean$\pm$std)
Database Query: 1.5734$\pm$0.8351
SE3 estimation: 13.25$\pm$15.678
Total Place Recognition: 13.102$\pm$15.885


Loop Closing (mean$\pm$std)
Loop Fusion: nan$\pm$nan
Essential Graph: nan$\pm$nan
Total Loop Closing: nan$\pm$nan

Num exec: 0
Number of KFs: nan$\pm$nan

Map Merging (mean$\pm$std)
Merge Maps: nan$\pm$nan
Welding BA: nan$\pm$nan
Optimization Ess.: nan$\pm$nan
Total Map Merging: nan$\pm$nan

Num exec: 0
Number of KFs: nan$\pm$nan
Number of MPs: nan$\pm$nan

Full GBA (mean$\pm$std)
GBA: nan$\pm$nan
Map Update: nan$\pm$nan
Total Full GBA: nan$\pm$nan

Num exec: 0
Num abort: 0
Number of KFs: nan$\pm$nan
Number of MPs: nan$\pm$nan

Saving trajectory to f_dataset-MH02_stereo_imu.txt ...
There are 1 maps in the atlas
  Map 0 has 142 KFs

End of saving trajectory to f_dataset-MH02_stereo_imu.txt ...

Saving keyframe trajectory to kf_dataset-MH02_stereo_imu.txt ...
