num_seq = 1
file name: dataset-MH01_stereo_imu
Loading images for sequence 0...LOADED!
Loading IMU for sequence 0...LOADED!

-------

ORB-SLAM3 Copyright (C) 2017-2020 Carlos Campos, Richard Elvira, Juan J. Gómez, José M.M. Montiel and Juan D. Tardós, University of Zaragoza.
ORB-SLAM2 Copyright (C) 2014-2016 Raúl Mur-Artal, José M.M. Montiel and Juan D. Tardós, University of Zaragoza.
This program comes with ABSOLUTELY NO WARRANTY;
This is free software, and you are welcome to redistribute it
under certain conditions. See LICENSE.txt.

Built with REGISTER_TIMES
Git Commit Hash: 5ee9387

Compiled with C++ version: 201703

Input sensor was set to: Stereo-Inertial
Loading settings from ./Examples/Stereo-Inertial/EuRoC_fov_deadlines_mask_10x10.yaml
	-Loaded camera 1
	-Loaded camera 2
	-Loaded image info
	-Loaded IMU calibration
	-Loaded ORB settings
	-Loaded viewer settings
	-Loaded Atlas settings
Deadlines enabled, will skip frames!
FOV enabled
Static mask size: 10x10
Dumping map points enabled
	-Loaded misc parameters
	-Computed rectification maps
----------------------------------
SLAM settings: 
	-Camera 1 parameters (Pinhole): [ 458.65399169921875 457.29598999023438 367.21499633789062 248.375 ]
	-Camera 1 distortion parameters: [  -0.28340810537338257 0.073959067463874817 0.00019359000725671649 1.7618711353861727e-05 ]
	-Camera 2 parameters (Pinhole: [ 457.58700561523438 456.13400268554688 379.99899291992188 255.23800659179688 ]
	-Camera 1 distortion parameters: [  -0.2836836576461792 0.074512839317321777 -0.00010473000293131918 -3.555907096597366e-05 ]
	-Original image size: [ 752 , 480 ]
	-Current image size: [ 752 , 480 ]
	-Camera 1 parameters after rectification: [  456.71499633789062 456.71499633789062 364.52615356445312 257.268798828125 ]
	-Sequence FPS: 20
	-Stereo baseline: 0.11007784307003021
	-Stereo depth threshold : 60
	-Gyro noise: 0.00016999999934341758
	-Accelerometer noise: 0.0020000000949949026
	-Gyro walk: 1.9392999092815444e-05
	-Accelerometer walk: 0.0030000000260770321
	-IMU frequency: 200
	-Features per image: 1200
	-ORB scale factor: 1.2000000476837158
	-ORB number of scales: 8
	-Initial FAST threshold: 20
	-Min FAST threshold: 7


Loading ORB Vocabulary. This could take a while...
Vocabulary loaded!

Initialization of Atlas from scratch 
Creation of new map with id: 0
Creation of new map with last KF id: 0
Seq. Name: 
There are 1 cameras in the atlas
Camera 0 is pinhole
SLAM Started at System Time: 1734435369.1268
not IMU meas
not IMU meas
not enough acceleration
not enough acceleration
First KF:0; Map init KF:0
New Map created with 541 points
Active map: 0
Dropping frame 1403636580.0135555
Dropping frame 1403636580.2135556
Dropping frame 1403636580.5135555
Dropping frame 1403636581.1635556
Dropping frame 1403636581.4635556
Dropping frame 1403636581.7135556
Dropping frame 1403636581.8135555
Dropping frame 1403636581.9135554
Dropping frame 1403636582.0135555
Dropping frame 1403636582.2635555
Dropping frame 1403636582.3635557
Dropping frame 1403636582.6635556
Dropping frame 1403636582.8635557
Dropping frame 1403636583.2135556
Dropping frame 1403636583.3635557
Dropping frame 1403636583.7635555
Dropping frame 1403636583.8635557
Dropping frame 1403636584.2135556
Dropping frame 1403636584.3135555
Dropping frame 1403636584.5635555
Dropping frame 1403636584.7135556
Dropping frame 1403636585.0635555
Dropping frame 1403636585.1635556
Dropping frame 1403636585.3635557
Dropping frame 1403636585.4635556
Dropping frame 1403636585.5635555
start VIBA 1
Dropping frame 1403636585.6635556
end VIBA 1
Dropping frame 1403636585.7635555
Dropping frame 1403636586.0635555
Dropping frame 1403636586.2635555
Dropping frame 1403636586.7135556
Dropping frame 1403636586.9135554
Dropping frame 1403636587.0635555
Dropping frame 1403636587.3135555
Dropping frame 1403636587.5635555
Dropping frame 1403636587.6635556
Dropping frame 1403636587.7635555
Dropping frame 1403636587.8635557
Dropping frame 1403636587.9635556
Dropping frame 1403636588.2135556
Dropping frame 1403636588.4135554
Dropping frame 1403636588.5135555
Dropping frame 1403636588.6135554
Dropping frame 1403636588.8135555
Dropping frame 1403636589.0135555
Dropping frame 1403636589.2135556
Dropping frame 1403636589.4135554
Dropping frame 1403636589.6635556
Dropping frame 1403636590.0135555
Dropping frame 1403636590.3135555
Dropping frame 1403636590.4135554
Dropping frame 1403636590.7635555
Dropping frame 1403636591.0635555
Dropping frame 1403636591.2635555
Dropping frame 1403636591.5135555
Dropping frame 1403636591.6135554
Dropping frame 1403636591.7135556
Dropping frame 1403636591.9635556
Dropping frame 1403636592.3135555
Dropping frame 1403636592.5135555
Dropping frame 1403636592.7135556
Dropping frame 1403636593.0635555
Dropping frame 1403636593.4135554
Dropping frame 1403636593.7135556
Dropping frame 1403636593.9135554
Dropping frame 1403636594.1135554
Dropping frame 1403636594.4135554
Dropping frame 1403636594.5135555
Dropping frame 1403636594.6135554
Dropping frame 1403636594.8135555
Dropping frame 1403636594.9135554
Dropping frame 1403636595.0135555
Dropping frame 1403636595.2135556
Dropping frame 1403636595.3635557
Dropping frame 1403636595.5635555
Dropping frame 1403636595.7635555
start VIBA 2
end VIBA 2
Dropping frame 1403636596.0135555
Dropping frame 1403636596.4135554
Dropping frame 1403636596.6635556
Dropping frame 1403636596.8635557
Dropping frame 1403636597.0635555
Dropping frame 1403636597.1635556
Dropping frame 1403636597.2635555
Dropping frame 1403636597.6135554
Dropping frame 1403636597.7635555
Dropping frame 1403636597.9135554
Dropping frame 1403636598.1135554
Dropping frame 1403636598.4135554
Dropping frame 1403636598.6135554
Dropping frame 1403636598.8135555
Dropping frame 1403636599.0135555
Dropping frame 1403636599.3635557
Dropping frame 1403636599.6135554
Dropping frame 1403636600.0635555
Dropping frame 1403636600.3135555
Dropping frame 1403636600.6135554
Dropping frame 1403636600.7135556
Dropping frame 1403636600.9135554
Dropping frame 1403636601.2135556
Dropping frame 1403636601.4635556
Dropping frame 1403636601.7135556
Dropping frame 1403636601.9135554
Dropping frame 1403636602.3635557
Dropping frame 1403636602.6635556
Dropping frame 1403636602.7635555
Dropping frame 1403636603.2635555
Dropping frame 1403636603.4635556
Dropping frame 1403636603.7635555
Dropping frame 1403636604.1135554
Dropping frame 1403636604.2635555
Dropping frame 1403636604.4635556
Dropping frame 1403636604.7135556
Dropping frame 1403636605.0135555
Dropping frame 1403636605.6135554
Dropping frame 1403636605.8635557
Dropping frame 1403636606.2135556
Dropping frame 1403636606.3135555
Dropping frame 1403636606.5635555
Dropping frame 1403636606.6635556
Dropping frame 1403636606.9135554
Dropping frame 1403636607.0135555
Dropping frame 1403636607.2635555
Dropping frame 1403636607.6135554
Dropping frame 1403636607.7135556
Dropping frame 1403636607.9135554
Dropping frame 1403636608.5635555
Dropping frame 1403636608.8635557
Dropping frame 1403636609.5635555
Dropping frame 1403636610.3135555
Dropping frame 1403636611.3135555
Dropping frame 1403636611.4635556
Dropping frame 1403636611.7635555
Dropping frame 1403636612.1135554
Dropping frame 1403636612.3135555
Dropping frame 1403636612.7635555
Dropping frame 1403636613.0135555
Dropping frame 1403636613.3635557
Dropping frame 1403636613.5635555
Dropping frame 1403636613.7635555
Dropping frame 1403636614.6635556
Dropping frame 1403636615.1135554
Dropping frame 1403636615.7135556
Dropping frame 1403636616.0635555
Dropping frame 1403636616.2135556
Dropping frame 1403636616.4635556
Dropping frame 1403636616.9135554
Dropping frame 1403636617.1635556
Dropping frame 1403636617.5135555
Dropping frame 1403636617.6635556
Dropping frame 1403636617.9135554
Dropping frame 1403636618.2635555
Dropping frame 1403636618.5635555
Dropping frame 1403636618.6635556
Dropping frame 1403636618.9135554
Dropping frame 1403636619.1635556
Dropping frame 1403636619.3135555
Dropping frame 1403636619.9135554
Dropping frame 1403636620.1135554
Dropping frame 1403636620.6135554
Dropping frame 1403636620.9635556
Dropping frame 1403636621.1635556
Dropping frame 1403636621.2635555
Dropping frame 1403636621.3635557
Dropping frame 1403636621.4635556
Dropping frame 1403636621.6635556
Dropping frame 1403636621.7635555
Dropping frame 1403636621.9135554
Dropping frame 1403636622.2135556
Dropping frame 1403636622.4135554
Dropping frame 1403636622.5635555
Dropping frame 1403636622.8635557
Dropping frame 1403636623.2135556
Dropping frame 1403636623.6135554
Dropping frame 1403636623.9635556
Dropping frame 1403636624.1635556
Dropping frame 1403636624.2635555
Dropping frame 1403636624.4135554
Dropping frame 1403636624.9135554
Dropping frame 1403636625.2635555
Dropping frame 1403636625.8135555
Dropping frame 1403636626.4135554
Dropping frame 1403636626.9635556
Dropping frame 1403636627.9635556
Dropping frame 1403636628.3635557
Dropping frame 1403636628.8635557
Dropping frame 1403636630.0635555
Dropping frame 1403636630.6135554
Dropping frame 1403636630.9135554
Dropping frame 1403636631.0135555
Dropping frame 1403636631.2635555
Dropping frame 1403636631.7635555
Dropping frame 1403636632.2135556
Dropping frame 1403636632.5135555
Dropping frame 1403636633.0135555
Dropping frame 1403636633.2135556
Dropping frame 1403636633.3135555
Dropping frame 1403636633.9135554
Dropping frame 1403636634.4635556
Dropping frame 1403636634.6135554
Dropping frame 1403636634.9635556
Dropping frame 1403636635.2135556
Dropping frame 1403636635.9635556
Dropping frame 1403636636.5135555
Dropping frame 1403636636.9635556
Dropping frame 1403636637.2135556
Dropping frame 1403636637.4635556
Dropping frame 1403636637.5635555
Dropping frame 1403636638.4635556
Dropping frame 1403636638.6135554
Dropping frame 1403636638.7635555
Dropping frame 1403636639.1635556
Dropping frame 1403636639.3135555
Dropping frame 1403636639.9135554
Dropping frame 1403636640.2635555
Dropping frame 1403636640.4635556
Dropping frame 1403636640.7635555
Dropping frame 1403636640.9635556
Dropping frame 1403636641.2135556
Dropping frame 1403636641.6135554
Dropping frame 1403636641.9135554
Dropping frame 1403636642.1635556
Dropping frame 1403636642.4135554
Dropping frame 1403636643.0635555
Dropping frame 1403636643.2635555
Dropping frame 1403636643.6135554
Dropping frame 1403636643.8135555
Dropping frame 1403636644.0635555
Dropping frame 1403636644.5635555
Dropping frame 1403636645.7135556
Dropping frame 1403636646.2135556
Dropping frame 1403636646.5635555
Dropping frame 1403636646.7135556
Dropping frame 1403636646.9135554
Dropping frame 1403636647.2135556
Dropping frame 1403636647.3135555
Dropping frame 1403636647.4135554
Dropping frame 1403636647.5635555
Dropping frame 1403636647.7135556
Dropping frame 1403636648.0635555
Dropping frame 1403636648.1635556
Dropping frame 1403636648.4135554
Dropping frame 1403636648.8635557
Dropping frame 1403636649.0135555
Dropping frame 1403636649.4135554
Dropping frame 1403636649.5635555
Dropping frame 1403636649.6635556
Dropping frame 1403636649.7635555
Dropping frame 1403636650.1135554
Dropping frame 1403636650.2135556
Dropping frame 1403636650.3135555
Dropping frame 1403636650.4135554
Dropping frame 1403636650.5135555
Dropping frame 1403636650.6135554
Dropping frame 1403636650.8635557
Dropping frame 1403636650.9635556
Dropping frame 1403636651.0635555
Dropping frame 1403636651.1635556
Dropping frame 1403636651.2635555
Dropping frame 1403636651.4635556
Dropping frame 1403636651.5635555
Dropping frame 1403636651.6635556
Dropping frame 1403636651.8135555
Dropping frame 1403636651.9135554
Dropping frame 1403636652.0635555
Dropping frame 1403636652.2635555
Dropping frame 1403636652.5135555
Dropping frame 1403636652.7635555
Dropping frame 1403636652.9135554
Dropping frame 1403636653.2135556
Dropping frame 1403636653.3635557
Dropping frame 1403636653.5635555
Dropping frame 1403636653.6635556
Dropping frame 1403636653.7635555
Dropping frame 1403636653.9135554
Dropping frame 1403636654.2635555
Dropping frame 1403636654.3635557
Dropping frame 1403636654.4635556
Dropping frame 1403636654.5635555
Dropping frame 1403636654.7635555
Dropping frame 1403636654.8635557
Dropping frame 1403636654.9635556
Dropping frame 1403636655.0635555
Dropping frame 1403636655.1635556
Dropping frame 1403636655.2635555
Dropping frame 1403636655.3635557
Dropping frame 1403636655.4635556
Dropping frame 1403636655.5635555
Dropping frame 1403636655.7635555
Dropping frame 1403636655.8635557
Dropping frame 1403636655.9635556
Dropping frame 1403636656.0635555
Dropping frame 1403636656.2135556
Dropping frame 1403636656.3135555
Dropping frame 1403636656.4135554
Dropping frame 1403636656.6135554
Dropping frame 1403636656.7135556
Dropping frame 1403636656.8135555
Dropping frame 1403636656.9135554
Dropping frame 1403636657.0135555
Dropping frame 1403636657.2135556
Dropping frame 1403636657.3135555
Dropping frame 1403636657.4135554
Dropping frame 1403636657.5135555
Dropping frame 1403636657.6635556
Dropping frame 1403636657.8135555
Dropping frame 1403636657.9135554
Dropping frame 1403636658.1135554
Dropping frame 1403636658.2635555
Dropping frame 1403636658.4635556
Dropping frame 1403636658.6635556
Dropping frame 1403636658.7635555
Dropping frame 1403636658.8635557
Dropping frame 1403636659.0135555
Dropping frame 1403636659.1135554
Dropping frame 1403636659.2635555
Dropping frame 1403636659.3635557
Dropping frame 1403636659.4635556
Dropping frame 1403636659.5635555
Dropping frame 1403636659.7635555
Dropping frame 1403636659.8635557
Dropping frame 1403636659.9635556
Dropping frame 1403636660.0635555
Dropping frame 1403636660.1635556
Dropping frame 1403636660.4135554
Dropping frame 1403636660.5135555
Dropping frame 1403636660.7135556
Dropping frame 1403636660.9635556
Dropping frame 1403636661.0635555
Dropping frame 1403636661.4635556
Dropping frame 1403636661.5635555
Dropping frame 1403636661.9135554
Dropping frame 1403636662.0135555
Dropping frame 1403636662.2635555
Dropping frame 1403636662.4135554
Dropping frame 1403636662.6135554
Dropping frame 1403636662.9135554
Dropping frame 1403636663.0135555
Dropping frame 1403636663.1135554
Dropping frame 1403636663.2135556
Dropping frame 1403636663.4135554
Dropping frame 1403636663.7635555
Dropping frame 1403636664.1635556
Dropping frame 1403636664.6635556
Dropping frame 1403636664.8135555
Dropping frame 1403636664.9135554
Dropping frame 1403636665.2635555
Dropping frame 1403636665.4635556
Dropping frame 1403636665.6135554
Dropping frame 1403636665.8635557
Dropping frame 1403636666.2135556
Dropping frame 1403636666.3135555
Dropping frame 1403636666.5135555
Dropping frame 1403636666.6135554
Dropping frame 1403636666.8135555
Dropping frame 1403636666.9135554
Dropping frame 1403636667.1135554
Dropping frame 1403636667.2135556
Dropping frame 1403636667.6635556
Dropping frame 1403636667.9135554
Dropping frame 1403636668.0135555
Dropping frame 1403636668.1635556
Dropping frame 1403636668.3135555
Dropping frame 1403636668.5635555
Dropping frame 1403636668.8135555
Dropping frame 1403636669.1135554
Dropping frame 1403636669.3135555
Dropping frame 1403636669.4135554
Dropping frame 1403636669.6635556
Dropping frame 1403636669.7635555
Dropping frame 1403636669.9135554
Dropping frame 1403636670.0135555
Dropping frame 1403636670.2135556
Dropping frame 1403636670.3135555
Dropping frame 1403636670.4135554
Dropping frame 1403636670.6135554
Dropping frame 1403636670.7135556
Dropping frame 1403636670.8135555
Dropping frame 1403636670.9135554
Dropping frame 1403636671.1135554
Dropping frame 1403636671.2635555
Dropping frame 1403636671.3635557
Dropping frame 1403636671.4635556
Dropping frame 1403636671.7635555
Dropping frame 1403636671.8635557
Dropping frame 1403636671.9635556
Dropping frame 1403636672.2635555
Dropping frame 1403636672.3635557
Dropping frame 1403636672.4635556
Dropping frame 1403636672.5635555
Dropping frame 1403636672.7635555
Dropping frame 1403636672.9135554
Dropping frame 1403636673.1635556
Dropping frame 1403636673.2635555
Dropping frame 1403636673.3635557
Dropping frame 1403636673.4635556
Dropping frame 1403636673.5635555
Dropping frame 1403636673.6635556
Dropping frame 1403636673.7635555
Dropping frame 1403636673.9635556
Dropping frame 1403636674.0635555
Dropping frame 1403636674.1635556
Dropping frame 1403636674.3635557
Dropping frame 1403636674.4635556
Dropping frame 1403636674.7135556
Dropping frame 1403636674.8135555
Dropping frame 1403636674.9135554
Dropping frame 1403636675.0135555
Dropping frame 1403636675.1135554
Dropping frame 1403636675.2135556
Dropping frame 1403636675.4135554
Dropping frame 1403636675.5135555
Dropping frame 1403636675.6135554
Dropping frame 1403636675.8135555
Dropping frame 1403636675.9135554
Dropping frame 1403636676.0135555
Dropping frame 1403636676.1135554
Dropping frame 1403636676.3635557
Dropping frame 1403636676.4635556
Dropping frame 1403636676.5635555
Dropping frame 1403636676.8635557
Dropping frame 1403636677.0635555
Dropping frame 1403636677.1635556
Dropping frame 1403636677.3635557
Dropping frame 1403636677.5135555
Dropping frame 1403636677.6135554
Dropping frame 1403636677.9635556
Dropping frame 1403636678.0635555
Dropping frame 1403636678.1635556
Dropping frame 1403636678.2635555
Dropping frame 1403636678.4135554
Dropping frame 1403636678.6135554
Dropping frame 1403636678.8135555
Dropping frame 1403636678.9135554
Dropping frame 1403636679.0635555
Dropping frame 1403636679.2135556
Dropping frame 1403636679.4135554
Dropping frame 1403636679.6135554
Dropping frame 1403636679.7135556
Dropping frame 1403636680.1135554
Dropping frame 1403636680.2135556
Dropping frame 1403636680.4135554
Dropping frame 1403636680.5635555
Dropping frame 1403636680.7635555
Dropping frame 1403636680.8635557
Dropping frame 1403636681.0635555
Dropping frame 1403636681.2635555
Dropping frame 1403636681.4635556
Dropping frame 1403636681.6635556
Dropping frame 1403636681.7635555
Dropping frame 1403636681.9635556
Dropping frame 1403636682.0635555
Dropping frame 1403636682.4135554
Dropping frame 1403636682.5135555
Dropping frame 1403636682.7635555
Dropping frame 1403636682.9635556
Dropping frame 1403636683.0635555
Dropping frame 1403636683.1635556
Dropping frame 1403636683.4135554
Dropping frame 1403636683.5135555
Dropping frame 1403636683.6135554
Dropping frame 1403636683.7135556
Dropping frame 1403636683.8635557
Dropping frame 1403636684.0135555
Dropping frame 1403636684.2135556
Dropping frame 1403636684.3135555
Dropping frame 1403636684.5135555
Dropping frame 1403636684.6135554
Dropping frame 1403636684.7135556
Dropping frame 1403636684.8135555
Dropping frame 1403636684.9135554
Dropping frame 1403636685.0135555
Dropping frame 1403636685.1135554
Dropping frame 1403636685.3135555
Dropping frame 1403636685.4135554
Dropping frame 1403636685.6135554
Dropping frame 1403636685.8135555
Dropping frame 1403636686.7135556
Dropping frame 1403636686.9135554
Dropping frame 1403636687.1135554
Dropping frame 1403636687.3135555
Dropping frame 1403636687.4135554
Dropping frame 1403636687.5135555
Dropping frame 1403636687.6135554
Dropping frame 1403636687.8135555
Dropping frame 1403636688.0135555
Dropping frame 1403636688.2135556
Dropping frame 1403636688.4135554
Dropping frame 1403636688.6135554
Dropping frame 1403636688.7135556
Dropping frame 1403636688.8135555
Dropping frame 1403636689.0135555
Dropping frame 1403636689.2135556
Dropping frame 1403636689.4135554
Dropping frame 1403636689.5135555
Dropping frame 1403636689.7135556
Dropping frame 1403636689.9135554
Dropping frame 1403636690.0135555
Dropping frame 1403636690.2135556
Dropping frame 1403636690.5135555
Dropping frame 1403636690.7135556
Dropping frame 1403636690.9135554
Dropping frame 1403636691.3135555
Dropping frame 1403636691.5135555
Dropping frame 1403636691.6635556
Dropping frame 1403636691.7635555
Dropping frame 1403636691.8635557
Dropping frame 1403636692.0635555
Dropping frame 1403636692.3135555
Dropping frame 1403636692.4135554
Dropping frame 1403636692.8135555
Dropping frame 1403636693.0135555
Dropping frame 1403636693.1135554
Dropping frame 1403636693.3135555
Dropping frame 1403636693.4635556
Dropping frame 1403636693.6635556
Dropping frame 1403636693.8635557
Dropping frame 1403636694.0635555
Dropping frame 1403636694.2635555
Dropping frame 1403636694.4635556
Dropping frame 1403636694.5635555
Dropping frame 1403636694.9635556
Dropping frame 1403636695.1635556
Dropping frame 1403636695.3635557
Dropping frame 1403636695.5635555
Dropping frame 1403636695.7635555
Dropping frame 1403636695.9635556
Dropping frame 1403636696.1635556
Dropping frame 1403636696.3635557
Dropping frame 1403636696.8135555
Dropping frame 1403636697.6635556
Dropping frame 1403636697.7635555
Dropping frame 1403636697.8635557
Dropping frame 1403636698.3635557
Dropping frame 1403636698.5635555
Dropping frame 1403636698.7635555
Dropping frame 1403636698.9135554
Dropping frame 1403636699.1135554
Dropping frame 1403636699.3135555
Dropping frame 1403636699.5135555
Dropping frame 1403636699.7135556
Dropping frame 1403636700.0135555
Dropping frame 1403636700.2135556
Dropping frame 1403636700.6635556
Dropping frame 1403636701.0135555
Dropping frame 1403636701.2135556
Dropping frame 1403636701.5135555
Dropping frame 1403636701.7135556
Dropping frame 1403636701.9135554
Dropping frame 1403636702.1635556
Dropping frame 1403636702.3635557
Dropping frame 1403636702.7635555
Dropping frame 1403636703.3635557
Dropping frame 1403636703.5635555
Dropping frame 1403636703.7635555
Dropping frame 1403636703.9635556
Dropping frame 1403636704.1635556
Dropping frame 1403636704.5135555
Dropping frame 1403636704.7135556
Dropping frame 1403636705.0135555
Dropping frame 1403636705.3635557
Dropping frame 1403636705.5635555
Dropping frame 1403636706.0635555
Dropping frame 1403636706.3135555
Dropping frame 1403636706.7135556
Dropping frame 1403636706.9135554
Dropping frame 1403636707.0135555
Dropping frame 1403636707.1135554
Dropping frame 1403636707.3635557
Dropping frame 1403636707.6135554
Dropping frame 1403636707.9135554
Dropping frame 1403636708.0135555
Dropping frame 1403636708.2135556
Dropping frame 1403636708.5635555
Dropping frame 1403636708.7635555
Dropping frame 1403636709.0135555
Dropping frame 1403636709.1135554
Dropping frame 1403636709.7635555
Dropping frame 1403636709.8635557
Dropping frame 1403636711.1635556
Dropping frame 1403636711.2635555
Dropping frame 1403636711.7635555
Dropping frame 1403636711.9635556
Dropping frame 1403636712.2135556
Dropping frame 1403636712.3135555
Dropping frame 1403636712.6135554
Dropping frame 1403636712.9135554
Dropping frame 1403636713.1135554
Dropping frame 1403636713.3135555
Dropping frame 1403636713.4135554
Dropping frame 1403636713.6635556
Dropping frame 1403636713.8635557
Dropping frame 1403636713.9635556
Dropping frame 1403636714.2135556
Dropping frame 1403636714.4135554
Dropping frame 1403636714.5135555
Dropping frame 1403636714.7635555
Dropping frame 1403636714.9635556
Dropping frame 1403636715.0635555
Dropping frame 1403636715.5635555
Dropping frame 1403636715.6635556
Dropping frame 1403636715.9635556
Dropping frame 1403636716.1635556
Dropping frame 1403636716.2635555
Dropping frame 1403636716.4635556
Dropping frame 1403636716.5635555
Dropping frame 1403636716.7635555
Dropping frame 1403636716.8635557
Dropping frame 1403636717.0135555
Dropping frame 1403636717.2135556
Dropping frame 1403636717.3635557
Dropping frame 1403636717.4635556
Dropping frame 1403636717.6635556
Dropping frame 1403636717.8135555
Dropping frame 1403636717.9135554
Dropping frame 1403636718.0135555
Dropping frame 1403636718.2135556
Dropping frame 1403636718.3135555
Dropping frame 1403636718.4135554
Dropping frame 1403636718.6135554
Dropping frame 1403636718.8135555
Dropping frame 1403636718.9135554
Dropping frame 1403636719.0135555
Dropping frame 1403636719.2635555
Dropping frame 1403636719.4635556
Dropping frame 1403636719.5635555
Dropping frame 1403636719.7635555
Dropping frame 1403636719.9635556
Dropping frame 1403636720.0635555
Dropping frame 1403636720.3135555
Dropping frame 1403636720.5135555
Dropping frame 1403636720.7135556
Dropping frame 1403636720.8135555
Dropping frame 1403636720.9135554
Dropping frame 1403636721.1135554
Dropping frame 1403636721.3135555
Dropping frame 1403636721.5135555
Dropping frame 1403636721.7135556
Dropping frame 1403636721.8135555
Dropping frame 1403636721.9135554
Dropping frame 1403636722.1135554
Dropping frame 1403636722.2135556
Dropping frame 1403636722.4135554
Dropping frame 1403636722.6135554
Dropping frame 1403636722.8135555
Dropping frame 1403636722.9135554
Dropping frame 1403636723.0135555
Dropping frame 1403636723.1135554
Dropping frame 1403636723.3635557
Dropping frame 1403636723.5635555
Dropping frame 1403636723.7635555
Dropping frame 1403636723.8635557
Dropping frame 1403636723.9635556
Dropping frame 1403636724.0635555
Dropping frame 1403636724.3135555
Dropping frame 1403636724.5135555
Dropping frame 1403636724.7135556
Dropping frame 1403636724.9135554
Dropping frame 1403636725.0135555
Dropping frame 1403636725.1135554
Dropping frame 1403636725.3135555
Dropping frame 1403636725.4135554
Dropping frame 1403636725.6135554
Dropping frame 1403636725.7135556
Dropping frame 1403636725.8135555
Dropping frame 1403636726.0635555
Dropping frame 1403636726.2635555
Dropping frame 1403636726.4635556
Dropping frame 1403636726.6635556
Dropping frame 1403636726.8635557
Dropping frame 1403636727.0635555
Dropping frame 1403636727.2635555
Dropping frame 1403636727.3635557
Dropping frame 1403636727.4635556
Dropping frame 1403636727.6635556
Dropping frame 1403636727.8635557
Dropping frame 1403636728.0635555
Dropping frame 1403636728.1635556
Dropping frame 1403636728.2635555
Dropping frame 1403636728.4635556
Dropping frame 1403636728.6635556
Dropping frame 1403636728.7635555
Dropping frame 1403636728.8635557
Dropping frame 1403636729.1135554
Dropping frame 1403636729.3135555
Dropping frame 1403636729.5135555
Dropping frame 1403636729.7135556
Dropping frame 1403636729.9135554
Dropping frame 1403636730.1135554
Dropping frame 1403636730.2135556
Dropping frame 1403636730.3135555
Dropping frame 1403636730.5135555
Dropping frame 1403636730.9635556
Dropping frame 1403636731.4635556
Dropping frame 1403636731.6635556
Dropping frame 1403636731.7635555
Dropping frame 1403636731.8635557
Dropping frame 1403636731.9635556
Dropping frame 1403636732.1635556
Dropping frame 1403636732.3635557
Dropping frame 1403636732.5635555
Dropping frame 1403636732.6635556
Dropping frame 1403636732.7635555
Dropping frame 1403636732.8635557
Dropping frame 1403636733.1135554
Dropping frame 1403636733.2135556
Dropping frame 1403636733.3135555
Dropping frame 1403636733.5135555
Dropping frame 1403636733.7135556
Dropping frame 1403636733.8135555
Dropping frame 1403636733.9135554
Dropping frame 1403636734.1135554
Dropping frame 1403636734.2135556
Dropping frame 1403636734.4135554
Dropping frame 1403636734.6135554
Dropping frame 1403636734.7135556
Dropping frame 1403636734.8135555
Dropping frame 1403636734.9635556
Dropping frame 1403636735.0635555
Dropping frame 1403636735.2635555
Dropping frame 1403636735.4635556
Dropping frame 1403636735.6635556
Dropping frame 1403636735.8635557
Dropping frame 1403636735.9635556
Dropping frame 1403636736.1635556
Dropping frame 1403636736.2635555
Dropping frame 1403636736.3635557
Dropping frame 1403636736.5635555
Dropping frame 1403636736.6635556
Dropping frame 1403636736.9135554
Dropping frame 1403636737.1135554
Dropping frame 1403636737.2135556
Dropping frame 1403636737.6135554
Dropping frame 1403636737.7135556
Dropping frame 1403636737.9635556
Dropping frame 1403636738.0635555
Dropping frame 1403636738.3135555
Dropping frame 1403636738.5135555
Dropping frame 1403636738.6135554
Dropping frame 1403636738.7135556
Dropping frame 1403636738.9635556
Dropping frame 1403636739.1635556
Dropping frame 1403636739.6635556
Dropping frame 1403636739.8635557
Dropping frame 1403636739.9635556
Dropping frame 1403636740.0635555
Dropping frame 1403636741.1635556
Dropping frame 1403636741.2635555
Dropping frame 1403636741.3635557
Dropping frame 1403636741.5635555
Dropping frame 1403636741.7635555
Dropping frame 1403636741.8635557
Dropping frame 1403636742.1135554
Dropping frame 1403636742.3135555
Dropping frame 1403636742.4135554
Dropping frame 1403636742.5135555
Dropping frame 1403636742.7135556
Dropping frame 1403636742.9135554
Dropping frame 1403636743.1135554
Dropping frame 1403636743.2635555
Dropping frame 1403636743.3635557
Dropping frame 1403636743.5635555
Dropping frame 1403636743.6635556
Dropping frame 1403636743.7635555
Dropping frame 1403636743.9635556
Dropping frame 1403636744.1635556
Dropping frame 1403636744.3635557
Dropping frame 1403636744.4635556
Dropping frame 1403636744.5635555
Dropping frame 1403636744.6635556
Dropping frame 1403636744.8635557
Dropping frame 1403636745.0635555
Dropping frame 1403636745.2635555
Dropping frame 1403636745.4635556
Dropping frame 1403636745.5635555
Dropping frame 1403636745.7635555
Dropping frame 1403636745.8635557
Dropping frame 1403636746.0635555
Dropping frame 1403636746.1635556
Dropping frame 1403636746.2635555
Dropping frame 1403636746.4635556
Dropping frame 1403636747.0635555
Dropping frame 1403636747.2635555
Dropping frame 1403636747.9135554
Dropping frame 1403636748.0135555
Dropping frame 1403636748.1135554
Dropping frame 1403636748.3135555
Dropping frame 1403636748.5135555
Dropping frame 1403636748.6135554
Dropping frame 1403636748.7135556
Dropping frame 1403636748.9135554
Dropping frame 1403636749.0135555
Dropping frame 1403636749.1135554
Dropping frame 1403636749.3135555
Dropping frame 1403636749.4135554
Dropping frame 1403636749.5135555
Dropping frame 1403636749.6635556
Dropping frame 1403636750.0135555
Dropping frame 1403636750.1135554
Dropping frame 1403636750.2135556
Dropping frame 1403636750.3135555
Dropping frame 1403636750.6635556
Dropping frame 1403636750.7635555
Dropping frame 1403636750.8635557
Dropping frame 1403636751.0635555
Dropping frame 1403636751.2135556
Dropping frame 1403636751.4135554
Dropping frame 1403636751.5135555
Dropping frame 1403636751.7635555
Dropping frame 1403636751.9635556
Dropping frame 1403636752.1635556
Dropping frame 1403636752.3635557
Dropping frame 1403636752.4635556
Dropping frame 1403636752.7135556
Dropping frame 1403636752.8135555
Dropping frame 1403636752.9135554
Dropping frame 1403636753.1135554
Dropping frame 1403636753.2635555
Dropping frame 1403636753.4635556
Dropping frame 1403636753.5635555
Dropping frame 1403636753.6635556
Dropping frame 1403636753.8635557
Dropping frame 1403636753.9635556
Dropping frame 1403636754.0635555
Dropping frame 1403636754.2635555
Dropping frame 1403636754.4635556
Dropping frame 1403636754.6635556
Dropping frame 1403636754.7635555
Dropping frame 1403636754.8635557
Dropping frame 1403636755.0635555
Dropping frame 1403636755.1635556
Dropping frame 1403636755.2635555
Dropping frame 1403636755.4635556
Dropping frame 1403636755.5635555
Dropping frame 1403636755.6635556
Dropping frame 1403636755.8635557
Dropping frame 1403636756.0635555
Dropping frame 1403636756.1635556
Dropping frame 1403636756.2635555
Dropping frame 1403636756.4635556
Dropping frame 1403636756.7635555
Dropping frame 1403636757.2135556
Dropping frame 1403636757.3135555
Dropping frame 1403636757.6635556
Dropping frame 1403636757.7635555
Dropping frame 1403636758.0135555
Dropping frame 1403636758.1135554
Dropping frame 1403636758.3635557
Dropping frame 1403636758.4635556
Dropping frame 1403636758.6635556
Dropping frame 1403636758.9635556
Dropping frame 1403636759.1135554
Dropping frame 1403636759.3135555
Dropping frame 1403636759.4135554
Dropping frame 1403636759.6135554
Dropping frame 1403636759.8135555
Dropping frame 1403636760.0135555
Dropping frame 1403636760.1635556
Dropping frame 1403636760.3635557
Dropping frame 1403636760.4635556
Dropping frame 1403636760.5635555
Dropping frame 1403636760.6635556
Dropping frame 1403636760.8635557
Dropping frame 1403636761.0635555
Dropping frame 1403636761.1635556
Dropping frame 1403636761.3135555
Dropping frame 1403636761.4635556
Dropping frame 1403636761.5635555
Dropping frame 1403636761.7635555
Dropping frame 1403636761.8635557
Dropping frame 1403636761.9635556
Dropping frame 1403636762.1635556
Dropping frame 1403636762.3635557
Dropping frame 1403636762.4635556
Dropping frame 1403636762.5635555
Dropping frame 1403636762.7635555
Dropping frame 1403636762.8635557
Dropping frame 1403636763.0635555
Dropping frame 1403636763.1635556
Dropping frame 1403636763.2635555
Dropping frame 1403636763.4635556
Dropping frame 1403636763.5635555
Dropping frame 1403636763.6635556
Shutdown
SLAM Finished at System Time: 1734435596.76384

 TIME STATS in ms (mean$\pm$std)
OpenCV version: 4.8.1
---------------------------
Tracking

ORB Extraction: 20.132$\pm$1.8532
Stereo Matching: 7.1773$\pm$1.8969
IMU Preintegration: 0.26278$\pm$0.10505
Pose Prediction: 0.21279$\pm$0.59724
LM Track: 20.653$\pm$6.0685
New KF decision: 1.0902$\pm$2.0861
Total Tracking: 33.535$\pm$27.44



Local Mapping

KF Insertion: 19.193$\pm$7.8199
MP Culling: 0.53717$\pm$0.21557
MP Creation: 52.405$\pm$16.974
LBA: 165.31$\pm$57.2
KF Culling: 18.726$\pm$11.681
Total Local Mapping: 256.11$\pm$83.505
---------------------------

LBA complexity (mean$\pm$std)
LBA Edges: 1937.1$\pm$761.93
LBA KF optimized: 6.5$\pm$2.2913
LBA KF fixed: 1$\pm$0
LBA MP: nan$\pm$nan

LBA executions: 520
LBA aborts: 0
---------------------------

Map complexity
KFs in map: 136
MPs in map: 10165
---------------------------

Place Recognition (mean$\pm$std)
Database Query: 1.643$\pm$0.99645
SE3 estimation: 13.801$\pm$17.312
Total Place Recognition: 14.031$\pm$17.715


Loop Closing (mean$\pm$std)
Loop Fusion: nan$\pm$nan
Essential Graph: nan$\pm$nan
Total Loop Closing: nan$\pm$nan

Num exec: 0
Number of KFs: nan$\pm$nan

Map Merging (mean$\pm$std)
Merge Maps: nan$\pm$nan
Welding BA: nan$\pm$nan
Optimization Ess.: nan$\pm$nan
Total Map Merging: nan$\pm$nan

Num exec: 0
Number of KFs: nan$\pm$nan
Number of MPs: nan$\pm$nan

Full GBA (mean$\pm$std)
GBA: nan$\pm$nan
Map Update: nan$\pm$nan
Total Full GBA: nan$\pm$nan

Num exec: 0
Num abort: 0
Number of KFs: nan$\pm$nan
Number of MPs: nan$\pm$nan

Saving trajectory to f_dataset-MH01_stereo_imu.txt ...
There are 1 maps in the atlas
  Map 0 has 136 KFs

End of saving trajectory to f_dataset-MH01_stereo_imu.txt ...

Saving keyframe trajectory to kf_dataset-MH01_stereo_imu.txt ...
