num_seq = 1
file name: dataset-MH01_stereo_imu
Loading images for sequence 0...LOADED!
Loading IMU for sequence 0...LOADED!

-------

ORB-SLAM3 Copyright (C) 2017-2020 Carlos Campos, Richard Elvira, Juan J. Gómez, José M.M. Montiel and Juan D. Tardós, University of Zaragoza.
ORB-SLAM2 Copyright (C) 2014-2016 Raúl Mur-Artal, José M.M. Montiel and Juan D. Tardós, University of Zaragoza.
This program comes with ABSOLUTELY NO WARRANTY;
This is free software, and you are welcome to redistribute it
under certain conditions. See LICENSE.txt.

Built with REGISTER_TIMES
Git Commit Hash: 90f15d8

Input sensor was set to: Stereo-Inertial
Loading settings from ./Examples/Stereo-Inertial/EuRoC_fov_deadlines_mask_6x6.yaml
	-Loaded camera 1
	-Loaded camera 2
	-Loaded image info
	-Loaded IMU calibration
	-Loaded ORB settings
	-Loaded viewer settings
	-Loaded Atlas settings
Deadlines enabled, will skip frames!
FOV enabled
Static mask size: 6x6
Dumping map points enabled
	-Loaded misc parameters
	-Computed rectification maps
----------------------------------
SLAM settings: 
	-Camera 1 parameters (Pinhole): [ 458.65399169921875 457.29598999023438 367.21499633789062 248.375 ]
	-Camera 1 distortion parameters: [  -0.28340810537338257 0.073959067463874817 0.00019359000725671649 1.7618711353861727e-05 ]
	-Camera 2 parameters (Pinhole: [ 457.58700561523438 456.13400268554688 379.99899291992188 255.23800659179688 ]
	-Camera 1 distortion parameters: [  -0.2836836576461792 0.074512839317321777 -0.00010473000293131918 -3.555907096597366e-05 ]
	-Original image size: [ 752 , 480 ]
	-Current image size: [ 752 , 480 ]
	-Camera 1 parameters after rectification: [  456.71499633789062 456.71499633789062 364.52615356445312 257.268798828125 ]
	-Sequence FPS: 20
	-Stereo baseline: 0.11007784307003021
	-Stereo depth threshold : 60
	-Gyro noise: 0.00016999999934341758
	-Accelerometer noise: 0.0020000000949949026
	-Gyro walk: 1.9392999092815444e-05
	-Accelerometer walk: 0.0030000000260770321
	-IMU frequency: 200
	-Features per image: 1200
	-ORB scale factor: 1.2000000476837158
	-ORB number of scales: 8
	-Initial FAST threshold: 20
	-Min FAST threshold: 7


Loading ORB Vocabulary. This could take a while...
Vocabulary loaded!

Initialization of Atlas from scratch 
Creation of new map with id: 0
Creation of new map with last KF id: 0
Seq. Name: 
There are 1 cameras in the atlas
Camera 0 is pinhole
SLAM Started at System Time: 1732008831.787
not IMU meas
not IMU meas
not enough acceleration
not enough acceleration
First KF:0; Map init KF:0
New Map created with 549 points
Active map: 0
Dropping frame 1403636580.0135555
Dropping frame 1403636580.2135556
Dropping frame 1403636580.5135555
Dropping frame 1403636581.1635556
Dropping frame 1403636581.4635556
Dropping frame 1403636581.8135555
Dropping frame 1403636582.1635556
Dropping frame 1403636582.2635555
Dropping frame 1403636582.6135554
Dropping frame 1403636583.3635557
Dropping frame 1403636583.4635556
Dropping frame 1403636583.7135556
Dropping frame 1403636584.0135555
Dropping frame 1403636584.1635556
Dropping frame 1403636584.5135555
Dropping frame 1403636584.7135556
Dropping frame 1403636584.9635556
start VIBA 1
Dropping frame 1403636585.2635555
end VIBA 1
Dropping frame 1403636585.9135554
Dropping frame 1403636586.3135555
Dropping frame 1403636586.4135554
Dropping frame 1403636586.6635556
Dropping frame 1403636586.8135555
Dropping frame 1403636587.0635555
Dropping frame 1403636587.1635556
Dropping frame 1403636587.2635555
Dropping frame 1403636587.3635557
Dropping frame 1403636587.8635557
Dropping frame 1403636588.3635557
Dropping frame 1403636589.0135555
Dropping frame 1403636589.5635555
Dropping frame 1403636589.7135556
Dropping frame 1403636590.1135554
Dropping frame 1403636590.4635556
Dropping frame 1403636590.5635555
Dropping frame 1403636590.7635555
Dropping frame 1403636591.0135555
Dropping frame 1403636591.3135555
Dropping frame 1403636591.8135555
Dropping frame 1403636591.9635556
Dropping frame 1403636592.6135554
Dropping frame 1403636593.0135555
Dropping frame 1403636593.5135555
Dropping frame 1403636594.5635555
Dropping frame 1403636594.8635557
Dropping frame 1403636595.2135556
Dropping frame 1403636595.3135555
Dropping frame 1403636595.7135556
start VIBA 2
Dropping frame 1403636595.8635557
end VIBA 2
Dropping frame 1403636596.0635555
Dropping frame 1403636596.3635557
Dropping frame 1403636596.6635556
Dropping frame 1403636596.8635557
Dropping frame 1403636597.8635557
Dropping frame 1403636598.4635556
Dropping frame 1403636599.6135554
Dropping frame 1403636600.4135554
Dropping frame 1403636601.9135554
Dropping frame 1403636602.2635555
Dropping frame 1403636602.6135554
Dropping frame 1403636602.8135555
Dropping frame 1403636602.9635556
Dropping frame 1403636613.6635556
Dropping frame 1403636617.2135556
Dropping frame 1403636618.9135554
Dropping frame 1403636620.5135555
Dropping frame 1403636627.2135556
Dropping frame 1403636632.5135555
Dropping frame 1403636632.8135555
Dropping frame 1403636633.0135555
Dropping frame 1403636633.1635556
Dropping frame 1403636633.5135555
Dropping frame 1403636633.6635556
Dropping frame 1403636633.8135555
Dropping frame 1403636633.9135554
Dropping frame 1403636634.4135554
Dropping frame 1403636634.5135555
Dropping frame 1403636635.0635555
Dropping frame 1403636635.3635557
Dropping frame 1403636635.7135556
Dropping frame 1403636636.1635556
Dropping frame 1403636636.5135555
Dropping frame 1403636637.0635555
Dropping frame 1403636637.3135555
Dropping frame 1403636638.6635556
Dropping frame 1403636639.0135555
Dropping frame 1403636639.2635555
Dropping frame 1403636639.4635556
Dropping frame 1403636639.8635557
Dropping frame 1403636640.2135556
Dropping frame 1403636640.5135555
Dropping frame 1403636640.6135554
Dropping frame 1403636640.7135556
Dropping frame 1403636641.0135555
Dropping frame 1403636641.1135554
Dropping frame 1403636641.3635557
Dropping frame 1403636641.4635556
Dropping frame 1403636641.6635556
Dropping frame 1403636641.7635555
Dropping frame 1403636642.1635556
Dropping frame 1403636642.2635555
Dropping frame 1403636642.4635556
Dropping frame 1403636642.5635555
Dropping frame 1403636642.9135554
Dropping frame 1403636643.0135555
Dropping frame 1403636643.1135554
Dropping frame 1403636643.4135554
Dropping frame 1403636643.6635556
Dropping frame 1403636643.8635557
Dropping frame 1403636643.9635556
Dropping frame 1403636644.2135556
Dropping frame 1403636644.6135554
Dropping frame 1403636644.7135556
Dropping frame 1403636645.0635555
Dropping frame 1403636645.1635556
Dropping frame 1403636645.4135554
Dropping frame 1403636645.6135554
Dropping frame 1403636645.8135555
Dropping frame 1403636646.2135556
Dropping frame 1403636646.9135554
Dropping frame 1403636647.3635557
Dropping frame 1403636647.5135555
Dropping frame 1403636647.7135556
Dropping frame 1403636647.8135555
Dropping frame 1403636648.0635555
Dropping frame 1403636648.5635555
Dropping frame 1403636648.9635556
Dropping frame 1403636649.4135554
Dropping frame 1403636649.5635555
Dropping frame 1403636649.9635556
Dropping frame 1403636650.4635556
Dropping frame 1403636650.9635556
Dropping frame 1403636651.4635556
Dropping frame 1403636651.8135555
Dropping frame 1403636652.0135555
Dropping frame 1403636652.2135556
Dropping frame 1403636652.3635557
Dropping frame 1403636652.4635556
Dropping frame 1403636652.7135556
Dropping frame 1403636652.9135554
Dropping frame 1403636653.2635555
Dropping frame 1403636653.4635556
Dropping frame 1403636653.5635555
Dropping frame 1403636653.8135555
Dropping frame 1403636654.0135555
Dropping frame 1403636654.1135554
Dropping frame 1403636654.2135556
Dropping frame 1403636654.4135554
Dropping frame 1403636654.6635556
Dropping frame 1403636654.8635557
Dropping frame 1403636654.9635556
Dropping frame 1403636655.2135556
Dropping frame 1403636655.4135554
Dropping frame 1403636655.5135555
Dropping frame 1403636655.6135554
Dropping frame 1403636655.7135556
Dropping frame 1403636655.8135555
Dropping frame 1403636655.9135554
Dropping frame 1403636656.1135554
Dropping frame 1403636656.3135555
Dropping frame 1403636656.5135555
Dropping frame 1403636656.6135554
Dropping frame 1403636656.7135556
Dropping frame 1403636656.8135555
Dropping frame 1403636656.9135554
Dropping frame 1403636657.1135554
Dropping frame 1403636657.2635555
Dropping frame 1403636657.5135555
Dropping frame 1403636657.6135554
Dropping frame 1403636657.7135556
Dropping frame 1403636657.9135554
Dropping frame 1403636658.1135554
Dropping frame 1403636658.3135555
Dropping frame 1403636658.5135555
Dropping frame 1403636658.6135554
Dropping frame 1403636658.7135556
Dropping frame 1403636658.8135555
Dropping frame 1403636659.1635556
Dropping frame 1403636659.3635557
Dropping frame 1403636659.6135554
Dropping frame 1403636659.7135556
Dropping frame 1403636659.9135554
Dropping frame 1403636660.1135554
Dropping frame 1403636660.2135556
Dropping frame 1403636660.5135555
Dropping frame 1403636660.8135555
Dropping frame 1403636660.9135554
Dropping frame 1403636661.0135555
Dropping frame 1403636661.2135556
Dropping frame 1403636661.3635557
Dropping frame 1403636661.7635555
Dropping frame 1403636661.8635557
Dropping frame 1403636662.1135554
Dropping frame 1403636662.4635556
Dropping frame 1403636662.5635555
Dropping frame 1403636662.7635555
Dropping frame 1403636662.9635556
Dropping frame 1403636663.0635555
Dropping frame 1403636663.4135554
Dropping frame 1403636663.5135555
Dropping frame 1403636663.9635556
Dropping frame 1403636664.6135554
Dropping frame 1403636665.0635555
Dropping frame 1403636665.5635555
Dropping frame 1403636665.6635556
Dropping frame 1403636665.7635555
Dropping frame 1403636666.2135556
Dropping frame 1403636666.3135555
Dropping frame 1403636666.5135555
Dropping frame 1403636666.6135554
Dropping frame 1403636666.7135556
Dropping frame 1403636666.8635557
Dropping frame 1403636667.1635556
Dropping frame 1403636667.2635555
Dropping frame 1403636667.3635557
Dropping frame 1403636667.6635556
Dropping frame 1403636667.7635555
Dropping frame 1403636667.9635556
Dropping frame 1403636668.1135554
Dropping frame 1403636668.3635557
Dropping frame 1403636668.9635556
Dropping frame 1403636669.6635556
Dropping frame 1403636669.7635555
Dropping frame 1403636670.0135555
Dropping frame 1403636670.1135554
Dropping frame 1403636670.3635557
Dropping frame 1403636670.6135554
Dropping frame 1403636670.8135555
Dropping frame 1403636671.1635556
Dropping frame 1403636671.2635555
Dropping frame 1403636671.5635555
Dropping frame 1403636671.6635556
Dropping frame 1403636672.0635555
Dropping frame 1403636672.3135555
Dropping frame 1403636672.5635555
Dropping frame 1403636672.6635556
Dropping frame 1403636672.9135554
Dropping frame 1403636673.0135555
Dropping frame 1403636673.2635555
Dropping frame 1403636673.4635556
Dropping frame 1403636673.6635556
Dropping frame 1403636674.0135555
Dropping frame 1403636674.3135555
Dropping frame 1403636674.6135554
Dropping frame 1403636674.8135555
Dropping frame 1403636675.7135556
Dropping frame 1403636676.2135556
Dropping frame 1403636676.5635555
Dropping frame 1403636677.3635557
Dropping frame 1403636678.1635556
Dropping frame 1403636678.6635556
Dropping frame 1403636678.8635557
Dropping frame 1403636679.1635556
Dropping frame 1403636679.7135556
Dropping frame 1403636680.1635556
Dropping frame 1403636680.5135555
Dropping frame 1403636680.6135554
Dropping frame 1403636680.7135556
Dropping frame 1403636681.1135554
Dropping frame 1403636681.3635557
Dropping frame 1403636681.5135555
Dropping frame 1403636681.9135554
Dropping frame 1403636682.6135554
Dropping frame 1403636683.0135555
Dropping frame 1403636683.4135554
Dropping frame 1403636683.6135554
Dropping frame 1403636684.0635555
Dropping frame 1403636684.9135554
Dropping frame 1403636685.2635555
Dropping frame 1403636685.3635557
Dropping frame 1403636685.7635555
Dropping frame 1403636686.0635555
Dropping frame 1403636686.5135555
Dropping frame 1403636686.7135556
Dropping frame 1403636686.8135555
Dropping frame 1403636686.9135554
Dropping frame 1403636687.2635555
Dropping frame 1403636687.4635556
Dropping frame 1403636688.0135555
Dropping frame 1403636690.8135555
Dropping frame 1403636691.3635557
Dropping frame 1403636691.4635556
Dropping frame 1403636691.6635556
Dropping frame 1403636691.8135555
Dropping frame 1403636692.1135554
Dropping frame 1403636692.3135555
Dropping frame 1403636692.5135555
Dropping frame 1403636692.9135554
Dropping frame 1403636693.1135554
Dropping frame 1403636693.2135556
Dropping frame 1403636693.4635556
Dropping frame 1403636693.5635555
Dropping frame 1403636693.8135555
Dropping frame 1403636693.9135554
Dropping frame 1403636694.1635556
Dropping frame 1403636694.4135554
Dropping frame 1403636694.5135555
Dropping frame 1403636694.7135556
Dropping frame 1403636694.8635557
Dropping frame 1403636695.0635555
Dropping frame 1403636695.1635556
Dropping frame 1403636695.3635557
Dropping frame 1403636695.9635556
Dropping frame 1403636696.1635556
Dropping frame 1403636696.2635555
Dropping frame 1403636696.5635555
Dropping frame 1403636696.7635555
Dropping frame 1403636696.8635557
Dropping frame 1403636697.1635556
Dropping frame 1403636697.2635555
Dropping frame 1403636697.4135554
Dropping frame 1403636697.6635556
Dropping frame 1403636697.7635555
Dropping frame 1403636697.9635556
Dropping frame 1403636698.0635555
Dropping frame 1403636698.4635556
Dropping frame 1403636698.6635556
Dropping frame 1403636698.7635555
Dropping frame 1403636698.8635557
Dropping frame 1403636699.0135555
Dropping frame 1403636699.2135556
Dropping frame 1403636699.4135554
Dropping frame 1403636699.5135555
Dropping frame 1403636699.7135556
Dropping frame 1403636699.8135555
Dropping frame 1403636700.0635555
Dropping frame 1403636700.1635556
Dropping frame 1403636700.2635555
Dropping frame 1403636700.5135555
Dropping frame 1403636700.6135554
Dropping frame 1403636700.7135556
Dropping frame 1403636700.9635556
Dropping frame 1403636701.1635556
Dropping frame 1403636701.2635555
Dropping frame 1403636701.3635557
Dropping frame 1403636701.4635556
Dropping frame 1403636701.8135555
Dropping frame 1403636701.9135554
Dropping frame 1403636702.0135555
Dropping frame 1403636702.1135554
Dropping frame 1403636702.3135555
Dropping frame 1403636702.6135554
Dropping frame 1403636702.7135556
Dropping frame 1403636702.9635556
Dropping frame 1403636703.0635555
Dropping frame 1403636703.1635556
Dropping frame 1403636703.2635555
Dropping frame 1403636703.5635555
Dropping frame 1403636703.6635556
Dropping frame 1403636703.7635555
Dropping frame 1403636703.8635557
Dropping frame 1403636703.9635556
Dropping frame 1403636704.7635555
Dropping frame 1403636704.8635557
Dropping frame 1403636705.2135556
Dropping frame 1403636705.3135555
Dropping frame 1403636705.4135554
Dropping frame 1403636705.5635555
Dropping frame 1403636705.8635557
Dropping frame 1403636706.0635555
Dropping frame 1403636706.1635556
Dropping frame 1403636706.2635555
Dropping frame 1403636706.3635557
Dropping frame 1403636706.6135554
Dropping frame 1403636706.7135556
Dropping frame 1403636706.9135554
Dropping frame 1403636707.0135555
Dropping frame 1403636707.1135554
Dropping frame 1403636707.2635555
Dropping frame 1403636707.3635557
Dropping frame 1403636707.5635555
Dropping frame 1403636707.6635556
Dropping frame 1403636707.9135554
Dropping frame 1403636708.1135554
Dropping frame 1403636708.3635557
Dropping frame 1403636708.4635556
Dropping frame 1403636708.5635555
Dropping frame 1403636708.7635555
Dropping frame 1403636708.8635557
Dropping frame 1403636709.1635556
Dropping frame 1403636709.2635555
Dropping frame 1403636709.5135555
Dropping frame 1403636709.6135554
Dropping frame 1403636710.0135555
Dropping frame 1403636710.2135556
Dropping frame 1403636710.3635557
Dropping frame 1403636710.6135554
Dropping frame 1403636710.7135556
Dropping frame 1403636710.8135555
Dropping frame 1403636711.0135555
Dropping frame 1403636711.1135554
Dropping frame 1403636711.2135556
Dropping frame 1403636711.3135555
Dropping frame 1403636711.5635555
Dropping frame 1403636711.6635556
Dropping frame 1403636712.3135555
Dropping frame 1403636712.4135554
Dropping frame 1403636712.5135555
Dropping frame 1403636712.7135556
Dropping frame 1403636712.8135555
Dropping frame 1403636713.0135555
Dropping frame 1403636713.1135554
Dropping frame 1403636713.2135556
Dropping frame 1403636713.7135556
Dropping frame 1403636713.9135554
Dropping frame 1403636714.0135555
Dropping frame 1403636714.2135556
Dropping frame 1403636715.0135555
Dropping frame 1403636715.1135554
Dropping frame 1403636715.2135556
Dropping frame 1403636715.4635556
Dropping frame 1403636715.6635556
Dropping frame 1403636715.9635556
Dropping frame 1403636716.3135555
Dropping frame 1403636716.4135554
Dropping frame 1403636716.6135554
Dropping frame 1403636716.7135556
Dropping frame 1403636716.8135555
Dropping frame 1403636717.0135555
Dropping frame 1403636717.1135554
Dropping frame 1403636717.3135555
Dropping frame 1403636717.4135554
Dropping frame 1403636717.5135555
Dropping frame 1403636717.6135554
Dropping frame 1403636717.7135556
Dropping frame 1403636718.0135555
Dropping frame 1403636718.1135554
Dropping frame 1403636718.2135556
Dropping frame 1403636718.4135554
Dropping frame 1403636718.5135555
Dropping frame 1403636718.6135554
Dropping frame 1403636718.7635555
Dropping frame 1403636718.9635556
Dropping frame 1403636719.1635556
Dropping frame 1403636719.2635555
Dropping frame 1403636719.3635557
Dropping frame 1403636719.5135555
Dropping frame 1403636719.8135555
Dropping frame 1403636719.9135554
Dropping frame 1403636720.0135555
Dropping frame 1403636720.1135554
Dropping frame 1403636720.2135556
Dropping frame 1403636720.5135555
Dropping frame 1403636720.6135554
Dropping frame 1403636720.7135556
Dropping frame 1403636720.8135555
Dropping frame 1403636721.2635555
Dropping frame 1403636721.3635557
Dropping frame 1403636721.4635556
Dropping frame 1403636721.5635555
Dropping frame 1403636721.7135556
Dropping frame 1403636721.9635556
Dropping frame 1403636722.0635555
Dropping frame 1403636722.1635556
Dropping frame 1403636722.2635555
Dropping frame 1403636723.0135555
Dropping frame 1403636723.1135554
Dropping frame 1403636723.2135556
Dropping frame 1403636723.4135554
Dropping frame 1403636723.6135554
Dropping frame 1403636723.8135555
Dropping frame 1403636723.9135554
Dropping frame 1403636724.0635555
Dropping frame 1403636724.3635557
Dropping frame 1403636724.4635556
Dropping frame 1403636724.5635555
Dropping frame 1403636724.7635555
Dropping frame 1403636724.9135554
Dropping frame 1403636725.0135555
Dropping frame 1403636725.2135556
Dropping frame 1403636725.3135555
Dropping frame 1403636725.4135554
Dropping frame 1403636725.6635556
Dropping frame 1403636725.7635555
Dropping frame 1403636726.1135554
Dropping frame 1403636726.3635557
Dropping frame 1403636726.6135554
Dropping frame 1403636726.7135556
Dropping frame 1403636726.9635556
Dropping frame 1403636727.0635555
Dropping frame 1403636727.4135554
Dropping frame 1403636727.7635555
Dropping frame 1403636727.8635557
Dropping frame 1403636728.1135554
Dropping frame 1403636728.4135554
Dropping frame 1403636728.7135556
Dropping frame 1403636728.9635556
Dropping frame 1403636729.0635555
Dropping frame 1403636729.3135555
Dropping frame 1403636729.4635556
Dropping frame 1403636730.0135555
Dropping frame 1403636730.2135556
Dropping frame 1403636730.5635555
Dropping frame 1403636730.7635555
Dropping frame 1403636731.1635556
Dropping frame 1403636731.2635555
Dropping frame 1403636731.3635557
Dropping frame 1403636731.5635555
Dropping frame 1403636731.6635556
Dropping frame 1403636731.9135554
Dropping frame 1403636732.0135555
Dropping frame 1403636732.1135554
Dropping frame 1403636732.2635555
Dropping frame 1403636732.4135554
Dropping frame 1403636732.6135554
Dropping frame 1403636732.7135556
Dropping frame 1403636732.9635556
Dropping frame 1403636733.1635556
Dropping frame 1403636733.2635555
Dropping frame 1403636733.3635557
Dropping frame 1403636733.6135554
Dropping frame 1403636733.8135555
Dropping frame 1403636734.0135555
Dropping frame 1403636734.2135556
Dropping frame 1403636734.4135554
Dropping frame 1403636734.5135555
Dropping frame 1403636734.8135555
Dropping frame 1403636734.9135554
Dropping frame 1403636735.0135555
Dropping frame 1403636735.2635555
Dropping frame 1403636735.4635556
Dropping frame 1403636735.5635555
Dropping frame 1403636735.6635556
Dropping frame 1403636735.8635557
Dropping frame 1403636735.9635556
Dropping frame 1403636736.1635556
Dropping frame 1403636736.2635555
Dropping frame 1403636736.5135555
Dropping frame 1403636736.7135556
Dropping frame 1403636736.8135555
Dropping frame 1403636736.9135554
Dropping frame 1403636737.1135554
Dropping frame 1403636737.2135556
Dropping frame 1403636737.3135555
Dropping frame 1403636737.4135554
Dropping frame 1403636737.5135555
Dropping frame 1403636738.0135555
Dropping frame 1403636738.1135554
Dropping frame 1403636738.2135556
Dropping frame 1403636738.5635555
Dropping frame 1403636738.7635555
Dropping frame 1403636738.8635557
Dropping frame 1403636739.0635555
Dropping frame 1403636739.1635556
Dropping frame 1403636739.4135554
Dropping frame 1403636739.6135554
Dropping frame 1403636739.7135556
Dropping frame 1403636739.8135555
Dropping frame 1403636739.9135554
Dropping frame 1403636740.0135555
Dropping frame 1403636740.2135556
Dropping frame 1403636740.4135554
Dropping frame 1403636740.5135555
Dropping frame 1403636740.7135556
Dropping frame 1403636740.8135555
Dropping frame 1403636740.9135554
Dropping frame 1403636741.0135555
Dropping frame 1403636741.2135556
Dropping frame 1403636741.4135554
Dropping frame 1403636741.5135555
Dropping frame 1403636741.6135554
Dropping frame 1403636741.8135555
Dropping frame 1403636742.0135555
Dropping frame 1403636742.1135554
Dropping frame 1403636742.2135556
Dropping frame 1403636742.3135555
Dropping frame 1403636742.4135554
Dropping frame 1403636742.5635555
Dropping frame 1403636742.7635555
Dropping frame 1403636742.8635557
Dropping frame 1403636742.9635556
Dropping frame 1403636743.1635556
Dropping frame 1403636743.7135556
Dropping frame 1403636743.8135555
Dropping frame 1403636743.9135554
Dropping frame 1403636744.1135554
Dropping frame 1403636744.2135556
Dropping frame 1403636744.3135555
Dropping frame 1403636744.5135555
Dropping frame 1403636744.7135556
Dropping frame 1403636744.8135555
Dropping frame 1403636744.9135554
Dropping frame 1403636745.1135554
Dropping frame 1403636745.3135555
Dropping frame 1403636745.4135554
Dropping frame 1403636745.5135555
Dropping frame 1403636745.6135554
Dropping frame 1403636745.8135555
Dropping frame 1403636746.0135555
Dropping frame 1403636746.2135556
Dropping frame 1403636746.3135555
Dropping frame 1403636746.4135554
Dropping frame 1403636746.5135555
Dropping frame 1403636746.7135556
Dropping frame 1403636746.9135554
Dropping frame 1403636747.1135554
Dropping frame 1403636747.2135556
Dropping frame 1403636747.3135555
Dropping frame 1403636747.4135554
Dropping frame 1403636747.6135554
Dropping frame 1403636747.7135556
Dropping frame 1403636747.8135555
Dropping frame 1403636748.0135555
Dropping frame 1403636748.2135556
Dropping frame 1403636748.4135554
Dropping frame 1403636748.6135554
Dropping frame 1403636748.7135556
Dropping frame 1403636748.8135555
Dropping frame 1403636748.9135554
Dropping frame 1403636749.0135555
Dropping frame 1403636749.1135554
Dropping frame 1403636749.3135555
Dropping frame 1403636749.5135555
Dropping frame 1403636749.7135556
Dropping frame 1403636749.9135554
Dropping frame 1403636750.0135555
Dropping frame 1403636750.1135554
Dropping frame 1403636750.3135555
Dropping frame 1403636750.4135554
Dropping frame 1403636750.5135555
Dropping frame 1403636750.6135554
Dropping frame 1403636750.8635557
Dropping frame 1403636751.0635555
Dropping frame 1403636751.1635556
Dropping frame 1403636751.2635555
Dropping frame 1403636751.3635557
Dropping frame 1403636751.5635555
Dropping frame 1403636751.7635555
Dropping frame 1403636751.9635556
Dropping frame 1403636752.1635556
Dropping frame 1403636752.2635555
Dropping frame 1403636752.3635557
Dropping frame 1403636752.4635556
Dropping frame 1403636752.5635555
Dropping frame 1403636752.7635555
Dropping frame 1403636752.9635556
Dropping frame 1403636753.1635556
Dropping frame 1403636753.3635557
Dropping frame 1403636753.5635555
Dropping frame 1403636753.6635556
Dropping frame 1403636753.7635555
Dropping frame 1403636753.8635557
Dropping frame 1403636753.9635556
Dropping frame 1403636754.1135554
Dropping frame 1403636754.3135555
Dropping frame 1403636754.4635556
Dropping frame 1403636754.5635555
Dropping frame 1403636754.8635557
Dropping frame 1403636755.0635555
Dropping frame 1403636755.1635556
Dropping frame 1403636755.2635555
Dropping frame 1403636755.3635557
Dropping frame 1403636755.4635556
Dropping frame 1403636755.7135556
Dropping frame 1403636755.9135554
Dropping frame 1403636756.1135554
Dropping frame 1403636756.2135556
Dropping frame 1403636756.4135554
Dropping frame 1403636756.5135555
Dropping frame 1403636756.6135554
Dropping frame 1403636756.7135556
Dropping frame 1403636756.8135555
Dropping frame 1403636757.0135555
Dropping frame 1403636757.1135554
Dropping frame 1403636757.2135556
Dropping frame 1403636757.4135554
Dropping frame 1403636757.6135554
Dropping frame 1403636757.8135555
Dropping frame 1403636758.0135555
Dropping frame 1403636758.1135554
Dropping frame 1403636758.2135556
Dropping frame 1403636758.3135555
Dropping frame 1403636758.5135555
Dropping frame 1403636758.7135556
Dropping frame 1403636758.8135555
Dropping frame 1403636758.9135554
Dropping frame 1403636759.1135554
Dropping frame 1403636759.3135555
Dropping frame 1403636759.5135555
Dropping frame 1403636759.6135554
Dropping frame 1403636759.8135555
Dropping frame 1403636760.0135555
Dropping frame 1403636760.1135554
Dropping frame 1403636760.2135556
Dropping frame 1403636760.4135554
Dropping frame 1403636760.6135554
Dropping frame 1403636760.7135556
Dropping frame 1403636760.8135555
Dropping frame 1403636760.9135554
Dropping frame 1403636761.1135554
Dropping frame 1403636761.2135556
Dropping frame 1403636761.3135555
Dropping frame 1403636761.5135555
Dropping frame 1403636761.6135554
Dropping frame 1403636761.7135556
Dropping frame 1403636761.9635556
Dropping frame 1403636762.1635556
Dropping frame 1403636762.3635557
Dropping frame 1403636762.4635556
Dropping frame 1403636762.5635555
Dropping frame 1403636762.7635555
Dropping frame 1403636762.9635556
Dropping frame 1403636763.0635555
Dropping frame 1403636763.1635556
Dropping frame 1403636763.2635555
Dropping frame 1403636763.3635557
Dropping frame 1403636763.5635555
Dropping frame 1403636763.7635555
Shutdown
SLAM Finished at System Time: 1732009053.43977

 TIME STATS in ms (mean$\pm$std)
OpenCV version: 4.8.1
---------------------------
Tracking

ORB Extraction: 16.996$\pm$1.6583
Stereo Matching: 7.1849$\pm$1.9531
IMU Preintegration: 0.26088$\pm$0.10561
Pose Prediction: 0.2069$\pm$0.60452
LM Track: 20.393$\pm$6.104
New KF decision: 1.017$\pm$1.9398
Total Tracking: 34.694$\pm$24.987



Local Mapping

KF Insertion: 17.678$\pm$8.0978
MP Culling: 0.4965$\pm$0.20213
MP Creation: 50.033$\pm$17.629
LBA: 166.27$\pm$56.682
KF Culling: 18.63$\pm$11.764
Total Local Mapping: 253.21$\pm$83.248
---------------------------

LBA complexity (mean$\pm$std)
LBA Edges: 1885.2$\pm$775.53
LBA KF optimized: 6.5$\pm$2.2913
LBA KF fixed: 1$\pm$0
LBA MP: nan$\pm$nan

LBA executions: 554
LBA aborts: 0
---------------------------

Map complexity
KFs in map: 152
MPs in map: 12334
---------------------------

Place Recognition (mean$\pm$std)
Database Query: 1.6202$\pm$0.93084
SE3 estimation: 14.269$\pm$16.482
Total Place Recognition: 14.348$\pm$16.899


Loop Closing (mean$\pm$std)
Loop Fusion: nan$\pm$nan
Essential Graph: nan$\pm$nan
Total Loop Closing: nan$\pm$nan

Num exec: 0
Number of KFs: nan$\pm$nan

Map Merging (mean$\pm$std)
Merge Maps: nan$\pm$nan
Welding BA: nan$\pm$nan
Optimization Ess.: nan$\pm$nan
Total Map Merging: nan$\pm$nan

Num exec: 0
Number of KFs: nan$\pm$nan
Number of MPs: nan$\pm$nan

Full GBA (mean$\pm$std)
GBA: nan$\pm$nan
Map Update: nan$\pm$nan
Total Full GBA: nan$\pm$nan

Num exec: 0
Num abort: 0
Number of KFs: nan$\pm$nan
Number of MPs: nan$\pm$nan

Saving trajectory to f_dataset-MH01_stereo_imu.txt ...
There are 1 maps in the atlas
  Map 0 has 152 KFs

End of saving trajectory to f_dataset-MH01_stereo_imu.txt ...

Saving keyframe trajectory to kf_dataset-MH01_stereo_imu.txt ...
