num_seq = 1
file name: dataset-MH05_stereo_imu
Loading images for sequence 0...LOADED!
Loading IMU for sequence 0...LOADED!

-------

ORB-SLAM3 Copyright (C) 2017-2020 Carlos Campos, Richard Elvira, Juan J. Gómez, José M.M. Montiel and Juan D. Tardós, University of Zaragoza.
ORB-SLAM2 Copyright (C) 2014-2016 Raúl Mur-Artal, José M.M. Montiel and Juan D. Tardós, University of Zaragoza.
This program comes with ABSOLUTELY NO WARRANTY;
This is free software, and you are welcome to redistribute it
under certain conditions. See LICENSE.txt.

Built with REGISTER_TIMES
Git Commit Hash: 90f15d8

Input sensor was set to: Stereo-Inertial
Loading settings from ./Examples/Stereo-Inertial/EuRoC_fov_deadlines_mask_8x8.yaml
	-Loaded camera 1
	-Loaded camera 2
	-Loaded image info
	-Loaded IMU calibration
	-Loaded ORB settings
	-Loaded viewer settings
	-Loaded Atlas settings
Deadlines enabled, will skip frames!
FOV enabled
Static mask size: 8x8
Dumping map points enabled
	-Loaded misc parameters
	-Computed rectification maps
----------------------------------
SLAM settings: 
	-Camera 1 parameters (Pinhole): [ 458.65399169921875 457.29598999023438 367.21499633789062 248.375 ]
	-Camera 1 distortion parameters: [  -0.28340810537338257 0.073959067463874817 0.00019359000725671649 1.7618711353861727e-05 ]
	-Camera 2 parameters (Pinhole: [ 457.58700561523438 456.13400268554688 379.99899291992188 255.23800659179688 ]
	-Camera 1 distortion parameters: [  -0.2836836576461792 0.074512839317321777 -0.00010473000293131918 -3.555907096597366e-05 ]
	-Original image size: [ 752 , 480 ]
	-Current image size: [ 752 , 480 ]
	-Camera 1 parameters after rectification: [  456.71499633789062 456.71499633789062 364.52615356445312 257.268798828125 ]
	-Sequence FPS: 20
	-Stereo baseline: 0.11007784307003021
	-Stereo depth threshold : 60
	-Gyro noise: 0.00016999999934341758
	-Accelerometer noise: 0.0020000000949949026
	-Gyro walk: 1.9392999092815444e-05
	-Accelerometer walk: 0.0030000000260770321
	-IMU frequency: 200
	-Features per image: 1200
	-ORB scale factor: 1.2000000476837158
	-ORB number of scales: 8
	-Initial FAST threshold: 20
	-Min FAST threshold: 7


Loading ORB Vocabulary. This could take a while...
Vocabulary loaded!

Initialization of Atlas from scratch 
Creation of new map with id: 0
Creation of new map with last KF id: 0
Seq. Name: 
There are 1 cameras in the atlas
Camera 0 is pinhole
SLAM Started at System Time: 1732011253.83854
not IMU meas
not IMU meas
not enough acceleration
not enough acceleration
not enough acceleration
not enough acceleration
not enough acceleration
not enough acceleration
not enough acceleration
not enough acceleration
not enough acceleration
not enough acceleration
not enough acceleration
not enough acceleration
not enough acceleration
not enough acceleration
not enough acceleration
not enough acceleration
not enough acceleration
not enough acceleration
not enough acceleration
not enough acceleration
not enough acceleration
not enough acceleration
not enough acceleration
not enough acceleration
not enough acceleration
not enough acceleration
not enough acceleration
not enough acceleration
not enough acceleration
not enough acceleration
not enough acceleration
not enough acceleration
not enough acceleration
not enough acceleration
not enough acceleration
not enough acceleration
not enough acceleration
not enough acceleration
not enough acceleration
not enough acceleration
not enough acceleration
not enough acceleration
not enough acceleration
not enough acceleration
not enough acceleration
not enough acceleration
not enough acceleration
not enough acceleration
not enough acceleration
not enough acceleration
not enough acceleration
not enough acceleration
not enough acceleration
not enough acceleration
not enough acceleration
not enough acceleration
not enough acceleration
not enough acceleration
not enough acceleration
not enough acceleration
not enough acceleration
not enough acceleration
not enough acceleration
not enough acceleration
not enough acceleration
not enough acceleration
not enough acceleration
not enough acceleration
not enough acceleration
not enough acceleration
not enough acceleration
not enough acceleration
not enough acceleration
not enough acceleration
not enough acceleration
not enough acceleration
not enough acceleration
not enough acceleration
First KF:0; Map init KF:0
New Map created with 114 points
Active map: 0
Dropping frame 1403638523.2778294
Dropping frame 1403638523.6278296
Dropping frame 1403638523.9778295
Dropping frame 1403638524.4278295
Dropping frame 1403638524.9778295
Dropping frame 1403638525.2778294
Dropping frame 1403638525.3778293
Dropping frame 1403638525.4778295
Dropping frame 1403638525.7278295
Dropping frame 1403638525.8278296
Dropping frame 1403638526.1778293
Dropping frame 1403638526.5278294
Dropping frame 1403638527.0278294
start VIBA 1
Dropping frame 1403638527.4778295
end VIBA 1
Dropping frame 1403638527.5778294
Dropping frame 1403638528.0278294
Dropping frame 1403638528.1278296
Dropping frame 1403638528.6278296
Dropping frame 1403638529.3278296
Dropping frame 1403638529.4278295
Dropping frame 1403638529.7778294
Dropping frame 1403638529.9778295
Dropping frame 1403638530.1778293
Dropping frame 1403638530.3778293
Dropping frame 1403638530.8278296
Dropping frame 1403638530.9278295
Dropping frame 1403638531.0278294
Dropping frame 1403638531.3278296
Dropping frame 1403638531.4278295
Not enough motion for initializing. Reseting...
TRACK: Reset map because local mapper set the bad imu flag 
LM: Reseting current map in Local Mapping...
LM: End reseting Local Mapping...
LM: Reset free the mutex
LM: Active map reset recieved
LM: Active map reset, waiting...
LM: Reseting current map in Local Mapping...
LM: End reseting Local Mapping...
LM: Reset free the mutex
LM: Active map reset, Done!!!
mnFirstFrameId = 80
mnInitialFrameId = 0
159 Frames set to lost
not IMU meas
not enough acceleration
not enough acceleration
not enough acceleration
not enough acceleration
not enough acceleration
not enough acceleration
not enough acceleration
not enough acceleration
not enough acceleration
not enough acceleration
not enough acceleration
not enough acceleration
not enough acceleration
not enough acceleration
not enough acceleration
not enough acceleration
not enough acceleration
not enough acceleration
not enough acceleration
not enough acceleration
not enough acceleration
not enough acceleration
not enough acceleration
not enough acceleration
not enough acceleration
not enough acceleration
not enough acceleration
not enough acceleration
not enough acceleration
not enough acceleration
not enough acceleration
not enough acceleration
Dropping frame 1403638533.1778293
not enough acceleration
not enough acceleration
not enough acceleration
not enough acceleration
not enough acceleration
not enough acceleration
not enough acceleration
not enough acceleration
not enough acceleration
not enough acceleration
not enough acceleration
not enough acceleration
not enough acceleration
not enough acceleration
not enough acceleration
not enough acceleration
not enough acceleration
not enough acceleration
not enough acceleration
not enough acceleration
not enough acceleration
not enough acceleration
not enough acceleration
not enough acceleration
not enough acceleration
not enough acceleration
not enough acceleration
not enough acceleration
not enough acceleration
not enough acceleration
not enough acceleration
not enough acceleration
not enough acceleration
not enough acceleration
not enough acceleration
not enough acceleration
not enough acceleration
not enough acceleration
not enough acceleration
not enough acceleration
not enough acceleration
not enough acceleration
not enough acceleration
not enough acceleration
not enough acceleration
not enough acceleration
not enough acceleration
not enough acceleration
not enough acceleration
not enough acceleration
not enough acceleration
not enough acceleration
not enough acceleration
not enough acceleration
not enough acceleration
not enough acceleration
not enough acceleration
not enough acceleration
not enough acceleration
not enough acceleration
not enough acceleration
not enough acceleration
not enough acceleration
not enough acceleration
not enough acceleration
not enough acceleration
not enough acceleration
not enough acceleration
not enough acceleration
not enough acceleration
not enough acceleration
not enough acceleration
not enough acceleration
not enough acceleration
not enough acceleration
not enough acceleration
not enough acceleration
not enough acceleration
not enough acceleration
not enough acceleration
not enough acceleration
not enough acceleration
not enough acceleration
not enough acceleration
not enough acceleration
not enough acceleration
not enough acceleration
not enough acceleration
not enough acceleration
not enough acceleration
not enough acceleration
not enough acceleration
not enough acceleration
not enough acceleration
not enough acceleration
not enough acceleration
not enough acceleration
not enough acceleration
not enough acceleration
not enough acceleration
not enough acceleration
not enough acceleration
not enough acceleration
not enough acceleration
not enough acceleration
not enough acceleration
not enough acceleration
not enough acceleration
not enough acceleration
not enough acceleration
not enough acceleration
First KF:40; Map init KF:0
New Map created with 154 points
Active map: 0
Dropping frame 1403638542.8778293
Dropping frame 1403638543.3278296
Dropping frame 1403638543.4278295
Dropping frame 1403638543.6278296
Dropping frame 1403638543.7778294
start VIBA 1
Dropping frame 1403638544.0778294
end VIBA 1
Dropping frame 1403638544.3778293
Dropping frame 1403638544.8778293
Dropping frame 1403638545.1278296
Dropping frame 1403638545.6278296
Dropping frame 1403638545.7278295
Dropping frame 1403638545.9778295
Dropping frame 1403638546.6278296
Dropping frame 1403638546.7278295
Dropping frame 1403638547.2278295
Dropping frame 1403638547.4278295
Dropping frame 1403638547.5778294
Dropping frame 1403638547.7778294
Dropping frame 1403638547.8778293
Dropping frame 1403638548.0778294
Dropping frame 1403638548.5778294
Dropping frame 1403638548.8778293
Dropping frame 1403638548.9778295
Dropping frame 1403638549.0778294
Dropping frame 1403638549.1778293
Dropping frame 1403638549.3278296
Dropping frame 1403638549.4778295
Dropping frame 1403638549.5778294
Dropping frame 1403638549.7778294
Dropping frame 1403638550.1278296
Dropping frame 1403638550.2278295
Dropping frame 1403638550.3278296
Dropping frame 1403638550.4278295
Dropping frame 1403638550.5778294
Dropping frame 1403638550.6778293
Dropping frame 1403638550.8278296
Dropping frame 1403638551.0278294
Dropping frame 1403638551.2278295
Dropping frame 1403638551.3278296
Dropping frame 1403638551.6278296
Dropping frame 1403638551.7278295
Dropping frame 1403638552.4278295
Dropping frame 1403638552.6278296
Dropping frame 1403638552.7278295
Dropping frame 1403638552.8778293
Dropping frame 1403638552.9778295
Dropping frame 1403638553.1278296
Dropping frame 1403638553.2278295
Dropping frame 1403638553.4778295
Dropping frame 1403638553.5778294
Dropping frame 1403638553.8278296
start VIBA 2
Dropping frame 1403638554.4778295
end VIBA 2
Dropping frame 1403638554.5778294
Dropping frame 1403638554.8278296
Dropping frame 1403638554.9778295
Dropping frame 1403638555.1278296
Dropping frame 1403638555.2278295
Dropping frame 1403638555.5778294
Dropping frame 1403638555.6778293
Dropping frame 1403638555.7778294
Dropping frame 1403638555.8778293
Dropping frame 1403638556.1278296
Dropping frame 1403638556.3278296
Dropping frame 1403638556.5278294
Dropping frame 1403638556.7278295
Dropping frame 1403638556.8278296
Dropping frame 1403638557.0278294
Dropping frame 1403638557.1278296
Dropping frame 1403638557.3278296
Dropping frame 1403638557.5278294
Dropping frame 1403638557.6278296
Dropping frame 1403638557.8778293
Dropping frame 1403638557.9778295
Dropping frame 1403638558.0778294
Dropping frame 1403638558.2278295
Dropping frame 1403638558.4778295
Dropping frame 1403638558.6778293
Dropping frame 1403638558.8778293
Dropping frame 1403638559.0778294
Dropping frame 1403638559.1778293
Dropping frame 1403638559.3778293
Dropping frame 1403638559.5778294
Dropping frame 1403638559.6778293
Dropping frame 1403638559.8778293
Dropping frame 1403638559.9778295
Dropping frame 1403638560.2278295
Dropping frame 1403638560.3278296
Dropping frame 1403638560.5778294
Dropping frame 1403638560.7778294
Dropping frame 1403638560.8778293
Dropping frame 1403638560.9778295
Dropping frame 1403638561.2778294
Dropping frame 1403638561.4778295
Dropping frame 1403638561.5778294
Dropping frame 1403638561.9278295
Dropping frame 1403638562.1278296
Dropping frame 1403638562.2278295
Dropping frame 1403638562.3278296
Dropping frame 1403638562.5278294
Dropping frame 1403638562.6278296
Dropping frame 1403638562.7278295
Dropping frame 1403638562.9278295
Dropping frame 1403638563.1278296
Dropping frame 1403638563.2278295
Dropping frame 1403638563.4278295
Dropping frame 1403638563.6278296
Dropping frame 1403638563.7278295
Dropping frame 1403638563.9278295
Dropping frame 1403638564.1278296
Dropping frame 1403638564.2278295
Dropping frame 1403638564.3778293
Dropping frame 1403638564.5778294
Dropping frame 1403638564.7778294
Dropping frame 1403638564.8778293
Dropping frame 1403638564.9778295
Dropping frame 1403638565.0778294
Dropping frame 1403638565.2778294
Dropping frame 1403638565.3778293
Dropping frame 1403638565.8778293
Dropping frame 1403638566.1278296
Dropping frame 1403638566.3278296
Dropping frame 1403638566.4278295
Dropping frame 1403638566.5278294
Dropping frame 1403638566.6278296
Dropping frame 1403638566.8278296
Dropping frame 1403638567.0778294
Dropping frame 1403638567.1778293
Dropping frame 1403638567.3778293
Dropping frame 1403638567.5778294
Dropping frame 1403638567.7278295
Dropping frame 1403638567.8278296
Dropping frame 1403638567.9778295
Dropping frame 1403638568.1778293
Dropping frame 1403638568.3778293
Dropping frame 1403638568.5778294
Dropping frame 1403638568.7778294
Dropping frame 1403638568.8778293
Dropping frame 1403638568.9778295
Dropping frame 1403638569.0778294
Dropping frame 1403638569.2778294
Dropping frame 1403638569.4278295
Dropping frame 1403638569.6278296
Dropping frame 1403638569.7278295
Dropping frame 1403638569.8278296
Dropping frame 1403638570.1278296
Dropping frame 1403638570.8778293
Dropping frame 1403638570.9778295
Dropping frame 1403638571.0778294
Dropping frame 1403638571.2778294
Dropping frame 1403638571.3778293
Dropping frame 1403638571.4778295
Dropping frame 1403638571.6778293
Dropping frame 1403638571.8778293
Dropping frame 1403638571.9778295
Dropping frame 1403638572.1278296
Dropping frame 1403638572.3278296
Dropping frame 1403638572.5278294
Dropping frame 1403638572.7278295
Dropping frame 1403638572.8278296
Dropping frame 1403638573.0278294
Dropping frame 1403638573.1278296
Dropping frame 1403638573.2278295
Dropping frame 1403638573.3278296
Dropping frame 1403638573.5278294
Dropping frame 1403638573.6278296
Dropping frame 1403638573.7278295
Dropping frame 1403638573.9278295
Dropping frame 1403638574.0278294
Dropping frame 1403638574.2778294
Dropping frame 1403638574.3778293
Dropping frame 1403638574.4778295
Dropping frame 1403638574.6778293
Dropping frame 1403638574.8778293
Dropping frame 1403638574.9778295
Dropping frame 1403638575.0778294
Dropping frame 1403638575.2778294
Dropping frame 1403638575.4278295
Dropping frame 1403638575.6278296
Dropping frame 1403638575.8278296
Dropping frame 1403638575.9278295
Dropping frame 1403638576.1778293
Dropping frame 1403638577.1278296
Dropping frame 1403638577.4278295
Dropping frame 1403638577.7778294
Dropping frame 1403638578.1778293
Dropping frame 1403638578.4778295
Dropping frame 1403638578.6778293
Dropping frame 1403638578.7778294
Dropping frame 1403638579.1778293
Dropping frame 1403638579.2778294
Dropping frame 1403638579.5278294
Dropping frame 1403638579.7278295
Dropping frame 1403638579.9278295
Dropping frame 1403638580.0278294
Dropping frame 1403638580.1278296
Dropping frame 1403638580.3278296
Dropping frame 1403638580.5278294
Dropping frame 1403638580.7278295
Dropping frame 1403638580.8278296
Dropping frame 1403638580.9278295
Dropping frame 1403638581.1278296
Dropping frame 1403638581.4278295
Dropping frame 1403638581.6278296
Dropping frame 1403638581.9278295
Dropping frame 1403638582.0278294
Dropping frame 1403638582.2778294
Dropping frame 1403638582.7278295
Dropping frame 1403638583.0278294
Dropping frame 1403638583.2278295
Dropping frame 1403638583.4778295
Dropping frame 1403638583.5778294
Dropping frame 1403638583.8278296
Dropping frame 1403638583.9278295
Dropping frame 1403638584.0278294
Dropping frame 1403638584.2278295
Dropping frame 1403638584.4278295
Dropping frame 1403638584.6278296
Dropping frame 1403638584.8278296
Dropping frame 1403638585.1278296
Dropping frame 1403638585.3278296
Dropping frame 1403638586.9278295
Dropping frame 1403638587.2278295
Dropping frame 1403638587.5778294
Dropping frame 1403638587.7778294
Dropping frame 1403638587.9278295
Dropping frame 1403638588.5778294
Dropping frame 1403638588.7778294
Dropping frame 1403638589.0778294
Dropping frame 1403638589.1778293
Dropping frame 1403638589.3778293
Dropping frame 1403638589.6778293
Dropping frame 1403638589.8278296
Dropping frame 1403638590.0278294
Dropping frame 1403638590.3278296
Dropping frame 1403638590.5278294
Dropping frame 1403638590.7278295
Dropping frame 1403638591.1778293
Dropping frame 1403638591.2778294
Dropping frame 1403638591.4778295
Dropping frame 1403638591.5778294
Dropping frame 1403638591.8278296
Dropping frame 1403638592.0278294
Dropping frame 1403638592.2278295
Dropping frame 1403638592.3278296
Dropping frame 1403638592.4278295
Dropping frame 1403638592.5278294
Dropping frame 1403638592.6278296
Dropping frame 1403638592.8278296
Dropping frame 1403638592.9278295
Dropping frame 1403638593.0278294
Dropping frame 1403638593.1278296
Dropping frame 1403638593.2278295
Dropping frame 1403638593.3278296
Dropping frame 1403638593.4278295
Dropping frame 1403638593.5278294
Dropping frame 1403638593.6278296
Dropping frame 1403638593.7278295
Dropping frame 1403638593.9278295
Dropping frame 1403638594.1778293
Dropping frame 1403638594.3778293
Dropping frame 1403638594.5778294
Dropping frame 1403638594.7278295
Dropping frame 1403638594.9278295
Dropping frame 1403638595.1278296
Dropping frame 1403638595.3278296
Dropping frame 1403638595.4278295
Dropping frame 1403638595.6778293
Dropping frame 1403638595.7778294
Dropping frame 1403638596.1778293
Dropping frame 1403638596.2778294
Dropping frame 1403638596.5778294
Dropping frame 1403638596.7778294
Dropping frame 1403638597.0778294
Dropping frame 1403638597.1778293
Dropping frame 1403638597.5778294
Dropping frame 1403638597.6778293
Dropping frame 1403638597.7778294
Dropping frame 1403638597.9778295
Dropping frame 1403638598.1778293
Dropping frame 1403638598.3778293
Dropping frame 1403638598.8278296
Dropping frame 1403638599.0278294
Dropping frame 1403638599.2278295
Dropping frame 1403638599.7778294
Dropping frame 1403638600.1778293
*Loop detected
phi = -0.0099515213136477272 -0.0079277555359172323 -0.0050829381217016604
BAD LOOP!!!
Dropping frame 1403638600.3778293
Dropping frame 1403638600.6778293
*Loop detected
phi = -0.0054855064725089228  -0.016993309954336653  -0.016584839614038782
BAD LOOP!!!
*Loop detected
phi = -0.0065927189944992972  -0.012709824799677789 -0.0086416941640141617
BAD LOOP!!!
Dropping frame 1403638601.1278296
Dropping frame 1403638601.3278296
Dropping frame 1403638601.4778295
*Loop detected
phi = 0.0033825203028294204 -0.012484446809335161 -0.012607018837443942
BAD LOOP!!!
Dropping frame 1403638601.6778293
Dropping frame 1403638601.7778294
*Loop detected
phi =   0.017171711724270084 -0.0066486777392764903   0.034551394106602878
BAD LOOP!!!
*Loop detected
phi =   0.027903034668389216  -0.010541554302724259 -0.0072850911799584705
BAD LOOP!!!
Dropping frame 1403638602.4778295
*Loop detected
phi =   0.0042543839120239221 -0.00076076514553676238   0.0014817379554970087
Local Mapping STOP
Local Mapping RELEASE
Dropping frame 1403638602.9778295
Local Mapping STOP
Local Mapping RELEASE
Dropping frame 1403638604.4278295
Dropping frame 1403638606.0278294
Dropping frame 1403638610.1778293
Dropping frame 1403638620.4778295
Dropping frame 1403638621.0278294
Dropping frame 1403638621.4778295
Dropping frame 1403638621.6778293
*Loop detected
phi =  0.010134683026310758   -0.0172085087398362 -0.046299713560215942
BAD LOOP!!!
Dropping frame 1403638622.0278294
Dropping frame 1403638622.1278296
*Loop detected
phi =   0.016143187322049477 -0.0073888357174432618  -0.047630311593666895
BAD LOOP!!!
*Loop detected
phi =    0.00883046117523195 -0.0042296916246301348  -0.039803807984863077
BAD LOOP!!!
Dropping frame 1403638622.7778294
Dropping frame 1403638622.9778295
*Loop detected
phi =   0.027290659177386795 -0.0071553443999715794  -0.041939805472296234
BAD LOOP!!!
Dropping frame 1403638623.1778293
Dropping frame 1403638623.3778293
*Loop detected
phi =  0.0055741978844810122 0.00032341071638041364  -0.044746065106725838
Local Mapping STOP
Local Mapping RELEASE
Dropping frame 1403638623.8278296
Dropping frame 1403638624.0278294
Dropping frame 1403638624.3778293
Dropping frame 1403638624.7278295
Dropping frame 1403638625.0778294
Local Mapping STOP
Local Mapping RELEASE
Dropping frame 1403638625.9278295
Dropping frame 1403638626.3778293
Dropping frame 1403638626.4778295
Dropping frame 1403638626.6778293
Dropping frame 1403638627.0278294
Dropping frame 1403638627.2778294
Dropping frame 1403638627.5778294
Dropping frame 1403638627.7778294
Dropping frame 1403638627.8778293
Dropping frame 1403638627.9778295
Dropping frame 1403638628.2278295
Dropping frame 1403638628.4278295
Dropping frame 1403638628.9278295
Dropping frame 1403638629.1278296
Dropping frame 1403638629.2278295
Dropping frame 1403638629.3778293
Dropping frame 1403638629.6278296
Dropping frame 1403638629.7278295
Dropping frame 1403638629.9778295
Dropping frame 1403638630.3778293
Dropping frame 1403638630.5778294
Dropping frame 1403638630.7278295
Dropping frame 1403638631.2778294
Dropping frame 1403638631.4778295
Dropping frame 1403638631.6278296
Shutdown
SLAM Finished at System Time: 1732011387.68602

 TIME STATS in ms (mean$\pm$std)
OpenCV version: 4.8.1
---------------------------
Tracking

ORB Extraction: 16.611$\pm$2.1676
Stereo Matching: 7.9586$\pm$1.9099
IMU Preintegration: 0.20919$\pm$0.090564
Pose Prediction: 0.39982$\pm$1.1861
LM Track: 16.986$\pm$4.4716
New KF decision: 1.1267$\pm$1.9441
Total Tracking: 33.052$\pm$21.897



Local Mapping

KF Insertion: 12.877$\pm$4.3334
MP Culling: 0.46313$\pm$0.19735
MP Creation: 41.401$\pm$12.871
LBA: 142.94$\pm$42.578
KF Culling: 9.9818$\pm$7.459
Total Local Mapping: 207.7$\pm$61.665
---------------------------

LBA complexity (mean$\pm$std)
LBA Edges: 2112.8$\pm$1085.3
LBA KF optimized: 6.5$\pm$2.2913
LBA KF fixed: 1$\pm$0
LBA MP: nan$\pm$nan

LBA executions: 414
LBA aborts: 1
---------------------------

Map complexity
KFs in map: 194
MPs in map: 15940
---------------------------

Place Recognition (mean$\pm$std)
Database Query: 1.9773$\pm$1.0583
SE3 estimation: 26.92$\pm$16.731
Total Place Recognition: 21.895$\pm$19.538


Loop Closing (mean$\pm$std)
Loop Fusion: 130.9$\pm$65.97
Essential Graph: 125.89$\pm$1.9195
Total Loop Closing: 262$\pm$66.152

Num exec: 2
Number of KFs: nan$\pm$nan

Map Merging (mean$\pm$std)
Merge Maps: nan$\pm$nan
Welding BA: nan$\pm$nan
Optimization Ess.: nan$\pm$nan
Total Map Merging: nan$\pm$nan

Num exec: 0
Number of KFs: nan$\pm$nan
Number of MPs: nan$\pm$nan

Full GBA (mean$\pm$std)
GBA: 1923.5$\pm$380.19
Map Update: 67.371$\pm$53.092
Total Full GBA: 1990.8$\pm$327.1

Num exec: 2
Num abort: 0
Number of KFs: 180$\pm$18
Number of MPs: 16144$\pm$882

Saving trajectory to f_dataset-MH05_stereo_imu.txt ...
There are 1 maps in the atlas
  Map 0 has 194 KFs

End of saving trajectory to f_dataset-MH05_stereo_imu.txt ...

Saving keyframe trajectory to kf_dataset-MH05_stereo_imu.txt ...
