num_seq = 1
file name: dataset-MH05_stereo_imu
Loading images for sequence 0...LOADED!
Loading IMU for sequence 0...LOADED!

-------

ORB-SLAM3 Copyright (C) 2017-2020 Carlos Campos, Richard Elvira, Juan J. Gómez, José M.M. Montiel and Juan D. Tardós, University of Zaragoza.
ORB-SLAM2 Copyright (C) 2014-2016 Raúl Mur-Artal, José M.M. Montiel and Juan D. Tardós, University of Zaragoza.
This program comes with ABSOLUTELY NO WARRANTY;
This is free software, and you are welcome to redistribute it
under certain conditions. See LICENSE.txt.

Built with REGISTER_TIMES
Git Commit Hash: 42e930e

Compiled with C++ version: 201703

Input sensor was set to: Stereo-Inertial
Loading settings from ./Examples/Stereo-Inertial/EuRoC_fov_deadlines_mask_8x8.yaml
	-Loaded camera 1
	-Loaded camera 2
	-Loaded image info
	-Loaded IMU calibration
	-Loaded ORB settings
	-Loaded viewer settings
	-Loaded Atlas settings
Deadlines enabled, will skip frames!
FOV enabled
Static mask size: 8x8
Dumping map points enabled
	-Loaded misc parameters
	-Computed rectification maps
----------------------------------
SLAM settings: 
	-Camera 1 parameters (Pinhole): [ 458.65399169921875 457.29598999023438 367.21499633789062 248.375 ]
	-Camera 1 distortion parameters: [  -0.28340810537338257 0.073959067463874817 0.00019359000725671649 1.7618711353861727e-05 ]
	-Camera 2 parameters (Pinhole: [ 457.58700561523438 456.13400268554688 379.99899291992188 255.23800659179688 ]
	-Camera 1 distortion parameters: [  -0.2836836576461792 0.074512839317321777 -0.00010473000293131918 -3.555907096597366e-05 ]
	-Original image size: [ 752 , 480 ]
	-Current image size: [ 752 , 480 ]
	-Camera 1 parameters after rectification: [  456.71499633789062 456.71499633789062 364.52615356445312 257.268798828125 ]
	-Sequence FPS: 20
	-Stereo baseline: 0.11007784307003021
	-Stereo depth threshold : 60
	-Gyro noise: 0.00016999999934341758
	-Accelerometer noise: 0.0020000000949949026
	-Gyro walk: 1.9392999092815444e-05
	-Accelerometer walk: 0.0030000000260770321
	-IMU frequency: 200
	-Features per image: 1200
	-ORB scale factor: 1.2000000476837158
	-ORB number of scales: 8
	-Initial FAST threshold: 20
	-Min FAST threshold: 7


Loading ORB Vocabulary. This could take a while...
Vocabulary loaded!

Initialization of Atlas from scratch 
Creation of new map with id: 0
Creation of new map with last KF id: 0
Seq. Name: 
There are 1 cameras in the atlas
Camera 0 is pinhole
SLAM Started at System Time: 1734509824.51848
not IMU meas
not IMU meas
not enough acceleration
not enough acceleration
not enough acceleration
not enough acceleration
not enough acceleration
not enough acceleration
not enough acceleration
not enough acceleration
not enough acceleration
not enough acceleration
not enough acceleration
not enough acceleration
not enough acceleration
not enough acceleration
not enough acceleration
not enough acceleration
not enough acceleration
not enough acceleration
not enough acceleration
not enough acceleration
not enough acceleration
not enough acceleration
not enough acceleration
not enough acceleration
not enough acceleration
not enough acceleration
not enough acceleration
not enough acceleration
not enough acceleration
not enough acceleration
not enough acceleration
not enough acceleration
not enough acceleration
not enough acceleration
not enough acceleration
not enough acceleration
not enough acceleration
not enough acceleration
not enough acceleration
not enough acceleration
not enough acceleration
not enough acceleration
not enough acceleration
not enough acceleration
not enough acceleration
not enough acceleration
not enough acceleration
not enough acceleration
not enough acceleration
not enough acceleration
not enough acceleration
not enough acceleration
not enough acceleration
not enough acceleration
not enough acceleration
not enough acceleration
not enough acceleration
not enough acceleration
not enough acceleration
not enough acceleration
not enough acceleration
not enough acceleration
not enough acceleration
not enough acceleration
not enough acceleration
not enough acceleration
not enough acceleration
not enough acceleration
not enough acceleration
not enough acceleration
not enough acceleration
not enough acceleration
not enough acceleration
not enough acceleration
not enough acceleration
not enough acceleration
not enough acceleration
not enough acceleration
First KF:0; Map init KF:0
New Map created with 114 points
Active map: 0
Dropping frame 1403638522.9778295
Dropping frame 1403638523.1778293
Dropping frame 1403638523.4778295
Dropping frame 1403638523.6278296
Dropping frame 1403638523.9278295
Dropping frame 1403638524.1778293
Dropping frame 1403638524.3278296
Dropping frame 1403638525.3278296
Dropping frame 1403638525.5778294
Dropping frame 1403638525.7278295
Dropping frame 1403638526.0778294
Dropping frame 1403638526.2278295
Dropping frame 1403638526.4278295
Dropping frame 1403638526.8278296
start VIBA 1
Dropping frame 1403638527.4778295
end VIBA 1
Dropping frame 1403638528.4278295
Dropping frame 1403638529.6278296
Dropping frame 1403638530.1778293
Dropping frame 1403638530.3278296
Dropping frame 1403638530.4278295
Dropping frame 1403638530.5778294
Dropping frame 1403638530.9278295
Dropping frame 1403638531.0278294
Dropping frame 1403638531.2778294
Not enough motion for initializing. Reseting...
TRACK: Reset map because local mapper set the bad imu flag 
LM: Active map reset recieved
LM: Active map reset, waiting...
LM: Reseting current map in Local Mapping...
LM: End reseting Local Mapping...
LM: Reset free the mutex
LM: Active map reset, Done!!!
mnFirstFrameId = 80
mnInitialFrameId = 0
175 Frames set to lost
not IMU meas
not enough acceleration
not enough acceleration
not enough acceleration
not enough acceleration
not enough acceleration
not enough acceleration
not enough acceleration
not enough acceleration
not enough acceleration
Dropping frame 1403638532.5778294
not enough acceleration
not enough acceleration
not enough acceleration
Dropping frame 1403638532.7778294
not enough acceleration
not enough acceleration
not enough acceleration
not enough acceleration
not enough acceleration
not enough acceleration
not enough acceleration
not enough acceleration
not enough acceleration
not enough acceleration
not enough acceleration
not enough acceleration
not enough acceleration
not enough acceleration
not enough acceleration
not enough acceleration
not enough acceleration
not enough acceleration
not enough acceleration
not enough acceleration
not enough acceleration
not enough acceleration
not enough acceleration
not enough acceleration
not enough acceleration
not enough acceleration
not enough acceleration
not enough acceleration
not enough acceleration
not enough acceleration
not enough acceleration
not enough acceleration
not enough acceleration
not enough acceleration
not enough acceleration
not enough acceleration
Dropping frame 1403638534.6278296
not enough acceleration
not enough acceleration
not enough acceleration
not enough acceleration
not enough acceleration
not enough acceleration
not enough acceleration
not enough acceleration
not enough acceleration
not enough acceleration
not enough acceleration
not enough acceleration
not enough acceleration
not enough acceleration
not enough acceleration
not enough acceleration
not enough acceleration
not enough acceleration
not enough acceleration
not enough acceleration
not enough acceleration
not enough acceleration
not enough acceleration
not enough acceleration
not enough acceleration
not enough acceleration
not enough acceleration
not enough acceleration
not enough acceleration
not enough acceleration
not enough acceleration
not enough acceleration
not enough acceleration
not enough acceleration
not enough acceleration
not enough acceleration
not enough acceleration
not enough acceleration
not enough acceleration
not enough acceleration
not enough acceleration
not enough acceleration
not enough acceleration
not enough acceleration
not enough acceleration
not enough acceleration
not enough acceleration
not enough acceleration
not enough acceleration
not enough acceleration
not enough acceleration
not enough acceleration
not enough acceleration
not enough acceleration
not enough acceleration
not enough acceleration
not enough acceleration
not enough acceleration
not enough acceleration
not enough acceleration
not enough acceleration
not enough acceleration
not enough acceleration
not enough acceleration
not enough acceleration
not enough acceleration
not enough acceleration
not enough acceleration
not enough acceleration
not enough acceleration
not enough acceleration
not enough acceleration
not enough acceleration
not enough acceleration
not enough acceleration
not enough acceleration
not enough acceleration
not enough acceleration
not enough acceleration
not enough acceleration
not enough acceleration
not enough acceleration
First KF:41; Map init KF:0
New Map created with 154 points
Active map: 0
Dropping frame 1403638543.1778293
Dropping frame 1403638543.3778293
Dropping frame 1403638543.8778293
Dropping frame 1403638543.9778295
start VIBA 1
Dropping frame 1403638544.2278295
end VIBA 1
Dropping frame 1403638544.4778295
Dropping frame 1403638544.5778294
Dropping frame 1403638544.6778293
Dropping frame 1403638544.8778293
Dropping frame 1403638545.5278294
Dropping frame 1403638546.1778293
Dropping frame 1403638546.6278296
Dropping frame 1403638546.7278295
Dropping frame 1403638547.4778295
Dropping frame 1403638547.6778293
Dropping frame 1403638548.0278294
Dropping frame 1403638548.1278296
Dropping frame 1403638548.4278295
Dropping frame 1403638548.6278296
Dropping frame 1403638548.8278296
Dropping frame 1403638548.9278295
Dropping frame 1403638549.0278294
Dropping frame 1403638549.2278295
Dropping frame 1403638549.3278296
Dropping frame 1403638549.4778295
Dropping frame 1403638549.5778294
Dropping frame 1403638549.7778294
Dropping frame 1403638549.9778295
Dropping frame 1403638550.2278295
Dropping frame 1403638550.3278296
Dropping frame 1403638550.4778295
Dropping frame 1403638550.8778293
Dropping frame 1403638551.1278296
Dropping frame 1403638551.2778294
Dropping frame 1403638551.3778293
Dropping frame 1403638551.5278294
Dropping frame 1403638551.6278296
Dropping frame 1403638551.8778293
Dropping frame 1403638552.0778294
Dropping frame 1403638552.1778293
Dropping frame 1403638552.3778293
Dropping frame 1403638552.5778294
Dropping frame 1403638553.0778294
Dropping frame 1403638553.1778293
Dropping frame 1403638553.2778294
Dropping frame 1403638553.4778295
Dropping frame 1403638553.5778294
Dropping frame 1403638553.7278295
Dropping frame 1403638553.8278296
Dropping frame 1403638553.9278295
Dropping frame 1403638554.1278296
start VIBA 2
Dropping frame 1403638554.3278296
Dropping frame 1403638554.4278295
Dropping frame 1403638554.5778294
Dropping frame 1403638554.6778293
end VIBA 2
Dropping frame 1403638554.8778293
Dropping frame 1403638554.9778295
Dropping frame 1403638555.2278295
Dropping frame 1403638555.3278296
Dropping frame 1403638555.4278295
Dropping frame 1403638555.6278296
Dropping frame 1403638555.8278296
Dropping frame 1403638556.0278294
Dropping frame 1403638556.1778293
Dropping frame 1403638556.3778293
Dropping frame 1403638556.5778294
Dropping frame 1403638556.6778293
Dropping frame 1403638556.8778293
Dropping frame 1403638557.0778294
Dropping frame 1403638557.1778293
Dropping frame 1403638557.2778294
Dropping frame 1403638557.4778295
Dropping frame 1403638557.5778294
Dropping frame 1403638557.8278296
Dropping frame 1403638557.9278295
Dropping frame 1403638558.0278294
Dropping frame 1403638558.2778294
Dropping frame 1403638558.4778295
Dropping frame 1403638558.7278295
Dropping frame 1403638558.8278296
Dropping frame 1403638558.9278295
Dropping frame 1403638559.1778293
Dropping frame 1403638559.4278295
Dropping frame 1403638559.5278294
Dropping frame 1403638559.7778294
Dropping frame 1403638559.8778293
Dropping frame 1403638560.0778294
Dropping frame 1403638560.2778294
Dropping frame 1403638560.3778293
Dropping frame 1403638560.5778294
Dropping frame 1403638560.7778294
Dropping frame 1403638560.8778293
Dropping frame 1403638560.9778295
Dropping frame 1403638561.2278295
Dropping frame 1403638561.3278296
Dropping frame 1403638561.5778294
Dropping frame 1403638561.7778294
Dropping frame 1403638561.8778293
Dropping frame 1403638561.9778295
Dropping frame 1403638562.1778293
Dropping frame 1403638562.3278296
Dropping frame 1403638562.5278294
Dropping frame 1403638562.6278296
Dropping frame 1403638562.7278295
Dropping frame 1403638562.8278296
Dropping frame 1403638563.0278294
Dropping frame 1403638563.3278296
Dropping frame 1403638563.5278294
Dropping frame 1403638563.7278295
Dropping frame 1403638563.8278296
Dropping frame 1403638563.9278295
Dropping frame 1403638564.1278296
Dropping frame 1403638564.3278296
Dropping frame 1403638564.4278295
Dropping frame 1403638564.6278296
Dropping frame 1403638564.8278296
Dropping frame 1403638565.0278294
Dropping frame 1403638565.1278296
Dropping frame 1403638565.2278295
Dropping frame 1403638565.4278295
Dropping frame 1403638565.5278294
Dropping frame 1403638565.7778294
Dropping frame 1403638565.9778295
Dropping frame 1403638566.0778294
Dropping frame 1403638566.4278295
Dropping frame 1403638566.5278294
Dropping frame 1403638566.6278296
Dropping frame 1403638566.8278296
Dropping frame 1403638567.0278294
Dropping frame 1403638567.1278296
Dropping frame 1403638567.2278295
Dropping frame 1403638567.4778295
Dropping frame 1403638567.8278296
Dropping frame 1403638567.9278295
Dropping frame 1403638568.0278294
Dropping frame 1403638568.2278295
Dropping frame 1403638568.3278296
Dropping frame 1403638568.5778294
Dropping frame 1403638568.6778293
Dropping frame 1403638568.7778294
Dropping frame 1403638568.9778295
Dropping frame 1403638569.0778294
Dropping frame 1403638569.2778294
Dropping frame 1403638569.3778293
Dropping frame 1403638569.4778295
Dropping frame 1403638569.6778293
Dropping frame 1403638569.7778294
Dropping frame 1403638569.8778293
Dropping frame 1403638570.0778294
Dropping frame 1403638570.2778294
Dropping frame 1403638570.3778293
Dropping frame 1403638570.4778295
Dropping frame 1403638571.0778294
Dropping frame 1403638571.2778294
Dropping frame 1403638571.3778293
Dropping frame 1403638571.4778295
Dropping frame 1403638571.6778293
Dropping frame 1403638571.8778293
Dropping frame 1403638571.9778295
Dropping frame 1403638572.1278296
Dropping frame 1403638572.3278296
Dropping frame 1403638572.5278294
Dropping frame 1403638572.8778293
Dropping frame 1403638573.3278296
Dropping frame 1403638573.4278295
Dropping frame 1403638573.5778294
Dropping frame 1403638573.7778294
Dropping frame 1403638573.9778295
Dropping frame 1403638574.1778293
Dropping frame 1403638574.2778294
Dropping frame 1403638574.3778293
Dropping frame 1403638574.4778295
Dropping frame 1403638574.7278295
Dropping frame 1403638575.1778293
Dropping frame 1403638575.2778294
Dropping frame 1403638575.9778295
Dropping frame 1403638576.4278295
Dropping frame 1403638576.5278294
Dropping frame 1403638576.8778293
Dropping frame 1403638577.2278295
Dropping frame 1403638577.5778294
Dropping frame 1403638577.9278295
Dropping frame 1403638578.0278294
Dropping frame 1403638578.3278296
Dropping frame 1403638578.4278295
Dropping frame 1403638578.5278294
Dropping frame 1403638578.7278295
Dropping frame 1403638578.9278295
Dropping frame 1403638579.3778293
Dropping frame 1403638579.8778293
Dropping frame 1403638580.0778294
Dropping frame 1403638580.2778294
Dropping frame 1403638580.4778295
Dropping frame 1403638580.7778294
Dropping frame 1403638581.5278294
Dropping frame 1403638581.7278295
Dropping frame 1403638581.9278295
Dropping frame 1403638582.1278296
Dropping frame 1403638582.4278295
Dropping frame 1403638582.5278294
Dropping frame 1403638582.9278295
Dropping frame 1403638583.0278294
Dropping frame 1403638583.2778294
Dropping frame 1403638583.3778293
Dropping frame 1403638583.6778293
Dropping frame 1403638583.7778294
Dropping frame 1403638583.9778295
Dropping frame 1403638584.1778293
Dropping frame 1403638584.3778293
Dropping frame 1403638584.8278296
Dropping frame 1403638585.1778293
Dropping frame 1403638585.6278296
Dropping frame 1403638586.2278295
Dropping frame 1403638586.7278295
Dropping frame 1403638587.1278296
Dropping frame 1403638587.3278296
Dropping frame 1403638587.6778293
Dropping frame 1403638587.9278295
Dropping frame 1403638588.1778293
Dropping frame 1403638588.3778293
Dropping frame 1403638588.5778294
Dropping frame 1403638588.7278295
Dropping frame 1403638588.9278295
Dropping frame 1403638589.1278296
Dropping frame 1403638589.3278296
Dropping frame 1403638589.5278294
Dropping frame 1403638589.7278295
Dropping frame 1403638589.9278295
Dropping frame 1403638590.0278294
Dropping frame 1403638590.1278296
Dropping frame 1403638590.3278296
Dropping frame 1403638590.5278294
Dropping frame 1403638590.6278296
Dropping frame 1403638590.7278295
Dropping frame 1403638590.9278295
Dropping frame 1403638591.1278296
Dropping frame 1403638591.3278296
Dropping frame 1403638591.4278295
Dropping frame 1403638591.6778293
Dropping frame 1403638591.8778293
Dropping frame 1403638592.0778294
Dropping frame 1403638592.1778293
Dropping frame 1403638592.2778294
Dropping frame 1403638592.4778295
Dropping frame 1403638592.5778294
Dropping frame 1403638592.8278296
Dropping frame 1403638593.0278294
Dropping frame 1403638593.2278295
Dropping frame 1403638593.3278296
Dropping frame 1403638593.4778295
Dropping frame 1403638593.5778294
Dropping frame 1403638593.7778294
Dropping frame 1403638594.1278296
Dropping frame 1403638594.4278295
Dropping frame 1403638594.6278296
Dropping frame 1403638594.8278296
Dropping frame 1403638594.9278295
Dropping frame 1403638595.1778293
Dropping frame 1403638595.2778294
Dropping frame 1403638595.6778293
Dropping frame 1403638595.7778294
Dropping frame 1403638595.9778295
Dropping frame 1403638596.1278296
Dropping frame 1403638596.3278296
Dropping frame 1403638596.6278296
Dropping frame 1403638596.9278295
Dropping frame 1403638597.1278296
Dropping frame 1403638597.3778293
Dropping frame 1403638597.7278295
Dropping frame 1403638597.9278295
Dropping frame 1403638598.1778293
Dropping frame 1403638598.5278294
Dropping frame 1403638598.8278296
Dropping frame 1403638599.2278295
Dropping frame 1403638599.5778294
Dropping frame 1403638599.6778293
Dropping frame 1403638600.0278294
Dropping frame 1403638600.1278296
Dropping frame 1403638600.3778293
Dropping frame 1403638600.7778294
Dropping frame 1403638601.2778294
Dropping frame 1403638602.2778294
Dropping frame 1403638604.0778294
Dropping frame 1403638604.6278296
Dropping frame 1403638609.5278294
Dropping frame 1403638618.5278294
Dropping frame 1403638619.2278295
Dropping frame 1403638619.5778294
Dropping frame 1403638620.1778293
Dropping frame 1403638620.4278295
Dropping frame 1403638620.9278295
Dropping frame 1403638621.2278295
Dropping frame 1403638621.3278296
Dropping frame 1403638621.7278295
*Loop detected
phi =   0.0056452641278012979 -3.2224761353443799e-06   -0.047702831715638605
Local Mapping STOP
Dropping frame 1403638621.9278295
Dropping frame 1403638622.0778294
Local Mapping RELEASE
Dropping frame 1403638622.2778294
Dropping frame 1403638622.4778295
Dropping frame 1403638622.5778294
Dropping frame 1403638622.6778293
Dropping frame 1403638622.9278295
Dropping frame 1403638623.0278294
Dropping frame 1403638623.2778294
Dropping frame 1403638623.3778293
Dropping frame 1403638623.6278296
Dropping frame 1403638623.8278296
Local Mapping STOP
Local Mapping RELEASE
Dropping frame 1403638624.0778294
Dropping frame 1403638624.5278294
Dropping frame 1403638625.1278296
Dropping frame 1403638625.4278295
Dropping frame 1403638625.6778293
Dropping frame 1403638625.8278296
Dropping frame 1403638626.2278295
Dropping frame 1403638626.3778293
Dropping frame 1403638626.7278295
Dropping frame 1403638626.8278296
Dropping frame 1403638626.9278295
Dropping frame 1403638627.1778293
Dropping frame 1403638627.5278294
Dropping frame 1403638627.8278296
Dropping frame 1403638627.9278295
Dropping frame 1403638628.2278295
Dropping frame 1403638628.4278295
Dropping frame 1403638628.6278296
Dropping frame 1403638628.9278295
Dropping frame 1403638629.2778294
Dropping frame 1403638629.5778294
Dropping frame 1403638629.6778293
Dropping frame 1403638629.9778295
Dropping frame 1403638630.2278295
Dropping frame 1403638630.5278294
Dropping frame 1403638630.6278296
Dropping frame 1403638630.8278296
Dropping frame 1403638630.9278295
Dropping frame 1403638631.0278294
Dropping frame 1403638631.2778294
Dropping frame 1403638631.5778294
Shutdown
SLAM Finished at System Time: 1734509958.39432

 TIME STATS in ms (mean$\pm$std)
OpenCV version: 4.8.1
---------------------------
Tracking

ORB Extraction: 16.666$\pm$2.1955
Stereo Matching: 7.8731$\pm$1.9056
IMU Preintegration: 0.20595$\pm$0.083071
Pose Prediction: 0.39729$\pm$1.205
LM Track: 17.25$\pm$4.4694
New KF decision: 1.0656$\pm$1.8581
Total Tracking: 33.381$\pm$22.004



Local Mapping

KF Insertion: 13.128$\pm$4.3341
MP Culling: 0.47304$\pm$0.21338
MP Creation: 42.328$\pm$12.834
LBA: 146.11$\pm$44.19
KF Culling: 10.51$\pm$8.2145
Total Local Mapping: 212.59$\pm$65.16
---------------------------

LBA complexity (mean$\pm$std)
LBA Edges: 2060.1$\pm$1067.1
LBA KF optimized: 6.5$\pm$2.2913
LBA KF fixed: 1$\pm$0
LBA MP: nan$\pm$nan

LBA executions: 403
LBA aborts: 0
---------------------------

Map complexity
KFs in map: 182
MPs in map: 15144
---------------------------

Place Recognition (mean$\pm$std)
Database Query: 1.9736$\pm$1.0859
SE3 estimation: 26.776$\pm$15.748
Total Place Recognition: 21.332$\pm$18.935


Loop Closing (mean$\pm$std)
Loop Fusion: 121.17$\pm$0
Essential Graph: 126.91$\pm$0
Total Loop Closing: 260.38$\pm$0

Num exec: 1
Number of KFs: nan$\pm$nan

Map Merging (mean$\pm$std)
Merge Maps: nan$\pm$nan
Welding BA: nan$\pm$nan
Optimization Ess.: nan$\pm$nan
Total Map Merging: nan$\pm$nan

Num exec: 0
Number of KFs: nan$\pm$nan
Number of MPs: nan$\pm$nan

Full GBA (mean$\pm$std)
GBA: 1957.4$\pm$0
Map Update: 12.68$\pm$0
Total Full GBA: 1970.1$\pm$0

Num exec: 1
Num abort: 0
Number of KFs: 185$\pm$0
Number of MPs: 16097$\pm$0

Saving trajectory to f_dataset-MH05_stereo_imu.txt ...
There are 1 maps in the atlas
  Map 0 has 182 KFs

End of saving trajectory to f_dataset-MH05_stereo_imu.txt ...

Saving keyframe trajectory to kf_dataset-MH05_stereo_imu.txt ...
