num_seq = 1
file name: dataset-MH01_stereo_imu
Loading images for sequence 0...LOADED!
Loading IMU for sequence 0...LOADED!

-------

ORB-SLAM3 Copyright (C) 2017-2020 Carlos Campos, Richard Elvira, Juan J. Gómez, José M.M. Montiel and Juan D. Tardós, University of Zaragoza.
ORB-SLAM2 Copyright (C) 2014-2016 Raúl Mur-Artal, José M.M. Montiel and Juan D. Tardós, University of Zaragoza.
This program comes with ABSOLUTELY NO WARRANTY;
This is free software, and you are welcome to redistribute it
under certain conditions. See LICENSE.txt.

Built with REGISTER_TIMES
Git Commit Hash: 90f15d8

Input sensor was set to: Stereo-Inertial
Loading settings from ./Examples/Stereo-Inertial/EuRoC_fov_deadlines_mask_11x11.yaml
	-Loaded camera 1
	-Loaded camera 2
	-Loaded image info
	-Loaded IMU calibration
	-Loaded ORB settings
	-Loaded viewer settings
	-Loaded Atlas settings
Deadlines enabled, will skip frames!
FOV enabled
Static mask size: 11x11
Dumping map points enabled
	-Loaded misc parameters
	-Computed rectification maps
----------------------------------
SLAM settings: 
	-Camera 1 parameters (Pinhole): [ 458.65399169921875 457.29598999023438 367.21499633789062 248.375 ]
	-Camera 1 distortion parameters: [  -0.28340810537338257 0.073959067463874817 0.00019359000725671649 1.7618711353861727e-05 ]
	-Camera 2 parameters (Pinhole: [ 457.58700561523438 456.13400268554688 379.99899291992188 255.23800659179688 ]
	-Camera 1 distortion parameters: [  -0.2836836576461792 0.074512839317321777 -0.00010473000293131918 -3.555907096597366e-05 ]
	-Original image size: [ 752 , 480 ]
	-Current image size: [ 752 , 480 ]
	-Camera 1 parameters after rectification: [  456.71499633789062 456.71499633789062 364.52615356445312 257.268798828125 ]
	-Sequence FPS: 20
	-Stereo baseline: 0.11007784307003021
	-Stereo depth threshold : 60
	-Gyro noise: 0.00016999999934341758
	-Accelerometer noise: 0.0020000000949949026
	-Gyro walk: 1.9392999092815444e-05
	-Accelerometer walk: 0.0030000000260770321
	-IMU frequency: 200
	-Features per image: 1200
	-ORB scale factor: 1.2000000476837158
	-ORB number of scales: 8
	-Initial FAST threshold: 20
	-Min FAST threshold: 7


Loading ORB Vocabulary. This could take a while...
Vocabulary loaded!

Initialization of Atlas from scratch 
Creation of new map with id: 0
Creation of new map with last KF id: 0
Seq. Name: 
There are 1 cameras in the atlas
Camera 0 is pinhole
SLAM Started at System Time: 1732013124.67508
not IMU meas
not IMU meas
not enough acceleration
not enough acceleration
First KF:0; Map init KF:0
New Map created with 550 points
Active map: 0
Dropping frame 1403636580.0135555
Dropping frame 1403636580.2135556
Dropping frame 1403636580.5135555
Dropping frame 1403636581.1635556
Dropping frame 1403636581.4635556
Dropping frame 1403636581.5635555
Dropping frame 1403636581.8135555
Dropping frame 1403636581.9135554
Dropping frame 1403636582.0135555
Dropping frame 1403636582.1135554
Dropping frame 1403636582.3135555
Dropping frame 1403636582.5135555
Dropping frame 1403636582.6135554
Dropping frame 1403636582.7135556
Dropping frame 1403636582.9635556
Dropping frame 1403636583.3135555
Dropping frame 1403636583.5135555
Dropping frame 1403636583.8135555
Dropping frame 1403636583.9635556
Dropping frame 1403636584.3135555
Dropping frame 1403636584.5135555
Dropping frame 1403636584.6135554
Dropping frame 1403636584.9135554
Dropping frame 1403636585.0135555
Dropping frame 1403636585.1135554
Dropping frame 1403636585.2135556
start VIBA 1
Dropping frame 1403636585.3635557
end VIBA 1
Dropping frame 1403636585.5635555
Dropping frame 1403636585.6635556
Dropping frame 1403636585.7635555
Dropping frame 1403636585.9635556
Dropping frame 1403636586.0635555
Dropping frame 1403636586.1635556
Dropping frame 1403636586.4635556
Dropping frame 1403636586.8635557
Dropping frame 1403636587.1635556
Dropping frame 1403636587.2635555
Dropping frame 1403636587.3635557
Dropping frame 1403636587.5635555
Dropping frame 1403636587.7635555
Dropping frame 1403636587.8635557
Dropping frame 1403636588.0635555
Dropping frame 1403636588.2635555
Dropping frame 1403636588.4635556
Dropping frame 1403636588.6635556
Dropping frame 1403636588.8635557
Dropping frame 1403636588.9635556
Dropping frame 1403636589.1635556
Dropping frame 1403636589.2635555
Dropping frame 1403636589.3635557
Dropping frame 1403636589.5635555
Dropping frame 1403636589.7635555
Dropping frame 1403636589.9635556
Dropping frame 1403636590.1135554
Dropping frame 1403636590.3135555
Dropping frame 1403636590.5135555
Dropping frame 1403636590.7135556
Dropping frame 1403636590.8135555
Dropping frame 1403636591.0135555
Dropping frame 1403636591.2135556
Dropping frame 1403636591.7135556
Dropping frame 1403636591.8135555
Dropping frame 1403636591.9135554
Dropping frame 1403636592.0135555
Dropping frame 1403636592.4135554
Dropping frame 1403636592.6135554
Dropping frame 1403636592.7135556
Dropping frame 1403636592.8135555
Dropping frame 1403636593.0635555
Dropping frame 1403636593.1635556
Dropping frame 1403636593.3635557
Dropping frame 1403636593.5635555
Dropping frame 1403636593.6635556
Dropping frame 1403636593.9635556
Dropping frame 1403636594.2135556
Dropping frame 1403636594.5135555
Dropping frame 1403636594.6135554
Dropping frame 1403636594.7135556
Dropping frame 1403636594.9135554
Dropping frame 1403636595.2135556
Dropping frame 1403636595.4135554
Dropping frame 1403636595.5135555
Dropping frame 1403636595.6135554
Dropping frame 1403636595.8135555
start VIBA 2
end VIBA 2
Dropping frame 1403636596.0135555
Dropping frame 1403636596.2135556
Dropping frame 1403636596.3635557
Dropping frame 1403636596.6135554
Dropping frame 1403636596.8635557
Dropping frame 1403636597.1635556
Dropping frame 1403636597.4635556
Dropping frame 1403636597.5635555
Dropping frame 1403636597.7635555
Dropping frame 1403636597.8635557
Dropping frame 1403636598.1135554
Dropping frame 1403636598.4135554
Dropping frame 1403636598.6135554
Dropping frame 1403636598.7135556
Dropping frame 1403636598.8135555
Dropping frame 1403636599.0135555
Dropping frame 1403636599.1135554
Dropping frame 1403636599.3635557
Dropping frame 1403636599.4635556
Dropping frame 1403636599.6135554
Dropping frame 1403636599.8135555
Dropping frame 1403636600.1135554
Dropping frame 1403636600.3135555
Dropping frame 1403636600.5135555
Dropping frame 1403636600.7135556
Dropping frame 1403636600.8135555
Dropping frame 1403636601.2635555
Dropping frame 1403636601.3635557
Dropping frame 1403636601.6135554
Dropping frame 1403636601.8135555
Dropping frame 1403636602.0135555
Dropping frame 1403636602.1135554
Dropping frame 1403636602.4135554
Dropping frame 1403636602.6135554
Dropping frame 1403636603.1635556
Dropping frame 1403636603.4135554
Dropping frame 1403636603.7635555
Dropping frame 1403636603.9135554
Dropping frame 1403636604.1635556
Dropping frame 1403636604.5635555
Dropping frame 1403636604.7635555
Dropping frame 1403636604.9635556
Dropping frame 1403636605.2635555
Dropping frame 1403636605.3635557
Dropping frame 1403636605.7135556
Dropping frame 1403636606.0135555
Dropping frame 1403636606.2135556
Dropping frame 1403636606.4135554
Dropping frame 1403636606.5135555
Dropping frame 1403636606.8635557
Dropping frame 1403636607.6135554
Dropping frame 1403636608.1635556
Dropping frame 1403636608.3135555
Dropping frame 1403636608.6635556
Dropping frame 1403636609.0135555
Dropping frame 1403636609.6135554
Dropping frame 1403636609.9635556
Dropping frame 1403636610.2135556
Dropping frame 1403636610.8135555
Dropping frame 1403636612.0635555
Dropping frame 1403636612.3635557
Dropping frame 1403636613.0635555
Dropping frame 1403636613.3635557
Dropping frame 1403636613.8135555
Dropping frame 1403636614.1135554
Dropping frame 1403636614.5135555
Dropping frame 1403636614.8635557
Dropping frame 1403636615.1635556
Dropping frame 1403636615.2635555
Dropping frame 1403636615.3635557
Dropping frame 1403636615.5635555
Dropping frame 1403636615.7635555
Dropping frame 1403636616.2135556
Dropping frame 1403636616.4635556
Dropping frame 1403636617.1135554
Dropping frame 1403636617.4635556
Dropping frame 1403636617.5635555
Dropping frame 1403636617.7635555
Dropping frame 1403636617.8635557
Dropping frame 1403636618.2635555
Dropping frame 1403636618.3635557
Dropping frame 1403636618.6635556
Dropping frame 1403636618.7635555
Dropping frame 1403636619.2135556
Dropping frame 1403636619.3135555
Dropping frame 1403636619.8135555
Dropping frame 1403636619.9635556
Dropping frame 1403636620.4135554
Dropping frame 1403636620.8635557
Dropping frame 1403636621.5135555
Dropping frame 1403636621.9635556
Dropping frame 1403636622.1135554
Dropping frame 1403636622.5135555
Dropping frame 1403636622.6135554
Dropping frame 1403636622.9135554
Dropping frame 1403636623.2135556
Dropping frame 1403636623.4635556
Dropping frame 1403636624.1135554
Dropping frame 1403636624.6135554
Dropping frame 1403636624.8635557
Dropping frame 1403636625.2635555
Dropping frame 1403636625.4135554
Dropping frame 1403636625.8135555
Dropping frame 1403636626.1135554
Dropping frame 1403636626.6135554
Dropping frame 1403636626.8635557
Dropping frame 1403636626.9635556
Dropping frame 1403636628.0135555
Dropping frame 1403636628.9635556
Dropping frame 1403636629.5135555
Dropping frame 1403636629.7135556
Dropping frame 1403636629.8135555
Dropping frame 1403636630.3135555
Dropping frame 1403636630.7635555
Dropping frame 1403636630.9635556
Dropping frame 1403636631.1135554
Dropping frame 1403636631.4635556
Dropping frame 1403636631.5635555
Dropping frame 1403636631.7635555
Dropping frame 1403636631.9135554
Dropping frame 1403636632.3135555
Dropping frame 1403636632.5635555
Dropping frame 1403636632.9135554
Dropping frame 1403636633.2135556
Dropping frame 1403636633.4135554
Dropping frame 1403636633.9135554
Dropping frame 1403636634.1635556
Dropping frame 1403636634.7135556
Dropping frame 1403636634.8135555
Dropping frame 1403636635.1635556
Dropping frame 1403636635.4135554
Dropping frame 1403636635.9635556
Dropping frame 1403636636.1135554
Dropping frame 1403636636.5635555
Dropping frame 1403636636.6635556
Dropping frame 1403636636.9135554
Dropping frame 1403636637.1135554
Dropping frame 1403636637.3135555
Dropping frame 1403636638.1635556
Dropping frame 1403636638.3635557
Dropping frame 1403636638.7135556
Dropping frame 1403636638.9635556
Dropping frame 1403636639.2135556
Dropping frame 1403636639.7635555
Dropping frame 1403636640.7135556
Dropping frame 1403636641.1635556
Dropping frame 1403636641.6135554
Dropping frame 1403636642.1135554
Dropping frame 1403636642.6135554
Dropping frame 1403636642.9135554
Dropping frame 1403636643.3135555
Dropping frame 1403636643.5635555
Dropping frame 1403636643.7635555
Dropping frame 1403636644.1635556
Dropping frame 1403636644.5135555
Dropping frame 1403636645.0635555
Dropping frame 1403636646.0135555
Dropping frame 1403636646.9635556
Dropping frame 1403636647.4635556
Dropping frame 1403636647.5635555
Dropping frame 1403636647.8135555
Dropping frame 1403636647.9635556
Dropping frame 1403636648.0635555
Dropping frame 1403636648.2635555
Dropping frame 1403636648.5635555
Dropping frame 1403636648.6635556
Dropping frame 1403636648.7635555
Dropping frame 1403636649.1635556
Dropping frame 1403636649.2635555
Dropping frame 1403636649.4135554
Dropping frame 1403636649.5635555
Dropping frame 1403636649.9135554
Dropping frame 1403636650.0135555
Dropping frame 1403636650.1635556
Dropping frame 1403636650.2635555
Dropping frame 1403636650.6635556
Dropping frame 1403636650.7635555
Dropping frame 1403636650.9135554
Dropping frame 1403636651.0135555
Dropping frame 1403636651.1135554
Dropping frame 1403636651.3635557
Dropping frame 1403636651.4635556
Dropping frame 1403636651.7135556
Dropping frame 1403636651.8135555
Dropping frame 1403636651.9135554
Dropping frame 1403636652.1635556
Dropping frame 1403636652.2635555
Dropping frame 1403636652.3635557
Dropping frame 1403636652.5635555
Dropping frame 1403636652.6635556
Dropping frame 1403636652.8635557
Dropping frame 1403636653.0635555
Dropping frame 1403636653.2135556
Dropping frame 1403636653.5635555
Dropping frame 1403636653.6635556
Dropping frame 1403636653.8635557
Dropping frame 1403636654.1135554
Dropping frame 1403636654.4135554
Dropping frame 1403636654.5635555
Dropping frame 1403636654.7635555
Dropping frame 1403636654.9635556
Dropping frame 1403636655.0635555
Dropping frame 1403636655.3135555
Dropping frame 1403636655.4135554
Dropping frame 1403636655.6135554
Dropping frame 1403636655.7135556
Dropping frame 1403636655.8135555
Dropping frame 1403636655.9135554
Dropping frame 1403636656.0135555
Dropping frame 1403636656.2635555
Dropping frame 1403636656.4635556
Dropping frame 1403636656.5635555
Dropping frame 1403636656.6635556
Dropping frame 1403636656.8635557
Dropping frame 1403636656.9635556
Dropping frame 1403636657.1635556
Dropping frame 1403636657.2635555
Dropping frame 1403636657.3635557
Dropping frame 1403636657.4635556
Dropping frame 1403636657.5635555
Dropping frame 1403636657.6635556
Dropping frame 1403636657.7635555
Dropping frame 1403636658.0635555
Dropping frame 1403636658.1635556
Dropping frame 1403636658.3635557
Dropping frame 1403636658.4635556
Dropping frame 1403636658.5635555
Dropping frame 1403636658.6635556
Dropping frame 1403636658.8135555
Dropping frame 1403636659.0135555
Dropping frame 1403636659.1135554
Dropping frame 1403636659.4635556
Dropping frame 1403636659.5635555
Dropping frame 1403636659.6635556
Dropping frame 1403636659.8635557
Dropping frame 1403636659.9635556
Dropping frame 1403636660.0635555
Dropping frame 1403636660.2635555
Dropping frame 1403636660.3635557
Dropping frame 1403636660.4635556
Dropping frame 1403636660.7135556
Dropping frame 1403636660.8135555
Dropping frame 1403636660.9135554
Dropping frame 1403636661.1635556
Dropping frame 1403636661.2635555
Dropping frame 1403636661.3635557
Dropping frame 1403636661.5635555
Dropping frame 1403636661.6635556
Dropping frame 1403636661.8135555
Dropping frame 1403636662.0635555
Dropping frame 1403636662.2635555
Dropping frame 1403636662.3635557
Dropping frame 1403636662.4635556
Dropping frame 1403636662.8135555
Dropping frame 1403636662.9135554
Dropping frame 1403636663.2135556
Dropping frame 1403636663.3635557
Dropping frame 1403636663.4635556
Dropping frame 1403636663.5635555
Dropping frame 1403636664.0135555
Dropping frame 1403636664.1135554
Dropping frame 1403636664.3135555
Dropping frame 1403636664.6135554
Dropping frame 1403636664.9135554
Dropping frame 1403636665.1135554
Dropping frame 1403636665.3135555
Dropping frame 1403636665.5135555
Dropping frame 1403636665.6135554
Dropping frame 1403636665.7135556
Dropping frame 1403636665.9135554
Dropping frame 1403636666.0135555
Dropping frame 1403636666.1135554
Dropping frame 1403636666.3135555
Dropping frame 1403636666.4635556
Dropping frame 1403636666.5635555
Dropping frame 1403636666.6635556
Dropping frame 1403636666.9635556
Dropping frame 1403636667.0635555
Dropping frame 1403636667.3135555
Dropping frame 1403636667.4135554
Dropping frame 1403636667.7135556
Dropping frame 1403636667.9135554
Dropping frame 1403636668.0135555
Dropping frame 1403636668.1135554
Dropping frame 1403636668.2135556
Dropping frame 1403636669.4635556
Dropping frame 1403636669.5635555
Dropping frame 1403636669.9635556
Dropping frame 1403636670.3635557
Dropping frame 1403636670.5135555
Dropping frame 1403636670.7635555
Dropping frame 1403636670.8635557
Dropping frame 1403636671.0635555
Dropping frame 1403636671.1635556
Dropping frame 1403636671.2635555
Dropping frame 1403636671.5135555
Dropping frame 1403636671.7635555
Dropping frame 1403636671.8635557
Dropping frame 1403636671.9635556
Dropping frame 1403636672.0635555
Dropping frame 1403636672.3135555
Dropping frame 1403636672.5135555
Dropping frame 1403636672.6135554
Dropping frame 1403636672.7135556
Dropping frame 1403636672.8135555
Dropping frame 1403636672.9635556
Dropping frame 1403636673.1635556
Dropping frame 1403636673.3635557
Dropping frame 1403636673.4635556
Dropping frame 1403636673.5635555
Dropping frame 1403636673.7135556
Dropping frame 1403636673.8635557
Dropping frame 1403636674.0135555
Dropping frame 1403636674.2135556
Dropping frame 1403636674.3135555
Dropping frame 1403636674.4135554
Dropping frame 1403636674.5135555
Dropping frame 1403636674.6135554
Dropping frame 1403636674.8135555
Dropping frame 1403636674.9135554
Dropping frame 1403636675.0135555
Dropping frame 1403636675.1135554
Dropping frame 1403636675.2135556
Dropping frame 1403636675.5135555
Dropping frame 1403636675.6135554
Dropping frame 1403636675.7135556
Dropping frame 1403636675.8135555
Dropping frame 1403636676.0135555
Dropping frame 1403636676.1135554
Dropping frame 1403636676.2135556
Dropping frame 1403636676.4135554
Dropping frame 1403636676.5135555
Dropping frame 1403636676.6135554
Dropping frame 1403636676.7135556
Dropping frame 1403636676.8135555
Dropping frame 1403636676.9135554
Dropping frame 1403636677.1635556
Dropping frame 1403636677.2635555
Dropping frame 1403636677.3635557
Dropping frame 1403636677.4635556
Dropping frame 1403636677.6135554
Dropping frame 1403636677.8135555
Dropping frame 1403636677.9135554
Dropping frame 1403636678.0135555
Dropping frame 1403636678.1135554
Dropping frame 1403636678.2635555
Dropping frame 1403636678.4635556
Dropping frame 1403636678.7135556
Dropping frame 1403636678.8135555
Dropping frame 1403636679.0135555
Dropping frame 1403636679.1635556
Dropping frame 1403636679.2635555
Dropping frame 1403636679.3635557
Dropping frame 1403636679.4635556
Dropping frame 1403636679.7635555
Dropping frame 1403636679.8635557
Dropping frame 1403636680.1635556
Dropping frame 1403636680.2635555
Dropping frame 1403636680.3635557
Dropping frame 1403636680.6135554
Dropping frame 1403636680.7135556
Dropping frame 1403636680.9635556
Dropping frame 1403636681.0635555
Dropping frame 1403636681.1635556
Dropping frame 1403636681.3635557
Dropping frame 1403636681.4635556
Dropping frame 1403636681.6635556
Dropping frame 1403636681.8635557
Dropping frame 1403636681.9635556
Dropping frame 1403636682.3635557
Dropping frame 1403636682.5635555
Dropping frame 1403636682.6635556
Dropping frame 1403636682.7635555
Dropping frame 1403636683.0135555
Dropping frame 1403636683.1135554
Dropping frame 1403636683.3135555
Dropping frame 1403636683.5135555
Dropping frame 1403636683.6135554
Dropping frame 1403636683.7135556
Dropping frame 1403636683.9135554
Dropping frame 1403636684.0635555
Dropping frame 1403636684.1635556
Dropping frame 1403636684.4135554
Dropping frame 1403636684.6135554
Dropping frame 1403636684.8135555
Dropping frame 1403636684.9135554
Dropping frame 1403636685.3635557
Dropping frame 1403636685.5635555
Dropping frame 1403636685.6635556
Dropping frame 1403636685.8635557
Dropping frame 1403636685.9635556
Dropping frame 1403636686.1635556
Dropping frame 1403636686.2635555
Dropping frame 1403636686.3635557
Dropping frame 1403636686.5635555
Dropping frame 1403636686.7635555
Dropping frame 1403636686.9635556
Dropping frame 1403636687.0635555
Dropping frame 1403636687.2635555
Dropping frame 1403636687.4635556
Dropping frame 1403636687.5635555
Dropping frame 1403636687.7135556
Dropping frame 1403636687.9135554
Dropping frame 1403636688.2635555
Dropping frame 1403636688.3635557
Dropping frame 1403636688.5635555
Dropping frame 1403636688.7635555
Dropping frame 1403636688.9635556
Dropping frame 1403636689.0635555
Dropping frame 1403636689.1635556
Dropping frame 1403636689.2635555
Dropping frame 1403636689.6135554
Dropping frame 1403636689.7135556
Dropping frame 1403636689.8135555
Dropping frame 1403636689.9135554
Dropping frame 1403636690.1135554
Dropping frame 1403636690.3135555
Dropping frame 1403636690.5135555
Dropping frame 1403636690.6135554
Dropping frame 1403636690.7135556
Dropping frame 1403636690.8135555
Dropping frame 1403636691.0135555
Dropping frame 1403636691.2135556
Dropping frame 1403636691.4135554
Dropping frame 1403636691.5135555
Dropping frame 1403636691.6135554
Dropping frame 1403636691.8135555
Dropping frame 1403636692.0135555
Dropping frame 1403636692.3135555
Dropping frame 1403636692.4135554
Dropping frame 1403636692.5135555
Dropping frame 1403636692.7135556
Dropping frame 1403636692.8135555
Dropping frame 1403636693.0135555
Dropping frame 1403636693.2135556
Dropping frame 1403636693.3635557
Dropping frame 1403636693.5635555
Dropping frame 1403636693.7635555
Dropping frame 1403636693.8635557
Dropping frame 1403636693.9635556
Dropping frame 1403636694.1635556
Dropping frame 1403636694.3135555
Dropping frame 1403636694.4135554
Dropping frame 1403636694.6135554
Dropping frame 1403636694.7135556
Dropping frame 1403636695.0635555
Dropping frame 1403636695.3635557
Dropping frame 1403636695.6135554
Dropping frame 1403636695.7135556
Dropping frame 1403636695.8135555
Dropping frame 1403636696.0135555
Dropping frame 1403636696.2135556
Dropping frame 1403636696.3135555
Dropping frame 1403636696.4135554
Dropping frame 1403636696.8135555
Dropping frame 1403636696.9135554
Dropping frame 1403636697.0135555
Dropping frame 1403636697.3635557
Dropping frame 1403636697.5635555
Dropping frame 1403636697.7635555
Dropping frame 1403636697.9635556
Dropping frame 1403636698.0635555
Dropping frame 1403636698.1635556
Dropping frame 1403636698.4135554
Dropping frame 1403636698.5135555
Dropping frame 1403636698.7635555
Dropping frame 1403636698.9635556
Dropping frame 1403636699.1635556
Dropping frame 1403636699.4635556
Dropping frame 1403636699.6635556
Dropping frame 1403636699.7635555
Dropping frame 1403636700.0135555
Dropping frame 1403636700.2135556
Dropping frame 1403636700.4135554
Dropping frame 1403636700.6135554
Dropping frame 1403636700.8135555
Dropping frame 1403636701.0135555
Dropping frame 1403636701.2135556
Dropping frame 1403636701.3135555
Dropping frame 1403636702.0635555
Dropping frame 1403636702.5635555
Dropping frame 1403636702.8135555
Dropping frame 1403636703.2635555
Dropping frame 1403636703.3635557
Dropping frame 1403636703.4635556
Dropping frame 1403636703.8135555
Dropping frame 1403636704.1635556
Dropping frame 1403636704.6135554
Dropping frame 1403636705.0635555
Dropping frame 1403636705.7135556
Dropping frame 1403636706.3635557
Dropping frame 1403636707.3135555
Dropping frame 1403636707.4135554
Dropping frame 1403636707.7135556
Dropping frame 1403636707.8135555
Dropping frame 1403636708.2135556
Dropping frame 1403636708.4135554
Dropping frame 1403636708.5135555
Dropping frame 1403636708.6135554
Dropping frame 1403636708.7135556
Dropping frame 1403636708.8635557
Dropping frame 1403636709.0635555
Dropping frame 1403636709.2635555
Dropping frame 1403636709.5135555
Dropping frame 1403636709.9135554
Dropping frame 1403636710.1135554
Dropping frame 1403636710.5635555
Dropping frame 1403636710.6635556
Dropping frame 1403636710.9135554
Dropping frame 1403636711.2135556
Dropping frame 1403636711.4135554
Dropping frame 1403636711.8135555
Dropping frame 1403636712.3135555
Dropping frame 1403636712.6135554
Dropping frame 1403636712.8635557
Dropping frame 1403636712.9635556
Dropping frame 1403636713.1635556
Dropping frame 1403636713.5135555
Dropping frame 1403636713.9635556
Dropping frame 1403636714.1635556
Dropping frame 1403636714.4635556
Dropping frame 1403636714.5635555
Dropping frame 1403636714.7635555
Dropping frame 1403636714.9635556
Dropping frame 1403636715.1635556
Dropping frame 1403636715.2635555
Dropping frame 1403636715.3635557
Dropping frame 1403636715.6635556
Dropping frame 1403636715.8635557
Dropping frame 1403636716.0135555
Dropping frame 1403636716.1135554
Dropping frame 1403636716.4635556
Dropping frame 1403636716.5635555
Dropping frame 1403636716.9135554
Dropping frame 1403636717.0135555
Dropping frame 1403636717.2635555
Dropping frame 1403636717.4635556
Dropping frame 1403636717.6635556
Dropping frame 1403636717.8635557
Dropping frame 1403636717.9635556
Dropping frame 1403636718.1635556
Dropping frame 1403636718.3635557
Dropping frame 1403636718.5635555
Dropping frame 1403636718.7135556
Dropping frame 1403636719.0635555
Dropping frame 1403636719.1635556
Dropping frame 1403636719.4135554
Dropping frame 1403636719.6135554
Dropping frame 1403636719.8135555
Dropping frame 1403636720.0635555
Dropping frame 1403636720.3635557
Dropping frame 1403636720.4635556
Dropping frame 1403636720.5635555
Dropping frame 1403636720.7135556
Dropping frame 1403636721.0135555
Dropping frame 1403636721.1135554
Dropping frame 1403636721.3135555
Dropping frame 1403636721.4135554
Dropping frame 1403636721.5135555
Dropping frame 1403636721.6135554
Dropping frame 1403636721.8135555
Dropping frame 1403636722.0135555
Dropping frame 1403636722.1135554
Dropping frame 1403636722.2135556
Dropping frame 1403636722.4135554
Dropping frame 1403636722.6135554
Dropping frame 1403636722.8135555
Dropping frame 1403636722.9135554
Dropping frame 1403636723.0135555
Dropping frame 1403636723.1135554
Dropping frame 1403636723.3135555
Dropping frame 1403636723.4135554
Dropping frame 1403636723.5135555
Dropping frame 1403636723.6135554
Dropping frame 1403636723.9635556
Dropping frame 1403636724.3135555
Dropping frame 1403636724.4135554
Dropping frame 1403636724.5135555
Dropping frame 1403636724.6135554
Dropping frame 1403636724.8135555
Dropping frame 1403636724.9135554
Dropping frame 1403636725.0135555
Dropping frame 1403636725.2135556
Dropping frame 1403636725.4135554
Dropping frame 1403636725.6135554
Dropping frame 1403636725.8135555
Dropping frame 1403636725.9135554
Dropping frame 1403636726.1135554
Dropping frame 1403636726.2135556
Dropping frame 1403636726.3135555
Dropping frame 1403636726.5135555
Dropping frame 1403636726.6135554
Dropping frame 1403636726.7135556
Dropping frame 1403636726.9135554
Dropping frame 1403636727.1135554
Dropping frame 1403636727.3135555
Dropping frame 1403636727.4135554
Dropping frame 1403636727.6135554
Dropping frame 1403636727.7135556
Dropping frame 1403636727.9135554
Dropping frame 1403636728.0135555
Dropping frame 1403636728.2135556
Dropping frame 1403636728.3135555
Dropping frame 1403636728.4135554
Dropping frame 1403636728.6135554
Dropping frame 1403636728.8135555
Dropping frame 1403636729.0135555
Dropping frame 1403636729.2135556
Dropping frame 1403636729.4135554
Dropping frame 1403636729.5135555
Dropping frame 1403636729.6135554
Dropping frame 1403636729.8135555
Dropping frame 1403636730.0135555
Dropping frame 1403636730.2135556
Dropping frame 1403636730.4135554
Dropping frame 1403636730.6135554
Dropping frame 1403636730.7135556
Dropping frame 1403636730.8135555
Dropping frame 1403636730.9135554
Dropping frame 1403636731.0135555
Dropping frame 1403636731.2135556
Dropping frame 1403636731.4135554
Dropping frame 1403636731.6135554
Dropping frame 1403636731.8135555
Dropping frame 1403636731.9135554
Dropping frame 1403636732.0135555
Dropping frame 1403636732.2135556
Dropping frame 1403636732.4135554
Dropping frame 1403636732.6135554
Dropping frame 1403636732.7135556
Dropping frame 1403636732.8135555
Dropping frame 1403636733.0135555
Dropping frame 1403636733.2135556
Dropping frame 1403636733.4135554
Dropping frame 1403636733.9135554
Dropping frame 1403636734.0135555
Dropping frame 1403636734.1135554
Dropping frame 1403636734.2135556
Dropping frame 1403636734.4135554
Dropping frame 1403636734.9135554
Dropping frame 1403636735.0135555
Dropping frame 1403636735.2135556
Dropping frame 1403636735.3135555
Dropping frame 1403636735.5635555
Dropping frame 1403636735.7635555
Dropping frame 1403636735.9635556
Dropping frame 1403636736.4135554
Dropping frame 1403636736.5135555
Dropping frame 1403636736.7135556
Dropping frame 1403636736.8135555
Dropping frame 1403636736.9135554
Dropping frame 1403636737.3135555
Dropping frame 1403636737.4135554
Dropping frame 1403636738.1635556
Dropping frame 1403636738.3635557
Dropping frame 1403636738.4635556
Dropping frame 1403636738.6135554
Dropping frame 1403636738.8635557
Dropping frame 1403636739.0635555
Dropping frame 1403636739.1635556
Dropping frame 1403636739.2635555
Dropping frame 1403636739.5635555
Dropping frame 1403636739.7635555
Dropping frame 1403636739.9635556
Dropping frame 1403636740.0635555
Dropping frame 1403636740.1635556
Dropping frame 1403636740.2635555
Dropping frame 1403636740.4635556
Dropping frame 1403636740.6635556
Dropping frame 1403636740.7635555
Dropping frame 1403636740.9135554
Dropping frame 1403636741.1135554
Dropping frame 1403636741.3135555
Dropping frame 1403636741.5135555
Dropping frame 1403636741.6135554
Dropping frame 1403636741.8635557
Dropping frame 1403636742.0635555
Dropping frame 1403636742.1635556
Dropping frame 1403636742.2635555
Dropping frame 1403636742.4635556
Dropping frame 1403636742.5635555
Dropping frame 1403636742.8135555
Dropping frame 1403636743.0635555
Dropping frame 1403636743.1635556
Dropping frame 1403636743.3135555
Dropping frame 1403636743.6135554
Dropping frame 1403636743.7135556
Dropping frame 1403636743.9635556
Dropping frame 1403636744.1635556
Dropping frame 1403636744.3635557
Dropping frame 1403636744.4635556
Dropping frame 1403636744.5635555
Dropping frame 1403636744.6635556
Dropping frame 1403636744.8635557
Dropping frame 1403636745.0635555
Dropping frame 1403636745.1635556
Dropping frame 1403636745.2635555
Dropping frame 1403636745.4635556
Dropping frame 1403636745.5635555
Dropping frame 1403636745.8135555
Dropping frame 1403636746.0135555
Dropping frame 1403636746.2135556
Dropping frame 1403636746.3635557
Dropping frame 1403636746.7635555
Dropping frame 1403636746.9635556
Dropping frame 1403636747.0635555
Dropping frame 1403636747.2135556
Dropping frame 1403636747.7135556
Dropping frame 1403636747.8135555
Dropping frame 1403636748.3635557
Dropping frame 1403636748.4635556
Dropping frame 1403636748.5635555
Dropping frame 1403636749.0635555
Dropping frame 1403636749.2635555
Dropping frame 1403636749.3635557
Dropping frame 1403636749.4635556
Dropping frame 1403636749.8135555
Dropping frame 1403636749.9135554
Dropping frame 1403636750.0135555
Dropping frame 1403636750.2135556
Dropping frame 1403636750.4135554
Dropping frame 1403636750.6135554
Dropping frame 1403636750.7135556
Dropping frame 1403636750.8135555
Dropping frame 1403636751.0135555
Dropping frame 1403636751.1135554
Dropping frame 1403636751.2135556
Dropping frame 1403636751.4135554
Dropping frame 1403636751.5135555
Dropping frame 1403636751.6135554
Dropping frame 1403636751.8135555
Dropping frame 1403636752.0135555
Dropping frame 1403636752.1135554
Dropping frame 1403636752.3635557
Dropping frame 1403636752.4635556
Dropping frame 1403636752.5635555
Dropping frame 1403636752.7635555
Dropping frame 1403636752.9635556
Dropping frame 1403636753.0635555
Dropping frame 1403636753.2635555
Dropping frame 1403636753.3635557
Dropping frame 1403636753.4635556
Dropping frame 1403636753.6635556
Dropping frame 1403636753.7635555
Dropping frame 1403636753.8635557
Dropping frame 1403636754.2135556
Dropping frame 1403636754.4135554
Dropping frame 1403636754.5635555
Dropping frame 1403636754.7635555
Dropping frame 1403636754.8635557
Dropping frame 1403636754.9635556
Dropping frame 1403636755.1635556
Dropping frame 1403636755.2635555
Dropping frame 1403636755.3635557
Dropping frame 1403636755.5635555
Dropping frame 1403636755.7635555
Dropping frame 1403636755.9635556
Dropping frame 1403636756.1635556
Dropping frame 1403636756.2635555
Dropping frame 1403636756.3635557
Dropping frame 1403636756.4635556
Dropping frame 1403636756.7635555
Dropping frame 1403636756.9635556
Dropping frame 1403636757.1635556
Dropping frame 1403636757.3635557
Dropping frame 1403636757.4635556
Dropping frame 1403636757.5635555
Dropping frame 1403636757.7635555
Dropping frame 1403636757.8635557
Dropping frame 1403636757.9635556
Dropping frame 1403636758.1635556
Dropping frame 1403636758.2635555
Dropping frame 1403636758.3635557
Dropping frame 1403636758.5635555
Dropping frame 1403636758.7635555
Dropping frame 1403636759.3635557
Dropping frame 1403636759.4635556
Dropping frame 1403636759.5635555
Dropping frame 1403636759.7635555
Dropping frame 1403636759.9135554
Dropping frame 1403636760.1135554
Dropping frame 1403636760.3135555
Dropping frame 1403636760.5135555
Dropping frame 1403636760.6635556
Dropping frame 1403636760.8635557
Dropping frame 1403636760.9635556
Dropping frame 1403636761.2135556
Dropping frame 1403636761.3135555
Dropping frame 1403636761.4135554
Dropping frame 1403636761.7135556
Dropping frame 1403636761.9135554
Dropping frame 1403636762.1135554
Dropping frame 1403636762.2135556
Dropping frame 1403636762.3135555
Dropping frame 1403636762.5135555
Dropping frame 1403636762.7135556
Dropping frame 1403636762.8135555
Dropping frame 1403636762.9135554
Dropping frame 1403636763.1135554
Dropping frame 1403636763.2135556
Dropping frame 1403636763.3135555
Dropping frame 1403636763.5135555
Dropping frame 1403636763.6135554
Dropping frame 1403636763.8135555
Shutdown
SLAM Finished at System Time: 1732013352.34022

 TIME STATS in ms (mean$\pm$std)
OpenCV version: 4.8.1
---------------------------
Tracking

ORB Extraction: 20.493$\pm$1.8861
Stereo Matching: 7.22$\pm$1.9319
IMU Preintegration: 0.24929$\pm$0.095759
Pose Prediction: 0.21127$\pm$0.60098
LM Track: 20.348$\pm$6.0608
New KF decision: 1.1071$\pm$2.113
Total Tracking: 33.453$\pm$27.508



Local Mapping

KF Insertion: 19.351$\pm$8.0987
MP Culling: 0.52058$\pm$0.20664
MP Creation: 51.931$\pm$16.6
LBA: 164.36$\pm$56.711
KF Culling: 18.34$\pm$11.587
Total Local Mapping: 254.39$\pm$81.875
---------------------------

LBA complexity (mean$\pm$std)
LBA Edges: 1933.6$\pm$788.06
LBA KF optimized: 6.5$\pm$2.2913
LBA KF fixed: 1$\pm$0
LBA MP: nan$\pm$nan

LBA executions: 525
LBA aborts: 0
---------------------------

Map complexity
KFs in map: 133
MPs in map: 9759
---------------------------

Place Recognition (mean$\pm$std)
Database Query: 1.6691$\pm$1.0345
SE3 estimation: 12.931$\pm$17.661
Total Place Recognition: 13.23$\pm$17.918


Loop Closing (mean$\pm$std)
Loop Fusion: nan$\pm$nan
Essential Graph: nan$\pm$nan
Total Loop Closing: nan$\pm$nan

Num exec: 0
Number of KFs: nan$\pm$nan

Map Merging (mean$\pm$std)
Merge Maps: nan$\pm$nan
Welding BA: nan$\pm$nan
Optimization Ess.: nan$\pm$nan
Total Map Merging: nan$\pm$nan

Num exec: 0
Number of KFs: nan$\pm$nan
Number of MPs: nan$\pm$nan

Full GBA (mean$\pm$std)
GBA: nan$\pm$nan
Map Update: nan$\pm$nan
Total Full GBA: nan$\pm$nan

Num exec: 0
Num abort: 0
Number of KFs: nan$\pm$nan
Number of MPs: nan$\pm$nan

Saving trajectory to f_dataset-MH01_stereo_imu.txt ...
There are 1 maps in the atlas
  Map 0 has 133 KFs

End of saving trajectory to f_dataset-MH01_stereo_imu.txt ...

Saving keyframe trajectory to kf_dataset-MH01_stereo_imu.txt ...
