num_seq = 1
file name: dataset-MH05_stereo_imu
Loading images for sequence 0...LOADED!
Loading IMU for sequence 0...LOADED!

-------

ORB-SLAM3 Copyright (C) 2017-2020 Carlos Campos, Richard Elvira, Juan J. Gómez, José M.M. Montiel and Juan D. Tardós, University of Zaragoza.
ORB-SLAM2 Copyright (C) 2014-2016 Raúl Mur-Artal, José M.M. Montiel and Juan D. Tardós, University of Zaragoza.
This program comes with ABSOLUTELY NO WARRANTY;
This is free software, and you are welcome to redistribute it
under certain conditions. See LICENSE.txt.

Built with REGISTER_TIMES
Git Commit Hash: 5ee9387

Compiled with C++ version: 201703

Input sensor was set to: Stereo-Inertial
Loading settings from ./Examples/Stereo-Inertial/EuRoC_fov_deadlines_mask_11x11.yaml
	-Loaded camera 1
	-Loaded camera 2
	-Loaded image info
	-Loaded IMU calibration
	-Loaded ORB settings
	-Loaded viewer settings
	-Loaded Atlas settings
Deadlines enabled, will skip frames!
FOV enabled
Static mask size: 11x11
Dumping map points enabled
	-Loaded misc parameters
	-Computed rectification maps
----------------------------------
SLAM settings: 
	-Camera 1 parameters (Pinhole): [ 458.65399169921875 457.29598999023438 367.21499633789062 248.375 ]
	-Camera 1 distortion parameters: [  -0.28340810537338257 0.073959067463874817 0.00019359000725671649 1.7618711353861727e-05 ]
	-Camera 2 parameters (Pinhole: [ 457.58700561523438 456.13400268554688 379.99899291992188 255.23800659179688 ]
	-Camera 1 distortion parameters: [  -0.2836836576461792 0.074512839317321777 -0.00010473000293131918 -3.555907096597366e-05 ]
	-Original image size: [ 752 , 480 ]
	-Current image size: [ 752 , 480 ]
	-Camera 1 parameters after rectification: [  456.71499633789062 456.71499633789062 364.52615356445312 257.268798828125 ]
	-Sequence FPS: 20
	-Stereo baseline: 0.11007784307003021
	-Stereo depth threshold : 60
	-Gyro noise: 0.00016999999934341758
	-Accelerometer noise: 0.0020000000949949026
	-Gyro walk: 1.9392999092815444e-05
	-Accelerometer walk: 0.0030000000260770321
	-IMU frequency: 200
	-Features per image: 1200
	-ORB scale factor: 1.2000000476837158
	-ORB number of scales: 8
	-Initial FAST threshold: 20
	-Min FAST threshold: 7


Loading ORB Vocabulary. This could take a while...
Vocabulary loaded!

Initialization of Atlas from scratch 
Creation of new map with id: 0
Creation of new map with last KF id: 0
Seq. Name: 
There are 1 cameras in the atlas
Camera 0 is pinhole
SLAM Started at System Time: 1734436968.37142
not IMU meas
not IMU meas
not enough acceleration
not enough acceleration
not enough acceleration
not enough acceleration
not enough acceleration
not enough acceleration
not enough acceleration
not enough acceleration
not enough acceleration
not enough acceleration
not enough acceleration
not enough acceleration
not enough acceleration
not enough acceleration
not enough acceleration
not enough acceleration
not enough acceleration
not enough acceleration
not enough acceleration
not enough acceleration
not enough acceleration
not enough acceleration
not enough acceleration
not enough acceleration
not enough acceleration
not enough acceleration
not enough acceleration
not enough acceleration
not enough acceleration
not enough acceleration
not enough acceleration
not enough acceleration
not enough acceleration
not enough acceleration
not enough acceleration
not enough acceleration
not enough acceleration
not enough acceleration
not enough acceleration
not enough acceleration
not enough acceleration
not enough acceleration
not enough acceleration
not enough acceleration
not enough acceleration
not enough acceleration
not enough acceleration
not enough acceleration
not enough acceleration
not enough acceleration
not enough acceleration
not enough acceleration
not enough acceleration
not enough acceleration
not enough acceleration
not enough acceleration
not enough acceleration
not enough acceleration
not enough acceleration
not enough acceleration
not enough acceleration
not enough acceleration
not enough acceleration
not enough acceleration
not enough acceleration
not enough acceleration
not enough acceleration
not enough acceleration
not enough acceleration
not enough acceleration
not enough acceleration
not enough acceleration
not enough acceleration
not enough acceleration
not enough acceleration
not enough acceleration
not enough acceleration
not enough acceleration
First KF:0; Map init KF:0
New Map created with 127 points
Active map: 0
Dropping frame 1403638523.7778294
Dropping frame 1403638524.6278296
Dropping frame 1403638524.7778294
Dropping frame 1403638525.0278294
Dropping frame 1403638525.2278295
Dropping frame 1403638525.3778293
Dropping frame 1403638525.6278296
Dropping frame 1403638525.7778294
Dropping frame 1403638525.9778295
Dropping frame 1403638526.0778294
Dropping frame 1403638526.2778294
Dropping frame 1403638526.4278295
Dropping frame 1403638526.6778293
start VIBA 1
end VIBA 1
Dropping frame 1403638527.5778294
Dropping frame 1403638527.6778293
Dropping frame 1403638527.8778293
Dropping frame 1403638527.9778295
Dropping frame 1403638528.2778294
Dropping frame 1403638528.3778293
Dropping frame 1403638529.3278296
Dropping frame 1403638529.5278294
Dropping frame 1403638529.6278296
Dropping frame 1403638529.8778293
Dropping frame 1403638530.0778294
Dropping frame 1403638530.1778293
Dropping frame 1403638530.2778294
Dropping frame 1403638530.4278295
Dropping frame 1403638530.6278296
Dropping frame 1403638530.8278296
Dropping frame 1403638530.9278295
Dropping frame 1403638531.0278294
Dropping frame 1403638531.2278295
Dropping frame 1403638531.3778293
Dropping frame 1403638531.5278294
Dropping frame 1403638531.6778293
Not enough motion for initializing. Reseting...
TRACK: Reset map because local mapper set the bad imu flag 
LM: Active map reset recieved
LM: Active map reset, waiting...
LM: Reseting current map in Local Mapping...
LM: End reseting Local Mapping...
LM: Reset free the mutex
LM: Active map reset, Done!!!
mnFirstFrameId = 80
mnInitialFrameId = 0
160 Frames set to lost
not IMU meas
not enough acceleration
not enough acceleration
not enough acceleration
not enough acceleration
not enough acceleration
Dropping frame 1403638532.1778293
not enough acceleration
Dropping frame 1403638532.2778294
not enough acceleration
not enough acceleration
not enough acceleration
not enough acceleration
Dropping frame 1403638532.5278294
not enough acceleration
not enough acceleration
not enough acceleration
Dropping frame 1403638532.7278295
not enough acceleration
Dropping frame 1403638532.8278296
not enough acceleration
not enough acceleration
not enough acceleration
not enough acceleration
not enough acceleration
not enough acceleration
Dropping frame 1403638533.1778293
not enough acceleration
not enough acceleration
not enough acceleration
not enough acceleration
not enough acceleration
not enough acceleration
not enough acceleration
Dropping frame 1403638533.5778294
not enough acceleration
not enough acceleration
not enough acceleration
not enough acceleration
Dropping frame 1403638533.8278296
not enough acceleration
not enough acceleration
not enough acceleration
not enough acceleration
Dropping frame 1403638534.0778294
not enough acceleration
not enough acceleration
not enough acceleration
not enough acceleration
not enough acceleration
not enough acceleration
not enough acceleration
not enough acceleration
not enough acceleration
not enough acceleration
not enough acceleration
not enough acceleration
not enough acceleration
not enough acceleration
not enough acceleration
Dropping frame 1403638534.8778293
not enough acceleration
not enough acceleration
not enough acceleration
not enough acceleration
not enough acceleration
not enough acceleration
not enough acceleration
not enough acceleration
not enough acceleration
not enough acceleration
not enough acceleration
not enough acceleration
not enough acceleration
not enough acceleration
not enough acceleration
not enough acceleration
not enough acceleration
Dropping frame 1403638535.7778294
not enough acceleration
not enough acceleration
not enough acceleration
Dropping frame 1403638535.9778295
not enough acceleration
not enough acceleration
not enough acceleration
not enough acceleration
not enough acceleration
not enough acceleration
not enough acceleration
not enough acceleration
not enough acceleration
not enough acceleration
not enough acceleration
not enough acceleration
not enough acceleration
not enough acceleration
not enough acceleration
not enough acceleration
not enough acceleration
not enough acceleration
not enough acceleration
not enough acceleration
not enough acceleration
not enough acceleration
not enough acceleration
not enough acceleration
not enough acceleration
not enough acceleration
not enough acceleration
not enough acceleration
not enough acceleration
not enough acceleration
not enough acceleration
not enough acceleration
not enough acceleration
not enough acceleration
not enough acceleration
not enough acceleration
not enough acceleration
not enough acceleration
not enough acceleration
not enough acceleration
not enough acceleration
not enough acceleration
not enough acceleration
not enough acceleration
not enough acceleration
not enough acceleration
not enough acceleration
not enough acceleration
not enough acceleration
not enough acceleration
not enough acceleration
not enough acceleration
not enough acceleration
not enough acceleration
not enough acceleration
First KF:41; Map init KF:0
New Map created with 167 points
Active map: 0
start VIBA 1
end VIBA 1
Dropping frame 1403638544.5278294
Dropping frame 1403638545.0778294
Dropping frame 1403638545.1778293
Dropping frame 1403638545.2778294
Dropping frame 1403638545.4278295
Dropping frame 1403638545.5278294
Dropping frame 1403638545.7778294
Dropping frame 1403638545.9278295
Dropping frame 1403638546.3778293
Dropping frame 1403638546.6778293
Dropping frame 1403638546.7778294
Dropping frame 1403638546.9778295
Dropping frame 1403638547.1778293
Dropping frame 1403638547.3778293
Dropping frame 1403638547.5278294
Dropping frame 1403638547.6278296
Dropping frame 1403638548.1778293
Dropping frame 1403638548.2778294
Dropping frame 1403638548.8278296
Dropping frame 1403638548.9278295
Dropping frame 1403638549.1778293
Dropping frame 1403638549.2778294
Dropping frame 1403638550.4778295
Dropping frame 1403638550.5778294
Dropping frame 1403638550.6778293
Dropping frame 1403638550.7778294
Dropping frame 1403638550.8778293
Dropping frame 1403638550.9778295
Dropping frame 1403638551.0778294
Dropping frame 1403638551.2278295
Dropping frame 1403638551.3278296
Dropping frame 1403638551.5278294
Dropping frame 1403638551.7278295
Dropping frame 1403638551.9278295
Dropping frame 1403638552.0278294
Dropping frame 1403638552.2278295
Dropping frame 1403638552.4278295
Dropping frame 1403638552.5278294
Dropping frame 1403638552.6278296
Dropping frame 1403638552.7278295
Dropping frame 1403638552.9278295
Dropping frame 1403638553.0278294
Dropping frame 1403638553.2278295
Dropping frame 1403638553.3278296
Dropping frame 1403638553.4278295
Dropping frame 1403638553.5278294
Dropping frame 1403638553.6778293
Dropping frame 1403638553.7778294
Dropping frame 1403638554.0278294
start VIBA 2
Dropping frame 1403638554.1278296
Dropping frame 1403638554.2778294
Dropping frame 1403638554.5278294
end VIBA 2
Dropping frame 1403638554.7278295
Dropping frame 1403638554.8278296
Dropping frame 1403638554.9278295
Dropping frame 1403638555.1278296
Dropping frame 1403638555.2278295
Dropping frame 1403638555.3278296
Dropping frame 1403638555.5278294
Dropping frame 1403638555.6278296
Dropping frame 1403638555.7278295
Dropping frame 1403638555.9278295
Dropping frame 1403638556.0278294
Dropping frame 1403638556.2278295
Dropping frame 1403638556.4278295
Dropping frame 1403638556.5278294
Dropping frame 1403638556.6278296
Dropping frame 1403638556.7278295
Dropping frame 1403638556.8278296
Dropping frame 1403638556.9278295
Dropping frame 1403638557.0278294
Dropping frame 1403638557.1278296
Dropping frame 1403638557.2778294
Dropping frame 1403638557.4778295
Dropping frame 1403638557.6778293
Dropping frame 1403638557.7778294
Dropping frame 1403638557.8778293
Dropping frame 1403638557.9778295
Dropping frame 1403638558.0778294
Dropping frame 1403638558.2278295
Dropping frame 1403638558.3278296
Dropping frame 1403638558.6278296
Dropping frame 1403638558.8278296
Dropping frame 1403638558.9778295
Dropping frame 1403638559.0778294
Dropping frame 1403638559.2778294
Dropping frame 1403638559.4778295
Dropping frame 1403638559.5778294
Dropping frame 1403638559.6778293
Dropping frame 1403638559.8278296
Dropping frame 1403638559.9278295
Dropping frame 1403638560.0278294
Dropping frame 1403638560.1278296
Dropping frame 1403638560.4278295
Dropping frame 1403638560.5278294
Dropping frame 1403638560.6278296
Dropping frame 1403638560.7778294
Dropping frame 1403638560.8778293
Dropping frame 1403638560.9778295
Dropping frame 1403638561.0778294
Dropping frame 1403638561.2778294
Dropping frame 1403638561.4778295
Dropping frame 1403638561.6778293
Dropping frame 1403638562.1778293
Dropping frame 1403638565.1778293
Dropping frame 1403638565.4278295
Dropping frame 1403638565.9278295
Dropping frame 1403638566.0278294
Dropping frame 1403638566.3778293
Dropping frame 1403638566.4778295
Dropping frame 1403638566.5778294
Dropping frame 1403638567.4778295
Dropping frame 1403638567.5778294
Dropping frame 1403638567.9778295
Dropping frame 1403638568.1778293
Dropping frame 1403638568.2778294
Dropping frame 1403638568.3778293
Dropping frame 1403638568.5778294
Dropping frame 1403638568.7778294
Dropping frame 1403638568.9778295
Dropping frame 1403638569.0778294
Dropping frame 1403638569.1778293
Dropping frame 1403638569.3778293
Dropping frame 1403638569.5778294
Dropping frame 1403638569.7778294
Dropping frame 1403638569.8778293
Dropping frame 1403638569.9778295
Dropping frame 1403638570.1778293
Dropping frame 1403638570.3778293
Dropping frame 1403638570.4778295
Dropping frame 1403638570.5778294
Dropping frame 1403638570.7778294
Dropping frame 1403638570.8778293
Dropping frame 1403638570.9778295
Dropping frame 1403638571.1778293
Dropping frame 1403638571.3778293
Dropping frame 1403638571.5778294
Dropping frame 1403638571.7778294
Dropping frame 1403638571.9778295
Dropping frame 1403638572.1778293
Dropping frame 1403638572.3778293
Dropping frame 1403638572.5778294
Dropping frame 1403638572.6778293
Dropping frame 1403638572.8778293
Dropping frame 1403638572.9778295
Dropping frame 1403638573.0778294
Dropping frame 1403638573.2778294
Dropping frame 1403638573.3778293
Dropping frame 1403638573.4778295
Dropping frame 1403638573.6778293
Dropping frame 1403638573.8778293
Dropping frame 1403638574.0778294
Dropping frame 1403638574.2778294
Dropping frame 1403638574.4778295
Dropping frame 1403638574.5778294
Dropping frame 1403638574.7778294
Dropping frame 1403638574.9778295
Dropping frame 1403638575.0778294
Dropping frame 1403638575.1778293
Dropping frame 1403638575.3278296
Dropping frame 1403638575.5278294
Dropping frame 1403638575.6278296
Dropping frame 1403638575.7278295
Dropping frame 1403638575.9278295
Dropping frame 1403638576.0278294
Dropping frame 1403638576.2278295
Dropping frame 1403638576.4278295
Dropping frame 1403638576.5278294
Dropping frame 1403638576.6278296
Dropping frame 1403638576.8278296
Dropping frame 1403638576.9278295
Dropping frame 1403638577.1778293
Dropping frame 1403638577.3778293
Dropping frame 1403638577.5778294
Dropping frame 1403638577.6778293
Dropping frame 1403638577.8778293
Dropping frame 1403638578.0778294
Dropping frame 1403638578.2778294
Dropping frame 1403638578.4778295
Dropping frame 1403638578.5778294
Dropping frame 1403638578.7778294
Dropping frame 1403638578.9778295
Dropping frame 1403638579.3278296
Dropping frame 1403638579.4278295
Dropping frame 1403638579.6278296
Dropping frame 1403638579.9778295
Dropping frame 1403638580.1778293
Dropping frame 1403638580.4778295
Dropping frame 1403638580.5778294
Dropping frame 1403638580.8778293
Dropping frame 1403638581.1278296
Dropping frame 1403638581.2778294
Dropping frame 1403638581.4278295
Dropping frame 1403638581.6278296
Dropping frame 1403638581.7278295
Dropping frame 1403638581.9278295
Dropping frame 1403638582.2278295
Dropping frame 1403638582.4778295
Dropping frame 1403638583.5778294
Dropping frame 1403638583.6778293
Dropping frame 1403638583.7778294
Dropping frame 1403638583.8778293
Dropping frame 1403638584.2778294
Dropping frame 1403638584.5278294
Dropping frame 1403638585.2278295
Dropping frame 1403638586.4778295
Dropping frame 1403638587.0778294
Dropping frame 1403638587.3278296
Dropping frame 1403638587.5778294
Dropping frame 1403638588.3278296
Dropping frame 1403638588.5278294
Dropping frame 1403638588.6778293
Dropping frame 1403638588.7778294
Dropping frame 1403638589.1278296
Dropping frame 1403638589.2278295
Dropping frame 1403638589.6278296
Dropping frame 1403638589.8278296
Dropping frame 1403638589.9278295
Dropping frame 1403638590.0278294
Dropping frame 1403638590.2278295
Dropping frame 1403638590.3278296
Dropping frame 1403638590.4278295
Dropping frame 1403638590.6278296
Dropping frame 1403638590.7278295
Dropping frame 1403638590.8278296
Dropping frame 1403638591.0278294
Dropping frame 1403638591.2278295
Dropping frame 1403638591.4278295
Dropping frame 1403638591.5278294
Dropping frame 1403638591.6278296
Dropping frame 1403638591.8278296
Dropping frame 1403638591.9278295
Dropping frame 1403638592.0278294
Dropping frame 1403638592.2278295
Dropping frame 1403638592.3278296
Dropping frame 1403638592.4278295
Dropping frame 1403638592.6278296
Dropping frame 1403638592.8278296
Dropping frame 1403638593.0278294
Dropping frame 1403638593.1278296
Dropping frame 1403638593.2278295
Dropping frame 1403638593.4278295
Dropping frame 1403638593.5278294
Dropping frame 1403638593.6278296
Dropping frame 1403638593.8278296
Dropping frame 1403638594.0278294
Dropping frame 1403638594.2278295
Dropping frame 1403638594.3278296
Dropping frame 1403638594.4278295
Dropping frame 1403638594.6278296
Dropping frame 1403638594.8278296
Dropping frame 1403638595.0278294
Dropping frame 1403638595.1278296
Dropping frame 1403638595.2278295
Dropping frame 1403638595.4278295
Dropping frame 1403638595.7278295
Dropping frame 1403638595.8278296
Dropping frame 1403638596.1778293
Dropping frame 1403638596.6278296
Dropping frame 1403638596.7278295
Dropping frame 1403638596.9778295
Dropping frame 1403638597.0778294
Dropping frame 1403638597.1778293
Dropping frame 1403638597.3778293
Dropping frame 1403638597.5278294
Dropping frame 1403638597.7278295
Dropping frame 1403638597.9278295
Dropping frame 1403638598.0278294
Dropping frame 1403638598.1278296
Dropping frame 1403638598.3278296
Dropping frame 1403638598.5278294
Dropping frame 1403638598.7278295
Dropping frame 1403638598.8778293
Dropping frame 1403638599.0778294
Dropping frame 1403638599.4278295
Dropping frame 1403638599.5778294
Dropping frame 1403638599.7778294
Dropping frame 1403638599.9278295
Dropping frame 1403638600.3778293
Dropping frame 1403638600.5278294
Dropping frame 1403638600.8278296
Dropping frame 1403638601.1778293
Dropping frame 1403638601.4778295
Dropping frame 1403638601.7778294
Dropping frame 1403638602.5778294
Dropping frame 1403638603.3278296
Dropping frame 1403638603.6278296
Dropping frame 1403638603.7278295
Dropping frame 1403638603.8278296
Dropping frame 1403638604.0278294
Dropping frame 1403638604.2278295
Dropping frame 1403638604.6778293
Dropping frame 1403638604.8778293
Dropping frame 1403638605.4778295
Dropping frame 1403638605.9278295
Dropping frame 1403638606.0278294
Dropping frame 1403638606.2778294
Dropping frame 1403638606.8278296
Dropping frame 1403638607.1278296
Dropping frame 1403638607.5778294
Dropping frame 1403638607.6778293
Dropping frame 1403638607.9278295
Dropping frame 1403638608.0278294
Dropping frame 1403638608.4278295
Dropping frame 1403638608.6278296
Dropping frame 1403638608.9278295
Dropping frame 1403638609.0278294
Dropping frame 1403638611.8778293
Dropping frame 1403638612.5778294
Dropping frame 1403638613.7778294
Dropping frame 1403638615.0278294
Dropping frame 1403638619.7778294
Dropping frame 1403638621.2278295
Dropping frame 1403638621.4278295
Dropping frame 1403638621.5278294
Dropping frame 1403638621.7778294
Dropping frame 1403638621.9778295
Dropping frame 1403638622.1778293
Dropping frame 1403638622.2778294
Dropping frame 1403638622.5278294
Dropping frame 1403638622.7278295
Dropping frame 1403638622.9278295
Dropping frame 1403638623.8778293
Dropping frame 1403638624.0778294
Dropping frame 1403638624.3778293
Dropping frame 1403638624.5778294
Dropping frame 1403638624.7778294
Dropping frame 1403638624.8778293
Dropping frame 1403638625.1278296
Dropping frame 1403638625.3278296
Dropping frame 1403638625.5278294
Dropping frame 1403638625.6278296
Dropping frame 1403638625.7278295
Dropping frame 1403638625.9278295
Dropping frame 1403638626.0778294
Dropping frame 1403638626.2778294
Dropping frame 1403638626.5778294
Dropping frame 1403638626.7778294
Dropping frame 1403638626.9778295
Dropping frame 1403638627.0778294
Dropping frame 1403638627.1778293
Dropping frame 1403638627.3778293
Dropping frame 1403638627.5778294
Dropping frame 1403638627.7778294
Dropping frame 1403638628.3278296
Dropping frame 1403638628.4278295
Dropping frame 1403638628.6778293
Dropping frame 1403638628.8778293
Dropping frame 1403638629.1278296
Dropping frame 1403638629.2278295
Dropping frame 1403638629.4278295
Dropping frame 1403638629.5278294
Dropping frame 1403638629.7778294
Dropping frame 1403638629.9278295
Dropping frame 1403638630.1278296
Dropping frame 1403638630.3278296
Dropping frame 1403638630.5278294
Dropping frame 1403638630.6278296
Dropping frame 1403638630.7278295
Dropping frame 1403638630.9278295
Dropping frame 1403638631.1278296
Dropping frame 1403638631.2278295
Dropping frame 1403638631.4278295
Dropping frame 1403638631.6278296
Shutdown
SLAM Finished at System Time: 1734437103.78403

 TIME STATS in ms (mean$\pm$std)
OpenCV version: 4.8.1
---------------------------
Tracking

ORB Extraction: 18.16$\pm$2.4022
Stereo Matching: 8.0361$\pm$1.9138
IMU Preintegration: 0.2041$\pm$0.082773
Pose Prediction: 0.40842$\pm$1.1949
LM Track: 17.7$\pm$5.0703
New KF decision: 1.0357$\pm$1.7467
Total Tracking: 33.453$\pm$23.615



Local Mapping

KF Insertion: 13.658$\pm$4.6434
MP Culling: 0.46317$\pm$0.17661
MP Creation: 43.887$\pm$14.061
LBA: 149.48$\pm$42.642
KF Culling: 11.806$\pm$7.8077
Total Local Mapping: 219.83$\pm$65.096
---------------------------

LBA complexity (mean$\pm$std)
LBA Edges: 2027.4$\pm$1043.1
LBA KF optimized: 6.5$\pm$2.2913
LBA KF fixed: 1$\pm$0
LBA MP: nan$\pm$nan

LBA executions: 396
LBA aborts: 0
---------------------------

Map complexity
KFs in map: 167
MPs in map: 13455
---------------------------

Place Recognition (mean$\pm$std)
Database Query: 2.0226$\pm$1.0233
SE3 estimation: 24.097$\pm$15.879
Total Place Recognition: 19.409$\pm$18.264


Loop Closing (mean$\pm$std)
Loop Fusion: nan$\pm$nan
Essential Graph: nan$\pm$nan
Total Loop Closing: nan$\pm$nan

Num exec: 0
Number of KFs: nan$\pm$nan

Map Merging (mean$\pm$std)
Merge Maps: nan$\pm$nan
Welding BA: nan$\pm$nan
Optimization Ess.: nan$\pm$nan
Total Map Merging: nan$\pm$nan

Num exec: 0
Number of KFs: nan$\pm$nan
Number of MPs: nan$\pm$nan

Full GBA (mean$\pm$std)
GBA: nan$\pm$nan
Map Update: nan$\pm$nan
Total Full GBA: nan$\pm$nan

Num exec: 0
Num abort: 0
Number of KFs: nan$\pm$nan
Number of MPs: nan$\pm$nan

Saving trajectory to f_dataset-MH05_stereo_imu.txt ...
There are 1 maps in the atlas
  Map 0 has 167 KFs

End of saving trajectory to f_dataset-MH05_stereo_imu.txt ...

Saving keyframe trajectory to kf_dataset-MH05_stereo_imu.txt ...
