num_seq = 1
file name: dataset-MH03_stereo_imu
Loading images for sequence 0...LOADED!
Loading IMU for sequence 0...LOADED!

-------

ORB-SLAM3 Copyright (C) 2017-2020 Carlos Campos, Richard Elvira, Juan J. Gómez, José M.M. Montiel and Juan D. Tardós, University of Zaragoza.
ORB-SLAM2 Copyright (C) 2014-2016 Raúl Mur-Artal, José M.M. Montiel and Juan D. Tardós, University of Zaragoza.
This program comes with ABSOLUTELY NO WARRANTY;
This is free software, and you are welcome to redistribute it
under certain conditions. See LICENSE.txt.

Built with REGISTER_TIMES
Git Commit Hash: 42e930e

Compiled with C++ version: 201703

Input sensor was set to: Stereo-Inertial
Loading settings from ./Examples/Stereo-Inertial/EuRoC_fov_deadlines_mask_10x10.yaml
	-Loaded camera 1
	-Loaded camera 2
	-Loaded image info
	-Loaded IMU calibration
	-Loaded ORB settings
	-Loaded viewer settings
	-Loaded Atlas settings
Deadlines enabled, will skip frames!
FOV enabled
Static mask size: 10x10
Dumping map points enabled
	-Loaded misc parameters
	-Computed rectification maps
----------------------------------
SLAM settings: 
	-Camera 1 parameters (Pinhole): [ 458.65399169921875 457.29598999023438 367.21499633789062 248.375 ]
	-Camera 1 distortion parameters: [  -0.28340810537338257 0.073959067463874817 0.00019359000725671649 1.7618711353861727e-05 ]
	-Camera 2 parameters (Pinhole: [ 457.58700561523438 456.13400268554688 379.99899291992188 255.23800659179688 ]
	-Camera 1 distortion parameters: [  -0.2836836576461792 0.074512839317321777 -0.00010473000293131918 -3.555907096597366e-05 ]
	-Original image size: [ 752 , 480 ]
	-Current image size: [ 752 , 480 ]
	-Camera 1 parameters after rectification: [  456.71499633789062 456.71499633789062 364.52615356445312 257.268798828125 ]
	-Sequence FPS: 20
	-Stereo baseline: 0.11007784307003021
	-Stereo depth threshold : 60
	-Gyro noise: 0.00016999999934341758
	-Accelerometer noise: 0.0020000000949949026
	-Gyro walk: 1.9392999092815444e-05
	-Accelerometer walk: 0.0030000000260770321
	-IMU frequency: 200
	-Features per image: 1200
	-ORB scale factor: 1.2000000476837158
	-ORB number of scales: 8
	-Initial FAST threshold: 20
	-Min FAST threshold: 7


Loading ORB Vocabulary. This could take a while...
Vocabulary loaded!

Initialization of Atlas from scratch 
Creation of new map with id: 0
Creation of new map with last KF id: 0
Seq. Name: 
There are 1 cameras in the atlas
Camera 0 is pinhole
SLAM Started at System Time: 1734511259.12846
not IMU meas
not IMU meas
not enough acceleration
not enough acceleration
First KF:0; Map init KF:0
New Map created with 251 points
Active map: 0
Dropping frame 1403637130.8383191
Not enough motion for initializing. Reseting...
TRACK: Reset map because local mapper set the bad imu flag 
LM: Reseting current map in Local Mapping...
LM: End reseting Local Mapping...
LM: Reset free the mutex
LM: Active map reset recieved
LM: Active map reset, waiting...
LM: Reseting current map in Local Mapping...
LM: End reseting Local Mapping...
LM: Reset free the mutex
LM: Active map reset, Done!!!
mnFirstFrameId = 4
mnInitialFrameId = 0
52 Frames set to lost
not IMU meas
First KF:11; Map init KF:0
New Map created with 262 points
Active map: 0
Dropping frame 1403637134.188319
Dropping frame 1403637134.4883189
Dropping frame 1403637134.638319
Dropping frame 1403637134.7883189
Dropping frame 1403637134.9883189
Dropping frame 1403637135.0883191
Dropping frame 1403637135.2883189
Dropping frame 1403637135.5383191
Dropping frame 1403637135.9883189
Dropping frame 1403637136.3383191
Dropping frame 1403637136.638319
Dropping frame 1403637136.7383192
Dropping frame 1403637136.8383191
Dropping frame 1403637136.9883189
Dropping frame 1403637137.138319
Dropping frame 1403637137.4383192
Dropping frame 1403637137.5883191
Dropping frame 1403637137.7383192
Dropping frame 1403637138.4383192
Dropping frame 1403637138.638319
Dropping frame 1403637138.7383192
start VIBA 1
Dropping frame 1403637138.9383192
end VIBA 1
Dropping frame 1403637139.188319
Dropping frame 1403637139.4383192
Dropping frame 1403637139.638319
Dropping frame 1403637139.7383192
Dropping frame 1403637139.9383192
Dropping frame 1403637140.0383191
Not enough motion for initializing. Reseting...
TRACK: Reset map because local mapper set the bad imu flag 
LM: Reseting current map in Local Mapping...
LM: End reseting Local Mapping...
LM: Reset free the mutex
LM: Active map reset recieved
LM: Active map reset, waiting...
LM: Reseting current map in Local Mapping...
LM: End reseting Local Mapping...
LM: Reset free the mutex
LM: Active map reset, Done!!!
mnFirstFrameId = 58
mnInitialFrameId = 56
156 Frames set to lost
not IMU meas
First KF:40; Map init KF:11
New Map created with 275 points
Active map: 0
Dropping frame 1403637140.2383192
Dropping frame 1403637140.8383191
Dropping frame 1403637140.9383192
Dropping frame 1403637141.138319
Dropping frame 1403637141.4383192
Dropping frame 1403637141.638319
Dropping frame 1403637141.7383192
Dropping frame 1403637141.9883189
Dropping frame 1403637142.0883191
Dropping frame 1403637142.188319
Dropping frame 1403637142.4383192
Dropping frame 1403637143.0383191
Not enough motion for initializing. Reseting...
TRACK: Reset map because local mapper set the bad imu flag 
LM: Reseting current map in Local Mapping...
LM: End reseting Local Mapping...
LM: Reset free the mutex
LM: Active map reset recieved
LM: Active map reset, waiting...
LM: Reseting current map in Local Mapping...
LM: End reseting Local Mapping...
LM: Reset free the mutex
LM: Active map reset, Done!!!
mnFirstFrameId = 164
mnInitialFrameId = 162
204 Frames set to lost
not IMU meas
not enough acceleration
Dropping frame 1403637143.3383191
not enough acceleration
not enough acceleration
not enough acceleration
not enough acceleration
not enough acceleration
not enough acceleration
not enough acceleration
Dropping frame 1403637143.7383192
not enough acceleration
not enough acceleration
not enough acceleration
not enough acceleration
Dropping frame 1403637143.9883189
First KF:51; Map init KF:40
New Map created with 273 points
Active map: 0
Not enough motion for initializing. Reseting...
TRACK: Reset map because local mapper set the bad imu flag 
LM: Active map reset recieved
LM: Active map reset, waiting...
LM: Reseting current map in Local Mapping...
LM: End reseting Local Mapping...
LM: Reset free the mutex
LM: Active map reset, Done!!!
mnFirstFrameId = 226
mnInitialFrameId = 212
261 Frames set to lost
not IMU meas
not enough acceleration
not enough acceleration
not enough acceleration
not enough acceleration
not enough acceleration
not enough acceleration
not enough acceleration
not enough acceleration
not enough acceleration
not enough acceleration
not enough acceleration
not enough acceleration
not enough acceleration
not enough acceleration
not enough acceleration
not enough acceleration
not enough acceleration
not enough acceleration
not enough acceleration
not enough acceleration
not enough acceleration
not enough acceleration
not enough acceleration
not enough acceleration
not enough acceleration
not enough acceleration
not enough acceleration
not enough acceleration
not enough acceleration
not enough acceleration
not enough acceleration
not enough acceleration
not enough acceleration
not enough acceleration
not enough acceleration
not enough acceleration
not enough acceleration
not enough acceleration
not enough acceleration
not enough acceleration
not enough acceleration
not enough acceleration
not enough acceleration
not enough acceleration
not enough acceleration
not enough acceleration
not enough acceleration
not enough acceleration
not enough acceleration
not enough acceleration
not enough acceleration
not enough acceleration
not enough acceleration
not enough acceleration
not enough acceleration
First KF:62; Map init KF:51
New Map created with 230 points
Active map: 0
Dropping frame 1403637150.0383191
Dropping frame 1403637151.4383192
Dropping frame 1403637155.188319
start VIBA 1
end VIBA 1
Dropping frame 1403637155.4883189
Dropping frame 1403637155.7883189
Dropping frame 1403637156.0383191
Dropping frame 1403637156.138319
Dropping frame 1403637156.388319
Dropping frame 1403637156.4883189
Dropping frame 1403637156.5883191
Dropping frame 1403637156.688319
Dropping frame 1403637156.8383191
Dropping frame 1403637156.9883189
Dropping frame 1403637157.2383192
Dropping frame 1403637157.3383191
Dropping frame 1403637157.4383192
Dropping frame 1403637157.688319
Dropping frame 1403637157.7883189
Dropping frame 1403637157.9883189
Dropping frame 1403637158.0883191
Dropping frame 1403637158.188319
Dropping frame 1403637158.2883189
Dropping frame 1403637158.388319
Dropping frame 1403637158.4883189
Dropping frame 1403637158.5883191
Dropping frame 1403637158.688319
Dropping frame 1403637158.7883189
Dropping frame 1403637158.9383192
Dropping frame 1403637159.138319
Dropping frame 1403637159.2383192
Dropping frame 1403637159.388319
Dropping frame 1403637159.4883189
Dropping frame 1403637159.638319
Dropping frame 1403637159.7883189
Dropping frame 1403637159.888319
Dropping frame 1403637159.9883189
Dropping frame 1403637160.0883191
Dropping frame 1403637160.188319
Dropping frame 1403637160.2883189
Dropping frame 1403637160.388319
Dropping frame 1403637160.4883189
Dropping frame 1403637160.638319
Dropping frame 1403637160.7383192
Dropping frame 1403637160.8383191
Dropping frame 1403637160.9383192
Dropping frame 1403637161.0383191
Dropping frame 1403637161.138319
Dropping frame 1403637161.2883189
Dropping frame 1403637161.388319
Dropping frame 1403637161.4883189
Dropping frame 1403637161.688319
Dropping frame 1403637161.7883189
Dropping frame 1403637161.888319
Dropping frame 1403637161.9883189
Dropping frame 1403637162.138319
Dropping frame 1403637162.2883189
Dropping frame 1403637162.4383192
Dropping frame 1403637162.5383191
Dropping frame 1403637162.7383192
Dropping frame 1403637162.8383191
Dropping frame 1403637162.9883189
Dropping frame 1403637163.0883191
Dropping frame 1403637163.2883189
Dropping frame 1403637163.388319
Dropping frame 1403637163.4883189
Dropping frame 1403637163.5883191
Dropping frame 1403637163.8383191
Dropping frame 1403637163.9383192
Dropping frame 1403637164.0383191
Dropping frame 1403637164.2883189
Dropping frame 1403637164.4883189
Dropping frame 1403637164.5883191
Dropping frame 1403637164.888319
Dropping frame 1403637165.0883191
start VIBA 2
Dropping frame 1403637165.2883189
end VIBA 2
Dropping frame 1403637165.4883189
Dropping frame 1403637165.5883191
Dropping frame 1403637165.7883189
Dropping frame 1403637165.888319
Dropping frame 1403637166.0883191
Dropping frame 1403637166.188319
Dropping frame 1403637166.2883189
Dropping frame 1403637166.388319
Dropping frame 1403637166.5883191
Dropping frame 1403637166.7883189
Dropping frame 1403637166.9883189
Dropping frame 1403637167.0883191
Dropping frame 1403637167.188319
Dropping frame 1403637167.4383192
Dropping frame 1403637167.638319
Dropping frame 1403637167.7883189
Dropping frame 1403637168.138319
Dropping frame 1403637168.4883189
Dropping frame 1403637168.8383191
Dropping frame 1403637169.188319
Dropping frame 1403637169.388319
Dropping frame 1403637169.4883189
Dropping frame 1403637169.688319
Dropping frame 1403637169.7883189
Dropping frame 1403637169.888319
Dropping frame 1403637170.0883191
Dropping frame 1403637170.2883189
Dropping frame 1403637170.388319
Dropping frame 1403637170.5883191
Dropping frame 1403637170.7883189
Dropping frame 1403637170.888319
Dropping frame 1403637171.0883191
Dropping frame 1403637171.188319
Dropping frame 1403637171.388319
Dropping frame 1403637171.5883191
Dropping frame 1403637171.7883189
Dropping frame 1403637171.9883189
Dropping frame 1403637172.188319
Dropping frame 1403637172.388319
Dropping frame 1403637172.5883191
Dropping frame 1403637172.7883189
Dropping frame 1403637172.888319
Dropping frame 1403637173.0883191
Dropping frame 1403637173.2883189
Dropping frame 1403637173.4883189
Dropping frame 1403637173.688319
Dropping frame 1403637173.888319
Dropping frame 1403637174.0883191
Dropping frame 1403637174.188319
Dropping frame 1403637174.388319
Dropping frame 1403637174.5883191
Dropping frame 1403637174.7883189
Dropping frame 1403637174.9383192
Dropping frame 1403637175.138319
Dropping frame 1403637175.3383191
Dropping frame 1403637175.5383191
Dropping frame 1403637175.7383192
Dropping frame 1403637175.8383191
Dropping frame 1403637176.0383191
Dropping frame 1403637176.138319
Dropping frame 1403637176.3383191
Dropping frame 1403637176.5883191
Dropping frame 1403637176.7883189
Dropping frame 1403637176.888319
Dropping frame 1403637176.9883189
Dropping frame 1403637177.188319
Dropping frame 1403637177.388319
Dropping frame 1403637177.4883189
Dropping frame 1403637177.688319
Dropping frame 1403637177.888319
Dropping frame 1403637177.9883189
Dropping frame 1403637178.388319
Dropping frame 1403637179.0383191
Dropping frame 1403637179.388319
Dropping frame 1403637179.7383192
Dropping frame 1403637179.8383191
Dropping frame 1403637180.0883191
Dropping frame 1403637180.2883189
Dropping frame 1403637180.4383192
Dropping frame 1403637180.5383191
Dropping frame 1403637180.7883189
Dropping frame 1403637181.388319
Dropping frame 1403637181.638319
Dropping frame 1403637181.8383191
Dropping frame 1403637181.9383192
Dropping frame 1403637182.3383191
Dropping frame 1403637182.7883189
Dropping frame 1403637183.138319
Dropping frame 1403637183.2883189
Dropping frame 1403637183.4883189
Dropping frame 1403637183.5883191
Dropping frame 1403637183.8383191
Dropping frame 1403637183.9383192
Dropping frame 1403637184.188319
Dropping frame 1403637184.388319
Dropping frame 1403637184.5883191
Dropping frame 1403637184.688319
Dropping frame 1403637184.9883189
Dropping frame 1403637185.2883189
Dropping frame 1403637185.388319
Dropping frame 1403637185.5883191
Dropping frame 1403637186.0383191
Dropping frame 1403637186.138319
Dropping frame 1403637186.2383192
Dropping frame 1403637186.388319
Dropping frame 1403637186.4883189
Dropping frame 1403637186.688319
Dropping frame 1403637186.7883189
Dropping frame 1403637187.0383191
Dropping frame 1403637187.2383192
Dropping frame 1403637187.388319
Dropping frame 1403637187.4883189
Dropping frame 1403637187.7883189
Dropping frame 1403637187.888319
Dropping frame 1403637188.138319
Dropping frame 1403637188.3383191
Dropping frame 1403637188.4883189
Dropping frame 1403637188.688319
Dropping frame 1403637188.888319
Dropping frame 1403637189.0883191
Dropping frame 1403637189.2383192
Dropping frame 1403637189.4383192
Dropping frame 1403637189.5383191
Dropping frame 1403637189.638319
Dropping frame 1403637189.8383191
Dropping frame 1403637190.0383191
Dropping frame 1403637190.8383191
Dropping frame 1403637191.188319
Dropping frame 1403637191.2883189
Dropping frame 1403637191.388319
Dropping frame 1403637191.5883191
Dropping frame 1403637191.688319
Dropping frame 1403637191.7883189
Dropping frame 1403637191.9883189
Dropping frame 1403637192.2883189
Dropping frame 1403637192.388319
Dropping frame 1403637192.688319
Dropping frame 1403637192.9383192
Dropping frame 1403637193.0883191
Dropping frame 1403637193.2883189
Dropping frame 1403637193.4383192
Dropping frame 1403637193.638319
Dropping frame 1403637193.7383192
Dropping frame 1403637193.9883189
Dropping frame 1403637194.188319
Dropping frame 1403637194.5383191
Dropping frame 1403637194.8383191
Dropping frame 1403637195.0883191
Dropping frame 1403637195.2383192
Dropping frame 1403637195.4383192
Dropping frame 1403637195.7383192
Dropping frame 1403637195.8383191
Dropping frame 1403637196.0883191
Dropping frame 1403637196.2883189
Dropping frame 1403637196.388319
Dropping frame 1403637196.688319
Dropping frame 1403637196.9383192
Dropping frame 1403637197.0383191
Dropping frame 1403637197.2883189
Dropping frame 1403637197.388319
Dropping frame 1403637197.5883191
Dropping frame 1403637197.688319
Dropping frame 1403637197.7883189
Dropping frame 1403637197.9883189
Dropping frame 1403637198.0883191
Dropping frame 1403637198.188319
Dropping frame 1403637198.388319
Dropping frame 1403637198.4883189
Dropping frame 1403637198.5883191
Dropping frame 1403637198.7883189
Dropping frame 1403637198.888319
Dropping frame 1403637198.9883189
Dropping frame 1403637199.188319
Dropping frame 1403637199.388319
Dropping frame 1403637199.4883189
Dropping frame 1403637199.5883191
Dropping frame 1403637199.7883189
Dropping frame 1403637199.9883189
Dropping frame 1403637200.0883191
Dropping frame 1403637200.188319
Dropping frame 1403637200.388319
Dropping frame 1403637200.4883189
Dropping frame 1403637200.5883191
Dropping frame 1403637200.688319
Dropping frame 1403637200.888319
Dropping frame 1403637200.9883189
Dropping frame 1403637201.0883191
Dropping frame 1403637201.2883189
Dropping frame 1403637201.4883189
Dropping frame 1403637201.688319
Dropping frame 1403637201.7883189
Dropping frame 1403637201.888319
Dropping frame 1403637202.0883191
Dropping frame 1403637202.188319
Dropping frame 1403637202.2883189
Dropping frame 1403637202.4883189
Dropping frame 1403637202.688319
Dropping frame 1403637202.7883189
Dropping frame 1403637202.888319
Dropping frame 1403637203.0883191
Dropping frame 1403637203.188319
Dropping frame 1403637203.2883189
Dropping frame 1403637203.4883189
Dropping frame 1403637203.688319
Dropping frame 1403637203.7883189
Dropping frame 1403637203.888319
Dropping frame 1403637204.0383191
Dropping frame 1403637204.138319
Dropping frame 1403637204.2383192
Dropping frame 1403637204.4383192
Dropping frame 1403637204.5383191
Dropping frame 1403637204.638319
Dropping frame 1403637204.7383192
Dropping frame 1403637204.9883189
Dropping frame 1403637205.138319
Dropping frame 1403637205.4383192
Dropping frame 1403637205.5383191
Dropping frame 1403637205.638319
Dropping frame 1403637205.7383192
Dropping frame 1403637205.8383191
Dropping frame 1403637205.9383192
Dropping frame 1403637206.138319
Dropping frame 1403637206.2383192
Dropping frame 1403637206.3383191
Dropping frame 1403637206.5383191
Dropping frame 1403637206.7383192
Dropping frame 1403637206.9383192
Dropping frame 1403637207.0383191
Dropping frame 1403637207.138319
Dropping frame 1403637207.2383192
Dropping frame 1403637207.4383192
Dropping frame 1403637207.5383191
Dropping frame 1403637207.638319
Dropping frame 1403637207.8383191
Dropping frame 1403637208.0883191
Dropping frame 1403637208.2883189
Dropping frame 1403637208.388319
Dropping frame 1403637208.4883189
Dropping frame 1403637208.5883191
Dropping frame 1403637208.7883189
Dropping frame 1403637208.888319
Dropping frame 1403637208.9883189
Dropping frame 1403637209.0883191
Dropping frame 1403637209.188319
Dropping frame 1403637209.4383192
Dropping frame 1403637209.5883191
Dropping frame 1403637209.7883189
Dropping frame 1403637209.888319
Dropping frame 1403637209.9883189
Dropping frame 1403637210.0883191
Dropping frame 1403637210.2883189
Dropping frame 1403637210.388319
Dropping frame 1403637210.4883189
Dropping frame 1403637210.688319
Dropping frame 1403637210.888319
Dropping frame 1403637210.9883189
Dropping frame 1403637211.0883191
Dropping frame 1403637211.188319
Dropping frame 1403637211.2883189
Dropping frame 1403637211.388319
Dropping frame 1403637211.4883189
Dropping frame 1403637211.688319
Dropping frame 1403637211.7883189
Dropping frame 1403637211.888319
Dropping frame 1403637211.9883189
Dropping frame 1403637212.138319
Dropping frame 1403637212.2383192
Dropping frame 1403637212.3383191
Dropping frame 1403637212.5383191
Dropping frame 1403637212.638319
Dropping frame 1403637212.7383192
Dropping frame 1403637212.8383191
Dropping frame 1403637212.9383192
Dropping frame 1403637213.188319
Dropping frame 1403637213.2883189
Dropping frame 1403637213.4883189
Dropping frame 1403637213.5883191
Dropping frame 1403637213.688319
Dropping frame 1403637213.888319
Dropping frame 1403637214.0883191
Dropping frame 1403637214.188319
Dropping frame 1403637214.2883189
Dropping frame 1403637214.388319
Dropping frame 1403637214.5883191
Dropping frame 1403637214.7883189
Dropping frame 1403637214.888319
Dropping frame 1403637214.9883189
Dropping frame 1403637215.0883191
Dropping frame 1403637215.2883189
Dropping frame 1403637215.388319
Dropping frame 1403637215.4883189
Dropping frame 1403637215.688319
Dropping frame 1403637215.7883189
Dropping frame 1403637215.888319
Dropping frame 1403637216.0883191
Dropping frame 1403637216.2883189
Dropping frame 1403637216.388319
Dropping frame 1403637216.5383191
Dropping frame 1403637216.7883189
Dropping frame 1403637216.888319
Dropping frame 1403637216.9883189
Dropping frame 1403637217.0883191
Dropping frame 1403637217.188319
Dropping frame 1403637217.388319
Dropping frame 1403637217.5883191
Dropping frame 1403637217.688319
Dropping frame 1403637217.7883189
Dropping frame 1403637217.9883189
Dropping frame 1403637218.0883191
Dropping frame 1403637218.188319
Dropping frame 1403637218.2883189
Dropping frame 1403637218.388319
Dropping frame 1403637218.4883189
Dropping frame 1403637218.5883191
Dropping frame 1403637218.688319
Dropping frame 1403637218.888319
Dropping frame 1403637219.0883191
Dropping frame 1403637219.2883189
Dropping frame 1403637219.388319
Dropping frame 1403637219.5883191
Dropping frame 1403637219.7883189
Dropping frame 1403637219.888319
Dropping frame 1403637219.9883189
Dropping frame 1403637220.188319
Dropping frame 1403637220.388319
Dropping frame 1403637220.4883189
Dropping frame 1403637220.5883191
Dropping frame 1403637220.688319
Dropping frame 1403637220.888319
Dropping frame 1403637220.9883189
Dropping frame 1403637221.0883191
Dropping frame 1403637221.2883189
Dropping frame 1403637221.388319
Dropping frame 1403637221.5883191
Dropping frame 1403637221.7883189
Dropping frame 1403637221.888319
Dropping frame 1403637221.9883189
Dropping frame 1403637222.0883191
Dropping frame 1403637222.188319
Dropping frame 1403637222.388319
Dropping frame 1403637222.5883191
Dropping frame 1403637222.688319
Dropping frame 1403637222.7883189
Dropping frame 1403637222.888319
Dropping frame 1403637223.0883191
Dropping frame 1403637223.188319
Dropping frame 1403637223.2883189
Dropping frame 1403637223.4883189
Dropping frame 1403637223.5883191
Dropping frame 1403637223.7883189
Dropping frame 1403637223.888319
Dropping frame 1403637224.188319
Dropping frame 1403637224.4383192
Dropping frame 1403637224.5383191
Dropping frame 1403637224.638319
Dropping frame 1403637224.8383191
Dropping frame 1403637224.9383192
Dropping frame 1403637225.138319
Dropping frame 1403637225.2383192
Dropping frame 1403637225.3383191
Dropping frame 1403637225.5383191
Dropping frame 1403637225.7383192
Dropping frame 1403637225.9383192
Dropping frame 1403637226.0383191
Dropping frame 1403637226.138319
Dropping frame 1403637226.3383191
Dropping frame 1403637226.4383192
Dropping frame 1403637226.5383191
Dropping frame 1403637226.7383192
Dropping frame 1403637226.8383191
Dropping frame 1403637226.9383192
Dropping frame 1403637227.0383191
Dropping frame 1403637227.188319
Dropping frame 1403637227.388319
Dropping frame 1403637227.4883189
Dropping frame 1403637227.5883191
Dropping frame 1403637227.7883189
Dropping frame 1403637228.0383191
Dropping frame 1403637228.138319
Dropping frame 1403637228.5383191
Dropping frame 1403637228.888319
Dropping frame 1403637228.9883189
Dropping frame 1403637229.0883191
Dropping frame 1403637229.2883189
Dropping frame 1403637229.4883189
Dropping frame 1403637229.688319
Dropping frame 1403637229.8383191
Dropping frame 1403637230.0383191
Dropping frame 1403637230.138319
Dropping frame 1403637230.2383192
Dropping frame 1403637230.388319
Dropping frame 1403637230.5883191
Dropping frame 1403637230.7883189
Dropping frame 1403637231.188319
Dropping frame 1403637231.2883189
Dropping frame 1403637231.388319
Dropping frame 1403637231.4883189
Dropping frame 1403637231.688319
Dropping frame 1403637231.7883189
Dropping frame 1403637231.9883189
Dropping frame 1403637232.0883191
Dropping frame 1403637232.188319
Dropping frame 1403637232.388319
Dropping frame 1403637232.4883189
Dropping frame 1403637232.688319
Dropping frame 1403637232.7883189
Dropping frame 1403637232.888319
Dropping frame 1403637233.0883191
Dropping frame 1403637233.2883189
Dropping frame 1403637233.388319
Dropping frame 1403637233.688319
Dropping frame 1403637233.7883189
Dropping frame 1403637233.888319
Dropping frame 1403637234.0883191
Dropping frame 1403637234.188319
Dropping frame 1403637234.2883189
Dropping frame 1403637234.388319
Dropping frame 1403637234.688319
Dropping frame 1403637234.7883189
Dropping frame 1403637235.138319
Dropping frame 1403637235.2383192
Dropping frame 1403637235.3383191
Dropping frame 1403637235.4383192
Dropping frame 1403637235.638319
Dropping frame 1403637235.7383192
Dropping frame 1403637235.9883189
Dropping frame 1403637236.2383192
Dropping frame 1403637236.3383191
Dropping frame 1403637236.4383192
Dropping frame 1403637236.7383192
Dropping frame 1403637236.9383192
Dropping frame 1403637237.0883191
Dropping frame 1403637237.188319
Dropping frame 1403637237.388319
Dropping frame 1403637237.5383191
Dropping frame 1403637237.7383192
Dropping frame 1403637238.4383192
Dropping frame 1403637239.2383192
Dropping frame 1403637239.3383191
Dropping frame 1403637239.7383192
Dropping frame 1403637239.9383192
Dropping frame 1403637240.0383191
Dropping frame 1403637240.138319
Dropping frame 1403637240.3383191
Dropping frame 1403637240.5383191
Dropping frame 1403637240.7383192
Dropping frame 1403637240.8383191
Dropping frame 1403637240.9383192
Dropping frame 1403637241.138319
Dropping frame 1403637241.3383191
Dropping frame 1403637241.5383191
Dropping frame 1403637241.638319
Dropping frame 1403637241.888319
Dropping frame 1403637242.0883191
Dropping frame 1403637242.2883189
Dropping frame 1403637242.388319
Dropping frame 1403637242.4883189
Dropping frame 1403637242.7883189
Dropping frame 1403637242.9883189
Dropping frame 1403637243.3383191
Dropping frame 1403637243.4383192
Dropping frame 1403637243.688319
Dropping frame 1403637243.7883189
Dropping frame 1403637244.3383191
Dropping frame 1403637244.638319
Dropping frame 1403637244.8383191
Dropping frame 1403637245.0383191
Dropping frame 1403637245.2383192
Dropping frame 1403637245.3383191
Dropping frame 1403637245.5883191
Dropping frame 1403637245.7883189
Dropping frame 1403637245.9883189
Dropping frame 1403637246.0883191
Dropping frame 1403637246.3383191
Dropping frame 1403637246.4383192
Dropping frame 1403637246.5383191
Dropping frame 1403637246.7383192
Dropping frame 1403637246.8383191
Dropping frame 1403637246.9383192
Dropping frame 1403637247.138319
Dropping frame 1403637247.3383191
Dropping frame 1403637247.5383191
Dropping frame 1403637247.638319
Dropping frame 1403637248.0383191
Dropping frame 1403637248.2383192
Dropping frame 1403637248.3383191
Dropping frame 1403637248.4383192
Dropping frame 1403637248.638319
Dropping frame 1403637248.7383192
Dropping frame 1403637248.8383191
Dropping frame 1403637249.0383191
Dropping frame 1403637249.2383192
Dropping frame 1403637249.4383192
Dropping frame 1403637249.5383191
Dropping frame 1403637249.638319
Dropping frame 1403637249.8383191
Dropping frame 1403637250.0383191
Dropping frame 1403637250.2383192
Dropping frame 1403637250.3383191
Dropping frame 1403637250.4383192
Dropping frame 1403637250.638319
Dropping frame 1403637250.7383192
Dropping frame 1403637250.8383191
Dropping frame 1403637251.0383191
Dropping frame 1403637251.2383192
Dropping frame 1403637251.4383192
Dropping frame 1403637251.5383191
Dropping frame 1403637251.7383192
Dropping frame 1403637251.9383192
Dropping frame 1403637252.138319
Dropping frame 1403637252.2383192
Dropping frame 1403637252.3383191
Dropping frame 1403637252.5383191
Dropping frame 1403637252.7383192
Dropping frame 1403637253.0883191
Dropping frame 1403637253.188319
Dropping frame 1403637253.2883189
Dropping frame 1403637253.388319
Dropping frame 1403637253.5883191
Dropping frame 1403637253.688319
Dropping frame 1403637253.888319
Dropping frame 1403637253.9883189
Dropping frame 1403637254.0883191
Dropping frame 1403637254.188319
Dropping frame 1403637254.2883189
Dropping frame 1403637254.4883189
Dropping frame 1403637254.688319
Dropping frame 1403637254.888319
Dropping frame 1403637255.0883191
Dropping frame 1403637255.2883189
Dropping frame 1403637255.4883189
Dropping frame 1403637255.5883191
Dropping frame 1403637255.688319
Dropping frame 1403637256.188319
Dropping frame 1403637256.2883189
Dropping frame 1403637256.388319
Dropping frame 1403637256.5883191
Dropping frame 1403637256.688319
Dropping frame 1403637256.7883189
Dropping frame 1403637256.9883189
Dropping frame 1403637257.0883191
Dropping frame 1403637257.188319
Dropping frame 1403637257.388319
Dropping frame 1403637257.5883191
Dropping frame 1403637257.7883189
Dropping frame 1403637257.9883189
Dropping frame 1403637258.0883191
Dropping frame 1403637258.188319
Dropping frame 1403637258.388319
Dropping frame 1403637258.5883191
Dropping frame 1403637258.7883189
Dropping frame 1403637258.888319
Dropping frame 1403637258.9883189
Dropping frame 1403637259.188319
Dropping frame 1403637259.2883189
Dropping frame 1403637259.388319
Dropping frame 1403637259.4883189
Dropping frame 1403637259.688319
Dropping frame 1403637259.7883189
Dropping frame 1403637259.888319
Dropping frame 1403637260.0883191
Dropping frame 1403637260.2883189
Dropping frame 1403637260.4883189
Dropping frame 1403637260.688319
Dropping frame 1403637260.7883189
Dropping frame 1403637260.888319
Dropping frame 1403637261.0883191
Dropping frame 1403637261.2883189
Dropping frame 1403637261.4883189
Dropping frame 1403637261.688319
Dropping frame 1403637261.888319
Dropping frame 1403637261.9883189
Dropping frame 1403637262.0883191
Dropping frame 1403637262.188319
Dropping frame 1403637262.388319
Dropping frame 1403637262.4883189
Dropping frame 1403637262.688319
Dropping frame 1403637262.7883189
Dropping frame 1403637263.0383191
Dropping frame 1403637263.2383192
Dropping frame 1403637263.4383192
Dropping frame 1403637263.638319
Dropping frame 1403637263.7383192
Dropping frame 1403637263.8383191
Dropping frame 1403637264.0383191
Dropping frame 1403637264.2383192
Dropping frame 1403637264.4383192
Dropping frame 1403637264.5383191
Dropping frame 1403637264.638319
Dropping frame 1403637264.8383191
Dropping frame 1403637264.9383192
Dropping frame 1403637265.0383191
Dropping frame 1403637265.2383192
Dropping frame 1403637265.4383192
Shutdown
SLAM Finished at System Time: 1734511425.10338

 TIME STATS in ms (mean$\pm$std)
OpenCV version: 4.8.1
---------------------------
Tracking

ORB Extraction: 19.563$\pm$2.5009
Stereo Matching: 8.0083$\pm$1.977
IMU Preintegration: 0.24537$\pm$0.09704
Pose Prediction: 0.78847$\pm$1.8783
LM Track: 19.123$\pm$6.6284
New KF decision: 1.4943$\pm$2.6229
Total Tracking: 31.168$\pm$27.251



Local Mapping

KF Insertion: 15.241$\pm$5.999
MP Culling: 0.58038$\pm$0.26795
MP Creation: 46.715$\pm$19.245
LBA: 154.83$\pm$67.35
KF Culling: 15.166$\pm$11.372
Total Local Mapping: 230.68$\pm$94.853
---------------------------

LBA complexity (mean$\pm$std)
LBA Edges: 1634.7$\pm$602.15
LBA KF optimized: 6.5$\pm$2.2913
LBA KF fixed: 1$\pm$0
LBA MP: nan$\pm$nan

LBA executions: 453
LBA aborts: 0
---------------------------

Map complexity
KFs in map: 153
MPs in map: 11341
---------------------------

Place Recognition (mean$\pm$std)
Database Query: 2.2627$\pm$1.3111
SE3 estimation: 28.12$\pm$17.628
Total Place Recognition: 22.802$\pm$20.738


Loop Closing (mean$\pm$std)
Loop Fusion: nan$\pm$nan
Essential Graph: nan$\pm$nan
Total Loop Closing: nan$\pm$nan

Num exec: 0
Number of KFs: nan$\pm$nan

Map Merging (mean$\pm$std)
Merge Maps: nan$\pm$nan
Welding BA: nan$\pm$nan
Optimization Ess.: nan$\pm$nan
Total Map Merging: nan$\pm$nan

Num exec: 0
Number of KFs: nan$\pm$nan
Number of MPs: nan$\pm$nan

Full GBA (mean$\pm$std)
GBA: nan$\pm$nan
Map Update: nan$\pm$nan
Total Full GBA: nan$\pm$nan

Num exec: 0
Num abort: 0
Number of KFs: nan$\pm$nan
Number of MPs: nan$\pm$nan

Saving trajectory to f_dataset-MH03_stereo_imu.txt ...
There are 1 maps in the atlas
  Map 0 has 153 KFs

End of saving trajectory to f_dataset-MH03_stereo_imu.txt ...

Saving keyframe trajectory to kf_dataset-MH03_stereo_imu.txt ...
