num_seq = 1
file name: dataset-MH02_stereo_imu
Loading images for sequence 0...LOADED!
Loading IMU for sequence 0...LOADED!

-------

ORB-SLAM3 Copyright (C) 2017-2020 Carlos Campos, Richard Elvira, Juan J. Gómez, José M.M. Montiel and Juan D. Tardós, University of Zaragoza.
ORB-SLAM2 Copyright (C) 2014-2016 Raúl Mur-Artal, José M.M. Montiel and Juan D. Tardós, University of Zaragoza.
This program comes with ABSOLUTELY NO WARRANTY;
This is free software, and you are welcome to redistribute it
under certain conditions. See LICENSE.txt.

Built with REGISTER_TIMES
Git Commit Hash: 90f15d8

Input sensor was set to: Stereo-Inertial
Loading settings from ./Examples/Stereo-Inertial/EuRoC_fov_deadlines_mask_10x10.yaml
	-Loaded camera 1
	-Loaded camera 2
	-Loaded image info
	-Loaded IMU calibration
	-Loaded ORB settings
	-Loaded viewer settings
	-Loaded Atlas settings
Deadlines enabled, will skip frames!
FOV enabled
Static mask size: 10x10
Dumping map points enabled
	-Loaded misc parameters
	-Computed rectification maps
----------------------------------
SLAM settings: 
	-Camera 1 parameters (Pinhole): [ 458.65399169921875 457.29598999023438 367.21499633789062 248.375 ]
	-Camera 1 distortion parameters: [  -0.28340810537338257 0.073959067463874817 0.00019359000725671649 1.7618711353861727e-05 ]
	-Camera 2 parameters (Pinhole: [ 457.58700561523438 456.13400268554688 379.99899291992188 255.23800659179688 ]
	-Camera 1 distortion parameters: [  -0.2836836576461792 0.074512839317321777 -0.00010473000293131918 -3.555907096597366e-05 ]
	-Original image size: [ 752 , 480 ]
	-Current image size: [ 752 , 480 ]
	-Camera 1 parameters after rectification: [  456.71499633789062 456.71499633789062 364.52615356445312 257.268798828125 ]
	-Sequence FPS: 20
	-Stereo baseline: 0.11007784307003021
	-Stereo depth threshold : 60
	-Gyro noise: 0.00016999999934341758
	-Accelerometer noise: 0.0020000000949949026
	-Gyro walk: 1.9392999092815444e-05
	-Accelerometer walk: 0.0030000000260770321
	-IMU frequency: 200
	-Features per image: 1200
	-ORB scale factor: 1.2000000476837158
	-ORB number of scales: 8
	-Initial FAST threshold: 20
	-Min FAST threshold: 7


Loading ORB Vocabulary. This could take a while...
Vocabulary loaded!

Initialization of Atlas from scratch 
Creation of new map with id: 0
Creation of new map with last KF id: 0
Seq. Name: 
There are 1 cameras in the atlas
Camera 0 is pinhole
SLAM Started at System Time: 1732012492.54917
not IMU meas
not IMU meas
not enough acceleration
not enough acceleration
not enough acceleration
not enough acceleration
not enough acceleration
not enough acceleration
First KF:0; Map init KF:0
New Map created with 194 points
Active map: 0
Dropping frame 1403636859.1516664
Dropping frame 1403636859.7016666
Dropping frame 1403636860.0516665
Dropping frame 1403636860.1516664
Dropping frame 1403636860.5016665
Dropping frame 1403636860.7016666
Dropping frame 1403636860.9016666
Dropping frame 1403636861.2516665
Dropping frame 1403636861.6016665
Dropping frame 1403636861.9516664
Dropping frame 1403636862.3016665
Dropping frame 1403636862.7016666
Dropping frame 1403636862.8016665
Dropping frame 1403636863.2016666
Dropping frame 1403636863.8016665
Dropping frame 1403636863.9016666
Dropping frame 1403636864.3516665
start VIBA 1
Dropping frame 1403636864.4516664
end VIBA 1
Dropping frame 1403636864.6516664
Dropping frame 1403636864.8016665
Dropping frame 1403636865.0016665
Dropping frame 1403636865.1016665
Dropping frame 1403636865.2016666
Dropping frame 1403636865.3016665
Dropping frame 1403636865.4516664
Dropping frame 1403636866.1516664
Dropping frame 1403636866.4016666
Dropping frame 1403636866.6516664
Dropping frame 1403636866.9016666
Dropping frame 1403636867.2016666
Dropping frame 1403636867.4016666
Dropping frame 1403636867.5516665
Dropping frame 1403636867.7516665
Dropping frame 1403636867.9516664
Dropping frame 1403636868.1516664
Dropping frame 1403636868.3516665
Dropping frame 1403636868.4516664
Dropping frame 1403636868.7516665
Dropping frame 1403636868.9016666
Dropping frame 1403636869.1516664
Dropping frame 1403636869.5516665
Dropping frame 1403636869.6516664
Dropping frame 1403636869.7516665
Dropping frame 1403636870.0016665
Dropping frame 1403636870.1516664
Dropping frame 1403636870.4016666
Dropping frame 1403636870.5016665
Dropping frame 1403636870.6016665
Dropping frame 1403636870.8516665
Dropping frame 1403636871.1016665
Dropping frame 1403636871.3516665
Dropping frame 1403636871.6016665
Dropping frame 1403636871.8516665
Dropping frame 1403636872.1516664
Dropping frame 1403636872.4516664
Dropping frame 1403636872.8016665
Dropping frame 1403636873.2016666
Dropping frame 1403636873.3016665
Dropping frame 1403636873.5016665
Dropping frame 1403636873.9016666
Dropping frame 1403636874.0016665
Dropping frame 1403636874.1016665
Dropping frame 1403636874.3516665
Dropping frame 1403636874.5016665
Dropping frame 1403636874.7516665
Dropping frame 1403636875.1016665
Dropping frame 1403636875.3016665
Dropping frame 1403636875.4016666
start VIBA 2
Dropping frame 1403636875.5516665
end VIBA 2
Dropping frame 1403636875.8016665
Dropping frame 1403636876.0516665
Dropping frame 1403636876.3516665
Dropping frame 1403636876.5516665
Dropping frame 1403636876.8016665
Dropping frame 1403636877.1516664
Dropping frame 1403636877.4516664
Dropping frame 1403636877.5516665
Dropping frame 1403636877.8516665
Dropping frame 1403636878.0516665
Dropping frame 1403636878.2516665
Dropping frame 1403636878.3516665
Dropping frame 1403636878.6516664
Dropping frame 1403636878.8016665
Dropping frame 1403636879.5016665
Dropping frame 1403636879.9016666
Dropping frame 1403636880.1016665
Dropping frame 1403636880.2016666
Dropping frame 1403636880.5016665
Dropping frame 1403636881.5516665
Dropping frame 1403636881.7516665
Dropping frame 1403636881.8516665
Dropping frame 1403636882.1516664
Dropping frame 1403636882.4516664
Dropping frame 1403636882.6016665
Dropping frame 1403636883.2016666
Dropping frame 1403636883.5016665
Dropping frame 1403636883.9516664
Dropping frame 1403636884.2516665
Dropping frame 1403636884.6016665
Dropping frame 1403636884.8516665
Dropping frame 1403636885.6516664
Dropping frame 1403636886.0516665
Dropping frame 1403636886.4516664
Dropping frame 1403636887.0016665
Dropping frame 1403636887.3016665
Dropping frame 1403636887.6016665
Dropping frame 1403636889.1016665
Dropping frame 1403636889.8516665
Dropping frame 1403636890.4016666
Dropping frame 1403636890.5516665
Dropping frame 1403636890.8516665
Dropping frame 1403636891.6516664
Dropping frame 1403636892.1016665
Dropping frame 1403636892.6516664
Dropping frame 1403636893.1016665
Dropping frame 1403636893.4016666
Dropping frame 1403636894.3016665
Dropping frame 1403636894.8516665
Dropping frame 1403636895.2016666
Dropping frame 1403636895.3016665
Dropping frame 1403636895.6516664
Dropping frame 1403636896.0016665
Dropping frame 1403636896.3016665
Dropping frame 1403636896.9516664
Dropping frame 1403636897.4516664
Dropping frame 1403636897.6016665
Dropping frame 1403636898.0016665
Dropping frame 1403636898.4516664
Dropping frame 1403636898.8516665
Dropping frame 1403636899.4516664
Dropping frame 1403636901.0516665
Dropping frame 1403636901.6516664
Dropping frame 1403636902.0016665
Dropping frame 1403636902.1016665
Dropping frame 1403636902.8516665
Dropping frame 1403636903.0016665
Dropping frame 1403636904.0016665
Dropping frame 1403636904.2016666
Dropping frame 1403636904.8016665
Dropping frame 1403636905.4016666
Dropping frame 1403636905.6016665
Dropping frame 1403636906.0516665
Dropping frame 1403636906.4016666
Dropping frame 1403636906.7016666
Dropping frame 1403636907.4516664
Dropping frame 1403636908.1516664
Dropping frame 1403636908.7016666
Dropping frame 1403636908.9016666
Dropping frame 1403636909.3516665
Dropping frame 1403636909.5016665
Dropping frame 1403636910.0516665
Dropping frame 1403636910.4516664
Dropping frame 1403636910.9516664
Dropping frame 1403636911.3016665
Dropping frame 1403636912.2016666
Dropping frame 1403636912.5516665
Dropping frame 1403636912.8516665
Dropping frame 1403636913.2516665
Dropping frame 1403636913.3516665
Dropping frame 1403636913.7016666
Dropping frame 1403636913.8516665
Dropping frame 1403636913.9516664
Dropping frame 1403636914.1516664
Dropping frame 1403636914.2516665
Dropping frame 1403636914.4016666
Dropping frame 1403636914.5516665
Dropping frame 1403636914.8016665
Dropping frame 1403636914.9016666
Dropping frame 1403636915.0016665
Dropping frame 1403636915.2516665
Dropping frame 1403636915.4016666
Dropping frame 1403636915.7016666
Dropping frame 1403636915.8016665
Dropping frame 1403636916.1016665
Dropping frame 1403636916.4016666
Dropping frame 1403636916.5016665
Dropping frame 1403636916.6016665
Dropping frame 1403636916.8016665
Dropping frame 1403636916.9016666
Dropping frame 1403636917.1016665
Dropping frame 1403636917.2016666
Dropping frame 1403636917.4016666
Dropping frame 1403636917.5016665
Dropping frame 1403636917.6016665
Dropping frame 1403636917.7016666
Dropping frame 1403636917.8516665
Dropping frame 1403636918.0516665
Dropping frame 1403636918.2516665
Dropping frame 1403636918.3516665
Dropping frame 1403636918.4516664
Dropping frame 1403636918.5516665
Dropping frame 1403636918.6516664
Dropping frame 1403636918.7516665
Dropping frame 1403636918.8516665
Dropping frame 1403636919.1016665
Dropping frame 1403636919.2016666
Dropping frame 1403636919.3516665
Dropping frame 1403636919.5516665
Dropping frame 1403636919.8016665
Dropping frame 1403636919.9016666
Dropping frame 1403636920.0016665
Dropping frame 1403636920.1016665
Dropping frame 1403636920.2016666
Dropping frame 1403636920.3016665
Dropping frame 1403636920.4016666
Dropping frame 1403636920.6516664
Dropping frame 1403636920.8016665
Dropping frame 1403636921.0016665
Dropping frame 1403636921.1016665
Dropping frame 1403636921.2016666
Dropping frame 1403636921.4516664
Dropping frame 1403636921.5516665
Dropping frame 1403636921.6516664
Dropping frame 1403636921.8516665
Dropping frame 1403636921.9516664
Dropping frame 1403636922.0516665
Dropping frame 1403636922.2516665
Dropping frame 1403636922.4516664
Dropping frame 1403636922.5516665
Dropping frame 1403636922.8016665
Dropping frame 1403636922.9016666
Dropping frame 1403636923.0016665
Dropping frame 1403636923.1016665
Dropping frame 1403636923.2516665
Dropping frame 1403636923.3516665
Dropping frame 1403636923.6016665
Dropping frame 1403636923.8016665
Dropping frame 1403636923.9016666
Dropping frame 1403636924.0016665
Dropping frame 1403636924.2016666
Dropping frame 1403636924.4016666
Dropping frame 1403636924.6016665
Dropping frame 1403636924.7016666
Dropping frame 1403636924.9016666
Dropping frame 1403636925.0016665
Dropping frame 1403636925.2516665
Dropping frame 1403636925.4516664
Dropping frame 1403636925.5516665
Dropping frame 1403636925.7016666
Dropping frame 1403636925.8016665
Dropping frame 1403636926.0016665
Dropping frame 1403636926.1016665
Dropping frame 1403636926.2016666
Dropping frame 1403636926.3016665
Dropping frame 1403636926.4016666
Dropping frame 1403636926.5016665
Dropping frame 1403636926.6016665
Dropping frame 1403636926.7016666
Dropping frame 1403636926.8016665
Dropping frame 1403636926.9016666
Dropping frame 1403636927.0516665
Dropping frame 1403636927.1516664
Dropping frame 1403636927.2516665
Dropping frame 1403636927.4516664
Dropping frame 1403636927.5516665
Dropping frame 1403636927.8016665
Dropping frame 1403636928.1016665
Dropping frame 1403636928.4516664
Dropping frame 1403636928.6016665
Dropping frame 1403636928.7016666
Dropping frame 1403636929.2516665
Dropping frame 1403636929.9516664
Dropping frame 1403636930.0516665
Dropping frame 1403636930.9516664
Dropping frame 1403636931.3516665
Dropping frame 1403636931.4516664
Dropping frame 1403636932.0516665
Dropping frame 1403636932.1516664
Dropping frame 1403636932.5016665
Dropping frame 1403636933.2016666
Dropping frame 1403636933.3516665
Dropping frame 1403636933.6016665
Dropping frame 1403636933.8016665
Dropping frame 1403636933.9516664
Dropping frame 1403636934.1516664
Dropping frame 1403636934.2516665
Dropping frame 1403636934.6016665
Dropping frame 1403636934.7016666
Dropping frame 1403636934.8016665
Dropping frame 1403636934.9016666
Dropping frame 1403636935.0016665
Dropping frame 1403636935.3016665
Dropping frame 1403636935.5016665
Dropping frame 1403636935.7016666
Dropping frame 1403636936.0016665
Dropping frame 1403636936.2516665
Dropping frame 1403636936.5016665
Dropping frame 1403636936.6016665
Dropping frame 1403636936.8016665
Dropping frame 1403636937.0016665
Dropping frame 1403636937.1016665
Dropping frame 1403636937.3516665
Dropping frame 1403636937.5516665
Dropping frame 1403636937.6516664
Dropping frame 1403636937.7516665
Dropping frame 1403636937.8516665
Dropping frame 1403636938.0516665
Dropping frame 1403636938.2516665
Dropping frame 1403636938.4516664
Dropping frame 1403636938.5516665
Dropping frame 1403636938.6516664
Dropping frame 1403636938.7516665
Dropping frame 1403636938.9516664
Dropping frame 1403636939.0516665
Dropping frame 1403636939.2516665
Dropping frame 1403636939.3516665
Dropping frame 1403636939.4516664
Dropping frame 1403636939.6016665
Dropping frame 1403636939.8016665
Dropping frame 1403636940.0016665
Dropping frame 1403636940.1016665
Dropping frame 1403636940.2016666
Dropping frame 1403636940.3016665
Dropping frame 1403636940.4016666
Dropping frame 1403636940.6016665
Dropping frame 1403636940.7016666
Dropping frame 1403636941.0516665
Dropping frame 1403636941.2516665
Dropping frame 1403636941.4516664
Dropping frame 1403636941.5516665
Dropping frame 1403636941.6516664
Dropping frame 1403636941.8516665
Dropping frame 1403636942.0516665
Dropping frame 1403636942.1516664
Dropping frame 1403636942.2516665
Dropping frame 1403636942.4516664
Dropping frame 1403636942.6516664
Dropping frame 1403636942.7516665
Dropping frame 1403636942.8516665
Dropping frame 1403636943.0516665
Dropping frame 1403636943.2516665
Dropping frame 1403636943.4516664
Dropping frame 1403636943.6516664
Dropping frame 1403636943.7516665
Dropping frame 1403636943.9516664
Dropping frame 1403636944.0516665
Dropping frame 1403636944.1516664
Dropping frame 1403636944.3516665
Dropping frame 1403636944.4516664
Dropping frame 1403636944.7016666
Dropping frame 1403636944.9016666
Dropping frame 1403636945.1016665
Dropping frame 1403636945.3016665
Dropping frame 1403636945.5016665
Dropping frame 1403636945.8516665
Dropping frame 1403636945.9516664
Dropping frame 1403636946.0516665
Dropping frame 1403636946.3016665
Dropping frame 1403636946.5016665
Dropping frame 1403636946.6016665
Dropping frame 1403636946.8016665
Dropping frame 1403636946.9016666
Dropping frame 1403636947.0016665
Dropping frame 1403636947.2016666
Dropping frame 1403636947.3016665
Dropping frame 1403636947.4016666
Dropping frame 1403636947.5016665
Dropping frame 1403636947.7016666
Dropping frame 1403636947.9016666
Dropping frame 1403636948.1016665
Dropping frame 1403636948.3016665
Dropping frame 1403636948.5016665
Dropping frame 1403636948.7016666
Dropping frame 1403636948.9016666
Dropping frame 1403636949.0016665
Dropping frame 1403636949.1016665
Dropping frame 1403636949.2016666
Dropping frame 1403636949.4016666
Dropping frame 1403636949.5016665
Dropping frame 1403636949.7016666
Dropping frame 1403636949.8516665
Dropping frame 1403636950.0516665
Dropping frame 1403636950.5516665
Dropping frame 1403636950.7516665
Dropping frame 1403636950.9516664
Dropping frame 1403636951.1516664
Dropping frame 1403636951.2516665
Dropping frame 1403636951.5016665
Dropping frame 1403636951.7016666
Dropping frame 1403636951.9016666
Dropping frame 1403636952.0016665
Dropping frame 1403636952.1016665
Dropping frame 1403636952.3016665
Dropping frame 1403636952.4016666
Dropping frame 1403636952.5016665
Dropping frame 1403636952.7016666
Dropping frame 1403636952.9016666
Dropping frame 1403636953.0016665
Dropping frame 1403636953.1016665
Dropping frame 1403636953.3516665
Dropping frame 1403636953.5516665
Dropping frame 1403636953.7516665
Dropping frame 1403636953.9516664
Dropping frame 1403636954.0516665
Dropping frame 1403636954.2516665
Dropping frame 1403636954.4516664
Dropping frame 1403636954.5516665
Dropping frame 1403636954.8516665
Dropping frame 1403636954.9516664
Dropping frame 1403636955.0516665
Dropping frame 1403636955.2516665
Dropping frame 1403636955.4516664
Dropping frame 1403636955.6516664
Dropping frame 1403636955.7516665
Dropping frame 1403636955.8516665
Dropping frame 1403636956.3016665
Dropping frame 1403636956.4016666
Dropping frame 1403636956.5016665
Dropping frame 1403636956.7016666
Dropping frame 1403636957.1516664
Dropping frame 1403636957.6516664
Dropping frame 1403636957.7516665
Dropping frame 1403636957.8516665
Dropping frame 1403636958.0516665
Dropping frame 1403636958.2516665
Dropping frame 1403636958.3516665
Dropping frame 1403636958.5516665
Dropping frame 1403636958.7516665
Dropping frame 1403636958.8516665
Dropping frame 1403636958.9516664
Dropping frame 1403636959.1516664
Dropping frame 1403636959.3516665
Dropping frame 1403636959.5516665
Dropping frame 1403636959.7516665
Dropping frame 1403636959.9516664
Dropping frame 1403636960.1516664
Dropping frame 1403636960.3516665
Dropping frame 1403636960.5516665
Dropping frame 1403636960.7516665
Dropping frame 1403636960.9516664
Dropping frame 1403636961.0516665
Dropping frame 1403636961.2516665
Dropping frame 1403636961.4516664
Dropping frame 1403636961.6516664
Dropping frame 1403636961.7516665
Dropping frame 1403636962.0016665
Dropping frame 1403636962.2016666
Dropping frame 1403636962.3016665
Dropping frame 1403636962.4016666
Dropping frame 1403636962.5016665
Dropping frame 1403636962.7516665
Dropping frame 1403636962.8516665
Dropping frame 1403636962.9516664
Dropping frame 1403636963.2016666
Dropping frame 1403636963.3016665
Dropping frame 1403636963.7016666
Dropping frame 1403636963.8016665
Dropping frame 1403636964.2516665
Dropping frame 1403636964.3516665
Dropping frame 1403636964.4516664
Dropping frame 1403636964.5516665
Dropping frame 1403636964.6516664
Dropping frame 1403636965.0016665
Dropping frame 1403636965.1016665
Dropping frame 1403636965.2016666
Dropping frame 1403636965.4516664
Dropping frame 1403636965.5516665
Dropping frame 1403636965.6516664
Dropping frame 1403636965.9016666
Dropping frame 1403636966.1016665
Dropping frame 1403636966.3016665
Dropping frame 1403636966.4016666
Dropping frame 1403636966.5016665
Dropping frame 1403636966.7016666
Dropping frame 1403636966.8016665
Dropping frame 1403636966.9516664
Dropping frame 1403636967.3516665
Dropping frame 1403636967.4516664
Dropping frame 1403636967.6516664
Dropping frame 1403636967.8516665
Dropping frame 1403636967.9516664
Dropping frame 1403636968.2516665
Dropping frame 1403636968.4516664
Dropping frame 1403636968.5516665
Dropping frame 1403636969.0516665
Dropping frame 1403636969.2516665
Dropping frame 1403636969.4516664
Dropping frame 1403636969.6516664
Dropping frame 1403636969.9516664
Dropping frame 1403636970.0516665
Dropping frame 1403636970.3016665
Dropping frame 1403636970.7016666
Dropping frame 1403636970.9016666
Dropping frame 1403636971.0016665
Dropping frame 1403636971.2016666
Dropping frame 1403636971.3016665
Dropping frame 1403636971.4016666
Dropping frame 1403636971.5016665
Dropping frame 1403636971.7016666
Dropping frame 1403636971.8016665
Dropping frame 1403636971.9016666
Dropping frame 1403636972.1016665
Dropping frame 1403636972.2016666
Dropping frame 1403636972.4016666
Dropping frame 1403636972.5016665
Dropping frame 1403636972.7516665
Dropping frame 1403636972.9516664
Dropping frame 1403636973.0516665
Dropping frame 1403636973.3016665
Dropping frame 1403636973.5016665
Dropping frame 1403636974.0016665
Dropping frame 1403636974.2016666
Dropping frame 1403636974.3016665
Dropping frame 1403636974.6516664
Dropping frame 1403636974.7516665
Dropping frame 1403636974.8516665
Dropping frame 1403636975.3016665
Dropping frame 1403636975.4016666
Dropping frame 1403636975.5516665
Dropping frame 1403636975.6516664
Dropping frame 1403636976.1516664
Dropping frame 1403636976.2516665
Dropping frame 1403636976.3516665
Dropping frame 1403636976.7516665
Dropping frame 1403636976.8516665
Dropping frame 1403636977.1516664
Dropping frame 1403636977.2516665
Dropping frame 1403636977.4516664
Dropping frame 1403636977.6516664
Dropping frame 1403636977.7516665
Dropping frame 1403636978.0516665
Dropping frame 1403636978.1516664
Dropping frame 1403636978.4016666
Dropping frame 1403636978.7516665
Dropping frame 1403636978.9516664
Dropping frame 1403636979.0516665
Dropping frame 1403636979.3016665
Dropping frame 1403636979.4016666
Dropping frame 1403636979.6516664
Dropping frame 1403636979.9516664
Dropping frame 1403636980.1516664
Dropping frame 1403636980.3516665
Dropping frame 1403636980.8016665
Dropping frame 1403636981.0016665
Dropping frame 1403636981.1516664
Dropping frame 1403636981.3516665
Dropping frame 1403636981.5516665
Dropping frame 1403636981.7516665
Dropping frame 1403636982.0016665
Dropping frame 1403636982.4016666
Dropping frame 1403636982.7516665
Dropping frame 1403636982.9516664
Dropping frame 1403636983.1516664
Dropping frame 1403636983.4016666
Dropping frame 1403636983.5016665
Dropping frame 1403636983.8516665
Dropping frame 1403636984.0016665
Dropping frame 1403636984.4016666
Dropping frame 1403636984.6516664
Dropping frame 1403636984.7516665
Dropping frame 1403636984.8516665
Dropping frame 1403636985.0516665
Dropping frame 1403636985.2516665
Dropping frame 1403636985.4516664
Dropping frame 1403636985.5516665
Dropping frame 1403636985.8516665
Dropping frame 1403636985.9516664
Dropping frame 1403636986.1516664
Dropping frame 1403636986.3516665
Dropping frame 1403636986.5516665
Dropping frame 1403636986.7016666
Dropping frame 1403636987.1516664
Dropping frame 1403636987.5516665
Dropping frame 1403636987.9016666
Dropping frame 1403636988.1016665
Dropping frame 1403636988.4016666
Dropping frame 1403636988.5516665
Dropping frame 1403636988.9016666
Dropping frame 1403636989.0016665
Dropping frame 1403636989.2516665
Dropping frame 1403636989.4516664
Dropping frame 1403636989.6516664
Dropping frame 1403636989.9516664
Dropping frame 1403636990.1516664
Dropping frame 1403636990.2516665
Dropping frame 1403636990.3516665
Dropping frame 1403636990.4516664
Dropping frame 1403636990.6516664
Dropping frame 1403636990.7516665
Dropping frame 1403636990.8516665
Dropping frame 1403636991.0516665
Dropping frame 1403636991.2016666
Dropping frame 1403636991.4016666
Dropping frame 1403636991.5016665
Dropping frame 1403636991.6016665
Dropping frame 1403636991.8516665
Dropping frame 1403636991.9516664
Dropping frame 1403636992.1516664
Dropping frame 1403636992.2516665
Dropping frame 1403636992.3516665
Dropping frame 1403636992.4516664
Dropping frame 1403636992.6016665
Dropping frame 1403636992.8016665
Dropping frame 1403636993.0016665
Dropping frame 1403636993.2016666
Dropping frame 1403636993.3016665
Dropping frame 1403636993.4016666
Dropping frame 1403636993.6516664
Dropping frame 1403636993.9516664
Dropping frame 1403636994.1516664
Dropping frame 1403636994.2516665
Dropping frame 1403636994.3516665
Dropping frame 1403636994.7016666
Dropping frame 1403636994.9016666
Dropping frame 1403636995.0016665
Dropping frame 1403636995.1016665
Dropping frame 1403636995.3016665
Dropping frame 1403636995.5016665
Dropping frame 1403636995.7016666
Dropping frame 1403636995.9016666
Dropping frame 1403636996.0016665
Dropping frame 1403636996.1016665
Dropping frame 1403636996.3016665
Dropping frame 1403636996.4016666
Dropping frame 1403636996.5016665
Dropping frame 1403636996.7016666
Dropping frame 1403636996.8016665
Dropping frame 1403636996.9016666
Dropping frame 1403636997.1016665
Dropping frame 1403636997.2016666
Dropping frame 1403636997.3016665
Dropping frame 1403636997.5016665
Dropping frame 1403636997.6016665
Dropping frame 1403636997.7016666
Dropping frame 1403636997.9016666
Dropping frame 1403636998.0016665
Dropping frame 1403636998.3016665
Dropping frame 1403636998.4016666
Dropping frame 1403636998.7516665
Dropping frame 1403636999.1516664
Dropping frame 1403636999.2516665
Dropping frame 1403637000.3016665
Dropping frame 1403637000.4016666
Dropping frame 1403637000.9516664
Dropping frame 1403637001.1016665
Dropping frame 1403637001.3516665
Dropping frame 1403637001.6016665
Dropping frame 1403637001.7016666
Dropping frame 1403637001.9516664
Dropping frame 1403637002.1516664
Dropping frame 1403637002.2516665
Dropping frame 1403637002.3516665
Dropping frame 1403637002.6516664
Dropping frame 1403637002.9016666
Dropping frame 1403637003.0016665
Dropping frame 1403637003.2516665
Dropping frame 1403637003.6016665
Dropping frame 1403637003.9016666
Dropping frame 1403637004.1016665
Dropping frame 1403637004.3016665
Dropping frame 1403637004.4016666
Dropping frame 1403637004.6516664
Dropping frame 1403637004.9516664
Dropping frame 1403637005.1516664
Dropping frame 1403637005.4016666
Dropping frame 1403637005.5516665
Dropping frame 1403637005.7516665
Dropping frame 1403637005.8516665
Dropping frame 1403637006.1016665
Dropping frame 1403637006.2016666
Dropping frame 1403637006.4516664
Dropping frame 1403637006.5516665
Dropping frame 1403637006.6516664
Dropping frame 1403637006.8516665
Dropping frame 1403637007.0516665
Dropping frame 1403637007.1516664
Dropping frame 1403637007.2516665
Dropping frame 1403637007.4516664
Dropping frame 1403637007.5516665
Dropping frame 1403637007.6516664
Dropping frame 1403637007.8516665
Dropping frame 1403637008.0516665
Dropping frame 1403637008.4516664
Dropping frame 1403637008.6516664
Dropping frame 1403637008.8516665
Dropping frame 1403637008.9516664
Dropping frame 1403637009.0516665
Dropping frame 1403637009.2516665
Dropping frame 1403637009.4016666
Dropping frame 1403637009.6016665
Dropping frame 1403637009.7016666
Dropping frame 1403637009.9516664
Dropping frame 1403637010.1516664
Dropping frame 1403637010.3516665
Dropping frame 1403637010.4516664
Dropping frame 1403637010.5516665
Shutdown
SLAM Finished at System Time: 1732012677.1342

 TIME STATS in ms (mean$\pm$std)
OpenCV version: 4.8.1
---------------------------
Tracking

ORB Extraction: 19.889$\pm$1.8775
Stereo Matching: 7.0928$\pm$1.9929
IMU Preintegration: 0.24423$\pm$0.093875
Pose Prediction: 0.21356$\pm$0.6101
LM Track: 19.06$\pm$5.4133
New KF decision: 1.2307$\pm$2.3512
Total Tracking: 33.285$\pm$26.131



Local Mapping

KF Insertion: 16.769$\pm$5.5734
MP Culling: 0.56055$\pm$0.21314
MP Creation: 50.26$\pm$15.378
LBA: 152.78$\pm$53.032
KF Culling: 15.724$\pm$10.264
Total Local Mapping: 236.07$\pm$75.511
---------------------------

LBA complexity (mean$\pm$std)
LBA Edges: 1689.6$\pm$557.4
LBA KF optimized: 6.5$\pm$2.2913
LBA KF fixed: 1$\pm$0
LBA MP: nan$\pm$nan

LBA executions: 450
LBA aborts: 0
---------------------------

Map complexity
KFs in map: 130
MPs in map: 10147
---------------------------

Place Recognition (mean$\pm$std)
Database Query: 1.4544$\pm$0.74632
SE3 estimation: 10.751$\pm$15.324
Total Place Recognition: 10.81$\pm$15.264


Loop Closing (mean$\pm$std)
Loop Fusion: nan$\pm$nan
Essential Graph: nan$\pm$nan
Total Loop Closing: nan$\pm$nan

Num exec: 0
Number of KFs: nan$\pm$nan

Map Merging (mean$\pm$std)
Merge Maps: nan$\pm$nan
Welding BA: nan$\pm$nan
Optimization Ess.: nan$\pm$nan
Total Map Merging: nan$\pm$nan

Num exec: 0
Number of KFs: nan$\pm$nan
Number of MPs: nan$\pm$nan

Full GBA (mean$\pm$std)
GBA: nan$\pm$nan
Map Update: nan$\pm$nan
Total Full GBA: nan$\pm$nan

Num exec: 0
Num abort: 0
Number of KFs: nan$\pm$nan
Number of MPs: nan$\pm$nan

Saving trajectory to f_dataset-MH02_stereo_imu.txt ...
There are 1 maps in the atlas
  Map 0 has 130 KFs

End of saving trajectory to f_dataset-MH02_stereo_imu.txt ...

Saving keyframe trajectory to kf_dataset-MH02_stereo_imu.txt ...
