num_seq = 1
file name: dataset-MH04_stereo_imu
Loading images for sequence 0...LOADED!
Loading IMU for sequence 0...LOADED!

-------

ORB-SLAM3 Copyright (C) 2017-2020 Carlos Campos, Richard Elvira, Juan J. Gómez, José M.M. Montiel and Juan D. Tardós, University of Zaragoza.
ORB-SLAM2 Copyright (C) 2014-2016 Raúl Mur-Artal, José M.M. Montiel and Juan D. Tardós, University of Zaragoza.
This program comes with ABSOLUTELY NO WARRANTY;
This is free software, and you are welcome to redistribute it
under certain conditions. See LICENSE.txt.

Built with REGISTER_TIMES
Git Commit Hash: 42e930e

Compiled with C++ version: 201703

Input sensor was set to: Stereo-Inertial
Loading settings from ./Examples/Stereo-Inertial/EuRoC_fov_deadlines_mask_5x5.yaml
	-Loaded camera 1
	-Loaded camera 2
	-Loaded image info
	-Loaded IMU calibration
	-Loaded ORB settings
	-Loaded viewer settings
	-Loaded Atlas settings
Deadlines enabled, will skip frames!
FOV enabled
Static mask size: 5x5
Dumping map points enabled
	-Loaded misc parameters
	-Computed rectification maps
----------------------------------
SLAM settings: 
	-Camera 1 parameters (Pinhole): [ 458.65399169921875 457.29598999023438 367.21499633789062 248.375 ]
	-Camera 1 distortion parameters: [  -0.28340810537338257 0.073959067463874817 0.00019359000725671649 1.7618711353861727e-05 ]
	-Camera 2 parameters (Pinhole: [ 457.58700561523438 456.13400268554688 379.99899291992188 255.23800659179688 ]
	-Camera 1 distortion parameters: [  -0.2836836576461792 0.074512839317321777 -0.00010473000293131918 -3.555907096597366e-05 ]
	-Original image size: [ 752 , 480 ]
	-Current image size: [ 752 , 480 ]
	-Camera 1 parameters after rectification: [  456.71499633789062 456.71499633789062 364.52615356445312 257.268798828125 ]
	-Sequence FPS: 20
	-Stereo baseline: 0.11007784307003021
	-Stereo depth threshold : 60
	-Gyro noise: 0.00016999999934341758
	-Accelerometer noise: 0.0020000000949949026
	-Gyro walk: 1.9392999092815444e-05
	-Accelerometer walk: 0.0030000000260770321
	-IMU frequency: 200
	-Features per image: 1200
	-ORB scale factor: 1.2000000476837158
	-ORB number of scales: 8
	-Initial FAST threshold: 20
	-Min FAST threshold: 7


Loading ORB Vocabulary. This could take a while...
Vocabulary loaded!

Initialization of Atlas from scratch 
Creation of new map with id: 0
Creation of new map with last KF id: 0
Seq. Name: 
There are 1 cameras in the atlas
Camera 0 is pinhole
SLAM Started at System Time: 1734507132.69462
not IMU meas
not IMU meas
not enough acceleration
not enough acceleration
not enough acceleration
not enough acceleration
not enough acceleration
not enough acceleration
not enough acceleration
not enough acceleration
not enough acceleration
not enough acceleration
not enough acceleration
not enough acceleration
not enough acceleration
not enough acceleration
not enough acceleration
not enough acceleration
not enough acceleration
not enough acceleration
not enough acceleration
not enough acceleration
not enough acceleration
not enough acceleration
not enough acceleration
not enough acceleration
not enough acceleration
not enough acceleration
not enough acceleration
not enough acceleration
not enough acceleration
not enough acceleration
First KF:0; Map init KF:0
New Map created with 79 points
Active map: 0
Dropping frame 1403638130.195097
Dropping frame 1403638130.395097
Dropping frame 1403638130.695097
Dropping frame 1403638130.7950971
Dropping frame 1403638131.145097
Dropping frame 1403638131.3450971
Dropping frame 1403638131.5450969
Dropping frame 1403638131.895097
Dropping frame 1403638131.9950972
Dropping frame 1403638132.195097
Dropping frame 1403638132.4950972
Dropping frame 1403638132.7450969
Dropping frame 1403638132.8450971
Dropping frame 1403638133.0450969
Dropping frame 1403638133.2450969
Dropping frame 1403638133.5450969
Dropping frame 1403638133.945097
Dropping frame 1403638134.0450969
Dropping frame 1403638134.3450971
start VIBA 1
Dropping frame 1403638134.5450969
end VIBA 1
Dropping frame 1403638134.8450971
Dropping frame 1403638134.945097
Dropping frame 1403638135.195097
Dropping frame 1403638135.2950971
Dropping frame 1403638135.395097
Dropping frame 1403638135.4950972
Dropping frame 1403638135.7450969
Dropping frame 1403638135.945097
Dropping frame 1403638136.145097
Dropping frame 1403638136.3450971
Dropping frame 1403638136.5950971
Dropping frame 1403638136.945097
Dropping frame 1403638137.2950971
Dropping frame 1403638137.645097
Dropping frame 1403638137.8450971
Dropping frame 1403638137.945097
Dropping frame 1403638138.0450969
Dropping frame 1403638138.145097
Dropping frame 1403638138.3450971
Not enough motion for initializing. Reseting...
TRACK: Reset map because local mapper set the bad imu flag 
LM: Active map reset recieved
LM: Active map reset, waiting...
LM: Reseting current map in Local Mapping...
LM: End reseting Local Mapping...
LM: Reset free the mutex
LM: Active map reset, Done!!!
mnFirstFrameId = 32
mnInitialFrameId = 0
153 Frames set to lost
not IMU meas
not enough acceleration
not enough acceleration
Dropping frame 1403638138.695097
not enough acceleration
not enough acceleration
not enough acceleration
Dropping frame 1403638138.895097
First KF:41; Map init KF:0
New Map created with 110 points
Active map: 0
Dropping frame 1403638138.9950972
Dropping frame 1403638139.0950971
Dropping frame 1403638139.3450971
Dropping frame 1403638139.445097
Dropping frame 1403638139.5450969
Dropping frame 1403638139.7450969
Dropping frame 1403638140.0950971
Dropping frame 1403638140.395097
Dropping frame 1403638140.7950971
Dropping frame 1403638141.5450969
Dropping frame 1403638141.645097
Not enough motion for initializing. Reseting...
LM: Reseting current map in Local Mapping...
LM: End reseting Local Mapping...
LM: Reset free the mutex
Not enough motion for initializing. Reseting...
TRACK: Reset map because local mapper set the bad imu flag 
LM: Reseting current map in Local Mapping...
LM: End reseting Local Mapping...
LM: Reset free the mutex
LM: Active map reset recieved
LM: Active map reset, waiting...
LM: Reseting current map in Local Mapping...
LM: End reseting Local Mapping...
LM: Reset free the mutex
LM: Active map reset, Done!!!
mnFirstFrameId = 192
mnInitialFrameId = 185
213 Frames set to lost
not IMU meas
not enough acceleration
not enough acceleration
not enough acceleration
not enough acceleration
not enough acceleration
not enough acceleration
not enough acceleration
not enough acceleration
not enough acceleration
not enough acceleration
not enough acceleration
Dropping frame 1403638143.145097
First KF:53; Map init KF:41
New Map created with 116 points
Active map: 0
Not enough motion for initializing. Reseting...
TRACK: Reset map because local mapper set the bad imu flag 
LM: Reseting current map in Local Mapping...
LM: End reseting Local Mapping...
LM: Reset free the mutex
LM: Active map reset recieved
LM: Active map reset, waiting...
LM: Reseting current map in Local Mapping...
LM: End reseting Local Mapping...
LM: Reset free the mutex
LM: Active map reset, Done!!!
mnFirstFrameId = 265
mnInitialFrameId = 252
269 Frames set to lost
not IMU meas
not enough acceleration
not enough acceleration
not enough acceleration
not enough acceleration
not enough acceleration
not enough acceleration
not enough acceleration
not enough acceleration
not enough acceleration
not enough acceleration
not enough acceleration
not enough acceleration
not enough acceleration
not enough acceleration
not enough acceleration
not enough acceleration
not enough acceleration
not enough acceleration
not enough acceleration
not enough acceleration
not enough acceleration
not enough acceleration
not enough acceleration
not enough acceleration
not enough acceleration
not enough acceleration
not enough acceleration
not enough acceleration
not enough acceleration
not enough acceleration
not enough acceleration
not enough acceleration
not enough acceleration
not enough acceleration
First KF:64; Map init KF:53
New Map created with 139 points
Active map: 0
start VIBA 1
end VIBA 1
Dropping frame 1403638154.8450971
Dropping frame 1403638155.4950972
Dropping frame 1403638155.5950971
Dropping frame 1403638156.0950971
Dropping frame 1403638156.3450971
Dropping frame 1403638156.5950971
Dropping frame 1403638156.945097
Dropping frame 1403638158.0950971
Dropping frame 1403638158.195097
Dropping frame 1403638158.2950971
Dropping frame 1403638159.4950972
Dropping frame 1403638160.3450971
Dropping frame 1403638160.895097
Dropping frame 1403638161.7950971
Dropping frame 1403638162.695097
Dropping frame 1403638163.0450969
start VIBA 2
Dropping frame 1403638163.645097
end VIBA 2
Dropping frame 1403638164.7450969
Dropping frame 1403638164.945097
Dropping frame 1403638165.145097
Dropping frame 1403638165.2450969
Dropping frame 1403638165.3450971
Dropping frame 1403638165.9950972
Dropping frame 1403638166.2450969
Dropping frame 1403638167.145097
Dropping frame 1403638167.5950971
Dropping frame 1403638167.7450969
Dropping frame 1403638168.0950971
Dropping frame 1403638168.3450971
Dropping frame 1403638168.445097
Dropping frame 1403638168.895097
Dropping frame 1403638169.2450969
Dropping frame 1403638169.4950972
Dropping frame 1403638169.5950971
Dropping frame 1403638170.145097
Dropping frame 1403638170.395097
Dropping frame 1403638170.645097
Dropping frame 1403638170.7450969
Dropping frame 1403638170.895097
Dropping frame 1403638171.195097
Dropping frame 1403638171.2950971
Dropping frame 1403638171.645097
Dropping frame 1403638171.9950972
Dropping frame 1403638172.0950971
Dropping frame 1403638172.2950971
Dropping frame 1403638172.895097
Dropping frame 1403638172.9950972
Dropping frame 1403638173.2450969
Dropping frame 1403638173.7450969
Dropping frame 1403638173.8450971
Dropping frame 1403638174.0450969
Dropping frame 1403638174.2450969
Dropping frame 1403638174.445097
Dropping frame 1403638174.5950971
Dropping frame 1403638175.2950971
Dropping frame 1403638175.5950971
Dropping frame 1403638175.895097
Dropping frame 1403638176.4950972
Dropping frame 1403638176.7950971
Dropping frame 1403638177.0450969
Dropping frame 1403638177.2950971
Dropping frame 1403638177.395097
Dropping frame 1403638177.5950971
Dropping frame 1403638177.7450969
Dropping frame 1403638178.0950971
Dropping frame 1403638178.195097
Dropping frame 1403638178.4950972
Dropping frame 1403638179.195097
Dropping frame 1403638180.0950971
Dropping frame 1403638181.0450969
Dropping frame 1403638181.395097
Dropping frame 1403638181.7950971
Dropping frame 1403638182.195097
Dropping frame 1403638182.395097
Dropping frame 1403638182.4950972
Dropping frame 1403638182.895097
Dropping frame 1403638183.3450971
Dropping frame 1403638183.5450969
Dropping frame 1403638183.8450971
Dropping frame 1403638184.5450969
Dropping frame 1403638185.7950971
Dropping frame 1403638186.2950971
Dropping frame 1403638186.5950971
Dropping frame 1403638186.945097
Dropping frame 1403638187.645097
Dropping frame 1403638188.145097
Dropping frame 1403638188.2450969
Dropping frame 1403638188.4950972
Dropping frame 1403638188.5950971
Dropping frame 1403638188.695097
Dropping frame 1403638188.8450971
Dropping frame 1403638189.0950971
Dropping frame 1403638189.395097
Dropping frame 1403638189.4950972
Dropping frame 1403638189.895097
Dropping frame 1403638190.195097
Dropping frame 1403638190.2950971
Dropping frame 1403638190.395097
Dropping frame 1403638190.645097
Dropping frame 1403638190.8450971
Dropping frame 1403638190.945097
Dropping frame 1403638191.0450969
Dropping frame 1403638191.2450969
Dropping frame 1403638191.4950972
Dropping frame 1403638191.695097
Dropping frame 1403638191.9950972
Dropping frame 1403638192.195097
Dropping frame 1403638192.3450971
Dropping frame 1403638192.645097
Dropping frame 1403638196.945097
Dropping frame 1403638222.195097
Dropping frame 1403638222.445097
Dropping frame 1403638222.5950971
Dropping frame 1403638222.945097
Dropping frame 1403638225.0450969
Dropping frame 1403638225.3450971
Dropping frame 1403638225.5950971
Dropping frame 1403638225.695097
Dropping frame 1403638225.895097
Dropping frame 1403638225.9950972
Dropping frame 1403638226.0950971
Dropping frame 1403638226.7450969
Dropping frame 1403638226.8450971
Dropping frame 1403638227.195097
Dropping frame 1403638227.5450969
Dropping frame 1403638227.945097
Dropping frame 1403638228.2450969
Dropping frame 1403638228.3450971
Shutdown
SLAM Finished at System Time: 1734507251.33148

 TIME STATS in ms (mean$\pm$std)
OpenCV version: 4.8.1
---------------------------
Tracking

ORB Extraction: 14.163$\pm$2.0874
Stereo Matching: 7.397$\pm$2.3218
IMU Preintegration: 0.18371$\pm$0.06602
Pose Prediction: 0.53339$\pm$1.4084
LM Track: 14.39$\pm$4.9373
New KF decision: 0.97415$\pm$1.8171
Total Tracking: 34.7$\pm$17.181



Local Mapping

KF Insertion: 10.48$\pm$4.2071
MP Culling: 0.40465$\pm$0.22703
MP Creation: 33.594$\pm$14.995
LBA: 119.32$\pm$49.521
KF Culling: 7.5164$\pm$5.7577
Total Local Mapping: 171.5$\pm$73.964
---------------------------

LBA complexity (mean$\pm$std)
LBA Edges: 1388.3$\pm$1180.3
LBA KF optimized: 6.5$\pm$2.2913
LBA KF fixed: 1$\pm$0
LBA MP: nan$\pm$nan

LBA executions: 420
LBA aborts: 0
---------------------------

Map complexity
KFs in map: 204
MPs in map: 16829
---------------------------

Place Recognition (mean$\pm$std)
Database Query: 1.6623$\pm$0.96241
SE3 estimation: 24.457$\pm$14.303
Total Place Recognition: 18.512$\pm$17.291


Loop Closing (mean$\pm$std)
Loop Fusion: nan$\pm$nan
Essential Graph: nan$\pm$nan
Total Loop Closing: nan$\pm$nan

Num exec: 0
Number of KFs: nan$\pm$nan

Map Merging (mean$\pm$std)
Merge Maps: nan$\pm$nan
Welding BA: nan$\pm$nan
Optimization Ess.: nan$\pm$nan
Total Map Merging: nan$\pm$nan

Num exec: 0
Number of KFs: nan$\pm$nan
Number of MPs: nan$\pm$nan

Full GBA (mean$\pm$std)
GBA: nan$\pm$nan
Map Update: nan$\pm$nan
Total Full GBA: nan$\pm$nan

Num exec: 0
Num abort: 0
Number of KFs: nan$\pm$nan
Number of MPs: nan$\pm$nan

Saving trajectory to f_dataset-MH04_stereo_imu.txt ...
There are 1 maps in the atlas
  Map 0 has 204 KFs

End of saving trajectory to f_dataset-MH04_stereo_imu.txt ...

Saving keyframe trajectory to kf_dataset-MH04_stereo_imu.txt ...
