num_seq = 1
file name: dataset-MH01_stereo_imu
Loading images for sequence 0...LOADED!
Loading IMU for sequence 0...LOADED!

-------

ORB-SLAM3 Copyright (C) 2017-2020 Carlos Campos, Richard Elvira, Juan J. Gómez, José M.M. Montiel and Juan D. Tardós, University of Zaragoza.
ORB-SLAM2 Copyright (C) 2014-2016 Raúl Mur-Artal, José M.M. Montiel and Juan D. Tardós, University of Zaragoza.
This program comes with ABSOLUTELY NO WARRANTY;
This is free software, and you are welcome to redistribute it
under certain conditions. See LICENSE.txt.

Built with REGISTER_TIMES
Git Commit Hash: 90f15d8

Input sensor was set to: Stereo-Inertial
Loading settings from ./Examples/Stereo-Inertial/EuRoC_fov_deadlines_mask_10x10.yaml
	-Loaded camera 1
	-Loaded camera 2
	-Loaded image info
	-Loaded IMU calibration
	-Loaded ORB settings
	-Loaded viewer settings
	-Loaded Atlas settings
Deadlines enabled, will skip frames!
FOV enabled
Static mask size: 10x10
Dumping map points enabled
	-Loaded misc parameters
	-Computed rectification maps
----------------------------------
SLAM settings: 
	-Camera 1 parameters (Pinhole): [ 458.65399169921875 457.29598999023438 367.21499633789062 248.375 ]
	-Camera 1 distortion parameters: [  -0.28340810537338257 0.073959067463874817 0.00019359000725671649 1.7618711353861727e-05 ]
	-Camera 2 parameters (Pinhole: [ 457.58700561523438 456.13400268554688 379.99899291992188 255.23800659179688 ]
	-Camera 1 distortion parameters: [  -0.2836836576461792 0.074512839317321777 -0.00010473000293131918 -3.555907096597366e-05 ]
	-Original image size: [ 752 , 480 ]
	-Current image size: [ 752 , 480 ]
	-Camera 1 parameters after rectification: [  456.71499633789062 456.71499633789062 364.52615356445312 257.268798828125 ]
	-Sequence FPS: 20
	-Stereo baseline: 0.11007784307003021
	-Stereo depth threshold : 60
	-Gyro noise: 0.00016999999934341758
	-Accelerometer noise: 0.0020000000949949026
	-Gyro walk: 1.9392999092815444e-05
	-Accelerometer walk: 0.0030000000260770321
	-IMU frequency: 200
	-Features per image: 1200
	-ORB scale factor: 1.2000000476837158
	-ORB number of scales: 8
	-Initial FAST threshold: 20
	-Min FAST threshold: 7


Loading ORB Vocabulary. This could take a while...
Vocabulary loaded!

Initialization of Atlas from scratch 
Creation of new map with id: 0
Creation of new map with last KF id: 0
Seq. Name: 
There are 1 cameras in the atlas
Camera 0 is pinhole
SLAM Started at System Time: 1732012257.6971
not IMU meas
not IMU meas
not enough acceleration
not enough acceleration
First KF:0; Map init KF:0
New Map created with 541 points
Active map: 0
Dropping frame 1403636580.0135555
Dropping frame 1403636580.2135556
Dropping frame 1403636580.5135555
Dropping frame 1403636581.4135554
Dropping frame 1403636581.5635555
Dropping frame 1403636581.7635555
Dropping frame 1403636582.0135555
Dropping frame 1403636582.1135554
Dropping frame 1403636582.3135555
Dropping frame 1403636582.4135554
Dropping frame 1403636582.6635556
Dropping frame 1403636582.7635555
Dropping frame 1403636583.2135556
Dropping frame 1403636583.6635556
Dropping frame 1403636584.0135555
Dropping frame 1403636584.2135556
Dropping frame 1403636584.3135555
Dropping frame 1403636584.5135555
Dropping frame 1403636584.7135556
Dropping frame 1403636584.9135554
Dropping frame 1403636585.0135555
Dropping frame 1403636585.1135554
Dropping frame 1403636585.2135556
Dropping frame 1403636585.3135555
start VIBA 1
end VIBA 1
Dropping frame 1403636586.1635556
Dropping frame 1403636586.3635557
Dropping frame 1403636586.5635555
Dropping frame 1403636586.7135556
Dropping frame 1403636586.9135554
Dropping frame 1403636587.0635555
Dropping frame 1403636587.2635555
Dropping frame 1403636587.3635557
Dropping frame 1403636587.4635556
Dropping frame 1403636587.6635556
Dropping frame 1403636587.8635557
Dropping frame 1403636588.0635555
Dropping frame 1403636588.2635555
Dropping frame 1403636588.4635556
Dropping frame 1403636588.5635555
Dropping frame 1403636588.6635556
Dropping frame 1403636589.3135555
Dropping frame 1403636589.6635556
Dropping frame 1403636589.8635557
Dropping frame 1403636590.1635556
Dropping frame 1403636590.4135554
Dropping frame 1403636590.7135556
Dropping frame 1403636591.0135555
Dropping frame 1403636591.2635555
Dropping frame 1403636591.6135554
Dropping frame 1403636591.7135556
Dropping frame 1403636591.8135555
Dropping frame 1403636592.0135555
Dropping frame 1403636592.1135554
Dropping frame 1403636592.3635557
Dropping frame 1403636592.5135555
Dropping frame 1403636592.7635555
Dropping frame 1403636593.0135555
Dropping frame 1403636593.3135555
Dropping frame 1403636593.5135555
Dropping frame 1403636593.7135556
Dropping frame 1403636593.8135555
Dropping frame 1403636593.9135554
Dropping frame 1403636594.2135556
Dropping frame 1403636594.4135554
Dropping frame 1403636594.6635556
Dropping frame 1403636594.7635555
Dropping frame 1403636594.8635557
Dropping frame 1403636595.2135556
start VIBA 2
end VIBA 2
Dropping frame 1403636595.5135555
Dropping frame 1403636595.6135554
Dropping frame 1403636595.9635556
Dropping frame 1403636596.0635555
Dropping frame 1403636596.2135556
Dropping frame 1403636596.4135554
Dropping frame 1403636596.5635555
Dropping frame 1403636596.8635557
Dropping frame 1403636596.9635556
Dropping frame 1403636597.0635555
Dropping frame 1403636597.3635557
Dropping frame 1403636597.4635556
Dropping frame 1403636597.6135554
Dropping frame 1403636597.8135555
Dropping frame 1403636598.0635555
Dropping frame 1403636598.1635556
Dropping frame 1403636598.5135555
Dropping frame 1403636598.9635556
Dropping frame 1403636599.1635556
Dropping frame 1403636599.2635555
Dropping frame 1403636599.3635557
Dropping frame 1403636599.6135554
Dropping frame 1403636599.7135556
Dropping frame 1403636600.0135555
Dropping frame 1403636600.5635555
Dropping frame 1403636600.6635556
Dropping frame 1403636601.0635555
Dropping frame 1403636601.3135555
Dropping frame 1403636601.4135554
Dropping frame 1403636601.6635556
Dropping frame 1403636602.0135555
Dropping frame 1403636602.1135554
Dropping frame 1403636602.5635555
Dropping frame 1403636602.9135554
Dropping frame 1403636603.2635555
Dropping frame 1403636603.5635555
Dropping frame 1403636604.2635555
Dropping frame 1403636604.5135555
Dropping frame 1403636604.7635555
Dropping frame 1403636605.1135554
Dropping frame 1403636605.4135554
Dropping frame 1403636605.5135555
Dropping frame 1403636605.9135554
Dropping frame 1403636606.0135555
Dropping frame 1403636606.3635557
Dropping frame 1403636606.5635555
Dropping frame 1403636606.7635555
Dropping frame 1403636606.8635557
Dropping frame 1403636607.2135556
Dropping frame 1403636607.4135554
Dropping frame 1403636607.6635556
Dropping frame 1403636607.9635556
Dropping frame 1403636608.3135555
Dropping frame 1403636608.5635555
Dropping frame 1403636609.0135555
Dropping frame 1403636609.7635555
Dropping frame 1403636610.1135554
Dropping frame 1403636610.4635556
Dropping frame 1403636611.0135555
Dropping frame 1403636611.6635556
Dropping frame 1403636612.3135555
Dropping frame 1403636612.4135554
Dropping frame 1403636612.7135556
Dropping frame 1403636613.7635555
Dropping frame 1403636614.3135555
Dropping frame 1403636614.8135555
Dropping frame 1403636615.4135554
Dropping frame 1403636615.6135554
Dropping frame 1403636616.4135554
Dropping frame 1403636616.5635555
Dropping frame 1403636617.1635556
Dropping frame 1403636617.5635555
Dropping frame 1403636617.9635556
Dropping frame 1403636618.2135556
Dropping frame 1403636618.8135555
Dropping frame 1403636619.3135555
Dropping frame 1403636619.5635555
Dropping frame 1403636619.6635556
Dropping frame 1403636620.0635555
Dropping frame 1403636620.5135555
Dropping frame 1403636620.8635557
Dropping frame 1403636621.1635556
Dropping frame 1403636621.2635555
Dropping frame 1403636621.6135554
Dropping frame 1403636622.1135554
Dropping frame 1403636622.4135554
Dropping frame 1403636622.6635556
Dropping frame 1403636623.2135556
Dropping frame 1403636623.8635557
Dropping frame 1403636624.3135555
Dropping frame 1403636624.4135554
Dropping frame 1403636624.5635555
Dropping frame 1403636624.9135554
Dropping frame 1403636625.5635555
Dropping frame 1403636626.2635555
Dropping frame 1403636626.4135554
Dropping frame 1403636626.9135554
Dropping frame 1403636627.1135554
Dropping frame 1403636627.3635557
Dropping frame 1403636627.7135556
Dropping frame 1403636627.9635556
Dropping frame 1403636628.4135554
Dropping frame 1403636629.0135555
Dropping frame 1403636629.6135554
Dropping frame 1403636630.2135556
Dropping frame 1403636630.7135556
Dropping frame 1403636631.0635555
Dropping frame 1403636631.4135554
Dropping frame 1403636632.4635556
Dropping frame 1403636632.6135554
Dropping frame 1403636632.9135554
Dropping frame 1403636633.1635556
Dropping frame 1403636633.3135555
Dropping frame 1403636633.7635555
Dropping frame 1403636634.0135555
Dropping frame 1403636634.4135554
Dropping frame 1403636634.6635556
Dropping frame 1403636634.7635555
Dropping frame 1403636635.1135554
Dropping frame 1403636635.4135554
Dropping frame 1403636636.0135555
Dropping frame 1403636636.5135555
Dropping frame 1403636636.6635556
Dropping frame 1403636637.0635555
Dropping frame 1403636637.3635557
Dropping frame 1403636637.7135556
Dropping frame 1403636637.9635556
Dropping frame 1403636638.5135555
Dropping frame 1403636638.7135556
Dropping frame 1403636638.8635557
Dropping frame 1403636639.2135556
Dropping frame 1403636639.4135554
Dropping frame 1403636639.8635557
Dropping frame 1403636640.1135554
Dropping frame 1403636640.3135555
Dropping frame 1403636640.6635556
Dropping frame 1403636640.7635555
Dropping frame 1403636641.0135555
Dropping frame 1403636641.4635556
Dropping frame 1403636641.6635556
Dropping frame 1403636642.2135556
Dropping frame 1403636643.8635557
Dropping frame 1403636644.3635557
Dropping frame 1403636644.5135555
Dropping frame 1403636644.7635555
Dropping frame 1403636645.1635556
Dropping frame 1403636645.4135554
Dropping frame 1403636645.5135555
Dropping frame 1403636645.6635556
Dropping frame 1403636645.8635557
Dropping frame 1403636645.9635556
Dropping frame 1403636646.2135556
Dropping frame 1403636646.3135555
Dropping frame 1403636646.5635555
Dropping frame 1403636646.7135556
Dropping frame 1403636646.9635556
Dropping frame 1403636647.0635555
Dropping frame 1403636647.1635556
Dropping frame 1403636647.2635555
Dropping frame 1403636647.5635555
Dropping frame 1403636647.6635556
Dropping frame 1403636647.7635555
Dropping frame 1403636647.8635557
Dropping frame 1403636648.0635555
Dropping frame 1403636648.2135556
Dropping frame 1403636648.3135555
Dropping frame 1403636648.4135554
Dropping frame 1403636648.5135555
Dropping frame 1403636648.6635556
Dropping frame 1403636648.8635557
Dropping frame 1403636648.9635556
Dropping frame 1403636649.1135554
Dropping frame 1403636649.2135556
Dropping frame 1403636649.3135555
Dropping frame 1403636649.4135554
Dropping frame 1403636649.6135554
Dropping frame 1403636649.7135556
Dropping frame 1403636649.9135554
Dropping frame 1403636650.0135555
Dropping frame 1403636650.1635556
Dropping frame 1403636650.3635557
Dropping frame 1403636650.5635555
Dropping frame 1403636651.2635555
Dropping frame 1403636651.3635557
Dropping frame 1403636651.6135554
Dropping frame 1403636651.7635555
Dropping frame 1403636652.0135555
Dropping frame 1403636652.2635555
Dropping frame 1403636652.3635557
Dropping frame 1403636652.6135554
Dropping frame 1403636652.8135555
Dropping frame 1403636652.9135554
Dropping frame 1403636653.0135555
Dropping frame 1403636653.1135554
Dropping frame 1403636653.4135554
Dropping frame 1403636653.5135555
Dropping frame 1403636653.6135554
Dropping frame 1403636653.7635555
Dropping frame 1403636653.8635557
Dropping frame 1403636653.9635556
Dropping frame 1403636654.0635555
Dropping frame 1403636654.2135556
Dropping frame 1403636654.3135555
Dropping frame 1403636654.4135554
Dropping frame 1403636654.5135555
Dropping frame 1403636654.6135554
Dropping frame 1403636654.7135556
Dropping frame 1403636654.8135555
Dropping frame 1403636654.9135554
Dropping frame 1403636655.0135555
Dropping frame 1403636655.1135554
Dropping frame 1403636655.2135556
Dropping frame 1403636655.4135554
Dropping frame 1403636655.5135555
Dropping frame 1403636655.7135556
Dropping frame 1403636655.8135555
Dropping frame 1403636655.9135554
Dropping frame 1403636656.2135556
Dropping frame 1403636656.3135555
Dropping frame 1403636656.6135554
Dropping frame 1403636656.7135556
Dropping frame 1403636656.9135554
Dropping frame 1403636657.0135555
Dropping frame 1403636657.1135554
Dropping frame 1403636657.2635555
Dropping frame 1403636657.3635557
Dropping frame 1403636657.4635556
Dropping frame 1403636657.5635555
Dropping frame 1403636657.7635555
Dropping frame 1403636657.8635557
Dropping frame 1403636657.9635556
Dropping frame 1403636658.2135556
Dropping frame 1403636658.3135555
Dropping frame 1403636658.4135554
Dropping frame 1403636658.5135555
Dropping frame 1403636658.6135554
Dropping frame 1403636658.7135556
Dropping frame 1403636658.9635556
Dropping frame 1403636659.0635555
Dropping frame 1403636659.1635556
Dropping frame 1403636659.2635555
Dropping frame 1403636659.4635556
Dropping frame 1403636659.6635556
Dropping frame 1403636659.7635555
Dropping frame 1403636659.8635557
Dropping frame 1403636659.9635556
Dropping frame 1403636660.1135554
Dropping frame 1403636660.3135555
Dropping frame 1403636660.4135554
Dropping frame 1403636660.5135555
Dropping frame 1403636660.6135554
Dropping frame 1403636660.8635557
Dropping frame 1403636660.9635556
Dropping frame 1403636661.0635555
Dropping frame 1403636661.2135556
Dropping frame 1403636661.3135555
Dropping frame 1403636661.4135554
Dropping frame 1403636661.6135554
Dropping frame 1403636661.7135556
Dropping frame 1403636661.9135554
Dropping frame 1403636662.1135554
Dropping frame 1403636662.5635555
Dropping frame 1403636662.8135555
Dropping frame 1403636662.9135554
Dropping frame 1403636663.1135554
Dropping frame 1403636663.4135554
Dropping frame 1403636663.5135555
Dropping frame 1403636663.6135554
Dropping frame 1403636663.9135554
Dropping frame 1403636664.0135555
Dropping frame 1403636664.1635556
Dropping frame 1403636664.4635556
Dropping frame 1403636664.5635555
Dropping frame 1403636664.8635557
Dropping frame 1403636664.9635556
Dropping frame 1403636665.2135556
Dropping frame 1403636665.3135555
Dropping frame 1403636665.6635556
Dropping frame 1403636665.7635555
Dropping frame 1403636666.0135555
Dropping frame 1403636666.1135554
Dropping frame 1403636666.3135555
Dropping frame 1403636666.7635555
Dropping frame 1403636666.8635557
Dropping frame 1403636667.1135554
Dropping frame 1403636667.2135556
Dropping frame 1403636667.5635555
Dropping frame 1403636667.7635555
Dropping frame 1403636667.9635556
Dropping frame 1403636668.1635556
Dropping frame 1403636668.3135555
Dropping frame 1403636668.5135555
Dropping frame 1403636668.6135554
Dropping frame 1403636668.7135556
Dropping frame 1403636668.8635557
Dropping frame 1403636668.9635556
Dropping frame 1403636669.1635556
Dropping frame 1403636669.3635557
Dropping frame 1403636669.5135555
Dropping frame 1403636669.7635555
Dropping frame 1403636669.8635557
Dropping frame 1403636669.9635556
Dropping frame 1403636670.0635555
Dropping frame 1403636670.1635556
Dropping frame 1403636670.2635555
Dropping frame 1403636670.3635557
Dropping frame 1403636670.6135554
Dropping frame 1403636670.7135556
Dropping frame 1403636670.9635556
Dropping frame 1403636671.0635555
Dropping frame 1403636671.1635556
Dropping frame 1403636671.2635555
Dropping frame 1403636671.5635555
Dropping frame 1403636671.6635556
Dropping frame 1403636671.8635557
Dropping frame 1403636671.9635556
Dropping frame 1403636672.1135554
Dropping frame 1403636672.2635555
Dropping frame 1403636672.4135554
Dropping frame 1403636672.5135555
Dropping frame 1403636672.9135554
Dropping frame 1403636673.0135555
Dropping frame 1403636673.1135554
Dropping frame 1403636673.2135556
Dropping frame 1403636673.3135555
Dropping frame 1403636673.4135554
Dropping frame 1403636673.5135555
Dropping frame 1403636673.6135554
Dropping frame 1403636673.7635555
Dropping frame 1403636673.8635557
Dropping frame 1403636673.9635556
Dropping frame 1403636674.0635555
Dropping frame 1403636674.1635556
Dropping frame 1403636674.2635555
Dropping frame 1403636674.3635557
Dropping frame 1403636674.4635556
Dropping frame 1403636674.6635556
Dropping frame 1403636674.7635555
Dropping frame 1403636674.8635557
Dropping frame 1403636674.9635556
Dropping frame 1403636675.0635555
Dropping frame 1403636675.2135556
Dropping frame 1403636675.3135555
Dropping frame 1403636675.4135554
Dropping frame 1403636675.6135554
Dropping frame 1403636675.7135556
Dropping frame 1403636675.9135554
Dropping frame 1403636676.0135555
Dropping frame 1403636676.1135554
Dropping frame 1403636676.3635557
Dropping frame 1403636676.4635556
Dropping frame 1403636676.9135554
Dropping frame 1403636677.1135554
Dropping frame 1403636677.3135555
Dropping frame 1403636677.5135555
Dropping frame 1403636677.6135554
Dropping frame 1403636677.8135555
Dropping frame 1403636677.9135554
Dropping frame 1403636678.0135555
Dropping frame 1403636678.2135556
Dropping frame 1403636678.4135554
Dropping frame 1403636678.5135555
Dropping frame 1403636678.6135554
Dropping frame 1403636678.8635557
Dropping frame 1403636679.0635555
Dropping frame 1403636679.1635556
Dropping frame 1403636679.4635556
Dropping frame 1403636679.5635555
Dropping frame 1403636679.7635555
Dropping frame 1403636679.9135554
Dropping frame 1403636680.0135555
Dropping frame 1403636680.2135556
Dropping frame 1403636680.4135554
Dropping frame 1403636680.6135554
Dropping frame 1403636680.8135555
Dropping frame 1403636680.9135554
Dropping frame 1403636681.0135555
Dropping frame 1403636681.1135554
Dropping frame 1403636681.2135556
Dropping frame 1403636681.4135554
Dropping frame 1403636681.6135554
Dropping frame 1403636681.8135555
Dropping frame 1403636682.0135555
Dropping frame 1403636682.3135555
Dropping frame 1403636682.4135554
Dropping frame 1403636682.6135554
Dropping frame 1403636682.8135555
Dropping frame 1403636683.0135555
Dropping frame 1403636683.2135556
Dropping frame 1403636683.3135555
Dropping frame 1403636683.5135555
Dropping frame 1403636683.6135554
Dropping frame 1403636683.8635557
Dropping frame 1403636684.0635555
Dropping frame 1403636684.1635556
Dropping frame 1403636684.3635557
Dropping frame 1403636684.5635555
Dropping frame 1403636684.7635555
Dropping frame 1403636684.9635556
Dropping frame 1403636685.0635555
Dropping frame 1403636685.1635556
Dropping frame 1403636685.3635557
Dropping frame 1403636685.5635555
Dropping frame 1403636685.7135556
Dropping frame 1403636685.9135554
Dropping frame 1403636686.1135554
Dropping frame 1403636686.2135556
Dropping frame 1403636686.4135554
Dropping frame 1403636686.5135555
Dropping frame 1403636686.6135554
Dropping frame 1403636686.8135555
Dropping frame 1403636686.9135554
Dropping frame 1403636687.0135555
Dropping frame 1403636687.2135556
Dropping frame 1403636687.3635557
Dropping frame 1403636687.4635556
Dropping frame 1403636687.5635555
Dropping frame 1403636687.7135556
Dropping frame 1403636687.8635557
Dropping frame 1403636688.0135555
Dropping frame 1403636688.1135554
Dropping frame 1403636688.2135556
Dropping frame 1403636688.4135554
Dropping frame 1403636688.6135554
Dropping frame 1403636688.7635555
Dropping frame 1403636688.8635557
Dropping frame 1403636689.0635555
Dropping frame 1403636689.1635556
Dropping frame 1403636689.6635556
Dropping frame 1403636689.7635555
Dropping frame 1403636690.0635555
Dropping frame 1403636690.2635555
Dropping frame 1403636690.4135554
Dropping frame 1403636690.6635556
Dropping frame 1403636690.8135555
Dropping frame 1403636691.0135555
Dropping frame 1403636691.2135556
Dropping frame 1403636691.4135554
Dropping frame 1403636691.6135554
Dropping frame 1403636691.7135556
Dropping frame 1403636692.0635555
Dropping frame 1403636692.2635555
Dropping frame 1403636692.4635556
Dropping frame 1403636692.7135556
Dropping frame 1403636692.9135554
Dropping frame 1403636693.1135554
Dropping frame 1403636693.3135555
Dropping frame 1403636693.4135554
Dropping frame 1403636693.6135554
Dropping frame 1403636693.8135555
Dropping frame 1403636694.0135555
Dropping frame 1403636694.3635557
Dropping frame 1403636694.5635555
Dropping frame 1403636694.7635555
Dropping frame 1403636694.9635556
Dropping frame 1403636695.1635556
Dropping frame 1403636695.3635557
Dropping frame 1403636695.5635555
Dropping frame 1403636695.6635556
Dropping frame 1403636695.9135554
Dropping frame 1403636696.1135554
Dropping frame 1403636696.2135556
Dropping frame 1403636696.6135554
Dropping frame 1403636697.3135555
Dropping frame 1403636697.7135556
Dropping frame 1403636698.1635556
Dropping frame 1403636698.3635557
Dropping frame 1403636698.7635555
Dropping frame 1403636699.2635555
Dropping frame 1403636699.3635557
Dropping frame 1403636699.7635555
Dropping frame 1403636700.5635555
Dropping frame 1403636701.2135556
Dropping frame 1403636701.5635555
Dropping frame 1403636701.7635555
Dropping frame 1403636701.9635556
Dropping frame 1403636702.6635556
Dropping frame 1403636702.8635557
Dropping frame 1403636703.0635555
Dropping frame 1403636703.3135555
Dropping frame 1403636703.4135554
Dropping frame 1403636703.8135555
Dropping frame 1403636704.0135555
Dropping frame 1403636704.2135556
Dropping frame 1403636704.3135555
Dropping frame 1403636704.4135554
Dropping frame 1403636704.6635556
Dropping frame 1403636704.8635557
Dropping frame 1403636705.0635555
Dropping frame 1403636705.3135555
Dropping frame 1403636705.5135555
Dropping frame 1403636705.7135556
Dropping frame 1403636706.0135555
Dropping frame 1403636706.2135556
Dropping frame 1403636706.5135555
Dropping frame 1403636706.6635556
Dropping frame 1403636706.8635557
Dropping frame 1403636706.9635556
Dropping frame 1403636707.2135556
Dropping frame 1403636707.3135555
Dropping frame 1403636707.4135554
Dropping frame 1403636707.6135554
Dropping frame 1403636707.7135556
Dropping frame 1403636707.8135555
Dropping frame 1403636708.0635555
Dropping frame 1403636708.2635555
Dropping frame 1403636708.3635557
Dropping frame 1403636708.6135554
Dropping frame 1403636709.0135555
Dropping frame 1403636709.2135556
Dropping frame 1403636709.4135554
Dropping frame 1403636709.8135555
Dropping frame 1403636710.2135556
Dropping frame 1403636710.3135555
Dropping frame 1403636710.6635556
Dropping frame 1403636711.0135555
Dropping frame 1403636711.4135554
Dropping frame 1403636711.7635555
Dropping frame 1403636711.9635556
Dropping frame 1403636712.2135556
Dropping frame 1403636712.6135554
Dropping frame 1403636712.9635556
Dropping frame 1403636713.1635556
Dropping frame 1403636713.2635555
Dropping frame 1403636713.5135555
Dropping frame 1403636713.6135554
Dropping frame 1403636713.9635556
Dropping frame 1403636714.1635556
Dropping frame 1403636714.3635557
Dropping frame 1403636714.4635556
Dropping frame 1403636714.5635555
Dropping frame 1403636714.6635556
Dropping frame 1403636714.8635557
Dropping frame 1403636715.0635555
Dropping frame 1403636715.1635556
Dropping frame 1403636715.3635557
Dropping frame 1403636715.6135554
Dropping frame 1403636715.7635555
Dropping frame 1403636716.0135555
Dropping frame 1403636716.1135554
Dropping frame 1403636716.3135555
Dropping frame 1403636716.4635556
Dropping frame 1403636716.6635556
Dropping frame 1403636716.9135554
Dropping frame 1403636717.0135555
Dropping frame 1403636717.1135554
Dropping frame 1403636717.3135555
Dropping frame 1403636717.5135555
Dropping frame 1403636717.7135556
Dropping frame 1403636717.8135555
Dropping frame 1403636718.0135555
Dropping frame 1403636718.2135556
Dropping frame 1403636718.3135555
Dropping frame 1403636718.4135554
Dropping frame 1403636718.6135554
Dropping frame 1403636718.7635555
Dropping frame 1403636718.9635556
Dropping frame 1403636719.0635555
Dropping frame 1403636719.2635555
Dropping frame 1403636719.3635557
Dropping frame 1403636719.6635556
Dropping frame 1403636719.8635557
Dropping frame 1403636720.0635555
Dropping frame 1403636720.2635555
Dropping frame 1403636720.4635556
Dropping frame 1403636720.6635556
Dropping frame 1403636720.8635557
Dropping frame 1403636720.9635556
Dropping frame 1403636721.0635555
Dropping frame 1403636721.1635556
Dropping frame 1403636721.3635557
Dropping frame 1403636721.5635555
Dropping frame 1403636721.6635556
Dropping frame 1403636721.7635555
Dropping frame 1403636721.8635557
Dropping frame 1403636722.8635557
Dropping frame 1403636723.3135555
Dropping frame 1403636723.5635555
Dropping frame 1403636724.1635556
Dropping frame 1403636724.3635557
Dropping frame 1403636724.4635556
Dropping frame 1403636724.5635555
Dropping frame 1403636724.7135556
Dropping frame 1403636724.8135555
Dropping frame 1403636725.0635555
Dropping frame 1403636725.2635555
Dropping frame 1403636725.4635556
Dropping frame 1403636725.6635556
Dropping frame 1403636725.8635557
Dropping frame 1403636726.0635555
Dropping frame 1403636726.2635555
Dropping frame 1403636726.4635556
Dropping frame 1403636726.5635555
Dropping frame 1403636726.7635555
Dropping frame 1403636726.9635556
Dropping frame 1403636727.1635556
Dropping frame 1403636727.3635557
Dropping frame 1403636727.5635555
Dropping frame 1403636727.7635555
Dropping frame 1403636727.9635556
Dropping frame 1403636728.1635556
Dropping frame 1403636728.2635555
Dropping frame 1403636728.3635557
Dropping frame 1403636728.5635555
Dropping frame 1403636728.7635555
Dropping frame 1403636728.9635556
Dropping frame 1403636729.1635556
Dropping frame 1403636729.3635557
Dropping frame 1403636729.4635556
Dropping frame 1403636729.6635556
Dropping frame 1403636729.8635557
Dropping frame 1403636730.0635555
Dropping frame 1403636730.1635556
Dropping frame 1403636730.2635555
Dropping frame 1403636730.4635556
Dropping frame 1403636730.6635556
Dropping frame 1403636730.7635555
Dropping frame 1403636730.8635557
Dropping frame 1403636731.0635555
Dropping frame 1403636731.2635555
Dropping frame 1403636731.4635556
Dropping frame 1403636731.5635555
Dropping frame 1403636731.6635556
Dropping frame 1403636731.7635555
Dropping frame 1403636731.9635556
Dropping frame 1403636732.1635556
Dropping frame 1403636732.2635555
Dropping frame 1403636732.3635557
Dropping frame 1403636732.4635556
Dropping frame 1403636732.5635555
Dropping frame 1403636732.6635556
Dropping frame 1403636732.9635556
Dropping frame 1403636733.0635555
Dropping frame 1403636733.1635556
Dropping frame 1403636733.3635557
Dropping frame 1403636733.4635556
Dropping frame 1403636733.5635555
Dropping frame 1403636733.7635555
Dropping frame 1403636733.8635557
Dropping frame 1403636733.9635556
Dropping frame 1403636734.1635556
Dropping frame 1403636734.3635557
Dropping frame 1403636734.4635556
Dropping frame 1403636734.5635555
Dropping frame 1403636734.7635555
Dropping frame 1403636734.9635556
Dropping frame 1403636735.1635556
Dropping frame 1403636735.2635555
Dropping frame 1403636735.7635555
Dropping frame 1403636735.9635556
Dropping frame 1403636736.1635556
Dropping frame 1403636736.2635555
Dropping frame 1403636736.3635557
Dropping frame 1403636736.6135554
Dropping frame 1403636736.7135556
Dropping frame 1403636736.8135555
Dropping frame 1403636737.0135555
Dropping frame 1403636737.2135556
Dropping frame 1403636737.3135555
Dropping frame 1403636737.6635556
Dropping frame 1403636737.8635557
Dropping frame 1403636738.0135555
Dropping frame 1403636738.2135556
Dropping frame 1403636738.3135555
Dropping frame 1403636738.5135555
Dropping frame 1403636738.7135556
Dropping frame 1403636738.8135555
Dropping frame 1403636739.0635555
Dropping frame 1403636739.1635556
Dropping frame 1403636739.6635556
Dropping frame 1403636739.7635555
Dropping frame 1403636739.8635557
Dropping frame 1403636740.3635557
Dropping frame 1403636740.5635555
Dropping frame 1403636740.7635555
Dropping frame 1403636740.8635557
Dropping frame 1403636740.9635556
Dropping frame 1403636741.1635556
Dropping frame 1403636741.3135555
Dropping frame 1403636741.5135555
Dropping frame 1403636741.6135554
Dropping frame 1403636741.7135556
Dropping frame 1403636741.9135554
Dropping frame 1403636742.0635555
Dropping frame 1403636742.2635555
Dropping frame 1403636742.3635557
Dropping frame 1403636742.4635556
Dropping frame 1403636742.5635555
Dropping frame 1403636742.6635556
Dropping frame 1403636742.8635557
Dropping frame 1403636743.0635555
Dropping frame 1403636743.2135556
Dropping frame 1403636743.4135554
Dropping frame 1403636743.5135555
Dropping frame 1403636743.6135554
Dropping frame 1403636743.8135555
Dropping frame 1403636743.9135554
Dropping frame 1403636744.0135555
Dropping frame 1403636744.2135556
Dropping frame 1403636744.3135555
Dropping frame 1403636744.5635555
Dropping frame 1403636744.7635555
Dropping frame 1403636744.8635557
Dropping frame 1403636744.9635556
Dropping frame 1403636745.1635556
Dropping frame 1403636745.3635557
Dropping frame 1403636745.4635556
Dropping frame 1403636745.8135555
Dropping frame 1403636745.9135554
Dropping frame 1403636746.1135554
Dropping frame 1403636746.3135555
Dropping frame 1403636746.4135554
Dropping frame 1403636746.6635556
Dropping frame 1403636746.7635555
Dropping frame 1403636746.8635557
Dropping frame 1403636747.1135554
Dropping frame 1403636747.2135556
Dropping frame 1403636747.4135554
Dropping frame 1403636747.5135555
Dropping frame 1403636747.6135554
Dropping frame 1403636747.8135555
Dropping frame 1403636748.0135555
Dropping frame 1403636748.2135556
Dropping frame 1403636748.3135555
Dropping frame 1403636748.4135554
Dropping frame 1403636748.6135554
Dropping frame 1403636748.7135556
Dropping frame 1403636748.8135555
Dropping frame 1403636749.0135555
Dropping frame 1403636749.1135554
Dropping frame 1403636749.3135555
Dropping frame 1403636749.4135554
Dropping frame 1403636749.5135555
Dropping frame 1403636749.7135556
Dropping frame 1403636749.8135555
Dropping frame 1403636749.9135554
Dropping frame 1403636750.1135554
Dropping frame 1403636750.3135555
Dropping frame 1403636750.4135554
Dropping frame 1403636750.5135555
Dropping frame 1403636750.7135556
Dropping frame 1403636750.9135554
Dropping frame 1403636751.1135554
Dropping frame 1403636751.2135556
Dropping frame 1403636751.4635556
Dropping frame 1403636751.6635556
Dropping frame 1403636751.8635557
Dropping frame 1403636751.9635556
Dropping frame 1403636752.2135556
Dropping frame 1403636752.4635556
Dropping frame 1403636752.6635556
Dropping frame 1403636752.8635557
Dropping frame 1403636752.9635556
Dropping frame 1403636753.1635556
Dropping frame 1403636753.2635555
Dropping frame 1403636753.4635556
Dropping frame 1403636753.5635555
Dropping frame 1403636753.7635555
Dropping frame 1403636753.9635556
Dropping frame 1403636754.1635556
Dropping frame 1403636754.2635555
Dropping frame 1403636754.5135555
Dropping frame 1403636754.6135554
Dropping frame 1403636754.8635557
Dropping frame 1403636754.9635556
Dropping frame 1403636755.1635556
Dropping frame 1403636755.3635557
Dropping frame 1403636755.4635556
Dropping frame 1403636755.5635555
Dropping frame 1403636755.7635555
Dropping frame 1403636755.9635556
Dropping frame 1403636756.0635555
Dropping frame 1403636756.1635556
Dropping frame 1403636756.2635555
Dropping frame 1403636756.3635557
Dropping frame 1403636756.5135555
Dropping frame 1403636756.6135554
Dropping frame 1403636756.7135556
Dropping frame 1403636756.9135554
Dropping frame 1403636757.1135554
Dropping frame 1403636757.2135556
Dropping frame 1403636757.3135555
Dropping frame 1403636757.4135554
Dropping frame 1403636757.5135555
Dropping frame 1403636757.7135556
Dropping frame 1403636757.8135555
Dropping frame 1403636757.9135554
Dropping frame 1403636758.1135554
Dropping frame 1403636758.2135556
Dropping frame 1403636758.4135554
Dropping frame 1403636758.5135555
Dropping frame 1403636758.6135554
Dropping frame 1403636758.7135556
Dropping frame 1403636758.9135554
Dropping frame 1403636759.1635556
Dropping frame 1403636759.2635555
Dropping frame 1403636759.5135555
Dropping frame 1403636759.6135554
Dropping frame 1403636759.8635557
Dropping frame 1403636759.9635556
Dropping frame 1403636760.2135556
Dropping frame 1403636760.5135555
Dropping frame 1403636760.7135556
Dropping frame 1403636760.8135555
Dropping frame 1403636760.9635556
Dropping frame 1403636761.0635555
Dropping frame 1403636761.1635556
Dropping frame 1403636761.3635557
Dropping frame 1403636761.4635556
Dropping frame 1403636761.7135556
Dropping frame 1403636761.8135555
Dropping frame 1403636761.9135554
Dropping frame 1403636762.1135554
Dropping frame 1403636762.2135556
Dropping frame 1403636762.3135555
Dropping frame 1403636762.4135554
Dropping frame 1403636762.6135554
Dropping frame 1403636762.7135556
Dropping frame 1403636762.8135555
Dropping frame 1403636763.0135555
Dropping frame 1403636763.1135554
Dropping frame 1403636763.3635557
Dropping frame 1403636763.4635556
Dropping frame 1403636763.5635555
Dropping frame 1403636763.7635555
Shutdown
SLAM Finished at System Time: 1732012485.65837

 TIME STATS in ms (mean$\pm$std)
OpenCV version: 4.8.1
---------------------------
Tracking

ORB Extraction: 20.106$\pm$1.8612
Stereo Matching: 7.296$\pm$1.9058
IMU Preintegration: 0.25534$\pm$0.094585
Pose Prediction: 0.21317$\pm$0.61959
LM Track: 20.648$\pm$6.0446
New KF decision: 1.1242$\pm$2.1196
Total Tracking: 33.39$\pm$27.528



Local Mapping

KF Insertion: 19.089$\pm$7.5714
MP Culling: 0.52642$\pm$0.21287
MP Creation: 53.049$\pm$16.83
LBA: 165.4$\pm$57.178
KF Culling: 18.628$\pm$11.848
Total Local Mapping: 256.69$\pm$82.408
---------------------------

LBA complexity (mean$\pm$std)
LBA Edges: 1952.6$\pm$774.47
LBA KF optimized: 6.5$\pm$2.2913
LBA KF fixed: 1$\pm$0
LBA MP: nan$\pm$nan

LBA executions: 533
LBA aborts: 0
---------------------------

Map complexity
KFs in map: 134
MPs in map: 9890
---------------------------

Place Recognition (mean$\pm$std)
Database Query: 1.6047$\pm$1.0001
SE3 estimation: 12.913$\pm$17.021
Total Place Recognition: 13.341$\pm$17.412


Loop Closing (mean$\pm$std)
Loop Fusion: nan$\pm$nan
Essential Graph: nan$\pm$nan
Total Loop Closing: nan$\pm$nan

Num exec: 0
Number of KFs: nan$\pm$nan

Map Merging (mean$\pm$std)
Merge Maps: nan$\pm$nan
Welding BA: nan$\pm$nan
Optimization Ess.: nan$\pm$nan
Total Map Merging: nan$\pm$nan

Num exec: 0
Number of KFs: nan$\pm$nan
Number of MPs: nan$\pm$nan

Full GBA (mean$\pm$std)
GBA: nan$\pm$nan
Map Update: nan$\pm$nan
Total Full GBA: nan$\pm$nan

Num exec: 0
Num abort: 0
Number of KFs: nan$\pm$nan
Number of MPs: nan$\pm$nan

Saving trajectory to f_dataset-MH01_stereo_imu.txt ...
There are 1 maps in the atlas
  Map 0 has 134 KFs

End of saving trajectory to f_dataset-MH01_stereo_imu.txt ...

Saving keyframe trajectory to kf_dataset-MH01_stereo_imu.txt ...
