num_seq = 1
file name: dataset-MH01_stereo_imu
Loading images for sequence 0...LOADED!
Loading IMU for sequence 0...LOADED!

-------

ORB-SLAM3 Copyright (C) 2017-2020 Carlos Campos, Richard Elvira, Juan J. Gómez, José M.M. Montiel and Juan D. Tardós, University of Zaragoza.
ORB-SLAM2 Copyright (C) 2014-2016 Raúl Mur-Artal, José M.M. Montiel and Juan D. Tardós, University of Zaragoza.
This program comes with ABSOLUTELY NO WARRANTY;
This is free software, and you are welcome to redistribute it
under certain conditions. See LICENSE.txt.

Built with REGISTER_TIMES
Git Commit Hash: 42e930e

Compiled with C++ version: 201703

Input sensor was set to: Stereo-Inertial
Loading settings from ./Examples/Stereo-Inertial/EuRoC_fov_deadlines_mask_11x11.yaml
	-Loaded camera 1
	-Loaded camera 2
	-Loaded image info
	-Loaded IMU calibration
	-Loaded ORB settings
	-Loaded viewer settings
	-Loaded Atlas settings
Deadlines enabled, will skip frames!
FOV enabled
Static mask size: 11x11
Dumping map points enabled
	-Loaded misc parameters
	-Computed rectification maps
----------------------------------
SLAM settings: 
	-Camera 1 parameters (Pinhole): [ 458.65399169921875 457.29598999023438 367.21499633789062 248.375 ]
	-Camera 1 distortion parameters: [  -0.28340810537338257 0.073959067463874817 0.00019359000725671649 1.7618711353861727e-05 ]
	-Camera 2 parameters (Pinhole: [ 457.58700561523438 456.13400268554688 379.99899291992188 255.23800659179688 ]
	-Camera 1 distortion parameters: [  -0.2836836576461792 0.074512839317321777 -0.00010473000293131918 -3.555907096597366e-05 ]
	-Original image size: [ 752 , 480 ]
	-Current image size: [ 752 , 480 ]
	-Camera 1 parameters after rectification: [  456.71499633789062 456.71499633789062 364.52615356445312 257.268798828125 ]
	-Sequence FPS: 20
	-Stereo baseline: 0.11007784307003021
	-Stereo depth threshold : 60
	-Gyro noise: 0.00016999999934341758
	-Accelerometer noise: 0.0020000000949949026
	-Gyro walk: 1.9392999092815444e-05
	-Accelerometer walk: 0.0030000000260770321
	-IMU frequency: 200
	-Features per image: 1200
	-ORB scale factor: 1.2000000476837158
	-ORB number of scales: 8
	-Initial FAST threshold: 20
	-Min FAST threshold: 7


Loading ORB Vocabulary. This could take a while...
Vocabulary loaded!

Initialization of Atlas from scratch 
Creation of new map with id: 0
Creation of new map with last KF id: 0
Seq. Name: 
There are 1 cameras in the atlas
Camera 0 is pinhole
SLAM Started at System Time: 1734511702.8918
not IMU meas
not IMU meas
not enough acceleration
not enough acceleration
First KF:0; Map init KF:0
New Map created with 550 points
Active map: 0
Dropping frame 1403636580.0135555
Dropping frame 1403636580.2135556
Dropping frame 1403636580.5135555
Dropping frame 1403636581.1635556
Dropping frame 1403636581.4635556
Dropping frame 1403636581.7135556
Dropping frame 1403636581.8635557
Dropping frame 1403636581.9635556
Dropping frame 1403636582.2135556
Dropping frame 1403636582.3135555
Dropping frame 1403636582.6135554
Dropping frame 1403636582.7135556
Dropping frame 1403636583.0635555
Dropping frame 1403636583.1635556
Dropping frame 1403636583.6135554
Dropping frame 1403636584.0135555
Dropping frame 1403636584.2135556
Dropping frame 1403636584.3135555
Dropping frame 1403636584.4135554
Dropping frame 1403636584.6135554
Dropping frame 1403636584.8135555
Dropping frame 1403636585.0135555
Dropping frame 1403636585.1135554
Dropping frame 1403636585.2135556
start VIBA 1
Dropping frame 1403636585.3135555
end VIBA 1
Dropping frame 1403636585.4135554
Dropping frame 1403636585.5135555
Dropping frame 1403636585.8135555
Dropping frame 1403636585.9135554
Dropping frame 1403636586.6135554
Dropping frame 1403636586.8135555
Dropping frame 1403636587.0135555
Dropping frame 1403636587.1635556
Dropping frame 1403636587.3635557
Dropping frame 1403636587.5135555
Dropping frame 1403636587.7135556
Dropping frame 1403636587.8135555
Dropping frame 1403636587.9135554
Dropping frame 1403636588.1135554
Dropping frame 1403636588.7635555
Dropping frame 1403636588.9635556
Dropping frame 1403636589.0635555
Dropping frame 1403636589.1635556
Dropping frame 1403636589.4635556
Dropping frame 1403636589.6635556
Dropping frame 1403636589.8135555
Dropping frame 1403636589.9635556
Dropping frame 1403636590.0635555
Dropping frame 1403636590.3635557
Dropping frame 1403636590.6635556
Dropping frame 1403636590.8135555
Dropping frame 1403636591.0135555
Dropping frame 1403636591.1635556
Dropping frame 1403636591.5635555
Dropping frame 1403636591.6635556
Dropping frame 1403636591.9135554
Dropping frame 1403636592.0135555
Dropping frame 1403636592.2135556
Dropping frame 1403636592.3635557
Dropping frame 1403636592.7135556
Dropping frame 1403636593.1635556
Dropping frame 1403636593.2635555
Dropping frame 1403636593.3635557
Dropping frame 1403636594.0135555
Dropping frame 1403636594.3135555
Dropping frame 1403636594.5135555
Dropping frame 1403636595.0635555
Dropping frame 1403636595.3635557
start VIBA 2
end VIBA 2
Dropping frame 1403636595.6135554
Dropping frame 1403636595.8635557
Dropping frame 1403636596.0635555
Dropping frame 1403636596.2135556
Dropping frame 1403636596.3135555
Dropping frame 1403636596.6135554
Dropping frame 1403636596.7635555
Dropping frame 1403636597.0135555
Dropping frame 1403636597.1135554
Dropping frame 1403636597.4135554
Dropping frame 1403636597.6135554
Dropping frame 1403636597.7135556
Dropping frame 1403636597.9135554
Dropping frame 1403636598.0135555
Dropping frame 1403636598.4635556
Dropping frame 1403636598.6635556
Dropping frame 1403636598.8135555
Dropping frame 1403636599.0635555
Dropping frame 1403636599.2635555
Dropping frame 1403636599.3635557
Dropping frame 1403636599.4635556
Dropping frame 1403636599.7135556
Dropping frame 1403636599.9135554
Dropping frame 1403636600.0135555
Dropping frame 1403636600.4135554
Dropping frame 1403636601.1135554
Dropping frame 1403636601.3135555
Dropping frame 1403636601.4135554
Dropping frame 1403636601.5135555
Dropping frame 1403636601.6635556
Dropping frame 1403636601.7635555
Dropping frame 1403636602.2635555
Dropping frame 1403636602.3635557
Dropping frame 1403636602.5135555
Dropping frame 1403636602.8135555
Dropping frame 1403636602.9135554
Dropping frame 1403636603.1635556
Dropping frame 1403636603.2635555
Dropping frame 1403636603.3635557
Dropping frame 1403636603.4635556
Dropping frame 1403636603.9135554
Dropping frame 1403636604.3135555
Dropping frame 1403636604.7135556
Dropping frame 1403636605.0135555
Dropping frame 1403636605.3135555
Dropping frame 1403636605.7135556
Dropping frame 1403636605.8135555
Dropping frame 1403636605.9135554
Dropping frame 1403636606.2135556
Dropping frame 1403636606.4635556
Dropping frame 1403636606.6135554
Dropping frame 1403636607.0135555
Dropping frame 1403636607.2135556
Dropping frame 1403636607.8635557
Dropping frame 1403636608.3135555
Dropping frame 1403636608.4135554
Dropping frame 1403636608.6635556
Dropping frame 1403636608.9635556
Dropping frame 1403636609.2635555
Dropping frame 1403636609.8635557
Dropping frame 1403636610.4135554
Dropping frame 1403636611.2135556
Dropping frame 1403636611.7635555
Dropping frame 1403636612.2135556
Dropping frame 1403636612.5635555
Dropping frame 1403636612.9635556
Dropping frame 1403636613.3635557
Dropping frame 1403636613.8635557
Dropping frame 1403636614.1635556
Dropping frame 1403636614.3635557
Dropping frame 1403636614.6135554
Dropping frame 1403636615.1635556
Dropping frame 1403636615.2635555
Dropping frame 1403636615.3635557
Dropping frame 1403636615.7635555
Dropping frame 1403636615.9635556
Dropping frame 1403636616.1635556
Dropping frame 1403636616.5135555
Dropping frame 1403636616.7635555
Dropping frame 1403636616.9135554
Dropping frame 1403636617.3135555
Dropping frame 1403636617.5635555
Dropping frame 1403636618.2135556
Dropping frame 1403636618.4635556
Dropping frame 1403636618.6635556
Dropping frame 1403636618.8135555
Dropping frame 1403636619.3635557
Dropping frame 1403636619.5635555
Dropping frame 1403636619.7135556
Dropping frame 1403636620.1135554
Dropping frame 1403636620.4135554
Dropping frame 1403636620.6635556
Dropping frame 1403636620.8635557
Dropping frame 1403636621.1635556
Dropping frame 1403636621.5135555
Dropping frame 1403636621.8135555
Dropping frame 1403636622.2635555
Dropping frame 1403636622.4635556
Dropping frame 1403636622.8635557
Dropping frame 1403636623.0635555
Dropping frame 1403636623.2135556
Dropping frame 1403636623.5635555
Dropping frame 1403636623.8635557
Dropping frame 1403636624.2635555
Dropping frame 1403636624.5635555
Dropping frame 1403636625.0135555
Dropping frame 1403636625.1635556
Dropping frame 1403636625.8135555
Dropping frame 1403636626.7135556
Dropping frame 1403636626.9135554
Dropping frame 1403636627.5635555
Dropping frame 1403636628.1135554
Dropping frame 1403636628.3135555
Dropping frame 1403636628.8135555
Dropping frame 1403636628.9635556
Dropping frame 1403636629.5635555
Dropping frame 1403636629.9635556
Dropping frame 1403636630.1635556
Dropping frame 1403636630.6635556
Dropping frame 1403636630.8635557
Dropping frame 1403636631.0635555
Dropping frame 1403636631.7135556
Dropping frame 1403636632.0635555
Dropping frame 1403636632.2135556
Dropping frame 1403636632.4635556
Dropping frame 1403636632.9135554
Dropping frame 1403636633.2135556
Dropping frame 1403636633.3635557
Dropping frame 1403636633.7135556
Dropping frame 1403636634.1135554
Dropping frame 1403636634.4135554
Dropping frame 1403636634.9635556
Dropping frame 1403636635.2635555
Dropping frame 1403636635.9135554
Dropping frame 1403636636.2635555
Dropping frame 1403636636.5635555
Dropping frame 1403636636.6635556
Dropping frame 1403636637.0135555
Dropping frame 1403636637.3135555
Dropping frame 1403636637.8135555
Dropping frame 1403636638.0635555
Dropping frame 1403636638.1635556
Dropping frame 1403636638.4635556
Dropping frame 1403636638.6635556
Dropping frame 1403636638.8135555
Dropping frame 1403636639.1635556
Dropping frame 1403636639.4635556
Dropping frame 1403636639.8135555
Dropping frame 1403636640.1635556
Dropping frame 1403636640.6635556
Dropping frame 1403636641.2135556
Dropping frame 1403636641.5635555
Dropping frame 1403636641.9135554
Dropping frame 1403636642.0635555
Dropping frame 1403636642.6635556
Dropping frame 1403636642.9635556
Dropping frame 1403636643.3635557
Dropping frame 1403636643.6135554
Dropping frame 1403636644.6135554
Dropping frame 1403636644.8635557
Dropping frame 1403636645.2135556
Dropping frame 1403636645.4635556
Dropping frame 1403636645.7135556
Dropping frame 1403636646.1135554
Dropping frame 1403636646.3135555
Dropping frame 1403636646.7135556
Dropping frame 1403636647.0135555
Dropping frame 1403636647.2135556
Dropping frame 1403636647.4635556
Dropping frame 1403636647.5635555
Dropping frame 1403636647.8135555
Dropping frame 1403636647.9135554
Dropping frame 1403636648.1135554
Dropping frame 1403636648.2635555
Dropping frame 1403636648.3635557
Dropping frame 1403636648.5135555
Dropping frame 1403636648.6635556
Dropping frame 1403636648.8635557
Dropping frame 1403636648.9635556
Dropping frame 1403636649.1635556
Dropping frame 1403636649.4135554
Dropping frame 1403636649.5135555
Dropping frame 1403636649.7135556
Dropping frame 1403636649.8635557
Dropping frame 1403636650.0635555
Dropping frame 1403636650.1635556
Dropping frame 1403636650.2635555
Dropping frame 1403636650.3635557
Dropping frame 1403636650.4635556
Dropping frame 1403636650.8635557
Dropping frame 1403636650.9635556
Dropping frame 1403636651.1635556
Dropping frame 1403636651.2635555
Dropping frame 1403636651.3635557
Dropping frame 1403636651.6635556
Dropping frame 1403636652.0135555
Dropping frame 1403636652.1135554
Dropping frame 1403636652.5635555
Dropping frame 1403636652.6635556
Dropping frame 1403636653.1635556
Dropping frame 1403636653.5135555
Dropping frame 1403636653.6135554
Dropping frame 1403636653.7135556
Dropping frame 1403636653.9135554
Dropping frame 1403636654.0135555
Dropping frame 1403636654.1135554
Dropping frame 1403636654.3135555
Dropping frame 1403636654.4135554
Dropping frame 1403636654.5135555
Dropping frame 1403636654.6135554
Dropping frame 1403636654.7135556
Dropping frame 1403636654.8135555
Dropping frame 1403636654.9135554
Dropping frame 1403636655.0135555
Dropping frame 1403636655.1135554
Dropping frame 1403636655.2635555
Dropping frame 1403636655.3635557
Dropping frame 1403636655.5635555
Dropping frame 1403636655.6635556
Dropping frame 1403636655.7635555
Dropping frame 1403636655.8635557
Dropping frame 1403636655.9635556
Dropping frame 1403636656.0635555
Dropping frame 1403636656.3135555
Dropping frame 1403636656.5135555
Dropping frame 1403636656.6135554
Dropping frame 1403636656.7135556
Dropping frame 1403636656.8135555
Dropping frame 1403636657.0135555
Dropping frame 1403636657.1135554
Dropping frame 1403636657.2135556
Dropping frame 1403636657.3135555
Dropping frame 1403636657.5135555
Dropping frame 1403636657.6135554
Dropping frame 1403636657.8135555
Dropping frame 1403636657.9135554
Dropping frame 1403636658.0135555
Dropping frame 1403636658.1635556
Dropping frame 1403636658.3635557
Dropping frame 1403636658.4635556
Dropping frame 1403636658.6635556
Dropping frame 1403636658.7635555
Dropping frame 1403636658.8635557
Dropping frame 1403636658.9635556
Dropping frame 1403636659.0635555
Dropping frame 1403636659.3135555
Dropping frame 1403636659.4135554
Dropping frame 1403636659.5135555
Dropping frame 1403636659.6135554
Dropping frame 1403636659.8135555
Dropping frame 1403636660.0135555
Dropping frame 1403636660.1135554
Dropping frame 1403636660.2135556
Dropping frame 1403636660.5135555
Dropping frame 1403636660.6135554
Dropping frame 1403636660.7135556
Dropping frame 1403636660.9135554
Dropping frame 1403636661.0635555
Dropping frame 1403636661.1635556
Dropping frame 1403636661.4135554
Dropping frame 1403636661.5135555
Dropping frame 1403636661.6135554
Dropping frame 1403636661.7135556
Dropping frame 1403636661.8135555
Dropping frame 1403636662.0135555
Dropping frame 1403636662.1135554
Dropping frame 1403636662.2635555
Dropping frame 1403636662.3635557
Dropping frame 1403636662.4635556
Dropping frame 1403636662.7635555
Dropping frame 1403636663.0635555
Dropping frame 1403636663.1635556
Dropping frame 1403636663.3635557
Dropping frame 1403636663.5635555
Dropping frame 1403636663.9635556
Dropping frame 1403636664.1635556
Dropping frame 1403636664.3135555
Dropping frame 1403636664.5135555
Dropping frame 1403636664.7135556
Dropping frame 1403636664.8135555
Dropping frame 1403636664.9135554
Dropping frame 1403636665.2135556
Dropping frame 1403636665.3135555
Dropping frame 1403636665.4135554
Dropping frame 1403636665.6635556
Dropping frame 1403636665.7635555
Dropping frame 1403636666.0135555
Dropping frame 1403636666.1635556
Dropping frame 1403636666.4135554
Dropping frame 1403636666.6135554
Dropping frame 1403636666.7135556
Dropping frame 1403636667.0635555
Dropping frame 1403636667.1635556
Dropping frame 1403636667.4135554
Dropping frame 1403636667.6635556
Dropping frame 1403636667.7635555
Dropping frame 1403636667.8635557
Dropping frame 1403636667.9635556
Dropping frame 1403636668.7135556
Dropping frame 1403636669.1135554
Dropping frame 1403636669.2135556
Dropping frame 1403636669.5635555
Dropping frame 1403636669.6635556
Dropping frame 1403636669.8635557
Dropping frame 1403636670.0635555
Dropping frame 1403636670.1635556
Dropping frame 1403636670.3635557
Dropping frame 1403636670.5635555
Dropping frame 1403636670.6635556
Dropping frame 1403636670.7635555
Dropping frame 1403636670.8635557
Dropping frame 1403636670.9635556
Dropping frame 1403636671.0635555
Dropping frame 1403636671.1635556
Dropping frame 1403636671.3635557
Dropping frame 1403636671.5135555
Dropping frame 1403636671.6135554
Dropping frame 1403636671.7135556
Dropping frame 1403636671.9635556
Dropping frame 1403636672.1135554
Dropping frame 1403636672.2635555
Dropping frame 1403636672.5135555
Dropping frame 1403636672.6135554
Dropping frame 1403636672.8135555
Dropping frame 1403636672.9135554
Dropping frame 1403636673.0135555
Dropping frame 1403636673.1135554
Dropping frame 1403636673.2135556
Dropping frame 1403636673.3135555
Dropping frame 1403636673.4635556
Dropping frame 1403636673.6135554
Dropping frame 1403636673.7135556
Dropping frame 1403636673.9135554
Dropping frame 1403636674.0135555
Dropping frame 1403636674.1135554
Dropping frame 1403636674.2135556
Dropping frame 1403636674.3135555
Dropping frame 1403636674.5135555
Dropping frame 1403636674.6135554
Dropping frame 1403636674.7635555
Dropping frame 1403636674.8635557
Dropping frame 1403636674.9635556
Dropping frame 1403636675.0635555
Dropping frame 1403636675.2635555
Dropping frame 1403636675.3635557
Dropping frame 1403636675.4635556
Dropping frame 1403636675.5635555
Dropping frame 1403636675.7635555
Dropping frame 1403636675.8635557
Dropping frame 1403636675.9635556
Dropping frame 1403636676.0635555
Dropping frame 1403636676.1635556
Dropping frame 1403636676.2635555
Dropping frame 1403636676.3635557
Dropping frame 1403636676.4635556
Dropping frame 1403636676.6135554
Dropping frame 1403636676.7135556
Dropping frame 1403636676.8135555
Dropping frame 1403636676.9135554
Dropping frame 1403636677.0135555
Dropping frame 1403636677.1135554
Dropping frame 1403636677.2635555
Dropping frame 1403636677.3635557
Dropping frame 1403636677.6135554
Dropping frame 1403636677.7135556
Dropping frame 1403636677.8635557
Dropping frame 1403636678.0635555
Dropping frame 1403636678.1635556
Dropping frame 1403636678.2635555
Dropping frame 1403636678.4635556
Dropping frame 1403636678.6635556
Dropping frame 1403636678.7635555
Dropping frame 1403636678.9135554
Dropping frame 1403636679.1135554
Dropping frame 1403636679.2135556
Dropping frame 1403636679.3135555
Dropping frame 1403636679.4135554
Dropping frame 1403636679.6135554
Dropping frame 1403636679.7135556
Dropping frame 1403636680.0135555
Dropping frame 1403636680.2135556
Dropping frame 1403636680.5135555
Dropping frame 1403636680.8135555
Dropping frame 1403636680.9135554
Dropping frame 1403636681.1135554
Dropping frame 1403636681.2635555
Dropping frame 1403636681.3635557
Dropping frame 1403636681.6135554
Dropping frame 1403636681.7135556
Dropping frame 1403636681.8135555
Dropping frame 1403636682.0135555
Dropping frame 1403636682.1135554
Dropping frame 1403636682.2635555
Dropping frame 1403636682.4635556
Dropping frame 1403636682.6635556
Dropping frame 1403636682.7635555
Dropping frame 1403636683.0635555
Dropping frame 1403636683.2635555
Dropping frame 1403636683.5635555
Dropping frame 1403636683.6635556
Dropping frame 1403636683.8635557
Dropping frame 1403636684.0635555
Dropping frame 1403636684.1635556
Dropping frame 1403636684.3635557
Dropping frame 1403636684.6135554
Dropping frame 1403636684.7135556
Dropping frame 1403636684.9635556
Dropping frame 1403636685.1635556
Dropping frame 1403636685.2635555
Dropping frame 1403636685.3635557
Dropping frame 1403636685.5635555
Dropping frame 1403636685.6635556
Dropping frame 1403636685.7635555
Dropping frame 1403636685.8635557
Dropping frame 1403636686.0635555
Dropping frame 1403636686.2635555
Dropping frame 1403636686.3635557
Dropping frame 1403636686.4635556
Dropping frame 1403636686.6635556
Dropping frame 1403636686.9135554
Dropping frame 1403636687.0135555
Dropping frame 1403636687.1135554
Dropping frame 1403636687.3135555
Dropping frame 1403636687.5135555
Dropping frame 1403636687.7135556
Dropping frame 1403636687.9135554
Dropping frame 1403636688.1135554
Dropping frame 1403636688.2135556
Dropping frame 1403636688.3135555
Dropping frame 1403636688.4135554
Dropping frame 1403636688.7635555
Dropping frame 1403636688.9635556
Dropping frame 1403636689.0635555
Dropping frame 1403636689.1635556
Dropping frame 1403636689.3635557
Dropping frame 1403636689.5635555
Dropping frame 1403636689.7635555
Dropping frame 1403636689.8635557
Dropping frame 1403636689.9635556
Dropping frame 1403636690.0635555
Dropping frame 1403636690.1635556
Dropping frame 1403636690.3635557
Dropping frame 1403636690.4635556
Dropping frame 1403636690.5635555
Dropping frame 1403636690.6635556
Dropping frame 1403636690.7635555
Dropping frame 1403636690.8635557
Dropping frame 1403636691.0635555
Dropping frame 1403636691.2635555
Dropping frame 1403636691.3635557
Dropping frame 1403636691.4635556
Dropping frame 1403636691.6635556
Dropping frame 1403636691.7635555
Dropping frame 1403636691.8635557
Dropping frame 1403636692.0635555
Dropping frame 1403636692.2635555
Dropping frame 1403636692.3635557
Dropping frame 1403636692.4635556
Dropping frame 1403636692.6135554
Dropping frame 1403636692.7635555
Dropping frame 1403636692.8635557
Dropping frame 1403636693.1635556
Dropping frame 1403636693.2635555
Dropping frame 1403636693.6135554
Dropping frame 1403636693.8135555
Dropping frame 1403636694.0135555
Dropping frame 1403636694.1135554
Dropping frame 1403636694.2135556
Dropping frame 1403636694.4135554
Dropping frame 1403636694.6135554
Dropping frame 1403636694.8135555
Dropping frame 1403636694.9135554
Dropping frame 1403636695.0135555
Dropping frame 1403636695.2135556
Dropping frame 1403636695.4135554
Dropping frame 1403636695.6135554
Dropping frame 1403636695.8135555
Dropping frame 1403636696.0135555
Dropping frame 1403636696.2135556
Dropping frame 1403636696.7135556
Dropping frame 1403636696.8135555
Dropping frame 1403636697.0135555
Dropping frame 1403636697.2135556
Dropping frame 1403636697.3135555
Dropping frame 1403636697.4135554
Dropping frame 1403636697.6135554
Dropping frame 1403636697.8135555
Dropping frame 1403636698.1635556
Dropping frame 1403636698.5135555
Dropping frame 1403636698.6135554
Dropping frame 1403636698.7135556
Dropping frame 1403636699.2135556
Dropping frame 1403636699.4135554
Dropping frame 1403636699.6135554
Dropping frame 1403636700.0635555
Dropping frame 1403636700.2635555
Dropping frame 1403636700.4635556
Dropping frame 1403636700.6635556
Dropping frame 1403636700.7635555
Dropping frame 1403636701.1635556
Dropping frame 1403636701.2635555
Dropping frame 1403636701.6635556
Dropping frame 1403636702.0635555
Dropping frame 1403636702.5135555
Dropping frame 1403636702.6135554
Dropping frame 1403636703.0135555
Dropping frame 1403636703.2135556
Dropping frame 1403636703.8635557
Dropping frame 1403636704.3635557
Dropping frame 1403636704.6635556
Dropping frame 1403636704.8135555
Dropping frame 1403636705.1635556
Dropping frame 1403636705.5635555
Dropping frame 1403636705.7635555
Dropping frame 1403636705.9635556
Dropping frame 1403636706.4635556
Dropping frame 1403636706.6635556
Dropping frame 1403636707.4635556
Dropping frame 1403636708.0635555
Dropping frame 1403636708.2635555
Dropping frame 1403636708.3635557
Dropping frame 1403636708.5635555
Dropping frame 1403636708.7635555
Dropping frame 1403636708.9635556
Dropping frame 1403636709.0635555
Dropping frame 1403636709.1635556
Dropping frame 1403636709.4635556
Dropping frame 1403636709.5635555
Dropping frame 1403636709.9135554
Dropping frame 1403636710.1135554
Dropping frame 1403636710.4135554
Dropping frame 1403636710.5135555
Dropping frame 1403636711.2135556
Dropping frame 1403636711.5635555
Dropping frame 1403636711.7635555
Dropping frame 1403636712.1635556
Dropping frame 1403636712.5135555
Dropping frame 1403636712.7135556
Dropping frame 1403636712.9635556
Dropping frame 1403636713.3135555
Dropping frame 1403636713.5135555
Dropping frame 1403636713.7135556
Dropping frame 1403636714.0635555
Dropping frame 1403636714.1635556
Dropping frame 1403636714.4635556
Dropping frame 1403636714.5635555
Dropping frame 1403636714.7635555
Dropping frame 1403636715.1135554
Dropping frame 1403636715.2635555
Dropping frame 1403636715.4635556
Dropping frame 1403636715.6635556
Dropping frame 1403636715.7635555
Dropping frame 1403636716.0135555
Dropping frame 1403636716.2135556
Dropping frame 1403636716.4135554
Dropping frame 1403636716.5135555
Dropping frame 1403636716.6135554
Dropping frame 1403636716.7135556
Dropping frame 1403636716.9135554
Dropping frame 1403636717.0135555
Dropping frame 1403636717.3135555
Dropping frame 1403636717.5135555
Dropping frame 1403636717.7135556
Dropping frame 1403636717.9135554
Dropping frame 1403636718.0135555
Dropping frame 1403636718.2635555
Dropping frame 1403636718.3635557
Dropping frame 1403636718.4635556
Dropping frame 1403636718.7135556
Dropping frame 1403636719.0135555
Dropping frame 1403636719.1135554
Dropping frame 1403636719.2135556
Dropping frame 1403636719.3635557
Dropping frame 1403636719.6635556
Dropping frame 1403636719.8635557
Dropping frame 1403636719.9635556
Dropping frame 1403636720.0635555
Dropping frame 1403636720.4135554
Dropping frame 1403636720.6135554
Dropping frame 1403636720.7135556
Dropping frame 1403636720.8135555
Dropping frame 1403636721.0135555
Dropping frame 1403636721.1635556
Dropping frame 1403636721.3635557
Dropping frame 1403636721.5635555
Dropping frame 1403636721.6635556
Dropping frame 1403636721.7635555
Dropping frame 1403636721.9635556
Dropping frame 1403636722.0635555
Dropping frame 1403636722.1635556
Dropping frame 1403636722.3635557
Dropping frame 1403636722.5635555
Dropping frame 1403636722.7635555
Dropping frame 1403636722.9635556
Dropping frame 1403636723.1635556
Dropping frame 1403636723.3635557
Dropping frame 1403636723.5635555
Dropping frame 1403636723.6635556
Dropping frame 1403636723.7635555
Dropping frame 1403636723.9635556
Dropping frame 1403636724.2135556
Dropping frame 1403636724.4135554
Dropping frame 1403636724.6135554
Dropping frame 1403636724.7135556
Dropping frame 1403636724.8135555
Dropping frame 1403636724.9135554
Dropping frame 1403636725.1135554
Dropping frame 1403636725.2135556
Dropping frame 1403636725.4135554
Dropping frame 1403636725.5135555
Dropping frame 1403636726.2635555
Dropping frame 1403636726.4635556
Dropping frame 1403636726.6635556
Dropping frame 1403636726.8635557
Dropping frame 1403636727.0635555
Dropping frame 1403636727.2635555
Dropping frame 1403636727.4635556
Dropping frame 1403636727.5635555
Dropping frame 1403636727.7635555
Dropping frame 1403636727.8635557
Dropping frame 1403636728.0635555
Dropping frame 1403636728.2635555
Dropping frame 1403636728.3635557
Dropping frame 1403636728.4635556
Dropping frame 1403636728.6635556
Dropping frame 1403636728.8635557
Dropping frame 1403636729.0635555
Dropping frame 1403636729.2635555
Dropping frame 1403636729.4635556
Dropping frame 1403636729.5635555
Dropping frame 1403636729.6635556
Dropping frame 1403636729.8635557
Dropping frame 1403636730.0635555
Dropping frame 1403636730.1635556
Dropping frame 1403636730.3635557
Dropping frame 1403636730.5635555
Dropping frame 1403636730.7635555
Dropping frame 1403636730.9635556
Dropping frame 1403636731.0635555
Dropping frame 1403636731.1635556
Dropping frame 1403636731.3635557
Dropping frame 1403636731.5635555
Dropping frame 1403636731.7635555
Dropping frame 1403636731.9635556
Dropping frame 1403636732.0635555
Dropping frame 1403636732.1635556
Dropping frame 1403636732.3635557
Dropping frame 1403636732.5635555
Dropping frame 1403636732.7635555
Dropping frame 1403636732.9635556
Dropping frame 1403636733.1635556
Dropping frame 1403636733.3635557
Dropping frame 1403636733.5635555
Dropping frame 1403636733.7635555
Dropping frame 1403636733.8635557
Dropping frame 1403636734.0635555
Dropping frame 1403636734.2635555
Dropping frame 1403636734.4635556
Dropping frame 1403636734.6635556
Dropping frame 1403636734.8635557
Dropping frame 1403636735.0635555
Dropping frame 1403636735.1635556
Dropping frame 1403636735.3635557
Dropping frame 1403636735.5635555
Dropping frame 1403636735.6635556
Dropping frame 1403636735.7635555
Dropping frame 1403636735.8635557
Dropping frame 1403636736.0635555
Dropping frame 1403636736.2635555
Dropping frame 1403636736.3635557
Dropping frame 1403636736.5635555
Dropping frame 1403636736.6635556
Dropping frame 1403636736.7635555
Dropping frame 1403636736.9635556
Dropping frame 1403636737.1635556
Dropping frame 1403636737.3635557
Dropping frame 1403636737.4635556
Dropping frame 1403636737.5635555
Dropping frame 1403636737.7635555
Dropping frame 1403636737.8635557
Dropping frame 1403636737.9635556
Dropping frame 1403636738.1635556
Dropping frame 1403636738.3635557
Dropping frame 1403636738.4635556
Dropping frame 1403636738.6635556
Dropping frame 1403636738.7635555
Dropping frame 1403636738.8635557
Dropping frame 1403636739.0635555
Dropping frame 1403636739.2635555
Dropping frame 1403636739.4635556
Dropping frame 1403636739.6635556
Dropping frame 1403636739.7635555
Dropping frame 1403636739.8635557
Dropping frame 1403636740.0635555
Dropping frame 1403636740.2635555
Dropping frame 1403636740.3635557
Dropping frame 1403636740.4635556
Dropping frame 1403636740.7635555
Dropping frame 1403636740.8635557
Dropping frame 1403636740.9635556
Dropping frame 1403636741.1635556
Dropping frame 1403636741.2635555
Dropping frame 1403636741.4135554
Dropping frame 1403636741.5135555
Dropping frame 1403636741.7135556
Dropping frame 1403636741.8135555
Dropping frame 1403636741.9635556
Dropping frame 1403636742.2135556
Dropping frame 1403636742.4135554
Dropping frame 1403636742.5135555
Dropping frame 1403636742.6135554
Dropping frame 1403636742.8135555
Dropping frame 1403636742.9135554
Dropping frame 1403636743.1135554
Dropping frame 1403636743.3135555
Dropping frame 1403636743.8135555
Dropping frame 1403636744.4135554
Dropping frame 1403636744.5135555
Dropping frame 1403636744.7135556
Dropping frame 1403636744.8135555
Dropping frame 1403636745.0635555
Dropping frame 1403636745.1635556
Dropping frame 1403636745.2635555
Dropping frame 1403636745.4635556
Dropping frame 1403636745.6635556
Dropping frame 1403636745.7635555
Dropping frame 1403636745.8635557
Dropping frame 1403636745.9635556
Dropping frame 1403636746.0635555
Dropping frame 1403636746.2635555
Dropping frame 1403636746.3635557
Dropping frame 1403636746.4635556
Dropping frame 1403636746.6635556
Dropping frame 1403636746.7635555
Dropping frame 1403636746.8635557
Dropping frame 1403636746.9635556
Dropping frame 1403636747.0635555
Dropping frame 1403636747.2635555
Dropping frame 1403636747.4635556
Dropping frame 1403636747.5635555
Dropping frame 1403636747.6635556
Dropping frame 1403636748.1135554
Dropping frame 1403636748.3135555
Dropping frame 1403636748.4135554
Dropping frame 1403636748.6635556
Dropping frame 1403636748.7635555
Dropping frame 1403636748.8635557
Dropping frame 1403636748.9635556
Dropping frame 1403636749.1635556
Dropping frame 1403636749.3635557
Dropping frame 1403636749.4635556
Dropping frame 1403636749.5635555
Dropping frame 1403636749.6635556
Dropping frame 1403636749.8635557
Dropping frame 1403636749.9635556
Dropping frame 1403636750.0635555
Dropping frame 1403636750.2635555
Dropping frame 1403636750.4635556
Dropping frame 1403636750.6635556
Dropping frame 1403636750.7635555
Dropping frame 1403636750.8635557
Dropping frame 1403636751.0635555
Dropping frame 1403636751.2635555
Dropping frame 1403636751.4635556
Dropping frame 1403636751.6635556
Dropping frame 1403636751.7635555
Dropping frame 1403636751.8635557
Dropping frame 1403636752.0635555
Dropping frame 1403636752.1635556
Dropping frame 1403636752.2635555
Dropping frame 1403636752.4635556
Dropping frame 1403636752.6635556
Dropping frame 1403636752.8635557
Dropping frame 1403636752.9635556
Dropping frame 1403636753.0635555
Dropping frame 1403636753.2635555
Dropping frame 1403636753.3635557
Dropping frame 1403636753.4635556
Dropping frame 1403636753.5635555
Dropping frame 1403636753.7635555
Dropping frame 1403636753.9635556
Dropping frame 1403636754.1635556
Dropping frame 1403636754.2635555
Dropping frame 1403636754.3635557
Dropping frame 1403636754.5635555
Dropping frame 1403636754.6635556
Dropping frame 1403636754.9135554
Dropping frame 1403636755.0135555
Dropping frame 1403636755.2635555
Dropping frame 1403636755.3635557
Dropping frame 1403636755.4635556
Dropping frame 1403636755.6635556
Dropping frame 1403636755.7635555
Dropping frame 1403636755.8635557
Dropping frame 1403636756.0635555
Dropping frame 1403636756.2635555
Dropping frame 1403636756.4635556
Dropping frame 1403636756.6635556
Dropping frame 1403636756.7635555
Dropping frame 1403636756.8635557
Dropping frame 1403636756.9635556
Dropping frame 1403636757.0635555
Dropping frame 1403636757.3135555
Dropping frame 1403636757.4135554
Dropping frame 1403636757.6635556
Dropping frame 1403636757.8635557
Dropping frame 1403636758.0635555
Dropping frame 1403636758.1635556
Dropping frame 1403636758.2635555
Dropping frame 1403636758.4635556
Dropping frame 1403636758.5635555
Dropping frame 1403636758.6635556
Dropping frame 1403636758.8635557
Dropping frame 1403636758.9635556
Dropping frame 1403636759.0635555
Dropping frame 1403636759.2635555
Dropping frame 1403636759.4635556
Dropping frame 1403636759.6635556
Dropping frame 1403636759.8635557
Dropping frame 1403636760.0635555
Dropping frame 1403636760.1635556
Dropping frame 1403636760.2635555
Dropping frame 1403636760.4635556
Dropping frame 1403636760.6635556
Dropping frame 1403636760.8635557
Dropping frame 1403636761.0635555
Dropping frame 1403636761.2635555
Dropping frame 1403636761.4635556
Dropping frame 1403636761.5635555
Dropping frame 1403636761.8635557
Dropping frame 1403636762.2635555
Dropping frame 1403636762.4635556
Dropping frame 1403636762.5635555
Dropping frame 1403636762.6635556
Dropping frame 1403636762.8635557
Dropping frame 1403636763.0635555
Dropping frame 1403636763.2635555
Dropping frame 1403636763.4135554
Dropping frame 1403636763.6135554
Dropping frame 1403636763.7635555
Shutdown
SLAM Finished at System Time: 1734511931.40122

 TIME STATS in ms (mean$\pm$std)
OpenCV version: 4.8.1
---------------------------
Tracking

ORB Extraction: 20.608$\pm$1.9645
Stereo Matching: 7.1544$\pm$1.8987
IMU Preintegration: 0.25807$\pm$0.1017
Pose Prediction: 0.20784$\pm$0.58784
LM Track: 20.664$\pm$6.1117
New KF decision: 1.1159$\pm$2.105
Total Tracking: 33.334$\pm$27.765



Local Mapping

KF Insertion: 19.164$\pm$8.0992
MP Culling: 0.52195$\pm$0.21529
MP Creation: 52.094$\pm$16.627
LBA: 165.17$\pm$58.739
KF Culling: 18.828$\pm$12.059
Total Local Mapping: 255.61$\pm$85.514
---------------------------

LBA complexity (mean$\pm$std)
LBA Edges: 1919.8$\pm$781.2
LBA KF optimized: 6.5$\pm$2.2913
LBA KF fixed: 1$\pm$0
LBA MP: nan$\pm$nan

LBA executions: 533
LBA aborts: 0
---------------------------

Map complexity
KFs in map: 136
MPs in map: 9668
---------------------------

Place Recognition (mean$\pm$std)
Database Query: 1.7431$\pm$1.0974
SE3 estimation: 14.389$\pm$18.334
Total Place Recognition: 14.689$\pm$18.742


Loop Closing (mean$\pm$std)
Loop Fusion: nan$\pm$nan
Essential Graph: nan$\pm$nan
Total Loop Closing: nan$\pm$nan

Num exec: 0
Number of KFs: nan$\pm$nan

Map Merging (mean$\pm$std)
Merge Maps: nan$\pm$nan
Welding BA: nan$\pm$nan
Optimization Ess.: nan$\pm$nan
Total Map Merging: nan$\pm$nan

Num exec: 0
Number of KFs: nan$\pm$nan
Number of MPs: nan$\pm$nan

Full GBA (mean$\pm$std)
GBA: nan$\pm$nan
Map Update: nan$\pm$nan
Total Full GBA: nan$\pm$nan

Num exec: 0
Num abort: 0
Number of KFs: nan$\pm$nan
Number of MPs: nan$\pm$nan

Saving trajectory to f_dataset-MH01_stereo_imu.txt ...
There are 1 maps in the atlas
  Map 0 has 136 KFs

End of saving trajectory to f_dataset-MH01_stereo_imu.txt ...

Saving keyframe trajectory to kf_dataset-MH01_stereo_imu.txt ...
