num_seq = 1
file name: dataset-MH01_stereo_imu
Loading images for sequence 0...LOADED!
Loading IMU for sequence 0...LOADED!

-------

ORB-SLAM3 Copyright (C) 2017-2020 Carlos Campos, Richard Elvira, Juan J. Gómez, José M.M. Montiel and Juan D. Tardós, University of Zaragoza.
ORB-SLAM2 Copyright (C) 2014-2016 Raúl Mur-Artal, José M.M. Montiel and Juan D. Tardós, University of Zaragoza.
This program comes with ABSOLUTELY NO WARRANTY;
This is free software, and you are welcome to redistribute it
under certain conditions. See LICENSE.txt.

Built with REGISTER_TIMES
Git Commit Hash: 42e930e

Compiled with C++ version: 201703

Input sensor was set to: Stereo-Inertial
Loading settings from ./Examples/Stereo-Inertial/EuRoC_fov_deadlines_mask_7x7.yaml
	-Loaded camera 1
	-Loaded camera 2
	-Loaded image info
	-Loaded IMU calibration
	-Loaded ORB settings
	-Loaded viewer settings
	-Loaded Atlas settings
Deadlines enabled, will skip frames!
FOV enabled
Static mask size: 7x7
Dumping map points enabled
	-Loaded misc parameters
	-Computed rectification maps
----------------------------------
SLAM settings: 
	-Camera 1 parameters (Pinhole): [ 458.65399169921875 457.29598999023438 367.21499633789062 248.375 ]
	-Camera 1 distortion parameters: [  -0.28340810537338257 0.073959067463874817 0.00019359000725671649 1.7618711353861727e-05 ]
	-Camera 2 parameters (Pinhole: [ 457.58700561523438 456.13400268554688 379.99899291992188 255.23800659179688 ]
	-Camera 1 distortion parameters: [  -0.2836836576461792 0.074512839317321777 -0.00010473000293131918 -3.555907096597366e-05 ]
	-Original image size: [ 752 , 480 ]
	-Current image size: [ 752 , 480 ]
	-Camera 1 parameters after rectification: [  456.71499633789062 456.71499633789062 364.52615356445312 257.268798828125 ]
	-Sequence FPS: 20
	-Stereo baseline: 0.11007784307003021
	-Stereo depth threshold : 60
	-Gyro noise: 0.00016999999934341758
	-Accelerometer noise: 0.0020000000949949026
	-Gyro walk: 1.9392999092815444e-05
	-Accelerometer walk: 0.0030000000260770321
	-IMU frequency: 200
	-Features per image: 1200
	-ORB scale factor: 1.2000000476837158
	-ORB number of scales: 8
	-Initial FAST threshold: 20
	-Min FAST threshold: 7


Loading ORB Vocabulary. This could take a while...
Vocabulary loaded!

Initialization of Atlas from scratch 
Creation of new map with id: 0
Creation of new map with last KF id: 0
Seq. Name: 
There are 1 cameras in the atlas
Camera 0 is pinhole
SLAM Started at System Time: 1734508248.06857
not IMU meas
not IMU meas
not enough acceleration
not enough acceleration
First KF:0; Map init KF:0
New Map created with 543 points
Active map: 0
Dropping frame 1403636580.0135555
Dropping frame 1403636580.2135556
Dropping frame 1403636581.2635555
Dropping frame 1403636581.6635556
Dropping frame 1403636581.7635555
Dropping frame 1403636581.8635557
Dropping frame 1403636582.0635555
Dropping frame 1403636582.1635556
Dropping frame 1403636582.5135555
Dropping frame 1403636582.7135556
Dropping frame 1403636582.8135555
Dropping frame 1403636583.0635555
Dropping frame 1403636583.4135554
Dropping frame 1403636583.7635555
Dropping frame 1403636584.0135555
Dropping frame 1403636584.2635555
Dropping frame 1403636584.4135554
Dropping frame 1403636584.6135554
Dropping frame 1403636584.8135555
Dropping frame 1403636584.9135554
Dropping frame 1403636585.1635556
Dropping frame 1403636585.2635555
Dropping frame 1403636585.3635557
start VIBA 1
Dropping frame 1403636585.5135555
end VIBA 1
Dropping frame 1403636586.4135554
Dropping frame 1403636586.6135554
Dropping frame 1403636586.7135556
Dropping frame 1403636587.0135555
Dropping frame 1403636587.2635555
Dropping frame 1403636587.4635556
Dropping frame 1403636587.5635555
Dropping frame 1403636587.8635557
Dropping frame 1403636588.0635555
Dropping frame 1403636588.2635555
Dropping frame 1403636588.5135555
Dropping frame 1403636588.6635556
Dropping frame 1403636588.8635557
Dropping frame 1403636589.2135556
Dropping frame 1403636589.9135554
Dropping frame 1403636590.1135554
Dropping frame 1403636590.2635555
Dropping frame 1403636590.6135554
Dropping frame 1403636590.9135554
Dropping frame 1403636591.0135555
Dropping frame 1403636591.4135554
Dropping frame 1403636591.8135555
Dropping frame 1403636592.1135554
Dropping frame 1403636592.4135554
Dropping frame 1403636592.5135555
Dropping frame 1403636592.6635556
Dropping frame 1403636592.8635557
Dropping frame 1403636592.9635556
Dropping frame 1403636593.1635556
Dropping frame 1403636593.3135555
Dropping frame 1403636593.5135555
Dropping frame 1403636594.0135555
Dropping frame 1403636594.7635555
Dropping frame 1403636595.0635555
Dropping frame 1403636595.3135555
Dropping frame 1403636595.4635556
start VIBA 2
end VIBA 2
Dropping frame 1403636595.8135555
Dropping frame 1403636595.9135554
Dropping frame 1403636596.2635555
Dropping frame 1403636596.4635556
Dropping frame 1403636596.5635555
Dropping frame 1403636596.6635556
Dropping frame 1403636597.0635555
Dropping frame 1403636597.3135555
Dropping frame 1403636597.6135554
Dropping frame 1403636597.7135556
Dropping frame 1403636598.0635555
Dropping frame 1403636598.1635556
Dropping frame 1403636598.5135555
Dropping frame 1403636598.9135554
Dropping frame 1403636599.2135556
Dropping frame 1403636599.6635556
Dropping frame 1403636599.9635556
Dropping frame 1403636600.7635555
Dropping frame 1403636601.4635556
Dropping frame 1403636601.7635555
Dropping frame 1403636602.0635555
Dropping frame 1403636602.4135554
Dropping frame 1403636602.6635556
Dropping frame 1403636602.7635555
Dropping frame 1403636603.3135555
Dropping frame 1403636603.7635555
Dropping frame 1403636604.2135556
Dropping frame 1403636604.8635557
Dropping frame 1403636605.2135556
Dropping frame 1403636605.7635555
Dropping frame 1403636611.5635555
Dropping frame 1403636613.9635556
Dropping frame 1403636614.3635557
Dropping frame 1403636615.0135555
Dropping frame 1403636618.5635555
Dropping frame 1403636619.0635555
Dropping frame 1403636620.6635556
Dropping frame 1403636623.1635556
Dropping frame 1403636626.9635556
Dropping frame 1403636628.3635557
Dropping frame 1403636635.7635555
Dropping frame 1403636636.0635555
Dropping frame 1403636636.3635557
Dropping frame 1403636636.7635555
Dropping frame 1403636636.9635556
Dropping frame 1403636637.3635557
Dropping frame 1403636637.6135554
Dropping frame 1403636637.7135556
Dropping frame 1403636638.2135556
Dropping frame 1403636638.5635555
Dropping frame 1403636638.7135556
Dropping frame 1403636638.8635557
Dropping frame 1403636639.0635555
Dropping frame 1403636639.2635555
Dropping frame 1403636639.6135554
Dropping frame 1403636639.9635556
Dropping frame 1403636640.0635555
Dropping frame 1403636640.2635555
Dropping frame 1403636641.9135554
Dropping frame 1403636642.0135555
Dropping frame 1403636642.3135555
Dropping frame 1403636642.4635556
Dropping frame 1403636642.5635555
Dropping frame 1403636642.6635556
Dropping frame 1403636642.9635556
Dropping frame 1403636643.0635555
Dropping frame 1403636643.1635556
Dropping frame 1403636643.2635555
Dropping frame 1403636643.3635557
Dropping frame 1403636643.4635556
Dropping frame 1403636643.5635555
Dropping frame 1403636643.8635557
Dropping frame 1403636643.9635556
Dropping frame 1403636644.2635555
Dropping frame 1403636644.5135555
Dropping frame 1403636645.1635556
Dropping frame 1403636645.2635555
Dropping frame 1403636645.6135554
Dropping frame 1403636645.7135556
Dropping frame 1403636645.9135554
Dropping frame 1403636646.2635555
Dropping frame 1403636646.3635557
Dropping frame 1403636646.4635556
Dropping frame 1403636646.5635555
Dropping frame 1403636646.9635556
Dropping frame 1403636647.1635556
Dropping frame 1403636647.2635555
Dropping frame 1403636647.3635557
Dropping frame 1403636647.5635555
Dropping frame 1403636647.7135556
Dropping frame 1403636649.6635556
Dropping frame 1403636649.8635557
Dropping frame 1403636649.9635556
Dropping frame 1403636650.0635555
Dropping frame 1403636650.2135556
Dropping frame 1403636650.6635556
Dropping frame 1403636651.0135555
Dropping frame 1403636651.1135554
Dropping frame 1403636651.8135555
Dropping frame 1403636652.5635555
Dropping frame 1403636652.8135555
Dropping frame 1403636653.5135555
Dropping frame 1403636653.7635555
Dropping frame 1403636654.0135555
Dropping frame 1403636654.3135555
Dropping frame 1403636654.5135555
Dropping frame 1403636654.6135554
Dropping frame 1403636654.7635555
Dropping frame 1403636655.1135554
Dropping frame 1403636655.2635555
Dropping frame 1403636655.8135555
Dropping frame 1403636655.9135554
Dropping frame 1403636656.2135556
Dropping frame 1403636656.4635556
Dropping frame 1403636656.8135555
Dropping frame 1403636656.9635556
Dropping frame 1403636657.0635555
Dropping frame 1403636657.1635556
Dropping frame 1403636657.3635557
Dropping frame 1403636657.6135554
Dropping frame 1403636657.8135555
Dropping frame 1403636658.0135555
Dropping frame 1403636658.1135554
Dropping frame 1403636658.2135556
Dropping frame 1403636658.5135555
Dropping frame 1403636658.7135556
Dropping frame 1403636658.9135554
Dropping frame 1403636659.1135554
Dropping frame 1403636659.3135555
Dropping frame 1403636659.5135555
Dropping frame 1403636659.7135556
Dropping frame 1403636659.8135555
Dropping frame 1403636659.9135554
Dropping frame 1403636660.0135555
Dropping frame 1403636660.1135554
Dropping frame 1403636660.3135555
Dropping frame 1403636660.5135555
Dropping frame 1403636660.6135554
Dropping frame 1403636660.7135556
Dropping frame 1403636660.8635557
Dropping frame 1403636661.0635555
Dropping frame 1403636661.4135554
Dropping frame 1403636661.5135555
Dropping frame 1403636662.0135555
Dropping frame 1403636662.2635555
Dropping frame 1403636662.4635556
Dropping frame 1403636662.5635555
Dropping frame 1403636662.6635556
Dropping frame 1403636662.7635555
Dropping frame 1403636662.8635557
Dropping frame 1403636663.1135554
Dropping frame 1403636663.3135555
Dropping frame 1403636663.4135554
Dropping frame 1403636663.5135555
Dropping frame 1403636663.7135556
Dropping frame 1403636663.9135554
Dropping frame 1403636664.2135556
Dropping frame 1403636664.4135554
Dropping frame 1403636664.6135554
Dropping frame 1403636664.8135555
Dropping frame 1403636664.9135554
Dropping frame 1403636665.0135555
Dropping frame 1403636665.4135554
Dropping frame 1403636665.5135555
Dropping frame 1403636665.9135554
Dropping frame 1403636666.1135554
Dropping frame 1403636666.2135556
Dropping frame 1403636666.3135555
Dropping frame 1403636666.8635557
Dropping frame 1403636667.2135556
Dropping frame 1403636667.3135555
Dropping frame 1403636667.6135554
Dropping frame 1403636667.7135556
Dropping frame 1403636668.0135555
Dropping frame 1403636668.4135554
Dropping frame 1403636668.6135554
Dropping frame 1403636668.7135556
Dropping frame 1403636669.1635556
Dropping frame 1403636669.2635555
Dropping frame 1403636669.5135555
Dropping frame 1403636669.7135556
Dropping frame 1403636669.9135554
Dropping frame 1403636670.0135555
Dropping frame 1403636670.2135556
Dropping frame 1403636670.4135554
Dropping frame 1403636670.6635556
Dropping frame 1403636670.8635557
Dropping frame 1403636671.1135554
Dropping frame 1403636671.2135556
Dropping frame 1403636671.4135554
Dropping frame 1403636671.6135554
Dropping frame 1403636671.7635555
Dropping frame 1403636671.9135554
Dropping frame 1403636672.0135555
Dropping frame 1403636672.1135554
Dropping frame 1403636672.2135556
Dropping frame 1403636672.3635557
Dropping frame 1403636672.7135556
Dropping frame 1403636672.8135555
Dropping frame 1403636673.9635556
Dropping frame 1403636674.2135556
Dropping frame 1403636674.3135555
Dropping frame 1403636674.6635556
Dropping frame 1403636674.9135554
Dropping frame 1403636675.2135556
Dropping frame 1403636675.3135555
Dropping frame 1403636675.6135554
Dropping frame 1403636675.8635557
Dropping frame 1403636676.3135555
Dropping frame 1403636676.7135556
Dropping frame 1403636676.8135555
Dropping frame 1403636677.0135555
Dropping frame 1403636677.2635555
Dropping frame 1403636677.5135555
Dropping frame 1403636677.6135554
Dropping frame 1403636678.2135556
Dropping frame 1403636678.5135555
Dropping frame 1403636678.9635556
Dropping frame 1403636679.5635555
Dropping frame 1403636679.9635556
Dropping frame 1403636680.1635556
Dropping frame 1403636680.4635556
Dropping frame 1403636680.5635555
Dropping frame 1403636680.8635557
Dropping frame 1403636681.2135556
Dropping frame 1403636681.4635556
Dropping frame 1403636681.6635556
Dropping frame 1403636681.8635557
Dropping frame 1403636682.0635555
Dropping frame 1403636682.5635555
Dropping frame 1403636683.1135554
Dropping frame 1403636683.4135554
Dropping frame 1403636683.5135555
Dropping frame 1403636684.1635556
Dropping frame 1403636684.5135555
Dropping frame 1403636685.3635557
Dropping frame 1403636685.5635555
Dropping frame 1403636685.8635557
Dropping frame 1403636686.2135556
Dropping frame 1403636686.5635555
Dropping frame 1403636687.0135555
Dropping frame 1403636687.1635556
Dropping frame 1403636687.4635556
Dropping frame 1403636687.5635555
Dropping frame 1403636688.0635555
Dropping frame 1403636688.2635555
Dropping frame 1403636688.4635556
Dropping frame 1403636688.6635556
Dropping frame 1403636688.8635557
Dropping frame 1403636689.2135556
Dropping frame 1403636689.6635556
Dropping frame 1403636689.8635557
Dropping frame 1403636693.1135554
Dropping frame 1403636693.4635556
Dropping frame 1403636693.9635556
Dropping frame 1403636694.1635556
Dropping frame 1403636694.2635555
Dropping frame 1403636694.6635556
Dropping frame 1403636694.9635556
Dropping frame 1403636695.2635555
Dropping frame 1403636695.4635556
Dropping frame 1403636695.8635557
Dropping frame 1403636696.0635555
Dropping frame 1403636696.2635555
Dropping frame 1403636696.4635556
Dropping frame 1403636696.7635555
Dropping frame 1403636696.9635556
Dropping frame 1403636697.5135555
Dropping frame 1403636697.7135556
Dropping frame 1403636697.8135555
Dropping frame 1403636697.9135554
Dropping frame 1403636698.1635556
Dropping frame 1403636698.2635555
Dropping frame 1403636698.5135555
Dropping frame 1403636698.6135554
Dropping frame 1403636698.8635557
Dropping frame 1403636699.0635555
Dropping frame 1403636699.2135556
Dropping frame 1403636699.4135554
Dropping frame 1403636699.5135555
Dropping frame 1403636699.7635555
Dropping frame 1403636699.8635557
Dropping frame 1403636700.4635556
Dropping frame 1403636700.9135554
Dropping frame 1403636701.0135555
Dropping frame 1403636701.2635555
Dropping frame 1403636701.3635557
Dropping frame 1403636701.4635556
Dropping frame 1403636701.6635556
Dropping frame 1403636701.7635555
Dropping frame 1403636701.9635556
Dropping frame 1403636702.0635555
Dropping frame 1403636702.2635555
Dropping frame 1403636702.4635556
Dropping frame 1403636702.6635556
Dropping frame 1403636702.8635557
Dropping frame 1403636702.9635556
Dropping frame 1403636703.1635556
Dropping frame 1403636703.2635555
Dropping frame 1403636703.3635557
Dropping frame 1403636703.5635555
Dropping frame 1403636703.7635555
Dropping frame 1403636703.9635556
Dropping frame 1403636704.0635555
Dropping frame 1403636704.1635556
Dropping frame 1403636704.2635555
Dropping frame 1403636704.3635557
Dropping frame 1403636704.5135555
Dropping frame 1403636704.7135556
Dropping frame 1403636704.8135555
Dropping frame 1403636704.9135554
Dropping frame 1403636705.2135556
Dropping frame 1403636705.3635557
Dropping frame 1403636705.4635556
Dropping frame 1403636705.5635555
Dropping frame 1403636705.6635556
Dropping frame 1403636705.9635556
Dropping frame 1403636706.2135556
Dropping frame 1403636706.4135554
Dropping frame 1403636706.5135555
Dropping frame 1403636706.6135554
Dropping frame 1403636706.7135556
Dropping frame 1403636706.8635557
Dropping frame 1403636707.0635555
Dropping frame 1403636707.1635556
Dropping frame 1403636707.4635556
Dropping frame 1403636707.5635555
Dropping frame 1403636707.6635556
Dropping frame 1403636707.7635555
Dropping frame 1403636708.0135555
Dropping frame 1403636708.2135556
Dropping frame 1403636708.3135555
Dropping frame 1403636708.4135554
Dropping frame 1403636708.5135555
Dropping frame 1403636708.6135554
Dropping frame 1403636708.8135555
Dropping frame 1403636708.9135554
Dropping frame 1403636709.0135555
Dropping frame 1403636709.2635555
Dropping frame 1403636709.3635557
Dropping frame 1403636709.4635556
Dropping frame 1403636709.6635556
Dropping frame 1403636709.7635555
Dropping frame 1403636709.8635557
Dropping frame 1403636710.0635555
Dropping frame 1403636710.1635556
Dropping frame 1403636710.3135555
Dropping frame 1403636710.4135554
Dropping frame 1403636710.5135555
Dropping frame 1403636710.7635555
Dropping frame 1403636710.9635556
Dropping frame 1403636711.0635555
Dropping frame 1403636711.3135555
Dropping frame 1403636711.4135554
Dropping frame 1403636711.5135555
Dropping frame 1403636711.6135554
Dropping frame 1403636711.8135555
Dropping frame 1403636711.9135554
Dropping frame 1403636712.0635555
Dropping frame 1403636712.2635555
Dropping frame 1403636712.4635556
Dropping frame 1403636712.5635555
Dropping frame 1403636712.6635556
Dropping frame 1403636712.8135555
Dropping frame 1403636713.0135555
Dropping frame 1403636713.1135554
Dropping frame 1403636713.4135554
Dropping frame 1403636713.5135555
Dropping frame 1403636713.6135554
Dropping frame 1403636713.7135556
Dropping frame 1403636713.8135555
Dropping frame 1403636714.0135555
Dropping frame 1403636714.1135554
Dropping frame 1403636714.2635555
Dropping frame 1403636714.4135554
Dropping frame 1403636714.5135555
Dropping frame 1403636714.6135554
Dropping frame 1403636714.8135555
Dropping frame 1403636714.9135554
Dropping frame 1403636715.0635555
Dropping frame 1403636715.1635556
Dropping frame 1403636715.4135554
Dropping frame 1403636715.5135555
Dropping frame 1403636715.7635555
Dropping frame 1403636715.8635557
Dropping frame 1403636715.9635556
Dropping frame 1403636716.0635555
Dropping frame 1403636716.1635556
Dropping frame 1403636716.2635555
Dropping frame 1403636716.3635557
Dropping frame 1403636716.5635555
Dropping frame 1403636716.8635557
Dropping frame 1403636716.9635556
Dropping frame 1403636717.0635555
Dropping frame 1403636717.2135556
Dropping frame 1403636717.4135554
Dropping frame 1403636717.6135554
Dropping frame 1403636717.7135556
Dropping frame 1403636717.8135555
Dropping frame 1403636717.9135554
Dropping frame 1403636718.1635556
Dropping frame 1403636718.2635555
Dropping frame 1403636718.3635557
Dropping frame 1403636719.5635555
Dropping frame 1403636719.8135555
Dropping frame 1403636719.9135554
Dropping frame 1403636720.0135555
Dropping frame 1403636720.1135554
Dropping frame 1403636720.3135555
Dropping frame 1403636720.4635556
Dropping frame 1403636720.6635556
Dropping frame 1403636720.7635555
Dropping frame 1403636720.9135554
Dropping frame 1403636721.1135554
Dropping frame 1403636721.2135556
Dropping frame 1403636721.5135555
Dropping frame 1403636721.6135554
Dropping frame 1403636721.7135556
Dropping frame 1403636721.8135555
Dropping frame 1403636722.0635555
Dropping frame 1403636722.2635555
Dropping frame 1403636722.3635557
Dropping frame 1403636722.4635556
Dropping frame 1403636722.7135556
Dropping frame 1403636722.8135555
Dropping frame 1403636723.0135555
Dropping frame 1403636723.2635555
Dropping frame 1403636723.3635557
Dropping frame 1403636723.4635556
Dropping frame 1403636723.5635555
Dropping frame 1403636723.7135556
Dropping frame 1403636723.9135554
Dropping frame 1403636724.0135555
Dropping frame 1403636724.1135554
Dropping frame 1403636724.2635555
Dropping frame 1403636724.3635557
Dropping frame 1403636724.6635556
Dropping frame 1403636724.8135555
Dropping frame 1403636724.9635556
Dropping frame 1403636725.0635555
Dropping frame 1403636725.2635555
Dropping frame 1403636725.3635557
Dropping frame 1403636725.4635556
Dropping frame 1403636725.6635556
Dropping frame 1403636725.7635555
Dropping frame 1403636725.8635557
Dropping frame 1403636725.9635556
Dropping frame 1403636726.0635555
Dropping frame 1403636726.2635555
Dropping frame 1403636726.3635557
Dropping frame 1403636726.4635556
Dropping frame 1403636726.5635555
Dropping frame 1403636726.7135556
Dropping frame 1403636726.9135554
Dropping frame 1403636727.0135555
Dropping frame 1403636727.1135554
Dropping frame 1403636727.2135556
Dropping frame 1403636727.5135555
Dropping frame 1403636727.6135554
Dropping frame 1403636727.7135556
Dropping frame 1403636727.8135555
Dropping frame 1403636728.2135556
Dropping frame 1403636728.3135555
Dropping frame 1403636728.5135555
Dropping frame 1403636728.6135554
Dropping frame 1403636728.7135556
Dropping frame 1403636728.8635557
Dropping frame 1403636729.0635555
Dropping frame 1403636729.2635555
Dropping frame 1403636729.3635557
Dropping frame 1403636729.4635556
Dropping frame 1403636729.6135554
Dropping frame 1403636729.7135556
Dropping frame 1403636729.8135555
Dropping frame 1403636730.1135554
Dropping frame 1403636730.2135556
Dropping frame 1403636731.2135556
Dropping frame 1403636731.3135555
Dropping frame 1403636731.5635555
Dropping frame 1403636731.7635555
Dropping frame 1403636731.8635557
Dropping frame 1403636732.0135555
Dropping frame 1403636732.1135554
Dropping frame 1403636732.2135556
Dropping frame 1403636732.3135555
Dropping frame 1403636732.5635555
Dropping frame 1403636732.6635556
Dropping frame 1403636732.7635555
Dropping frame 1403636732.9635556
Dropping frame 1403636733.0635555
Dropping frame 1403636733.1635556
Dropping frame 1403636733.2635555
Dropping frame 1403636733.4135554
Dropping frame 1403636733.6135554
Dropping frame 1403636733.7135556
Dropping frame 1403636733.9635556
Dropping frame 1403636734.2135556
Dropping frame 1403636734.4635556
Dropping frame 1403636735.6135554
Dropping frame 1403636735.9635556
Dropping frame 1403636736.1135554
Dropping frame 1403636736.2635555
Dropping frame 1403636736.4135554
Dropping frame 1403636736.6635556
Dropping frame 1403636736.8135555
Dropping frame 1403636737.1135554
Dropping frame 1403636737.2135556
Dropping frame 1403636737.3135555
Dropping frame 1403636737.4135554
Dropping frame 1403636737.5635555
Dropping frame 1403636737.7635555
Dropping frame 1403636737.8635557
Dropping frame 1403636738.0135555
Dropping frame 1403636738.1135554
Dropping frame 1403636738.2635555
Dropping frame 1403636738.3635557
Dropping frame 1403636738.4635556
Dropping frame 1403636738.6635556
Dropping frame 1403636738.7635555
Dropping frame 1403636738.8635557
Dropping frame 1403636739.0635555
Dropping frame 1403636739.2635555
Dropping frame 1403636739.3635557
Dropping frame 1403636739.4635556
Dropping frame 1403636739.5635555
Dropping frame 1403636739.6635556
Dropping frame 1403636739.7635555
Dropping frame 1403636740.0135555
Dropping frame 1403636740.1135554
Dropping frame 1403636740.2135556
Dropping frame 1403636740.3135555
Dropping frame 1403636740.4135554
Dropping frame 1403636740.6135554
Dropping frame 1403636740.7135556
Dropping frame 1403636740.8135555
Dropping frame 1403636740.9135554
Dropping frame 1403636741.0135555
Dropping frame 1403636741.4635556
Dropping frame 1403636741.5635555
Dropping frame 1403636741.6635556
Dropping frame 1403636741.7635555
Dropping frame 1403636741.8635557
Dropping frame 1403636742.0135555
Dropping frame 1403636742.2135556
Dropping frame 1403636742.3135555
Dropping frame 1403636742.4135554
Dropping frame 1403636742.6135554
Dropping frame 1403636742.7135556
Dropping frame 1403636742.8135555
Dropping frame 1403636743.0135555
Dropping frame 1403636743.1135554
Dropping frame 1403636743.2135556
Dropping frame 1403636743.4135554
Dropping frame 1403636743.5135555
Dropping frame 1403636743.6135554
Dropping frame 1403636743.7135556
Dropping frame 1403636743.8135555
Dropping frame 1403636744.0135555
Dropping frame 1403636744.1135554
Dropping frame 1403636744.2135556
Dropping frame 1403636744.4135554
Dropping frame 1403636744.5135555
Dropping frame 1403636744.6135554
Dropping frame 1403636744.7135556
Dropping frame 1403636744.8135555
Dropping frame 1403636744.9635556
Dropping frame 1403636745.0635555
Dropping frame 1403636745.2135556
Dropping frame 1403636745.4135554
Dropping frame 1403636745.5135555
Dropping frame 1403636745.6135554
Dropping frame 1403636745.8135555
Dropping frame 1403636746.0135555
Dropping frame 1403636746.2135556
Dropping frame 1403636746.3135555
Dropping frame 1403636746.4135554
Dropping frame 1403636746.5135555
Dropping frame 1403636746.7135556
Dropping frame 1403636746.9135554
Dropping frame 1403636747.0135555
Dropping frame 1403636747.1135554
Dropping frame 1403636747.2135556
Dropping frame 1403636747.4135554
Dropping frame 1403636747.6135554
Dropping frame 1403636747.7135556
Dropping frame 1403636747.8135555
Dropping frame 1403636747.9135554
Dropping frame 1403636748.1135554
Dropping frame 1403636748.2135556
Dropping frame 1403636748.3135555
Dropping frame 1403636748.5135555
Dropping frame 1403636748.6135554
Dropping frame 1403636748.8135555
Dropping frame 1403636748.9135554
Dropping frame 1403636749.0135555
Dropping frame 1403636749.4135554
Dropping frame 1403636749.5135555
Dropping frame 1403636749.6135554
Dropping frame 1403636749.8135555
Dropping frame 1403636750.0135555
Dropping frame 1403636750.1135554
Dropping frame 1403636750.2135556
Dropping frame 1403636750.3135555
Dropping frame 1403636750.4135554
Dropping frame 1403636750.5135555
Dropping frame 1403636750.6135554
Dropping frame 1403636750.7135556
Dropping frame 1403636750.8135555
Dropping frame 1403636750.9135554
Dropping frame 1403636751.0135555
Dropping frame 1403636751.2135556
Dropping frame 1403636751.3135555
Dropping frame 1403636751.4135554
Dropping frame 1403636751.5135555
Dropping frame 1403636751.6135554
Dropping frame 1403636751.7135556
Dropping frame 1403636751.8135555
Dropping frame 1403636751.9135554
Dropping frame 1403636752.1135554
Dropping frame 1403636752.3135555
Dropping frame 1403636752.4135554
Dropping frame 1403636752.5135555
Dropping frame 1403636752.6135554
Dropping frame 1403636752.8135555
Dropping frame 1403636753.0135555
Dropping frame 1403636753.2135556
Dropping frame 1403636753.3135555
Dropping frame 1403636753.4135554
Dropping frame 1403636753.6135554
Dropping frame 1403636753.8135555
Dropping frame 1403636753.9135554
Dropping frame 1403636754.0135555
Dropping frame 1403636754.2135556
Dropping frame 1403636754.4135554
Dropping frame 1403636754.5135555
Dropping frame 1403636754.6135554
Dropping frame 1403636754.8135555
Dropping frame 1403636754.9135554
Dropping frame 1403636755.0135555
Dropping frame 1403636755.2135556
Dropping frame 1403636755.3135555
Dropping frame 1403636755.4135554
Dropping frame 1403636755.6135554
Dropping frame 1403636755.7135556
Dropping frame 1403636755.8135555
Dropping frame 1403636756.0135555
Dropping frame 1403636756.2135556
Dropping frame 1403636756.3135555
Dropping frame 1403636756.4135554
Dropping frame 1403636756.6135554
Dropping frame 1403636756.8135555
Dropping frame 1403636757.0135555
Dropping frame 1403636757.1135554
Dropping frame 1403636757.2135556
Dropping frame 1403636757.4135554
Dropping frame 1403636757.5135555
Dropping frame 1403636757.6135554
Dropping frame 1403636757.8135555
Dropping frame 1403636757.9135554
Dropping frame 1403636758.0135555
Dropping frame 1403636758.2135556
Dropping frame 1403636758.4135554
Dropping frame 1403636758.6135554
Dropping frame 1403636758.8135555
Dropping frame 1403636759.0135555
Dropping frame 1403636759.1135554
Dropping frame 1403636759.3135555
Dropping frame 1403636759.4135554
Dropping frame 1403636759.5135555
Dropping frame 1403636759.7135556
Dropping frame 1403636759.9135554
Dropping frame 1403636760.1135554
Dropping frame 1403636760.2135556
Dropping frame 1403636760.3135555
Dropping frame 1403636760.4135554
Dropping frame 1403636760.5135555
Dropping frame 1403636760.7135556
Dropping frame 1403636760.8135555
Dropping frame 1403636761.0135555
Dropping frame 1403636761.2135556
Dropping frame 1403636761.4135554
Dropping frame 1403636761.6135554
Dropping frame 1403636761.7135556
Dropping frame 1403636761.8135555
Dropping frame 1403636761.9135554
Dropping frame 1403636762.0135555
Dropping frame 1403636762.2135556
Dropping frame 1403636762.3135555
Dropping frame 1403636762.4135554
Dropping frame 1403636762.6635556
Dropping frame 1403636762.7635555
Dropping frame 1403636762.8635557
Dropping frame 1403636763.0635555
Dropping frame 1403636763.2635555
Dropping frame 1403636763.4635556
Dropping frame 1403636763.6635556
Dropping frame 1403636763.7635555
Shutdown
SLAM Finished at System Time: 1734508471.68686

 TIME STATS in ms (mean$\pm$std)
OpenCV version: 4.8.1
---------------------------
Tracking

ORB Extraction: 17.762$\pm$1.6596
Stereo Matching: 7.1116$\pm$2.0147
IMU Preintegration: 0.25942$\pm$0.10688
Pose Prediction: 0.20392$\pm$0.58468
LM Track: 20.39$\pm$6.4754
New KF decision: 1.0127$\pm$1.9462
Total Tracking: 34.201$\pm$25.717



Local Mapping

KF Insertion: 17.939$\pm$8.0131
MP Culling: 0.5089$\pm$0.21089
MP Creation: 50.772$\pm$18.021
LBA: 164.46$\pm$57.542
KF Culling: 18.797$\pm$12.51
Total Local Mapping: 252.36$\pm$84.326
---------------------------

LBA complexity (mean$\pm$std)
LBA Edges: 1876.8$\pm$770.84
LBA KF optimized: 6.5$\pm$2.2913
LBA KF fixed: 1$\pm$0
LBA MP: nan$\pm$nan

LBA executions: 539
LBA aborts: 0
---------------------------

Map complexity
KFs in map: 147
MPs in map: 11749
---------------------------

Place Recognition (mean$\pm$std)
Database Query: 1.6439$\pm$0.94388
SE3 estimation: 15.976$\pm$17.042
Total Place Recognition: 15.961$\pm$17.606


Loop Closing (mean$\pm$std)
Loop Fusion: nan$\pm$nan
Essential Graph: nan$\pm$nan
Total Loop Closing: nan$\pm$nan

Num exec: 0
Number of KFs: nan$\pm$nan

Map Merging (mean$\pm$std)
Merge Maps: nan$\pm$nan
Welding BA: nan$\pm$nan
Optimization Ess.: nan$\pm$nan
Total Map Merging: nan$\pm$nan

Num exec: 0
Number of KFs: nan$\pm$nan
Number of MPs: nan$\pm$nan

Full GBA (mean$\pm$std)
GBA: nan$\pm$nan
Map Update: nan$\pm$nan
Total Full GBA: nan$\pm$nan

Num exec: 0
Num abort: 0
Number of KFs: nan$\pm$nan
Number of MPs: nan$\pm$nan

Saving trajectory to f_dataset-MH01_stereo_imu.txt ...
There are 1 maps in the atlas
  Map 0 has 147 KFs

End of saving trajectory to f_dataset-MH01_stereo_imu.txt ...

Saving keyframe trajectory to kf_dataset-MH01_stereo_imu.txt ...
