num_seq = 1
file name: dataset-MH02_stereo_imu
Loading images for sequence 0...LOADED!
Loading IMU for sequence 0...LOADED!

-------

ORB-SLAM3 Copyright (C) 2017-2020 Carlos Campos, Richard Elvira, Juan J. Gómez, José M.M. Montiel and Juan D. Tardós, University of Zaragoza.
ORB-SLAM2 Copyright (C) 2014-2016 Raúl Mur-Artal, José M.M. Montiel and Juan D. Tardós, University of Zaragoza.
This program comes with ABSOLUTELY NO WARRANTY;
This is free software, and you are welcome to redistribute it
under certain conditions. See LICENSE.txt.

Built with REGISTER_TIMES
Git Commit Hash: 5ee9387

Compiled with C++ version: 201703

Input sensor was set to: Stereo-Inertial
Loading settings from ./Examples/Stereo-Inertial/EuRoC_fov_deadlines_mask_12x12.yaml
	-Loaded camera 1
	-Loaded camera 2
	-Loaded image info
	-Loaded IMU calibration
	-Loaded ORB settings
	-Loaded viewer settings
	-Loaded Atlas settings
Deadlines enabled, will skip frames!
FOV enabled
Static mask size: 12x12
Dumping map points enabled
	-Loaded misc parameters
	-Computed rectification maps
----------------------------------
SLAM settings: 
	-Camera 1 parameters (Pinhole): [ 458.65399169921875 457.29598999023438 367.21499633789062 248.375 ]
	-Camera 1 distortion parameters: [  -0.28340810537338257 0.073959067463874817 0.00019359000725671649 1.7618711353861727e-05 ]
	-Camera 2 parameters (Pinhole: [ 457.58700561523438 456.13400268554688 379.99899291992188 255.23800659179688 ]
	-Camera 1 distortion parameters: [  -0.2836836576461792 0.074512839317321777 -0.00010473000293131918 -3.555907096597366e-05 ]
	-Original image size: [ 752 , 480 ]
	-Current image size: [ 752 , 480 ]
	-Camera 1 parameters after rectification: [  456.71499633789062 456.71499633789062 364.52615356445312 257.268798828125 ]
	-Sequence FPS: 20
	-Stereo baseline: 0.11007784307003021
	-Stereo depth threshold : 60
	-Gyro noise: 0.00016999999934341758
	-Accelerometer noise: 0.0020000000949949026
	-Gyro walk: 1.9392999092815444e-05
	-Accelerometer walk: 0.0030000000260770321
	-IMU frequency: 200
	-Features per image: 1200
	-ORB scale factor: 1.2000000476837158
	-ORB number of scales: 8
	-Initial FAST threshold: 20
	-Min FAST threshold: 7


Loading ORB Vocabulary. This could take a while...
Vocabulary loaded!

Initialization of Atlas from scratch 
Creation of new map with id: 0
Creation of new map with last KF id: 0
Seq. Name: 
There are 1 cameras in the atlas
Camera 0 is pinhole
SLAM Started at System Time: 1734437348.28251
not IMU meas
not IMU meas
not enough acceleration
not enough acceleration
not enough acceleration
not enough acceleration
not enough acceleration
not enough acceleration
First KF:0; Map init KF:0
New Map created with 189 points
Active map: 0
Dropping frame 1403636859.1516664
Dropping frame 1403636859.7016666
Dropping frame 1403636860.0516665
Dropping frame 1403636860.4516664
Dropping frame 1403636860.6016665
Dropping frame 1403636860.8016665
Dropping frame 1403636861.2516665
Dropping frame 1403636861.6016665
Dropping frame 1403636861.9016666
Dropping frame 1403636862.1516664
Dropping frame 1403636862.4016666
Dropping frame 1403636862.6516664
Dropping frame 1403636862.7516665
Dropping frame 1403636862.8516665
Dropping frame 1403636863.1516664
Dropping frame 1403636863.5016665
Dropping frame 1403636863.8516665
Dropping frame 1403636863.9516664
Dropping frame 1403636864.2516665
Dropping frame 1403636864.4516664
Dropping frame 1403636864.6516664
start VIBA 1
Dropping frame 1403636864.7516665
end VIBA 1
Dropping frame 1403636864.8516665
Dropping frame 1403636864.9516664
Dropping frame 1403636865.2016666
Dropping frame 1403636865.3016665
Dropping frame 1403636865.4016666
Dropping frame 1403636865.5016665
Dropping frame 1403636865.8016665
Dropping frame 1403636866.2516665
Dropping frame 1403636866.5016665
Dropping frame 1403636866.8516665
Dropping frame 1403636866.9516664
Dropping frame 1403636867.2016666
Dropping frame 1403636867.3016665
Dropping frame 1403636867.4016666
Dropping frame 1403636867.7516665
Dropping frame 1403636867.9516664
Dropping frame 1403636868.1516664
Dropping frame 1403636868.2516665
Dropping frame 1403636868.5516665
Dropping frame 1403636868.9016666
Dropping frame 1403636869.1016665
Dropping frame 1403636869.2516665
Dropping frame 1403636869.4016666
Dropping frame 1403636869.6016665
Dropping frame 1403636869.7016666
Dropping frame 1403636869.8516665
Dropping frame 1403636869.9516664
Dropping frame 1403636870.1516664
Dropping frame 1403636870.3516665
Dropping frame 1403636870.4516664
Dropping frame 1403636870.5516665
Dropping frame 1403636870.6516664
Dropping frame 1403636870.8516665
Dropping frame 1403636870.9516664
Dropping frame 1403636871.0516665
Dropping frame 1403636871.1516664
Dropping frame 1403636871.4516664
Dropping frame 1403636871.6516664
Dropping frame 1403636871.7516665
Dropping frame 1403636872.0516665
Dropping frame 1403636872.2516665
Dropping frame 1403636872.4516664
Dropping frame 1403636872.6516664
Dropping frame 1403636872.9516664
Dropping frame 1403636873.2516665
Dropping frame 1403636873.5516665
Dropping frame 1403636873.7516665
Dropping frame 1403636873.8516665
Dropping frame 1403636874.0016665
Dropping frame 1403636874.1016665
Dropping frame 1403636874.4016666
Dropping frame 1403636874.6016665
Dropping frame 1403636874.8016665
Dropping frame 1403636874.9016666
Dropping frame 1403636875.1516664
Dropping frame 1403636875.4016666
start VIBA 2
end VIBA 2
Dropping frame 1403636875.6516664
Dropping frame 1403636875.7516665
Dropping frame 1403636876.1516664
Dropping frame 1403636876.2516665
Dropping frame 1403636876.6016665
Dropping frame 1403636876.7016666
Dropping frame 1403636876.9516664
Dropping frame 1403636877.0516665
Dropping frame 1403636877.3016665
Dropping frame 1403636877.5016665
Dropping frame 1403636877.7016666
Dropping frame 1403636877.9516664
Dropping frame 1403636878.0516665
Dropping frame 1403636878.4016666
Dropping frame 1403636878.6016665
Dropping frame 1403636878.8016665
Dropping frame 1403636878.9016666
Dropping frame 1403636879.0016665
Dropping frame 1403636879.1516664
Dropping frame 1403636879.4016666
Dropping frame 1403636879.6516664
Dropping frame 1403636879.8516665
Dropping frame 1403636879.9516664
Dropping frame 1403636880.3016665
Dropping frame 1403636880.4016666
Dropping frame 1403636880.6516664
Dropping frame 1403636880.9516664
Dropping frame 1403636881.2516665
Dropping frame 1403636881.3516665
Dropping frame 1403636881.5516665
Dropping frame 1403636881.7516665
Dropping frame 1403636881.8516665
Dropping frame 1403636882.2516665
Dropping frame 1403636882.4516664
Dropping frame 1403636882.6516664
Dropping frame 1403636882.8016665
Dropping frame 1403636883.0016665
Dropping frame 1403636883.5516665
Dropping frame 1403636883.7016666
Dropping frame 1403636883.8016665
Dropping frame 1403636884.0516665
Dropping frame 1403636884.3516665
Dropping frame 1403636884.4516664
Dropping frame 1403636884.7016666
Dropping frame 1403636884.9016666
Dropping frame 1403636885.2516665
Dropping frame 1403636886.0516665
Dropping frame 1403636886.3016665
Dropping frame 1403636886.6016665
Dropping frame 1403636886.8016665
Dropping frame 1403636886.9516664
Dropping frame 1403636887.3016665
Dropping frame 1403636887.5016665
Dropping frame 1403636887.6016665
Dropping frame 1403636887.9016666
Dropping frame 1403636888.1516664
Dropping frame 1403636888.4516664
Dropping frame 1403636888.7516665
Dropping frame 1403636889.3516665
Dropping frame 1403636889.6016665
Dropping frame 1403636889.8016665
Dropping frame 1403636890.0516665
Dropping frame 1403636890.3516665
Dropping frame 1403636890.5016665
Dropping frame 1403636890.7016666
Dropping frame 1403636891.0516665
Dropping frame 1403636891.3016665
Dropping frame 1403636891.7016666
Dropping frame 1403636891.8016665
Dropping frame 1403636892.0516665
Dropping frame 1403636892.3516665
Dropping frame 1403636892.8016665
Dropping frame 1403636893.0016665
Dropping frame 1403636893.2016666
Dropping frame 1403636893.3016665
Dropping frame 1403636893.4016666
Dropping frame 1403636893.6516664
Dropping frame 1403636893.8016665
Dropping frame 1403636893.9516664
Dropping frame 1403636894.2016666
Dropping frame 1403636894.5516665
Dropping frame 1403636894.7516665
Dropping frame 1403636894.9016666
Dropping frame 1403636895.1516664
Dropping frame 1403636895.4016666
Dropping frame 1403636895.6016665
Dropping frame 1403636896.1016665
Dropping frame 1403636896.4516664
Dropping frame 1403636896.7016666
Dropping frame 1403636897.0516665
Dropping frame 1403636897.3516665
Dropping frame 1403636898.1016665
Dropping frame 1403636898.3016665
Dropping frame 1403636898.6516664
Dropping frame 1403636899.0516665
Dropping frame 1403636899.3516665
Dropping frame 1403636899.8516665
Dropping frame 1403636900.4016666
Dropping frame 1403636901.2016666
Dropping frame 1403636901.3016665
Dropping frame 1403636901.6516664
Dropping frame 1403636902.0016665
Dropping frame 1403636902.3016665
Dropping frame 1403636902.5516665
Dropping frame 1403636902.7516665
Dropping frame 1403636903.3016665
Dropping frame 1403636903.5516665
Dropping frame 1403636903.7016666
Dropping frame 1403636904.2516665
Dropping frame 1403636904.6516664
Dropping frame 1403636905.1016665
Dropping frame 1403636905.8016665
Dropping frame 1403636906.1516664
Dropping frame 1403636906.5016665
Dropping frame 1403636906.8016665
Dropping frame 1403636907.2016666
Dropping frame 1403636907.4016666
Dropping frame 1403636907.7516665
Dropping frame 1403636908.1516664
Dropping frame 1403636909.4016666
Dropping frame 1403636909.5516665
Dropping frame 1403636910.0516665
Dropping frame 1403636910.6516664
Dropping frame 1403636911.1016665
Dropping frame 1403636911.4016666
Dropping frame 1403636911.8516665
Dropping frame 1403636912.4516664
Dropping frame 1403636912.8516665
Dropping frame 1403636913.4016666
Dropping frame 1403636913.5016665
Dropping frame 1403636913.8516665
Dropping frame 1403636914.1016665
Dropping frame 1403636914.2516665
Dropping frame 1403636914.4516664
Dropping frame 1403636914.7016666
Dropping frame 1403636915.1016665
Dropping frame 1403636915.2516665
Dropping frame 1403636915.6016665
Dropping frame 1403636916.0516665
Dropping frame 1403636916.4516664
Dropping frame 1403636916.8016665
Dropping frame 1403636917.7516665
Dropping frame 1403636917.9516664
Dropping frame 1403636918.2016666
Dropping frame 1403636918.6516664
Dropping frame 1403636918.9516664
Dropping frame 1403636919.1016665
Dropping frame 1403636919.5016665
Dropping frame 1403636919.6516664
Dropping frame 1403636919.8516665
Dropping frame 1403636919.9516664
Dropping frame 1403636920.1516664
Dropping frame 1403636920.2516665
Dropping frame 1403636920.4016666
Dropping frame 1403636920.5516665
Dropping frame 1403636920.6516664
Dropping frame 1403636920.7516665
Dropping frame 1403636920.8516665
Dropping frame 1403636920.9516664
Dropping frame 1403636921.1516664
Dropping frame 1403636921.2516665
Dropping frame 1403636921.3516665
Dropping frame 1403636921.4516664
Dropping frame 1403636921.5516665
Dropping frame 1403636921.7016666
Dropping frame 1403636921.8516665
Dropping frame 1403636921.9516664
Dropping frame 1403636922.0516665
Dropping frame 1403636922.1516664
Dropping frame 1403636922.2516665
Dropping frame 1403636922.3516665
Dropping frame 1403636922.4516664
Dropping frame 1403636922.8016665
Dropping frame 1403636922.9016666
Dropping frame 1403636923.0016665
Dropping frame 1403636923.1016665
Dropping frame 1403636923.2016666
Dropping frame 1403636923.3016665
Dropping frame 1403636923.5016665
Dropping frame 1403636923.6016665
Dropping frame 1403636923.7016666
Dropping frame 1403636923.8016665
Dropping frame 1403636923.9016666
Dropping frame 1403636924.0016665
Dropping frame 1403636924.2016666
Dropping frame 1403636924.3016665
Dropping frame 1403636924.4016666
Dropping frame 1403636924.5016665
Dropping frame 1403636924.6016665
Dropping frame 1403636924.8016665
Dropping frame 1403636924.9016666
Dropping frame 1403636925.0016665
Dropping frame 1403636925.1016665
Dropping frame 1403636925.3016665
Dropping frame 1403636925.4516664
Dropping frame 1403636925.6516664
Dropping frame 1403636925.7516665
Dropping frame 1403636925.8516665
Dropping frame 1403636926.0016665
Dropping frame 1403636926.1016665
Dropping frame 1403636926.3516665
Dropping frame 1403636926.5516665
Dropping frame 1403636926.6516664
Dropping frame 1403636926.7516665
Dropping frame 1403636926.8516665
Dropping frame 1403636927.0516665
Dropping frame 1403636927.1516664
Dropping frame 1403636927.3516665
Dropping frame 1403636927.4516664
Dropping frame 1403636927.5516665
Dropping frame 1403636927.6516664
Dropping frame 1403636927.7516665
Dropping frame 1403636927.8516665
Dropping frame 1403636927.9516664
Dropping frame 1403636928.0516665
Dropping frame 1403636928.2016666
Dropping frame 1403636928.4016666
Dropping frame 1403636928.5016665
Dropping frame 1403636928.6016665
Dropping frame 1403636928.7016666
Dropping frame 1403636928.8016665
Dropping frame 1403636928.9016666
Dropping frame 1403636929.0016665
Dropping frame 1403636929.2016666
Dropping frame 1403636929.3016665
Dropping frame 1403636929.4516664
Dropping frame 1403636929.5516665
Dropping frame 1403636929.6516664
Dropping frame 1403636929.7516665
Dropping frame 1403636929.8516665
Dropping frame 1403636930.0516665
Dropping frame 1403636930.1516664
Dropping frame 1403636930.2516665
Dropping frame 1403636930.3516665
Dropping frame 1403636930.5016665
Dropping frame 1403636930.6516664
Dropping frame 1403636930.7516665
Dropping frame 1403636930.8516665
Dropping frame 1403636930.9516664
Dropping frame 1403636931.0516665
Dropping frame 1403636931.3016665
Dropping frame 1403636931.4016666
Dropping frame 1403636931.5016665
Dropping frame 1403636931.6016665
Dropping frame 1403636931.7016666
Dropping frame 1403636931.8016665
Dropping frame 1403636932.0016665
Dropping frame 1403636932.1016665
Dropping frame 1403636932.2016666
Dropping frame 1403636932.3516665
Dropping frame 1403636932.4516664
Dropping frame 1403636932.6516664
Dropping frame 1403636932.7516665
Dropping frame 1403636932.9016666
Dropping frame 1403636933.0016665
Dropping frame 1403636933.2016666
Dropping frame 1403636933.3016665
Dropping frame 1403636933.4016666
Dropping frame 1403636933.5016665
Dropping frame 1403636933.6516664
Dropping frame 1403636933.7516665
Dropping frame 1403636933.9516664
Dropping frame 1403636934.0516665
Dropping frame 1403636934.1516664
Dropping frame 1403636934.3516665
Dropping frame 1403636934.4516664
Dropping frame 1403636934.6016665
Dropping frame 1403636934.7516665
Dropping frame 1403636934.9516664
Dropping frame 1403636935.0516665
Dropping frame 1403636935.2016666
Dropping frame 1403636935.3016665
Dropping frame 1403636935.4016666
Dropping frame 1403636935.5016665
Dropping frame 1403636935.7016666
Dropping frame 1403636935.8016665
Dropping frame 1403636935.9016666
Dropping frame 1403636936.0016665
Dropping frame 1403636936.1516664
Dropping frame 1403636936.3016665
Dropping frame 1403636936.4016666
Dropping frame 1403636936.7016666
Dropping frame 1403636936.8016665
Dropping frame 1403636937.0016665
Dropping frame 1403636937.3016665
Dropping frame 1403636937.5516665
Dropping frame 1403636937.6516664
Dropping frame 1403636937.8516665
Dropping frame 1403636937.9516664
Dropping frame 1403636938.0516665
Dropping frame 1403636938.2516665
Dropping frame 1403636938.6016665
Dropping frame 1403636938.7016666
Dropping frame 1403636938.8516665
Dropping frame 1403636939.2516665
Dropping frame 1403636939.4516664
Dropping frame 1403636939.5516665
Dropping frame 1403636939.8016665
Dropping frame 1403636940.1016665
Dropping frame 1403636940.3016665
Dropping frame 1403636940.4016666
Dropping frame 1403636940.6016665
Dropping frame 1403636940.7016666
Dropping frame 1403636940.8016665
Dropping frame 1403636940.9516664
Dropping frame 1403636941.0516665
Dropping frame 1403636941.3516665
Dropping frame 1403636941.4516664
Dropping frame 1403636941.6016665
Dropping frame 1403636941.7016666
Dropping frame 1403636942.0016665
Dropping frame 1403636942.2516665
Dropping frame 1403636942.3516665
Dropping frame 1403636942.4516664
Dropping frame 1403636942.5516665
Dropping frame 1403636942.9016666
Dropping frame 1403636943.0016665
Dropping frame 1403636943.1016665
Dropping frame 1403636943.2016666
Dropping frame 1403636943.4016666
Dropping frame 1403636943.5516665
Dropping frame 1403636943.6516664
Dropping frame 1403636943.8516665
Dropping frame 1403636944.0516665
Dropping frame 1403636944.1516664
Dropping frame 1403636944.2516665
Dropping frame 1403636944.4516664
Dropping frame 1403636944.6516664
Dropping frame 1403636944.7516665
Dropping frame 1403636944.8516665
Dropping frame 1403636945.1016665
Dropping frame 1403636945.2016666
Dropping frame 1403636945.4016666
Dropping frame 1403636945.5016665
Dropping frame 1403636945.6016665
Dropping frame 1403636945.8016665
Dropping frame 1403636945.9516664
Dropping frame 1403636946.0516665
Dropping frame 1403636946.2516665
Dropping frame 1403636946.3516665
Dropping frame 1403636946.5516665
Dropping frame 1403636946.6516664
Dropping frame 1403636946.7516665
Dropping frame 1403636946.9516664
Dropping frame 1403636947.0516665
Dropping frame 1403636947.2516665
Dropping frame 1403636947.3516665
Dropping frame 1403636947.4516664
Dropping frame 1403636947.5516665
Dropping frame 1403636947.7016666
Dropping frame 1403636947.9016666
Dropping frame 1403636948.0016665
Dropping frame 1403636948.1016665
Dropping frame 1403636948.2516665
Dropping frame 1403636948.4516664
Dropping frame 1403636948.6516664
Dropping frame 1403636948.7516665
Dropping frame 1403636948.8516665
Dropping frame 1403636949.0016665
Dropping frame 1403636949.1016665
Dropping frame 1403636949.2016666
Dropping frame 1403636949.4016666
Dropping frame 1403636949.5016665
Dropping frame 1403636949.6016665
Dropping frame 1403636949.7016666
Dropping frame 1403636949.8516665
Dropping frame 1403636950.0516665
Dropping frame 1403636950.2516665
Dropping frame 1403636950.4016666
Dropping frame 1403636950.5016665
Dropping frame 1403636950.6016665
Dropping frame 1403636950.7016666
Dropping frame 1403636950.8016665
Dropping frame 1403636950.9016666
Dropping frame 1403636951.0016665
Dropping frame 1403636951.1516664
Dropping frame 1403636951.5516665
Dropping frame 1403636951.6516664
Dropping frame 1403636951.7516665
Dropping frame 1403636951.9516664
Dropping frame 1403636952.0516665
Dropping frame 1403636952.1516664
Dropping frame 1403636952.2516665
Dropping frame 1403636952.4516664
Dropping frame 1403636952.5516665
Dropping frame 1403636952.6516664
Dropping frame 1403636952.7516665
Dropping frame 1403636952.8516665
Dropping frame 1403636952.9516664
Dropping frame 1403636953.1016665
Dropping frame 1403636953.3016665
Dropping frame 1403636953.4016666
Dropping frame 1403636953.5016665
Dropping frame 1403636953.6516664
Dropping frame 1403636953.8516665
Dropping frame 1403636953.9516664
Dropping frame 1403636954.1516664
Dropping frame 1403636954.2516665
Dropping frame 1403636954.3516665
Dropping frame 1403636954.4516664
Dropping frame 1403636954.5516665
Dropping frame 1403636954.6516664
Dropping frame 1403636954.7516665
Dropping frame 1403636954.9516664
Dropping frame 1403636955.0516665
Dropping frame 1403636955.2516665
Dropping frame 1403636955.3516665
Dropping frame 1403636955.4516664
Dropping frame 1403636955.6516664
Dropping frame 1403636955.8516665
Dropping frame 1403636955.9516664
Dropping frame 1403636956.0516665
Dropping frame 1403636956.2516665
Dropping frame 1403636956.4516664
Dropping frame 1403636956.5516665
Dropping frame 1403636956.7516665
Dropping frame 1403636956.8516665
Dropping frame 1403636957.0516665
Dropping frame 1403636957.2516665
Dropping frame 1403636957.4516664
Dropping frame 1403636957.6516664
Dropping frame 1403636957.8516665
Dropping frame 1403636957.9516664
Dropping frame 1403636958.0516665
Dropping frame 1403636958.2516665
Dropping frame 1403636958.4516664
Dropping frame 1403636958.6516664
Dropping frame 1403636958.8516665
Dropping frame 1403636959.0516665
Dropping frame 1403636959.1516664
Dropping frame 1403636959.3516665
Dropping frame 1403636959.4516664
Dropping frame 1403636959.6516664
Dropping frame 1403636959.8516665
Dropping frame 1403636960.0516665
Dropping frame 1403636960.2516665
Dropping frame 1403636960.4516664
Dropping frame 1403636960.6516664
Dropping frame 1403636960.8516665
Dropping frame 1403636960.9516664
Dropping frame 1403636961.0516665
Dropping frame 1403636961.1516664
Dropping frame 1403636961.2516665
Dropping frame 1403636961.3516665
Dropping frame 1403636961.5516665
Dropping frame 1403636961.7516665
Dropping frame 1403636961.9516664
Dropping frame 1403636962.1516664
Dropping frame 1403636962.3516665
Dropping frame 1403636962.5516665
Dropping frame 1403636962.6516664
Dropping frame 1403636962.7516665
Dropping frame 1403636962.9516664
Dropping frame 1403636963.1516664
Dropping frame 1403636963.3516665
Dropping frame 1403636963.5516665
Dropping frame 1403636963.7516665
Dropping frame 1403636963.9516664
Dropping frame 1403636964.0516665
Dropping frame 1403636964.1516664
Dropping frame 1403636964.3516665
Dropping frame 1403636964.5516665
Dropping frame 1403636964.7516665
Dropping frame 1403636964.9516664
Dropping frame 1403636965.1516664
Dropping frame 1403636965.2516665
Dropping frame 1403636965.3516665
Dropping frame 1403636965.5516665
Dropping frame 1403636965.7516665
Dropping frame 1403636966.1016665
Dropping frame 1403636966.2016666
Dropping frame 1403636966.3016665
Dropping frame 1403636966.5016665
Dropping frame 1403636966.6016665
Dropping frame 1403636966.8016665
Dropping frame 1403636966.9016666
Dropping frame 1403636967.0016665
Dropping frame 1403636967.2016666
Dropping frame 1403636967.4016666
Dropping frame 1403636967.6016665
Dropping frame 1403636967.7016666
Dropping frame 1403636967.9016666
Dropping frame 1403636968.1016665
Dropping frame 1403636968.2016666
Dropping frame 1403636968.3016665
Dropping frame 1403636968.4016666
Dropping frame 1403636968.6016665
Dropping frame 1403636968.7016666
Dropping frame 1403636968.8016665
Dropping frame 1403636969.0016665
Dropping frame 1403636969.2016666
Dropping frame 1403636969.4016666
Dropping frame 1403636969.6016665
Dropping frame 1403636969.7016666
Dropping frame 1403636969.8016665
Dropping frame 1403636970.0016665
Dropping frame 1403636970.2016666
Dropping frame 1403636970.3016665
Dropping frame 1403636970.4016666
Dropping frame 1403636970.6016665
Dropping frame 1403636970.8016665
Dropping frame 1403636971.0016665
Dropping frame 1403636971.2016666
Dropping frame 1403636971.4016666
Dropping frame 1403636971.6016665
Dropping frame 1403636971.8016665
Dropping frame 1403636972.0016665
Dropping frame 1403636972.1016665
Dropping frame 1403636972.3016665
Dropping frame 1403636972.4016666
Dropping frame 1403636972.5016665
Dropping frame 1403636972.7016666
Dropping frame 1403636972.9016666
Dropping frame 1403636973.1016665
Dropping frame 1403636973.3016665
Dropping frame 1403636973.5016665
Dropping frame 1403636973.7016666
Dropping frame 1403636973.9016666
Dropping frame 1403636974.0516665
Dropping frame 1403636974.2516665
Dropping frame 1403636974.4516664
Dropping frame 1403636974.5516665
Dropping frame 1403636974.7516665
Dropping frame 1403636974.9516664
Dropping frame 1403636975.1516664
Dropping frame 1403636975.3516665
Dropping frame 1403636975.5516665
Dropping frame 1403636975.6516664
Dropping frame 1403636975.7516665
Dropping frame 1403636975.9516664
Dropping frame 1403636976.1516664
Dropping frame 1403636976.3516665
Dropping frame 1403636976.5516665
Dropping frame 1403636976.6516664
Dropping frame 1403636976.8516665
Dropping frame 1403636976.9516664
Dropping frame 1403636977.1516664
Dropping frame 1403636977.3516665
Dropping frame 1403636977.8516665
Dropping frame 1403636977.9516664
Dropping frame 1403636978.2516665
Dropping frame 1403636978.4516664
Dropping frame 1403636978.6516664
Dropping frame 1403636978.8516665
Dropping frame 1403636979.0516665
Dropping frame 1403636979.2516665
Dropping frame 1403636979.3516665
Dropping frame 1403636979.6016665
Dropping frame 1403636979.8016665
Dropping frame 1403636980.0016665
Dropping frame 1403636980.1016665
Dropping frame 1403636980.3016665
Dropping frame 1403636980.5016665
Dropping frame 1403636980.6516664
Dropping frame 1403636980.8516665
Dropping frame 1403636981.0516665
Dropping frame 1403636981.1516664
Dropping frame 1403636981.3516665
Dropping frame 1403636981.5516665
Dropping frame 1403636981.6516664
Dropping frame 1403636981.7516665
Dropping frame 1403636981.9516664
Dropping frame 1403636982.1516664
Dropping frame 1403636982.3516665
Dropping frame 1403636982.5516665
Dropping frame 1403636982.6516664
Dropping frame 1403636982.8516665
Dropping frame 1403636983.0516665
Dropping frame 1403636983.1516664
Dropping frame 1403636983.2516665
Dropping frame 1403636983.4516664
Dropping frame 1403636983.6516664
Dropping frame 1403636983.8516665
Dropping frame 1403636983.9516664
Dropping frame 1403636984.0516665
Dropping frame 1403636984.2516665
Dropping frame 1403636984.4516664
Dropping frame 1403636984.5516665
Dropping frame 1403636984.7516665
Dropping frame 1403636985.0016665
Dropping frame 1403636985.1016665
Dropping frame 1403636985.3516665
Dropping frame 1403636985.5516665
Dropping frame 1403636985.6516664
Dropping frame 1403636985.8516665
Dropping frame 1403636986.0516665
Dropping frame 1403636986.2516665
Dropping frame 1403636986.4516664
Dropping frame 1403636986.5516665
Dropping frame 1403636986.6516664
Dropping frame 1403636986.8516665
Dropping frame 1403636987.0516665
Dropping frame 1403636987.2516665
Dropping frame 1403636987.4516664
Dropping frame 1403636987.5516665
Dropping frame 1403636987.7516665
Dropping frame 1403636987.8516665
Dropping frame 1403636988.0516665
Dropping frame 1403636988.2516665
Dropping frame 1403636988.3516665
Dropping frame 1403636988.4516664
Dropping frame 1403636988.5516665
Dropping frame 1403636988.9516664
Dropping frame 1403636989.0516665
Dropping frame 1403636989.1516664
Dropping frame 1403636989.3516665
Dropping frame 1403636989.4516664
Dropping frame 1403636989.5516665
Dropping frame 1403636989.8516665
Dropping frame 1403636989.9516664
Dropping frame 1403636990.0516665
Dropping frame 1403636990.1516664
Dropping frame 1403636990.3516665
Dropping frame 1403636990.8016665
Dropping frame 1403636991.2516665
Dropping frame 1403636991.4516664
Dropping frame 1403636991.5516665
Dropping frame 1403636991.6516664
Dropping frame 1403636991.7516665
Dropping frame 1403636991.9016666
Dropping frame 1403636992.1016665
Dropping frame 1403636992.3016665
Dropping frame 1403636992.4016666
Dropping frame 1403636992.6016665
Dropping frame 1403636992.7016666
Dropping frame 1403636992.8016665
Dropping frame 1403636992.9016666
Dropping frame 1403636993.0016665
Dropping frame 1403636993.1016665
Dropping frame 1403636993.3516665
Dropping frame 1403636993.4516664
Dropping frame 1403636993.5516665
Dropping frame 1403636993.7516665
Dropping frame 1403636993.9516664
Dropping frame 1403636994.0516665
Dropping frame 1403636994.1516664
Dropping frame 1403636994.4016666
Dropping frame 1403636994.5016665
Dropping frame 1403636994.7016666
Dropping frame 1403636994.9016666
Dropping frame 1403636995.0016665
Dropping frame 1403636995.4016666
Dropping frame 1403636995.8516665
Dropping frame 1403636996.0516665
Dropping frame 1403636996.3016665
Dropping frame 1403636996.5016665
Dropping frame 1403636996.6016665
Dropping frame 1403636996.7016666
Dropping frame 1403636996.8516665
Dropping frame 1403636997.0516665
Dropping frame 1403636997.2516665
Dropping frame 1403636997.3516665
Dropping frame 1403636997.7016666
Dropping frame 1403636997.8516665
Dropping frame 1403636998.0016665
Dropping frame 1403636998.2016666
Dropping frame 1403636998.5516665
Dropping frame 1403636998.7516665
Dropping frame 1403636998.9516664
Dropping frame 1403636999.1516664
Dropping frame 1403636999.2516665
Dropping frame 1403636999.6516664
Dropping frame 1403637000.1516664
Dropping frame 1403637000.2516665
Dropping frame 1403637000.5516665
Dropping frame 1403637000.7516665
Dropping frame 1403637000.9516664
Dropping frame 1403637001.1016665
Dropping frame 1403637001.3516665
Dropping frame 1403637001.6016665
Dropping frame 1403637001.9516664
Dropping frame 1403637002.0516665
Dropping frame 1403637002.1516664
Dropping frame 1403637002.6016665
Dropping frame 1403637002.8016665
Dropping frame 1403637003.0016665
Dropping frame 1403637003.1016665
Dropping frame 1403637003.2016666
Dropping frame 1403637003.3016665
Dropping frame 1403637003.5016665
Dropping frame 1403637003.7016666
Dropping frame 1403637003.8016665
Dropping frame 1403637003.9016666
Dropping frame 1403637004.1016665
Dropping frame 1403637004.3016665
Dropping frame 1403637004.5016665
Dropping frame 1403637004.6016665
Dropping frame 1403637004.7016666
Dropping frame 1403637004.9016666
Dropping frame 1403637005.0016665
Dropping frame 1403637005.2016666
Dropping frame 1403637005.4016666
Dropping frame 1403637005.5016665
Dropping frame 1403637005.6016665
Dropping frame 1403637005.8016665
Dropping frame 1403637006.0016665
Dropping frame 1403637006.1016665
Dropping frame 1403637006.2016666
Dropping frame 1403637006.4016666
Dropping frame 1403637006.6016665
Dropping frame 1403637006.8016665
Dropping frame 1403637006.9016666
Dropping frame 1403637007.0016665
Dropping frame 1403637007.2016666
Dropping frame 1403637007.4016666
Dropping frame 1403637007.5016665
Dropping frame 1403637007.6016665
Dropping frame 1403637007.8016665
Dropping frame 1403637008.0016665
Dropping frame 1403637008.2016666
Dropping frame 1403637008.4016666
Dropping frame 1403637008.5016665
Dropping frame 1403637008.7016666
Dropping frame 1403637008.8016665
Dropping frame 1403637008.9016666
Dropping frame 1403637009.1016665
Dropping frame 1403637009.3016665
Dropping frame 1403637009.5016665
Dropping frame 1403637009.6016665
Dropping frame 1403637009.8016665
Dropping frame 1403637009.9016666
Dropping frame 1403637010.0016665
Dropping frame 1403637010.2016666
Dropping frame 1403637010.3016665
Dropping frame 1403637010.4016666
Dropping frame 1403637010.6016665
Shutdown
SLAM Finished at System Time: 1734437537.01503

 TIME STATS in ms (mean$\pm$std)
OpenCV version: 4.8.1
---------------------------
Tracking

ORB Extraction: 21.055$\pm$2.113
Stereo Matching: 7.5276$\pm$2.0582
IMU Preintegration: 0.25338$\pm$0.097343
Pose Prediction: 0.22594$\pm$0.64207
LM Track: 19.733$\pm$5.5325
New KF decision: 1.3142$\pm$2.4486
Total Tracking: 32.068$\pm$27.815



Local Mapping

KF Insertion: 17.204$\pm$5.1991
MP Culling: 0.57106$\pm$0.22526
MP Creation: 50.801$\pm$16.029
LBA: 151.68$\pm$56.43
KF Culling: 16.047$\pm$10.933
Total Local Mapping: 236.16$\pm$79.361
---------------------------

LBA complexity (mean$\pm$std)
LBA Edges: 1708.6$\pm$607.43
LBA KF optimized: 6.5$\pm$2.2913
LBA KF fixed: 1$\pm$0
LBA MP: nan$\pm$nan

LBA executions: 447
LBA aborts: 0
---------------------------

Map complexity
KFs in map: 125
MPs in map: 9437
---------------------------

Place Recognition (mean$\pm$std)
Database Query: 1.4288$\pm$0.72702
SE3 estimation: 9.8881$\pm$14.483
Total Place Recognition: 10.001$\pm$14.383


Loop Closing (mean$\pm$std)
Loop Fusion: nan$\pm$nan
Essential Graph: nan$\pm$nan
Total Loop Closing: nan$\pm$nan

Num exec: 0
Number of KFs: nan$\pm$nan

Map Merging (mean$\pm$std)
Merge Maps: nan$\pm$nan
Welding BA: nan$\pm$nan
Optimization Ess.: nan$\pm$nan
Total Map Merging: nan$\pm$nan

Num exec: 0
Number of KFs: nan$\pm$nan
Number of MPs: nan$\pm$nan

Full GBA (mean$\pm$std)
GBA: nan$\pm$nan
Map Update: nan$\pm$nan
Total Full GBA: nan$\pm$nan

Num exec: 0
Num abort: 0
Number of KFs: nan$\pm$nan
Number of MPs: nan$\pm$nan

Saving trajectory to f_dataset-MH02_stereo_imu.txt ...
There are 1 maps in the atlas
  Map 0 has 125 KFs

End of saving trajectory to f_dataset-MH02_stereo_imu.txt ...

Saving keyframe trajectory to kf_dataset-MH02_stereo_imu.txt ...
