num_seq = 1
file name: dataset-MH01_stereo_imu
Loading images for sequence 0...LOADED!
Loading IMU for sequence 0...LOADED!

-------

ORB-SLAM3 Copyright (C) 2017-2020 Carlos Campos, Richard Elvira, Juan J. Gómez, José M.M. Montiel and Juan D. Tardós, University of Zaragoza.
ORB-SLAM2 Copyright (C) 2014-2016 Raúl Mur-Artal, José M.M. Montiel and Juan D. Tardós, University of Zaragoza.
This program comes with ABSOLUTELY NO WARRANTY;
This is free software, and you are welcome to redistribute it
under certain conditions. See LICENSE.txt.

Built with REGISTER_TIMES
Git Commit Hash: 90f15d8

Input sensor was set to: Stereo-Inertial
Loading settings from ./Examples/Stereo-Inertial/EuRoC_fov_deadlines_mask_8x8.yaml
	-Loaded camera 1
	-Loaded camera 2
	-Loaded image info
	-Loaded IMU calibration
	-Loaded ORB settings
	-Loaded viewer settings
	-Loaded Atlas settings
Deadlines enabled, will skip frames!
FOV enabled
Static mask size: 8x8
Dumping map points enabled
	-Loaded misc parameters
	-Computed rectification maps
----------------------------------
SLAM settings: 
	-Camera 1 parameters (Pinhole): [ 458.65399169921875 457.29598999023438 367.21499633789062 248.375 ]
	-Camera 1 distortion parameters: [  -0.28340810537338257 0.073959067463874817 0.00019359000725671649 1.7618711353861727e-05 ]
	-Camera 2 parameters (Pinhole: [ 457.58700561523438 456.13400268554688 379.99899291992188 255.23800659179688 ]
	-Camera 1 distortion parameters: [  -0.2836836576461792 0.074512839317321777 -0.00010473000293131918 -3.555907096597366e-05 ]
	-Original image size: [ 752 , 480 ]
	-Current image size: [ 752 , 480 ]
	-Camera 1 parameters after rectification: [  456.71499633789062 456.71499633789062 364.52615356445312 257.268798828125 ]
	-Sequence FPS: 20
	-Stereo baseline: 0.11007784307003021
	-Stereo depth threshold : 60
	-Gyro noise: 0.00016999999934341758
	-Accelerometer noise: 0.0020000000949949026
	-Gyro walk: 1.9392999092815444e-05
	-Accelerometer walk: 0.0030000000260770321
	-IMU frequency: 200
	-Features per image: 1200
	-ORB scale factor: 1.2000000476837158
	-ORB number of scales: 8
	-Initial FAST threshold: 20
	-Min FAST threshold: 7


Loading ORB Vocabulary. This could take a while...
Vocabulary loaded!

Initialization of Atlas from scratch 
Creation of new map with id: 0
Creation of new map with last KF id: 0
Seq. Name: 
There are 1 cameras in the atlas
Camera 0 is pinhole
SLAM Started at System Time: 1732010536.38245
not IMU meas
not IMU meas
not enough acceleration
not enough acceleration
First KF:0; Map init KF:0
New Map created with 553 points
Active map: 0
Dropping frame 1403636580.0135555
Dropping frame 1403636580.2135556
Dropping frame 1403636580.5135555
Dropping frame 1403636581.1635556
Dropping frame 1403636581.4635556
Dropping frame 1403636581.7135556
Dropping frame 1403636581.8635557
Dropping frame 1403636582.1635556
Dropping frame 1403636582.2635555
Dropping frame 1403636582.5635555
Dropping frame 1403636582.6635556
Dropping frame 1403636582.9135554
Dropping frame 1403636583.4135554
Dropping frame 1403636583.8135555
Dropping frame 1403636584.0135555
Dropping frame 1403636584.1135554
Dropping frame 1403636584.2135556
Dropping frame 1403636584.4635556
Dropping frame 1403636584.5635555
Dropping frame 1403636584.6635556
Dropping frame 1403636584.7635555
Dropping frame 1403636584.8635557
Dropping frame 1403636585.0635555
Dropping frame 1403636585.3135555
Dropping frame 1403636585.4135554
Dropping frame 1403636585.5635555
start VIBA 1
end VIBA 1
Dropping frame 1403636585.9135554
Dropping frame 1403636586.0135555
Dropping frame 1403636586.4135554
Dropping frame 1403636586.6135554
Dropping frame 1403636586.7135556
Dropping frame 1403636587.0135555
Dropping frame 1403636587.2135556
Dropping frame 1403636587.4135554
Dropping frame 1403636587.6135554
Dropping frame 1403636587.8135555
Dropping frame 1403636588.1135554
Dropping frame 1403636588.2135556
Dropping frame 1403636588.3135555
Dropping frame 1403636588.4135554
Dropping frame 1403636588.6135554
Dropping frame 1403636588.8135555
Dropping frame 1403636589.0635555
Dropping frame 1403636589.2135556
Dropping frame 1403636589.5635555
Dropping frame 1403636589.8635557
Dropping frame 1403636590.1135554
Dropping frame 1403636590.4135554
Dropping frame 1403636590.7635555
Dropping frame 1403636590.9135554
Dropping frame 1403636591.2135556
Dropping frame 1403636591.3135555
Dropping frame 1403636591.5635555
Dropping frame 1403636591.6635556
Dropping frame 1403636592.1635556
Dropping frame 1403636592.5135555
Dropping frame 1403636593.0135555
Dropping frame 1403636593.2135556
Dropping frame 1403636593.4135554
Dropping frame 1403636593.5135555
Dropping frame 1403636593.7635555
Dropping frame 1403636593.8635557
Dropping frame 1403636594.1135554
Dropping frame 1403636594.2135556
Dropping frame 1403636594.3135555
Dropping frame 1403636594.4135554
Dropping frame 1403636594.6635556
Dropping frame 1403636594.8635557
Dropping frame 1403636595.0135555
Dropping frame 1403636595.3635557
start VIBA 2
Dropping frame 1403636595.6135554
end VIBA 2
Dropping frame 1403636596.1135554
Dropping frame 1403636596.2135556
Dropping frame 1403636596.4135554
Dropping frame 1403636596.7135556
Dropping frame 1403636596.8635557
Dropping frame 1403636597.1135554
Dropping frame 1403636597.2135556
Dropping frame 1403636597.5135555
Dropping frame 1403636597.8135555
Dropping frame 1403636598.0135555
Dropping frame 1403636598.1135554
Dropping frame 1403636598.4135554
Dropping frame 1403636598.6135554
Dropping frame 1403636598.7135556
Dropping frame 1403636599.2635555
Dropping frame 1403636599.3635557
Dropping frame 1403636599.8135555
Dropping frame 1403636600.0135555
Dropping frame 1403636600.6635556
Dropping frame 1403636600.9635556
Dropping frame 1403636601.1635556
Dropping frame 1403636601.2635555
Dropping frame 1403636601.5635555
Dropping frame 1403636601.8135555
Dropping frame 1403636602.1135554
Dropping frame 1403636602.3135555
Dropping frame 1403636602.5135555
Dropping frame 1403636602.7135556
Dropping frame 1403636602.8635557
Dropping frame 1403636603.1135554
Dropping frame 1403636603.4135554
Dropping frame 1403636603.6635556
Dropping frame 1403636604.9635556
Dropping frame 1403636605.2635555
Dropping frame 1403636605.5635555
Dropping frame 1403636606.0635555
Dropping frame 1403636606.2635555
Dropping frame 1403636606.6135554
Dropping frame 1403636606.7135556
Dropping frame 1403636607.0635555
Dropping frame 1403636607.5135555
Dropping frame 1403636607.9135554
Dropping frame 1403636608.1635556
Dropping frame 1403636608.6135554
Dropping frame 1403636609.4135554
Dropping frame 1403636610.4135554
Dropping frame 1403636611.5135555
Dropping frame 1403636611.6135554
Dropping frame 1403636612.0135555
Dropping frame 1403636612.3635557
Dropping frame 1403636613.0635555
Dropping frame 1403636613.6135554
Dropping frame 1403636614.4135554
Dropping frame 1403636614.8135555
Dropping frame 1403636615.1635556
Dropping frame 1403636616.5635555
Dropping frame 1403636617.0135555
Dropping frame 1403636618.0135555
Dropping frame 1403636618.3135555
Dropping frame 1403636618.6635556
Dropping frame 1403636618.8635557
Dropping frame 1403636619.3135555
Dropping frame 1403636619.5135555
Dropping frame 1403636619.9135554
Dropping frame 1403636620.0135555
Dropping frame 1403636620.5135555
Dropping frame 1403636620.8635557
Dropping frame 1403636621.3635557
Dropping frame 1403636623.3635557
Dropping frame 1403636624.1635556
Dropping frame 1403636624.5635555
Dropping frame 1403636625.6635556
Dropping frame 1403636626.0135555
Dropping frame 1403636627.9135554
Dropping frame 1403636628.4135554
Dropping frame 1403636628.8635557
Dropping frame 1403636629.3635557
Dropping frame 1403636630.4635556
Dropping frame 1403636631.0135555
Dropping frame 1403636631.2635555
Dropping frame 1403636632.2135556
Dropping frame 1403636632.5135555
Dropping frame 1403636632.9635556
Dropping frame 1403636633.2635555
Dropping frame 1403636633.8135555
Dropping frame 1403636634.5635555
Dropping frame 1403636635.1635556
Dropping frame 1403636635.8135555
Dropping frame 1403636636.4135554
Dropping frame 1403636636.7135556
Dropping frame 1403636637.5135555
Dropping frame 1403636638.5635555
Dropping frame 1403636638.6635556
Dropping frame 1403636639.5135555
Dropping frame 1403636639.6135554
Dropping frame 1403636640.8135555
Dropping frame 1403636641.3135555
Dropping frame 1403636641.5635555
Dropping frame 1403636641.7635555
Dropping frame 1403636642.0635555
Dropping frame 1403636642.2135556
Dropping frame 1403636642.5135555
Dropping frame 1403636642.8135555
Dropping frame 1403636643.0635555
Dropping frame 1403636643.4135554
Dropping frame 1403636643.6635556
Dropping frame 1403636643.7635555
Dropping frame 1403636644.1635556
Dropping frame 1403636644.2635555
Dropping frame 1403636644.6635556
Dropping frame 1403636644.8635557
Dropping frame 1403636644.9635556
Dropping frame 1403636645.1135554
Dropping frame 1403636645.2135556
Dropping frame 1403636645.3135555
Dropping frame 1403636645.4135554
Dropping frame 1403636645.5135555
Dropping frame 1403636645.7135556
Dropping frame 1403636645.8135555
Dropping frame 1403636646.0635555
Dropping frame 1403636646.4135554
Dropping frame 1403636647.6635556
Dropping frame 1403636647.8135555
Dropping frame 1403636648.3135555
Dropping frame 1403636648.4135554
Dropping frame 1403636648.5135555
Dropping frame 1403636648.6135554
Dropping frame 1403636648.8135555
Dropping frame 1403636648.9135554
Dropping frame 1403636649.0635555
Dropping frame 1403636649.2135556
Dropping frame 1403636649.3135555
Dropping frame 1403636649.4635556
Dropping frame 1403636649.5635555
Dropping frame 1403636649.7135556
Dropping frame 1403636649.8635557
Dropping frame 1403636649.9635556
Dropping frame 1403636650.0635555
Dropping frame 1403636650.1635556
Dropping frame 1403636650.2635555
Dropping frame 1403636650.4635556
Dropping frame 1403636650.6635556
Dropping frame 1403636650.7635555
Dropping frame 1403636650.9635556
Dropping frame 1403636651.0635555
Dropping frame 1403636651.1635556
Dropping frame 1403636651.2635555
Dropping frame 1403636651.3635557
Dropping frame 1403636651.4635556
Dropping frame 1403636651.6135554
Dropping frame 1403636651.8135555
Dropping frame 1403636651.9635556
Dropping frame 1403636652.1135554
Dropping frame 1403636652.3135555
Dropping frame 1403636652.4135554
Dropping frame 1403636652.6135554
Dropping frame 1403636652.7635555
Dropping frame 1403636652.9135554
Dropping frame 1403636653.0135555
Dropping frame 1403636653.2135556
Dropping frame 1403636653.3135555
Dropping frame 1403636653.4135554
Dropping frame 1403636653.5135555
Dropping frame 1403636653.6635556
Dropping frame 1403636653.7635555
Dropping frame 1403636653.8635557
Dropping frame 1403636654.0635555
Dropping frame 1403636654.1635556
Dropping frame 1403636654.4635556
Dropping frame 1403636654.5635555
Dropping frame 1403636654.8635557
Dropping frame 1403636654.9635556
Dropping frame 1403636655.3135555
Dropping frame 1403636655.5135555
Dropping frame 1403636655.7135556
Dropping frame 1403636656.0135555
Dropping frame 1403636656.3635557
Dropping frame 1403636656.9135554
Dropping frame 1403636657.0135555
Dropping frame 1403636657.1135554
Dropping frame 1403636657.4635556
Dropping frame 1403636657.8635557
Dropping frame 1403636658.2135556
Dropping frame 1403636659.5135555
Dropping frame 1403636659.7135556
Dropping frame 1403636659.8135555
Dropping frame 1403636659.9135554
Dropping frame 1403636660.0635555
Dropping frame 1403636660.1635556
Dropping frame 1403636660.4635556
Dropping frame 1403636660.9135554
Dropping frame 1403636661.1135554
Dropping frame 1403636661.2135556
Dropping frame 1403636661.3635557
Dropping frame 1403636661.6135554
Dropping frame 1403636661.7635555
Dropping frame 1403636661.9135554
Dropping frame 1403636662.2135556
Dropping frame 1403636662.3635557
Dropping frame 1403636662.4635556
Dropping frame 1403636662.8135555
Dropping frame 1403636662.9135554
Dropping frame 1403636663.0135555
Dropping frame 1403636663.1635556
Dropping frame 1403636663.2635555
Dropping frame 1403636663.6135554
Dropping frame 1403636663.7135556
Dropping frame 1403636664.0135555
Dropping frame 1403636664.1135554
Dropping frame 1403636664.2135556
Dropping frame 1403636664.4135554
Dropping frame 1403636664.5135555
Dropping frame 1403636664.6135554
Dropping frame 1403636664.7135556
Dropping frame 1403636664.9635556
Dropping frame 1403636665.0635555
Dropping frame 1403636665.6135554
Dropping frame 1403636665.7135556
Dropping frame 1403636666.0635555
Dropping frame 1403636666.1635556
Dropping frame 1403636666.2635555
Dropping frame 1403636666.3635557
Dropping frame 1403636666.5635555
Dropping frame 1403636666.6635556
Dropping frame 1403636667.0635555
Dropping frame 1403636667.1635556
Dropping frame 1403636667.2635555
Dropping frame 1403636667.3635557
Dropping frame 1403636667.5635555
Dropping frame 1403636667.7635555
Dropping frame 1403636667.8635557
Dropping frame 1403636667.9635556
Dropping frame 1403636668.3635557
Dropping frame 1403636668.5635555
Dropping frame 1403636668.6635556
Dropping frame 1403636668.8135555
Dropping frame 1403636668.9135554
Dropping frame 1403636669.2135556
Dropping frame 1403636669.3135555
Dropping frame 1403636669.4135554
Dropping frame 1403636669.7635555
Dropping frame 1403636670.0135555
Dropping frame 1403636670.2135556
Dropping frame 1403636670.4135554
Dropping frame 1403636670.6135554
Dropping frame 1403636670.8135555
Dropping frame 1403636670.9135554
Dropping frame 1403636671.1635556
Dropping frame 1403636671.3635557
Dropping frame 1403636671.5135555
Dropping frame 1403636671.6135554
Dropping frame 1403636671.8135555
Dropping frame 1403636672.0135555
Dropping frame 1403636672.3135555
Dropping frame 1403636672.4135554
Dropping frame 1403636672.5635555
Dropping frame 1403636673.1635556
Dropping frame 1403636673.4635556
Dropping frame 1403636673.5635555
Dropping frame 1403636673.9135554
Dropping frame 1403636674.0135555
Dropping frame 1403636674.2135556
Dropping frame 1403636674.4135554
Dropping frame 1403636674.7135556
Dropping frame 1403636674.9135554
Dropping frame 1403636675.1135554
Dropping frame 1403636675.3135555
Dropping frame 1403636675.5135555
Dropping frame 1403636675.8135555
Dropping frame 1403636676.0135555
Dropping frame 1403636676.1135554
Dropping frame 1403636676.3135555
Dropping frame 1403636676.5635555
Dropping frame 1403636676.7635555
Dropping frame 1403636676.8635557
Dropping frame 1403636677.0635555
Dropping frame 1403636677.5135555
Dropping frame 1403636678.0135555
Dropping frame 1403636678.2135556
Dropping frame 1403636678.4135554
Dropping frame 1403636678.5135555
Dropping frame 1403636678.7635555
Dropping frame 1403636678.8635557
Dropping frame 1403636679.1135554
Dropping frame 1403636679.3135555
Dropping frame 1403636679.4135554
Dropping frame 1403636679.5135555
Dropping frame 1403636679.7135556
Dropping frame 1403636679.9135554
Dropping frame 1403636680.1135554
Dropping frame 1403636680.3135555
Dropping frame 1403636680.5135555
Dropping frame 1403636680.7135556
Dropping frame 1403636680.8135555
Dropping frame 1403636681.0135555
Dropping frame 1403636681.1135554
Dropping frame 1403636681.2135556
Dropping frame 1403636681.4135554
Dropping frame 1403636681.5135555
Dropping frame 1403636681.7135556
Dropping frame 1403636681.8135555
Dropping frame 1403636682.0135555
Dropping frame 1403636682.1135554
Dropping frame 1403636682.2135556
Dropping frame 1403636682.5635555
Dropping frame 1403636682.6635556
Dropping frame 1403636682.9635556
Dropping frame 1403636683.1635556
Dropping frame 1403636683.5635555
Dropping frame 1403636683.7135556
Dropping frame 1403636684.0635555
Dropping frame 1403636684.2635555
Dropping frame 1403636684.4635556
Dropping frame 1403636684.7135556
Dropping frame 1403636684.9135554
Dropping frame 1403636685.3635557
Dropping frame 1403636685.5635555
Dropping frame 1403636685.7635555
Dropping frame 1403636685.8635557
Dropping frame 1403636686.0635555
Dropping frame 1403636686.2635555
Dropping frame 1403636686.6635556
Dropping frame 1403636686.8635557
Dropping frame 1403636687.1135554
Dropping frame 1403636687.3635557
Dropping frame 1403636687.5135555
Dropping frame 1403636687.9635556
Dropping frame 1403636688.3635557
Dropping frame 1403636688.8135555
Dropping frame 1403636689.1635556
Dropping frame 1403636689.6635556
Dropping frame 1403636690.2635555
Dropping frame 1403636690.5635555
Dropping frame 1403636690.8135555
Dropping frame 1403636690.9635556
Dropping frame 1403636691.3135555
Dropping frame 1403636692.1635556
Dropping frame 1403636692.7635555
Dropping frame 1403636693.2135556
Dropping frame 1403636693.6135554
Dropping frame 1403636694.0135555
Dropping frame 1403636694.7135556
Dropping frame 1403636695.1635556
Dropping frame 1403636695.2635555
Dropping frame 1403636695.5135555
Dropping frame 1403636695.6135554
Dropping frame 1403636695.8635557
Dropping frame 1403636695.9635556
Dropping frame 1403636696.1635556
Dropping frame 1403636696.4135554
Dropping frame 1403636696.5135555
Dropping frame 1403636696.6135554
Dropping frame 1403636696.9135554
Dropping frame 1403636697.0135555
Dropping frame 1403636697.2135556
Dropping frame 1403636697.4135554
Dropping frame 1403636698.0135555
Dropping frame 1403636698.2135556
Dropping frame 1403636698.4635556
Dropping frame 1403636698.6635556
Dropping frame 1403636698.7635555
Dropping frame 1403636698.9135554
Dropping frame 1403636699.2135556
Dropping frame 1403636699.4135554
Dropping frame 1403636699.5135555
Dropping frame 1403636699.6635556
Dropping frame 1403636699.7635555
Dropping frame 1403636699.9635556
Dropping frame 1403636700.1635556
Dropping frame 1403636700.3635557
Dropping frame 1403636700.8135555
Dropping frame 1403636701.1635556
Dropping frame 1403636701.5135555
Dropping frame 1403636702.3135555
Dropping frame 1403636702.9135554
Dropping frame 1403636703.2635555
Dropping frame 1403636703.4635556
Dropping frame 1403636703.5635555
Dropping frame 1403636703.6635556
Dropping frame 1403636703.8635557
Dropping frame 1403636704.1135554
Dropping frame 1403636704.2635555
Dropping frame 1403636704.6135554
Dropping frame 1403636704.8135555
Dropping frame 1403636705.2135556
Dropping frame 1403636705.4635556
Dropping frame 1403636705.9135554
Dropping frame 1403636706.1135554
Dropping frame 1403636706.2135556
Dropping frame 1403636706.3635557
Dropping frame 1403636706.7135556
Dropping frame 1403636706.8135555
Dropping frame 1403636707.0635555
Dropping frame 1403636707.2635555
Dropping frame 1403636707.3635557
Dropping frame 1403636707.5635555
Dropping frame 1403636707.7635555
Dropping frame 1403636707.8635557
Dropping frame 1403636708.0135555
Dropping frame 1403636708.2635555
Dropping frame 1403636708.4635556
Dropping frame 1403636708.6635556
Dropping frame 1403636708.8635557
Dropping frame 1403636708.9635556
Dropping frame 1403636709.2135556
Dropping frame 1403636709.3135555
Dropping frame 1403636709.4635556
Dropping frame 1403636709.6635556
Dropping frame 1403636709.7635555
Dropping frame 1403636710.0135555
Dropping frame 1403636710.1135554
Dropping frame 1403636710.2135556
Dropping frame 1403636710.4135554
Dropping frame 1403636710.5135555
Dropping frame 1403636710.6135554
Dropping frame 1403636710.8135555
Dropping frame 1403636710.9135554
Dropping frame 1403636711.0135555
Dropping frame 1403636711.2135556
Dropping frame 1403636711.4135554
Dropping frame 1403636711.5135555
Dropping frame 1403636711.8135555
Dropping frame 1403636712.1135554
Dropping frame 1403636712.2135556
Dropping frame 1403636712.4135554
Dropping frame 1403636712.6135554
Dropping frame 1403636712.7135556
Dropping frame 1403636712.8135555
Dropping frame 1403636713.0135555
Dropping frame 1403636713.1135554
Dropping frame 1403636713.2135556
Dropping frame 1403636713.4135554
Dropping frame 1403636713.5135555
Dropping frame 1403636713.6135554
Dropping frame 1403636713.7135556
Dropping frame 1403636713.8135555
Dropping frame 1403636714.0135555
Dropping frame 1403636714.2135556
Dropping frame 1403636714.3135555
Dropping frame 1403636714.5135555
Dropping frame 1403636714.6135554
Dropping frame 1403636714.7135556
Dropping frame 1403636714.8135555
Dropping frame 1403636714.9135554
Dropping frame 1403636715.0135555
Dropping frame 1403636715.1135554
Dropping frame 1403636715.2135556
Dropping frame 1403636715.3635557
Dropping frame 1403636715.6135554
Dropping frame 1403636715.7135556
Dropping frame 1403636715.8135555
Dropping frame 1403636715.9135554
Dropping frame 1403636716.1635556
Dropping frame 1403636716.3635557
Dropping frame 1403636716.4635556
Dropping frame 1403636716.5635555
Dropping frame 1403636716.6635556
Dropping frame 1403636716.7635555
Dropping frame 1403636716.8635557
Dropping frame 1403636717.0635555
Dropping frame 1403636717.2635555
Dropping frame 1403636717.3635557
Dropping frame 1403636717.4635556
Dropping frame 1403636717.6635556
Dropping frame 1403636717.7635555
Dropping frame 1403636717.8635557
Dropping frame 1403636718.0635555
Dropping frame 1403636718.1635556
Dropping frame 1403636718.2635555
Dropping frame 1403636718.3635557
Dropping frame 1403636718.4635556
Dropping frame 1403636718.6635556
Dropping frame 1403636718.7635555
Dropping frame 1403636718.8635557
Dropping frame 1403636719.0635555
Dropping frame 1403636719.1635556
Dropping frame 1403636719.2635555
Dropping frame 1403636719.4635556
Dropping frame 1403636719.5635555
Dropping frame 1403636719.6635556
Dropping frame 1403636719.8635557
Dropping frame 1403636719.9635556
Dropping frame 1403636720.0635555
Dropping frame 1403636720.2635555
Dropping frame 1403636720.3635557
Dropping frame 1403636720.5135555
Dropping frame 1403636720.7635555
Dropping frame 1403636720.8635557
Dropping frame 1403636721.1135554
Dropping frame 1403636721.3135555
Dropping frame 1403636721.4135554
Dropping frame 1403636721.8135555
Dropping frame 1403636722.2635555
Dropping frame 1403636722.7135556
Dropping frame 1403636722.8135555
Dropping frame 1403636722.9135554
Dropping frame 1403636723.0135555
Dropping frame 1403636723.1135554
Dropping frame 1403636723.2135556
Dropping frame 1403636723.3135555
Dropping frame 1403636723.5635555
Dropping frame 1403636723.6635556
Dropping frame 1403636723.7635555
Dropping frame 1403636723.8635557
Dropping frame 1403636723.9635556
Dropping frame 1403636724.0635555
Dropping frame 1403636724.1635556
Dropping frame 1403636724.2635555
Dropping frame 1403636724.5135555
Dropping frame 1403636724.6135554
Dropping frame 1403636724.7135556
Dropping frame 1403636724.9135554
Dropping frame 1403636725.0135555
Dropping frame 1403636725.1135554
Dropping frame 1403636725.3135555
Dropping frame 1403636725.5135555
Dropping frame 1403636725.6135554
Dropping frame 1403636725.7135556
Dropping frame 1403636725.9635556
Dropping frame 1403636726.1635556
Dropping frame 1403636726.2635555
Dropping frame 1403636726.3635557
Dropping frame 1403636726.6135554
Dropping frame 1403636726.7135556
Dropping frame 1403636726.8135555
Dropping frame 1403636727.0135555
Dropping frame 1403636727.2135556
Dropping frame 1403636727.4135554
Dropping frame 1403636727.5135555
Dropping frame 1403636727.7635555
Dropping frame 1403636727.8635557
Dropping frame 1403636728.1135554
Dropping frame 1403636728.2635555
Dropping frame 1403636728.4635556
Dropping frame 1403636728.5635555
Dropping frame 1403636728.6635556
Dropping frame 1403636728.8635557
Dropping frame 1403636728.9635556
Dropping frame 1403636729.0635555
Dropping frame 1403636729.2635555
Dropping frame 1403636729.3635557
Dropping frame 1403636729.4635556
Dropping frame 1403636729.6635556
Dropping frame 1403636729.8635557
Dropping frame 1403636729.9635556
Dropping frame 1403636730.2135556
Dropping frame 1403636730.4135554
Dropping frame 1403636730.6135554
Dropping frame 1403636730.9135554
Dropping frame 1403636731.1135554
Dropping frame 1403636731.4135554
Dropping frame 1403636731.6135554
Dropping frame 1403636731.7135556
Dropping frame 1403636731.9635556
Dropping frame 1403636732.1635556
Dropping frame 1403636732.3635557
Dropping frame 1403636732.4635556
Dropping frame 1403636732.5635555
Dropping frame 1403636732.7135556
Dropping frame 1403636732.9635556
Dropping frame 1403636733.1635556
Dropping frame 1403636733.2635555
Dropping frame 1403636733.3635557
Dropping frame 1403636733.4635556
Dropping frame 1403636733.5635555
Dropping frame 1403636733.7635555
Dropping frame 1403636733.8635557
Dropping frame 1403636733.9635556
Dropping frame 1403636734.1635556
Dropping frame 1403636734.2635555
Dropping frame 1403636734.3635557
Dropping frame 1403636734.4635556
Dropping frame 1403636734.6135554
Dropping frame 1403636734.8635557
Dropping frame 1403636734.9635556
Dropping frame 1403636735.1635556
Dropping frame 1403636735.2635555
Dropping frame 1403636735.3635557
Dropping frame 1403636735.7135556
Dropping frame 1403636735.8135555
Dropping frame 1403636735.9135554
Dropping frame 1403636736.1135554
Dropping frame 1403636736.2135556
Dropping frame 1403636736.3135555
Dropping frame 1403636736.5135555
Dropping frame 1403636736.6135554
Dropping frame 1403636736.9135554
Dropping frame 1403636737.0135555
Dropping frame 1403636737.1135554
Dropping frame 1403636737.3135555
Dropping frame 1403636737.4135554
Dropping frame 1403636737.5135555
Dropping frame 1403636737.6135554
Dropping frame 1403636737.7635555
Dropping frame 1403636737.9135554
Dropping frame 1403636738.1135554
Dropping frame 1403636738.2135556
Dropping frame 1403636738.3135555
Dropping frame 1403636738.5135555
Dropping frame 1403636738.6135554
Dropping frame 1403636738.8635557
Dropping frame 1403636739.0635555
Dropping frame 1403636739.1635556
Dropping frame 1403636739.2635555
Dropping frame 1403636739.4635556
Dropping frame 1403636739.5635555
Dropping frame 1403636739.6635556
Dropping frame 1403636739.8635557
Dropping frame 1403636739.9635556
Dropping frame 1403636740.0635555
Dropping frame 1403636740.1635556
Dropping frame 1403636740.2635555
Dropping frame 1403636740.4135554
Dropping frame 1403636740.6135554
Dropping frame 1403636740.7135556
Dropping frame 1403636740.9635556
Dropping frame 1403636741.0635555
Dropping frame 1403636741.3635557
Dropping frame 1403636741.4635556
Dropping frame 1403636741.7635555
Dropping frame 1403636741.8635557
Dropping frame 1403636742.5635555
Dropping frame 1403636742.6635556
Dropping frame 1403636742.9135554
Dropping frame 1403636743.0135555
Dropping frame 1403636743.2135556
Dropping frame 1403636743.3635557
Dropping frame 1403636743.8135555
Dropping frame 1403636744.0135555
Dropping frame 1403636744.3135555
Dropping frame 1403636744.4135554
Dropping frame 1403636744.5135555
Dropping frame 1403636744.6635556
Dropping frame 1403636744.7635555
Dropping frame 1403636744.8635557
Dropping frame 1403636745.1635556
Dropping frame 1403636745.2635555
Dropping frame 1403636745.3635557
Dropping frame 1403636745.5135555
Dropping frame 1403636745.6135554
Dropping frame 1403636746.0635555
Dropping frame 1403636746.1635556
Dropping frame 1403636746.2635555
Dropping frame 1403636746.5635555
Dropping frame 1403636746.6635556
Dropping frame 1403636746.9635556
Dropping frame 1403636747.3135555
Dropping frame 1403636747.4135554
Dropping frame 1403636747.7135556
Dropping frame 1403636748.0135555
Dropping frame 1403636748.3135555
Dropping frame 1403636748.4135554
Dropping frame 1403636748.5635555
Dropping frame 1403636748.8635557
Dropping frame 1403636748.9635556
Dropping frame 1403636749.0635555
Dropping frame 1403636749.1635556
Dropping frame 1403636749.2635555
Dropping frame 1403636749.5635555
Dropping frame 1403636749.8135555
Dropping frame 1403636749.9135554
Dropping frame 1403636750.0135555
Dropping frame 1403636750.1135554
Dropping frame 1403636750.2135556
Dropping frame 1403636750.3135555
Dropping frame 1403636750.4635556
Dropping frame 1403636750.6635556
Dropping frame 1403636750.7635555
Dropping frame 1403636750.8635557
Dropping frame 1403636750.9635556
Dropping frame 1403636751.0635555
Dropping frame 1403636751.1635556
Dropping frame 1403636751.4135554
Dropping frame 1403636751.5135555
Dropping frame 1403636751.6135554
Dropping frame 1403636751.7135556
Dropping frame 1403636751.8135555
Dropping frame 1403636751.9135554
Dropping frame 1403636752.1635556
Dropping frame 1403636752.2635555
Dropping frame 1403636752.3635557
Dropping frame 1403636752.4635556
Dropping frame 1403636752.6635556
Dropping frame 1403636752.8135555
Dropping frame 1403636752.9635556
Dropping frame 1403636753.0635555
Dropping frame 1403636753.1635556
Dropping frame 1403636753.3635557
Dropping frame 1403636753.4635556
Dropping frame 1403636753.6135554
Dropping frame 1403636753.7135556
Dropping frame 1403636753.8635557
Dropping frame 1403636753.9635556
Dropping frame 1403636754.1635556
Dropping frame 1403636754.3635557
Dropping frame 1403636754.4635556
Dropping frame 1403636754.5635555
Dropping frame 1403636754.6635556
Dropping frame 1403636754.8635557
Dropping frame 1403636755.0635555
Dropping frame 1403636755.1635556
Dropping frame 1403636755.2635555
Dropping frame 1403636755.3635557
Dropping frame 1403636755.5635555
Dropping frame 1403636755.7635555
Dropping frame 1403636755.8635557
Dropping frame 1403636755.9635556
Dropping frame 1403636756.1635556
Dropping frame 1403636756.2635555
Dropping frame 1403636756.3635557
Dropping frame 1403636756.4635556
Dropping frame 1403636756.6635556
Dropping frame 1403636756.8635557
Dropping frame 1403636757.0635555
Dropping frame 1403636757.1635556
Dropping frame 1403636757.2635555
Dropping frame 1403636757.3635557
Dropping frame 1403636757.4635556
Dropping frame 1403636757.6635556
Dropping frame 1403636757.8635557
Dropping frame 1403636757.9635556
Dropping frame 1403636758.0635555
Dropping frame 1403636758.2635555
Dropping frame 1403636758.3635557
Dropping frame 1403636758.4635556
Dropping frame 1403636758.6635556
Dropping frame 1403636758.8135555
Dropping frame 1403636758.9135554
Dropping frame 1403636759.0135555
Dropping frame 1403636759.1135554
Dropping frame 1403636759.2135556
Dropping frame 1403636759.3135555
Dropping frame 1403636759.4135554
Dropping frame 1403636759.7135556
Dropping frame 1403636759.8135555
Dropping frame 1403636759.9135554
Dropping frame 1403636760.1135554
Dropping frame 1403636760.2135556
Dropping frame 1403636760.3135555
Dropping frame 1403636760.4135554
Dropping frame 1403636760.6135554
Dropping frame 1403636760.7135556
Dropping frame 1403636760.8135555
Dropping frame 1403636761.0135555
Dropping frame 1403636761.2135556
Dropping frame 1403636761.3135555
Dropping frame 1403636761.5135555
Dropping frame 1403636761.6135554
Dropping frame 1403636761.7135556
Dropping frame 1403636761.8135555
Dropping frame 1403636761.9135554
Dropping frame 1403636762.1135554
Dropping frame 1403636762.2135556
Dropping frame 1403636762.3135555
Dropping frame 1403636762.5135555
Dropping frame 1403636762.7135556
Dropping frame 1403636762.8135555
Dropping frame 1403636763.0135555
Dropping frame 1403636763.2135556
Dropping frame 1403636763.3135555
Dropping frame 1403636763.4135554
Dropping frame 1403636763.6135554
Dropping frame 1403636763.7135556
Dropping frame 1403636763.8135555
Shutdown
SLAM Finished at System Time: 1732010761.18412

 TIME STATS in ms (mean$\pm$std)
OpenCV version: 4.8.1
---------------------------
Tracking

ORB Extraction: 18.705$\pm$1.8804
Stereo Matching: 7.0976$\pm$1.9148
IMU Preintegration: 0.26637$\pm$0.10544
Pose Prediction: 0.20792$\pm$0.58672
LM Track: 20.584$\pm$6.0798
New KF decision: 1.0926$\pm$2.0981
Total Tracking: 33.458$\pm$26.535



Local Mapping

KF Insertion: 18.891$\pm$7.9161
MP Culling: 0.53001$\pm$0.2116
MP Creation: 53.053$\pm$16.585
LBA: 164.69$\pm$57.828
KF Culling: 18.456$\pm$11.89
Total Local Mapping: 255.46$\pm$82.965
---------------------------

LBA complexity (mean$\pm$std)
LBA Edges: 1980.5$\pm$805.37
LBA KF optimized: 6.5$\pm$2.2913
LBA KF fixed: 1$\pm$0
LBA MP: nan$\pm$nan

LBA executions: 529
LBA aborts: 0
---------------------------

Map complexity
KFs in map: 141
MPs in map: 10919
---------------------------

Place Recognition (mean$\pm$std)
Database Query: 1.599$\pm$0.96654
SE3 estimation: 13.754$\pm$17.792
Total Place Recognition: 13.983$\pm$18.132


Loop Closing (mean$\pm$std)
Loop Fusion: nan$\pm$nan
Essential Graph: nan$\pm$nan
Total Loop Closing: nan$\pm$nan

Num exec: 0
Number of KFs: nan$\pm$nan

Map Merging (mean$\pm$std)
Merge Maps: nan$\pm$nan
Welding BA: nan$\pm$nan
Optimization Ess.: nan$\pm$nan
Total Map Merging: nan$\pm$nan

Num exec: 0
Number of KFs: nan$\pm$nan
Number of MPs: nan$\pm$nan

Full GBA (mean$\pm$std)
GBA: nan$\pm$nan
Map Update: nan$\pm$nan
Total Full GBA: nan$\pm$nan

Num exec: 0
Num abort: 0
Number of KFs: nan$\pm$nan
Number of MPs: nan$\pm$nan

Saving trajectory to f_dataset-MH01_stereo_imu.txt ...
There are 1 maps in the atlas
  Map 0 has 141 KFs

End of saving trajectory to f_dataset-MH01_stereo_imu.txt ...

Saving keyframe trajectory to kf_dataset-MH01_stereo_imu.txt ...
