num_seq = 1
file name: dataset-MH04_stereo_imu
Loading images for sequence 0...LOADED!
Loading IMU for sequence 0...LOADED!

-------

ORB-SLAM3 Copyright (C) 2017-2020 Carlos Campos, Richard Elvira, Juan J. Gómez, José M.M. Montiel and Juan D. Tardós, University of Zaragoza.
ORB-SLAM2 Copyright (C) 2014-2016 Raúl Mur-Artal, José M.M. Montiel and Juan D. Tardós, University of Zaragoza.
This program comes with ABSOLUTELY NO WARRANTY;
This is free software, and you are welcome to redistribute it
under certain conditions. See LICENSE.txt.

Built with REGISTER_TIMES
Git Commit Hash: 5ee9387

Compiled with C++ version: 201703

Input sensor was set to: Stereo-Inertial
Loading settings from ./Examples/Stereo-Inertial/EuRoC_fov_deadlines_mask_5x5.yaml
	-Loaded camera 1
	-Loaded camera 2
	-Loaded image info
	-Loaded IMU calibration
	-Loaded ORB settings
	-Loaded viewer settings
	-Loaded Atlas settings
Deadlines enabled, will skip frames!
FOV enabled
Static mask size: 5x5
Dumping map points enabled
	-Loaded misc parameters
	-Computed rectification maps
----------------------------------
SLAM settings: 
	-Camera 1 parameters (Pinhole): [ 458.65399169921875 457.29598999023438 367.21499633789062 248.375 ]
	-Camera 1 distortion parameters: [  -0.28340810537338257 0.073959067463874817 0.00019359000725671649 1.7618711353861727e-05 ]
	-Camera 2 parameters (Pinhole: [ 457.58700561523438 456.13400268554688 379.99899291992188 255.23800659179688 ]
	-Camera 1 distortion parameters: [  -0.2836836576461792 0.074512839317321777 -0.00010473000293131918 -3.555907096597366e-05 ]
	-Original image size: [ 752 , 480 ]
	-Current image size: [ 752 , 480 ]
	-Camera 1 parameters after rectification: [  456.71499633789062 456.71499633789062 364.52615356445312 257.268798828125 ]
	-Sequence FPS: 20
	-Stereo baseline: 0.11007784307003021
	-Stereo depth threshold : 60
	-Gyro noise: 0.00016999999934341758
	-Accelerometer noise: 0.0020000000949949026
	-Gyro walk: 1.9392999092815444e-05
	-Accelerometer walk: 0.0030000000260770321
	-IMU frequency: 200
	-Features per image: 1200
	-ORB scale factor: 1.2000000476837158
	-ORB number of scales: 8
	-Initial FAST threshold: 20
	-Min FAST threshold: 7


Loading ORB Vocabulary. This could take a while...
Vocabulary loaded!

Initialization of Atlas from scratch 
Creation of new map with id: 0
Creation of new map with last KF id: 0
Seq. Name: 
There are 1 cameras in the atlas
Camera 0 is pinhole
SLAM Started at System Time: 1734431674.1788
not IMU meas
not IMU meas
not enough acceleration
not enough acceleration
not enough acceleration
not enough acceleration
not enough acceleration
not enough acceleration
not enough acceleration
not enough acceleration
not enough acceleration
not enough acceleration
not enough acceleration
not enough acceleration
not enough acceleration
not enough acceleration
not enough acceleration
not enough acceleration
not enough acceleration
not enough acceleration
not enough acceleration
not enough acceleration
not enough acceleration
not enough acceleration
not enough acceleration
not enough acceleration
not enough acceleration
not enough acceleration
not enough acceleration
not enough acceleration
not enough acceleration
not enough acceleration
First KF:0; Map init KF:0
New Map created with 79 points
Active map: 0
Dropping frame 1403638130.7450969
Dropping frame 1403638130.945097
Dropping frame 1403638131.0950971
Dropping frame 1403638131.2950971
Dropping frame 1403638131.5450969
Dropping frame 1403638131.895097
Dropping frame 1403638131.9950972
Dropping frame 1403638132.2450969
Dropping frame 1403638132.3450971
Dropping frame 1403638132.5450969
Dropping frame 1403638132.645097
Dropping frame 1403638132.8450971
Dropping frame 1403638133.3450971
Dropping frame 1403638133.5450969
Dropping frame 1403638133.645097
Dropping frame 1403638133.895097
Dropping frame 1403638134.0950971
Dropping frame 1403638134.2450969
Dropping frame 1403638134.445097
start VIBA 1
Dropping frame 1403638134.5450969
end VIBA 1
Dropping frame 1403638134.7450969
Dropping frame 1403638135.145097
Dropping frame 1403638135.5950971
Dropping frame 1403638135.695097
Dropping frame 1403638135.9950972
Dropping frame 1403638136.3450971
Dropping frame 1403638136.5450969
Dropping frame 1403638136.645097
Dropping frame 1403638137.0450969
Dropping frame 1403638137.3450971
Dropping frame 1403638137.4950972
Dropping frame 1403638137.5950971
Dropping frame 1403638137.945097
Dropping frame 1403638138.0450969
Dropping frame 1403638138.145097
Dropping frame 1403638138.2950971
Dropping frame 1403638138.395097
Not enough motion for initializing. Reseting...
Dropping frame 1403638138.695097
TRACK: Reset map because local mapper set the bad imu flag 
LM: Active map reset recieved
LM: Active map reset, waiting...
LM: Reseting current map in Local Mapping...
LM: End reseting Local Mapping...
LM: Reset free the mutex
LM: Active map reset, Done!!!
mnFirstFrameId = 32
mnInitialFrameId = 0
159 Frames set to lost
not IMU meas
not enough acceleration
Dropping frame 1403638138.895097
First KF:37; Map init KF:0
New Map created with 110 points
Active map: 0
Dropping frame 1403638138.9950972
Dropping frame 1403638139.0950971
Dropping frame 1403638139.195097
Dropping frame 1403638139.445097
Dropping frame 1403638139.895097
Dropping frame 1403638139.9950972
Dropping frame 1403638140.2450969
Dropping frame 1403638140.445097
Dropping frame 1403638140.5450969
Dropping frame 1403638140.7450969
Dropping frame 1403638140.8450971
Dropping frame 1403638141.0950971
Dropping frame 1403638141.2450969
Dropping frame 1403638141.3450971
Dropping frame 1403638141.5950971
Not enough motion for initializing. Reseting...
LM: Reseting current map in Local Mapping...
LM: End reseting Local Mapping...
LM: Reset free the mutex
Dropping frame 1403638141.9950972
Not enough motion for initializing. Reseting...
TRACK: Reset map because local mapper set the bad imu flag 
LM: Reseting current map in Local Mapping...
LM: End reseting Local Mapping...
LM: Reset free the mutex
LM: Active map reset recieved
LM: Active map reset, waiting...
LM: Reseting current map in Local Mapping...
LM: End reseting Local Mapping...
LM: Reset free the mutex
LM: Active map reset, Done!!!
mnFirstFrameId = 194
mnInitialFrameId = 191
213 Frames set to lost
not IMU meas
not enough acceleration
not enough acceleration
not enough acceleration
not enough acceleration
not enough acceleration
not enough acceleration
not enough acceleration
not enough acceleration
not enough acceleration
not enough acceleration
not enough acceleration
not enough acceleration
not enough acceleration
not enough acceleration
not enough acceleration
not enough acceleration
not enough acceleration
not enough acceleration
not enough acceleration
not enough acceleration
not enough acceleration
not enough acceleration
not enough acceleration
not enough acceleration
not enough acceleration
not enough acceleration
not enough acceleration
not enough acceleration
not enough acceleration
not enough acceleration
not enough acceleration
not enough acceleration
not enough acceleration
not enough acceleration
not enough acceleration
not enough acceleration
not enough acceleration
not enough acceleration
not enough acceleration
not enough acceleration
not enough acceleration
not enough acceleration
not enough acceleration
not enough acceleration
not enough acceleration
not enough acceleration
not enough acceleration
not enough acceleration
not enough acceleration
not enough acceleration
not enough acceleration
not enough acceleration
not enough acceleration
not enough acceleration
not enough acceleration
not enough acceleration
not enough acceleration
not enough acceleration
not enough acceleration
not enough acceleration
not enough acceleration
not enough acceleration
not enough acceleration
not enough acceleration
not enough acceleration
not enough acceleration
not enough acceleration
not enough acceleration
not enough acceleration
not enough acceleration
not enough acceleration
not enough acceleration
not enough acceleration
not enough acceleration
not enough acceleration
not enough acceleration
not enough acceleration
not enough acceleration
not enough acceleration
not enough acceleration
not enough acceleration
not enough acceleration
not enough acceleration
not enough acceleration
not enough acceleration
not enough acceleration
not enough acceleration
not enough acceleration
not enough acceleration
not enough acceleration
not enough acceleration
not enough acceleration
not enough acceleration
not enough acceleration
not enough acceleration
not enough acceleration
not enough acceleration
not enough acceleration
not enough acceleration
not enough acceleration
not enough acceleration
not enough acceleration
not enough acceleration
not enough acceleration
not enough acceleration
First KF:49; Map init KF:37
New Map created with 139 points
Active map: 0
start VIBA 1
end VIBA 1
Dropping frame 1403638156.145097
Dropping frame 1403638156.395097
Dropping frame 1403638156.9950972
Dropping frame 1403638157.0950971
Dropping frame 1403638157.2450969
Dropping frame 1403638157.395097
Dropping frame 1403638157.7950971
Dropping frame 1403638158.3450971
Dropping frame 1403638158.445097
Dropping frame 1403638160.2950971
Dropping frame 1403638160.5950971
Dropping frame 1403638162.3450971
start VIBA 2
Dropping frame 1403638163.3450971
end VIBA 2
Dropping frame 1403638163.5450969
Dropping frame 1403638163.645097
Dropping frame 1403638163.8450971
Dropping frame 1403638163.945097
Dropping frame 1403638164.145097
Dropping frame 1403638164.2450969
Dropping frame 1403638164.3450971
Dropping frame 1403638164.7450969
Dropping frame 1403638164.8450971
Dropping frame 1403638165.445097
Dropping frame 1403638165.645097
Dropping frame 1403638165.7450969
Dropping frame 1403638165.9950972
Dropping frame 1403638166.0950971
Dropping frame 1403638167.2950971
Dropping frame 1403638167.5950971
Dropping frame 1403638167.8450971
Dropping frame 1403638167.945097
Dropping frame 1403638168.0450969
Dropping frame 1403638168.3450971
Dropping frame 1403638168.445097
Dropping frame 1403638168.5450969
Dropping frame 1403638168.7450969
Dropping frame 1403638168.945097
Dropping frame 1403638169.7450969
Dropping frame 1403638170.0950971
Dropping frame 1403638170.4950972
Dropping frame 1403638170.645097
Dropping frame 1403638170.7950971
Dropping frame 1403638170.945097
Dropping frame 1403638171.3450971
Dropping frame 1403638171.7950971
Dropping frame 1403638171.945097
Dropping frame 1403638172.145097
Dropping frame 1403638172.3450971
Dropping frame 1403638172.445097
Dropping frame 1403638172.695097
Dropping frame 1403638172.895097
Dropping frame 1403638173.195097
Dropping frame 1403638173.395097
Dropping frame 1403638174.2950971
Dropping frame 1403638175.5950971
Dropping frame 1403638175.9950972
Dropping frame 1403638176.0950971
Dropping frame 1403638176.3450971
Dropping frame 1403638176.645097
Dropping frame 1403638176.895097
Dropping frame 1403638176.9950972
Dropping frame 1403638177.395097
Dropping frame 1403638177.4950972
Dropping frame 1403638177.7950971
Dropping frame 1403638177.895097
Dropping frame 1403638178.195097
Dropping frame 1403638178.5450969
Dropping frame 1403638178.645097
Dropping frame 1403638179.2950971
Dropping frame 1403638179.645097
Dropping frame 1403638179.895097
Dropping frame 1403638182.0450969
Dropping frame 1403638182.145097
Dropping frame 1403638183.2950971
Dropping frame 1403638183.8450971
Dropping frame 1403638184.0950971
Dropping frame 1403638184.2950971
Dropping frame 1403638184.445097
Dropping frame 1403638184.695097
Dropping frame 1403638185.0450969
Dropping frame 1403638185.395097
Dropping frame 1403638186.645097
Dropping frame 1403638186.9950972
Dropping frame 1403638187.195097
Dropping frame 1403638187.4950972
Dropping frame 1403638187.7450969
Dropping frame 1403638187.9950972
Dropping frame 1403638188.2950971
Dropping frame 1403638188.395097
Dropping frame 1403638188.8450971
Dropping frame 1403638189.0450969
Dropping frame 1403638189.195097
Dropping frame 1403638189.2950971
Dropping frame 1403638189.5450969
Dropping frame 1403638189.895097
Dropping frame 1403638190.2450969
Dropping frame 1403638190.445097
Dropping frame 1403638190.5950971
Dropping frame 1403638190.695097
Dropping frame 1403638190.895097
Dropping frame 1403638191.0950971
Dropping frame 1403638191.2950971
Dropping frame 1403638191.395097
Dropping frame 1403638191.5950971
Dropping frame 1403638191.7950971
Dropping frame 1403638191.9950972
Dropping frame 1403638192.0950971
Dropping frame 1403638192.195097
Dropping frame 1403638192.4950972
Dropping frame 1403638192.5950971
Dropping frame 1403638192.7950971
Dropping frame 1403638193.0450969
Dropping frame 1403638193.2450969
Dropping frame 1403638218.7450969
Dropping frame 1403638219.695097
Dropping frame 1403638221.195097
Dropping frame 1403638221.445097
Dropping frame 1403638221.7450969
Dropping frame 1403638222.695097
Dropping frame 1403638223.645097
Dropping frame 1403638224.0950971
Dropping frame 1403638225.145097
Dropping frame 1403638225.395097
Dropping frame 1403638225.695097
Dropping frame 1403638225.9950972
Dropping frame 1403638226.2950971
Dropping frame 1403638227.445097
Dropping frame 1403638227.5450969
Dropping frame 1403638228.145097
Dropping frame 1403638228.2450969
Dropping frame 1403638228.445097
Dropping frame 1403638228.5450969
Dropping frame 1403638228.8450971
Shutdown
SLAM Finished at System Time: 1734431793.16038

 TIME STATS in ms (mean$\pm$std)
OpenCV version: 4.8.1
---------------------------
Tracking

ORB Extraction: 14.239$\pm$2.1591
Stereo Matching: 7.4858$\pm$2.26
IMU Preintegration: 0.19087$\pm$0.076194
Pose Prediction: 0.46017$\pm$1.3449
LM Track: 15.06$\pm$4.414
New KF decision: 0.99506$\pm$1.8341
Total Tracking: 34.695$\pm$17.491



Local Mapping

KF Insertion: 10.359$\pm$4.5333
MP Culling: 0.4155$\pm$0.23061
MP Creation: 34.225$\pm$14.571
LBA: 121.82$\pm$48.245
KF Culling: 7.609$\pm$7.8067
Total Local Mapping: 174.64$\pm$68.619
---------------------------

LBA complexity (mean$\pm$std)
LBA Edges: 1571.1$\pm$1269
LBA KF optimized: 6.5$\pm$2.2913
LBA KF fixed: 1$\pm$0
LBA MP: nan$\pm$nan

LBA executions: 413
LBA aborts: 0
---------------------------

Map complexity
KFs in map: 202
MPs in map: 16774
---------------------------

Place Recognition (mean$\pm$std)
Database Query: 1.6371$\pm$1.0627
SE3 estimation: 24.809$\pm$15.552
Total Place Recognition: 19.437$\pm$18.254


Loop Closing (mean$\pm$std)
Loop Fusion: nan$\pm$nan
Essential Graph: nan$\pm$nan
Total Loop Closing: nan$\pm$nan

Num exec: 0
Number of KFs: nan$\pm$nan

Map Merging (mean$\pm$std)
Merge Maps: nan$\pm$nan
Welding BA: nan$\pm$nan
Optimization Ess.: nan$\pm$nan
Total Map Merging: nan$\pm$nan

Num exec: 0
Number of KFs: nan$\pm$nan
Number of MPs: nan$\pm$nan

Full GBA (mean$\pm$std)
GBA: nan$\pm$nan
Map Update: nan$\pm$nan
Total Full GBA: nan$\pm$nan

Num exec: 0
Num abort: 0
Number of KFs: nan$\pm$nan
Number of MPs: nan$\pm$nan

Saving trajectory to f_dataset-MH04_stereo_imu.txt ...
There are 1 maps in the atlas
  Map 0 has 202 KFs

End of saving trajectory to f_dataset-MH04_stereo_imu.txt ...

Saving keyframe trajectory to kf_dataset-MH04_stereo_imu.txt ...
