num_seq = 1
file name: dataset-MH03_stereo_imu
Loading images for sequence 0...LOADED!
Loading IMU for sequence 0...LOADED!

-------

ORB-SLAM3 Copyright (C) 2017-2020 Carlos Campos, Richard Elvira, Juan J. Gómez, José M.M. Montiel and Juan D. Tardós, University of Zaragoza.
ORB-SLAM2 Copyright (C) 2014-2016 Raúl Mur-Artal, José M.M. Montiel and Juan D. Tardós, University of Zaragoza.
This program comes with ABSOLUTELY NO WARRANTY;
This is free software, and you are welcome to redistribute it
under certain conditions. See LICENSE.txt.

Built with REGISTER_TIMES
Git Commit Hash: 90f15d8

Input sensor was set to: Stereo-Inertial
Loading settings from ./Examples/Stereo-Inertial/EuRoC_fov_deadlines_mask_7x7.yaml
	-Loaded camera 1
	-Loaded camera 2
	-Loaded image info
	-Loaded IMU calibration
	-Loaded ORB settings
	-Loaded viewer settings
	-Loaded Atlas settings
Deadlines enabled, will skip frames!
FOV enabled
Static mask size: 7x7
Dumping map points enabled
	-Loaded misc parameters
	-Computed rectification maps
----------------------------------
SLAM settings: 
	-Camera 1 parameters (Pinhole): [ 458.65399169921875 457.29598999023438 367.21499633789062 248.375 ]
	-Camera 1 distortion parameters: [  -0.28340810537338257 0.073959067463874817 0.00019359000725671649 1.7618711353861727e-05 ]
	-Camera 2 parameters (Pinhole: [ 457.58700561523438 456.13400268554688 379.99899291992188 255.23800659179688 ]
	-Camera 1 distortion parameters: [  -0.2836836576461792 0.074512839317321777 -0.00010473000293131918 -3.555907096597366e-05 ]
	-Original image size: [ 752 , 480 ]
	-Current image size: [ 752 , 480 ]
	-Camera 1 parameters after rectification: [  456.71499633789062 456.71499633789062 364.52615356445312 257.268798828125 ]
	-Sequence FPS: 20
	-Stereo baseline: 0.11007784307003021
	-Stereo depth threshold : 60
	-Gyro noise: 0.00016999999934341758
	-Accelerometer noise: 0.0020000000949949026
	-Gyro walk: 1.9392999092815444e-05
	-Accelerometer walk: 0.0030000000260770321
	-IMU frequency: 200
	-Features per image: 1200
	-ORB scale factor: 1.2000000476837158
	-ORB number of scales: 8
	-Initial FAST threshold: 20
	-Min FAST threshold: 7


Loading ORB Vocabulary. This could take a while...
Vocabulary loaded!

Initialization of Atlas from scratch 
Creation of new map with id: 0
Creation of new map with last KF id: 0
Seq. Name: 
There are 1 cameras in the atlas
Camera 0 is pinhole
SLAM Started at System Time: 1732010101.49874
not IMU meas
not IMU meas
not enough acceleration
not enough acceleration
First KF:0; Map init KF:0
New Map created with 206 points
Active map: 0
Dropping frame 1403637131.3383191
Not enough motion for initializing. Reseting...
TRACK: Reset map because local mapper set the bad imu flag 
LM: Reseting current map in Local Mapping...
LM: End reseting Local Mapping...
LM: Reset free the mutex
LM: Active map reset recieved
LM: Active map reset, waiting...
LM: Reseting current map in Local Mapping...
LM: End reseting Local Mapping...
LM: Reset free the mutex
LM: Active map reset, Done!!!
mnFirstFrameId = 4
mnInitialFrameId = 0
52 Frames set to lost
not IMU meas
First KF:11; Map init KF:0
New Map created with 247 points
Active map: 0
Dropping frame 1403637134.188319
Dropping frame 1403637134.5883191
Dropping frame 1403637134.9883189
Dropping frame 1403637136.0883191
Dropping frame 1403637136.388319
Dropping frame 1403637136.7383192
Dropping frame 1403637136.8383191
Dropping frame 1403637136.9383192
Dropping frame 1403637137.638319
Dropping frame 1403637137.9883189
Dropping frame 1403637138.0883191
Dropping frame 1403637138.188319
Dropping frame 1403637138.5883191
Dropping frame 1403637138.7383192
start VIBA 1
end VIBA 1
Dropping frame 1403637138.9883189
Dropping frame 1403637139.7383192
Dropping frame 1403637140.2383192
Not enough motion for initializing. Reseting...
LM: Reseting current map in Local Mapping...
LM: End reseting Local Mapping...
LM: Reset free the mutex
Dropping frame 1403637140.3383191
Not enough motion for initializing. Reseting...
TRACK: Reset map because local mapper set the bad imu flag 
LM: Reseting current map in Local Mapping...
LM: End reseting Local Mapping...
LM: Reset free the mutex
LM: Active map reset recieved
LM: Active map reset, waiting...
LM: Reseting current map in Local Mapping...
LM: End reseting Local Mapping...
LM: Reset free the mutex
LM: Active map reset, Done!!!
mnFirstFrameId = 58
mnInitialFrameId = 56
172 Frames set to lost
not IMU meas
not enough acceleration
not enough acceleration
not enough acceleration
not enough acceleration
not enough acceleration
not enough acceleration
not enough acceleration
Dropping frame 1403637140.8383191
not enough acceleration
Dropping frame 1403637140.9383192
not enough acceleration
Dropping frame 1403637141.0383191
not enough acceleration
not enough acceleration
not enough acceleration
not enough acceleration
not enough acceleration
not enough acceleration
not enough acceleration
not enough acceleration
not enough acceleration
not enough acceleration
not enough acceleration
not enough acceleration
not enough acceleration
not enough acceleration
not enough acceleration
not enough acceleration
not enough acceleration
not enough acceleration
not enough acceleration
not enough acceleration
not enough acceleration
not enough acceleration
not enough acceleration
not enough acceleration
not enough acceleration
not enough acceleration
not enough acceleration
not enough acceleration
not enough acceleration
not enough acceleration
not enough acceleration
not enough acceleration
not enough acceleration
not enough acceleration
not enough acceleration
not enough acceleration
not enough acceleration
not enough acceleration
not enough acceleration
not enough acceleration
not enough acceleration
not enough acceleration
not enough acceleration
not enough acceleration
not enough acceleration
not enough acceleration
not enough acceleration
not enough acceleration
not enough acceleration
not enough acceleration
not enough acceleration
not enough acceleration
not enough acceleration
not enough acceleration
not enough acceleration
not enough acceleration
not enough acceleration
not enough acceleration
not enough acceleration
not enough acceleration
not enough acceleration
not enough acceleration
not enough acceleration
not enough acceleration
not enough acceleration
not enough acceleration
not enough acceleration
not enough acceleration
not enough acceleration
not enough acceleration
not enough acceleration
First KF:41; Map init KF:11
New Map created with 215 points
Active map: 0
Not enough motion for initializing. Reseting...
TRACK: Reset map because local mapper set the bad imu flag 
LM: Reseting current map in Local Mapping...
LM: End reseting Local Mapping...
LM: Reset free the mutex
LM: Active map reset recieved
LM: Active map reset, waiting...
LM: Reseting current map in Local Mapping...
LM: End reseting Local Mapping...
LM: Reset free the mutex
LM: Active map reset, Done!!!
mnFirstFrameId = 260
mnInitialFrameId = 178
228 Frames set to lost
not IMU meas
not enough acceleration
not enough acceleration
not enough acceleration
not enough acceleration
not enough acceleration
not enough acceleration
not enough acceleration
not enough acceleration
not enough acceleration
not enough acceleration
not enough acceleration
not enough acceleration
not enough acceleration
not enough acceleration
not enough acceleration
not enough acceleration
not enough acceleration
not enough acceleration
not enough acceleration
not enough acceleration
not enough acceleration
not enough acceleration
not enough acceleration
not enough acceleration
not enough acceleration
not enough acceleration
not enough acceleration
not enough acceleration
not enough acceleration
not enough acceleration
not enough acceleration
not enough acceleration
not enough acceleration
not enough acceleration
not enough acceleration
not enough acceleration
not enough acceleration
not enough acceleration
not enough acceleration
not enough acceleration
not enough acceleration
not enough acceleration
not enough acceleration
not enough acceleration
First KF:52; Map init KF:41
New Map created with 182 points
Active map: 0
Dropping frame 1403637153.0883191
Dropping frame 1403637153.388319
Dropping frame 1403637153.688319
Dropping frame 1403637153.9883189
Dropping frame 1403637154.2883189
Dropping frame 1403637154.4883189
Dropping frame 1403637154.638319
Dropping frame 1403637154.9383192
Dropping frame 1403637155.3383191
start VIBA 1
end VIBA 1
Dropping frame 1403637155.4883189
Dropping frame 1403637155.7883189
Dropping frame 1403637155.9883189
Dropping frame 1403637156.0883191
Dropping frame 1403637156.2883189
Dropping frame 1403637156.4883189
Dropping frame 1403637156.5883191
Dropping frame 1403637156.7383192
Dropping frame 1403637156.8383191
Dropping frame 1403637157.0383191
Dropping frame 1403637157.138319
Dropping frame 1403637157.2883189
Dropping frame 1403637157.5383191
Dropping frame 1403637157.638319
Dropping frame 1403637157.7883189
Dropping frame 1403637157.888319
Dropping frame 1403637158.0883191
Dropping frame 1403637158.188319
Dropping frame 1403637158.2883189
Dropping frame 1403637158.4883189
Dropping frame 1403637158.7383192
Dropping frame 1403637158.8383191
Dropping frame 1403637158.9383192
Dropping frame 1403637159.0383191
Dropping frame 1403637159.2883189
Dropping frame 1403637159.388319
Dropping frame 1403637159.4883189
Dropping frame 1403637159.638319
Dropping frame 1403637159.7383192
Dropping frame 1403637159.8383191
Dropping frame 1403637160.0383191
Dropping frame 1403637160.2883189
Dropping frame 1403637160.388319
Dropping frame 1403637160.7383192
Dropping frame 1403637160.888319
Dropping frame 1403637161.0883191
Dropping frame 1403637161.2883189
Dropping frame 1403637161.388319
Dropping frame 1403637161.638319
Dropping frame 1403637161.9383192
Dropping frame 1403637162.138319
Dropping frame 1403637162.2383192
Dropping frame 1403637162.4383192
Dropping frame 1403637162.7383192
Dropping frame 1403637163.0883191
Dropping frame 1403637163.188319
Dropping frame 1403637163.388319
Dropping frame 1403637163.4883189
Dropping frame 1403637163.5883191
Dropping frame 1403637163.8383191
Dropping frame 1403637164.0383191
Dropping frame 1403637164.138319
Dropping frame 1403637164.3383191
Dropping frame 1403637164.5383191
Dropping frame 1403637164.638319
Dropping frame 1403637164.7383192
Dropping frame 1403637164.9383192
start VIBA 2
Dropping frame 1403637165.138319
end VIBA 2
Dropping frame 1403637165.3383191
Dropping frame 1403637165.4383192
Dropping frame 1403637165.688319
Dropping frame 1403637165.7883189
Dropping frame 1403637166.0883191
Dropping frame 1403637166.2883189
Dropping frame 1403637166.638319
Dropping frame 1403637166.7383192
Dropping frame 1403637167.0383191
Dropping frame 1403637167.2383192
Dropping frame 1403637167.4383192
Dropping frame 1403637167.8383191
Dropping frame 1403637168.0883191
Dropping frame 1403637168.638319
Dropping frame 1403637169.2383192
Dropping frame 1403637169.3383191
Dropping frame 1403637169.5383191
Dropping frame 1403637169.688319
Dropping frame 1403637169.888319
Dropping frame 1403637169.9883189
Dropping frame 1403637170.2383192
Dropping frame 1403637170.4383192
Dropping frame 1403637170.5383191
Dropping frame 1403637170.8383191
Dropping frame 1403637170.9383192
Dropping frame 1403637171.388319
Dropping frame 1403637171.5883191
Dropping frame 1403637171.7883189
Dropping frame 1403637171.888319
Dropping frame 1403637172.138319
Dropping frame 1403637172.2383192
Dropping frame 1403637172.3383191
Dropping frame 1403637172.638319
Dropping frame 1403637172.9383192
Dropping frame 1403637173.2883189
Dropping frame 1403637173.388319
Dropping frame 1403637173.4883189
Dropping frame 1403637173.688319
Dropping frame 1403637173.888319
Dropping frame 1403637174.0883191
Dropping frame 1403637174.4383192
Dropping frame 1403637174.7383192
Dropping frame 1403637175.2383192
Dropping frame 1403637175.4883189
Dropping frame 1403637175.688319
Dropping frame 1403637175.888319
Dropping frame 1403637175.9883189
Dropping frame 1403637176.5883191
Dropping frame 1403637177.7383192
Dropping frame 1403637178.5883191
Dropping frame 1403637178.9883189
Dropping frame 1403637179.2883189
Dropping frame 1403637180.0383191
Dropping frame 1403637180.138319
Dropping frame 1403637180.4383192
Dropping frame 1403637180.5383191
Dropping frame 1403637180.7383192
Dropping frame 1403637180.9883189
Dropping frame 1403637181.2883189
Dropping frame 1403637181.388319
Dropping frame 1403637181.5383191
Dropping frame 1403637181.638319
Dropping frame 1403637181.7883189
Dropping frame 1403637181.9883189
Dropping frame 1403637182.188319
Dropping frame 1403637182.388319
Dropping frame 1403637182.5383191
Dropping frame 1403637182.7383192
Dropping frame 1403637182.9883189
Dropping frame 1403637183.0883191
Dropping frame 1403637183.3383191
Dropping frame 1403637183.5383191
Dropping frame 1403637183.638319
Dropping frame 1403637183.7383192
Dropping frame 1403637183.8383191
Dropping frame 1403637184.0883191
Dropping frame 1403637184.188319
Dropping frame 1403637184.5383191
Dropping frame 1403637184.638319
Dropping frame 1403637184.9883189
Dropping frame 1403637185.3383191
Dropping frame 1403637185.7383192
Dropping frame 1403637186.0883191
Dropping frame 1403637186.3383191
Dropping frame 1403637186.5883191
Dropping frame 1403637186.688319
Dropping frame 1403637187.0883191
Dropping frame 1403637187.3383191
Dropping frame 1403637187.688319
Dropping frame 1403637188.0883191
Dropping frame 1403637188.5383191
Dropping frame 1403637189.138319
Dropping frame 1403637189.4383192
Dropping frame 1403637189.5383191
Dropping frame 1403637189.8383191
Dropping frame 1403637189.9383192
Dropping frame 1403637190.2883189
Dropping frame 1403637190.388319
Dropping frame 1403637190.5883191
Dropping frame 1403637190.7883189
Dropping frame 1403637190.888319
Dropping frame 1403637191.138319
Dropping frame 1403637191.2383192
Dropping frame 1403637191.5383191
Dropping frame 1403637191.638319
Dropping frame 1403637191.7383192
Dropping frame 1403637191.9883189
Dropping frame 1403637192.0883191
Dropping frame 1403637192.3383191
Dropping frame 1403637192.4383192
Dropping frame 1403637192.5383191
Dropping frame 1403637192.7383192
Dropping frame 1403637192.9383192
Dropping frame 1403637193.0383191
Dropping frame 1403637193.2383192
Dropping frame 1403637193.3383191
Dropping frame 1403637193.4383192
Dropping frame 1403637193.688319
Dropping frame 1403637193.888319
Dropping frame 1403637193.9883189
Dropping frame 1403637194.0883191
Dropping frame 1403637194.188319
Dropping frame 1403637194.2883189
Dropping frame 1403637194.388319
Dropping frame 1403637194.4883189
Dropping frame 1403637194.5883191
Dropping frame 1403637194.9383192
Dropping frame 1403637195.2383192
Dropping frame 1403637195.5883191
Dropping frame 1403637195.688319
Dropping frame 1403637195.8383191
Dropping frame 1403637195.9883189
Dropping frame 1403637196.0883191
Dropping frame 1403637196.3383191
Dropping frame 1403637196.638319
Dropping frame 1403637196.8383191
Dropping frame 1403637196.9383192
Dropping frame 1403637197.0883191
Dropping frame 1403637197.188319
Dropping frame 1403637197.4883189
Dropping frame 1403637197.5883191
Dropping frame 1403637197.9383192
Dropping frame 1403637198.0383191
Dropping frame 1403637198.2883189
Dropping frame 1403637198.888319
Dropping frame 1403637199.0883191
Dropping frame 1403637199.188319
Dropping frame 1403637199.3383191
Dropping frame 1403637199.5883191
Dropping frame 1403637199.7883189
Dropping frame 1403637199.888319
Dropping frame 1403637199.9883189
Dropping frame 1403637200.2883189
Dropping frame 1403637200.5383191
Dropping frame 1403637200.638319
Dropping frame 1403637200.9883189
Dropping frame 1403637201.188319
Dropping frame 1403637201.2883189
Dropping frame 1403637201.4883189
Dropping frame 1403637201.688319
Dropping frame 1403637201.7883189
Dropping frame 1403637201.9883189
Dropping frame 1403637202.0883191
Dropping frame 1403637202.188319
Dropping frame 1403637202.388319
Dropping frame 1403637202.4883189
Dropping frame 1403637202.5883191
Dropping frame 1403637202.7883189
Dropping frame 1403637202.888319
Dropping frame 1403637202.9883189
Dropping frame 1403637203.188319
Dropping frame 1403637203.2883189
Dropping frame 1403637203.4883189
Dropping frame 1403637203.5883191
Dropping frame 1403637203.688319
Dropping frame 1403637203.888319
Dropping frame 1403637203.9883189
Dropping frame 1403637204.138319
Dropping frame 1403637204.3383191
Dropping frame 1403637204.5383191
Dropping frame 1403637204.638319
Dropping frame 1403637204.7383192
Dropping frame 1403637204.8383191
Dropping frame 1403637205.0383191
Dropping frame 1403637205.138319
Dropping frame 1403637205.2383192
Dropping frame 1403637205.4383192
Dropping frame 1403637205.638319
Dropping frame 1403637205.8383191
Dropping frame 1403637206.0383191
Dropping frame 1403637206.138319
Dropping frame 1403637206.2383192
Dropping frame 1403637206.3383191
Dropping frame 1403637206.5383191
Dropping frame 1403637206.7383192
Dropping frame 1403637206.8383191
Dropping frame 1403637206.9383192
Dropping frame 1403637207.0383191
Dropping frame 1403637207.138319
Dropping frame 1403637207.2383192
Dropping frame 1403637207.4383192
Dropping frame 1403637207.638319
Dropping frame 1403637207.7383192
Dropping frame 1403637207.8383191
Dropping frame 1403637207.9883189
Dropping frame 1403637208.2383192
Dropping frame 1403637208.3383191
Dropping frame 1403637208.7383192
Dropping frame 1403637208.8383191
Dropping frame 1403637208.9383192
Dropping frame 1403637209.0383191
Dropping frame 1403637209.188319
Dropping frame 1403637209.2883189
Dropping frame 1403637209.4883189
Dropping frame 1403637209.5883191
Dropping frame 1403637209.688319
Dropping frame 1403637209.7883189
Dropping frame 1403637209.9383192
Dropping frame 1403637210.138319
Dropping frame 1403637210.2383192
Dropping frame 1403637210.3383191
Dropping frame 1403637210.4383192
Dropping frame 1403637210.638319
Dropping frame 1403637210.7383192
Dropping frame 1403637210.8383191
Dropping frame 1403637210.9383192
Dropping frame 1403637211.138319
Dropping frame 1403637211.3383191
Dropping frame 1403637211.4383192
Dropping frame 1403637211.5383191
Dropping frame 1403637211.638319
Dropping frame 1403637211.7383192
Dropping frame 1403637211.8383191
Dropping frame 1403637211.9383192
Dropping frame 1403637212.138319
Dropping frame 1403637212.2383192
Dropping frame 1403637212.3383191
Dropping frame 1403637212.4383192
Dropping frame 1403637212.638319
Dropping frame 1403637212.7383192
Dropping frame 1403637212.8383191
Dropping frame 1403637212.9383192
Dropping frame 1403637213.0383191
Dropping frame 1403637213.138319
Dropping frame 1403637213.3383191
Dropping frame 1403637213.4383192
Dropping frame 1403637213.5383191
Dropping frame 1403637213.638319
Dropping frame 1403637213.7383192
Dropping frame 1403637213.8383191
Dropping frame 1403637213.9383192
Dropping frame 1403637214.138319
Dropping frame 1403637214.2383192
Dropping frame 1403637214.3383191
Dropping frame 1403637214.4383192
Dropping frame 1403637214.5383191
Dropping frame 1403637214.688319
Dropping frame 1403637214.7883189
Dropping frame 1403637214.9883189
Dropping frame 1403637215.0883191
Dropping frame 1403637215.188319
Dropping frame 1403637215.2883189
Dropping frame 1403637215.388319
Dropping frame 1403637215.5383191
Dropping frame 1403637215.638319
Dropping frame 1403637215.9883189
Dropping frame 1403637216.0883191
Dropping frame 1403637216.188319
Dropping frame 1403637216.2883189
Dropping frame 1403637216.5383191
Dropping frame 1403637216.7383192
Dropping frame 1403637216.8383191
Dropping frame 1403637216.9383192
Dropping frame 1403637217.0383191
Dropping frame 1403637217.138319
Dropping frame 1403637217.3383191
Dropping frame 1403637217.5383191
Dropping frame 1403637217.638319
Dropping frame 1403637218.0383191
Dropping frame 1403637218.2383192
Dropping frame 1403637218.3383191
Dropping frame 1403637218.4383192
Dropping frame 1403637218.638319
Dropping frame 1403637218.7383192
Dropping frame 1403637218.8383191
Dropping frame 1403637219.0383191
Dropping frame 1403637219.2383192
Dropping frame 1403637219.3383191
Dropping frame 1403637219.4383192
Dropping frame 1403637219.688319
Dropping frame 1403637219.888319
Dropping frame 1403637219.9883189
Dropping frame 1403637220.0883191
Dropping frame 1403637220.388319
Dropping frame 1403637220.5883191
Dropping frame 1403637220.7883189
Dropping frame 1403637220.9383192
Dropping frame 1403637221.188319
Dropping frame 1403637221.388319
Dropping frame 1403637221.4883189
Dropping frame 1403637221.7883189
Dropping frame 1403637221.9883189
Dropping frame 1403637222.188319
Dropping frame 1403637222.2883189
Dropping frame 1403637222.388319
Dropping frame 1403637222.5883191
Dropping frame 1403637222.688319
Dropping frame 1403637222.7883189
Dropping frame 1403637222.9883189
Dropping frame 1403637223.188319
Dropping frame 1403637223.2883189
Dropping frame 1403637223.388319
Dropping frame 1403637223.5883191
Dropping frame 1403637223.7883189
Dropping frame 1403637223.9883189
Dropping frame 1403637224.0883191
Dropping frame 1403637224.188319
Dropping frame 1403637224.4383192
Dropping frame 1403637224.5383191
Dropping frame 1403637224.638319
Dropping frame 1403637224.8383191
Dropping frame 1403637225.0383191
Dropping frame 1403637225.2383192
Dropping frame 1403637225.4383192
Dropping frame 1403637225.638319
Dropping frame 1403637225.8383191
Dropping frame 1403637226.0383191
Dropping frame 1403637226.2383192
Dropping frame 1403637226.3383191
Dropping frame 1403637226.5883191
Dropping frame 1403637226.7883189
Dropping frame 1403637226.888319
Dropping frame 1403637227.2383192
Dropping frame 1403637227.688319
Dropping frame 1403637227.888319
Dropping frame 1403637228.188319
Dropping frame 1403637228.388319
Dropping frame 1403637228.5883191
Dropping frame 1403637229.2883189
Dropping frame 1403637229.7383192
Dropping frame 1403637229.8383191
Dropping frame 1403637230.0383191
Dropping frame 1403637230.2383192
Dropping frame 1403637230.3383191
Dropping frame 1403637230.688319
Dropping frame 1403637230.888319
Dropping frame 1403637230.9883189
Dropping frame 1403637231.138319
Dropping frame 1403637231.2883189
Dropping frame 1403637231.4883189
Dropping frame 1403637231.688319
Dropping frame 1403637231.7883189
Dropping frame 1403637231.888319
Dropping frame 1403637231.9883189
Dropping frame 1403637232.188319
Dropping frame 1403637232.2883189
Dropping frame 1403637232.388319
Dropping frame 1403637232.4883189
Dropping frame 1403637232.638319
Dropping frame 1403637233.0883191
Dropping frame 1403637233.5383191
Dropping frame 1403637233.638319
Dropping frame 1403637233.8383191
Dropping frame 1403637234.0383191
Dropping frame 1403637234.4883189
Dropping frame 1403637234.688319
Dropping frame 1403637234.888319
Dropping frame 1403637235.2883189
Dropping frame 1403637235.7883189
Dropping frame 1403637235.9383192
Dropping frame 1403637236.2883189
Dropping frame 1403637236.388319
Dropping frame 1403637236.4883189
Dropping frame 1403637236.688319
Dropping frame 1403637236.888319
Dropping frame 1403637236.9883189
Dropping frame 1403637237.0883191
Dropping frame 1403637237.2883189
Dropping frame 1403637237.388319
Dropping frame 1403637237.4883189
Dropping frame 1403637237.688319
Dropping frame 1403637237.888319
Dropping frame 1403637237.9883189
Dropping frame 1403637238.0883191
Dropping frame 1403637238.2883189
Dropping frame 1403637238.4883189
Dropping frame 1403637238.688319
Dropping frame 1403637238.7883189
Dropping frame 1403637239.0383191
Dropping frame 1403637239.2383192
Dropping frame 1403637239.4383192
Dropping frame 1403637239.5383191
Dropping frame 1403637239.638319
Dropping frame 1403637239.8383191
Dropping frame 1403637240.0383191
Dropping frame 1403637240.2383192
Dropping frame 1403637240.3383191
Dropping frame 1403637240.4383192
Dropping frame 1403637240.638319
Dropping frame 1403637240.8383191
Dropping frame 1403637240.9383192
Dropping frame 1403637241.0383191
Dropping frame 1403637241.2383192
Dropping frame 1403637241.4383192
Dropping frame 1403637241.638319
Dropping frame 1403637241.7383192
Dropping frame 1403637241.9883189
Dropping frame 1403637242.188319
Dropping frame 1403637242.2883189
Dropping frame 1403637242.4883189
Dropping frame 1403637242.5883191
Dropping frame 1403637242.688319
Dropping frame 1403637242.888319
Dropping frame 1403637242.9883189
Dropping frame 1403637243.0883191
Dropping frame 1403637243.2883189
Dropping frame 1403637243.4883189
Dropping frame 1403637243.688319
Dropping frame 1403637243.888319
Dropping frame 1403637243.9883189
Dropping frame 1403637244.0883191
Dropping frame 1403637244.2883189
Dropping frame 1403637244.4883189
Dropping frame 1403637244.688319
Dropping frame 1403637244.7883189
Dropping frame 1403637244.888319
Dropping frame 1403637245.0883191
Dropping frame 1403637245.188319
Dropping frame 1403637245.2883189
Dropping frame 1403637245.4883189
Dropping frame 1403637245.5883191
Dropping frame 1403637245.688319
Dropping frame 1403637245.888319
Dropping frame 1403637245.9883189
Dropping frame 1403637246.0883191
Dropping frame 1403637246.2883189
Dropping frame 1403637246.4883189
Dropping frame 1403637246.688319
Dropping frame 1403637246.888319
Dropping frame 1403637246.9883189
Dropping frame 1403637247.0883191
Dropping frame 1403637247.2883189
Dropping frame 1403637247.388319
Dropping frame 1403637247.4883189
Dropping frame 1403637247.688319
Dropping frame 1403637247.888319
Dropping frame 1403637248.0883191
Dropping frame 1403637248.2883189
Dropping frame 1403637248.4883189
Dropping frame 1403637248.688319
Dropping frame 1403637248.7883189
Dropping frame 1403637248.888319
Dropping frame 1403637249.0883191
Dropping frame 1403637249.188319
Dropping frame 1403637249.2883189
Dropping frame 1403637249.7883189
Dropping frame 1403637249.888319
Dropping frame 1403637250.0883191
Dropping frame 1403637250.188319
Dropping frame 1403637250.2883189
Dropping frame 1403637250.5383191
Dropping frame 1403637250.7383192
Dropping frame 1403637250.8383191
Dropping frame 1403637250.9383192
Dropping frame 1403637251.0383191
Dropping frame 1403637251.138319
Dropping frame 1403637251.2383192
Dropping frame 1403637251.4883189
Dropping frame 1403637251.688319
Dropping frame 1403637251.888319
Dropping frame 1403637252.0883191
Dropping frame 1403637252.188319
Dropping frame 1403637252.388319
Dropping frame 1403637252.5883191
Dropping frame 1403637252.688319
Dropping frame 1403637252.7883189
Dropping frame 1403637252.9883189
Dropping frame 1403637253.188319
Dropping frame 1403637253.388319
Dropping frame 1403637253.5883191
Dropping frame 1403637253.688319
Dropping frame 1403637253.888319
Dropping frame 1403637253.9883189
Dropping frame 1403637254.0883191
Dropping frame 1403637254.2883189
Dropping frame 1403637254.4883189
Dropping frame 1403637254.688319
Dropping frame 1403637254.888319
Dropping frame 1403637254.9883189
Dropping frame 1403637255.0883191
Dropping frame 1403637255.2883189
Dropping frame 1403637255.4883189
Dropping frame 1403637255.688319
Dropping frame 1403637256.138319
Dropping frame 1403637256.2383192
Dropping frame 1403637257.0883191
Dropping frame 1403637257.9883189
Dropping frame 1403637258.4383192
Dropping frame 1403637258.9383192
Dropping frame 1403637259.8383191
Dropping frame 1403637260.3383191
Dropping frame 1403637260.5383191
Dropping frame 1403637260.8383191
Dropping frame 1403637261.0383191
Dropping frame 1403637261.388319
Dropping frame 1403637261.9383192
Dropping frame 1403637262.0383191
Dropping frame 1403637262.2883189
Fail to track local map!
Fail to track local map!
Fail to track local map!
Dropping frame 1403637262.4883189
Fail to track local map!
Fail to track local map!
Fail to track local map!
Dropping frame 1403637262.688319
Fail to track local map!
Fail to track local map!
Fail to track local map!
Fail to track local map!
Fail to track local map!
Fail to track local map!
Dropping frame 1403637263.0383191
Fail to track local map!
Dropping frame 1403637263.138319
Fail to track local map!
Fail to track local map!
Fail to track local map!
Dropping frame 1403637263.3383191
Fail to track local map!
Fail to track local map!
Fail to track local map!
Dropping frame 1403637263.5383191
Fail to track local map!
Fail to track local map!
Fail to track local map!
Fail to track local map!
Dropping frame 1403637263.7883189
Fail to track local map!
Fail to track local map!
Fail to track local map!
Fail to track local map!
Fail to track local map!
Fail to track local map!
Fail to track local map!
Dropping frame 1403637264.188319
Fail to track local map!
Fail to track local map!
Fail to track local map!
Dropping frame 1403637264.388319
Fail to track local map!
Fail to track local map!
Fail to track local map!
Dropping frame 1403637264.5883191
Fail to track local map!
Fail to track local map!
Fail to track local map!
Fail to track local map!
Fail to track local map!
Fail to track local map!
Dropping frame 1403637264.9383192
Fail to track local map!
Dropping frame 1403637265.0383191
Fail to track local map!
Fail to track local map!
Fail to track local map!
Fail to track local map!
Dropping frame 1403637265.2883189
Fail to track local map!
Fail to track local map!
Fail to track local map!
Dropping frame 1403637265.4883189
Shutdown
SLAM Finished at System Time: 1732010263.72354

 TIME STATS in ms (mean$\pm$std)
OpenCV version: 4.8.1
---------------------------
Tracking

ORB Extraction: 17.245$\pm$2.236
Stereo Matching: 7.8068$\pm$2.0987
IMU Preintegration: 0.25219$\pm$0.10279
Pose Prediction: 0.59661$\pm$1.508
LM Track: 19.162$\pm$6.4268
New KF decision: 1.4076$\pm$2.6199
Total Tracking: 31.704$\pm$25.363



Local Mapping

KF Insertion: 14.695$\pm$5.5215
MP Culling: 0.61737$\pm$0.2943
MP Creation: 47.881$\pm$18.306
LBA: 160.07$\pm$63.163
KF Culling: 16.053$\pm$11.401
Total Local Mapping: 237.76$\pm$90.559
---------------------------

LBA complexity (mean$\pm$std)
LBA Edges: 1470.1$\pm$580.64
LBA KF optimized: 6.5$\pm$2.2913
LBA KF fixed: 1$\pm$0
LBA MP: nan$\pm$nan

LBA executions: 431
LBA aborts: 0
---------------------------

Map complexity
KFs in map: 157
MPs in map: 12736
---------------------------

Place Recognition (mean$\pm$std)
Database Query: 2.1995$\pm$1.1936
SE3 estimation: 28.938$\pm$17.551
Total Place Recognition: 23.997$\pm$20.886


Loop Closing (mean$\pm$std)
Loop Fusion: nan$\pm$nan
Essential Graph: nan$\pm$nan
Total Loop Closing: nan$\pm$nan

Num exec: 0
Number of KFs: nan$\pm$nan

Map Merging (mean$\pm$std)
Merge Maps: nan$\pm$nan
Welding BA: nan$\pm$nan
Optimization Ess.: nan$\pm$nan
Total Map Merging: nan$\pm$nan

Num exec: 0
Number of KFs: nan$\pm$nan
Number of MPs: nan$\pm$nan

Full GBA (mean$\pm$std)
GBA: nan$\pm$nan
Map Update: nan$\pm$nan
Total Full GBA: nan$\pm$nan

Num exec: 0
Num abort: 0
Number of KFs: nan$\pm$nan
Number of MPs: nan$\pm$nan

Saving trajectory to f_dataset-MH03_stereo_imu.txt ...
There are 1 maps in the atlas
  Map 0 has 157 KFs

End of saving trajectory to f_dataset-MH03_stereo_imu.txt ...

Saving keyframe trajectory to kf_dataset-MH03_stereo_imu.txt ...
