num_seq = 1
file name: dataset-MH03_stereo_imu
Loading images for sequence 0...LOADED!
Loading IMU for sequence 0...LOADED!

-------

ORB-SLAM3 Copyright (C) 2017-2020 Carlos Campos, Richard Elvira, Juan J. Gómez, José M.M. Montiel and Juan D. Tardós, University of Zaragoza.
ORB-SLAM2 Copyright (C) 2014-2016 Raúl Mur-Artal, José M.M. Montiel and Juan D. Tardós, University of Zaragoza.
This program comes with ABSOLUTELY NO WARRANTY;
This is free software, and you are welcome to redistribute it
under certain conditions. See LICENSE.txt.

Built with REGISTER_TIMES
Git Commit Hash: 42e930e

Compiled with C++ version: 201703

Input sensor was set to: Stereo-Inertial
Loading settings from ./Examples/Stereo-Inertial/EuRoC_fov_deadlines_mask_9x9.yaml
	-Loaded camera 1
	-Loaded camera 2
	-Loaded image info
	-Loaded IMU calibration
	-Loaded ORB settings
	-Loaded viewer settings
	-Loaded Atlas settings
Deadlines enabled, will skip frames!
FOV enabled
Static mask size: 9x9
Dumping map points enabled
	-Loaded misc parameters
	-Computed rectification maps
----------------------------------
SLAM settings: 
	-Camera 1 parameters (Pinhole): [ 458.65399169921875 457.29598999023438 367.21499633789062 248.375 ]
	-Camera 1 distortion parameters: [  -0.28340810537338257 0.073959067463874817 0.00019359000725671649 1.7618711353861727e-05 ]
	-Camera 2 parameters (Pinhole: [ 457.58700561523438 456.13400268554688 379.99899291992188 255.23800659179688 ]
	-Camera 1 distortion parameters: [  -0.2836836576461792 0.074512839317321777 -0.00010473000293131918 -3.555907096597366e-05 ]
	-Original image size: [ 752 , 480 ]
	-Current image size: [ 752 , 480 ]
	-Camera 1 parameters after rectification: [  456.71499633789062 456.71499633789062 364.52615356445312 257.268798828125 ]
	-Sequence FPS: 20
	-Stereo baseline: 0.11007784307003021
	-Stereo depth threshold : 60
	-Gyro noise: 0.00016999999934341758
	-Accelerometer noise: 0.0020000000949949026
	-Gyro walk: 1.9392999092815444e-05
	-Accelerometer walk: 0.0030000000260770321
	-IMU frequency: 200
	-Features per image: 1200
	-ORB scale factor: 1.2000000476837158
	-ORB number of scales: 8
	-Initial FAST threshold: 20
	-Min FAST threshold: 7


Loading ORB Vocabulary. This could take a while...
Vocabulary loaded!

Initialization of Atlas from scratch 
Creation of new map with id: 0
Creation of new map with last KF id: 0
Seq. Name: 
There are 1 cameras in the atlas
Camera 0 is pinhole
SLAM Started at System Time: 1734510389.30118
not IMU meas
not IMU meas
not enough acceleration
not enough acceleration
First KF:0; Map init KF:0
New Map created with 238 points
Active map: 0
Dropping frame 1403637130.8383191
Not enough motion for initializing. Reseting...
TRACK: Reset map because local mapper set the bad imu flag 
LM: Reseting current map in Local Mapping...
LM: End reseting Local Mapping...
LM: Reset free the mutex
LM: Active map reset recieved
LM: Active map reset, waiting...
LM: Reseting current map in Local Mapping...
LM: End reseting Local Mapping...
LM: Reset free the mutex
LM: Active map reset, Done!!!
mnFirstFrameId = 4
mnInitialFrameId = 0
50 Frames set to lost
not IMU meas
not enough acceleration
First KF:11; Map init KF:0
New Map created with 263 points
Active map: 0
Dropping frame 1403637133.638319
Dropping frame 1403637134.2883189
Dropping frame 1403637134.688319
Dropping frame 1403637134.7883189
Dropping frame 1403637134.9383192
Dropping frame 1403637135.0883191
Dropping frame 1403637135.4883189
Dropping frame 1403637135.5883191
Dropping frame 1403637135.9883189
Dropping frame 1403637136.2883189
Dropping frame 1403637136.688319
Dropping frame 1403637136.7883189
Dropping frame 1403637136.9383192
Dropping frame 1403637137.138319
Dropping frame 1403637137.388319
Dropping frame 1403637137.5383191
Dropping frame 1403637137.7883189
Dropping frame 1403637138.2883189
Dropping frame 1403637138.5383191
Dropping frame 1403637138.7383192
start VIBA 1
Dropping frame 1403637138.8383191
end VIBA 1
Dropping frame 1403637139.0883191
Dropping frame 1403637139.188319
Dropping frame 1403637139.3383191
Dropping frame 1403637139.5383191
Dropping frame 1403637139.638319
Dropping frame 1403637139.8383191
Dropping frame 1403637139.9383192
Not enough motion for initializing. Reseting...
TRACK: Reset map because local mapper set the bad imu flag 
LM: Active map reset recieved
LM: Active map reset, waiting...
LM: Reseting current map in Local Mapping...
LM: End reseting Local Mapping...
LM: Reset free the mutex
LM: Active map reset, Done!!!
mnFirstFrameId = 57
mnInitialFrameId = 54
159 Frames set to lost
not IMU meas
First KF:44; Map init KF:11
New Map created with 236 points
Active map: 0
Dropping frame 1403637140.7883189
Dropping frame 1403637141.138319
Dropping frame 1403637141.2383192
Dropping frame 1403637141.638319
Dropping frame 1403637141.7383192
Dropping frame 1403637141.888319
Dropping frame 1403637142.0883191
Dropping frame 1403637142.3383191
Dropping frame 1403637143.3383191
Not enough motion for initializing. Reseting...
TRACK: Reset map because local mapper set the bad imu flag 
LM: Active map reset recieved
LM: Active map reset, waiting...
LM: Reseting current map in Local Mapping...
LM: End reseting Local Mapping...
LM: Reset free the mutex
LM: Active map reset, Done!!!
mnFirstFrameId = 168
mnInitialFrameId = 166
211 Frames set to lost
not IMU meas
not enough acceleration
not enough acceleration
not enough acceleration
not enough acceleration
not enough acceleration
not enough acceleration
not enough acceleration
not enough acceleration
not enough acceleration
not enough acceleration
not enough acceleration
not enough acceleration
not enough acceleration
not enough acceleration
not enough acceleration
not enough acceleration
not enough acceleration
not enough acceleration
not enough acceleration
not enough acceleration
not enough acceleration
not enough acceleration
First KF:55; Map init KF:44
New Map created with 250 points
Active map: 0
Dropping frame 1403637147.3383191
Not enough motion for initializing. Reseting...
TRACK: Reset map because local mapper set the bad imu flag 
LM: Active map reset recieved
LM: Active map reset, waiting...
LM: Reseting current map in Local Mapping...
LM: End reseting Local Mapping...
LM: Reset free the mutex
LM: Active map reset, Done!!!
mnFirstFrameId = 244
mnInitialFrameId = 220
266 Frames set to lost
not IMU meas
not enough acceleration
not enough acceleration
not enough acceleration
not enough acceleration
not enough acceleration
not enough acceleration
not enough acceleration
not enough acceleration
not enough acceleration
not enough acceleration
not enough acceleration
not enough acceleration
not enough acceleration
not enough acceleration
not enough acceleration
not enough acceleration
not enough acceleration
not enough acceleration
not enough acceleration
not enough acceleration
not enough acceleration
not enough acceleration
not enough acceleration
not enough acceleration
not enough acceleration
not enough acceleration
not enough acceleration
not enough acceleration
not enough acceleration
not enough acceleration
not enough acceleration
not enough acceleration
not enough acceleration
not enough acceleration
not enough acceleration
not enough acceleration
not enough acceleration
not enough acceleration
not enough acceleration
not enough acceleration
not enough acceleration
not enough acceleration
not enough acceleration
not enough acceleration
First KF:66; Map init KF:55
New Map created with 214 points
Active map: 0
Dropping frame 1403637151.4383192
Dropping frame 1403637154.5883191
Dropping frame 1403637154.888319
Dropping frame 1403637154.9883189
start VIBA 1
end VIBA 1
Dropping frame 1403637155.2883189
Dropping frame 1403637155.5383191
Dropping frame 1403637155.7883189
Dropping frame 1403637155.888319
Dropping frame 1403637155.9883189
Dropping frame 1403637156.188319
Dropping frame 1403637156.3383191
Dropping frame 1403637156.5383191
Dropping frame 1403637156.688319
Dropping frame 1403637157.0883191
Dropping frame 1403637157.2883189
Dropping frame 1403637157.388319
Dropping frame 1403637157.638319
Dropping frame 1403637157.7883189
Dropping frame 1403637157.9883189
Dropping frame 1403637158.138319
Dropping frame 1403637158.2883189
Dropping frame 1403637158.388319
Dropping frame 1403637158.5383191
Dropping frame 1403637158.7883189
Dropping frame 1403637158.9383192
Dropping frame 1403637159.138319
Dropping frame 1403637159.2383192
Dropping frame 1403637159.3383191
Dropping frame 1403637159.4883189
Dropping frame 1403637159.5883191
Dropping frame 1403637159.688319
Dropping frame 1403637159.7883189
Dropping frame 1403637159.888319
Dropping frame 1403637160.0383191
Dropping frame 1403637160.138319
Dropping frame 1403637160.2383192
Dropping frame 1403637160.4883189
Dropping frame 1403637160.5883191
Dropping frame 1403637160.688319
Dropping frame 1403637160.9883189
Dropping frame 1403637161.188319
Dropping frame 1403637161.2883189
Dropping frame 1403637161.388319
Dropping frame 1403637161.5383191
Dropping frame 1403637161.7383192
Dropping frame 1403637161.8383191
Dropping frame 1403637162.138319
Dropping frame 1403637162.2383192
Dropping frame 1403637162.3383191
Dropping frame 1403637162.5883191
Dropping frame 1403637162.7883189
Dropping frame 1403637162.9883189
Dropping frame 1403637163.0883191
Dropping frame 1403637163.188319
Dropping frame 1403637163.388319
Dropping frame 1403637163.638319
Dropping frame 1403637163.7383192
Dropping frame 1403637163.8383191
Dropping frame 1403637164.0383191
Dropping frame 1403637164.138319
Dropping frame 1403637164.3383191
Dropping frame 1403637164.4383192
Dropping frame 1403637164.5383191
Dropping frame 1403637164.7383192
Dropping frame 1403637164.8383191
Dropping frame 1403637165.0383191
start VIBA 2
Dropping frame 1403637165.188319
Dropping frame 1403637165.388319
end VIBA 2
Dropping frame 1403637165.5883191
Dropping frame 1403637165.688319
Dropping frame 1403637165.7883189
Dropping frame 1403637166.0383191
Dropping frame 1403637166.138319
Dropping frame 1403637166.3383191
Dropping frame 1403637166.4383192
Dropping frame 1403637166.5383191
Dropping frame 1403637166.7383192
Dropping frame 1403637166.9883189
Dropping frame 1403637167.0883191
Dropping frame 1403637167.2883189
Dropping frame 1403637167.4883189
Dropping frame 1403637167.5883191
Dropping frame 1403637167.7883189
Dropping frame 1403637167.888319
Dropping frame 1403637167.9883189
Dropping frame 1403637168.2383192
Dropping frame 1403637168.3383191
Dropping frame 1403637168.5883191
Dropping frame 1403637168.8383191
Dropping frame 1403637169.0383191
Dropping frame 1403637169.2383192
Dropping frame 1403637169.3383191
Dropping frame 1403637169.5383191
Dropping frame 1403637169.7383192
Dropping frame 1403637169.9383192
Dropping frame 1403637170.138319
Dropping frame 1403637170.3383191
Dropping frame 1403637170.4383192
Dropping frame 1403637170.638319
Dropping frame 1403637170.8383191
Dropping frame 1403637171.4883189
Dropping frame 1403637171.688319
Dropping frame 1403637171.888319
Dropping frame 1403637172.2383192
Dropping frame 1403637172.4383192
Dropping frame 1403637172.638319
Dropping frame 1403637172.8383191
Dropping frame 1403637173.0883191
Dropping frame 1403637173.188319
Dropping frame 1403637173.2883189
Dropping frame 1403637173.4883189
Dropping frame 1403637173.688319
Dropping frame 1403637174.2383192
Dropping frame 1403637174.4383192
Dropping frame 1403637174.5383191
Dropping frame 1403637174.638319
Dropping frame 1403637174.888319
Dropping frame 1403637174.9883189
Dropping frame 1403637175.2883189
Dropping frame 1403637175.5383191
Dropping frame 1403637175.7383192
Dropping frame 1403637175.9383192
Dropping frame 1403637176.0883191
Dropping frame 1403637176.2883189
Dropping frame 1403637176.4383192
Dropping frame 1403637176.688319
Dropping frame 1403637176.888319
Dropping frame 1403637177.0883191
Dropping frame 1403637177.188319
Dropping frame 1403637177.4383192
Dropping frame 1403637177.638319
Dropping frame 1403637177.7883189
Dropping frame 1403637177.9883189
Dropping frame 1403637178.188319
Dropping frame 1403637178.388319
Dropping frame 1403637178.5383191
Dropping frame 1403637178.7383192
Dropping frame 1403637178.9383192
Dropping frame 1403637179.688319
Dropping frame 1403637179.9883189
Dropping frame 1403637180.3383191
Dropping frame 1403637180.688319
Dropping frame 1403637180.888319
Dropping frame 1403637180.9883189
Dropping frame 1403637181.388319
Dropping frame 1403637181.5883191
Dropping frame 1403637181.888319
Dropping frame 1403637182.0883191
Dropping frame 1403637182.4383192
Dropping frame 1403637182.5383191
Dropping frame 1403637182.638319
Dropping frame 1403637182.8383191
Dropping frame 1403637182.9883189
Dropping frame 1403637183.188319
Dropping frame 1403637183.388319
Dropping frame 1403637183.4883189
Dropping frame 1403637183.7383192
Dropping frame 1403637183.9383192
Dropping frame 1403637184.138319
Dropping frame 1403637184.2383192
Dropping frame 1403637184.5383191
Dropping frame 1403637184.7383192
Dropping frame 1403637184.888319
Dropping frame 1403637184.9883189
Dropping frame 1403637185.188319
Dropping frame 1403637185.2883189
Dropping frame 1403637185.4383192
Dropping frame 1403637185.688319
Dropping frame 1403637185.7883189
Dropping frame 1403637185.9883189
Dropping frame 1403637186.138319
Dropping frame 1403637186.3383191
Dropping frame 1403637186.5383191
Dropping frame 1403637186.638319
Dropping frame 1403637186.7383192
Dropping frame 1403637186.9383192
Dropping frame 1403637187.0383191
Dropping frame 1403637187.138319
Dropping frame 1403637187.3383191
Dropping frame 1403637187.4883189
Dropping frame 1403637187.688319
Dropping frame 1403637187.7883189
Dropping frame 1403637187.888319
Dropping frame 1403637188.0883191
Dropping frame 1403637188.2383192
Dropping frame 1403637188.4383192
Dropping frame 1403637188.638319
Dropping frame 1403637188.7383192
Dropping frame 1403637188.9883189
Dropping frame 1403637189.0883191
Dropping frame 1403637189.3383191
Dropping frame 1403637189.4383192
Dropping frame 1403637189.638319
Dropping frame 1403637190.188319
Dropping frame 1403637190.2883189
Dropping frame 1403637190.5883191
Dropping frame 1403637190.8383191
Dropping frame 1403637190.9883189
Dropping frame 1403637191.0883191
Dropping frame 1403637191.388319
Dropping frame 1403637191.7383192
Dropping frame 1403637192.388319
Dropping frame 1403637192.7383192
Dropping frame 1403637192.9383192
Dropping frame 1403637193.0383191
Dropping frame 1403637193.2883189
Dropping frame 1403637193.388319
Dropping frame 1403637193.638319
Dropping frame 1403637193.7383192
Dropping frame 1403637193.9883189
Dropping frame 1403637194.2383192
Dropping frame 1403637194.4383192
Dropping frame 1403637194.5383191
Dropping frame 1403637194.638319
Dropping frame 1403637194.8383191
Dropping frame 1403637195.0383191
Dropping frame 1403637195.2383192
Dropping frame 1403637195.3383191
Dropping frame 1403637195.4383192
Dropping frame 1403637195.5383191
Dropping frame 1403637195.7383192
Dropping frame 1403637195.9383192
Dropping frame 1403637196.0383191
Dropping frame 1403637196.138319
Dropping frame 1403637196.4383192
Dropping frame 1403637196.5383191
Dropping frame 1403637196.638319
Dropping frame 1403637196.7383192
Dropping frame 1403637196.9383192
Dropping frame 1403637197.0383191
Dropping frame 1403637197.138319
Dropping frame 1403637197.3383191
Dropping frame 1403637197.4383192
Dropping frame 1403637197.5383191
Dropping frame 1403637197.7383192
Dropping frame 1403637197.8383191
Dropping frame 1403637198.0383191
Dropping frame 1403637198.138319
Dropping frame 1403637198.2383192
Dropping frame 1403637198.4383192
Dropping frame 1403637198.5383191
Dropping frame 1403637198.7383192
Dropping frame 1403637198.8383191
Dropping frame 1403637198.9383192
Dropping frame 1403637199.0383191
Dropping frame 1403637199.2383192
Dropping frame 1403637199.3383191
Dropping frame 1403637199.4383192
Dropping frame 1403637199.638319
Dropping frame 1403637199.7383192
Dropping frame 1403637199.8383191
Dropping frame 1403637200.0383191
Dropping frame 1403637200.2383192
Dropping frame 1403637200.3383191
Dropping frame 1403637200.4383192
Dropping frame 1403637200.5383191
Dropping frame 1403637200.7383192
Dropping frame 1403637200.8383191
Dropping frame 1403637200.9383192
Dropping frame 1403637201.138319
Dropping frame 1403637201.2383192
Dropping frame 1403637201.4383192
Dropping frame 1403637201.5383191
Dropping frame 1403637201.638319
Dropping frame 1403637201.8383191
Dropping frame 1403637202.138319
Dropping frame 1403637202.2383192
Dropping frame 1403637202.3383191
Dropping frame 1403637202.5383191
Dropping frame 1403637202.638319
Dropping frame 1403637202.8383191
Dropping frame 1403637202.9383192
Dropping frame 1403637203.188319
Dropping frame 1403637203.2883189
Dropping frame 1403637203.388319
Dropping frame 1403637203.5883191
Dropping frame 1403637203.688319
Dropping frame 1403637203.7883189
Dropping frame 1403637203.888319
Dropping frame 1403637204.0883191
Dropping frame 1403637204.9883189
Dropping frame 1403637205.0883191
Dropping frame 1403637205.3383191
Dropping frame 1403637205.5383191
Dropping frame 1403637205.688319
Dropping frame 1403637205.7883189
Dropping frame 1403637205.888319
Dropping frame 1403637205.9883189
Dropping frame 1403637206.188319
Dropping frame 1403637206.2883189
Dropping frame 1403637206.388319
Dropping frame 1403637206.5883191
Dropping frame 1403637206.7883189
Dropping frame 1403637206.888319
Dropping frame 1403637206.9883189
Dropping frame 1403637207.188319
Dropping frame 1403637207.4383192
Dropping frame 1403637207.5383191
Dropping frame 1403637207.638319
Dropping frame 1403637207.8383191
Dropping frame 1403637207.9383192
Dropping frame 1403637208.0383191
Dropping frame 1403637208.188319
Dropping frame 1403637208.388319
Dropping frame 1403637208.4883189
Dropping frame 1403637208.5883191
Dropping frame 1403637208.7883189
Dropping frame 1403637208.888319
Dropping frame 1403637208.9883189
Dropping frame 1403637209.138319
Dropping frame 1403637209.2383192
Dropping frame 1403637209.4383192
Dropping frame 1403637209.638319
Dropping frame 1403637209.8383191
Dropping frame 1403637209.9383192
Dropping frame 1403637210.0383191
Dropping frame 1403637210.2383192
Dropping frame 1403637210.3383191
Dropping frame 1403637210.5383191
Dropping frame 1403637210.638319
Dropping frame 1403637210.7383192
Dropping frame 1403637210.9383192
Dropping frame 1403637211.0383191
Dropping frame 1403637211.138319
Dropping frame 1403637211.3383191
Dropping frame 1403637211.5383191
Dropping frame 1403637211.638319
Dropping frame 1403637211.7383192
Dropping frame 1403637211.8383191
Dropping frame 1403637212.0383191
Dropping frame 1403637212.138319
Dropping frame 1403637212.2383192
Dropping frame 1403637212.4383192
Dropping frame 1403637212.5383191
Dropping frame 1403637212.638319
Dropping frame 1403637212.8383191
Dropping frame 1403637213.0383191
Dropping frame 1403637213.138319
Dropping frame 1403637213.2383192
Dropping frame 1403637213.3383191
Dropping frame 1403637213.4383192
Dropping frame 1403637213.638319
Dropping frame 1403637213.7383192
Dropping frame 1403637213.8383191
Dropping frame 1403637214.0383191
Dropping frame 1403637214.138319
Dropping frame 1403637214.3383191
Dropping frame 1403637214.5383191
Dropping frame 1403637214.638319
Dropping frame 1403637214.7383192
Dropping frame 1403637214.9383192
Dropping frame 1403637215.138319
Dropping frame 1403637215.2383192
Dropping frame 1403637215.4383192
Dropping frame 1403637215.5383191
Dropping frame 1403637215.638319
Dropping frame 1403637215.7383192
Dropping frame 1403637215.9383192
Dropping frame 1403637216.138319
Dropping frame 1403637216.2383192
Dropping frame 1403637216.3383191
Dropping frame 1403637216.5383191
Dropping frame 1403637216.638319
Dropping frame 1403637216.8383191
Dropping frame 1403637216.9383192
Dropping frame 1403637217.0383191
Dropping frame 1403637217.2383192
Dropping frame 1403637217.3383191
Dropping frame 1403637217.4383192
Dropping frame 1403637217.638319
Dropping frame 1403637217.8383191
Dropping frame 1403637218.0383191
Dropping frame 1403637218.138319
Dropping frame 1403637218.2383192
Dropping frame 1403637218.4383192
Dropping frame 1403637218.638319
Dropping frame 1403637218.8383191
Dropping frame 1403637218.9383192
Dropping frame 1403637219.0383191
Dropping frame 1403637219.2383192
Dropping frame 1403637219.3383191
Dropping frame 1403637219.5383191
Dropping frame 1403637219.638319
Dropping frame 1403637219.7383192
Dropping frame 1403637219.9383192
Dropping frame 1403637220.138319
Dropping frame 1403637220.3383191
Dropping frame 1403637220.4383192
Dropping frame 1403637220.5383191
Dropping frame 1403637220.7383192
Dropping frame 1403637220.8383191
Dropping frame 1403637221.0383191
Dropping frame 1403637221.138319
Dropping frame 1403637221.2383192
Dropping frame 1403637221.4383192
Dropping frame 1403637221.5383191
Dropping frame 1403637221.638319
Dropping frame 1403637221.8383191
Dropping frame 1403637222.0383191
Dropping frame 1403637222.138319
Dropping frame 1403637222.2383192
Dropping frame 1403637222.3383191
Dropping frame 1403637222.5383191
Dropping frame 1403637222.7383192
Dropping frame 1403637222.8383191
Dropping frame 1403637222.9383192
Dropping frame 1403637223.0383191
Dropping frame 1403637223.2383192
Dropping frame 1403637223.4383192
Dropping frame 1403637223.5383191
Dropping frame 1403637223.638319
Dropping frame 1403637223.8383191
Dropping frame 1403637223.9383192
Dropping frame 1403637224.0383191
Dropping frame 1403637224.138319
Dropping frame 1403637224.2383192
Dropping frame 1403637224.3383191
Dropping frame 1403637224.4883189
Dropping frame 1403637224.5883191
Dropping frame 1403637224.8383191
Dropping frame 1403637225.0383191
Dropping frame 1403637225.138319
Dropping frame 1403637225.4883189
Dropping frame 1403637225.5883191
Dropping frame 1403637225.688319
Dropping frame 1403637225.7883189
Dropping frame 1403637225.9883189
Dropping frame 1403637226.0883191
Dropping frame 1403637226.2883189
Dropping frame 1403637226.4883189
Dropping frame 1403637226.5883191
Dropping frame 1403637226.688319
Dropping frame 1403637226.9883189
Dropping frame 1403637227.0883191
Dropping frame 1403637227.188319
Dropping frame 1403637227.3383191
Dropping frame 1403637227.4383192
Dropping frame 1403637227.638319
Dropping frame 1403637227.7383192
Dropping frame 1403637227.888319
Dropping frame 1403637228.188319
Dropping frame 1403637228.3383191
Dropping frame 1403637228.5883191
Dropping frame 1403637228.688319
Dropping frame 1403637228.7883189
Dropping frame 1403637229.138319
Dropping frame 1403637229.2383192
Dropping frame 1403637229.3383191
Dropping frame 1403637229.5383191
Dropping frame 1403637229.7383192
Dropping frame 1403637229.888319
Dropping frame 1403637229.9883189
Dropping frame 1403637230.188319
Dropping frame 1403637230.388319
Dropping frame 1403637230.4883189
Dropping frame 1403637230.5883191
Dropping frame 1403637230.688319
Dropping frame 1403637230.888319
Dropping frame 1403637231.0883191
Dropping frame 1403637231.188319
Dropping frame 1403637231.2883189
Dropping frame 1403637231.5383191
Dropping frame 1403637231.638319
Dropping frame 1403637231.7383192
Dropping frame 1403637231.8383191
Dropping frame 1403637232.0383191
Dropping frame 1403637232.138319
Dropping frame 1403637232.388319
Dropping frame 1403637232.5883191
Dropping frame 1403637232.7883189
Dropping frame 1403637232.888319
Dropping frame 1403637233.138319
Dropping frame 1403637233.2883189
Dropping frame 1403637233.4883189
Dropping frame 1403637233.5883191
Dropping frame 1403637233.8383191
Dropping frame 1403637234.0383191
Dropping frame 1403637234.2383192
Dropping frame 1403637234.4383192
Dropping frame 1403637234.5383191
Dropping frame 1403637234.638319
Dropping frame 1403637234.8383191
Dropping frame 1403637234.9383192
Dropping frame 1403637235.188319
Dropping frame 1403637235.388319
Dropping frame 1403637235.5883191
Dropping frame 1403637235.7883189
Dropping frame 1403637236.188319
Dropping frame 1403637236.388319
Dropping frame 1403637236.5883191
Dropping frame 1403637236.688319
Dropping frame 1403637236.7883189
Dropping frame 1403637236.9883189
Dropping frame 1403637237.188319
Dropping frame 1403637237.388319
Dropping frame 1403637237.688319
Dropping frame 1403637237.888319
Dropping frame 1403637238.0883191
Dropping frame 1403637238.188319
Dropping frame 1403637238.5883191
Dropping frame 1403637239.0383191
Dropping frame 1403637239.2383192
Dropping frame 1403637239.388319
Dropping frame 1403637240.4383192
Dropping frame 1403637240.5383191
Dropping frame 1403637240.9383192
Dropping frame 1403637241.138319
Dropping frame 1403637241.2383192
Dropping frame 1403637241.3383191
Dropping frame 1403637241.688319
Dropping frame 1403637241.888319
Dropping frame 1403637241.9883189
Dropping frame 1403637242.2383192
Dropping frame 1403637242.3383191
Dropping frame 1403637242.5883191
Dropping frame 1403637242.9383192
Dropping frame 1403637243.138319
Dropping frame 1403637243.2383192
Dropping frame 1403637243.3383191
Dropping frame 1403637243.688319
Dropping frame 1403637243.888319
Dropping frame 1403637243.9883189
Dropping frame 1403637244.0883191
Dropping frame 1403637244.2883189
Dropping frame 1403637244.4883189
Dropping frame 1403637244.5883191
Dropping frame 1403637244.8383191
Dropping frame 1403637245.0383191
Dropping frame 1403637245.2383192
Dropping frame 1403637245.3383191
Dropping frame 1403637245.4383192
Dropping frame 1403637245.638319
Dropping frame 1403637245.7383192
Dropping frame 1403637245.8383191
Dropping frame 1403637245.9383192
Dropping frame 1403637246.0383191
Dropping frame 1403637246.2383192
Dropping frame 1403637246.4383192
Dropping frame 1403637246.638319
Dropping frame 1403637246.7383192
Dropping frame 1403637246.8383191
Dropping frame 1403637247.0383191
Dropping frame 1403637247.2383192
Dropping frame 1403637247.3383191
Dropping frame 1403637247.4383192
Dropping frame 1403637247.638319
Dropping frame 1403637247.8383191
Dropping frame 1403637247.9383192
Dropping frame 1403637248.0383191
Dropping frame 1403637248.138319
Dropping frame 1403637248.3383191
Dropping frame 1403637248.5383191
Dropping frame 1403637248.7383192
Dropping frame 1403637248.8383191
Dropping frame 1403637248.9383192
Dropping frame 1403637249.138319
Dropping frame 1403637249.3383191
Dropping frame 1403637249.5383191
Dropping frame 1403637249.7383192
Dropping frame 1403637249.8383191
Dropping frame 1403637249.9383192
Dropping frame 1403637250.138319
Dropping frame 1403637250.2383192
Dropping frame 1403637250.3383191
Dropping frame 1403637250.4383192
Dropping frame 1403637250.5383191
Dropping frame 1403637250.638319
Dropping frame 1403637250.7383192
Dropping frame 1403637250.8383191
Dropping frame 1403637250.9383192
Dropping frame 1403637251.0383191
Dropping frame 1403637251.2383192
Dropping frame 1403637251.3383191
Dropping frame 1403637251.4383192
Dropping frame 1403637251.5383191
Dropping frame 1403637251.638319
Dropping frame 1403637252.0383191
Dropping frame 1403637252.138319
Dropping frame 1403637252.2383192
Dropping frame 1403637252.4383192
Dropping frame 1403637252.5383191
Dropping frame 1403637252.638319
Dropping frame 1403637252.8383191
Dropping frame 1403637252.9383192
Dropping frame 1403637253.138319
Dropping frame 1403637253.3383191
Dropping frame 1403637253.5383191
Dropping frame 1403637253.7383192
Dropping frame 1403637253.8383191
Dropping frame 1403637253.9383192
Dropping frame 1403637254.138319
Dropping frame 1403637254.3383191
Dropping frame 1403637254.5383191
Dropping frame 1403637254.638319
Dropping frame 1403637254.7383192
Dropping frame 1403637254.9383192
Dropping frame 1403637255.0383191
Dropping frame 1403637255.138319
Dropping frame 1403637255.3383191
Dropping frame 1403637255.5383191
Dropping frame 1403637255.7383192
Dropping frame 1403637255.8383191
Dropping frame 1403637255.9383192
Dropping frame 1403637256.138319
Dropping frame 1403637256.2383192
Dropping frame 1403637256.3383191
Dropping frame 1403637256.4383192
Dropping frame 1403637256.638319
Dropping frame 1403637256.8383191
Dropping frame 1403637257.0383191
Dropping frame 1403637257.138319
Dropping frame 1403637257.2383192
Dropping frame 1403637257.4383192
Dropping frame 1403637257.638319
Dropping frame 1403637257.8383191
Dropping frame 1403637257.9383192
Dropping frame 1403637258.138319
Dropping frame 1403637258.2383192
Dropping frame 1403637258.3383191
Dropping frame 1403637258.5383191
Dropping frame 1403637258.7383192
Dropping frame 1403637258.9883189
Dropping frame 1403637259.0883191
Dropping frame 1403637259.2883189
Dropping frame 1403637259.4883189
Dropping frame 1403637259.688319
Dropping frame 1403637259.7883189
Dropping frame 1403637259.9883189
Dropping frame 1403637260.188319
Dropping frame 1403637260.2883189
Dropping frame 1403637260.388319
Dropping frame 1403637260.5883191
Dropping frame 1403637260.688319
Dropping frame 1403637260.7883189
Dropping frame 1403637260.9883189
Dropping frame 1403637261.0883191
Dropping frame 1403637261.188319
Dropping frame 1403637261.388319
Dropping frame 1403637261.5883191
Dropping frame 1403637261.7883189
Dropping frame 1403637261.888319
Dropping frame 1403637261.9883189
Dropping frame 1403637262.188319
Dropping frame 1403637262.388319
Dropping frame 1403637262.4883189
Dropping frame 1403637262.7383192
Dropping frame 1403637262.9383192
Dropping frame 1403637263.138319
Dropping frame 1403637263.2383192
Dropping frame 1403637263.3383191
Dropping frame 1403637263.5383191
Dropping frame 1403637263.7383192
Dropping frame 1403637263.9383192
Dropping frame 1403637264.0383191
Dropping frame 1403637264.138319
Dropping frame 1403637264.7383192
Dropping frame 1403637264.9383192
Dropping frame 1403637265.138319
Dropping frame 1403637265.2383192
Dropping frame 1403637265.3383191
Shutdown
SLAM Finished at System Time: 1734510555.28093

 TIME STATS in ms (mean$\pm$std)
OpenCV version: 4.8.1
---------------------------
Tracking

ORB Extraction: 18.784$\pm$2.4267
Stereo Matching: 7.9454$\pm$1.98
IMU Preintegration: 0.26435$\pm$0.11869
Pose Prediction: 0.76203$\pm$1.8166
LM Track: 19.559$\pm$6.8436
New KF decision: 1.5488$\pm$2.7235
Total Tracking: 31.362$\pm$27.116



Local Mapping

KF Insertion: 14.599$\pm$4.996
MP Culling: 0.61088$\pm$0.2965
MP Creation: 46.425$\pm$18.643
LBA: 146.06$\pm$60.502
KF Culling: 15.496$\pm$10.898
Total Local Mapping: 221.43$\pm$85.943
---------------------------

LBA complexity (mean$\pm$std)
LBA Edges: 1551.5$\pm$577.63
LBA KF optimized: 6.5$\pm$2.2913
LBA KF fixed: 1$\pm$0
LBA MP: nan$\pm$nan

LBA executions: 472
LBA aborts: 0
---------------------------

Map complexity
KFs in map: 215
MPs in map: 17130
---------------------------

Place Recognition (mean$\pm$std)
Database Query: 2.5053$\pm$1.3849
SE3 estimation: 29.593$\pm$17.413
Total Place Recognition: 24.369$\pm$21.1


Loop Closing (mean$\pm$std)
Loop Fusion: nan$\pm$nan
Essential Graph: nan$\pm$nan
Total Loop Closing: nan$\pm$nan

Num exec: 0
Number of KFs: nan$\pm$nan

Map Merging (mean$\pm$std)
Merge Maps: nan$\pm$nan
Welding BA: nan$\pm$nan
Optimization Ess.: nan$\pm$nan
Total Map Merging: nan$\pm$nan

Num exec: 0
Number of KFs: nan$\pm$nan
Number of MPs: nan$\pm$nan

Full GBA (mean$\pm$std)
GBA: nan$\pm$nan
Map Update: nan$\pm$nan
Total Full GBA: nan$\pm$nan

Num exec: 0
Num abort: 0
Number of KFs: nan$\pm$nan
Number of MPs: nan$\pm$nan

Saving trajectory to f_dataset-MH03_stereo_imu.txt ...
There are 1 maps in the atlas
  Map 0 has 215 KFs

End of saving trajectory to f_dataset-MH03_stereo_imu.txt ...

Saving keyframe trajectory to kf_dataset-MH03_stereo_imu.txt ...
