num_seq = 1
file name: dataset-MH03_stereo_imu
Loading images for sequence 0...LOADED!
Loading IMU for sequence 0...LOADED!

-------

ORB-SLAM3 Copyright (C) 2017-2020 Carlos Campos, Richard Elvira, Juan J. Gómez, José M.M. Montiel and Juan D. Tardós, University of Zaragoza.
ORB-SLAM2 Copyright (C) 2014-2016 Raúl Mur-Artal, José M.M. Montiel and Juan D. Tardós, University of Zaragoza.
This program comes with ABSOLUTELY NO WARRANTY;
This is free software, and you are welcome to redistribute it
under certain conditions. See LICENSE.txt.

Built with REGISTER_TIMES
Git Commit Hash: 42e930e

Compiled with C++ version: 201703

Input sensor was set to: Stereo-Inertial
Loading settings from ./Examples/Stereo-Inertial/EuRoC_fov_deadlines_mask_5x5.yaml
	-Loaded camera 1
	-Loaded camera 2
	-Loaded image info
	-Loaded IMU calibration
	-Loaded ORB settings
	-Loaded viewer settings
	-Loaded Atlas settings
Deadlines enabled, will skip frames!
FOV enabled
Static mask size: 5x5
Dumping map points enabled
	-Loaded misc parameters
	-Computed rectification maps
----------------------------------
SLAM settings: 
	-Camera 1 parameters (Pinhole): [ 458.65399169921875 457.29598999023438 367.21499633789062 248.375 ]
	-Camera 1 distortion parameters: [  -0.28340810537338257 0.073959067463874817 0.00019359000725671649 1.7618711353861727e-05 ]
	-Camera 2 parameters (Pinhole: [ 457.58700561523438 456.13400268554688 379.99899291992188 255.23800659179688 ]
	-Camera 1 distortion parameters: [  -0.2836836576461792 0.074512839317321777 -0.00010473000293131918 -3.555907096597366e-05 ]
	-Original image size: [ 752 , 480 ]
	-Current image size: [ 752 , 480 ]
	-Camera 1 parameters after rectification: [  456.71499633789062 456.71499633789062 364.52615356445312 257.268798828125 ]
	-Sequence FPS: 20
	-Stereo baseline: 0.11007784307003021
	-Stereo depth threshold : 60
	-Gyro noise: 0.00016999999934341758
	-Accelerometer noise: 0.0020000000949949026
	-Gyro walk: 1.9392999092815444e-05
	-Accelerometer walk: 0.0030000000260770321
	-IMU frequency: 200
	-Features per image: 1200
	-ORB scale factor: 1.2000000476837158
	-ORB number of scales: 8
	-Initial FAST threshold: 20
	-Min FAST threshold: 7


Loading ORB Vocabulary. This could take a while...
Vocabulary loaded!

Initialization of Atlas from scratch 
Creation of new map with id: 0
Creation of new map with last KF id: 0
Seq. Name: 
There are 1 cameras in the atlas
Camera 0 is pinhole
SLAM Started at System Time: 1734506966.24637
not IMU meas
not IMU meas
not enough acceleration
not enough acceleration
First KF:0; Map init KF:0
New Map created with 157 points
Active map: 0
Not enough motion for initializing. Reseting...
TRACK: Reset map because local mapper set the bad imu flag 
LM: Reseting current map in Local Mapping...
LM: End reseting Local Mapping...
LM: Reset free the mutex
LM: Active map reset recieved
LM: Active map reset, waiting...
LM: Reseting current map in Local Mapping...
LM: End reseting Local Mapping...
LM: Reset free the mutex
LM: Active map reset, Done!!!
mnFirstFrameId = 4
mnInitialFrameId = 0
51 Frames set to lost
not IMU meas
not enough acceleration
First KF:11; Map init KF:0
New Map created with 208 points
Active map: 0
Dropping frame 1403637134.0883191
Dropping frame 1403637134.4883189
Dropping frame 1403637134.8383191
Dropping frame 1403637135.2383192
Dropping frame 1403637136.3383191
Dropping frame 1403637137.7883189
Dropping frame 1403637138.4883189
start VIBA 1
end VIBA 1
Dropping frame 1403637139.138319
Dropping frame 1403637139.3383191
Dropping frame 1403637139.5383191
Dropping frame 1403637139.638319
Not enough motion for initializing. Reseting...
TRACK: Reset map because local mapper set the bad imu flag 
LM: Reseting current map in Local Mapping...
LM: End reseting Local Mapping...
LM: Reset free the mutex
LM: Active map reset recieved
LM: Active map reset, waiting...
LM: Reseting current map in Local Mapping...
LM: End reseting Local Mapping...
LM: Reset free the mutex
LM: Active map reset, Done!!!
mnFirstFrameId = 58
mnInitialFrameId = 55
179 Frames set to lost
not IMU meas
not enough acceleration
not enough acceleration
not enough acceleration
not enough acceleration
not enough acceleration
not enough acceleration
not enough acceleration
not enough acceleration
not enough acceleration
not enough acceleration
not enough acceleration
not enough acceleration
not enough acceleration
not enough acceleration
not enough acceleration
not enough acceleration
not enough acceleration
not enough acceleration
not enough acceleration
not enough acceleration
not enough acceleration
not enough acceleration
not enough acceleration
not enough acceleration
not enough acceleration
not enough acceleration
not enough acceleration
not enough acceleration
not enough acceleration
not enough acceleration
not enough acceleration
not enough acceleration
not enough acceleration
not enough acceleration
not enough acceleration
not enough acceleration
not enough acceleration
not enough acceleration
not enough acceleration
not enough acceleration
not enough acceleration
not enough acceleration
not enough acceleration
not enough acceleration
not enough acceleration
not enough acceleration
not enough acceleration
not enough acceleration
not enough acceleration
not enough acceleration
not enough acceleration
not enough acceleration
not enough acceleration
not enough acceleration
not enough acceleration
not enough acceleration
not enough acceleration
not enough acceleration
not enough acceleration
not enough acceleration
not enough acceleration
not enough acceleration
not enough acceleration
not enough acceleration
not enough acceleration
not enough acceleration
not enough acceleration
not enough acceleration
not enough acceleration
not enough acceleration
not enough acceleration
not enough acceleration
not enough acceleration
not enough acceleration
not enough acceleration
not enough acceleration
not enough acceleration
not enough acceleration
not enough acceleration
not enough acceleration
not enough acceleration
not enough acceleration
not enough acceleration
First KF:43; Map init KF:11
New Map created with 160 points
Active map: 0
Not enough motion for initializing. Reseting...
TRACK: Reset map because local mapper set the bad imu flag 
LM: Reseting current map in Local Mapping...
LM: End reseting Local Mapping...
LM: Reset free the mutex
LM: Active map reset recieved
LM: Active map reset, waiting...
LM: Reseting current map in Local Mapping...
LM: End reseting Local Mapping...
LM: Reset free the mutex
LM: Active map reset, Done!!!
mnFirstFrameId = 271
mnInitialFrameId = 186
235 Frames set to lost
not IMU meas
not enough acceleration
not enough acceleration
not enough acceleration
not enough acceleration
not enough acceleration
not enough acceleration
not enough acceleration
not enough acceleration
not enough acceleration
not enough acceleration
not enough acceleration
not enough acceleration
not enough acceleration
not enough acceleration
not enough acceleration
not enough acceleration
not enough acceleration
not enough acceleration
not enough acceleration
not enough acceleration
not enough acceleration
not enough acceleration
not enough acceleration
not enough acceleration
not enough acceleration
not enough acceleration
not enough acceleration
not enough acceleration
not enough acceleration
not enough acceleration
not enough acceleration
not enough acceleration
not enough acceleration
not enough acceleration
not enough acceleration
not enough acceleration
not enough acceleration
not enough acceleration
not enough acceleration
not enough acceleration
not enough acceleration
not enough acceleration
not enough acceleration
not enough acceleration
First KF:54; Map init KF:43
New Map created with 133 points
Active map: 0
Dropping frame 1403637152.2383192
Dropping frame 1403637152.5383191
Dropping frame 1403637153.0883191
Dropping frame 1403637153.388319
Dropping frame 1403637153.7383192
Dropping frame 1403637154.0883191
Dropping frame 1403637154.188319
Dropping frame 1403637154.388319
Dropping frame 1403637154.5883191
Dropping frame 1403637154.888319
Dropping frame 1403637154.9883189
start VIBA 1
end VIBA 1
Dropping frame 1403637155.188319
Dropping frame 1403637155.388319
Dropping frame 1403637155.638319
Dropping frame 1403637155.9383192
Dropping frame 1403637156.3383191
Dropping frame 1403637156.5883191
Dropping frame 1403637156.8383191
Dropping frame 1403637156.9883189
Dropping frame 1403637157.188319
Dropping frame 1403637157.2883189
Dropping frame 1403637157.638319
Dropping frame 1403637157.8383191
Dropping frame 1403637158.138319
Dropping frame 1403637158.2383192
Dropping frame 1403637158.4883189
Dropping frame 1403637158.5883191
Dropping frame 1403637158.688319
Dropping frame 1403637158.9383192
Dropping frame 1403637159.0383191
Dropping frame 1403637159.188319
Dropping frame 1403637159.4383192
Dropping frame 1403637159.5383191
Dropping frame 1403637159.638319
Dropping frame 1403637160.0383191
Dropping frame 1403637160.4383192
Dropping frame 1403637160.7383192
Dropping frame 1403637160.8383191
Dropping frame 1403637161.0883191
Dropping frame 1403637161.4883189
Dropping frame 1403637161.5883191
Dropping frame 1403637161.9883189
Dropping frame 1403637162.138319
Dropping frame 1403637162.388319
Dropping frame 1403637162.4883189
Dropping frame 1403637162.5883191
Dropping frame 1403637162.8383191
Dropping frame 1403637163.0383191
Dropping frame 1403637163.5383191
Dropping frame 1403637164.188319
Dropping frame 1403637165.0383191
start VIBA 2
end VIBA 2
Dropping frame 1403637166.188319
Dropping frame 1403637166.5383191
Dropping frame 1403637166.638319
Dropping frame 1403637166.9383192
Dropping frame 1403637167.0383191
Dropping frame 1403637167.138319
Dropping frame 1403637167.2383192
Dropping frame 1403637167.5883191
Dropping frame 1403637167.7883189
Dropping frame 1403637167.888319
Dropping frame 1403637167.9883189
Dropping frame 1403637168.5883191
Dropping frame 1403637168.688319
Dropping frame 1403637169.138319
Dropping frame 1403637169.3383191
Dropping frame 1403637169.7383192
Dropping frame 1403637169.8383191
Dropping frame 1403637170.0383191
Dropping frame 1403637170.138319
Dropping frame 1403637170.2383192
Dropping frame 1403637170.7383192
Dropping frame 1403637171.4883189
Dropping frame 1403637171.7383192
Dropping frame 1403637172.0383191
Dropping frame 1403637172.3383191
Dropping frame 1403637175.9383192
Dropping frame 1403637176.138319
Dropping frame 1403637176.8383191
Dropping frame 1403637177.0383191
Dropping frame 1403637177.188319
Dropping frame 1403637177.638319
Dropping frame 1403637177.7383192
Dropping frame 1403637177.9883189
Dropping frame 1403637178.188319
Dropping frame 1403637178.688319
Dropping frame 1403637178.7883189
Dropping frame 1403637179.0383191
Dropping frame 1403637179.2383192
Dropping frame 1403637179.4383192
Dropping frame 1403637179.5383191
Dropping frame 1403637179.7383192
Dropping frame 1403637180.9383192
Dropping frame 1403637181.2883189
Dropping frame 1403637181.688319
Dropping frame 1403637183.8383191
Dropping frame 1403637184.638319
Dropping frame 1403637184.9383192
Dropping frame 1403637185.0383191
Dropping frame 1403637185.3383191
Dropping frame 1403637185.4383192
Dropping frame 1403637185.688319
Dropping frame 1403637185.7883189
Dropping frame 1403637185.9883189
Dropping frame 1403637186.188319
Dropping frame 1403637186.2883189
Dropping frame 1403637186.388319
Dropping frame 1403637186.5883191
Dropping frame 1403637186.688319
Dropping frame 1403637186.7883189
Dropping frame 1403637186.888319
Dropping frame 1403637187.138319
Dropping frame 1403637187.3383191
Dropping frame 1403637187.4383192
Dropping frame 1403637187.688319
Dropping frame 1403637187.7883189
Dropping frame 1403637187.888319
Dropping frame 1403637188.0883191
Dropping frame 1403637188.188319
Dropping frame 1403637188.388319
Dropping frame 1403637188.4883189
Dropping frame 1403637188.5883191
Dropping frame 1403637188.688319
Dropping frame 1403637189.5883191
Dropping frame 1403637189.8383191
Dropping frame 1403637189.9383192
Dropping frame 1403637190.188319
Dropping frame 1403637190.5383191
Dropping frame 1403637190.7383192
Dropping frame 1403637190.9383192
Dropping frame 1403637191.138319
Dropping frame 1403637191.2883189
Dropping frame 1403637191.4883189
Dropping frame 1403637191.5883191
Dropping frame 1403637191.9883189
Dropping frame 1403637192.2883189
Dropping frame 1403637192.4383192
Dropping frame 1403637193.2383192
Dropping frame 1403637193.688319
Dropping frame 1403637193.7883189
Dropping frame 1403637194.188319
Dropping frame 1403637194.2883189
Dropping frame 1403637194.5883191
Dropping frame 1403637194.7883189
Dropping frame 1403637194.9883189
Dropping frame 1403637195.0883191
Dropping frame 1403637195.3383191
Dropping frame 1403637195.638319
Dropping frame 1403637195.9383192
Dropping frame 1403637196.0383191
Dropping frame 1403637196.3383191
Dropping frame 1403637196.638319
Dropping frame 1403637196.9383192
Dropping frame 1403637197.0883191
Dropping frame 1403637197.188319
Dropping frame 1403637197.388319
Dropping frame 1403637197.638319
Dropping frame 1403637197.7383192
Dropping frame 1403637197.8383191
Dropping frame 1403637197.9383192
Dropping frame 1403637198.0383191
Dropping frame 1403637198.138319
Dropping frame 1403637198.2883189
Dropping frame 1403637198.388319
Dropping frame 1403637198.5383191
Dropping frame 1403637198.638319
Dropping frame 1403637198.7383192
Dropping frame 1403637199.0383191
Dropping frame 1403637199.138319
Dropping frame 1403637199.2383192
Dropping frame 1403637199.5383191
Dropping frame 1403637199.7383192
Dropping frame 1403637199.8383191
Dropping frame 1403637199.9383192
Dropping frame 1403637200.0383191
Dropping frame 1403637200.138319
Dropping frame 1403637200.3383191
Dropping frame 1403637200.5383191
Dropping frame 1403637200.638319
Dropping frame 1403637200.7383192
Dropping frame 1403637200.8383191
Dropping frame 1403637201.0383191
Dropping frame 1403637201.2383192
Dropping frame 1403637201.3383191
Dropping frame 1403637201.4383192
Dropping frame 1403637201.638319
Dropping frame 1403637201.7383192
Dropping frame 1403637201.8383191
Dropping frame 1403637202.0383191
Dropping frame 1403637202.2383192
Dropping frame 1403637202.4383192
Dropping frame 1403637202.5383191
Dropping frame 1403637202.638319
Dropping frame 1403637202.8383191
Dropping frame 1403637203.0383191
Dropping frame 1403637203.2383192
Dropping frame 1403637203.4383192
Dropping frame 1403637203.5383191
Dropping frame 1403637203.638319
Dropping frame 1403637203.7383192
Dropping frame 1403637203.9383192
Dropping frame 1403637204.0383191
Dropping frame 1403637204.138319
Dropping frame 1403637204.3383191
Dropping frame 1403637204.5383191
Dropping frame 1403637204.638319
Dropping frame 1403637204.7883189
Dropping frame 1403637204.9883189
Dropping frame 1403637205.188319
Dropping frame 1403637205.388319
Dropping frame 1403637205.4883189
Dropping frame 1403637205.5883191
Dropping frame 1403637205.7883189
Dropping frame 1403637205.9883189
Dropping frame 1403637206.0883191
Dropping frame 1403637206.188319
Dropping frame 1403637206.388319
Dropping frame 1403637206.5883191
Dropping frame 1403637206.7883189
Dropping frame 1403637206.9883189
Dropping frame 1403637207.0883191
Dropping frame 1403637207.188319
Dropping frame 1403637207.3383191
Dropping frame 1403637207.4383192
Dropping frame 1403637207.7383192
Dropping frame 1403637207.8383191
Dropping frame 1403637208.138319
Dropping frame 1403637208.3383191
Dropping frame 1403637208.4383192
Dropping frame 1403637208.7383192
Dropping frame 1403637208.9383192
Dropping frame 1403637209.2883189
Dropping frame 1403637209.5883191
Dropping frame 1403637209.7883189
Dropping frame 1403637210.188319
Dropping frame 1403637210.388319
Dropping frame 1403637210.4883189
Dropping frame 1403637210.7383192
Dropping frame 1403637210.9883189
Dropping frame 1403637211.2883189
Dropping frame 1403637211.4883189
Dropping frame 1403637212.5883191
Dropping frame 1403637213.2883189
Dropping frame 1403637213.9883189
Dropping frame 1403637214.638319
Dropping frame 1403637214.8383191
Dropping frame 1403637215.0383191
Dropping frame 1403637215.388319
Dropping frame 1403637217.138319
Dropping frame 1403637217.888319
Dropping frame 1403637218.638319
Dropping frame 1403637218.9883189
Dropping frame 1403637219.0883191
Dropping frame 1403637219.3383191
Dropping frame 1403637219.5383191
Dropping frame 1403637219.888319
Dropping frame 1403637220.0883191
Dropping frame 1403637220.2883189
Dropping frame 1403637220.388319
Dropping frame 1403637220.5883191
Dropping frame 1403637220.7883189
Dropping frame 1403637220.888319
Dropping frame 1403637221.2383192
Dropping frame 1403637221.9383192
Dropping frame 1403637222.2883189
Dropping frame 1403637222.638319
Dropping frame 1403637222.9883189
Dropping frame 1403637223.188319
Dropping frame 1403637223.388319
Dropping frame 1403637223.688319
Dropping frame 1403637224.5883191
Dropping frame 1403637224.688319
Dropping frame 1403637224.9383192
Dropping frame 1403637225.2383192
Dropping frame 1403637225.4383192
Dropping frame 1403637225.638319
Dropping frame 1403637225.7383192
Dropping frame 1403637225.9883189
Dropping frame 1403637226.188319
Dropping frame 1403637226.388319
Dropping frame 1403637226.4883189
Dropping frame 1403637226.7383192
Dropping frame 1403637226.8383191
Dropping frame 1403637226.9383192
Dropping frame 1403637227.188319
Dropping frame 1403637227.2883189
Dropping frame 1403637227.4883189
Dropping frame 1403637227.688319
Dropping frame 1403637227.888319
Dropping frame 1403637227.9883189
Dropping frame 1403637228.0883191
Dropping frame 1403637228.2883189
Dropping frame 1403637228.388319
Dropping frame 1403637228.4883189
Dropping frame 1403637228.688319
Dropping frame 1403637228.7883189
Dropping frame 1403637228.888319
Dropping frame 1403637229.0883191
Dropping frame 1403637229.188319
Dropping frame 1403637229.2883189
Dropping frame 1403637229.4883189
Dropping frame 1403637229.688319
Dropping frame 1403637229.888319
Dropping frame 1403637230.0883191
Dropping frame 1403637230.188319
Dropping frame 1403637230.2883189
Dropping frame 1403637230.4883189
Dropping frame 1403637230.688319
Dropping frame 1403637230.888319
Dropping frame 1403637231.188319
Dropping frame 1403637231.2883189
Dropping frame 1403637231.5383191
Dropping frame 1403637231.7383192
Dropping frame 1403637231.8383191
Dropping frame 1403637232.2883189
Dropping frame 1403637232.4383192
Dropping frame 1403637232.888319
Dropping frame 1403637233.0883191
Dropping frame 1403637233.2883189
Dropping frame 1403637233.388319
Dropping frame 1403637233.888319
Dropping frame 1403637234.0883191
Dropping frame 1403637234.5383191
Dropping frame 1403637234.638319
Dropping frame 1403637234.7383192
Dropping frame 1403637234.9383192
Dropping frame 1403637235.0383191
Dropping frame 1403637235.2883189
Dropping frame 1403637235.388319
Dropping frame 1403637235.4883189
Dropping frame 1403637235.688319
Dropping frame 1403637235.888319
Dropping frame 1403637236.0883191
Dropping frame 1403637236.188319
Dropping frame 1403637236.388319
Dropping frame 1403637236.5883191
Dropping frame 1403637236.688319
Dropping frame 1403637236.8383191
Dropping frame 1403637237.0883191
Dropping frame 1403637237.2883189
Dropping frame 1403637237.688319
Dropping frame 1403637237.7883189
Dropping frame 1403637237.888319
Dropping frame 1403637238.0883191
Dropping frame 1403637238.2883189
Dropping frame 1403637238.388319
Dropping frame 1403637238.4883189
Dropping frame 1403637238.5883191
Dropping frame 1403637238.688319
Dropping frame 1403637238.888319
Dropping frame 1403637239.188319
Dropping frame 1403637239.2883189
Dropping frame 1403637239.388319
Dropping frame 1403637239.5383191
Dropping frame 1403637239.7883189
Dropping frame 1403637239.888319
Dropping frame 1403637240.2383192
Dropping frame 1403637240.5383191
Dropping frame 1403637240.638319
Dropping frame 1403637240.7383192
Dropping frame 1403637241.138319
Dropping frame 1403637241.2383192
Dropping frame 1403637241.3383191
Dropping frame 1403637241.5383191
Dropping frame 1403637241.7383192
Dropping frame 1403637241.8383191
Dropping frame 1403637241.9883189
Dropping frame 1403637242.188319
Dropping frame 1403637242.2883189
Dropping frame 1403637242.5883191
Dropping frame 1403637242.8383191
Dropping frame 1403637244.4383192
Dropping frame 1403637244.8383191
Dropping frame 1403637245.388319
Dropping frame 1403637246.0883191
Dropping frame 1403637247.188319
Dropping frame 1403637247.5383191
Dropping frame 1403637247.888319
Dropping frame 1403637249.688319
Dropping frame 1403637249.7883189
Dropping frame 1403637250.3383191
Dropping frame 1403637250.638319
Dropping frame 1403637251.4883189
Dropping frame 1403637251.5883191
Dropping frame 1403637251.9883189
Dropping frame 1403637252.188319
Dropping frame 1403637252.8383191
Dropping frame 1403637253.2383192
Dropping frame 1403637253.3383191
Dropping frame 1403637253.688319
Dropping frame 1403637253.888319
Dropping frame 1403637254.3383191
Dropping frame 1403637254.4383192
Dropping frame 1403637254.5383191
Dropping frame 1403637254.7383192
Dropping frame 1403637254.9383192
Dropping frame 1403637255.0383191
Dropping frame 1403637255.138319
Dropping frame 1403637255.2383192
Dropping frame 1403637255.3383191
Dropping frame 1403637255.4383192
Dropping frame 1403637255.638319
Dropping frame 1403637255.7383192
Dropping frame 1403637255.888319
Dropping frame 1403637255.9883189
Dropping frame 1403637256.138319
Dropping frame 1403637256.3383191
Dropping frame 1403637256.688319
Dropping frame 1403637256.7883189
Dropping frame 1403637256.888319
Dropping frame 1403637256.9883189
Dropping frame 1403637257.138319
Dropping frame 1403637257.5883191
Dropping frame 1403637257.7883189
Dropping frame 1403637257.888319
Dropping frame 1403637257.9883189
Dropping frame 1403637258.138319
Dropping frame 1403637258.388319
Dropping frame 1403637258.4883189
Dropping frame 1403637258.5883191
Dropping frame 1403637258.7883189
Dropping frame 1403637258.888319
Dropping frame 1403637258.9883189
Dropping frame 1403637259.188319
Dropping frame 1403637259.2883189
Dropping frame 1403637259.388319
Dropping frame 1403637259.4883189
Dropping frame 1403637259.5883191
Dropping frame 1403637259.7883189
Dropping frame 1403637259.888319
Dropping frame 1403637259.9883189
Dropping frame 1403637260.0883191
Dropping frame 1403637260.388319
Dropping frame 1403637260.4883189
Dropping frame 1403637260.5883191
Dropping frame 1403637260.8383191
Dropping frame 1403637261.138319
Dropping frame 1403637261.3383191
Dropping frame 1403637261.4383192
Dropping frame 1403637261.5383191
Dropping frame 1403637261.7883189
Dropping frame 1403637261.888319
Dropping frame 1403637261.9883189
Dropping frame 1403637262.0883191
Dropping frame 1403637262.188319
Dropping frame 1403637262.388319
Dropping frame 1403637262.4883189
Dropping frame 1403637262.5883191
Dropping frame 1403637262.7883189
Dropping frame 1403637262.888319
Dropping frame 1403637262.9883189
Dropping frame 1403637263.188319
Dropping frame 1403637263.388319
Dropping frame 1403637263.4883189
Dropping frame 1403637263.5883191
Dropping frame 1403637263.688319
Dropping frame 1403637263.888319
Dropping frame 1403637263.9883189
Dropping frame 1403637264.0883191
Dropping frame 1403637264.2883189
Dropping frame 1403637264.388319
Dropping frame 1403637264.4883189
Dropping frame 1403637264.688319
Dropping frame 1403637264.888319
Dropping frame 1403637264.9883189
Dropping frame 1403637265.0883191
Dropping frame 1403637265.188319
Dropping frame 1403637265.388319
Shutdown
SLAM Finished at System Time: 1734507125.87834

 TIME STATS in ms (mean$\pm$std)
OpenCV version: 4.8.1
---------------------------
Tracking

ORB Extraction: 15.097$\pm$2.0026
Stereo Matching: 7.2912$\pm$1.9292
IMU Preintegration: 0.25979$\pm$0.11331
Pose Prediction: 0.51263$\pm$1.3299
LM Track: 18.128$\pm$6.0048
New KF decision: 1.3504$\pm$2.5319
Total Tracking: 32.482$\pm$22.741



Local Mapping

KF Insertion: 13.121$\pm$5.4717
MP Culling: 0.5577$\pm$0.28226
MP Creation: 44.001$\pm$18.719
LBA: 144.19$\pm$64.905
KF Culling: 14.316$\pm$10.662
Total Local Mapping: 214.89$\pm$89.806
---------------------------

LBA complexity (mean$\pm$std)
LBA Edges: 1253.8$\pm$563.61
LBA KF optimized: 6.5$\pm$2.2913
LBA KF fixed: 1$\pm$0
LBA MP: nan$\pm$nan

LBA executions: 475
LBA aborts: 0
---------------------------

Map complexity
KFs in map: 184
MPs in map: 14143
---------------------------

Place Recognition (mean$\pm$std)
Database Query: 1.9184$\pm$1.0826
SE3 estimation: 24.853$\pm$16.306
Total Place Recognition: 20.915$\pm$18.733


Loop Closing (mean$\pm$std)
Loop Fusion: nan$\pm$nan
Essential Graph: nan$\pm$nan
Total Loop Closing: nan$\pm$nan

Num exec: 0
Number of KFs: nan$\pm$nan

Map Merging (mean$\pm$std)
Merge Maps: nan$\pm$nan
Welding BA: nan$\pm$nan
Optimization Ess.: nan$\pm$nan
Total Map Merging: nan$\pm$nan

Num exec: 0
Number of KFs: nan$\pm$nan
Number of MPs: nan$\pm$nan

Full GBA (mean$\pm$std)
GBA: nan$\pm$nan
Map Update: nan$\pm$nan
Total Full GBA: nan$\pm$nan

Num exec: 0
Num abort: 0
Number of KFs: nan$\pm$nan
Number of MPs: nan$\pm$nan

Saving trajectory to f_dataset-MH03_stereo_imu.txt ...
There are 1 maps in the atlas
  Map 0 has 184 KFs

End of saving trajectory to f_dataset-MH03_stereo_imu.txt ...

Saving keyframe trajectory to kf_dataset-MH03_stereo_imu.txt ...
