num_seq = 1
file name: dataset-MH05_stereo_imu
Loading images for sequence 0...LOADED!
Loading IMU for sequence 0...LOADED!

-------

ORB-SLAM3 Copyright (C) 2017-2020 Carlos Campos, Richard Elvira, Juan J. Gómez, José M.M. Montiel and Juan D. Tardós, University of Zaragoza.
ORB-SLAM2 Copyright (C) 2014-2016 Raúl Mur-Artal, José M.M. Montiel and Juan D. Tardós, University of Zaragoza.
This program comes with ABSOLUTELY NO WARRANTY;
This is free software, and you are welcome to redistribute it
under certain conditions. See LICENSE.txt.

Built with REGISTER_TIMES
Git Commit Hash: e54774f

Build Type: Release

Compiled with C++ version: 201703

Input sensor was set to: Stereo-Inertial
Loading settings from EuRoC_fov_mask_3x3.yaml
	-Loaded camera 1
	-Loaded camera 2
	-Loaded image info
	-Loaded IMU calibration
	-Loaded ORB settings
	-Loaded viewer settings
	-Loaded Atlas settings
FOV enabled
Static mask size: 3x3
Dumping map points enabled
	-Loaded misc parameters
	-Computed rectification maps
----------------------------------
SLAM settings: 
	-Camera 1 parameters (Pinhole): [ 458.65399169921875 457.29598999023438 367.21499633789062 248.375 ]
	-Camera 1 distortion parameters: [  -0.28340810537338257 0.073959067463874817 0.00019359000725671649 1.7618711353861727e-05 ]
	-Camera 2 parameters (Pinhole: [ 457.58700561523438 456.13400268554688 379.99899291992188 255.23800659179688 ]
	-Camera 1 distortion parameters: [  -0.2836836576461792 0.074512839317321777 -0.00010473000293131918 -3.555907096597366e-05 ]
	-Original image size: [ 752 , 480 ]
	-Current image size: [ 752 , 480 ]
	-Camera 1 parameters after rectification: [  456.71499633789062 456.71499633789062 364.52615356445312 257.268798828125 ]
	-Sequence FPS: 20
	-Stereo baseline: 0.11007784307003021
	-Stereo depth threshold : 60
	-Gyro noise: 0.00016999999934341758
	-Accelerometer noise: 0.0020000000949949026
	-Gyro walk: 1.9392999092815444e-05
	-Accelerometer walk: 0.0030000000260770321
	-IMU frequency: 200
	-Features per image: 1200
	-ORB scale factor: 1.2000000476837158
	-ORB number of scales: 8
	-Initial FAST threshold: 20
	-Min FAST threshold: 7


Loading ORB Vocabulary. This could take a while...
Vocabulary loaded!

Initialization of Atlas from scratch 
Creation of new map with id: 0
Creation of new map with last KF id: 0
Seq. Name: 
There are 1 cameras in the atlas
Camera 0 is pinhole
SLAM Started at System Time: 1735348995.52959
not IMU meas
not IMU meas
not enough acceleration
not enough acceleration
not enough acceleration
not enough acceleration
not enough acceleration
not enough acceleration
not enough acceleration
not enough acceleration
not enough acceleration
not enough acceleration
not enough acceleration
not enough acceleration
not enough acceleration
not enough acceleration
not enough acceleration
not enough acceleration
not enough acceleration
not enough acceleration
not enough acceleration
not enough acceleration
not enough acceleration
not enough acceleration
not enough acceleration
not enough acceleration
not enough acceleration
not enough acceleration
not enough acceleration
not enough acceleration
not enough acceleration
not enough acceleration
not enough acceleration
not enough acceleration
not enough acceleration
not enough acceleration
not enough acceleration
not enough acceleration
not enough acceleration
not enough acceleration
not enough acceleration
not enough acceleration
not enough acceleration
not enough acceleration
not enough acceleration
not enough acceleration
not enough acceleration
not enough acceleration
not enough acceleration
not enough acceleration
not enough acceleration
not enough acceleration
not enough acceleration
not enough acceleration
not enough acceleration
not enough acceleration
not enough acceleration
not enough acceleration
not enough acceleration
not enough acceleration
not enough acceleration
not enough acceleration
not enough acceleration
not enough acceleration
not enough acceleration
not enough acceleration
not enough acceleration
not enough acceleration
not enough acceleration
not enough acceleration
not enough acceleration
not enough acceleration
not enough acceleration
not enough acceleration
not enough acceleration
not enough acceleration
not enough acceleration
not enough acceleration
not enough acceleration
not enough acceleration
First KF:0; Map init KF:0
New Map created with 54 points
Active map: 0
start VIBA 1
end VIBA 1
start VIBA 2
end VIBA 2
Fail to track local map!
Fail to track local map!
Fail to track local map!
Fail to track local map!
Fail to track local map!
Fail to track local map!
Fail to track local map!
Fail to track local map!
*Loop detected
phi = -0.0015929557750079062  0.0070079978917830174  -0.007520295721502852
Local Mapping STOP
Local Mapping RELEASE
*Loop detected
phi =   0.025286616591786996  -0.037289790220239372 -0.0051657886100433918
BAD LOOP!!!
*Loop detected
phi =    0.011819659883125527   -0.025191639447261268 -0.00062527789519648837
BAD LOOP!!!
*Loop detected
phi =  0.033662165644252569  -0.03831864219830345 -0.016813150129379829
BAD LOOP!!!
*Loop detected
phi =  0.022717407063576125 -0.027726547748245307 0.0041646049695763104
BAD LOOP!!!
*Loop detected
phi = 0.0094881115146961022 -0.017666829924696963 0.0052573334786893142
BAD LOOP!!!
*Loop detected
phi = 0.0062953591173472972 -0.012486019653671987 0.0053662605868306408
BAD LOOP!!!
*Loop detected
phi = 0.0043310109488943942 -0.018411073074717014 0.0042270793619950025
BAD LOOP!!!
*Loop detected
phi =  0.0014061505887902684 -0.0099367902512719659   0.012268077836791669
BAD LOOP!!!
*Loop detected
phi =  0.0018887032099235092 -0.0036760509229199702   0.019022087974226567
Local Mapping STOP
Local Mapping RELEASE
Shutdown
SLAM Finished at System Time: 1735349120.81277

 TIME STATS in ms (mean$\pm$std)
OpenCV version: 4.6.0
---------------------------
Tracking

ORB Extraction: 7.7927$\pm$1.4892
Stereo Matching: 4.2046$\pm$2.2881
IMU Preintegration: 0.1344$\pm$0.095472
Pose Prediction: 0.10583$\pm$0.44351
LM Track: 8.2263$\pm$4.1269
New KF decision: 0.93653$\pm$1.8581
Total Tracking: 24.101$\pm$7.8313



Local Mapping

KF Insertion: 5.5863$\pm$2.859
MP Culling: 0.16537$\pm$0.10626
MP Creation: 19.669$\pm$11.384
LBA: 93.347$\pm$56.385
KF Culling: 4.7887$\pm$4.1726
Total Local Mapping: 126.31$\pm$103.06
---------------------------

LBA complexity (mean$\pm$std)
LBA Edges: 2177$\pm$1002.8
LBA KF optimized: 5.5$\pm$2.2913
LBA KF fixed: 1$\pm$0
LBA MP: -nan$\pm$-nan

LBA executions: 555
LBA aborts: 0
---------------------------

Map complexity
KFs in map: 277
MPs in map: 18378
---------------------------

Place Recognition (mean$\pm$std)
Database Query: 0.64721$\pm$0.44429
SE3 estimation: 10.083$\pm$7.6034
Total Place Recognition: 9.4004$\pm$8.2849


Loop Closing (mean$\pm$std)
Loop Fusion: 70.089$\pm$54.657
Essential Graph: 123.21$\pm$7.7849
Total Loop Closing: 199.88$\pm$43.393

Num exec: 2
Number of KFs: -nan$\pm$-nan

Map Merging (mean$\pm$std)
Merge Maps: -nan$\pm$-nan
Welding BA: -nan$\pm$-nan
Optimization Ess.: -nan$\pm$-nan
Total Map Merging: -nan$\pm$-nan

Num exec: 0
Number of KFs: -nan$\pm$-nan
Number of MPs: -nan$\pm$-nan

Full GBA (mean$\pm$std)
GBA: -nan$\pm$-nan
Map Update: -nan$\pm$-nan
Total Full GBA: -nan$\pm$-nan

Num exec: 0
Num abort: 0
Number of KFs: -nan$\pm$-nan
Number of MPs: -nan$\pm$-nan

Saving trajectory to f_dataset-MH05_stereo_imu.txt ...
There are 1 maps in the atlas
  Map 0 has 277 KFs

End of saving trajectory to f_dataset-MH05_stereo_imu.txt ...

Saving keyframe trajectory to kf_dataset-MH05_stereo_imu.txt ...
