num_seq = 1
file name: dataset-MH04_stereo_imu
Loading images for sequence 0...LOADED!
Loading IMU for sequence 0...LOADED!

-------

ORB-SLAM3 Copyright (C) 2017-2020 Carlos Campos, Richard Elvira, Juan J. Gómez, José M.M. Montiel and Juan D. Tardós, University of Zaragoza.
ORB-SLAM2 Copyright (C) 2014-2016 Raúl Mur-Artal, José M.M. Montiel and Juan D. Tardós, University of Zaragoza.
This program comes with ABSOLUTELY NO WARRANTY;
This is free software, and you are welcome to redistribute it
under certain conditions. See LICENSE.txt.

Built with REGISTER_TIMES
Git Commit Hash: 42e930e

Compiled with C++ version: 201703

Input sensor was set to: Stereo-Inertial
Loading settings from ./Examples/Stereo-Inertial/EuRoC_fov_deadlines_mask_8x8.yaml
	-Loaded camera 1
	-Loaded camera 2
	-Loaded image info
	-Loaded IMU calibration
	-Loaded ORB settings
	-Loaded viewer settings
	-Loaded Atlas settings
Deadlines enabled, will skip frames!
FOV enabled
Static mask size: 8x8
Dumping map points enabled
	-Loaded misc parameters
	-Computed rectification maps
----------------------------------
SLAM settings: 
	-Camera 1 parameters (Pinhole): [ 458.65399169921875 457.29598999023438 367.21499633789062 248.375 ]
	-Camera 1 distortion parameters: [  -0.28340810537338257 0.073959067463874817 0.00019359000725671649 1.7618711353861727e-05 ]
	-Camera 2 parameters (Pinhole: [ 457.58700561523438 456.13400268554688 379.99899291992188 255.23800659179688 ]
	-Camera 1 distortion parameters: [  -0.2836836576461792 0.074512839317321777 -0.00010473000293131918 -3.555907096597366e-05 ]
	-Original image size: [ 752 , 480 ]
	-Current image size: [ 752 , 480 ]
	-Camera 1 parameters after rectification: [  456.71499633789062 456.71499633789062 364.52615356445312 257.268798828125 ]
	-Sequence FPS: 20
	-Stereo baseline: 0.11007784307003021
	-Stereo depth threshold : 60
	-Gyro noise: 0.00016999999934341758
	-Accelerometer noise: 0.0020000000949949026
	-Gyro walk: 1.9392999092815444e-05
	-Accelerometer walk: 0.0030000000260770321
	-IMU frequency: 200
	-Features per image: 1200
	-ORB scale factor: 1.2000000476837158
	-ORB number of scales: 8
	-Initial FAST threshold: 20
	-Min FAST threshold: 7


Loading ORB Vocabulary. This could take a while...
Vocabulary loaded!

Initialization of Atlas from scratch 
Creation of new map with id: 0
Creation of new map with last KF id: 0
Seq. Name: 
There are 1 cameras in the atlas
Camera 0 is pinhole
SLAM Started at System Time: 1734509697.82648
not IMU meas
not IMU meas
not enough acceleration
not enough acceleration
not enough acceleration
not enough acceleration
not enough acceleration
not enough acceleration
not enough acceleration
not enough acceleration
not enough acceleration
not enough acceleration
not enough acceleration
not enough acceleration
not enough acceleration
not enough acceleration
not enough acceleration
not enough acceleration
not enough acceleration
not enough acceleration
not enough acceleration
not enough acceleration
not enough acceleration
not enough acceleration
not enough acceleration
not enough acceleration
not enough acceleration
not enough acceleration
not enough acceleration
not enough acceleration
not enough acceleration
not enough acceleration
First KF:0; Map init KF:0
New Map created with 135 points
Active map: 0
Dropping frame 1403638130.445097
Dropping frame 1403638130.645097
Dropping frame 1403638130.7450969
Dropping frame 1403638130.9950972
Dropping frame 1403638131.5950971
Dropping frame 1403638131.695097
Dropping frame 1403638132.2450969
Dropping frame 1403638132.445097
Dropping frame 1403638132.5950971
Dropping frame 1403638132.7950971
Dropping frame 1403638133.195097
Dropping frame 1403638133.2950971
Dropping frame 1403638133.5450969
Dropping frame 1403638133.7950971
Dropping frame 1403638133.895097
Dropping frame 1403638134.145097
start VIBA 1
Dropping frame 1403638134.645097
end VIBA 1
Dropping frame 1403638134.8450971
Dropping frame 1403638134.945097
Dropping frame 1403638135.2450969
Dropping frame 1403638135.3450971
Dropping frame 1403638135.645097
Dropping frame 1403638135.8450971
Dropping frame 1403638135.9950972
Dropping frame 1403638136.2450969
Dropping frame 1403638136.395097
Dropping frame 1403638136.4950972
Dropping frame 1403638136.945097
Dropping frame 1403638137.0450969
Dropping frame 1403638137.2950971
Dropping frame 1403638137.4950972
Dropping frame 1403638137.5950971
Dropping frame 1403638137.7450969
Dropping frame 1403638137.8450971
Dropping frame 1403638138.0450969
Dropping frame 1403638138.2450969
Dropping frame 1403638138.3450971
Dropping frame 1403638138.445097
Dropping frame 1403638138.5950971
Dropping frame 1403638138.7950971
Dropping frame 1403638138.895097
Dropping frame 1403638139.145097
Dropping frame 1403638139.2450969
Dropping frame 1403638139.4950972
Not enough motion for initializing. Reseting...
TRACK: Reset map because local mapper set the bad imu flag 
LM: Active map reset recieved
LM: Active map reset, waiting...
LM: Reseting current map in Local Mapping...
LM: End reseting Local Mapping...
LM: Reset free the mutex
LM: Active map reset, Done!!!
mnFirstFrameId = 32
mnInitialFrameId = 0
171 Frames set to lost
not IMU meas
not enough acceleration
Dropping frame 1403638139.7950971
not enough acceleration
not enough acceleration
not enough acceleration
not enough acceleration
Dropping frame 1403638140.0450969
not enough acceleration
not enough acceleration
not enough acceleration
Dropping frame 1403638140.2450969
not enough acceleration
Dropping frame 1403638140.3450971
not enough acceleration
not enough acceleration
not enough acceleration
Dropping frame 1403638140.5450969
not enough acceleration
not enough acceleration
not enough acceleration
not enough acceleration
not enough acceleration
not enough acceleration
Dropping frame 1403638140.895097
not enough acceleration
not enough acceleration
not enough acceleration
Dropping frame 1403638141.0950971
not enough acceleration
Dropping frame 1403638141.195097
not enough acceleration
Dropping frame 1403638141.2950971
not enough acceleration
Dropping frame 1403638141.395097
not enough acceleration
not enough acceleration
not enough acceleration
Dropping frame 1403638141.5950971
not enough acceleration
not enough acceleration
Dropping frame 1403638141.7450969
not enough acceleration
not enough acceleration
not enough acceleration
not enough acceleration
not enough acceleration
not enough acceleration
Dropping frame 1403638142.0950971
not enough acceleration
not enough acceleration
not enough acceleration
not enough acceleration
not enough acceleration
not enough acceleration
First KF:42; Map init KF:0
New Map created with 162 points
Active map: 0
Dropping frame 1403638143.145097
Dropping frame 1403638143.3450971
Dropping frame 1403638143.9950972
Dropping frame 1403638144.945097
Not enough motion for initializing. Reseting...
TRACK: Reset map because local mapper set the bad imu flag 
LM: Reseting current map in Local Mapping...
LM: End reseting Local Mapping...
LM: Reset free the mutex
LM: Active map reset recieved
LM: Active map reset, waiting...
LM: Reseting current map in Local Mapping...
LM: End reseting Local Mapping...
LM: Reset free the mutex
LM: Active map reset, Done!!!
mnFirstFrameId = 246
mnInitialFrameId = 203
223 Frames set to lost
not IMU meas
not enough acceleration
not enough acceleration
not enough acceleration
not enough acceleration
not enough acceleration
not enough acceleration
not enough acceleration
not enough acceleration
not enough acceleration
not enough acceleration
not enough acceleration
not enough acceleration
not enough acceleration
not enough acceleration
not enough acceleration
not enough acceleration
not enough acceleration
not enough acceleration
not enough acceleration
not enough acceleration
not enough acceleration
not enough acceleration
not enough acceleration
not enough acceleration
not enough acceleration
not enough acceleration
not enough acceleration
not enough acceleration
not enough acceleration
not enough acceleration
not enough acceleration
not enough acceleration
not enough acceleration
not enough acceleration
not enough acceleration
not enough acceleration
not enough acceleration
not enough acceleration
not enough acceleration
not enough acceleration
not enough acceleration
not enough acceleration
not enough acceleration
not enough acceleration
not enough acceleration
not enough acceleration
not enough acceleration
not enough acceleration
not enough acceleration
First KF:53; Map init KF:42
New Map created with 168 points
Active map: 0
start VIBA 1
end VIBA 1
Dropping frame 1403638154.4950972
Dropping frame 1403638155.5450969
Dropping frame 1403638155.645097
Dropping frame 1403638155.7450969
Dropping frame 1403638155.8450971
Dropping frame 1403638155.9950972
Dropping frame 1403638156.145097
Dropping frame 1403638156.2450969
Dropping frame 1403638156.395097
Dropping frame 1403638156.5950971
Dropping frame 1403638156.695097
Dropping frame 1403638156.7950971
Dropping frame 1403638156.895097
Dropping frame 1403638157.145097
Dropping frame 1403638157.2950971
Dropping frame 1403638157.395097
Dropping frame 1403638157.5950971
Dropping frame 1403638157.7950971
Dropping frame 1403638157.895097
Dropping frame 1403638157.9950972
Dropping frame 1403638158.0950971
Dropping frame 1403638158.2950971
Dropping frame 1403638158.445097
Dropping frame 1403638158.5450969
Dropping frame 1403638158.695097
Dropping frame 1403638158.7950971
Dropping frame 1403638158.895097
Dropping frame 1403638159.0950971
Dropping frame 1403638159.195097
Dropping frame 1403638159.395097
Dropping frame 1403638159.695097
Dropping frame 1403638159.8450971
Dropping frame 1403638160.145097
Dropping frame 1403638160.2450969
Dropping frame 1403638160.3450971
Dropping frame 1403638160.695097
Dropping frame 1403638160.895097
Dropping frame 1403638161.695097
Dropping frame 1403638162.195097
Dropping frame 1403638162.695097
Dropping frame 1403638162.7950971
Dropping frame 1403638162.895097
Dropping frame 1403638163.0450969
start VIBA 2
Dropping frame 1403638163.145097
end VIBA 2
Dropping frame 1403638163.4950972
Dropping frame 1403638164.0950971
Dropping frame 1403638164.445097
Dropping frame 1403638164.645097
Dropping frame 1403638164.895097
Dropping frame 1403638164.9950972
Dropping frame 1403638165.195097
Dropping frame 1403638165.395097
Dropping frame 1403638165.4950972
Dropping frame 1403638165.695097
Dropping frame 1403638165.7950971
Dropping frame 1403638166.0450969
Dropping frame 1403638166.2450969
Dropping frame 1403638166.445097
Dropping frame 1403638166.645097
Dropping frame 1403638166.7450969
Dropping frame 1403638167.0450969
Dropping frame 1403638167.145097
Dropping frame 1403638167.3450971
Dropping frame 1403638167.5450969
Dropping frame 1403638167.645097
Dropping frame 1403638167.7450969
Dropping frame 1403638167.945097
Dropping frame 1403638168.0450969
Dropping frame 1403638168.2950971
Dropping frame 1403638168.4950972
Dropping frame 1403638168.695097
Dropping frame 1403638168.895097
Dropping frame 1403638168.9950972
Dropping frame 1403638169.0950971
Dropping frame 1403638169.2950971
Dropping frame 1403638169.395097
Dropping frame 1403638169.5950971
Dropping frame 1403638169.7950971
Dropping frame 1403638169.895097
Dropping frame 1403638170.0950971
Dropping frame 1403638170.2950971
Dropping frame 1403638170.4950972
Dropping frame 1403638170.5950971
Dropping frame 1403638170.8450971
Dropping frame 1403638171.0450969
Dropping frame 1403638171.145097
Dropping frame 1403638171.395097
Dropping frame 1403638171.5450969
Dropping frame 1403638171.645097
Dropping frame 1403638171.895097
Dropping frame 1403638171.9950972
Dropping frame 1403638172.195097
Dropping frame 1403638172.2950971
Dropping frame 1403638172.395097
Dropping frame 1403638172.695097
Dropping frame 1403638172.895097
Dropping frame 1403638173.0950971
Dropping frame 1403638173.195097
Dropping frame 1403638173.3450971
Dropping frame 1403638173.4950972
Dropping frame 1403638173.695097
Dropping frame 1403638173.7950971
Dropping frame 1403638173.895097
Dropping frame 1403638174.0950971
Dropping frame 1403638174.195097
Dropping frame 1403638174.2950971
Dropping frame 1403638174.445097
Dropping frame 1403638174.5450969
Dropping frame 1403638175.0450969
Dropping frame 1403638175.2450969
Dropping frame 1403638175.3450971
Dropping frame 1403638175.445097
Dropping frame 1403638175.5950971
Dropping frame 1403638175.695097
Dropping frame 1403638175.7950971
Dropping frame 1403638175.895097
Dropping frame 1403638176.145097
Dropping frame 1403638176.2450969
Dropping frame 1403638176.395097
Dropping frame 1403638176.5450969
Dropping frame 1403638176.645097
Dropping frame 1403638176.7950971
Dropping frame 1403638176.9950972
Dropping frame 1403638177.195097
Dropping frame 1403638177.395097
Dropping frame 1403638177.4950972
Dropping frame 1403638177.8450971
Dropping frame 1403638178.445097
Dropping frame 1403638178.5450969
Dropping frame 1403638178.7450969
Dropping frame 1403638179.0950971
Dropping frame 1403638179.195097
Dropping frame 1403638179.3450971
Dropping frame 1403638179.4950972
Dropping frame 1403638179.695097
Dropping frame 1403638179.8450971
Dropping frame 1403638180.0450969
Dropping frame 1403638180.145097
Dropping frame 1403638180.2450969
Dropping frame 1403638180.645097
Dropping frame 1403638180.7450969
Dropping frame 1403638180.8450971
Dropping frame 1403638181.0450969
Dropping frame 1403638181.145097
Dropping frame 1403638181.5450969
Dropping frame 1403638181.645097
Dropping frame 1403638181.7450969
Dropping frame 1403638181.945097
Dropping frame 1403638182.145097
Dropping frame 1403638182.2950971
Dropping frame 1403638182.5450969
Dropping frame 1403638182.645097
Dropping frame 1403638182.7450969
Dropping frame 1403638182.945097
Dropping frame 1403638183.0450969
Dropping frame 1403638183.2950971
Dropping frame 1403638183.395097
Dropping frame 1403638183.645097
Dropping frame 1403638183.8450971
Dropping frame 1403638183.945097
Dropping frame 1403638184.0450969
Dropping frame 1403638184.3450971
Dropping frame 1403638184.5450969
Dropping frame 1403638184.645097
Dropping frame 1403638184.7450969
Dropping frame 1403638184.945097
Dropping frame 1403638185.0450969
Dropping frame 1403638185.145097
Dropping frame 1403638185.3450971
Dropping frame 1403638185.5450969
Dropping frame 1403638185.7450969
Dropping frame 1403638185.8450971
Dropping frame 1403638185.945097
Dropping frame 1403638186.145097
Dropping frame 1403638186.3450971
Dropping frame 1403638186.945097
Dropping frame 1403638187.2450969
Dropping frame 1403638187.3450971
Dropping frame 1403638187.5950971
Dropping frame 1403638187.7950971
Dropping frame 1403638187.9950972
Dropping frame 1403638188.2950971
Dropping frame 1403638188.4950972
Dropping frame 1403638189.195097
Dropping frame 1403638189.4950972
Dropping frame 1403638189.7950971
Dropping frame 1403638190.0950971
Dropping frame 1403638190.2950971
Dropping frame 1403638190.645097
Dropping frame 1403638191.0950971
Dropping frame 1403638191.195097
Dropping frame 1403638191.2950971
Dropping frame 1403638191.5450969
Dropping frame 1403638191.7950971
Dropping frame 1403638191.9950972
Dropping frame 1403638192.0950971
Dropping frame 1403638192.395097
Dropping frame 1403638192.5950971
Dropping frame 1403638192.895097
Dropping frame 1403638193.0950971
Dropping frame 1403638193.2950971
Dropping frame 1403638193.395097
Dropping frame 1403638193.7450969
Dropping frame 1403638194.2950971
Dropping frame 1403638194.4950972
Dropping frame 1403638194.7950971
Dropping frame 1403638194.9950972
Dropping frame 1403638195.2950971
Dropping frame 1403638195.4950972
Dropping frame 1403638195.945097
Dropping frame 1403638196.2950971
Dropping frame 1403638196.695097
Dropping frame 1403638196.7950971
Dropping frame 1403638197.0450969
Dropping frame 1403638197.395097
Dropping frame 1403638197.4950972
Dropping frame 1403638197.7450969
Dropping frame 1403638197.945097
Dropping frame 1403638198.145097
Dropping frame 1403638198.2450969
Dropping frame 1403638198.445097
Dropping frame 1403638198.645097
Dropping frame 1403638198.8450971
Dropping frame 1403638199.0450969
Dropping frame 1403638199.145097
Dropping frame 1403638199.2450969
Dropping frame 1403638199.3450971
Dropping frame 1403638199.5450969
Dropping frame 1403638199.7450969
Dropping frame 1403638199.8450971
Dropping frame 1403638200.0450969
Dropping frame 1403638200.145097
Dropping frame 1403638200.3450971
Dropping frame 1403638200.5450969
Dropping frame 1403638200.645097
Dropping frame 1403638200.8450971
Dropping frame 1403638200.945097
Dropping frame 1403638201.2450969
Dropping frame 1403638201.3450971
Dropping frame 1403638201.5450969
Dropping frame 1403638201.8450971
Dropping frame 1403638202.0450969
Dropping frame 1403638202.145097
Dropping frame 1403638202.2450969
Dropping frame 1403638202.5950971
Dropping frame 1403638202.695097
Dropping frame 1403638202.945097
Dropping frame 1403638203.195097
Dropping frame 1403638203.5950971
Dropping frame 1403638203.695097
Dropping frame 1403638203.9950972
Dropping frame 1403638204.5450969
Dropping frame 1403638204.7950971
Dropping frame 1403638204.895097
Dropping frame 1403638205.0950971
Dropping frame 1403638205.395097
Dropping frame 1403638205.645097
Dropping frame 1403638205.945097
Dropping frame 1403638206.3450971
Dropping frame 1403638206.445097
Dropping frame 1403638206.645097
Dropping frame 1403638206.7450969
Dropping frame 1403638207.0950971
Dropping frame 1403638207.2950971
Dropping frame 1403638207.395097
Dropping frame 1403638207.7950971
Dropping frame 1403638208.2950971
Dropping frame 1403638208.4950972
Dropping frame 1403638209.195097
Dropping frame 1403638209.4950972
Dropping frame 1403638209.7950971
Dropping frame 1403638209.9950972
Dropping frame 1403638210.195097
Dropping frame 1403638210.4950972
Dropping frame 1403638211.145097
Dropping frame 1403638211.895097
Dropping frame 1403638212.8450971
Dropping frame 1403638213.2950971
Dropping frame 1403638217.5950971
Dropping frame 1403638226.0950971
Fail to track local map!
Fail to track local map!
Fail to track local map!
Fail to track local map!
Fail to track local map!
Fail to track local map!
Fail to track local map!
Fail to track local map!
Dropping frame 1403638227.4950972
Dropping frame 1403638227.7450969
Dropping frame 1403638228.0450969
Dropping frame 1403638228.4950972
Dropping frame 1403638228.695097
Shutdown
SLAM Finished at System Time: 1734509817.79893

 TIME STATS in ms (mean$\pm$std)
OpenCV version: 4.8.1
---------------------------
Tracking

ORB Extraction: 16.588$\pm$2.3071
Stereo Matching: 7.9192$\pm$2.0732
IMU Preintegration: 0.20687$\pm$0.087341
Pose Prediction: 0.51655$\pm$1.3929
LM Track: 17$\pm$5.1386
New KF decision: 1.0737$\pm$1.9022
Total Tracking: 33.11$\pm$22.425



Local Mapping

KF Insertion: 12.46$\pm$4.6427
MP Culling: 0.43929$\pm$0.21478
MP Creation: 39.52$\pm$14.616
LBA: 137.25$\pm$46.057
KF Culling: 10.434$\pm$8.5866
Total Local Mapping: 200.31$\pm$68.934
---------------------------

LBA complexity (mean$\pm$std)
LBA Edges: 1662$\pm$1163.5
LBA KF optimized: 6.5$\pm$2.2913
LBA KF fixed: 1$\pm$0
LBA MP: nan$\pm$nan

LBA executions: 397
LBA aborts: 0
---------------------------

Map complexity
KFs in map: 176
MPs in map: 14510
---------------------------

Place Recognition (mean$\pm$std)
Database Query: 2.0162$\pm$1.0921
SE3 estimation: 26.371$\pm$15.086
Total Place Recognition: 20.277$\pm$18.519


Loop Closing (mean$\pm$std)
Loop Fusion: nan$\pm$nan
Essential Graph: nan$\pm$nan
Total Loop Closing: nan$\pm$nan

Num exec: 0
Number of KFs: nan$\pm$nan

Map Merging (mean$\pm$std)
Merge Maps: nan$\pm$nan
Welding BA: nan$\pm$nan
Optimization Ess.: nan$\pm$nan
Total Map Merging: nan$\pm$nan

Num exec: 0
Number of KFs: nan$\pm$nan
Number of MPs: nan$\pm$nan

Full GBA (mean$\pm$std)
GBA: nan$\pm$nan
Map Update: nan$\pm$nan
Total Full GBA: nan$\pm$nan

Num exec: 0
Num abort: 0
Number of KFs: nan$\pm$nan
Number of MPs: nan$\pm$nan

Saving trajectory to f_dataset-MH04_stereo_imu.txt ...
There are 1 maps in the atlas
  Map 0 has 176 KFs

End of saving trajectory to f_dataset-MH04_stereo_imu.txt ...

Saving keyframe trajectory to kf_dataset-MH04_stereo_imu.txt ...
