num_seq = 1
file name: dataset-MH04_stereo_imu
Loading images for sequence 0...LOADED!
Loading IMU for sequence 0...LOADED!

-------

ORB-SLAM3 Copyright (C) 2017-2020 Carlos Campos, Richard Elvira, Juan J. Gómez, José M.M. Montiel and Juan D. Tardós, University of Zaragoza.
ORB-SLAM2 Copyright (C) 2014-2016 Raúl Mur-Artal, José M.M. Montiel and Juan D. Tardós, University of Zaragoza.
This program comes with ABSOLUTELY NO WARRANTY;
This is free software, and you are welcome to redistribute it
under certain conditions. See LICENSE.txt.

Built with REGISTER_TIMES
Git Commit Hash: 5ee9387

Compiled with C++ version: 201703

Input sensor was set to: Stereo-Inertial
Loading settings from ./Examples/Stereo-Inertial/EuRoC_fov_deadlines_mask_7x7.yaml
	-Loaded camera 1
	-Loaded camera 2
	-Loaded image info
	-Loaded IMU calibration
	-Loaded ORB settings
	-Loaded viewer settings
	-Loaded Atlas settings
Deadlines enabled, will skip frames!
FOV enabled
Static mask size: 7x7
Dumping map points enabled
	-Loaded misc parameters
	-Computed rectification maps
----------------------------------
SLAM settings: 
	-Camera 1 parameters (Pinhole): [ 458.65399169921875 457.29598999023438 367.21499633789062 248.375 ]
	-Camera 1 distortion parameters: [  -0.28340810537338257 0.073959067463874817 0.00019359000725671649 1.7618711353861727e-05 ]
	-Camera 2 parameters (Pinhole: [ 457.58700561523438 456.13400268554688 379.99899291992188 255.23800659179688 ]
	-Camera 1 distortion parameters: [  -0.2836836576461792 0.074512839317321777 -0.00010473000293131918 -3.555907096597366e-05 ]
	-Original image size: [ 752 , 480 ]
	-Current image size: [ 752 , 480 ]
	-Camera 1 parameters after rectification: [  456.71499633789062 456.71499633789062 364.52615356445312 257.268798828125 ]
	-Sequence FPS: 20
	-Stereo baseline: 0.11007784307003021
	-Stereo depth threshold : 60
	-Gyro noise: 0.00016999999934341758
	-Accelerometer noise: 0.0020000000949949026
	-Gyro walk: 1.9392999092815444e-05
	-Accelerometer walk: 0.0030000000260770321
	-IMU frequency: 200
	-Features per image: 1200
	-ORB scale factor: 1.2000000476837158
	-ORB number of scales: 8
	-Initial FAST threshold: 20
	-Min FAST threshold: 7


Loading ORB Vocabulary. This could take a while...
Vocabulary loaded!

Initialization of Atlas from scratch 
Creation of new map with id: 0
Creation of new map with last KF id: 0
Seq. Name: 
There are 1 cameras in the atlas
Camera 0 is pinhole
SLAM Started at System Time: 1734433378.19616
not IMU meas
not IMU meas
not enough acceleration
not enough acceleration
not enough acceleration
not enough acceleration
not enough acceleration
not enough acceleration
not enough acceleration
not enough acceleration
not enough acceleration
not enough acceleration
not enough acceleration
not enough acceleration
not enough acceleration
not enough acceleration
not enough acceleration
not enough acceleration
not enough acceleration
not enough acceleration
not enough acceleration
not enough acceleration
not enough acceleration
not enough acceleration
not enough acceleration
not enough acceleration
not enough acceleration
not enough acceleration
not enough acceleration
not enough acceleration
not enough acceleration
not enough acceleration
First KF:0; Map init KF:0
New Map created with 104 points
Active map: 0
Dropping frame 1403638130.395097
Dropping frame 1403638130.5950971
Dropping frame 1403638130.695097
Dropping frame 1403638130.945097
Dropping frame 1403638131.145097
Dropping frame 1403638131.2450969
Dropping frame 1403638131.5450969
Dropping frame 1403638131.8450971
Dropping frame 1403638132.0450969
Dropping frame 1403638132.145097
Dropping frame 1403638132.2450969
Dropping frame 1403638132.5450969
Dropping frame 1403638132.645097
Dropping frame 1403638132.9950972
Dropping frame 1403638133.2950971
Dropping frame 1403638133.645097
Dropping frame 1403638133.7450969
Dropping frame 1403638134.0950971
Dropping frame 1403638134.2950971
Dropping frame 1403638134.395097
start VIBA 1
end VIBA 1
Dropping frame 1403638134.7950971
Dropping frame 1403638134.895097
Dropping frame 1403638135.2450969
Dropping frame 1403638135.395097
Dropping frame 1403638135.4950972
Dropping frame 1403638135.7950971
Dropping frame 1403638135.9950972
Dropping frame 1403638136.0950971
Dropping frame 1403638136.4950972
Dropping frame 1403638136.5950971
Dropping frame 1403638136.695097
Dropping frame 1403638136.895097
Dropping frame 1403638137.0950971
Dropping frame 1403638137.195097
Dropping frame 1403638137.3450971
Dropping frame 1403638137.445097
Dropping frame 1403638137.5450969
Dropping frame 1403638137.7950971
Dropping frame 1403638137.9950972
Dropping frame 1403638138.0950971
Dropping frame 1403638138.195097
Dropping frame 1403638138.2950971
Dropping frame 1403638138.395097
Dropping frame 1403638138.645097
Dropping frame 1403638138.7450969
Not enough motion for initializing. Reseting...
TRACK: Reset map because local mapper set the bad imu flag 
LM: Active map reset recieved
LM: Active map reset, waiting...
LM: Reseting current map in Local Mapping...
LM: End reseting Local Mapping...
LM: Reset free the mutex
LM: Active map reset, Done!!!
mnFirstFrameId = 32
mnInitialFrameId = 0
153 Frames set to lost
not IMU meas
not enough acceleration
Dropping frame 1403638138.945097
not enough acceleration
not enough acceleration
First KF:38; Map init KF:0
New Map created with 141 points
Active map: 0
Dropping frame 1403638139.145097
Dropping frame 1403638139.2450969
Dropping frame 1403638139.5950971
Dropping frame 1403638139.695097
Dropping frame 1403638139.7950971
Dropping frame 1403638139.9950972
Dropping frame 1403638140.195097
Dropping frame 1403638140.2950971
Dropping frame 1403638140.395097
Dropping frame 1403638140.945097
Dropping frame 1403638141.145097
Dropping frame 1403638141.2450969
Dropping frame 1403638141.4950972
Dropping frame 1403638141.645097
Dropping frame 1403638141.8450971
Dropping frame 1403638142.0450969
Not enough motion for initializing. Reseting...
Dropping frame 1403638142.145097
LM: Reseting current map in Local Mapping...
LM: End reseting Local Mapping...
LM: Reset free the mutex
Dropping frame 1403638142.3450971
Dropping frame 1403638142.5450969
Not enough motion for initializing. Reseting...
TRACK: Reset map because local mapper set the bad imu flag 
LM: Reseting current map in Local Mapping...
LM: End reseting Local Mapping...
LM: Reset free the mutex
LM: Active map reset recieved
LM: Active map reset, waiting...
LM: Reseting current map in Local Mapping...
LM: End reseting Local Mapping...
LM: Reset free the mutex
LM: Active map reset, Done!!!
mnFirstFrameId = 190
mnInitialFrameId = 185
205 Frames set to lost
not IMU meas
Dropping frame 1403638142.7450969
not enough acceleration
Dropping frame 1403638142.8450971
First KF:50; Map init KF:38
New Map created with 130 points
Active map: 0
Dropping frame 1403638144.4950972
Not enough motion for initializing. Reseting...
TRACK: Reset map because local mapper set the bad imu flag 
LM: Reseting current map in Local Mapping...
LM: End reseting Local Mapping...
LM: Reset free the mutex
LM: Active map reset recieved
LM: Active map reset, waiting...
LM: Reseting current map in Local Mapping...
LM: End reseting Local Mapping...
LM: Reset free the mutex
LM: Active map reset, Done!!!
mnFirstFrameId = 245
mnInitialFrameId = 242
260 Frames set to lost
not IMU meas
not enough acceleration
not enough acceleration
not enough acceleration
not enough acceleration
not enough acceleration
not enough acceleration
not enough acceleration
not enough acceleration
not enough acceleration
not enough acceleration
not enough acceleration
not enough acceleration
not enough acceleration
not enough acceleration
not enough acceleration
not enough acceleration
not enough acceleration
not enough acceleration
not enough acceleration
not enough acceleration
not enough acceleration
not enough acceleration
not enough acceleration
not enough acceleration
not enough acceleration
not enough acceleration
not enough acceleration
not enough acceleration
not enough acceleration
not enough acceleration
not enough acceleration
not enough acceleration
not enough acceleration
not enough acceleration
not enough acceleration
not enough acceleration
not enough acceleration
not enough acceleration
not enough acceleration
not enough acceleration
First KF:61; Map init KF:50
New Map created with 150 points
Active map: 0
start VIBA 1
end VIBA 1
Dropping frame 1403638155.695097
Dropping frame 1403638156.0950971
Dropping frame 1403638156.3450971
Dropping frame 1403638156.4950972
Dropping frame 1403638156.645097
Dropping frame 1403638156.8450971
Dropping frame 1403638157.145097
Dropping frame 1403638157.2950971
Dropping frame 1403638157.5950971
Dropping frame 1403638157.695097
Dropping frame 1403638158.0950971
Dropping frame 1403638158.2450969
Dropping frame 1403638158.3450971
Dropping frame 1403638158.5950971
Dropping frame 1403638158.695097
Dropping frame 1403638158.7950971
Dropping frame 1403638158.9950972
Dropping frame 1403638159.695097
Dropping frame 1403638160.195097
Dropping frame 1403638160.2950971
Dropping frame 1403638160.395097
Dropping frame 1403638161.4950972
Dropping frame 1403638162.195097
Dropping frame 1403638162.4950972
Dropping frame 1403638162.5950971
Dropping frame 1403638162.7450969
Dropping frame 1403638162.895097
Dropping frame 1403638162.9950972
start VIBA 2
Dropping frame 1403638163.0950971
Dropping frame 1403638163.2450969
end VIBA 2
Dropping frame 1403638163.4950972
Dropping frame 1403638163.695097
Dropping frame 1403638164.7950971
Dropping frame 1403638165.0450969
Dropping frame 1403638165.145097
Dropping frame 1403638165.395097
Dropping frame 1403638165.5950971
Dropping frame 1403638165.895097
Dropping frame 1403638165.9950972
Dropping frame 1403638166.3450971
Dropping frame 1403638166.445097
Dropping frame 1403638166.645097
Dropping frame 1403638167.0450969
Dropping frame 1403638167.2450969
Dropping frame 1403638167.445097
Dropping frame 1403638167.7950971
Dropping frame 1403638167.895097
Dropping frame 1403638168.0950971
Dropping frame 1403638168.2950971
Dropping frame 1403638168.445097
Dropping frame 1403638168.5450969
Dropping frame 1403638168.7450969
Dropping frame 1403638168.945097
Dropping frame 1403638169.145097
Dropping frame 1403638169.2450969
Dropping frame 1403638169.3450971
Dropping frame 1403638169.5450969
Dropping frame 1403638169.645097
Dropping frame 1403638169.8450971
Dropping frame 1403638169.945097
Dropping frame 1403638170.2950971
Dropping frame 1403638170.5450969
Dropping frame 1403638170.645097
Dropping frame 1403638170.9950972
Dropping frame 1403638171.0950971
Dropping frame 1403638171.445097
Dropping frame 1403638171.645097
Dropping frame 1403638171.7950971
Dropping frame 1403638171.895097
Dropping frame 1403638172.3450971
Dropping frame 1403638172.645097
Dropping frame 1403638172.8450971
Dropping frame 1403638173.0950971
Dropping frame 1403638173.195097
Dropping frame 1403638173.2950971
Dropping frame 1403638173.4950972
Dropping frame 1403638173.695097
Dropping frame 1403638174.0950971
Dropping frame 1403638174.195097
Dropping frame 1403638174.2950971
Dropping frame 1403638174.395097
Dropping frame 1403638174.4950972
Dropping frame 1403638174.695097
Dropping frame 1403638174.895097
Dropping frame 1403638174.9950972
Dropping frame 1403638175.195097
Dropping frame 1403638175.2950971
Dropping frame 1403638175.4950972
Dropping frame 1403638175.695097
Dropping frame 1403638175.895097
Dropping frame 1403638175.9950972
Dropping frame 1403638176.195097
Dropping frame 1403638176.2950971
Dropping frame 1403638176.645097
Dropping frame 1403638176.7450969
Dropping frame 1403638176.945097
Dropping frame 1403638177.195097
Dropping frame 1403638177.4950972
Dropping frame 1403638177.7950971
Dropping frame 1403638177.895097
Dropping frame 1403638178.145097
Dropping frame 1403638178.445097
Dropping frame 1403638178.7450969
Dropping frame 1403638178.945097
Dropping frame 1403638179.0950971
Dropping frame 1403638179.3450971
Dropping frame 1403638179.445097
Dropping frame 1403638179.695097
Dropping frame 1403638179.7950971
Dropping frame 1403638180.145097
Dropping frame 1403638180.3450971
Dropping frame 1403638180.5450969
Dropping frame 1403638180.8450971
Dropping frame 1403638181.0450969
Dropping frame 1403638181.195097
Dropping frame 1403638181.395097
Dropping frame 1403638181.4950972
Dropping frame 1403638181.5950971
Dropping frame 1403638181.8450971
Dropping frame 1403638182.0450969
Dropping frame 1403638182.145097
Dropping frame 1403638182.2450969
Dropping frame 1403638182.445097
Dropping frame 1403638182.5950971
Dropping frame 1403638182.7950971
Dropping frame 1403638182.895097
Dropping frame 1403638182.9950972
Dropping frame 1403638183.3450971
Dropping frame 1403638183.7950971
Dropping frame 1403638184.445097
Dropping frame 1403638184.5450969
Dropping frame 1403638184.7950971
Dropping frame 1403638185.0950971
Dropping frame 1403638185.395097
Dropping frame 1403638185.7450969
Dropping frame 1403638185.8450971
Dropping frame 1403638187.4950972
Dropping frame 1403638187.5950971
Dropping frame 1403638187.695097
Dropping frame 1403638188.0450969
Dropping frame 1403638188.2450969
Dropping frame 1403638188.3450971
Dropping frame 1403638188.445097
Dropping frame 1403638188.7950971
Dropping frame 1403638188.895097
Dropping frame 1403638188.9950972
Dropping frame 1403638189.2450969
Dropping frame 1403638189.5950971
Dropping frame 1403638190.145097
Dropping frame 1403638190.2450969
Dropping frame 1403638190.5950971
Dropping frame 1403638190.695097
Dropping frame 1403638190.9950972
Dropping frame 1403638191.445097
Dropping frame 1403638191.895097
Dropping frame 1403638192.7950971
Dropping frame 1403638193.145097
Dropping frame 1403638193.3450971
Dropping frame 1403638193.895097
Dropping frame 1403638194.0950971
Dropping frame 1403638194.395097
Dropping frame 1403638194.5950971
Dropping frame 1403638194.7450969
Dropping frame 1403638194.945097
Dropping frame 1403638195.0950971
Dropping frame 1403638195.2950971
Dropping frame 1403638195.5950971
Dropping frame 1403638195.7950971
Dropping frame 1403638195.895097
Dropping frame 1403638195.9950972
Dropping frame 1403638196.195097
Dropping frame 1403638196.395097
Dropping frame 1403638196.695097
Dropping frame 1403638197.0450969
Dropping frame 1403638197.145097
Dropping frame 1403638197.395097
Dropping frame 1403638197.4950972
Dropping frame 1403638197.7950971
Dropping frame 1403638197.895097
Dropping frame 1403638198.2450969
Dropping frame 1403638198.4950972
Dropping frame 1403638198.8450971
Dropping frame 1403638198.945097
Dropping frame 1403638199.2450969
Dropping frame 1403638199.3450971
Dropping frame 1403638199.5450969
Dropping frame 1403638199.7450969
Dropping frame 1403638199.895097
Dropping frame 1403638200.2450969
Dropping frame 1403638200.4950972
Dropping frame 1403638201.645097
Dropping frame 1403638202.5950971
Dropping frame 1403638202.9950972
Dropping frame 1403638203.5450969
Dropping frame 1403638203.945097
Dropping frame 1403638204.2450969
Dropping frame 1403638204.895097
Dropping frame 1403638205.0950971
Dropping frame 1403638205.395097
Dropping frame 1403638206.0450969
Dropping frame 1403638206.645097
Dropping frame 1403638212.5450969
Dropping frame 1403638213.2950971
Dropping frame 1403638221.5450969
Dropping frame 1403638222.9950972
Dropping frame 1403638223.3450971
Dropping frame 1403638224.445097
Dropping frame 1403638224.7950971
Dropping frame 1403638225.895097
Dropping frame 1403638226.445097
Dropping frame 1403638226.7450969
Dropping frame 1403638227.445097
Dropping frame 1403638227.895097
Dropping frame 1403638228.7950971
Shutdown
SLAM Finished at System Time: 1734433497.48881

 TIME STATS in ms (mean$\pm$std)
OpenCV version: 4.8.1
---------------------------
Tracking

ORB Extraction: 15.764$\pm$2.1403
Stereo Matching: 7.8329$\pm$1.9971
IMU Preintegration: 0.21011$\pm$0.091298
Pose Prediction: 0.56972$\pm$1.4583
LM Track: 16.003$\pm$5.1017
New KF decision: 1.03$\pm$1.8613
Total Tracking: 34.275$\pm$20.634



Local Mapping

KF Insertion: 11.999$\pm$4.186
MP Culling: 0.43597$\pm$0.23474
MP Creation: 37.635$\pm$14.94
LBA: 128.83$\pm$48.273
KF Culling: 9.2403$\pm$7.7359
Total Local Mapping: 187.38$\pm$68.553
---------------------------

LBA complexity (mean$\pm$std)
LBA Edges: 1439.3$\pm$1123.8
LBA KF optimized: 6.5$\pm$2.2913
LBA KF fixed: 1$\pm$0
LBA MP: nan$\pm$nan

LBA executions: 413
LBA aborts: 0
---------------------------

Map complexity
KFs in map: 187
MPs in map: 15109
---------------------------

Place Recognition (mean$\pm$std)
Database Query: 2.0235$\pm$1.1125
SE3 estimation: 26.104$\pm$15.115
Total Place Recognition: 19.92$\pm$18.416


Loop Closing (mean$\pm$std)
Loop Fusion: nan$\pm$nan
Essential Graph: nan$\pm$nan
Total Loop Closing: nan$\pm$nan

Num exec: 0
Number of KFs: nan$\pm$nan

Map Merging (mean$\pm$std)
Merge Maps: nan$\pm$nan
Welding BA: nan$\pm$nan
Optimization Ess.: nan$\pm$nan
Total Map Merging: nan$\pm$nan

Num exec: 0
Number of KFs: nan$\pm$nan
Number of MPs: nan$\pm$nan

Full GBA (mean$\pm$std)
GBA: nan$\pm$nan
Map Update: nan$\pm$nan
Total Full GBA: nan$\pm$nan

Num exec: 0
Num abort: 0
Number of KFs: nan$\pm$nan
Number of MPs: nan$\pm$nan

Saving trajectory to f_dataset-MH04_stereo_imu.txt ...
There are 1 maps in the atlas
  Map 0 has 187 KFs

End of saving trajectory to f_dataset-MH04_stereo_imu.txt ...

Saving keyframe trajectory to kf_dataset-MH04_stereo_imu.txt ...
