num_seq = 1
file name: dataset-MH04_stereo_imu
Loading images for sequence 0...LOADED!
Loading IMU for sequence 0...LOADED!

-------

ORB-SLAM3 Copyright (C) 2017-2020 Carlos Campos, Richard Elvira, Juan J. Gómez, José M.M. Montiel and Juan D. Tardós, University of Zaragoza.
ORB-SLAM2 Copyright (C) 2014-2016 Raúl Mur-Artal, José M.M. Montiel and Juan D. Tardós, University of Zaragoza.
This program comes with ABSOLUTELY NO WARRANTY;
This is free software, and you are welcome to redistribute it
under certain conditions. See LICENSE.txt.

Built with REGISTER_TIMES
Git Commit Hash: e54774f

Build Type: Release

Compiled with C++ version: 201703

Input sensor was set to: Stereo-Inertial
Loading settings from EuRoC_fov_mask_3x3.yaml
	-Loaded camera 1
	-Loaded camera 2
	-Loaded image info
	-Loaded IMU calibration
	-Loaded ORB settings
	-Loaded viewer settings
	-Loaded Atlas settings
FOV enabled
Static mask size: 3x3
Dumping map points enabled
	-Loaded misc parameters
	-Computed rectification maps
----------------------------------
SLAM settings: 
	-Camera 1 parameters (Pinhole): [ 458.65399169921875 457.29598999023438 367.21499633789062 248.375 ]
	-Camera 1 distortion parameters: [  -0.28340810537338257 0.073959067463874817 0.00019359000725671649 1.7618711353861727e-05 ]
	-Camera 2 parameters (Pinhole: [ 457.58700561523438 456.13400268554688 379.99899291992188 255.23800659179688 ]
	-Camera 1 distortion parameters: [  -0.2836836576461792 0.074512839317321777 -0.00010473000293131918 -3.555907096597366e-05 ]
	-Original image size: [ 752 , 480 ]
	-Current image size: [ 752 , 480 ]
	-Camera 1 parameters after rectification: [  456.71499633789062 456.71499633789062 364.52615356445312 257.268798828125 ]
	-Sequence FPS: 20
	-Stereo baseline: 0.11007784307003021
	-Stereo depth threshold : 60
	-Gyro noise: 0.00016999999934341758
	-Accelerometer noise: 0.0020000000949949026
	-Gyro walk: 1.9392999092815444e-05
	-Accelerometer walk: 0.0030000000260770321
	-IMU frequency: 200
	-Features per image: 1200
	-ORB scale factor: 1.2000000476837158
	-ORB number of scales: 8
	-Initial FAST threshold: 20
	-Min FAST threshold: 7


Loading ORB Vocabulary. This could take a while...
Vocabulary loaded!

Initialization of Atlas from scratch 
Creation of new map with id: 0
Creation of new map with last KF id: 0
Seq. Name: 
There are 1 cameras in the atlas
Camera 0 is pinhole
SLAM Started at System Time: 1735348876.94574
not IMU meas
not IMU meas
not enough acceleration
not enough acceleration
not enough acceleration
not enough acceleration
not enough acceleration
not enough acceleration
not enough acceleration
not enough acceleration
not enough acceleration
not enough acceleration
not enough acceleration
not enough acceleration
not enough acceleration
not enough acceleration
not enough acceleration
not enough acceleration
not enough acceleration
not enough acceleration
not enough acceleration
not enough acceleration
not enough acceleration
not enough acceleration
not enough acceleration
not enough acceleration
not enough acceleration
not enough acceleration
not enough acceleration
not enough acceleration
not enough acceleration
not enough acceleration
First KF:0; Map init KF:0
New Map created with 42 points
Active map: 0
start VIBA 1
end VIBA 1
Not enough motion for initializing. Reseting...
TRACK: Reset map because local mapper set the bad imu flag 
LM: Reseting current map in Local Mapping...
LM: End reseting Local Mapping...
LM: Reset free the mutex
LM: Active map reset recieved
LM: Active map reset, waiting...
LM: Reseting current map in Local Mapping...
LM: End reseting Local Mapping...
LM: Reset free the mutex
LM: Active map reset, Done!!!
mnFirstFrameId = 32
mnInitialFrameId = 0
194 Frames set to lost
not IMU meas
First KF:53; Map init KF:0
New Map created with 63 points
Active map: 0
Not enough motion for initializing. Reseting...
LM: Reseting current map in Local Mapping...
LM: End reseting Local Mapping...
LM: Reset free the mutex
Not enough motion for initializing. Reseting...
LM: Reseting current map in Local Mapping...
LM: End reseting Local Mapping...
LM: Reset free the mutex
Not enough motion for initializing. Reseting...
LM: Reseting current map in Local Mapping...
LM: End reseting Local Mapping...
LM: Reset free the mutex
Not enough motion for initializing. Reseting...
LM: Reseting current map in Local Mapping...
LM: End reseting Local Mapping...
LM: Reset free the mutex
Not enough motion for initializing. Reseting...
LM: Reseting current map in Local Mapping...
LM: End reseting Local Mapping...
LM: Reset free the mutex
Not enough motion for initializing. Reseting...
LM: Reseting current map in Local Mapping...
LM: End reseting Local Mapping...
LM: Reset free the mutex
Not enough motion for initializing. Reseting...
LM: Reseting current map in Local Mapping...
LM: End reseting Local Mapping...
LM: Reset free the mutex
Not enough motion for initializing. Reseting...
LM: Reseting current map in Local Mapping...
LM: End reseting Local Mapping...
LM: Reset free the mutex
Not enough motion for initializing. Reseting...
LM: Reseting current map in Local Mapping...
LM: End reseting Local Mapping...
LM: Reset free the mutex
Not enough motion for initializing. Reseting...
LM: Reseting current map in Local Mapping...
LM: End reseting Local Mapping...
LM: Reset free the mutex
Not enough motion for initializing. Reseting...
LM: Reseting current map in Local Mapping...
LM: End reseting Local Mapping...
LM: Reset free the mutex
Not enough motion for initializing. Reseting...
LM: Reseting current map in Local Mapping...
LM: End reseting Local Mapping...
LM: Reset free the mutex
Not enough motion for initializing. Reseting...
LM: Reseting current map in Local Mapping...
LM: End reseting Local Mapping...
LM: Reset free the mutex
Not enough motion for initializing. Reseting...
LM: Reseting current map in Local Mapping...
LM: End reseting Local Mapping...
LM: Reset free the mutex
Not enough motion for initializing. Reseting...
TRACK: Reset map because local mapper set the bad imu flag 
LM: Reseting current map in Local Mapping...
LM: End reseting Local Mapping...
LM: Reset free the mutex
LM: Active map reset recieved
LM: Active map reset, waiting...
LM: Reseting current map in Local Mapping...
LM: End reseting Local Mapping...
LM: Reset free the mutex
LM: Active map reset, Done!!!
mnFirstFrameId = 228
mnInitialFrameId = 226
378 Frames set to lost
not IMU meas
not enough acceleration
not enough acceleration
not enough acceleration
not enough acceleration
not enough acceleration
First KF:78; Map init KF:53
New Map created with 548 points
Active map: 0
Fail to track local map!
IMU is not or recently initialized. Reseting active map...
LM: Active map reset recieved
LM: Active map reset, waiting...
LM: Reseting current map in Local Mapping...
LM: End reseting Local Mapping...
LM: Reset free the mutex
LM: Active map reset, Done!!!
mnFirstFrameId = 419
mnInitialFrameId = 412
428 Frames set to lost
not IMU meas
not enough acceleration
First KF:88; Map init KF:78
New Map created with 911 points
Active map: 0
Fail to track local map!
IMU is not or recently initialized. Reseting active map...
LM: Active map reset recieved
LM: Active map reset, waiting...
LM: Reseting current map in Local Mapping...
LM: End reseting Local Mapping...
LM: Reset free the mutex
LM: Active map reset, Done!!!
mnFirstFrameId = 471
mnInitialFrameId = 468
476 Frames set to lost
not IMU meas
not enough acceleration
not enough acceleration
not enough acceleration
not enough acceleration
not enough acceleration
First KF:98; Map init KF:88
New Map created with 379 points
Active map: 0
Fail to track local map!
IMU is not or recently initialized. Reseting active map...
LM: Active map reset recieved
LM: Active map reset, waiting...
LM: Reseting current map in Local Mapping...
LM: End reseting Local Mapping...
LM: Reset free the mutex
LM: Active map reset, Done!!!
mnFirstFrameId = 525
mnInitialFrameId = 518
524 Frames set to lost
not IMU meas
not enough acceleration
First KF:108; Map init KF:98
New Map created with 707 points
Active map: 0
Fail to track local map!
IMU is not or recently initialized. Reseting active map...
LM: Active map reset recieved
LM: Active map reset, waiting...
LM: Reseting current map in Local Mapping...
LM: End reseting Local Mapping...
LM: Reset free the mutex
LM: Active map reset, Done!!!
mnFirstFrameId = 575
mnInitialFrameId = 572
573 Frames set to lost
not IMU meas
not enough acceleration
not enough acceleration
not enough acceleration
not enough acceleration
not enough acceleration
not enough acceleration
First KF:118; Map init KF:108
New Map created with 933 points
Active map: 0
Fail to track local map!
IMU is not or recently initialized. Reseting active map...
LM: Active map reset recieved
LM: Active map reset, waiting...
LM: Reseting current map in Local Mapping...
LM: End reseting Local Mapping...
LM: Reset free the mutex
LM: Active map reset, Done!!!
mnFirstFrameId = 631
mnInitialFrameId = 623
621 Frames set to lost
not IMU meas
not enough acceleration
First KF:128; Map init KF:118
New Map created with 844 points
Active map: 0
Fail to track local map!
IMU is not or recently initialized. Reseting active map...
LM: Active map reset recieved
LM: Active map reset, waiting...
LM: Reseting current map in Local Mapping...
LM: End reseting Local Mapping...
LM: Reset free the mutex
LM: Active map reset, Done!!!
mnFirstFrameId = 681
mnInitialFrameId = 678
670 Frames set to lost
not IMU meas
First KF:138; Map init KF:128
New Map created with 872 points
Active map: 0
Fail to track local map!
IMU is not or recently initialized. Reseting active map...
LM: Active map reset recieved
LM: Active map reset, waiting...
LM: Reseting current map in Local Mapping...
LM: End reseting Local Mapping...
LM: Reset free the mutex
LM: Active map reset, Done!!!
mnFirstFrameId = 731
mnInitialFrameId = 729
718 Frames set to lost
not IMU meas
First KF:148; Map init KF:138
New Map created with 748 points
Active map: 0
start VIBA 1
end VIBA 1
Fail to track local map!
IMU is not or recently initialized. Reseting active map...
LM: Active map reset recieved
LM: Active map reset, waiting...
LM: Reseting current map in Local Mapping...
LM: End reseting Local Mapping...
LM: Reset free the mutex
LM: Active map reset, Done!!!
mnFirstFrameId = 780
mnInitialFrameId = 778
824 Frames set to lost
not IMU meas
not enough acceleration
not enough acceleration
not enough acceleration
First KF:184; Map init KF:148
New Map created with 844 points
Active map: 0
Fail to track local map!
IMU is not or recently initialized. Reseting active map...
LM: Active map reset recieved
LM: Active map reset, waiting...
LM: Reseting current map in Local Mapping...
LM: End reseting Local Mapping...
LM: Reset free the mutex
LM: Active map reset, Done!!!
mnFirstFrameId = 890
mnInitialFrameId = 885
861 Frames set to lost
not IMU meas
not enough acceleration
First KF:192; Map init KF:184
New Map created with 358 points
Active map: 0
Fail to track local map!
IMU is not or recently initialized. Reseting active map...
LM: Active map reset recieved
LM: Active map reset, waiting...
LM: Reseting current map in Local Mapping...
LM: End reseting Local Mapping...
LM: Reset free the mutex
LM: Active map reset, Done!!!
mnFirstFrameId = 929
mnInitialFrameId = 926
867 Frames set to lost
not IMU meas
not enough acceleration
First KF:194; Map init KF:192
New Map created with 291 points
Active map: 0
Fail to track local map!
IMU is not or recently initialized. Reseting active map...
LM: Active map reset recieved
LM: Active map reset, waiting...
LM: Reseting current map in Local Mapping...
LM: End reseting Local Mapping...
LM: Reset free the mutex
LM: Active map reset, Done!!!
mnFirstFrameId = 937
mnInitialFrameId = 934
872 Frames set to lost
not IMU meas
First KF:195; Map init KF:194
New Map created with 453 points
Active map: 0
Fail to track local map!
IMU is not or recently initialized. Reseting active map...
LM: Active map reset recieved
LM: Active map reset, waiting...
LM: Reseting current map in Local Mapping...
LM: End reseting Local Mapping...
LM: Reset free the mutex
LM: Active map reset, Done!!!
mnFirstFrameId = 943
mnInitialFrameId = 941
920 Frames set to lost
not IMU meas
not enough acceleration
First KF:205; Map init KF:195
New Map created with 811 points
Active map: 0
Fail to track local map!
IMU is not or recently initialized. Reseting active map...
LM: Active map reset recieved
LM: Active map reset, waiting...
LM: Reseting current map in Local Mapping...
LM: End reseting Local Mapping...
LM: Reset free the mutex
LM: Active map reset, Done!!!
mnFirstFrameId = 993
mnInitialFrameId = 990
968 Frames set to lost
not enough acceleration
not enough acceleration
not enough acceleration
not enough acceleration
not enough acceleration
not enough acceleration
not enough acceleration
not enough acceleration
First KF:215; Map init KF:205
New Map created with 404 points
Active map: 0
Fail to track local map!
IMU is not or recently initialized. Reseting active map...
LM: Active map reset recieved
LM: Active map reset, waiting...
LM: Reseting current map in Local Mapping...
LM: End reseting Local Mapping...
LM: Reset free the mutex
LM: Active map reset, Done!!!
mnFirstFrameId = 1461
mnInitialFrameId = 1040
1016 Frames set to lost
not IMU meas
First KF:225; Map init KF:215
New Map created with 382 points
Active map: 0
Fail to track local map!
IMU is not or recently initialized. Reseting active map...
LM: Active map reset recieved
LM: Active map reset, waiting...
LM: Reseting current map in Local Mapping...
LM: End reseting Local Mapping...
LM: Reset free the mutex
LM: Active map reset, Done!!!
mnFirstFrameId = 1510
mnInitialFrameId = 1508
1022 Frames set to lost
not enough acceleration
First KF:226; Map init KF:225
New Map created with 347 points
Active map: 0
Fail to track local map!
IMU is not or recently initialized. Reseting active map...
LM: Active map reset recieved
LM: Active map reset, waiting...
LM: Reseting current map in Local Mapping...
LM: End reseting Local Mapping...
LM: Reset free the mutex
LM: Active map reset, Done!!!
mnFirstFrameId = 1518
mnInitialFrameId = 1515
1070 Frames set to lost
not IMU meas
not enough acceleration
not enough acceleration
not enough acceleration
not enough acceleration
not enough acceleration
First KF:236; Map init KF:226
New Map created with 726 points
Active map: 0
start VIBA 1
end VIBA 1
start VIBA 2
end VIBA 2
Fail to track local map!
Fail to track local map!
Fail to track local map!
Fail to track local map!
Fail to track local map!
Fail to track local map!
Fail to track local map!
Fail to track local map!
Fail to track local map!
Shutdown
SLAM Finished at System Time: 1735348989.30139

 TIME STATS in ms (mean$\pm$std)
OpenCV version: 4.6.0
---------------------------
Tracking

ORB Extraction: 8.0239$\pm$1.4678
Stereo Matching: 4.3054$\pm$2.3718
IMU Preintegration: 0.067215$\pm$0.026169
Pose Prediction: 1.4005$\pm$1.7629
LM Track: 6.024$\pm$2.8993
New KF decision: 0.94532$\pm$1.8965
Total Tracking: 21.481$\pm$7.9684



Local Mapping

KF Insertion: 5.8267$\pm$1.571
MP Culling: 0.18991$\pm$0.11602
MP Creation: 15.615$\pm$9.8658
LBA: 41.794$\pm$25.782
KF Culling: 3.0536$\pm$10.751
Total Local Mapping: 69.132$\pm$117.82
---------------------------

LBA complexity (mean$\pm$std)
LBA Edges: 2448.3$\pm$1259.3
LBA KF optimized: 6.0397$\pm$2.0525
LBA KF fixed: 1.254$\pm$0.80609
LBA MP: -nan$\pm$-nan

LBA executions: 370
LBA aborts: 0
---------------------------

Map complexity
KFs in map: 91
MPs in map: 4839
---------------------------

Place Recognition (mean$\pm$std)
Database Query: 0.56118$\pm$0.28284
SE3 estimation: 4.7868$\pm$4.2955
Total Place Recognition: 0.63843$\pm$1.8922


Loop Closing (mean$\pm$std)
Loop Fusion: -nan$\pm$-nan
Essential Graph: -nan$\pm$-nan
Total Loop Closing: -nan$\pm$-nan

Num exec: 0
Number of KFs: -nan$\pm$-nan

Map Merging (mean$\pm$std)
Merge Maps: -nan$\pm$-nan
Welding BA: -nan$\pm$-nan
Optimization Ess.: -nan$\pm$-nan
Total Map Merging: -nan$\pm$-nan

Num exec: 0
Number of KFs: -nan$\pm$-nan
Number of MPs: -nan$\pm$-nan

Full GBA (mean$\pm$std)
GBA: -nan$\pm$-nan
Map Update: -nan$\pm$-nan
Total Full GBA: -nan$\pm$-nan

Num exec: 0
Num abort: 0
Number of KFs: -nan$\pm$-nan
Number of MPs: -nan$\pm$-nan

Saving trajectory to f_dataset-MH04_stereo_imu.txt ...
There are 1 maps in the atlas
  Map 0 has 91 KFs

End of saving trajectory to f_dataset-MH04_stereo_imu.txt ...

Saving keyframe trajectory to kf_dataset-MH04_stereo_imu.txt ...
