num_seq = 1
file name: dataset-MH02_stereo_imu
Loading images for sequence 0...LOADED!
Loading IMU for sequence 0...LOADED!

-------

ORB-SLAM3 Copyright (C) 2017-2020 Carlos Campos, Richard Elvira, Juan J. Gómez, José M.M. Montiel and Juan D. Tardós, University of Zaragoza.
ORB-SLAM2 Copyright (C) 2014-2016 Raúl Mur-Artal, José M.M. Montiel and Juan D. Tardós, University of Zaragoza.
This program comes with ABSOLUTELY NO WARRANTY;
This is free software, and you are welcome to redistribute it
under certain conditions. See LICENSE.txt.

Built with REGISTER_TIMES
Git Commit Hash: 42e930e

Compiled with C++ version: 201703

Input sensor was set to: Stereo-Inertial
Loading settings from ./Examples/Stereo-Inertial/EuRoC_fov_deadlines_mask_8x8.yaml
	-Loaded camera 1
	-Loaded camera 2
	-Loaded image info
	-Loaded IMU calibration
	-Loaded ORB settings
	-Loaded viewer settings
	-Loaded Atlas settings
Deadlines enabled, will skip frames!
FOV enabled
Static mask size: 8x8
Dumping map points enabled
	-Loaded misc parameters
	-Computed rectification maps
----------------------------------
SLAM settings: 
	-Camera 1 parameters (Pinhole): [ 458.65399169921875 457.29598999023438 367.21499633789062 248.375 ]
	-Camera 1 distortion parameters: [  -0.28340810537338257 0.073959067463874817 0.00019359000725671649 1.7618711353861727e-05 ]
	-Camera 2 parameters (Pinhole: [ 457.58700561523438 456.13400268554688 379.99899291992188 255.23800659179688 ]
	-Camera 1 distortion parameters: [  -0.2836836576461792 0.074512839317321777 -0.00010473000293131918 -3.555907096597366e-05 ]
	-Original image size: [ 752 , 480 ]
	-Current image size: [ 752 , 480 ]
	-Camera 1 parameters after rectification: [  456.71499633789062 456.71499633789062 364.52615356445312 257.268798828125 ]
	-Sequence FPS: 20
	-Stereo baseline: 0.11007784307003021
	-Stereo depth threshold : 60
	-Gyro noise: 0.00016999999934341758
	-Accelerometer noise: 0.0020000000949949026
	-Gyro walk: 1.9392999092815444e-05
	-Accelerometer walk: 0.0030000000260770321
	-IMU frequency: 200
	-Features per image: 1200
	-ORB scale factor: 1.2000000476837158
	-ORB number of scales: 8
	-Initial FAST threshold: 20
	-Min FAST threshold: 7


Loading ORB Vocabulary. This could take a while...
Vocabulary loaded!

Initialization of Atlas from scratch 
Creation of new map with id: 0
Creation of new map with last KF id: 0
Seq. Name: 
There are 1 cameras in the atlas
Camera 0 is pinhole
SLAM Started at System Time: 1734509336.37325
not IMU meas
not IMU meas
not enough acceleration
not enough acceleration
not enough acceleration
not enough acceleration
not enough acceleration
not enough acceleration
First KF:0; Map init KF:0
New Map created with 185 points
Active map: 0
Dropping frame 1403636859.1516664
Dropping frame 1403636859.7016666
Dropping frame 1403636860.0516665
Dropping frame 1403636860.4516664
Dropping frame 1403636860.7516665
Dropping frame 1403636861.4016666
Dropping frame 1403636861.7016666
Dropping frame 1403636862.0016665
Dropping frame 1403636862.3016665
Dropping frame 1403636862.4016666
Dropping frame 1403636862.6516664
Dropping frame 1403636862.8516665
Dropping frame 1403636863.1016665
Dropping frame 1403636863.6516664
Dropping frame 1403636863.8516665
Dropping frame 1403636864.1016665
Dropping frame 1403636864.2016666
Dropping frame 1403636864.4016666
start VIBA 1
end VIBA 1
Dropping frame 1403636864.7516665
Dropping frame 1403636864.9016666
Dropping frame 1403636865.1016665
Dropping frame 1403636866.2016666
Dropping frame 1403636866.3016665
Dropping frame 1403636866.6516664
Dropping frame 1403636866.8516665
Dropping frame 1403636867.0516665
Dropping frame 1403636867.3016665
Dropping frame 1403636867.4516664
Dropping frame 1403636867.6516664
Dropping frame 1403636868.3516665
Dropping frame 1403636868.7516665
Dropping frame 1403636868.9516664
Dropping frame 1403636869.1516664
Dropping frame 1403636869.2516665
Dropping frame 1403636869.3516665
Dropping frame 1403636869.5516665
Dropping frame 1403636869.7516665
Dropping frame 1403636869.8516665
Dropping frame 1403636870.1016665
Dropping frame 1403636870.2016666
Dropping frame 1403636870.4516664
Dropping frame 1403636871.0016665
Dropping frame 1403636871.1016665
Dropping frame 1403636872.1016665
Dropping frame 1403636872.3516665
Dropping frame 1403636872.7516665
Dropping frame 1403636873.0516665
Dropping frame 1403636873.4016666
Dropping frame 1403636873.6016665
Dropping frame 1403636873.7516665
Dropping frame 1403636874.2016666
Dropping frame 1403636874.4016666
Dropping frame 1403636874.7516665
Dropping frame 1403636874.9516664
Dropping frame 1403636875.0516665
Dropping frame 1403636875.3516665
start VIBA 2
end VIBA 2
Dropping frame 1403636875.6516664
Dropping frame 1403636876.0516665
Dropping frame 1403636876.2516665
Dropping frame 1403636876.4016666
Dropping frame 1403636876.5016665
Dropping frame 1403636876.7516665
Dropping frame 1403636877.5016665
Dropping frame 1403636878.6516664
Dropping frame 1403636878.8516665
Dropping frame 1403636879.1516664
Dropping frame 1403636879.2516665
Dropping frame 1403636879.5016665
Dropping frame 1403636879.9016666
Dropping frame 1403636880.3516665
Dropping frame 1403636880.6016665
Dropping frame 1403636881.0516665
Dropping frame 1403636881.5016665
Dropping frame 1403636882.7016666
Dropping frame 1403636883.0016665
Dropping frame 1403636883.4016666
Dropping frame 1403636883.7516665
Dropping frame 1403636885.4516664
Dropping frame 1403636886.1016665
Dropping frame 1403636886.6516664
Dropping frame 1403636887.0516665
Dropping frame 1403636887.5016665
Dropping frame 1403636888.1016665
Dropping frame 1403636888.4016666
Dropping frame 1403636888.5016665
Dropping frame 1403636888.6016665
Dropping frame 1403636888.9016666
Dropping frame 1403636889.4016666
Dropping frame 1403636889.6516664
Dropping frame 1403636889.7516665
Dropping frame 1403636889.9516664
Dropping frame 1403636890.2016666
Dropping frame 1403636890.8016665
Dropping frame 1403636891.1516664
Dropping frame 1403636892.5016665
Dropping frame 1403636894.2016666
Dropping frame 1403636896.1016665
Dropping frame 1403636896.5516665
Dropping frame 1403636896.7516665
Dropping frame 1403636897.6516664
Dropping frame 1403636898.0516665
Dropping frame 1403636898.9516664
Dropping frame 1403636899.4516664
Dropping frame 1403636900.5516665
Dropping frame 1403636902.2016666
Dropping frame 1403636903.4516664
Dropping frame 1403636903.8016665
Dropping frame 1403636905.6016665
Dropping frame 1403636908.6016665
Dropping frame 1403636909.0516665
Dropping frame 1403636909.3516665
Dropping frame 1403636909.9516664
Dropping frame 1403636910.3016665
Dropping frame 1403636910.6016665
Dropping frame 1403636910.9016666
Dropping frame 1403636911.0516665
Dropping frame 1403636911.2016666
Dropping frame 1403636911.5016665
Dropping frame 1403636911.6016665
Dropping frame 1403636911.8016665
Dropping frame 1403636911.9516664
Dropping frame 1403636912.1016665
Dropping frame 1403636912.2516665
Dropping frame 1403636912.3516665
Dropping frame 1403636912.4516664
Dropping frame 1403636912.7016666
Dropping frame 1403636912.8516665
Dropping frame 1403636913.0016665
Dropping frame 1403636913.1016665
Dropping frame 1403636913.2516665
Dropping frame 1403636913.5016665
Dropping frame 1403636913.7516665
Dropping frame 1403636913.8516665
Dropping frame 1403636913.9516664
Dropping frame 1403636914.2516665
Dropping frame 1403636914.3516665
Dropping frame 1403636914.4516664
Dropping frame 1403636914.6516664
Dropping frame 1403636914.9516664
Dropping frame 1403636915.0516665
Dropping frame 1403636915.3516665
Dropping frame 1403636915.5516665
Dropping frame 1403636915.6516664
Dropping frame 1403636915.7516665
Dropping frame 1403636916.0516665
Dropping frame 1403636916.1516664
Dropping frame 1403636916.2516665
Dropping frame 1403636916.3516665
Dropping frame 1403636916.5016665
Dropping frame 1403636916.7016666
Dropping frame 1403636916.8016665
Dropping frame 1403636916.9516664
Dropping frame 1403636917.0516665
Dropping frame 1403636917.2016666
Dropping frame 1403636917.3516665
Dropping frame 1403636917.4516664
Dropping frame 1403636917.7016666
Dropping frame 1403636917.8016665
Dropping frame 1403636917.9016666
Dropping frame 1403636918.2016666
Dropping frame 1403636918.4016666
Dropping frame 1403636918.5016665
Dropping frame 1403636918.7016666
Dropping frame 1403636918.8516665
Dropping frame 1403636919.0016665
Dropping frame 1403636919.3516665
Dropping frame 1403636919.4516664
Dropping frame 1403636919.6016665
Dropping frame 1403636919.7016666
Dropping frame 1403636919.8016665
Dropping frame 1403636919.9516664
Dropping frame 1403636920.1016665
Dropping frame 1403636920.2016666
Dropping frame 1403636920.3516665
Dropping frame 1403636920.5016665
Dropping frame 1403636920.6016665
Dropping frame 1403636920.8016665
Dropping frame 1403636920.9016666
Dropping frame 1403636921.1016665
Dropping frame 1403636921.2516665
Dropping frame 1403636921.4016666
Dropping frame 1403636921.6016665
Dropping frame 1403636921.8016665
Dropping frame 1403636921.9516664
Dropping frame 1403636922.0516665
Dropping frame 1403636922.3516665
Dropping frame 1403636922.6516664
Dropping frame 1403636922.9016666
Dropping frame 1403636923.0016665
Dropping frame 1403636923.6016665
Dropping frame 1403636923.7016666
Dropping frame 1403636923.9016666
Dropping frame 1403636924.0016665
Dropping frame 1403636924.3016665
Dropping frame 1403636924.5516665
Dropping frame 1403636924.7516665
Dropping frame 1403636924.9016666
Dropping frame 1403636925.5016665
Dropping frame 1403636925.9516664
Dropping frame 1403636926.1016665
Dropping frame 1403636926.4016666
Dropping frame 1403636926.5516665
Dropping frame 1403636926.6516664
Dropping frame 1403636927.1016665
Dropping frame 1403636927.3516665
Dropping frame 1403636927.5516665
Dropping frame 1403636928.0016665
Dropping frame 1403636928.1016665
Dropping frame 1403636928.3016665
Dropping frame 1403636928.5516665
Dropping frame 1403636928.6516664
Dropping frame 1403636928.8516665
Dropping frame 1403636928.9516664
Dropping frame 1403636929.1516664
Dropping frame 1403636929.3516665
Dropping frame 1403636929.5516665
Dropping frame 1403636929.7016666
Dropping frame 1403636929.9516664
Dropping frame 1403636930.0516665
Dropping frame 1403636930.2516665
Dropping frame 1403636930.5016665
Dropping frame 1403636930.7016666
Dropping frame 1403636930.9516664
Dropping frame 1403636931.0516665
Dropping frame 1403636931.3516665
Dropping frame 1403636931.4516664
Dropping frame 1403636931.5516665
Dropping frame 1403636931.6516664
Dropping frame 1403636931.8516665
Dropping frame 1403636932.0516665
Dropping frame 1403636932.2516665
Dropping frame 1403636932.3516665
Dropping frame 1403636932.8516665
Dropping frame 1403636933.0516665
Dropping frame 1403636933.1516664
Dropping frame 1403636933.4016666
Dropping frame 1403636933.5016665
Dropping frame 1403636933.6016665
Dropping frame 1403636933.9016666
Dropping frame 1403636934.1016665
Dropping frame 1403636934.2516665
Dropping frame 1403636934.5516665
Dropping frame 1403636934.6516664
Dropping frame 1403636934.7516665
Dropping frame 1403636934.9516664
Dropping frame 1403636935.1516664
Dropping frame 1403636935.3516665
Dropping frame 1403636935.4516664
Dropping frame 1403636935.5516665
Dropping frame 1403636935.6516664
Dropping frame 1403636935.7516665
Dropping frame 1403636935.9516664
Dropping frame 1403636936.1516664
Dropping frame 1403636936.3516665
Dropping frame 1403636936.5516665
Dropping frame 1403636936.6516664
Dropping frame 1403636936.8516665
Dropping frame 1403636936.9516664
Dropping frame 1403636937.0516665
Dropping frame 1403636937.2516665
Dropping frame 1403636937.4516664
Dropping frame 1403636937.5516665
Dropping frame 1403636937.7516665
Dropping frame 1403636937.9516664
Dropping frame 1403636938.0516665
Dropping frame 1403636938.2516665
Dropping frame 1403636938.3516665
Dropping frame 1403636938.5516665
Dropping frame 1403636938.7516665
Dropping frame 1403636939.1016665
Dropping frame 1403636939.3016665
Dropping frame 1403636939.5016665
Dropping frame 1403636939.6016665
Dropping frame 1403636939.7016666
Dropping frame 1403636939.8516665
Dropping frame 1403636940.0516665
Dropping frame 1403636940.1516664
Dropping frame 1403636940.2516665
Dropping frame 1403636940.4516664
Dropping frame 1403636940.6516664
Dropping frame 1403636940.7516665
Dropping frame 1403636940.8516665
Dropping frame 1403636941.0516665
Dropping frame 1403636941.1516664
Dropping frame 1403636941.3516665
Dropping frame 1403636941.4516664
Dropping frame 1403636941.6516664
Dropping frame 1403636941.7516665
Dropping frame 1403636942.1516664
Dropping frame 1403636942.3516665
Dropping frame 1403636942.4516664
Dropping frame 1403636942.6516664
Dropping frame 1403636942.8516665
Dropping frame 1403636943.0516665
Dropping frame 1403636943.1516664
Dropping frame 1403636943.3516665
Dropping frame 1403636943.4516664
Dropping frame 1403636943.6516664
Dropping frame 1403636943.8516665
Dropping frame 1403636943.9516664
Dropping frame 1403636944.1516664
Dropping frame 1403636944.2516665
Dropping frame 1403636944.4516664
Dropping frame 1403636944.6516664
Dropping frame 1403636944.7516665
Dropping frame 1403636944.8516665
Dropping frame 1403636945.0516665
Dropping frame 1403636945.2516665
Dropping frame 1403636945.3516665
Dropping frame 1403636945.4516664
Dropping frame 1403636945.6516664
Dropping frame 1403636945.7516665
Dropping frame 1403636945.9516664
Dropping frame 1403636946.0516665
Dropping frame 1403636946.2516665
Dropping frame 1403636946.3516665
Dropping frame 1403636946.4516664
Dropping frame 1403636946.6516664
Dropping frame 1403636946.7516665
Dropping frame 1403636946.8516665
Dropping frame 1403636947.0516665
Dropping frame 1403636947.1516664
Dropping frame 1403636947.3516665
Dropping frame 1403636947.5516665
Dropping frame 1403636947.6516664
Dropping frame 1403636947.7516665
Dropping frame 1403636947.8516665
Dropping frame 1403636947.9516664
Dropping frame 1403636948.1516664
Dropping frame 1403636948.2516665
Dropping frame 1403636948.3516665
Dropping frame 1403636948.4516664
Dropping frame 1403636948.7016666
Dropping frame 1403636948.8016665
Dropping frame 1403636948.9016666
Dropping frame 1403636949.1516664
Dropping frame 1403636949.3516665
Dropping frame 1403636949.4516664
Dropping frame 1403636949.5516665
Dropping frame 1403636949.6516664
Dropping frame 1403636949.7516665
Dropping frame 1403636949.9516664
Dropping frame 1403636950.0516665
Dropping frame 1403636950.3516665
Dropping frame 1403636950.5516665
Dropping frame 1403636950.6516664
Dropping frame 1403636950.7516665
Dropping frame 1403636950.9516664
Dropping frame 1403636951.1516664
Dropping frame 1403636951.2516665
Dropping frame 1403636951.3516665
Dropping frame 1403636951.4516664
Dropping frame 1403636951.5516665
Dropping frame 1403636951.7516665
Dropping frame 1403636951.8516665
Dropping frame 1403636952.1516664
Dropping frame 1403636952.2516665
Dropping frame 1403636952.3516665
Dropping frame 1403636952.5516665
Dropping frame 1403636952.6516664
Dropping frame 1403636952.8516665
Dropping frame 1403636952.9516664
Dropping frame 1403636953.1016665
Dropping frame 1403636953.2016666
Dropping frame 1403636953.5016665
Dropping frame 1403636953.7516665
Dropping frame 1403636953.9016666
Dropping frame 1403636954.0516665
Dropping frame 1403636954.1516664
Dropping frame 1403636954.2516665
Dropping frame 1403636954.3516665
Dropping frame 1403636954.5516665
Dropping frame 1403636954.8016665
Dropping frame 1403636954.9016666
Dropping frame 1403636955.0516665
Dropping frame 1403636955.1516664
Dropping frame 1403636955.3516665
Dropping frame 1403636955.4516664
Dropping frame 1403636955.6516664
Dropping frame 1403636955.8516665
Dropping frame 1403636955.9516664
Dropping frame 1403636956.1016665
Dropping frame 1403636956.3516665
Dropping frame 1403636956.5516665
Dropping frame 1403636956.7016666
Dropping frame 1403636956.8016665
Dropping frame 1403636957.0016665
Dropping frame 1403636957.1016665
Dropping frame 1403636957.3516665
Dropping frame 1403636957.4516664
Dropping frame 1403636957.9516664
Dropping frame 1403636958.1516664
Dropping frame 1403636958.2516665
Dropping frame 1403636958.5016665
Dropping frame 1403636958.6016665
Dropping frame 1403636958.7516665
Dropping frame 1403636958.9516664
Dropping frame 1403636959.1516664
Dropping frame 1403636959.4516664
Dropping frame 1403636959.6516664
Dropping frame 1403636959.9516664
Dropping frame 1403636960.0516665
Dropping frame 1403636960.3016665
Dropping frame 1403636960.4016666
Dropping frame 1403636960.6516664
Dropping frame 1403636960.9016666
Dropping frame 1403636961.0016665
Dropping frame 1403636961.3016665
Dropping frame 1403636961.5016665
Dropping frame 1403636961.6016665
Dropping frame 1403636961.8516665
Dropping frame 1403636961.9516664
Dropping frame 1403636962.8016665
Dropping frame 1403636963.0016665
Dropping frame 1403636963.1016665
Dropping frame 1403636963.4516664
Dropping frame 1403636963.6516664
Dropping frame 1403636964.0016665
Dropping frame 1403636964.1516664
Dropping frame 1403636964.3516665
Dropping frame 1403636964.4516664
Dropping frame 1403636964.7016666
Dropping frame 1403636964.8516665
Dropping frame 1403636965.0516665
Dropping frame 1403636965.2516665
Dropping frame 1403636965.3516665
Dropping frame 1403636965.6016665
Dropping frame 1403636965.7016666
Dropping frame 1403636966.0016665
Dropping frame 1403636966.1016665
Dropping frame 1403636966.2016666
Dropping frame 1403636966.4016666
Dropping frame 1403636966.6016665
Dropping frame 1403636966.7016666
Dropping frame 1403636967.0016665
Dropping frame 1403636967.2016666
Dropping frame 1403636967.4016666
Dropping frame 1403636967.5016665
Dropping frame 1403636967.6016665
Dropping frame 1403636967.9016666
Dropping frame 1403636968.0016665
Dropping frame 1403636968.2516665
Dropping frame 1403636968.3516665
Dropping frame 1403636968.5516665
Dropping frame 1403636968.6516664
Dropping frame 1403636968.8016665
Dropping frame 1403636969.0516665
Dropping frame 1403636969.2516665
Dropping frame 1403636969.4516664
Dropping frame 1403636969.7516665
Dropping frame 1403636969.8516665
Dropping frame 1403636970.1016665
Dropping frame 1403636970.2016666
Dropping frame 1403636970.3016665
Dropping frame 1403636970.5016665
Dropping frame 1403636970.8516665
Dropping frame 1403636971.0516665
Dropping frame 1403636971.2516665
Dropping frame 1403636971.3516665
Dropping frame 1403636971.6516664
Dropping frame 1403636971.7516665
Dropping frame 1403636971.9516664
Dropping frame 1403636972.2516665
Dropping frame 1403636972.3516665
Dropping frame 1403636972.4516664
Dropping frame 1403636972.6516664
Dropping frame 1403636972.9016666
Dropping frame 1403636973.1516664
Dropping frame 1403636973.3516665
Dropping frame 1403636973.5516665
Dropping frame 1403636973.6516664
Dropping frame 1403636973.9016666
Dropping frame 1403636974.2016666
Dropping frame 1403636974.4016666
Dropping frame 1403636974.5016665
Dropping frame 1403636974.7516665
Dropping frame 1403636974.9016666
Dropping frame 1403636975.1016665
Dropping frame 1403636975.3016665
Dropping frame 1403636975.4016666
Dropping frame 1403636975.8016665
Dropping frame 1403636975.9016666
Dropping frame 1403636976.0016665
Dropping frame 1403636976.2016666
Dropping frame 1403636976.3016665
Dropping frame 1403636976.4016666
Dropping frame 1403636976.7516665
Dropping frame 1403636976.8516665
Dropping frame 1403636977.1016665
Dropping frame 1403636977.2016666
Dropping frame 1403636977.3016665
Dropping frame 1403636977.6016665
Dropping frame 1403636978.1016665
Dropping frame 1403636978.2016666
Dropping frame 1403636978.4016666
Dropping frame 1403636978.5016665
Dropping frame 1403636978.6016665
Dropping frame 1403636978.8016665
Dropping frame 1403636979.0016665
Dropping frame 1403636979.2016666
Dropping frame 1403636979.3016665
Dropping frame 1403636979.6016665
Dropping frame 1403636980.0016665
Dropping frame 1403636980.2016666
Dropping frame 1403636980.5016665
Dropping frame 1403636980.7016666
Dropping frame 1403636980.8516665
Dropping frame 1403636981.0516665
Dropping frame 1403636981.2516665
Dropping frame 1403636981.5516665
Dropping frame 1403636981.8516665
Dropping frame 1403636982.0016665
Dropping frame 1403636982.3016665
Dropping frame 1403636982.4516664
Dropping frame 1403636982.6516664
Dropping frame 1403636982.9016666
Dropping frame 1403636983.1516664
Dropping frame 1403636983.2516665
Dropping frame 1403636983.9016666
Dropping frame 1403636984.3516665
Dropping frame 1403636984.4516664
Dropping frame 1403636984.7016666
Dropping frame 1403636984.8516665
Dropping frame 1403636985.0516665
Dropping frame 1403636985.2516665
Dropping frame 1403636985.3516665
Dropping frame 1403636985.4516664
Dropping frame 1403636985.6516664
Dropping frame 1403636985.8516665
Dropping frame 1403636985.9516664
Dropping frame 1403636986.0516665
Dropping frame 1403636986.2516665
Dropping frame 1403636986.3516665
Dropping frame 1403636986.4516664
Dropping frame 1403636986.6516664
Dropping frame 1403636986.8516665
Dropping frame 1403636987.0516665
Dropping frame 1403636987.1516664
Dropping frame 1403636987.4016666
Dropping frame 1403636987.5016665
Dropping frame 1403636987.6016665
Dropping frame 1403636987.8016665
Dropping frame 1403636988.0016665
Dropping frame 1403636988.2016666
Dropping frame 1403636988.3016665
Dropping frame 1403636988.4016666
Dropping frame 1403636988.6016665
Dropping frame 1403636988.8016665
Dropping frame 1403636988.9016666
Dropping frame 1403636989.0016665
Dropping frame 1403636989.2016666
Dropping frame 1403636989.4016666
Dropping frame 1403636989.5016665
Dropping frame 1403636989.6016665
Dropping frame 1403636989.8016665
Dropping frame 1403636990.0016665
Dropping frame 1403636990.2016666
Dropping frame 1403636990.3016665
Dropping frame 1403636990.4016666
Dropping frame 1403636990.6016665
Dropping frame 1403636990.8016665
Dropping frame 1403636991.0016665
Dropping frame 1403636991.1016665
Dropping frame 1403636991.2016666
Dropping frame 1403636991.4016666
Dropping frame 1403636991.6016665
Dropping frame 1403636991.7016666
Dropping frame 1403636991.8016665
Dropping frame 1403636992.0016665
Dropping frame 1403636992.1016665
Dropping frame 1403636992.3516665
Dropping frame 1403636992.5516665
Dropping frame 1403636992.7516665
Dropping frame 1403636992.9516664
Dropping frame 1403636993.1516664
Dropping frame 1403636993.2516665
Dropping frame 1403636993.3516665
Dropping frame 1403636993.5516665
Dropping frame 1403636993.7516665
Dropping frame 1403636994.1016665
Dropping frame 1403636994.2516665
Dropping frame 1403636994.3516665
Dropping frame 1403636994.7016666
Dropping frame 1403636994.9016666
Dropping frame 1403636995.0016665
Dropping frame 1403636995.1016665
Dropping frame 1403636995.3516665
Dropping frame 1403636995.4516664
Dropping frame 1403636995.7016666
Dropping frame 1403636995.9016666
Dropping frame 1403636996.1016665
Dropping frame 1403636996.3016665
Dropping frame 1403636996.5016665
Dropping frame 1403636996.6016665
Dropping frame 1403636996.8516665
Dropping frame 1403636997.4016666
Dropping frame 1403636997.5016665
Dropping frame 1403636997.9016666
Dropping frame 1403636998.1016665
Dropping frame 1403636998.4016666
Dropping frame 1403636998.5016665
Dropping frame 1403636998.9016666
Dropping frame 1403636999.4016666
Dropping frame 1403636999.7016666
Dropping frame 1403636999.9016666
Dropping frame 1403637000.3016665
Dropping frame 1403637001.0516665
Dropping frame 1403637001.5016665
Dropping frame 1403637001.6016665
Dropping frame 1403637001.9516664
Dropping frame 1403637002.3516665
Dropping frame 1403637002.4516664
Dropping frame 1403637002.5516665
Dropping frame 1403637002.6516664
Dropping frame 1403637003.0516665
Dropping frame 1403637003.1516664
Dropping frame 1403637003.3516665
Dropping frame 1403637003.5516665
Dropping frame 1403637003.7516665
Dropping frame 1403637003.9516664
Dropping frame 1403637004.0516665
Dropping frame 1403637004.1516664
Dropping frame 1403637004.3516665
Dropping frame 1403637004.5016665
Dropping frame 1403637004.7516665
Dropping frame 1403637004.9516664
Dropping frame 1403637005.0516665
Dropping frame 1403637005.2516665
Dropping frame 1403637005.4516664
Dropping frame 1403637005.5516665
Dropping frame 1403637005.8016665
Dropping frame 1403637006.0016665
Dropping frame 1403637006.1016665
Dropping frame 1403637006.2016666
Dropping frame 1403637006.4016666
Dropping frame 1403637006.5016665
Dropping frame 1403637006.6016665
Dropping frame 1403637006.8016665
Dropping frame 1403637007.0016665
Dropping frame 1403637007.2516665
Dropping frame 1403637007.3516665
Dropping frame 1403637007.4516664
Dropping frame 1403637007.5516665
Dropping frame 1403637007.7516665
Dropping frame 1403637007.8516665
Dropping frame 1403637008.1016665
Dropping frame 1403637008.2016666
Dropping frame 1403637008.4016666
Dropping frame 1403637008.6016665
Dropping frame 1403637008.7016666
Dropping frame 1403637008.9516664
Dropping frame 1403637009.1516664
Dropping frame 1403637009.2516665
Dropping frame 1403637009.3516665
Dropping frame 1403637009.6016665
Dropping frame 1403637009.8016665
Dropping frame 1403637010.1016665
Dropping frame 1403637010.2016666
Dropping frame 1403637010.3016665
Dropping frame 1403637010.5516665
Shutdown
SLAM Finished at System Time: 1734509520.18959

 TIME STATS in ms (mean$\pm$std)
OpenCV version: 4.8.1
---------------------------
Tracking

ORB Extraction: 18.619$\pm$1.7083
Stereo Matching: 7.284$\pm$2.0216
IMU Preintegration: 0.25123$\pm$0.097877
Pose Prediction: 0.21459$\pm$0.63663
LM Track: 19.232$\pm$5.4016
New KF decision: 1.2291$\pm$2.3359
Total Tracking: 33.337$\pm$25.58



Local Mapping

KF Insertion: 16.166$\pm$5.4257
MP Culling: 0.55499$\pm$0.21391
MP Creation: 49.759$\pm$16.456
LBA: 152.5$\pm$55.36
KF Culling: 16.258$\pm$11.162
Total Local Mapping: 235.13$\pm$78.545
---------------------------

LBA complexity (mean$\pm$std)
LBA Edges: 1660.1$\pm$542.47
LBA KF optimized: 6.5$\pm$2.2913
LBA KF fixed: 1$\pm$0
LBA MP: nan$\pm$nan

LBA executions: 462
LBA aborts: 0
---------------------------

Map complexity
KFs in map: 133
MPs in map: 10524
---------------------------

Place Recognition (mean$\pm$std)
Database Query: 1.5298$\pm$0.82412
SE3 estimation: 11.753$\pm$15.59
Total Place Recognition: 11.789$\pm$15.649


Loop Closing (mean$\pm$std)
Loop Fusion: nan$\pm$nan
Essential Graph: nan$\pm$nan
Total Loop Closing: nan$\pm$nan

Num exec: 0
Number of KFs: nan$\pm$nan

Map Merging (mean$\pm$std)
Merge Maps: nan$\pm$nan
Welding BA: nan$\pm$nan
Optimization Ess.: nan$\pm$nan
Total Map Merging: nan$\pm$nan

Num exec: 0
Number of KFs: nan$\pm$nan
Number of MPs: nan$\pm$nan

Full GBA (mean$\pm$std)
GBA: nan$\pm$nan
Map Update: nan$\pm$nan
Total Full GBA: nan$\pm$nan

Num exec: 0
Num abort: 0
Number of KFs: nan$\pm$nan
Number of MPs: nan$\pm$nan

Saving trajectory to f_dataset-MH02_stereo_imu.txt ...
There are 1 maps in the atlas
  Map 0 has 133 KFs

End of saving trajectory to f_dataset-MH02_stereo_imu.txt ...

Saving keyframe trajectory to kf_dataset-MH02_stereo_imu.txt ...
