num_seq = 1
file name: dataset-MH05_stereo_imu
Loading images for sequence 0...LOADED!
Loading IMU for sequence 0...LOADED!

-------

ORB-SLAM3 Copyright (C) 2017-2020 Carlos Campos, Richard Elvira, Juan J. Gómez, José M.M. Montiel and Juan D. Tardós, University of Zaragoza.
ORB-SLAM2 Copyright (C) 2014-2016 Raúl Mur-Artal, José M.M. Montiel and Juan D. Tardós, University of Zaragoza.
This program comes with ABSOLUTELY NO WARRANTY;
This is free software, and you are welcome to redistribute it
under certain conditions. See LICENSE.txt.

Built with REGISTER_TIMES
Git Commit Hash: 90f15d8

Input sensor was set to: Stereo-Inertial
Loading settings from ./Examples/Stereo-Inertial/EuRoC_fov_deadlines_mask_6x6.yaml
	-Loaded camera 1
	-Loaded camera 2
	-Loaded image info
	-Loaded IMU calibration
	-Loaded ORB settings
	-Loaded viewer settings
	-Loaded Atlas settings
Deadlines enabled, will skip frames!
FOV enabled
Static mask size: 6x6
Dumping map points enabled
	-Loaded misc parameters
	-Computed rectification maps
----------------------------------
SLAM settings: 
	-Camera 1 parameters (Pinhole): [ 458.65399169921875 457.29598999023438 367.21499633789062 248.375 ]
	-Camera 1 distortion parameters: [  -0.28340810537338257 0.073959067463874817 0.00019359000725671649 1.7618711353861727e-05 ]
	-Camera 2 parameters (Pinhole: [ 457.58700561523438 456.13400268554688 379.99899291992188 255.23800659179688 ]
	-Camera 1 distortion parameters: [  -0.2836836576461792 0.074512839317321777 -0.00010473000293131918 -3.555907096597366e-05 ]
	-Original image size: [ 752 , 480 ]
	-Current image size: [ 752 , 480 ]
	-Camera 1 parameters after rectification: [  456.71499633789062 456.71499633789062 364.52615356445312 257.268798828125 ]
	-Sequence FPS: 20
	-Stereo baseline: 0.11007784307003021
	-Stereo depth threshold : 60
	-Gyro noise: 0.00016999999934341758
	-Accelerometer noise: 0.0020000000949949026
	-Gyro walk: 1.9392999092815444e-05
	-Accelerometer walk: 0.0030000000260770321
	-IMU frequency: 200
	-Features per image: 1200
	-ORB scale factor: 1.2000000476837158
	-ORB number of scales: 8
	-Initial FAST threshold: 20
	-Min FAST threshold: 7


Loading ORB Vocabulary. This could take a while...
Vocabulary loaded!

Initialization of Atlas from scratch 
Creation of new map with id: 0
Creation of new map with last KF id: 0
Seq. Name: 
There are 1 cameras in the atlas
Camera 0 is pinhole
SLAM Started at System Time: 1732009541.70077
not IMU meas
not IMU meas
not enough acceleration
not enough acceleration
not enough acceleration
not enough acceleration
not enough acceleration
not enough acceleration
not enough acceleration
not enough acceleration
not enough acceleration
not enough acceleration
not enough acceleration
not enough acceleration
not enough acceleration
not enough acceleration
not enough acceleration
not enough acceleration
not enough acceleration
not enough acceleration
not enough acceleration
not enough acceleration
not enough acceleration
not enough acceleration
not enough acceleration
not enough acceleration
not enough acceleration
not enough acceleration
not enough acceleration
not enough acceleration
not enough acceleration
not enough acceleration
not enough acceleration
not enough acceleration
not enough acceleration
not enough acceleration
not enough acceleration
not enough acceleration
not enough acceleration
not enough acceleration
not enough acceleration
not enough acceleration
not enough acceleration
not enough acceleration
not enough acceleration
not enough acceleration
not enough acceleration
not enough acceleration
not enough acceleration
not enough acceleration
not enough acceleration
not enough acceleration
not enough acceleration
not enough acceleration
not enough acceleration
not enough acceleration
not enough acceleration
not enough acceleration
not enough acceleration
not enough acceleration
not enough acceleration
not enough acceleration
not enough acceleration
not enough acceleration
not enough acceleration
not enough acceleration
not enough acceleration
not enough acceleration
not enough acceleration
not enough acceleration
not enough acceleration
not enough acceleration
not enough acceleration
not enough acceleration
not enough acceleration
not enough acceleration
not enough acceleration
not enough acceleration
not enough acceleration
not enough acceleration
First KF:0; Map init KF:0
New Map created with 88 points
Active map: 0
Dropping frame 1403638522.9778295
Dropping frame 1403638523.6278296
Dropping frame 1403638523.9778295
Dropping frame 1403638525.4778295
Dropping frame 1403638525.9778295
Dropping frame 1403638526.6278296
Dropping frame 1403638526.8278296
Dropping frame 1403638527.3778293
start VIBA 1
Dropping frame 1403638527.4778295
end VIBA 1
Dropping frame 1403638527.7778294
Dropping frame 1403638528.9778295
Dropping frame 1403638530.1778293
Dropping frame 1403638530.2778294
Not enough motion for initializing. Reseting...
TRACK: Reset map because local mapper set the bad imu flag 
LM: Active map reset recieved
LM: Active map reset, waiting...
LM: Reseting current map in Local Mapping...
LM: End reseting Local Mapping...
LM: Reset free the mutex
LM: Active map reset, Done!!!
mnFirstFrameId = 80
mnInitialFrameId = 0
176 Frames set to lost
not IMU meas
not enough acceleration
not enough acceleration
not enough acceleration
not enough acceleration
not enough acceleration
not enough acceleration
not enough acceleration
not enough acceleration
not enough acceleration
not enough acceleration
not enough acceleration
not enough acceleration
not enough acceleration
not enough acceleration
not enough acceleration
not enough acceleration
not enough acceleration
not enough acceleration
not enough acceleration
not enough acceleration
not enough acceleration
not enough acceleration
not enough acceleration
not enough acceleration
not enough acceleration
not enough acceleration
Dropping frame 1403638532.9278295
not enough acceleration
not enough acceleration
not enough acceleration
not enough acceleration
not enough acceleration
not enough acceleration
not enough acceleration
not enough acceleration
not enough acceleration
not enough acceleration
not enough acceleration
not enough acceleration
not enough acceleration
not enough acceleration
not enough acceleration
not enough acceleration
not enough acceleration
not enough acceleration
not enough acceleration
not enough acceleration
not enough acceleration
not enough acceleration
not enough acceleration
not enough acceleration
not enough acceleration
not enough acceleration
not enough acceleration
not enough acceleration
not enough acceleration
not enough acceleration
not enough acceleration
not enough acceleration
not enough acceleration
not enough acceleration
not enough acceleration
not enough acceleration
not enough acceleration
not enough acceleration
not enough acceleration
not enough acceleration
not enough acceleration
not enough acceleration
not enough acceleration
not enough acceleration
not enough acceleration
not enough acceleration
not enough acceleration
not enough acceleration
not enough acceleration
not enough acceleration
not enough acceleration
not enough acceleration
not enough acceleration
not enough acceleration
not enough acceleration
not enough acceleration
not enough acceleration
not enough acceleration
not enough acceleration
not enough acceleration
not enough acceleration
not enough acceleration
not enough acceleration
not enough acceleration
not enough acceleration
not enough acceleration
not enough acceleration
not enough acceleration
not enough acceleration
not enough acceleration
not enough acceleration
not enough acceleration
not enough acceleration
not enough acceleration
not enough acceleration
not enough acceleration
not enough acceleration
not enough acceleration
not enough acceleration
not enough acceleration
not enough acceleration
not enough acceleration
not enough acceleration
not enough acceleration
not enough acceleration
not enough acceleration
not enough acceleration
not enough acceleration
not enough acceleration
not enough acceleration
not enough acceleration
not enough acceleration
not enough acceleration
not enough acceleration
not enough acceleration
not enough acceleration
not enough acceleration
not enough acceleration
not enough acceleration
not enough acceleration
not enough acceleration
not enough acceleration
not enough acceleration
not enough acceleration
not enough acceleration
not enough acceleration
not enough acceleration
not enough acceleration
not enough acceleration
not enough acceleration
not enough acceleration
not enough acceleration
not enough acceleration
not enough acceleration
not enough acceleration
not enough acceleration
First KF:40; Map init KF:0
New Map created with 148 points
Active map: 0
Dropping frame 1403638542.1278296
Dropping frame 1403638542.9278295
Dropping frame 1403638543.1278296
Dropping frame 1403638543.3278296
Dropping frame 1403638543.6278296
Dropping frame 1403638543.7278295
Dropping frame 1403638543.9778295
Dropping frame 1403638544.0778294
start VIBA 1
end VIBA 1
Dropping frame 1403638544.9278295
Dropping frame 1403638545.2278295
Dropping frame 1403638545.3278296
Dropping frame 1403638545.5778294
Dropping frame 1403638546.1278296
Dropping frame 1403638546.6278296
Dropping frame 1403638547.1778293
Dropping frame 1403638547.2778294
Dropping frame 1403638547.5278294
Dropping frame 1403638547.7278295
Dropping frame 1403638547.8778293
Dropping frame 1403638547.9778295
Dropping frame 1403638548.2278295
Dropping frame 1403638548.4278295
Dropping frame 1403638548.5278294
Dropping frame 1403638548.6778293
Dropping frame 1403638548.8778293
Dropping frame 1403638549.5278294
Dropping frame 1403638549.6778293
Dropping frame 1403638550.1778293
Dropping frame 1403638550.2778294
Dropping frame 1403638550.8778293
Dropping frame 1403638551.0778294
Dropping frame 1403638551.1778293
Dropping frame 1403638551.2778294
Dropping frame 1403638551.5278294
Dropping frame 1403638551.6778293
Dropping frame 1403638551.8778293
Dropping frame 1403638551.9778295
Dropping frame 1403638552.1778293
Dropping frame 1403638552.3778293
Dropping frame 1403638552.4778295
Dropping frame 1403638552.7778294
Dropping frame 1403638552.8778293
Dropping frame 1403638553.1278296
Dropping frame 1403638553.3278296
Dropping frame 1403638553.4278295
Dropping frame 1403638553.6278296
Dropping frame 1403638553.7278295
Dropping frame 1403638553.9778295
Dropping frame 1403638554.0778294
start VIBA 2
end VIBA 2
Dropping frame 1403638554.7778294
Dropping frame 1403638554.8778293
Dropping frame 1403638555.0778294
Dropping frame 1403638555.1778293
Dropping frame 1403638555.7278295
Dropping frame 1403638555.9278295
Dropping frame 1403638556.6278296
Dropping frame 1403638556.7278295
Dropping frame 1403638556.9778295
Dropping frame 1403638557.1778293
Dropping frame 1403638557.3778293
Dropping frame 1403638557.5778294
Dropping frame 1403638557.7778294
Dropping frame 1403638557.8778293
Dropping frame 1403638558.0778294
Dropping frame 1403638558.1778293
Dropping frame 1403638558.4278295
Dropping frame 1403638558.6278296
Dropping frame 1403638558.7778294
Dropping frame 1403638558.9778295
Dropping frame 1403638559.2778294
Dropping frame 1403638559.4778295
Dropping frame 1403638559.7278295
Dropping frame 1403638560.0778294
Dropping frame 1403638560.1778293
Dropping frame 1403638560.2778294
Dropping frame 1403638560.3778293
Dropping frame 1403638560.5778294
Dropping frame 1403638560.7278295
Dropping frame 1403638560.9278295
Dropping frame 1403638561.1278296
Dropping frame 1403638561.2278295
Dropping frame 1403638561.3278296
Dropping frame 1403638561.5278294
Dropping frame 1403638561.7278295
Dropping frame 1403638561.8278296
Dropping frame 1403638561.9278295
Dropping frame 1403638562.1778293
Dropping frame 1403638562.3778293
Dropping frame 1403638562.6778293
Dropping frame 1403638562.8278296
Dropping frame 1403638563.0278294
Dropping frame 1403638563.3278296
Dropping frame 1403638563.5278294
Dropping frame 1403638563.6278296
Dropping frame 1403638563.7278295
Dropping frame 1403638563.9278295
Dropping frame 1403638564.1278296
Dropping frame 1403638564.2778294
Dropping frame 1403638564.4778295
Dropping frame 1403638564.5778294
Dropping frame 1403638564.9278295
Dropping frame 1403638565.0278294
Dropping frame 1403638565.2778294
Dropping frame 1403638565.3778293
Dropping frame 1403638565.4778295
Dropping frame 1403638565.6778293
Dropping frame 1403638566.0278294
Dropping frame 1403638566.1278296
Dropping frame 1403638566.3278296
Dropping frame 1403638566.5278294
Dropping frame 1403638566.6278296
Dropping frame 1403638566.7278295
Dropping frame 1403638566.9778295
Dropping frame 1403638567.0778294
Dropping frame 1403638567.3278296
Dropping frame 1403638567.4278295
Dropping frame 1403638567.6778293
Dropping frame 1403638567.7778294
Dropping frame 1403638567.8778293
Dropping frame 1403638568.0778294
Dropping frame 1403638568.1778293
Dropping frame 1403638568.4278295
Dropping frame 1403638568.6278296
Dropping frame 1403638568.7278295
Dropping frame 1403638568.8278296
Dropping frame 1403638569.0278294
Dropping frame 1403638569.2278295
Dropping frame 1403638569.3278296
Dropping frame 1403638569.6278296
Dropping frame 1403638569.7278295
Dropping frame 1403638569.8278296
Dropping frame 1403638570.0278294
Dropping frame 1403638570.1278296
Dropping frame 1403638570.3278296
Dropping frame 1403638570.4278295
Dropping frame 1403638570.6778293
Dropping frame 1403638570.7778294
Dropping frame 1403638571.1278296
Dropping frame 1403638571.4278295
Dropping frame 1403638571.5278294
Dropping frame 1403638571.6278296
Dropping frame 1403638571.8778293
Dropping frame 1403638571.9778295
Dropping frame 1403638572.5278294
Dropping frame 1403638572.9278295
Dropping frame 1403638573.3778293
Dropping frame 1403638573.4778295
Dropping frame 1403638573.7778294
Dropping frame 1403638574.1778293
Dropping frame 1403638574.4778295
Dropping frame 1403638574.6778293
Dropping frame 1403638575.1278296
Dropping frame 1403638575.3278296
Dropping frame 1403638575.4778295
Dropping frame 1403638575.7278295
Dropping frame 1403638575.8778293
Dropping frame 1403638576.0778294
Dropping frame 1403638576.4778295
Dropping frame 1403638576.9778295
Dropping frame 1403638577.3778293
Dropping frame 1403638577.6778293
Dropping frame 1403638578.0278294
Dropping frame 1403638578.5778294
Dropping frame 1403638578.8278296
Dropping frame 1403638578.9778295
Dropping frame 1403638579.3278296
Dropping frame 1403638579.9278295
Dropping frame 1403638580.0278294
Dropping frame 1403638580.3278296
Dropping frame 1403638580.6778293
Dropping frame 1403638581.5278294
Dropping frame 1403638582.0778294
Dropping frame 1403638582.4278295
Dropping frame 1403638583.2278295
Dropping frame 1403638583.7278295
Dropping frame 1403638583.9278295
Dropping frame 1403638584.1278296
Dropping frame 1403638584.4278295
Dropping frame 1403638584.6278296
Dropping frame 1403638584.9778295
Dropping frame 1403638585.0778294
Dropping frame 1403638585.4778295
Dropping frame 1403638585.6778293
Dropping frame 1403638585.7778294
Dropping frame 1403638586.0778294
Dropping frame 1403638586.1778293
Dropping frame 1403638586.3778293
Dropping frame 1403638586.5778294
Dropping frame 1403638586.6778293
Dropping frame 1403638586.8778293
Dropping frame 1403638587.0778294
Dropping frame 1403638587.2778294
Dropping frame 1403638587.4778295
Dropping frame 1403638587.5778294
Dropping frame 1403638587.6778293
Dropping frame 1403638587.8778293
Dropping frame 1403638588.0778294
Dropping frame 1403638588.2278295
Dropping frame 1403638588.4278295
Dropping frame 1403638588.9278295
Dropping frame 1403638589.2778294
Dropping frame 1403638589.5778294
Dropping frame 1403638589.9778295
Dropping frame 1403638590.3778293
Dropping frame 1403638590.6778293
Dropping frame 1403638590.8778293
Dropping frame 1403638591.0278294
Dropping frame 1403638591.2778294
Dropping frame 1403638591.6278296
Dropping frame 1403638591.8778293
Dropping frame 1403638592.1778293
Dropping frame 1403638592.2778294
Dropping frame 1403638592.5278294
Dropping frame 1403638592.9778295
Dropping frame 1403638593.3778293
Dropping frame 1403638594.2278295
Dropping frame 1403638594.5278294
Dropping frame 1403638595.1278296
Dropping frame 1403638595.3778293
Dropping frame 1403638595.6278296
Dropping frame 1403638595.9778295
Dropping frame 1403638614.9778295
Dropping frame 1403638615.4778295
Dropping frame 1403638615.9278295
Dropping frame 1403638616.1778293
Dropping frame 1403638616.4778295
Dropping frame 1403638616.9278295
Dropping frame 1403638619.1778293
Dropping frame 1403638619.3778293
*Loop detected
phi =  0.030008474708084463 -0.011191979559902848 -0.039614651985360731
BAD LOOP!!!
*Loop detected
phi = 0.0076962615866573332 -0.030640784156153875 -0.075008184682406123
BAD LOOP!!!
*Loop detected
phi =   0.01207739932899137   0.00108213168211372 -0.025820845333780765
BAD LOOP!!!
Dropping frame 1403638621.5778294
*Loop detected
phi =  0.015704202516089588 0.0066599956868972025 -0.012540873104249103
BAD LOOP!!!
Dropping frame 1403638622.0278294
*Loop detected
phi =  0.013346333716337266 0.0057694793857541457 -0.015494405384851015
BAD LOOP!!!
*Loop detected
phi =  0.017023531008158507 0.0089532228284449379 -0.013167961370441515
BAD LOOP!!!
*Loop detected
phi =    0.02812637056607457   0.010643938530064791 -0.0094684310915669912
BAD LOOP!!!
*Loop detected
phi =  0.017979460144244057  0.013722037845322534 -0.011654440316397606
BAD LOOP!!!
*Loop detected
phi =   0.035682116509801284  0.0085969589033794702 -0.0006625875938979926
BAD LOOP!!!
*Loop detected
phi =  0.020709652420861202 0.0065109965105400259 -0.019560879387283209
BAD LOOP!!!
*Loop detected
phi =    0.03565202366486251   0.011590768126667868 -0.0032689216338532496
BAD LOOP!!!
*Loop detected
phi =  0.018468171640653203 0.0011143884338287787 -0.014484405889108399
BAD LOOP!!!
Dropping frame 1403638625.8778293
Dropping frame 1403638627.9278295
Dropping frame 1403638628.5278294
Dropping frame 1403638628.6278296
Dropping frame 1403638628.8278296
Dropping frame 1403638628.9278295
Dropping frame 1403638629.0278294
Dropping frame 1403638629.2778294
Dropping frame 1403638629.3778293
Dropping frame 1403638629.6278296
Dropping frame 1403638629.7278295
Dropping frame 1403638630.0278294
Dropping frame 1403638630.1278296
Dropping frame 1403638630.2278295
Dropping frame 1403638630.5278294
Dropping frame 1403638630.7778294
Dropping frame 1403638631.0778294
Dropping frame 1403638631.1778293
Fail to track local map!
Dropping frame 1403638631.2778294
Fail to track local map!
Dropping frame 1403638631.5278294
Dropping frame 1403638631.6278296
Shutdown
SLAM Finished at System Time: 1732009674.75198

 TIME STATS in ms (mean$\pm$std)
OpenCV version: 4.8.1
---------------------------
Tracking

ORB Extraction: 15.182$\pm$2.1471
Stereo Matching: 7.8317$\pm$1.9167
IMU Preintegration: 0.19623$\pm$0.068173
Pose Prediction: 0.40016$\pm$1.2337
LM Track: 16.541$\pm$3.8905
New KF decision: 1.0574$\pm$1.8783
Total Tracking: 34.629$\pm$19.409



Local Mapping

KF Insertion: 12.011$\pm$3.9962
MP Culling: 0.45271$\pm$0.21682
MP Creation: 39.749$\pm$12.089
LBA: 138.66$\pm$44.268
KF Culling: 9.5842$\pm$7.3569
Total Local Mapping: 200.87$\pm$60.914
---------------------------

LBA complexity (mean$\pm$std)
LBA Edges: 2157.8$\pm$1168.6
LBA KF optimized: 6.5$\pm$2.2913
LBA KF fixed: 1$\pm$0
LBA MP: nan$\pm$nan

LBA executions: 426
LBA aborts: 0
---------------------------

Map complexity
KFs in map: 196
MPs in map: 16622
---------------------------

Place Recognition (mean$\pm$std)
Database Query: 1.7539$\pm$1.04
SE3 estimation: 26.757$\pm$16.598
Total Place Recognition: 21.675$\pm$19.362


Loop Closing (mean$\pm$std)
Loop Fusion: nan$\pm$nan
Essential Graph: nan$\pm$nan
Total Loop Closing: nan$\pm$nan

Num exec: 0
Number of KFs: nan$\pm$nan

Map Merging (mean$\pm$std)
Merge Maps: nan$\pm$nan
Welding BA: nan$\pm$nan
Optimization Ess.: nan$\pm$nan
Total Map Merging: nan$\pm$nan

Num exec: 0
Number of KFs: nan$\pm$nan
Number of MPs: nan$\pm$nan

Full GBA (mean$\pm$std)
GBA: nan$\pm$nan
Map Update: nan$\pm$nan
Total Full GBA: nan$\pm$nan

Num exec: 0
Num abort: 0
Number of KFs: nan$\pm$nan
Number of MPs: nan$\pm$nan

Saving trajectory to f_dataset-MH05_stereo_imu.txt ...
There are 1 maps in the atlas
  Map 0 has 196 KFs

End of saving trajectory to f_dataset-MH05_stereo_imu.txt ...

Saving keyframe trajectory to kf_dataset-MH05_stereo_imu.txt ...
