num_seq = 1
file name: dataset-MH04_stereo_imu
Loading images for sequence 0...LOADED!
Loading IMU for sequence 0...LOADED!

-------

ORB-SLAM3 Copyright (C) 2017-2020 Carlos Campos, Richard Elvira, Juan J. Gómez, José M.M. Montiel and Juan D. Tardós, University of Zaragoza.
ORB-SLAM2 Copyright (C) 2014-2016 Raúl Mur-Artal, José M.M. Montiel and Juan D. Tardós, University of Zaragoza.
This program comes with ABSOLUTELY NO WARRANTY;
This is free software, and you are welcome to redistribute it
under certain conditions. See LICENSE.txt.

Built with REGISTER_TIMES
Git Commit Hash: 42e930e

Compiled with C++ version: 201703

Input sensor was set to: Stereo-Inertial
Loading settings from ./Examples/Stereo-Inertial/EuRoC_fov_deadlines_mask_11x11.yaml
	-Loaded camera 1
	-Loaded camera 2
	-Loaded image info
	-Loaded IMU calibration
	-Loaded ORB settings
	-Loaded viewer settings
	-Loaded Atlas settings
Deadlines enabled, will skip frames!
FOV enabled
Static mask size: 11x11
Dumping map points enabled
	-Loaded misc parameters
	-Computed rectification maps
----------------------------------
SLAM settings: 
	-Camera 1 parameters (Pinhole): [ 458.65399169921875 457.29598999023438 367.21499633789062 248.375 ]
	-Camera 1 distortion parameters: [  -0.28340810537338257 0.073959067463874817 0.00019359000725671649 1.7618711353861727e-05 ]
	-Camera 2 parameters (Pinhole: [ 457.58700561523438 456.13400268554688 379.99899291992188 255.23800659179688 ]
	-Camera 1 distortion parameters: [  -0.2836836576461792 0.074512839317321777 -0.00010473000293131918 -3.555907096597366e-05 ]
	-Original image size: [ 752 , 480 ]
	-Current image size: [ 752 , 480 ]
	-Camera 1 parameters after rectification: [  456.71499633789062 456.71499633789062 364.52615356445312 257.268798828125 ]
	-Sequence FPS: 20
	-Stereo baseline: 0.11007784307003021
	-Stereo depth threshold : 60
	-Gyro noise: 0.00016999999934341758
	-Accelerometer noise: 0.0020000000949949026
	-Gyro walk: 1.9392999092815444e-05
	-Accelerometer walk: 0.0030000000260770321
	-IMU frequency: 200
	-Features per image: 1200
	-ORB scale factor: 1.2000000476837158
	-ORB number of scales: 8
	-Initial FAST threshold: 20
	-Min FAST threshold: 7


Loading ORB Vocabulary. This could take a while...
Vocabulary loaded!

Initialization of Atlas from scratch 
Creation of new map with id: 0
Creation of new map with last KF id: 0
Seq. Name: 
There are 1 cameras in the atlas
Camera 0 is pinhole
SLAM Started at System Time: 1734512304.05345
not IMU meas
not IMU meas
not enough acceleration
not enough acceleration
not enough acceleration
not enough acceleration
not enough acceleration
not enough acceleration
not enough acceleration
not enough acceleration
not enough acceleration
not enough acceleration
not enough acceleration
not enough acceleration
not enough acceleration
not enough acceleration
not enough acceleration
not enough acceleration
not enough acceleration
not enough acceleration
not enough acceleration
not enough acceleration
not enough acceleration
not enough acceleration
not enough acceleration
not enough acceleration
not enough acceleration
not enough acceleration
not enough acceleration
not enough acceleration
not enough acceleration
not enough acceleration
First KF:0; Map init KF:0
New Map created with 145 points
Active map: 0
Dropping frame 1403638130.195097
Dropping frame 1403638130.445097
Dropping frame 1403638130.7950971
Dropping frame 1403638130.945097
Dropping frame 1403638131.2450969
Dropping frame 1403638131.3450971
Dropping frame 1403638131.5450969
Dropping frame 1403638131.645097
Dropping frame 1403638131.7950971
Dropping frame 1403638132.195097
Dropping frame 1403638132.2950971
Dropping frame 1403638132.395097
Dropping frame 1403638132.5950971
Dropping frame 1403638132.7950971
Dropping frame 1403638132.895097
Dropping frame 1403638133.0950971
Dropping frame 1403638133.2950971
Dropping frame 1403638133.645097
Dropping frame 1403638133.8450971
Dropping frame 1403638134.0450969
start VIBA 1
Dropping frame 1403638134.195097
end VIBA 1
Dropping frame 1403638134.395097
Dropping frame 1403638134.4950972
Dropping frame 1403638134.7450969
Dropping frame 1403638134.945097
Dropping frame 1403638135.0950971
Dropping frame 1403638135.2950971
Dropping frame 1403638135.395097
Dropping frame 1403638135.645097
Dropping frame 1403638135.7450969
Dropping frame 1403638135.8450971
Dropping frame 1403638136.445097
Dropping frame 1403638136.5450969
Dropping frame 1403638136.645097
Dropping frame 1403638136.895097
Dropping frame 1403638137.0950971
Dropping frame 1403638137.195097
Dropping frame 1403638137.445097
Dropping frame 1403638137.645097
Dropping frame 1403638137.7450969
Dropping frame 1403638137.8450971
Dropping frame 1403638137.945097
Dropping frame 1403638138.145097
Dropping frame 1403638138.2450969
Dropping frame 1403638138.3450971
Dropping frame 1403638138.5450969
Dropping frame 1403638138.645097
Not enough motion for initializing. Reseting...
TRACK: Reset map because local mapper set the bad imu flag 
LM: Active map reset recieved
LM: Active map reset, waiting...
LM: Reseting current map in Local Mapping...
LM: End reseting Local Mapping...
LM: Reset free the mutex
LM: Active map reset, Done!!!
mnFirstFrameId = 32
mnInitialFrameId = 0
151 Frames set to lost
not IMU meas
Dropping frame 1403638138.895097
First KF:41; Map init KF:0
New Map created with 162 points
Active map: 0
Dropping frame 1403638139.145097
Dropping frame 1403638139.3450971
Dropping frame 1403638139.445097
Dropping frame 1403638139.5450969
Dropping frame 1403638139.7950971
Dropping frame 1403638139.9950972
Dropping frame 1403638140.195097
Dropping frame 1403638140.5450969
Dropping frame 1403638141.0950971
Dropping frame 1403638141.2950971
Dropping frame 1403638141.395097
Dropping frame 1403638141.4950972
Dropping frame 1403638141.5950971
Dropping frame 1403638141.7950971
Dropping frame 1403638141.895097
Not enough motion for initializing. Reseting...
Dropping frame 1403638141.9950972
LM: Reseting current map in Local Mapping...
LM: End reseting Local Mapping...
LM: Reset free the mutex
Dropping frame 1403638142.195097
Dropping frame 1403638142.395097
Not enough motion for initializing. Reseting...
Dropping frame 1403638142.4950972
LM: Reseting current map in Local Mapping...
LM: End reseting Local Mapping...
LM: Reset free the mutex
Not enough motion for initializing. Reseting...
TRACK: Reset map because local mapper set the bad imu flag 
LM: Reseting current map in Local Mapping...
LM: End reseting Local Mapping...
LM: Reset free the mutex
LM: Active map reset recieved
LM: Active map reset, waiting...
LM: Reseting current map in Local Mapping...
LM: End reseting Local Mapping...
LM: Reset free the mutex
LM: Active map reset, Done!!!
mnFirstFrameId = 185
mnInitialFrameId = 183
205 Frames set to lost
not IMU meas
not enough acceleration
not enough acceleration
not enough acceleration
not enough acceleration
not enough acceleration
not enough acceleration
not enough acceleration
not enough acceleration
not enough acceleration
not enough acceleration
Dropping frame 1403638143.195097
not enough acceleration
not enough acceleration
not enough acceleration
not enough acceleration
not enough acceleration
not enough acceleration
not enough acceleration
not enough acceleration
not enough acceleration
not enough acceleration
not enough acceleration
not enough acceleration
not enough acceleration
not enough acceleration
not enough acceleration
not enough acceleration
not enough acceleration
not enough acceleration
not enough acceleration
not enough acceleration
not enough acceleration
not enough acceleration
Dropping frame 1403638144.3450971
not enough acceleration
not enough acceleration
not enough acceleration
Dropping frame 1403638144.5450969
not enough acceleration
not enough acceleration
not enough acceleration
Dropping frame 1403638144.7450969
Dropping frame 1403638144.7950971
not enough acceleration
not enough acceleration
not enough acceleration
not enough acceleration
not enough acceleration
not enough acceleration
not enough acceleration
not enough acceleration
not enough acceleration
not enough acceleration
not enough acceleration
not enough acceleration
not enough acceleration
not enough acceleration
not enough acceleration
not enough acceleration
not enough acceleration
not enough acceleration
not enough acceleration
not enough acceleration
not enough acceleration
not enough acceleration
not enough acceleration
not enough acceleration
not enough acceleration
not enough acceleration
not enough acceleration
not enough acceleration
not enough acceleration
not enough acceleration
not enough acceleration
not enough acceleration
not enough acceleration
not enough acceleration
not enough acceleration
not enough acceleration
not enough acceleration
not enough acceleration
not enough acceleration
not enough acceleration
not enough acceleration
not enough acceleration
not enough acceleration
not enough acceleration
not enough acceleration
not enough acceleration
not enough acceleration
not enough acceleration
not enough acceleration
not enough acceleration
not enough acceleration
not enough acceleration
not enough acceleration
not enough acceleration
not enough acceleration
not enough acceleration
not enough acceleration
not enough acceleration
not enough acceleration
First KF:54; Map init KF:41
New Map created with 179 points
Active map: 0
start VIBA 1
end VIBA 1
Dropping frame 1403638155.5950971
Dropping frame 1403638156.145097
Dropping frame 1403638156.445097
Dropping frame 1403638156.695097
Dropping frame 1403638156.8450971
Dropping frame 1403638157.0450969
Dropping frame 1403638157.145097
Dropping frame 1403638157.2450969
Dropping frame 1403638157.395097
Dropping frame 1403638157.4950972
Dropping frame 1403638157.5950971
Dropping frame 1403638157.695097
Dropping frame 1403638157.895097
Dropping frame 1403638157.9950972
Dropping frame 1403638158.0950971
Dropping frame 1403638158.2950971
Dropping frame 1403638158.4950972
Dropping frame 1403638158.695097
Dropping frame 1403638158.945097
Dropping frame 1403638159.0950971
Dropping frame 1403638159.195097
Dropping frame 1403638159.3450971
Dropping frame 1403638159.7450969
Dropping frame 1403638159.8450971
Dropping frame 1403638159.9950972
Dropping frame 1403638160.145097
Dropping frame 1403638160.2950971
Dropping frame 1403638160.395097
Dropping frame 1403638160.5950971
Dropping frame 1403638160.695097
Dropping frame 1403638160.895097
Dropping frame 1403638161.0450969
Dropping frame 1403638161.195097
Dropping frame 1403638161.2950971
Dropping frame 1403638161.5450969
Dropping frame 1403638161.645097
Dropping frame 1403638162.0450969
Dropping frame 1403638162.8450971
Dropping frame 1403638163.145097
start VIBA 2
Dropping frame 1403638163.445097
Dropping frame 1403638163.5950971
end VIBA 2
Dropping frame 1403638163.8450971
Dropping frame 1403638164.0450969
Dropping frame 1403638164.145097
Dropping frame 1403638164.3450971
Dropping frame 1403638164.5450969
Dropping frame 1403638164.645097
Dropping frame 1403638165.0950971
Dropping frame 1403638165.395097
Dropping frame 1403638165.645097
Dropping frame 1403638165.7950971
Dropping frame 1403638166.0950971
Dropping frame 1403638166.2450969
Dropping frame 1403638166.3450971
Dropping frame 1403638166.445097
Dropping frame 1403638166.645097
Dropping frame 1403638166.7450969
Dropping frame 1403638166.895097
Dropping frame 1403638167.0950971
Dropping frame 1403638167.195097
Dropping frame 1403638167.395097
Dropping frame 1403638167.4950972
Dropping frame 1403638167.5950971
Dropping frame 1403638167.7950971
Dropping frame 1403638167.9950972
Dropping frame 1403638168.195097
Dropping frame 1403638168.2950971
Dropping frame 1403638168.4950972
Dropping frame 1403638168.9950972
Dropping frame 1403638169.0950971
Dropping frame 1403638169.195097
Dropping frame 1403638169.395097
Dropping frame 1403638169.5950971
Dropping frame 1403638169.7950971
Dropping frame 1403638169.895097
Dropping frame 1403638169.9950972
Dropping frame 1403638170.195097
Dropping frame 1403638170.2950971
Dropping frame 1403638170.395097
Dropping frame 1403638170.5950971
Dropping frame 1403638170.695097
Dropping frame 1403638170.7950971
Dropping frame 1403638170.9950972
Dropping frame 1403638171.0950971
Dropping frame 1403638171.195097
Dropping frame 1403638171.2950971
Dropping frame 1403638171.4950972
Dropping frame 1403638171.5950971
Dropping frame 1403638171.7950971
Dropping frame 1403638171.9950972
Dropping frame 1403638172.0950971
Dropping frame 1403638172.3450971
Dropping frame 1403638172.445097
Dropping frame 1403638172.5450969
Dropping frame 1403638172.695097
Dropping frame 1403638173.0950971
Dropping frame 1403638173.195097
Dropping frame 1403638173.395097
Dropping frame 1403638173.4950972
Dropping frame 1403638173.695097
Dropping frame 1403638173.7950971
Dropping frame 1403638173.9950972
Dropping frame 1403638174.195097
Dropping frame 1403638174.2950971
Dropping frame 1403638174.695097
Dropping frame 1403638174.7950971
Dropping frame 1403638175.0450969
Dropping frame 1403638175.145097
Dropping frame 1403638175.3450971
Dropping frame 1403638175.445097
Dropping frame 1403638175.645097
Dropping frame 1403638176.145097
Dropping frame 1403638176.3450971
Dropping frame 1403638176.445097
Dropping frame 1403638176.5450969
Dropping frame 1403638176.645097
Dropping frame 1403638176.7450969
Dropping frame 1403638176.8450971
Dropping frame 1403638176.945097
Dropping frame 1403638177.145097
Dropping frame 1403638177.2450969
Dropping frame 1403638177.3450971
Dropping frame 1403638177.445097
Dropping frame 1403638177.5450969
Dropping frame 1403638177.645097
Dropping frame 1403638177.7950971
Dropping frame 1403638177.895097
Dropping frame 1403638177.9950972
Dropping frame 1403638178.0950971
Dropping frame 1403638178.195097
Dropping frame 1403638178.3450971
Dropping frame 1403638178.445097
Dropping frame 1403638178.645097
Dropping frame 1403638178.7450969
Dropping frame 1403638178.8450971
Dropping frame 1403638178.945097
Dropping frame 1403638179.0450969
Dropping frame 1403638179.2450969
Dropping frame 1403638179.3450971
Dropping frame 1403638179.695097
Dropping frame 1403638179.9950972
Dropping frame 1403638180.0950971
Dropping frame 1403638180.195097
Dropping frame 1403638180.395097
Dropping frame 1403638180.5450969
Dropping frame 1403638180.7450969
Dropping frame 1403638180.945097
Dropping frame 1403638181.0950971
Dropping frame 1403638181.2950971
Dropping frame 1403638181.395097
Dropping frame 1403638181.4950972
Dropping frame 1403638181.695097
Dropping frame 1403638181.895097
Dropping frame 1403638181.9950972
Dropping frame 1403638182.2950971
Dropping frame 1403638182.5450969
Dropping frame 1403638182.645097
Dropping frame 1403638182.8450971
Dropping frame 1403638183.0450969
Dropping frame 1403638183.145097
Dropping frame 1403638183.2450969
Dropping frame 1403638183.4950972
Dropping frame 1403638183.5950971
Dropping frame 1403638183.7950971
Dropping frame 1403638183.895097
Dropping frame 1403638183.9950972
Dropping frame 1403638184.0950971
Dropping frame 1403638184.3450971
Dropping frame 1403638184.445097
Dropping frame 1403638184.645097
Dropping frame 1403638184.8450971
Dropping frame 1403638185.0450969
Dropping frame 1403638185.145097
Dropping frame 1403638185.2450969
Dropping frame 1403638185.445097
Dropping frame 1403638185.645097
Dropping frame 1403638185.7450969
Dropping frame 1403638185.945097
Dropping frame 1403638186.0450969
Dropping frame 1403638186.145097
Dropping frame 1403638186.3450971
Dropping frame 1403638186.5450969
Dropping frame 1403638186.645097
Dropping frame 1403638186.7450969
Dropping frame 1403638186.945097
Dropping frame 1403638187.145097
Dropping frame 1403638187.3450971
Dropping frame 1403638187.445097
Dropping frame 1403638187.5450969
Dropping frame 1403638187.7450969
Dropping frame 1403638187.8450971
Dropping frame 1403638188.0950971
Dropping frame 1403638188.195097
Dropping frame 1403638188.445097
Dropping frame 1403638188.645097
Dropping frame 1403638188.7450969
Dropping frame 1403638188.9950972
Dropping frame 1403638189.0950971
Dropping frame 1403638189.395097
Dropping frame 1403638189.8450971
Dropping frame 1403638190.2950971
Dropping frame 1403638190.395097
Dropping frame 1403638190.4950972
Dropping frame 1403638190.695097
Dropping frame 1403638190.9950972
Dropping frame 1403638191.195097
Dropping frame 1403638191.395097
Dropping frame 1403638191.4950972
Dropping frame 1403638191.7450969
Dropping frame 1403638191.945097
Dropping frame 1403638192.145097
Dropping frame 1403638192.2450969
Dropping frame 1403638192.4950972
Dropping frame 1403638192.695097
Dropping frame 1403638192.895097
Dropping frame 1403638192.9950972
Dropping frame 1403638193.2450969
Dropping frame 1403638193.445097
Dropping frame 1403638193.645097
Dropping frame 1403638193.8450971
Dropping frame 1403638193.945097
Dropping frame 1403638194.195097
Dropping frame 1403638194.395097
Dropping frame 1403638194.5450969
Dropping frame 1403638194.7450969
Dropping frame 1403638194.8450971
Dropping frame 1403638195.0950971
Dropping frame 1403638195.2950971
Dropping frame 1403638195.395097
Dropping frame 1403638195.695097
Dropping frame 1403638195.895097
Dropping frame 1403638196.0950971
Dropping frame 1403638196.195097
Dropping frame 1403638196.395097
Dropping frame 1403638196.4950972
Dropping frame 1403638196.7450969
Dropping frame 1403638197.145097
Dropping frame 1403638197.5950971
Dropping frame 1403638197.695097
Dropping frame 1403638197.945097
Dropping frame 1403638198.645097
Dropping frame 1403638199.445097
Dropping frame 1403638199.7950971
Dropping frame 1403638199.9950972
Dropping frame 1403638200.0950971
Dropping frame 1403638200.3450971
Dropping frame 1403638200.5450969
Dropping frame 1403638200.645097
Dropping frame 1403638200.895097
Dropping frame 1403638200.9950972
Dropping frame 1403638201.0950971
Dropping frame 1403638201.2950971
Dropping frame 1403638201.445097
Dropping frame 1403638201.695097
Dropping frame 1403638201.7950971
Dropping frame 1403638201.895097
Dropping frame 1403638202.0950971
Dropping frame 1403638202.2950971
Dropping frame 1403638202.4950972
Dropping frame 1403638202.695097
Dropping frame 1403638202.895097
Dropping frame 1403638203.0950971
Dropping frame 1403638203.2950971
Dropping frame 1403638203.395097
Dropping frame 1403638203.4950972
Dropping frame 1403638203.695097
Dropping frame 1403638203.895097
Dropping frame 1403638204.0950971
Dropping frame 1403638204.2950971
Dropping frame 1403638204.4950972
Dropping frame 1403638204.695097
Dropping frame 1403638204.7950971
Dropping frame 1403638204.9950972
Dropping frame 1403638205.195097
Dropping frame 1403638205.395097
Dropping frame 1403638205.5950971
Dropping frame 1403638205.7950971
Dropping frame 1403638205.895097
Dropping frame 1403638206.0950971
Dropping frame 1403638206.2950971
Dropping frame 1403638206.395097
Dropping frame 1403638206.645097
Dropping frame 1403638206.8450971
Dropping frame 1403638207.0450969
Dropping frame 1403638207.395097
Dropping frame 1403638207.4950972
Dropping frame 1403638207.7450969
Dropping frame 1403638207.945097
Dropping frame 1403638208.0950971
Dropping frame 1403638208.445097
Dropping frame 1403638208.5450969
Dropping frame 1403638208.695097
Dropping frame 1403638208.945097
Dropping frame 1403638209.145097
Dropping frame 1403638209.3450971
Dropping frame 1403638209.445097
Dropping frame 1403638209.695097
Dropping frame 1403638209.7950971
Dropping frame 1403638209.9950972
Dropping frame 1403638210.145097
Dropping frame 1403638210.3450971
Dropping frame 1403638210.445097
Dropping frame 1403638210.695097
Dropping frame 1403638210.7950971
Dropping frame 1403638210.9950972
Dropping frame 1403638211.2950971
Dropping frame 1403638211.4950972
Dropping frame 1403638211.695097
Dropping frame 1403638211.7950971
Dropping frame 1403638211.895097
Dropping frame 1403638212.0950971
Dropping frame 1403638212.195097
Dropping frame 1403638212.445097
Dropping frame 1403638212.645097
Dropping frame 1403638213.0450969
Dropping frame 1403638213.145097
Dropping frame 1403638213.2450969
Dropping frame 1403638213.4950972
Dropping frame 1403638213.695097
Dropping frame 1403638213.9950972
Dropping frame 1403638214.145097
Dropping frame 1403638214.4950972
Dropping frame 1403638214.7450969
Dropping frame 1403638214.895097
Dropping frame 1403638215.0950971
Dropping frame 1403638215.3450971
Dropping frame 1403638215.445097
Dropping frame 1403638215.7950971
Dropping frame 1403638215.9950972
Dropping frame 1403638216.195097
Dropping frame 1403638216.2950971
Dropping frame 1403638216.5950971
Dropping frame 1403638216.7950971
Dropping frame 1403638217.0950971
Dropping frame 1403638217.445097
Dropping frame 1403638217.695097
Dropping frame 1403638217.895097
Dropping frame 1403638218.0950971
Dropping frame 1403638219.195097
Dropping frame 1403638219.395097
Dropping frame 1403638219.695097
Dropping frame 1403638219.7950971
Dropping frame 1403638220.195097
Dropping frame 1403638220.395097
Dropping frame 1403638220.4950972
Dropping frame 1403638221.0450969
Dropping frame 1403638221.445097
Dropping frame 1403638221.895097
Dropping frame 1403638222.2450969
Dropping frame 1403638222.445097
Dropping frame 1403638222.695097
Dropping frame 1403638223.2450969
Dropping frame 1403638223.445097
Dropping frame 1403638223.5450969
Dropping frame 1403638223.8450971
Dropping frame 1403638224.0450969
Dropping frame 1403638224.145097
Dropping frame 1403638225.7950971
Shutdown
SLAM Finished at System Time: 1734512426.39757

 TIME STATS in ms (mean$\pm$std)
OpenCV version: 4.8.1
---------------------------
Tracking

ORB Extraction: 18.116$\pm$2.2359
Stereo Matching: 8.4207$\pm$2.0729
IMU Preintegration: 0.21052$\pm$0.088042
Pose Prediction: 0.53371$\pm$1.4047
LM Track: 17.644$\pm$5.5519
New KF decision: 1.1263$\pm$1.9533
Total Tracking: 32.075$\pm$24.706



Local Mapping

KF Insertion: 14.091$\pm$4.8307
MP Culling: 0.47681$\pm$0.22289
MP Creation: 43.592$\pm$16.066
LBA: 139.35$\pm$45.713
KF Culling: 10.399$\pm$8.5846
Total Local Mapping: 208.32$\pm$73.218
---------------------------

LBA complexity (mean$\pm$std)
LBA Edges: 1664.7$\pm$1109.3
LBA KF optimized: 6.5$\pm$2.2913
LBA KF fixed: 1$\pm$0
LBA MP: nan$\pm$nan

LBA executions: 371
LBA aborts: 0
---------------------------

Map complexity
KFs in map: 166
MPs in map: 13163
---------------------------

Place Recognition (mean$\pm$std)
Database Query: 2.2726$\pm$1.2395
SE3 estimation: 28.005$\pm$14.966
Total Place Recognition: 20.911$\pm$19.169


Loop Closing (mean$\pm$std)
Loop Fusion: nan$\pm$nan
Essential Graph: nan$\pm$nan
Total Loop Closing: nan$\pm$nan

Num exec: 0
Number of KFs: nan$\pm$nan

Map Merging (mean$\pm$std)
Merge Maps: nan$\pm$nan
Welding BA: nan$\pm$nan
Optimization Ess.: nan$\pm$nan
Total Map Merging: nan$\pm$nan

Num exec: 0
Number of KFs: nan$\pm$nan
Number of MPs: nan$\pm$nan

Full GBA (mean$\pm$std)
GBA: nan$\pm$nan
Map Update: nan$\pm$nan
Total Full GBA: nan$\pm$nan

Num exec: 0
Num abort: 0
Number of KFs: nan$\pm$nan
Number of MPs: nan$\pm$nan

Saving trajectory to f_dataset-MH04_stereo_imu.txt ...
There are 1 maps in the atlas
  Map 0 has 166 KFs

End of saving trajectory to f_dataset-MH04_stereo_imu.txt ...

Saving keyframe trajectory to kf_dataset-MH04_stereo_imu.txt ...
