num_seq = 1
file name: dataset-MH04_stereo_imu
Loading images for sequence 0...LOADED!
Loading IMU for sequence 0...LOADED!

-------

ORB-SLAM3 Copyright (C) 2017-2020 Carlos Campos, Richard Elvira, Juan J. Gómez, José M.M. Montiel and Juan D. Tardós, University of Zaragoza.
ORB-SLAM2 Copyright (C) 2014-2016 Raúl Mur-Artal, José M.M. Montiel and Juan D. Tardós, University of Zaragoza.
This program comes with ABSOLUTELY NO WARRANTY;
This is free software, and you are welcome to redistribute it
under certain conditions. See LICENSE.txt.

Built with REGISTER_TIMES
Git Commit Hash: 5ee9387

Compiled with C++ version: 201703

Input sensor was set to: Stereo-Inertial
Loading settings from ./Examples/Stereo-Inertial/EuRoC_fov_deadlines_mask_6x6.yaml
	-Loaded camera 1
	-Loaded camera 2
	-Loaded image info
	-Loaded IMU calibration
	-Loaded ORB settings
	-Loaded viewer settings
	-Loaded Atlas settings
Deadlines enabled, will skip frames!
FOV enabled
Static mask size: 6x6
Dumping map points enabled
	-Loaded misc parameters
	-Computed rectification maps
----------------------------------
SLAM settings: 
	-Camera 1 parameters (Pinhole): [ 458.65399169921875 457.29598999023438 367.21499633789062 248.375 ]
	-Camera 1 distortion parameters: [  -0.28340810537338257 0.073959067463874817 0.00019359000725671649 1.7618711353861727e-05 ]
	-Camera 2 parameters (Pinhole: [ 457.58700561523438 456.13400268554688 379.99899291992188 255.23800659179688 ]
	-Camera 1 distortion parameters: [  -0.2836836576461792 0.074512839317321777 -0.00010473000293131918 -3.555907096597366e-05 ]
	-Original image size: [ 752 , 480 ]
	-Current image size: [ 752 , 480 ]
	-Camera 1 parameters after rectification: [  456.71499633789062 456.71499633789062 364.52615356445312 257.268798828125 ]
	-Sequence FPS: 20
	-Stereo baseline: 0.11007784307003021
	-Stereo depth threshold : 60
	-Gyro noise: 0.00016999999934341758
	-Accelerometer noise: 0.0020000000949949026
	-Gyro walk: 1.9392999092815444e-05
	-Accelerometer walk: 0.0030000000260770321
	-IMU frequency: 200
	-Features per image: 1200
	-ORB scale factor: 1.2000000476837158
	-ORB number of scales: 8
	-Initial FAST threshold: 20
	-Min FAST threshold: 7


Loading ORB Vocabulary. This could take a while...
Vocabulary loaded!

Initialization of Atlas from scratch 
Creation of new map with id: 0
Creation of new map with last KF id: 0
Seq. Name: 
There are 1 cameras in the atlas
Camera 0 is pinhole
SLAM Started at System Time: 1734432524.68132
not IMU meas
not IMU meas
not enough acceleration
not enough acceleration
not enough acceleration
not enough acceleration
not enough acceleration
not enough acceleration
not enough acceleration
not enough acceleration
not enough acceleration
not enough acceleration
not enough acceleration
not enough acceleration
not enough acceleration
not enough acceleration
not enough acceleration
not enough acceleration
not enough acceleration
not enough acceleration
not enough acceleration
not enough acceleration
not enough acceleration
not enough acceleration
not enough acceleration
not enough acceleration
not enough acceleration
not enough acceleration
not enough acceleration
not enough acceleration
not enough acceleration
not enough acceleration
First KF:0; Map init KF:0
New Map created with 109 points
Active map: 0
Dropping frame 1403638130.195097
Dropping frame 1403638131.5450969
Dropping frame 1403638131.8450971
Dropping frame 1403638131.945097
Dropping frame 1403638132.0450969
Dropping frame 1403638132.3450971
Dropping frame 1403638132.695097
Dropping frame 1403638132.7950971
Dropping frame 1403638133.145097
Dropping frame 1403638133.2450969
Dropping frame 1403638133.3450971
Dropping frame 1403638133.695097
Dropping frame 1403638133.895097
start VIBA 1
end VIBA 1
Dropping frame 1403638134.3450971
Dropping frame 1403638134.5450969
Dropping frame 1403638134.7450969
Dropping frame 1403638134.8450971
Dropping frame 1403638135.2450969
Dropping frame 1403638135.395097
Dropping frame 1403638135.5950971
Dropping frame 1403638135.695097
Dropping frame 1403638136.195097
Dropping frame 1403638136.3450971
Dropping frame 1403638136.5450969
Dropping frame 1403638136.645097
Dropping frame 1403638136.7450969
Dropping frame 1403638136.945097
Dropping frame 1403638137.145097
Dropping frame 1403638137.2450969
Dropping frame 1403638137.3450971
Dropping frame 1403638137.445097
Dropping frame 1403638137.5450969
Dropping frame 1403638137.8450971
Dropping frame 1403638137.945097
Dropping frame 1403638138.145097
Dropping frame 1403638138.2450969
Dropping frame 1403638138.3450971
Not enough motion for initializing. Reseting...
TRACK: Reset map because local mapper set the bad imu flag 
LM: Active map reset recieved
LM: Active map reset, waiting...
LM: Reseting current map in Local Mapping...
LM: End reseting Local Mapping...
LM: Reset free the mutex
LM: Active map reset, Done!!!
mnFirstFrameId = 32
mnInitialFrameId = 0
155 Frames set to lost
not IMU meas
not enough acceleration
not enough acceleration
Dropping frame 1403638138.695097
not enough acceleration
Dropping frame 1403638138.7950971
not enough acceleration
Dropping frame 1403638138.895097
First KF:38; Map init KF:0
New Map created with 137 points
Active map: 0
Dropping frame 1403638138.9950972
Dropping frame 1403638139.0950971
Dropping frame 1403638139.4950972
Dropping frame 1403638139.7450969
Dropping frame 1403638139.8450971
Dropping frame 1403638139.945097
Dropping frame 1403638140.145097
Dropping frame 1403638140.3450971
Dropping frame 1403638140.5450969
Dropping frame 1403638140.645097
Dropping frame 1403638140.895097
Dropping frame 1403638140.9950972
Dropping frame 1403638141.0950971
Dropping frame 1403638141.2950971
Dropping frame 1403638141.4950972
Dropping frame 1403638141.695097
Not enough motion for initializing. Reseting...
Dropping frame 1403638141.895097
LM: Reseting current map in Local Mapping...
LM: End reseting Local Mapping...
LM: Reset free the mutex
Not enough motion for initializing. Reseting...
TRACK: Reset map because local mapper set the bad imu flag 
LM: Reseting current map in Local Mapping...
LM: End reseting Local Mapping...
LM: Reset free the mutex
LM: Active map reset recieved
LM: Active map reset, waiting...
LM: Reseting current map in Local Mapping...
LM: End reseting Local Mapping...
LM: Reset free the mutex
LM: Active map reset, Done!!!
mnFirstFrameId = 193
mnInitialFrameId = 187
207 Frames set to lost
not IMU meas
not enough acceleration
not enough acceleration
not enough acceleration
not enough acceleration
not enough acceleration
not enough acceleration
not enough acceleration
not enough acceleration
not enough acceleration
not enough acceleration
not enough acceleration
not enough acceleration
not enough acceleration
not enough acceleration
not enough acceleration
not enough acceleration
Dropping frame 1403638143.2950971
Dropping frame 1403638143.3450971
not enough acceleration
not enough acceleration
not enough acceleration
not enough acceleration
not enough acceleration
not enough acceleration
not enough acceleration
not enough acceleration
not enough acceleration
not enough acceleration
not enough acceleration
not enough acceleration
not enough acceleration
not enough acceleration
not enough acceleration
not enough acceleration
not enough acceleration
not enough acceleration
not enough acceleration
not enough acceleration
not enough acceleration
not enough acceleration
not enough acceleration
not enough acceleration
not enough acceleration
not enough acceleration
not enough acceleration
not enough acceleration
not enough acceleration
not enough acceleration
not enough acceleration
not enough acceleration
not enough acceleration
not enough acceleration
not enough acceleration
not enough acceleration
not enough acceleration
not enough acceleration
not enough acceleration
not enough acceleration
not enough acceleration
not enough acceleration
not enough acceleration
not enough acceleration
not enough acceleration
not enough acceleration
not enough acceleration
not enough acceleration
not enough acceleration
not enough acceleration
not enough acceleration
not enough acceleration
not enough acceleration
not enough acceleration
not enough acceleration
not enough acceleration
not enough acceleration
not enough acceleration
not enough acceleration
not enough acceleration
not enough acceleration
not enough acceleration
not enough acceleration
not enough acceleration
not enough acceleration
not enough acceleration
not enough acceleration
not enough acceleration
not enough acceleration
not enough acceleration
not enough acceleration
not enough acceleration
not enough acceleration
not enough acceleration
not enough acceleration
not enough acceleration
not enough acceleration
not enough acceleration
not enough acceleration
not enough acceleration
not enough acceleration
not enough acceleration
not enough acceleration
not enough acceleration
not enough acceleration
not enough acceleration
not enough acceleration
not enough acceleration
First KF:50; Map init KF:38
New Map created with 155 points
Active map: 0
start VIBA 1
end VIBA 1
Dropping frame 1403638155.2950971
Dropping frame 1403638155.645097
Dropping frame 1403638155.945097
Dropping frame 1403638156.195097
Dropping frame 1403638156.2950971
Dropping frame 1403638156.8450971
Dropping frame 1403638156.9950972
Dropping frame 1403638157.2450969
Dropping frame 1403638157.445097
Dropping frame 1403638157.7450969
Dropping frame 1403638158.395097
Dropping frame 1403638158.945097
Dropping frame 1403638160.7450969
Dropping frame 1403638161.145097
Dropping frame 1403638161.3450971
Dropping frame 1403638162.0950971
Dropping frame 1403638163.195097
start VIBA 2
Dropping frame 1403638163.445097
end VIBA 2
Dropping frame 1403638164.0450969
Dropping frame 1403638164.2950971
Dropping frame 1403638164.395097
Dropping frame 1403638164.5450969
Dropping frame 1403638164.7450969
Dropping frame 1403638164.895097
Dropping frame 1403638165.0950971
Dropping frame 1403638165.195097
Dropping frame 1403638165.2950971
Dropping frame 1403638165.5950971
Dropping frame 1403638165.8450971
Dropping frame 1403638166.395097
Dropping frame 1403638166.4950972
Dropping frame 1403638166.5950971
Dropping frame 1403638166.7450969
Dropping frame 1403638166.895097
Dropping frame 1403638167.2450969
Dropping frame 1403638167.395097
Dropping frame 1403638167.5450969
Dropping frame 1403638167.895097
Dropping frame 1403638168.7950971
Dropping frame 1403638168.945097
Dropping frame 1403638169.145097
Dropping frame 1403638169.445097
Dropping frame 1403638169.945097
Dropping frame 1403638170.2450969
Dropping frame 1403638170.445097
Dropping frame 1403638170.945097
Dropping frame 1403638171.195097
Dropping frame 1403638171.2950971
Dropping frame 1403638171.395097
Dropping frame 1403638171.4950972
Dropping frame 1403638171.645097
Dropping frame 1403638171.8450971
Dropping frame 1403638172.3450971
Dropping frame 1403638172.9950972
Dropping frame 1403638173.0950971
Dropping frame 1403638173.2450969
Dropping frame 1403638173.445097
Dropping frame 1403638173.8450971
Dropping frame 1403638173.945097
Dropping frame 1403638174.2450969
Dropping frame 1403638174.445097
Dropping frame 1403638174.695097
Dropping frame 1403638174.7950971
Dropping frame 1403638174.895097
Dropping frame 1403638175.0950971
Dropping frame 1403638175.195097
Dropping frame 1403638175.445097
Dropping frame 1403638175.695097
Dropping frame 1403638176.0450969
Dropping frame 1403638176.145097
Dropping frame 1403638176.4950972
Dropping frame 1403638176.8450971
Dropping frame 1403638176.945097
Dropping frame 1403638177.195097
Dropping frame 1403638177.2950971
Dropping frame 1403638177.645097
Dropping frame 1403638177.8450971
Dropping frame 1403638178.0450969
Dropping frame 1403638178.145097
Dropping frame 1403638178.3450971
Dropping frame 1403638178.445097
Dropping frame 1403638178.645097
Dropping frame 1403638178.7450969
Dropping frame 1403638179.195097
Dropping frame 1403638179.395097
Dropping frame 1403638179.4950972
Dropping frame 1403638179.695097
Dropping frame 1403638179.7950971
Dropping frame 1403638180.195097
Dropping frame 1403638180.395097
Dropping frame 1403638180.695097
Dropping frame 1403638180.9950972
Dropping frame 1403638181.3450971
Dropping frame 1403638182.0450969
Dropping frame 1403638183.145097
Dropping frame 1403638183.445097
Dropping frame 1403638184.0450969
Dropping frame 1403638184.2450969
Dropping frame 1403638184.445097
Dropping frame 1403638184.7950971
Dropping frame 1403638184.9950972
Dropping frame 1403638185.0950971
Dropping frame 1403638185.3450971
Dropping frame 1403638185.5950971
Dropping frame 1403638185.695097
Dropping frame 1403638185.7950971
Dropping frame 1403638186.2950971
Dropping frame 1403638186.395097
Dropping frame 1403638186.645097
Dropping frame 1403638187.2950971
Dropping frame 1403638188.5450969
Dropping frame 1403638189.0450969
Dropping frame 1403638189.395097
Dropping frame 1403638189.5950971
Dropping frame 1403638189.7950971
Dropping frame 1403638189.895097
Dropping frame 1403638189.9950972
Dropping frame 1403638190.195097
Dropping frame 1403638190.395097
Dropping frame 1403638190.4950972
Dropping frame 1403638190.7950971
Dropping frame 1403638190.895097
Dropping frame 1403638191.195097
Dropping frame 1403638191.2950971
Dropping frame 1403638191.695097
Dropping frame 1403638191.895097
Dropping frame 1403638192.0450969
Dropping frame 1403638192.395097
Dropping frame 1403638192.4950972
Dropping frame 1403638192.895097
Dropping frame 1403638193.0950971
Dropping frame 1403638193.2950971
Dropping frame 1403638193.645097
Dropping frame 1403638193.7450969
Dropping frame 1403638193.9950972
Dropping frame 1403638194.195097
Dropping frame 1403638194.4950972
Dropping frame 1403638194.5950971
Dropping frame 1403638194.9950972
Dropping frame 1403638195.0950971
Dropping frame 1403638195.195097
Dropping frame 1403638195.395097
Dropping frame 1403638195.5950971
Dropping frame 1403638195.7450969
Dropping frame 1403638195.945097
Dropping frame 1403638196.145097
Dropping frame 1403638196.695097
Dropping frame 1403638197.5450969
Dropping frame 1403638198.145097
Dropping frame 1403638201.695097
Dropping frame 1403638212.895097
Dropping frame 1403638216.9950972
Dropping frame 1403638217.7950971
Dropping frame 1403638222.3450971
Dropping frame 1403638225.945097
Dropping frame 1403638226.7950971
Dropping frame 1403638227.145097
Dropping frame 1403638227.3450971
Dropping frame 1403638227.4950972
Dropping frame 1403638228.2450969
Dropping frame 1403638228.5950971
Shutdown
SLAM Finished at System Time: 1734432643.47463

 TIME STATS in ms (mean$\pm$std)
OpenCV version: 4.8.1
---------------------------
Tracking

ORB Extraction: 15.106$\pm$2.1576
Stereo Matching: 7.5801$\pm$1.9802
IMU Preintegration: 0.21159$\pm$0.096475
Pose Prediction: 0.48397$\pm$1.3708
LM Track: 16.224$\pm$4.6725
New KF decision: 0.98977$\pm$1.853
Total Tracking: 35.344$\pm$18.993



Local Mapping

KF Insertion: 11.645$\pm$4.3194
MP Culling: 0.43984$\pm$0.24818
MP Creation: 37.577$\pm$14.261
LBA: 128.32$\pm$45.486
KF Culling: 9.1002$\pm$7.9225
Total Local Mapping: 187.34$\pm$67.771
---------------------------

LBA complexity (mean$\pm$std)
LBA Edges: 1688.5$\pm$1271.3
LBA KF optimized: 6.5$\pm$2.2913
LBA KF fixed: 1$\pm$0
LBA MP: nan$\pm$nan

LBA executions: 397
LBA aborts: 0
---------------------------

Map complexity
KFs in map: 184
MPs in map: 15397
---------------------------

Place Recognition (mean$\pm$std)
Database Query: 1.7994$\pm$0.9812
SE3 estimation: 25.427$\pm$14.77
Total Place Recognition: 19.591$\pm$17.915


Loop Closing (mean$\pm$std)
Loop Fusion: nan$\pm$nan
Essential Graph: nan$\pm$nan
Total Loop Closing: nan$\pm$nan

Num exec: 0
Number of KFs: nan$\pm$nan

Map Merging (mean$\pm$std)
Merge Maps: nan$\pm$nan
Welding BA: nan$\pm$nan
Optimization Ess.: nan$\pm$nan
Total Map Merging: nan$\pm$nan

Num exec: 0
Number of KFs: nan$\pm$nan
Number of MPs: nan$\pm$nan

Full GBA (mean$\pm$std)
GBA: nan$\pm$nan
Map Update: nan$\pm$nan
Total Full GBA: nan$\pm$nan

Num exec: 0
Num abort: 0
Number of KFs: nan$\pm$nan
Number of MPs: nan$\pm$nan

Saving trajectory to f_dataset-MH04_stereo_imu.txt ...
There are 1 maps in the atlas
  Map 0 has 184 KFs

End of saving trajectory to f_dataset-MH04_stereo_imu.txt ...

Saving keyframe trajectory to kf_dataset-MH04_stereo_imu.txt ...
