num_seq = 1
file name: dataset-MH01_stereo_imu
Loading images for sequence 0...LOADED!
Loading IMU for sequence 0...LOADED!

-------

ORB-SLAM3 Copyright (C) 2017-2020 Carlos Campos, Richard Elvira, Juan J. Gómez, José M.M. Montiel and Juan D. Tardós, University of Zaragoza.
ORB-SLAM2 Copyright (C) 2014-2016 Raúl Mur-Artal, José M.M. Montiel and Juan D. Tardós, University of Zaragoza.
This program comes with ABSOLUTELY NO WARRANTY;
This is free software, and you are welcome to redistribute it
under certain conditions. See LICENSE.txt.

Built with REGISTER_TIMES
Git Commit Hash: 5ee9387

Compiled with C++ version: 201703

Input sensor was set to: Stereo-Inertial
Loading settings from ./Examples/Stereo-Inertial/EuRoC_fov_deadlines_mask_12x12.yaml
	-Loaded camera 1
	-Loaded camera 2
	-Loaded image info
	-Loaded IMU calibration
	-Loaded ORB settings
	-Loaded viewer settings
	-Loaded Atlas settings
Deadlines enabled, will skip frames!
FOV enabled
Static mask size: 12x12
Dumping map points enabled
	-Loaded misc parameters
	-Computed rectification maps
----------------------------------
SLAM settings: 
	-Camera 1 parameters (Pinhole): [ 458.65399169921875 457.29598999023438 367.21499633789062 248.375 ]
	-Camera 1 distortion parameters: [  -0.28340810537338257 0.073959067463874817 0.00019359000725671649 1.7618711353861727e-05 ]
	-Camera 2 parameters (Pinhole: [ 457.58700561523438 456.13400268554688 379.99899291992188 255.23800659179688 ]
	-Camera 1 distortion parameters: [  -0.2836836576461792 0.074512839317321777 -0.00010473000293131918 -3.555907096597366e-05 ]
	-Original image size: [ 752 , 480 ]
	-Current image size: [ 752 , 480 ]
	-Camera 1 parameters after rectification: [  456.71499633789062 456.71499633789062 364.52615356445312 257.268798828125 ]
	-Sequence FPS: 20
	-Stereo baseline: 0.11007784307003021
	-Stereo depth threshold : 60
	-Gyro noise: 0.00016999999934341758
	-Accelerometer noise: 0.0020000000949949026
	-Gyro walk: 1.9392999092815444e-05
	-Accelerometer walk: 0.0030000000260770321
	-IMU frequency: 200
	-Features per image: 1200
	-ORB scale factor: 1.2000000476837158
	-ORB number of scales: 8
	-Initial FAST threshold: 20
	-Min FAST threshold: 7


Loading ORB Vocabulary. This could take a while...
Vocabulary loaded!

Initialization of Atlas from scratch 
Creation of new map with id: 0
Creation of new map with last KF id: 0
Seq. Name: 
There are 1 cameras in the atlas
Camera 0 is pinhole
SLAM Started at System Time: 1734437110.56458
not IMU meas
not IMU meas
not enough acceleration
not enough acceleration
First KF:0; Map init KF:0
New Map created with 553 points
Active map: 0
Dropping frame 1403636580.0135555
Dropping frame 1403636580.2135556
Dropping frame 1403636580.5135555
Dropping frame 1403636580.9135554
Dropping frame 1403636581.2135556
Dropping frame 1403636581.5635555
Dropping frame 1403636581.6635556
Dropping frame 1403636581.7635555
Dropping frame 1403636582.0135555
Dropping frame 1403636582.1135554
Dropping frame 1403636582.2135556
Dropping frame 1403636582.3135555
Dropping frame 1403636582.4135554
Dropping frame 1403636582.6135554
Dropping frame 1403636582.8135555
Dropping frame 1403636583.0135555
Dropping frame 1403636583.1135554
Dropping frame 1403636583.4135554
Dropping frame 1403636583.6135554
Dropping frame 1403636583.8135555
Dropping frame 1403636584.0135555
Dropping frame 1403636584.2135556
Dropping frame 1403636584.3135555
Dropping frame 1403636584.5635555
Dropping frame 1403636584.6635556
Dropping frame 1403636584.9135554
Dropping frame 1403636585.0635555
Dropping frame 1403636585.2635555
Dropping frame 1403636585.4635556
Dropping frame 1403636585.5635555
Dropping frame 1403636585.6635556
start VIBA 1
Dropping frame 1403636585.7635555
end VIBA 1
Dropping frame 1403636585.8635557
Dropping frame 1403636586.0635555
Dropping frame 1403636586.1635556
Dropping frame 1403636586.2635555
Dropping frame 1403636586.5135555
Dropping frame 1403636586.6135554
Dropping frame 1403636586.8135555
Dropping frame 1403636587.1635556
Dropping frame 1403636587.4135554
Dropping frame 1403636587.6135554
Dropping frame 1403636587.7135556
Dropping frame 1403636587.8635557
Dropping frame 1403636588.0635555
Dropping frame 1403636588.2635555
Dropping frame 1403636588.3635557
Dropping frame 1403636588.4635556
Dropping frame 1403636588.5635555
Dropping frame 1403636588.7635555
Dropping frame 1403636588.8635557
Dropping frame 1403636589.0635555
Dropping frame 1403636589.1635556
Dropping frame 1403636589.2635555
Dropping frame 1403636589.4635556
Dropping frame 1403636589.5635555
Dropping frame 1403636589.6635556
Dropping frame 1403636589.8635557
Dropping frame 1403636590.0635555
Dropping frame 1403636590.2635555
Dropping frame 1403636590.4635556
Dropping frame 1403636590.7135556
Dropping frame 1403636590.9635556
Dropping frame 1403636591.1635556
Dropping frame 1403636591.3635557
Dropping frame 1403636591.4635556
Dropping frame 1403636591.6135554
Dropping frame 1403636591.9635556
Dropping frame 1403636592.1135554
Dropping frame 1403636592.3135555
Dropping frame 1403636592.4135554
Dropping frame 1403636592.5635555
Dropping frame 1403636592.6635556
Dropping frame 1403636592.7635555
Dropping frame 1403636592.9635556
Dropping frame 1403636593.0635555
Dropping frame 1403636593.2135556
Dropping frame 1403636593.4135554
Dropping frame 1403636593.5135555
Dropping frame 1403636593.7635555
Dropping frame 1403636593.9635556
Dropping frame 1403636594.2135556
Dropping frame 1403636594.3135555
Dropping frame 1403636594.5635555
Dropping frame 1403636594.8635557
Dropping frame 1403636595.2135556
Dropping frame 1403636595.4135554
Dropping frame 1403636595.5135555
start VIBA 2
end VIBA 2
Dropping frame 1403636595.7635555
Dropping frame 1403636596.0635555
Dropping frame 1403636596.2635555
Dropping frame 1403636596.4635556
Dropping frame 1403636596.6635556
Dropping frame 1403636596.9635556
Dropping frame 1403636597.3135555
Dropping frame 1403636597.4635556
Dropping frame 1403636597.6635556
Dropping frame 1403636597.7635555
Dropping frame 1403636598.0135555
Dropping frame 1403636598.1135554
Dropping frame 1403636598.3635557
Dropping frame 1403636598.4635556
Dropping frame 1403636598.5635555
Dropping frame 1403636598.7635555
Dropping frame 1403636598.8635557
Dropping frame 1403636598.9635556
Dropping frame 1403636599.0635555
Dropping frame 1403636599.2635555
Dropping frame 1403636599.3635557
Dropping frame 1403636599.4635556
Dropping frame 1403636599.7135556
Dropping frame 1403636599.8135555
Dropping frame 1403636599.9135554
Dropping frame 1403636600.1135554
Dropping frame 1403636600.2135556
Dropping frame 1403636600.4635556
Dropping frame 1403636600.6635556
Dropping frame 1403636600.7635555
Dropping frame 1403636600.9635556
Dropping frame 1403636601.0635555
Dropping frame 1403636601.3135555
Dropping frame 1403636601.5135555
Dropping frame 1403636601.6135554
Dropping frame 1403636601.8135555
Dropping frame 1403636602.2635555
Dropping frame 1403636602.6635556
Dropping frame 1403636602.8635557
Dropping frame 1403636603.3135555
Dropping frame 1403636603.4135554
Dropping frame 1403636603.8635557
Dropping frame 1403636604.1135554
Dropping frame 1403636604.2135556
Dropping frame 1403636604.4635556
Dropping frame 1403636604.7635555
Dropping frame 1403636605.1135554
Dropping frame 1403636605.3135555
Dropping frame 1403636605.4135554
Dropping frame 1403636605.5135555
Dropping frame 1403636605.6135554
Dropping frame 1403636605.8135555
Dropping frame 1403636605.9635556
Dropping frame 1403636606.1135554
Dropping frame 1403636606.3135555
Dropping frame 1403636606.7635555
Dropping frame 1403636607.0635555
Dropping frame 1403636607.2635555
Dropping frame 1403636607.3635557
Dropping frame 1403636607.6635556
Dropping frame 1403636607.7635555
Dropping frame 1403636608.1135554
Dropping frame 1403636608.4135554
Dropping frame 1403636608.7635555
Dropping frame 1403636609.1135554
Dropping frame 1403636609.2635555
Dropping frame 1403636609.4635556
Dropping frame 1403636609.5635555
Dropping frame 1403636609.7635555
Dropping frame 1403636610.0135555
Dropping frame 1403636610.5135555
Dropping frame 1403636610.7135556
Dropping frame 1403636610.8135555
Dropping frame 1403636610.9135554
Dropping frame 1403636611.1635556
Dropping frame 1403636611.3635557
Dropping frame 1403636611.7135556
Dropping frame 1403636611.9135554
Dropping frame 1403636612.1135554
Dropping frame 1403636612.4135554
Dropping frame 1403636612.6135554
Dropping frame 1403636612.8135555
Dropping frame 1403636613.2635555
Dropping frame 1403636613.4635556
Dropping frame 1403636613.6635556
Dropping frame 1403636614.1635556
Dropping frame 1403636614.6135554
Dropping frame 1403636614.8135555
Dropping frame 1403636615.1635556
Dropping frame 1403636615.7135556
Dropping frame 1403636615.9135554
Dropping frame 1403636616.4135554
Dropping frame 1403636616.8635557
Dropping frame 1403636617.1635556
Dropping frame 1403636617.7135556
Dropping frame 1403636617.9635556
Dropping frame 1403636618.3135555
Dropping frame 1403636618.5635555
Dropping frame 1403636618.7135556
Dropping frame 1403636619.3135555
Dropping frame 1403636619.8635557
Dropping frame 1403636619.9635556
Dropping frame 1403636620.4135554
Dropping frame 1403636620.7635555
Dropping frame 1403636620.8635557
Dropping frame 1403636621.0635555
Dropping frame 1403636621.4635556
Dropping frame 1403636621.7635555
Dropping frame 1403636622.0135555
Dropping frame 1403636622.2135556
Dropping frame 1403636622.4135554
Dropping frame 1403636622.8635557
Dropping frame 1403636622.9635556
Dropping frame 1403636623.1635556
Dropping frame 1403636623.4135554
Dropping frame 1403636623.5635555
Dropping frame 1403636623.8635557
Dropping frame 1403636624.0135555
Dropping frame 1403636624.3635557
Dropping frame 1403636624.5635555
Dropping frame 1403636624.8135555
Dropping frame 1403636625.2635555
Dropping frame 1403636625.4135554
Dropping frame 1403636625.5635555
Dropping frame 1403636625.9635556
Dropping frame 1403636626.3635557
Dropping frame 1403636626.9135554
Dropping frame 1403636627.0135555
Dropping frame 1403636627.3135555
Dropping frame 1403636627.7135556
Dropping frame 1403636628.2135556
Dropping frame 1403636628.4135554
Dropping frame 1403636628.7135556
Dropping frame 1403636629.0635555
Dropping frame 1403636629.1635556
Dropping frame 1403636629.2635555
Dropping frame 1403636629.5635555
Dropping frame 1403636629.8635557
Dropping frame 1403636630.2635555
Dropping frame 1403636630.4635556
Dropping frame 1403636630.5635555
Dropping frame 1403636630.8635557
Dropping frame 1403636631.2135556
Dropping frame 1403636631.6135554
Dropping frame 1403636631.9635556
Dropping frame 1403636632.2635555
Dropping frame 1403636632.6635556
Dropping frame 1403636632.9635556
Dropping frame 1403636633.3135555
Dropping frame 1403636633.5135555
Dropping frame 1403636633.8135555
Dropping frame 1403636634.1635556
Dropping frame 1403636634.5135555
Dropping frame 1403636635.0635555
Dropping frame 1403636635.5635555
Dropping frame 1403636635.6635556
Dropping frame 1403636635.9135554
Dropping frame 1403636636.0135555
Dropping frame 1403636636.4135554
Dropping frame 1403636636.5135555
Dropping frame 1403636636.6635556
Dropping frame 1403636637.0135555
Dropping frame 1403636637.6135554
Dropping frame 1403636638.5635555
Dropping frame 1403636638.9635556
Dropping frame 1403636639.1635556
Dropping frame 1403636639.2635555
Dropping frame 1403636639.7135556
Dropping frame 1403636639.8635557
Dropping frame 1403636640.5135555
Dropping frame 1403636640.6135554
Dropping frame 1403636640.9635556
Dropping frame 1403636641.2135556
Dropping frame 1403636641.3635557
Dropping frame 1403636641.9135554
Dropping frame 1403636642.5635555
Dropping frame 1403636642.8135555
Dropping frame 1403636642.9135554
Dropping frame 1403636643.3635557
Dropping frame 1403636643.8135555
Dropping frame 1403636644.0135555
Dropping frame 1403636644.1135554
Dropping frame 1403636644.4635556
Dropping frame 1403636644.8635557
Dropping frame 1403636645.2635555
Dropping frame 1403636645.6135554
Dropping frame 1403636645.9635556
Dropping frame 1403636646.2635555
Dropping frame 1403636646.5135555
Dropping frame 1403636646.8135555
Dropping frame 1403636647.0635555
Dropping frame 1403636647.6635556
Dropping frame 1403636647.8635557
Dropping frame 1403636649.4135554
Dropping frame 1403636649.9635556
Dropping frame 1403636650.2635555
Dropping frame 1403636650.5635555
Dropping frame 1403636650.7135556
Dropping frame 1403636651.0635555
Dropping frame 1403636651.2135556
Dropping frame 1403636651.5635555
Dropping frame 1403636651.6635556
Dropping frame 1403636651.8135555
Dropping frame 1403636651.9635556
Dropping frame 1403636652.1635556
Dropping frame 1403636652.4135554
Dropping frame 1403636652.6135554
Dropping frame 1403636652.7635555
Dropping frame 1403636652.8635557
Dropping frame 1403636652.9635556
Dropping frame 1403636653.2135556
Dropping frame 1403636653.3135555
Dropping frame 1403636653.4635556
Dropping frame 1403636653.5635555
Dropping frame 1403636653.6635556
Dropping frame 1403636653.8635557
Dropping frame 1403636654.0135555
Dropping frame 1403636654.2135556
Dropping frame 1403636654.4135554
Dropping frame 1403636654.6635556
Dropping frame 1403636654.7635555
Dropping frame 1403636654.9635556
Dropping frame 1403636655.0635555
Dropping frame 1403636655.1635556
Dropping frame 1403636655.4635556
Dropping frame 1403636655.5635555
Dropping frame 1403636655.6635556
Dropping frame 1403636655.7635555
Dropping frame 1403636656.0635555
Dropping frame 1403636656.2635555
Dropping frame 1403636656.4635556
Dropping frame 1403636656.5635555
Dropping frame 1403636656.7635555
Dropping frame 1403636656.9635556
Dropping frame 1403636657.0635555
Dropping frame 1403636657.1635556
Dropping frame 1403636657.5635555
Dropping frame 1403636657.7135556
Dropping frame 1403636658.0635555
Dropping frame 1403636658.1635556
Dropping frame 1403636658.3635557
Dropping frame 1403636658.5635555
Dropping frame 1403636658.6635556
Dropping frame 1403636658.8135555
Dropping frame 1403636658.9135554
Dropping frame 1403636659.1135554
Dropping frame 1403636659.2135556
Dropping frame 1403636659.3135555
Dropping frame 1403636659.4135554
Dropping frame 1403636659.5135555
Dropping frame 1403636659.6135554
Dropping frame 1403636659.8135555
Dropping frame 1403636659.9135554
Dropping frame 1403636660.0135555
Dropping frame 1403636660.2135556
Dropping frame 1403636660.3135555
Dropping frame 1403636660.5135555
Dropping frame 1403636660.6135554
Dropping frame 1403636660.7135556
Dropping frame 1403636660.8135555
Dropping frame 1403636660.9135554
Dropping frame 1403636661.0135555
Dropping frame 1403636661.2135556
Dropping frame 1403636661.3135555
Dropping frame 1403636661.4135554
Dropping frame 1403636661.5135555
Dropping frame 1403636661.6135554
Dropping frame 1403636661.8135555
Dropping frame 1403636661.9135554
Dropping frame 1403636662.0135555
Dropping frame 1403636662.1135554
Dropping frame 1403636662.2135556
Dropping frame 1403636662.3135555
Dropping frame 1403636662.4135554
Dropping frame 1403636662.6135554
Dropping frame 1403636662.7135556
Dropping frame 1403636662.8135555
Dropping frame 1403636662.9135554
Dropping frame 1403636663.1635556
Dropping frame 1403636663.2635555
Dropping frame 1403636663.4135554
Dropping frame 1403636663.5135555
Dropping frame 1403636663.6135554
Dropping frame 1403636663.8135555
Dropping frame 1403636663.9135554
Dropping frame 1403636664.0135555
Dropping frame 1403636664.2135556
Dropping frame 1403636664.3135555
Dropping frame 1403636664.4135554
Dropping frame 1403636664.5135555
Dropping frame 1403636664.6135554
Dropping frame 1403636664.8135555
Dropping frame 1403636664.9135554
Dropping frame 1403636665.0135555
Dropping frame 1403636665.1635556
Dropping frame 1403636665.4135554
Dropping frame 1403636665.5135555
Dropping frame 1403636665.6135554
Dropping frame 1403636665.8135555
Dropping frame 1403636666.0135555
Dropping frame 1403636666.1135554
Dropping frame 1403636666.2135556
Dropping frame 1403636666.4635556
Dropping frame 1403636666.5635555
Dropping frame 1403636666.6635556
Dropping frame 1403636666.9135554
Dropping frame 1403636667.0135555
Dropping frame 1403636667.1135554
Dropping frame 1403636667.2135556
Dropping frame 1403636667.3135555
Dropping frame 1403636667.7135556
Dropping frame 1403636667.9135554
Dropping frame 1403636668.0135555
Dropping frame 1403636668.3135555
Dropping frame 1403636668.5135555
Dropping frame 1403636668.6135554
Dropping frame 1403636668.7635555
Dropping frame 1403636669.1135554
Dropping frame 1403636669.3135555
Dropping frame 1403636669.4135554
Dropping frame 1403636669.6135554
Dropping frame 1403636669.7135556
Dropping frame 1403636669.8135555
Dropping frame 1403636669.9135554
Dropping frame 1403636670.0135555
Dropping frame 1403636670.2635555
Dropping frame 1403636670.3635557
Dropping frame 1403636670.4635556
Dropping frame 1403636670.5635555
Dropping frame 1403636670.6635556
Dropping frame 1403636670.9635556
Dropping frame 1403636671.0635555
Dropping frame 1403636671.2635555
Dropping frame 1403636671.4635556
Dropping frame 1403636671.5635555
Dropping frame 1403636672.1635556
Dropping frame 1403636672.2635555
Dropping frame 1403636672.3635557
Dropping frame 1403636672.5635555
Dropping frame 1403636672.7135556
Dropping frame 1403636672.8135555
Dropping frame 1403636672.9135554
Dropping frame 1403636673.0135555
Dropping frame 1403636673.2635555
Dropping frame 1403636673.7135556
Dropping frame 1403636673.8135555
Dropping frame 1403636673.9135554
Dropping frame 1403636674.4135554
Dropping frame 1403636675.0635555
Dropping frame 1403636675.3635557
Dropping frame 1403636675.5635555
Dropping frame 1403636675.6635556
Dropping frame 1403636675.7635555
Dropping frame 1403636676.1135554
Dropping frame 1403636676.2135556
Dropping frame 1403636676.3135555
Dropping frame 1403636676.4135554
Dropping frame 1403636676.6135554
Dropping frame 1403636676.7135556
Dropping frame 1403636676.9135554
Dropping frame 1403636677.0135555
Dropping frame 1403636677.1135554
Dropping frame 1403636677.2135556
Dropping frame 1403636677.5135555
Dropping frame 1403636677.6135554
Dropping frame 1403636677.8135555
Dropping frame 1403636677.9135554
Dropping frame 1403636678.0135555
Dropping frame 1403636678.2135556
Dropping frame 1403636678.3135555
Dropping frame 1403636678.4135554
Dropping frame 1403636678.6135554
Dropping frame 1403636678.8635557
Dropping frame 1403636678.9635556
Dropping frame 1403636679.0635555
Dropping frame 1403636679.1635556
Dropping frame 1403636679.3635557
Dropping frame 1403636679.5635555
Dropping frame 1403636679.6635556
Dropping frame 1403636679.7635555
Dropping frame 1403636679.8635557
Dropping frame 1403636679.9635556
Dropping frame 1403636680.0635555
Dropping frame 1403636680.1635556
Dropping frame 1403636680.2635555
Dropping frame 1403636680.4635556
Dropping frame 1403636680.5635555
Dropping frame 1403636680.6635556
Dropping frame 1403636680.7635555
Dropping frame 1403636680.8635557
Dropping frame 1403636680.9635556
Dropping frame 1403636681.0635555
Dropping frame 1403636681.1635556
Dropping frame 1403636681.3635557
Dropping frame 1403636681.4635556
Dropping frame 1403636681.5635555
Dropping frame 1403636681.7635555
Dropping frame 1403636681.9635556
Dropping frame 1403636682.0635555
Dropping frame 1403636682.1635556
Dropping frame 1403636682.2635555
Dropping frame 1403636682.4135554
Dropping frame 1403636682.6135554
Dropping frame 1403636682.7135556
Dropping frame 1403636682.8135555
Dropping frame 1403636682.9135554
Dropping frame 1403636683.0135555
Dropping frame 1403636683.1135554
Dropping frame 1403636683.3635557
Dropping frame 1403636683.4635556
Dropping frame 1403636683.7135556
Dropping frame 1403636683.9635556
Dropping frame 1403636684.1135554
Dropping frame 1403636684.2135556
Dropping frame 1403636684.3635557
Dropping frame 1403636684.5635555
Dropping frame 1403636684.6635556
Dropping frame 1403636684.7635555
Dropping frame 1403636684.8635557
Dropping frame 1403636685.1635556
Dropping frame 1403636685.2635555
Dropping frame 1403636685.3635557
Dropping frame 1403636685.6635556
Dropping frame 1403636685.7635555
Dropping frame 1403636686.0635555
Dropping frame 1403636686.1635556
Dropping frame 1403636686.2635555
Dropping frame 1403636686.5635555
Dropping frame 1403636686.6635556
Dropping frame 1403636686.9635556
Dropping frame 1403636687.0635555
Dropping frame 1403636687.1635556
Dropping frame 1403636687.2635555
Dropping frame 1403636687.3635557
Dropping frame 1403636687.6135554
Dropping frame 1403636687.7135556
Dropping frame 1403636687.9635556
Dropping frame 1403636688.0635555
Dropping frame 1403636688.3135555
Dropping frame 1403636688.4135554
Dropping frame 1403636688.6635556
Dropping frame 1403636688.8135555
Dropping frame 1403636688.9635556
Dropping frame 1403636689.0635555
Dropping frame 1403636689.2135556
Dropping frame 1403636689.3635557
Dropping frame 1403636689.5135555
Dropping frame 1403636689.6135554
Dropping frame 1403636689.7135556
Dropping frame 1403636690.0135555
Dropping frame 1403636690.1135554
Dropping frame 1403636690.2635555
Dropping frame 1403636690.3635557
Dropping frame 1403636690.4635556
Dropping frame 1403636690.7135556
Dropping frame 1403636690.8635557
Dropping frame 1403636690.9635556
Dropping frame 1403636691.0635555
Dropping frame 1403636691.1635556
Dropping frame 1403636691.2635555
Dropping frame 1403636691.4135554
Dropping frame 1403636691.5135555
Dropping frame 1403636691.7135556
Dropping frame 1403636691.8135555
Dropping frame 1403636691.9135554
Dropping frame 1403636692.0635555
Dropping frame 1403636692.2635555
Dropping frame 1403636692.3635557
Dropping frame 1403636692.7135556
Dropping frame 1403636692.8135555
Dropping frame 1403636693.0135555
Dropping frame 1403636693.1135554
Dropping frame 1403636693.2635555
Dropping frame 1403636693.3635557
Dropping frame 1403636693.4635556
Dropping frame 1403636693.6635556
Dropping frame 1403636693.7635555
Dropping frame 1403636693.9635556
Dropping frame 1403636694.0635555
Dropping frame 1403636694.2135556
Dropping frame 1403636694.3135555
Dropping frame 1403636694.4135554
Dropping frame 1403636694.6135554
Dropping frame 1403636694.8135555
Dropping frame 1403636694.9135554
Dropping frame 1403636695.1135554
Dropping frame 1403636695.2135556
Dropping frame 1403636695.4135554
Dropping frame 1403636695.5135555
Dropping frame 1403636695.6135554
Dropping frame 1403636695.8135555
Dropping frame 1403636695.9135554
Dropping frame 1403636696.2135556
Dropping frame 1403636696.3135555
Dropping frame 1403636696.5635555
Dropping frame 1403636696.8135555
Dropping frame 1403636697.0135555
Dropping frame 1403636697.2135556
Dropping frame 1403636697.3135555
Dropping frame 1403636697.4635556
Dropping frame 1403636697.6635556
Dropping frame 1403636697.8635557
Dropping frame 1403636697.9635556
Dropping frame 1403636698.1635556
Dropping frame 1403636698.3635557
Dropping frame 1403636698.5635555
Dropping frame 1403636698.7135556
Dropping frame 1403636698.9135554
Dropping frame 1403636699.0135555
Dropping frame 1403636699.2135556
Dropping frame 1403636699.3135555
Dropping frame 1403636699.4135554
Dropping frame 1403636699.6135554
Dropping frame 1403636699.7135556
Dropping frame 1403636699.8135555
Dropping frame 1403636700.0135555
Dropping frame 1403636700.1135554
Dropping frame 1403636700.2135556
Dropping frame 1403636700.3135555
Dropping frame 1403636700.5135555
Dropping frame 1403636700.7135556
Dropping frame 1403636700.8135555
Dropping frame 1403636701.0635555
Dropping frame 1403636701.2635555
Dropping frame 1403636701.4635556
Dropping frame 1403636701.5635555
Dropping frame 1403636701.7135556
Dropping frame 1403636701.9635556
Dropping frame 1403636702.1635556
Dropping frame 1403636702.3635557
Dropping frame 1403636702.5635555
Dropping frame 1403636702.6635556
Dropping frame 1403636703.0135555
Dropping frame 1403636703.1635556
Dropping frame 1403636703.3635557
Dropping frame 1403636703.5135555
Dropping frame 1403636703.8635557
Dropping frame 1403636704.0135555
Dropping frame 1403636704.2135556
Dropping frame 1403636704.5135555
Dropping frame 1403636704.7135556
Dropping frame 1403636704.9635556
Dropping frame 1403636705.1135554
Dropping frame 1403636705.4635556
Dropping frame 1403636705.8135555
Dropping frame 1403636706.1635556
Dropping frame 1403636706.3635557
Dropping frame 1403636706.5135555
Dropping frame 1403636706.7135556
Dropping frame 1403636706.8135555
Dropping frame 1403636707.2135556
Dropping frame 1403636707.6635556
Dropping frame 1403636707.9135554
Dropping frame 1403636708.1135554
Dropping frame 1403636708.4635556
Dropping frame 1403636708.6635556
Dropping frame 1403636708.9135554
Dropping frame 1403636709.1635556
Dropping frame 1403636709.5135555
Dropping frame 1403636709.6135554
Dropping frame 1403636709.8635557
Dropping frame 1403636710.0635555
Dropping frame 1403636710.3635557
Dropping frame 1403636710.5635555
Dropping frame 1403636710.7635555
Dropping frame 1403636710.9635556
Dropping frame 1403636711.1635556
Dropping frame 1403636711.4135554
Dropping frame 1403636711.5135555
Dropping frame 1403636711.7135556
Dropping frame 1403636711.9135554
Dropping frame 1403636712.2635555
Dropping frame 1403636712.4635556
Dropping frame 1403636712.7635555
Dropping frame 1403636712.9635556
Dropping frame 1403636713.1635556
Dropping frame 1403636713.3635557
Dropping frame 1403636713.5635555
Dropping frame 1403636713.7635555
Dropping frame 1403636713.9635556
Dropping frame 1403636714.0635555
Dropping frame 1403636714.1635556
Dropping frame 1403636714.3635557
Dropping frame 1403636714.5635555
Dropping frame 1403636714.7635555
Dropping frame 1403636714.9635556
Dropping frame 1403636715.0635555
Dropping frame 1403636715.1635556
Dropping frame 1403636715.2635555
Dropping frame 1403636715.4635556
Dropping frame 1403636715.6635556
Dropping frame 1403636715.7635555
Dropping frame 1403636715.9635556
Dropping frame 1403636716.1635556
Dropping frame 1403636716.4135554
Dropping frame 1403636716.6635556
Dropping frame 1403636716.8635557
Dropping frame 1403636717.4635556
Dropping frame 1403636717.6635556
Dropping frame 1403636717.8635557
Dropping frame 1403636718.1635556
Dropping frame 1403636718.3635557
Dropping frame 1403636718.5635555
Dropping frame 1403636718.7635555
Dropping frame 1403636718.8635557
Dropping frame 1403636719.0635555
Dropping frame 1403636719.2635555
Dropping frame 1403636719.4635556
Dropping frame 1403636719.6635556
Dropping frame 1403636719.8635557
Dropping frame 1403636719.9635556
Dropping frame 1403636720.2135556
Dropping frame 1403636720.3135555
Dropping frame 1403636720.5635555
Dropping frame 1403636720.7635555
Dropping frame 1403636720.9635556
Dropping frame 1403636721.0635555
Dropping frame 1403636721.1635556
Dropping frame 1403636721.2635555
Dropping frame 1403636721.4635556
Dropping frame 1403636721.6635556
Dropping frame 1403636721.8635557
Dropping frame 1403636722.0635555
Dropping frame 1403636722.2635555
Dropping frame 1403636722.4635556
Dropping frame 1403636722.6635556
Dropping frame 1403636722.8635557
Dropping frame 1403636723.0635555
Dropping frame 1403636723.2135556
Dropping frame 1403636723.3135555
Dropping frame 1403636723.6635556
Dropping frame 1403636723.9635556
Dropping frame 1403636724.1635556
Dropping frame 1403636724.2635555
Dropping frame 1403636724.4135554
Dropping frame 1403636724.6635556
Dropping frame 1403636724.7635555
Dropping frame 1403636724.8635557
Dropping frame 1403636725.0635555
Dropping frame 1403636725.2635555
Dropping frame 1403636725.3635557
Dropping frame 1403636725.5635555
Dropping frame 1403636725.6635556
Dropping frame 1403636725.7635555
Dropping frame 1403636725.9135554
Dropping frame 1403636726.1635556
Dropping frame 1403636726.2635555
Dropping frame 1403636726.3635557
Dropping frame 1403636726.5635555
Dropping frame 1403636726.7635555
Dropping frame 1403636726.8635557
Dropping frame 1403636727.1135554
Dropping frame 1403636727.3135555
Dropping frame 1403636727.5135555
Dropping frame 1403636727.7135556
Dropping frame 1403636727.9135554
Dropping frame 1403636728.0135555
Dropping frame 1403636728.3135555
Dropping frame 1403636728.8135555
Dropping frame 1403636729.0135555
Dropping frame 1403636729.1135554
Dropping frame 1403636729.2135556
Dropping frame 1403636729.3135555
Dropping frame 1403636729.4135554
Dropping frame 1403636729.6135554
Dropping frame 1403636729.8135555
Dropping frame 1403636729.9135554
Dropping frame 1403636730.0135555
Dropping frame 1403636730.2135556
Dropping frame 1403636730.3135555
Dropping frame 1403636730.4135554
Dropping frame 1403636730.6135554
Dropping frame 1403636730.8135555
Dropping frame 1403636730.9135554
Dropping frame 1403636731.0135555
Dropping frame 1403636731.1135554
Dropping frame 1403636731.2135556
Dropping frame 1403636731.3135555
Dropping frame 1403636731.4135554
Dropping frame 1403636731.5135555
Dropping frame 1403636731.6135554
Dropping frame 1403636731.7135556
Dropping frame 1403636732.1135554
Dropping frame 1403636732.3135555
Dropping frame 1403636732.4135554
Dropping frame 1403636732.5135555
Dropping frame 1403636732.7135556
Dropping frame 1403636732.8135555
Dropping frame 1403636733.0135555
Dropping frame 1403636733.2135556
Dropping frame 1403636733.4135554
Dropping frame 1403636733.6135554
Dropping frame 1403636733.7135556
Dropping frame 1403636733.8135555
Dropping frame 1403636733.9135554
Dropping frame 1403636734.1135554
Dropping frame 1403636734.2135556
Dropping frame 1403636734.3135555
Dropping frame 1403636734.7635555
Dropping frame 1403636734.9635556
Dropping frame 1403636735.1635556
Dropping frame 1403636735.4635556
Dropping frame 1403636735.5635555
Dropping frame 1403636735.6635556
Dropping frame 1403636735.7635555
Dropping frame 1403636735.9635556
Dropping frame 1403636736.0635555
Dropping frame 1403636736.1635556
Dropping frame 1403636736.2635555
Dropping frame 1403636736.3635557
Dropping frame 1403636736.4635556
Dropping frame 1403636736.5635555
Dropping frame 1403636736.6635556
Dropping frame 1403636736.7635555
Dropping frame 1403636736.8635557
Dropping frame 1403636736.9635556
Dropping frame 1403636737.0635555
Dropping frame 1403636737.2635555
Dropping frame 1403636737.3635557
Dropping frame 1403636737.4635556
Dropping frame 1403636737.5635555
Dropping frame 1403636737.6635556
Dropping frame 1403636737.8635557
Dropping frame 1403636738.1635556
Dropping frame 1403636738.3635557
Dropping frame 1403636738.7635555
Dropping frame 1403636738.8635557
Dropping frame 1403636739.0635555
Dropping frame 1403636739.2635555
Dropping frame 1403636739.4635556
Dropping frame 1403636739.6635556
Dropping frame 1403636739.7635555
Dropping frame 1403636739.8635557
Dropping frame 1403636740.0635555
Dropping frame 1403636740.2635555
Dropping frame 1403636740.3635557
Dropping frame 1403636740.4635556
Dropping frame 1403636740.6635556
Dropping frame 1403636740.8635557
Dropping frame 1403636741.0635555
Dropping frame 1403636741.2635555
Dropping frame 1403636741.3635557
Dropping frame 1403636741.4635556
Dropping frame 1403636741.5635555
Dropping frame 1403636741.6635556
Dropping frame 1403636741.8635557
Dropping frame 1403636742.0635555
Dropping frame 1403636742.1635556
Dropping frame 1403636742.2635555
Dropping frame 1403636742.4635556
Dropping frame 1403636742.6635556
Dropping frame 1403636742.8635557
Dropping frame 1403636743.0135555
Dropping frame 1403636743.2135556
Dropping frame 1403636743.4135554
Dropping frame 1403636743.6135554
Dropping frame 1403636743.7135556
Dropping frame 1403636743.8135555
Dropping frame 1403636744.0135555
Dropping frame 1403636744.1135554
Dropping frame 1403636744.2135556
Dropping frame 1403636744.3135555
Dropping frame 1403636744.6635556
Dropping frame 1403636744.8635557
Dropping frame 1403636745.0635555
Dropping frame 1403636745.1635556
Dropping frame 1403636745.2635555
Dropping frame 1403636745.4635556
Dropping frame 1403636745.5635555
Dropping frame 1403636745.6635556
Dropping frame 1403636745.8635557
Dropping frame 1403636746.0635555
Dropping frame 1403636746.2635555
Dropping frame 1403636746.4635556
Dropping frame 1403636746.6635556
Dropping frame 1403636746.8635557
Dropping frame 1403636747.0635555
Dropping frame 1403636747.2635555
Dropping frame 1403636747.3635557
Dropping frame 1403636747.4635556
Dropping frame 1403636747.6635556
Dropping frame 1403636747.8635557
Dropping frame 1403636748.0635555
Dropping frame 1403636748.2635555
Dropping frame 1403636748.4635556
Dropping frame 1403636748.6635556
Dropping frame 1403636748.8635557
Dropping frame 1403636749.0635555
Dropping frame 1403636749.1635556
Dropping frame 1403636749.2635555
Dropping frame 1403636749.4635556
Dropping frame 1403636749.6635556
Dropping frame 1403636749.8635557
Dropping frame 1403636749.9635556
Dropping frame 1403636750.2135556
Dropping frame 1403636750.3135555
Dropping frame 1403636750.4135554
Dropping frame 1403636750.6135554
Dropping frame 1403636750.8135555
Dropping frame 1403636751.0135555
Dropping frame 1403636751.2135556
Dropping frame 1403636751.3135555
Dropping frame 1403636751.5135555
Dropping frame 1403636751.6135554
Dropping frame 1403636751.7135556
Dropping frame 1403636751.9135554
Dropping frame 1403636752.1135554
Dropping frame 1403636752.3135555
Dropping frame 1403636752.5135555
Dropping frame 1403636752.7135556
Dropping frame 1403636752.9135554
Dropping frame 1403636753.0135555
Dropping frame 1403636753.1135554
Dropping frame 1403636753.2135556
Dropping frame 1403636753.4135554
Dropping frame 1403636753.6135554
Dropping frame 1403636753.7135556
Dropping frame 1403636753.8635557
Dropping frame 1403636754.0635555
Dropping frame 1403636754.1635556
Dropping frame 1403636754.3135555
Dropping frame 1403636754.5135555
Dropping frame 1403636754.6135554
Dropping frame 1403636754.8135555
Dropping frame 1403636755.0135555
Dropping frame 1403636755.1135554
Dropping frame 1403636755.3135555
Dropping frame 1403636755.4635556
Dropping frame 1403636755.6635556
Dropping frame 1403636755.8635557
Dropping frame 1403636756.0635555
Dropping frame 1403636756.2635555
Dropping frame 1403636756.3635557
Dropping frame 1403636756.4635556
Dropping frame 1403636756.6135554
Dropping frame 1403636756.8135555
Dropping frame 1403636757.0135555
Dropping frame 1403636757.2135556
Dropping frame 1403636757.3135555
Dropping frame 1403636757.4135554
Dropping frame 1403636757.5635555
Dropping frame 1403636757.7635555
Dropping frame 1403636757.9635556
Dropping frame 1403636758.0635555
Dropping frame 1403636758.7135556
Dropping frame 1403636758.8135555
Dropping frame 1403636758.9135554
Dropping frame 1403636759.0635555
Dropping frame 1403636759.2635555
Dropping frame 1403636759.4635556
Dropping frame 1403636759.5635555
Dropping frame 1403636759.6635556
Dropping frame 1403636759.7635555
Dropping frame 1403636759.8635557
Dropping frame 1403636760.0635555
Dropping frame 1403636760.2635555
Dropping frame 1403636760.4635556
Dropping frame 1403636760.6635556
Dropping frame 1403636760.8635557
Dropping frame 1403636760.9635556
Dropping frame 1403636761.0635555
Dropping frame 1403636761.3135555
Dropping frame 1403636761.5135555
Dropping frame 1403636761.6135554
Dropping frame 1403636761.7135556
Dropping frame 1403636761.9635556
Dropping frame 1403636762.1635556
Dropping frame 1403636762.2635555
Dropping frame 1403636762.3635557
Dropping frame 1403636762.4635556
Dropping frame 1403636762.6635556
Dropping frame 1403636762.8635557
Dropping frame 1403636762.9635556
Dropping frame 1403636763.0635555
Dropping frame 1403636763.1635556
Dropping frame 1403636763.3635557
Dropping frame 1403636763.4635556
Dropping frame 1403636763.6635556
Dropping frame 1403636763.7635555
Shutdown
SLAM Finished at System Time: 1734437341.51954

 TIME STATS in ms (mean$\pm$std)
OpenCV version: 4.8.1
---------------------------
Tracking

ORB Extraction: 21.188$\pm$1.8912
Stereo Matching: 7.4485$\pm$1.9715
IMU Preintegration: 0.25248$\pm$0.098387
Pose Prediction: 0.21212$\pm$0.60263
LM Track: 20.743$\pm$6.2203
New KF decision: 1.1389$\pm$2.1445
Total Tracking: 32.8$\pm$28.484



Local Mapping

KF Insertion: 19.341$\pm$7.5428
MP Culling: 0.54221$\pm$0.21015
MP Creation: 53.235$\pm$16.766
LBA: 162.21$\pm$56.26
KF Culling: 18.165$\pm$11.627
Total Local Mapping: 253.37$\pm$82.444
---------------------------

LBA complexity (mean$\pm$std)
LBA Edges: 1936.5$\pm$798.02
LBA KF optimized: 6.5$\pm$2.2913
LBA KF fixed: 1$\pm$0
LBA MP: nan$\pm$nan

LBA executions: 518
LBA aborts: 0
---------------------------

Map complexity
KFs in map: 131
MPs in map: 9549
---------------------------

Place Recognition (mean$\pm$std)
Database Query: 1.5337$\pm$0.85697
SE3 estimation: 12.918$\pm$17.38
Total Place Recognition: 13.265$\pm$17.597


Loop Closing (mean$\pm$std)
Loop Fusion: nan$\pm$nan
Essential Graph: nan$\pm$nan
Total Loop Closing: nan$\pm$nan

Num exec: 0
Number of KFs: nan$\pm$nan

Map Merging (mean$\pm$std)
Merge Maps: nan$\pm$nan
Welding BA: nan$\pm$nan
Optimization Ess.: nan$\pm$nan
Total Map Merging: nan$\pm$nan

Num exec: 0
Number of KFs: nan$\pm$nan
Number of MPs: nan$\pm$nan

Full GBA (mean$\pm$std)
GBA: nan$\pm$nan
Map Update: nan$\pm$nan
Total Full GBA: nan$\pm$nan

Num exec: 0
Num abort: 0
Number of KFs: nan$\pm$nan
Number of MPs: nan$\pm$nan

Saving trajectory to f_dataset-MH01_stereo_imu.txt ...
There are 1 maps in the atlas
  Map 0 has 131 KFs

End of saving trajectory to f_dataset-MH01_stereo_imu.txt ...

Saving keyframe trajectory to kf_dataset-MH01_stereo_imu.txt ...
