num_seq = 1
file name: dataset-MH04_stereo_imu
Loading images for sequence 0...LOADED!
Loading IMU for sequence 0...LOADED!

-------

ORB-SLAM3 Copyright (C) 2017-2020 Carlos Campos, Richard Elvira, Juan J. Gómez, José M.M. Montiel and Juan D. Tardós, University of Zaragoza.
ORB-SLAM2 Copyright (C) 2014-2016 Raúl Mur-Artal, José M.M. Montiel and Juan D. Tardós, University of Zaragoza.
This program comes with ABSOLUTELY NO WARRANTY;
This is free software, and you are welcome to redistribute it
under certain conditions. See LICENSE.txt.

Built with REGISTER_TIMES
Git Commit Hash: 90f15d8

Input sensor was set to: Stereo-Inertial
Loading settings from ./Examples/Stereo-Inertial/EuRoC_fov_deadlines_mask_6x6.yaml
	-Loaded camera 1
	-Loaded camera 2
	-Loaded image info
	-Loaded IMU calibration
	-Loaded ORB settings
	-Loaded viewer settings
	-Loaded Atlas settings
Deadlines enabled, will skip frames!
FOV enabled
Static mask size: 6x6
Dumping map points enabled
	-Loaded misc parameters
	-Computed rectification maps
----------------------------------
SLAM settings: 
	-Camera 1 parameters (Pinhole): [ 458.65399169921875 457.29598999023438 367.21499633789062 248.375 ]
	-Camera 1 distortion parameters: [  -0.28340810537338257 0.073959067463874817 0.00019359000725671649 1.7618711353861727e-05 ]
	-Camera 2 parameters (Pinhole: [ 457.58700561523438 456.13400268554688 379.99899291992188 255.23800659179688 ]
	-Camera 1 distortion parameters: [  -0.2836836576461792 0.074512839317321777 -0.00010473000293131918 -3.555907096597366e-05 ]
	-Original image size: [ 752 , 480 ]
	-Current image size: [ 752 , 480 ]
	-Camera 1 parameters after rectification: [  456.71499633789062 456.71499633789062 364.52615356445312 257.268798828125 ]
	-Sequence FPS: 20
	-Stereo baseline: 0.11007784307003021
	-Stereo depth threshold : 60
	-Gyro noise: 0.00016999999934341758
	-Accelerometer noise: 0.0020000000949949026
	-Gyro walk: 1.9392999092815444e-05
	-Accelerometer walk: 0.0030000000260770321
	-IMU frequency: 200
	-Features per image: 1200
	-ORB scale factor: 1.2000000476837158
	-ORB number of scales: 8
	-Initial FAST threshold: 20
	-Min FAST threshold: 7


Loading ORB Vocabulary. This could take a while...
Vocabulary loaded!

Initialization of Atlas from scratch 
Creation of new map with id: 0
Creation of new map with last KF id: 0
Seq. Name: 
There are 1 cameras in the atlas
Camera 0 is pinhole
SLAM Started at System Time: 1732009416.06608
not IMU meas
not IMU meas
not enough acceleration
not enough acceleration
not enough acceleration
not enough acceleration
not enough acceleration
not enough acceleration
not enough acceleration
not enough acceleration
not enough acceleration
not enough acceleration
not enough acceleration
not enough acceleration
not enough acceleration
not enough acceleration
not enough acceleration
not enough acceleration
not enough acceleration
not enough acceleration
not enough acceleration
not enough acceleration
not enough acceleration
not enough acceleration
not enough acceleration
not enough acceleration
not enough acceleration
not enough acceleration
not enough acceleration
not enough acceleration
not enough acceleration
not enough acceleration
First KF:0; Map init KF:0
New Map created with 109 points
Active map: 0
Dropping frame 1403638133.5450969
Dropping frame 1403638134.2950971
start VIBA 1
Dropping frame 1403638134.395097
end VIBA 1
Dropping frame 1403638134.945097
Dropping frame 1403638135.445097
Dropping frame 1403638135.5450969
Dropping frame 1403638135.645097
Dropping frame 1403638135.7450969
Dropping frame 1403638136.0450969
Dropping frame 1403638136.2450969
Dropping frame 1403638136.445097
Dropping frame 1403638136.645097
Dropping frame 1403638136.8450971
Dropping frame 1403638137.0450969
Dropping frame 1403638137.2950971
Dropping frame 1403638137.5950971
Dropping frame 1403638137.695097
Dropping frame 1403638137.945097
Dropping frame 1403638138.2450969
Dropping frame 1403638138.3450971
Dropping frame 1403638138.5950971
Dropping frame 1403638138.695097
Dropping frame 1403638138.945097
Dropping frame 1403638139.0450969
Not enough motion for initializing. Reseting...
TRACK: Reset map because local mapper set the bad imu flag 
LM: Active map reset recieved
LM: Active map reset, waiting...
LM: Reseting current map in Local Mapping...
LM: End reseting Local Mapping...
LM: Reset free the mutex
LM: Active map reset, Done!!!
mnFirstFrameId = 32
mnInitialFrameId = 0
183 Frames set to lost
not IMU meas
Dropping frame 1403638139.3450971
not enough acceleration
Dropping frame 1403638139.445097
not enough acceleration
not enough acceleration
not enough acceleration
not enough acceleration
not enough acceleration
not enough acceleration
Dropping frame 1403638139.7950971
not enough acceleration
not enough acceleration
not enough acceleration
not enough acceleration
not enough acceleration
not enough acceleration
not enough acceleration
not enough acceleration
not enough acceleration
not enough acceleration
not enough acceleration
not enough acceleration
not enough acceleration
not enough acceleration
not enough acceleration
not enough acceleration
not enough acceleration
not enough acceleration
not enough acceleration
not enough acceleration
not enough acceleration
not enough acceleration
not enough acceleration
not enough acceleration
not enough acceleration
not enough acceleration
not enough acceleration
not enough acceleration
not enough acceleration
not enough acceleration
not enough acceleration
not enough acceleration
not enough acceleration
not enough acceleration
not enough acceleration
not enough acceleration
not enough acceleration
not enough acceleration
not enough acceleration
not enough acceleration
not enough acceleration
Dropping frame 1403638141.895097
Dropping frame 1403638141.945097
not enough acceleration
not enough acceleration
not enough acceleration
not enough acceleration
not enough acceleration
not enough acceleration
not enough acceleration
not enough acceleration
not enough acceleration
First KF:40; Map init KF:0
New Map created with 140 points
Active map: 0
Not enough motion for initializing. Reseting...
LM: Reseting current map in Local Mapping...
LM: End reseting Local Mapping...
LM: Reset free the mutex
Not enough motion for initializing. Reseting...
TRACK: Reset map because local mapper set the bad imu flag 
LM: Reseting current map in Local Mapping...
LM: End reseting Local Mapping...
LM: Reset free the mutex
LM: Active map reset recieved
LM: Active map reset, waiting...
LM: Reseting current map in Local Mapping...
LM: End reseting Local Mapping...
LM: Reset free the mutex
LM: Active map reset, Done!!!
mnFirstFrameId = 274
mnInitialFrameId = 215
249 Frames set to lost
not IMU meas
not enough acceleration
not enough acceleration
not enough acceleration
not enough acceleration
not enough acceleration
not enough acceleration
not enough acceleration
not enough acceleration
not enough acceleration
not enough acceleration
not enough acceleration
not enough acceleration
not enough acceleration
not enough acceleration
not enough acceleration
not enough acceleration
not enough acceleration
not enough acceleration
not enough acceleration
not enough acceleration
not enough acceleration
not enough acceleration
not enough acceleration
not enough acceleration
not enough acceleration
not enough acceleration
not enough acceleration
not enough acceleration
not enough acceleration
not enough acceleration
not enough acceleration
not enough acceleration
not enough acceleration
not enough acceleration
not enough acceleration
not enough acceleration
not enough acceleration
not enough acceleration
not enough acceleration
First KF:52; Map init KF:40
New Map created with 155 points
Active map: 0
Dropping frame 1403638152.5450969
Dropping frame 1403638153.0450969
start VIBA 1
end VIBA 1
Dropping frame 1403638153.195097
Dropping frame 1403638153.5450969
Dropping frame 1403638153.945097
Dropping frame 1403638154.2450969
Dropping frame 1403638154.445097
Dropping frame 1403638155.945097
Dropping frame 1403638156.0450969
Dropping frame 1403638156.145097
Dropping frame 1403638156.8450971
Dropping frame 1403638156.945097
Dropping frame 1403638157.3450971
Dropping frame 1403638157.5950971
Dropping frame 1403638157.895097
Dropping frame 1403638157.9950972
Dropping frame 1403638158.3450971
Dropping frame 1403638158.445097
Dropping frame 1403638158.695097
Dropping frame 1403638158.7950971
Dropping frame 1403638158.9950972
Dropping frame 1403638160.5450969
Dropping frame 1403638160.7950971
Dropping frame 1403638160.945097
Dropping frame 1403638161.5950971
Dropping frame 1403638161.7950971
Dropping frame 1403638161.895097
Dropping frame 1403638162.0450969
Dropping frame 1403638162.145097
Dropping frame 1403638162.2950971
Dropping frame 1403638162.4950972
Dropping frame 1403638162.8450971
start VIBA 2
Dropping frame 1403638163.2450969
Dropping frame 1403638163.445097
Dropping frame 1403638163.5450969
end VIBA 2
Dropping frame 1403638163.7450969
Dropping frame 1403638163.9950972
Dropping frame 1403638164.195097
Dropping frame 1403638164.2950971
Dropping frame 1403638164.395097
Dropping frame 1403638164.645097
Dropping frame 1403638164.8450971
Dropping frame 1403638164.945097
Dropping frame 1403638165.195097
Dropping frame 1403638165.2950971
Dropping frame 1403638166.2450969
Dropping frame 1403638166.945097
Dropping frame 1403638167.0450969
Dropping frame 1403638167.3450971
Dropping frame 1403638167.445097
Dropping frame 1403638167.645097
Dropping frame 1403638167.7450969
Dropping frame 1403638167.8450971
Dropping frame 1403638168.2950971
Dropping frame 1403638168.5450969
Dropping frame 1403638168.645097
Dropping frame 1403638168.7450969
Dropping frame 1403638168.945097
Dropping frame 1403638169.145097
Dropping frame 1403638169.2450969
Dropping frame 1403638169.445097
Dropping frame 1403638169.645097
Dropping frame 1403638169.7450969
Dropping frame 1403638169.945097
Dropping frame 1403638170.0450969
Dropping frame 1403638170.145097
Dropping frame 1403638170.3450971
Dropping frame 1403638170.445097
Dropping frame 1403638170.5450969
Dropping frame 1403638170.695097
Dropping frame 1403638170.7950971
Dropping frame 1403638170.9950972
Dropping frame 1403638171.0950971
Dropping frame 1403638171.195097
Dropping frame 1403638171.5950971
Dropping frame 1403638171.895097
Dropping frame 1403638172.0950971
Dropping frame 1403638172.2450969
Dropping frame 1403638172.445097
Dropping frame 1403638172.7950971
Dropping frame 1403638172.895097
Dropping frame 1403638173.2950971
Dropping frame 1403638173.4950972
Dropping frame 1403638173.5950971
Dropping frame 1403638173.7450969
Dropping frame 1403638173.945097
Dropping frame 1403638174.0950971
Dropping frame 1403638174.2950971
Dropping frame 1403638174.4950972
Dropping frame 1403638174.8450971
Dropping frame 1403638175.0450969
Dropping frame 1403638175.2450969
Dropping frame 1403638175.7450969
Dropping frame 1403638175.9950972
Dropping frame 1403638176.2450969
Dropping frame 1403638176.3450971
Dropping frame 1403638177.0950971
Dropping frame 1403638177.2950971
Dropping frame 1403638177.445097
Dropping frame 1403638177.5450969
Dropping frame 1403638177.645097
Dropping frame 1403638177.8450971
Dropping frame 1403638178.0450969
Dropping frame 1403638178.145097
Dropping frame 1403638178.395097
Dropping frame 1403638178.5950971
Dropping frame 1403638178.7950971
Dropping frame 1403638179.3450971
Dropping frame 1403638179.695097
Dropping frame 1403638179.895097
Dropping frame 1403638180.0950971
Dropping frame 1403638180.195097
Dropping frame 1403638180.445097
Dropping frame 1403638181.395097
Dropping frame 1403638181.645097
Dropping frame 1403638182.0450969
Dropping frame 1403638182.2450969
Dropping frame 1403638182.5450969
Dropping frame 1403638182.7450969
Dropping frame 1403638182.945097
Dropping frame 1403638183.0450969
Dropping frame 1403638183.2450969
Dropping frame 1403638183.445097
Dropping frame 1403638183.5450969
Dropping frame 1403638183.7950971
Dropping frame 1403638184.145097
Dropping frame 1403638184.645097
Dropping frame 1403638184.7450969
Dropping frame 1403638184.8450971
Dropping frame 1403638185.145097
Dropping frame 1403638185.2950971
Dropping frame 1403638185.695097
Dropping frame 1403638186.0450969
Dropping frame 1403638186.445097
Dropping frame 1403638186.7950971
Dropping frame 1403638187.145097
Dropping frame 1403638187.445097
Dropping frame 1403638188.7950971
Dropping frame 1403638189.2950971
Dropping frame 1403638189.395097
Dropping frame 1403638189.695097
Dropping frame 1403638189.9950972
Dropping frame 1403638190.2450969
Dropping frame 1403638190.5450969
Dropping frame 1403638190.895097
Dropping frame 1403638191.2450969
Dropping frame 1403638191.5950971
Dropping frame 1403638191.945097
Dropping frame 1403638192.3450971
Dropping frame 1403638192.445097
Dropping frame 1403638192.7450969
Dropping frame 1403638192.945097
Dropping frame 1403638193.145097
Dropping frame 1403638193.5950971
Dropping frame 1403638193.695097
Dropping frame 1403638193.7950971
Dropping frame 1403638193.9950972
Dropping frame 1403638194.195097
Dropping frame 1403638194.3450971
Dropping frame 1403638194.645097
Dropping frame 1403638194.945097
Dropping frame 1403638195.895097
Dropping frame 1403638196.895097
Dropping frame 1403638196.9950972
Dropping frame 1403638198.895097
Dropping frame 1403638199.3450971
Dropping frame 1403638199.7450969
Dropping frame 1403638200.0950971
Dropping frame 1403638200.4950972
Dropping frame 1403638201.195097
Dropping frame 1403638216.695097
Dropping frame 1403638216.7950971
Dropping frame 1403638219.695097
Dropping frame 1403638219.945097
Dropping frame 1403638220.0450969
Dropping frame 1403638220.2450969
Dropping frame 1403638220.7450969
Dropping frame 1403638221.5950971
Dropping frame 1403638223.0450969
Dropping frame 1403638224.8450971
Dropping frame 1403638225.0950971
Dropping frame 1403638225.395097
Dropping frame 1403638226.2450969
Dropping frame 1403638226.4950972
Dropping frame 1403638228.7950971
Shutdown
SLAM Finished at System Time: 1732009534.91186

 TIME STATS in ms (mean$\pm$std)
OpenCV version: 4.8.1
---------------------------
Tracking

ORB Extraction: 15.018$\pm$2.092
Stereo Matching: 7.4816$\pm$2.0389
IMU Preintegration: 0.19937$\pm$0.082673
Pose Prediction: 0.49859$\pm$1.3805
LM Track: 15.943$\pm$4.8381
New KF decision: 1.0147$\pm$1.8622
Total Tracking: 35.308$\pm$18.727



Local Mapping

KF Insertion: 11.484$\pm$4.2243
MP Culling: 0.41996$\pm$0.22438
MP Creation: 37.589$\pm$13.96
LBA: 127.28$\pm$48.666
KF Culling: 9.5754$\pm$8.2651
Total Local Mapping: 186.73$\pm$71.768
---------------------------

LBA complexity (mean$\pm$std)
LBA Edges: 1674.4$\pm$1256.5
LBA KF optimized: 6.5$\pm$2.2913
LBA KF fixed: 1$\pm$0
LBA MP: nan$\pm$nan

LBA executions: 409
LBA aborts: 0
---------------------------

Map complexity
KFs in map: 186
MPs in map: 15110
---------------------------

Place Recognition (mean$\pm$std)
Database Query: 1.7777$\pm$0.97514
SE3 estimation: 23.644$\pm$14.938
Total Place Recognition: 18.465$\pm$17.443


Loop Closing (mean$\pm$std)
Loop Fusion: nan$\pm$nan
Essential Graph: nan$\pm$nan
Total Loop Closing: nan$\pm$nan

Num exec: 0
Number of KFs: nan$\pm$nan

Map Merging (mean$\pm$std)
Merge Maps: nan$\pm$nan
Welding BA: nan$\pm$nan
Optimization Ess.: nan$\pm$nan
Total Map Merging: nan$\pm$nan

Num exec: 0
Number of KFs: nan$\pm$nan
Number of MPs: nan$\pm$nan

Full GBA (mean$\pm$std)
GBA: nan$\pm$nan
Map Update: nan$\pm$nan
Total Full GBA: nan$\pm$nan

Num exec: 0
Num abort: 0
Number of KFs: nan$\pm$nan
Number of MPs: nan$\pm$nan

Saving trajectory to f_dataset-MH04_stereo_imu.txt ...
There are 1 maps in the atlas
  Map 0 has 186 KFs

End of saving trajectory to f_dataset-MH04_stereo_imu.txt ...

Saving keyframe trajectory to kf_dataset-MH04_stereo_imu.txt ...
