num_seq = 1
file name: dataset-MH04_stereo_imu
Loading images for sequence 0...LOADED!
Loading IMU for sequence 0...LOADED!

-------

ORB-SLAM3 Copyright (C) 2017-2020 Carlos Campos, Richard Elvira, Juan J. Gómez, José M.M. Montiel and Juan D. Tardós, University of Zaragoza.
ORB-SLAM2 Copyright (C) 2014-2016 Raúl Mur-Artal, José M.M. Montiel and Juan D. Tardós, University of Zaragoza.
This program comes with ABSOLUTELY NO WARRANTY;
This is free software, and you are welcome to redistribute it
under certain conditions. See LICENSE.txt.

Built with REGISTER_TIMES
Git Commit Hash: 5ee9387

Compiled with C++ version: 201703

Input sensor was set to: Stereo-Inertial
Loading settings from ./Examples/Stereo-Inertial/EuRoC_fov_deadlines_mask_8x8.yaml
	-Loaded camera 1
	-Loaded camera 2
	-Loaded image info
	-Loaded IMU calibration
	-Loaded ORB settings
	-Loaded viewer settings
	-Loaded Atlas settings
Deadlines enabled, will skip frames!
FOV enabled
Static mask size: 8x8
Dumping map points enabled
	-Loaded misc parameters
	-Computed rectification maps
----------------------------------
SLAM settings: 
	-Camera 1 parameters (Pinhole): [ 458.65399169921875 457.29598999023438 367.21499633789062 248.375 ]
	-Camera 1 distortion parameters: [  -0.28340810537338257 0.073959067463874817 0.00019359000725671649 1.7618711353861727e-05 ]
	-Camera 2 parameters (Pinhole: [ 457.58700561523438 456.13400268554688 379.99899291992188 255.23800659179688 ]
	-Camera 1 distortion parameters: [  -0.2836836576461792 0.074512839317321777 -0.00010473000293131918 -3.555907096597366e-05 ]
	-Original image size: [ 752 , 480 ]
	-Current image size: [ 752 , 480 ]
	-Camera 1 parameters after rectification: [  456.71499633789062 456.71499633789062 364.52615356445312 257.268798828125 ]
	-Sequence FPS: 20
	-Stereo baseline: 0.11007784307003021
	-Stereo depth threshold : 60
	-Gyro noise: 0.00016999999934341758
	-Accelerometer noise: 0.0020000000949949026
	-Gyro walk: 1.9392999092815444e-05
	-Accelerometer walk: 0.0030000000260770321
	-IMU frequency: 200
	-Features per image: 1200
	-ORB scale factor: 1.2000000476837158
	-ORB number of scales: 8
	-Initial FAST threshold: 20
	-Min FAST threshold: 7


Loading ORB Vocabulary. This could take a while...
Vocabulary loaded!

Initialization of Atlas from scratch 
Creation of new map with id: 0
Creation of new map with last KF id: 0
Seq. Name: 
There are 1 cameras in the atlas
Camera 0 is pinhole
SLAM Started at System Time: 1734434237.11222
not IMU meas
not IMU meas
not enough acceleration
not enough acceleration
not enough acceleration
not enough acceleration
not enough acceleration
not enough acceleration
not enough acceleration
not enough acceleration
not enough acceleration
not enough acceleration
not enough acceleration
not enough acceleration
not enough acceleration
not enough acceleration
not enough acceleration
not enough acceleration
not enough acceleration
not enough acceleration
not enough acceleration
not enough acceleration
not enough acceleration
not enough acceleration
not enough acceleration
not enough acceleration
not enough acceleration
not enough acceleration
not enough acceleration
not enough acceleration
not enough acceleration
not enough acceleration
First KF:0; Map init KF:0
New Map created with 135 points
Active map: 0
Dropping frame 1403638130.195097
Dropping frame 1403638130.395097
Dropping frame 1403638130.695097
Dropping frame 1403638130.7950971
Dropping frame 1403638131.145097
Dropping frame 1403638131.3450971
Dropping frame 1403638131.445097
Dropping frame 1403638131.8450971
Dropping frame 1403638131.9950972
Dropping frame 1403638132.3450971
Dropping frame 1403638132.445097
Dropping frame 1403638132.5450969
Dropping frame 1403638133.145097
Dropping frame 1403638133.5950971
Dropping frame 1403638133.7950971
Dropping frame 1403638133.9950972
Dropping frame 1403638134.395097
start VIBA 1
Dropping frame 1403638134.5950971
end VIBA 1
Dropping frame 1403638134.7950971
Dropping frame 1403638134.895097
Dropping frame 1403638135.0450969
Dropping frame 1403638135.445097
Dropping frame 1403638135.5950971
Dropping frame 1403638135.7950971
Dropping frame 1403638135.895097
Dropping frame 1403638135.9950972
Dropping frame 1403638136.195097
Dropping frame 1403638136.395097
Dropping frame 1403638136.5950971
Dropping frame 1403638136.8450971
Dropping frame 1403638136.945097
Dropping frame 1403638137.145097
Dropping frame 1403638137.2450969
Dropping frame 1403638137.3450971
Dropping frame 1403638137.5450969
Dropping frame 1403638137.7450969
Dropping frame 1403638137.8450971
Dropping frame 1403638138.0450969
Dropping frame 1403638138.145097
Dropping frame 1403638138.2450969
Dropping frame 1403638138.3450971
Dropping frame 1403638138.445097
Dropping frame 1403638138.5950971
Dropping frame 1403638138.7950971
Dropping frame 1403638138.895097
Not enough motion for initializing. Reseting...
TRACK: Reset map because local mapper set the bad imu flag 
LM: Active map reset recieved
LM: Active map reset, waiting...
LM: Reseting current map in Local Mapping...
LM: End reseting Local Mapping...
LM: Reset free the mutex
LM: Active map reset, Done!!!
mnFirstFrameId = 32
mnInitialFrameId = 0
158 Frames set to lost
not IMU meas
Dropping frame 1403638139.145097
not enough acceleration
Dropping frame 1403638139.2450969
not enough acceleration
not enough acceleration
not enough acceleration
Dropping frame 1403638139.445097
not enough acceleration
not enough acceleration
not enough acceleration
Dropping frame 1403638139.645097
not enough acceleration
not enough acceleration
not enough acceleration
Dropping frame 1403638139.8450971
not enough acceleration
Dropping frame 1403638139.945097
not enough acceleration
not enough acceleration
not enough acceleration
not enough acceleration
Dropping frame 1403638140.195097
not enough acceleration
not enough acceleration
not enough acceleration
not enough acceleration
not enough acceleration
not enough acceleration
Dropping frame 1403638140.5450969
not enough acceleration
not enough acceleration
not enough acceleration
not enough acceleration
not enough acceleration
Dropping frame 1403638140.8450971
not enough acceleration
not enough acceleration
not enough acceleration
not enough acceleration
not enough acceleration
Dropping frame 1403638141.145097
not enough acceleration
not enough acceleration
not enough acceleration
Dropping frame 1403638141.3450971
not enough acceleration
Dropping frame 1403638141.445097
not enough acceleration
Dropping frame 1403638141.5450969
not enough acceleration
not enough acceleration
not enough acceleration
Dropping frame 1403638141.7450969
not enough acceleration
not enough acceleration
not enough acceleration
Dropping frame 1403638141.945097
not enough acceleration
not enough acceleration
not enough acceleration
Dropping frame 1403638142.145097
not enough acceleration
not enough acceleration
not enough acceleration
not enough acceleration
not enough acceleration
Dropping frame 1403638142.445097
First KF:38; Map init KF:0
New Map created with 166 points
Active map: 0
Dropping frame 1403638143.2950971
Dropping frame 1403638143.645097
Dropping frame 1403638144.5950971
Dropping frame 1403638144.645097
Not enough motion for initializing. Reseting...
TRACK: Reset map because local mapper set the bad imu flag 
LM: Reseting current map in Local Mapping...
LM: End reseting Local Mapping...
LM: Reset free the mutex
LM: Active map reset recieved
LM: Active map reset, waiting...
LM: Reseting current map in Local Mapping...
LM: End reseting Local Mapping...
LM: Reset free the mutex
LM: Active map reset, Done!!!
mnFirstFrameId = 242
mnInitialFrameId = 190
214 Frames set to lost
not IMU meas
not enough acceleration
not enough acceleration
not enough acceleration
not enough acceleration
not enough acceleration
not enough acceleration
not enough acceleration
not enough acceleration
not enough acceleration
not enough acceleration
not enough acceleration
not enough acceleration
not enough acceleration
not enough acceleration
not enough acceleration
not enough acceleration
not enough acceleration
not enough acceleration
not enough acceleration
not enough acceleration
not enough acceleration
not enough acceleration
not enough acceleration
not enough acceleration
not enough acceleration
not enough acceleration
not enough acceleration
not enough acceleration
not enough acceleration
not enough acceleration
not enough acceleration
not enough acceleration
not enough acceleration
not enough acceleration
not enough acceleration
not enough acceleration
not enough acceleration
not enough acceleration
not enough acceleration
not enough acceleration
not enough acceleration
not enough acceleration
not enough acceleration
not enough acceleration
First KF:49; Map init KF:38
New Map created with 168 points
Active map: 0
start VIBA 1
end VIBA 1
Dropping frame 1403638155.7450969
Dropping frame 1403638156.0450969
Dropping frame 1403638156.145097
Dropping frame 1403638156.395097
Dropping frame 1403638156.4950972
Dropping frame 1403638156.645097
Dropping frame 1403638156.8450971
Dropping frame 1403638157.0950971
Dropping frame 1403638157.195097
Dropping frame 1403638157.4950972
Dropping frame 1403638157.7450969
Dropping frame 1403638157.8450971
Dropping frame 1403638157.9950972
Dropping frame 1403638158.0950971
Dropping frame 1403638158.195097
Dropping frame 1403638158.7950971
Dropping frame 1403638159.4950972
Dropping frame 1403638159.645097
Dropping frame 1403638160.145097
Dropping frame 1403638160.2950971
Dropping frame 1403638160.445097
Dropping frame 1403638161.5450969
Dropping frame 1403638161.8450971
Dropping frame 1403638162.145097
Dropping frame 1403638162.445097
Dropping frame 1403638162.645097
start VIBA 2
end VIBA 2
Dropping frame 1403638163.7950971
Dropping frame 1403638163.895097
Dropping frame 1403638164.2450969
Dropping frame 1403638164.445097
Dropping frame 1403638164.5450969
Dropping frame 1403638164.9950972
Dropping frame 1403638165.0950971
Dropping frame 1403638165.2950971
Dropping frame 1403638165.395097
Dropping frame 1403638165.4950972
Dropping frame 1403638165.695097
Dropping frame 1403638165.7950971
Dropping frame 1403638165.895097
Dropping frame 1403638165.9950972
Dropping frame 1403638166.195097
Dropping frame 1403638166.395097
Dropping frame 1403638166.4950972
Dropping frame 1403638166.645097
Dropping frame 1403638166.7450969
Dropping frame 1403638166.945097
Dropping frame 1403638167.0950971
Dropping frame 1403638167.195097
Dropping frame 1403638167.395097
Dropping frame 1403638167.5950971
Dropping frame 1403638167.695097
Dropping frame 1403638167.895097
Dropping frame 1403638168.0950971
Dropping frame 1403638168.2950971
Dropping frame 1403638168.445097
Dropping frame 1403638168.645097
Dropping frame 1403638168.7450969
Dropping frame 1403638169.145097
Dropping frame 1403638169.2450969
Dropping frame 1403638169.395097
Dropping frame 1403638169.4950972
Dropping frame 1403638170.8450971
Dropping frame 1403638170.945097
Dropping frame 1403638171.195097
Dropping frame 1403638171.395097
Dropping frame 1403638171.5450969
Dropping frame 1403638171.695097
Dropping frame 1403638171.7950971
Dropping frame 1403638171.895097
Dropping frame 1403638172.645097
Dropping frame 1403638172.8450971
Dropping frame 1403638172.945097
Dropping frame 1403638173.2950971
Dropping frame 1403638173.395097
Dropping frame 1403638175.2950971
Dropping frame 1403638175.7450969
Dropping frame 1403638175.8450971
Dropping frame 1403638176.0950971
Dropping frame 1403638176.5450969
Dropping frame 1403638179.645097
Dropping frame 1403638179.7450969
Dropping frame 1403638180.0450969
Dropping frame 1403638181.645097
Dropping frame 1403638182.0450969
Dropping frame 1403638182.4950972
Dropping frame 1403638182.5950971
Dropping frame 1403638182.8450971
Dropping frame 1403638182.945097
Dropping frame 1403638183.2950971
Dropping frame 1403638183.395097
Dropping frame 1403638183.7450969
Dropping frame 1403638183.8450971
Dropping frame 1403638183.9950972
Dropping frame 1403638184.395097
Dropping frame 1403638184.645097
Dropping frame 1403638184.9950972
Dropping frame 1403638185.2950971
Dropping frame 1403638185.645097
Dropping frame 1403638185.9950972
Dropping frame 1403638186.2950971
Dropping frame 1403638186.395097
Dropping frame 1403638186.645097
Dropping frame 1403638186.8450971
Dropping frame 1403638187.0450969
Dropping frame 1403638187.2450969
Dropping frame 1403638187.445097
Dropping frame 1403638187.645097
Dropping frame 1403638188.195097
Dropping frame 1403638188.4950972
Dropping frame 1403638188.695097
Dropping frame 1403638189.145097
Dropping frame 1403638190.445097
Dropping frame 1403638190.945097
Dropping frame 1403638191.195097
Dropping frame 1403638191.445097
Dropping frame 1403638191.5450969
Dropping frame 1403638191.645097
Dropping frame 1403638191.8450971
Dropping frame 1403638192.2950971
Dropping frame 1403638192.395097
Dropping frame 1403638192.695097
Dropping frame 1403638192.7950971
Dropping frame 1403638192.945097
Dropping frame 1403638193.0450969
Dropping frame 1403638193.395097
Dropping frame 1403638193.4950972
Dropping frame 1403638193.7950971
Dropping frame 1403638194.0950971
Dropping frame 1403638194.445097
Dropping frame 1403638194.5450969
Dropping frame 1403638194.7450969
Dropping frame 1403638194.8450971
Dropping frame 1403638194.945097
Dropping frame 1403638195.195097
Dropping frame 1403638195.2950971
Dropping frame 1403638195.5450969
Dropping frame 1403638195.645097
Dropping frame 1403638195.895097
Dropping frame 1403638197.2450969
Dropping frame 1403638197.8450971
Dropping frame 1403638198.2950971
Dropping frame 1403638199.5450969
Dropping frame 1403638200.395097
Dropping frame 1403638200.7950971
Dropping frame 1403638201.2450969
Dropping frame 1403638201.695097
Dropping frame 1403638201.895097
Dropping frame 1403638205.4950972
Dropping frame 1403638208.0950971
Dropping frame 1403638213.945097
Dropping frame 1403638215.7950971
Dropping frame 1403638216.5950971
Dropping frame 1403638217.0950971
Dropping frame 1403638218.5450969
Dropping frame 1403638218.7450969
Dropping frame 1403638218.8450971
Dropping frame 1403638219.195097
Dropping frame 1403638219.445097
Dropping frame 1403638219.945097
Dropping frame 1403638220.0450969
Dropping frame 1403638221.3450971
Dropping frame 1403638221.445097
Dropping frame 1403638221.695097
Dropping frame 1403638222.0450969
Dropping frame 1403638222.4950972
Dropping frame 1403638222.5950971
Dropping frame 1403638222.9950972
Dropping frame 1403638223.0950971
Dropping frame 1403638223.195097
Dropping frame 1403638223.695097
Dropping frame 1403638224.195097
Dropping frame 1403638224.4950972
Dropping frame 1403638224.5950971
Dropping frame 1403638224.695097
Dropping frame 1403638224.8450971
Dropping frame 1403638225.2950971
Dropping frame 1403638225.645097
Dropping frame 1403638227.445097
Dropping frame 1403638227.945097
Dropping frame 1403638228.0450969
Dropping frame 1403638228.2950971
Dropping frame 1403638228.645097
Dropping frame 1403638228.7450969
Dropping frame 1403638228.8450971
Shutdown
SLAM Finished at System Time: 1734434356.14003

 TIME STATS in ms (mean$\pm$std)
OpenCV version: 4.8.1
---------------------------
Tracking

ORB Extraction: 16.568$\pm$2.2184
Stereo Matching: 7.7751$\pm$1.8808
IMU Preintegration: 0.21145$\pm$0.10068
Pose Prediction: 0.50383$\pm$1.3703
LM Track: 16.395$\pm$5.0349
New KF decision: 0.92987$\pm$1.612
Total Tracking: 35.783$\pm$20.349



Local Mapping

KF Insertion: 12.458$\pm$4.8823
MP Culling: 0.4404$\pm$0.19874
MP Creation: 39.773$\pm$14.98
LBA: 137.19$\pm$46.298
KF Culling: 10.477$\pm$8.2819
Total Local Mapping: 200.36$\pm$68.447
---------------------------

LBA complexity (mean$\pm$std)
LBA Edges: 1665$\pm$1168.5
LBA KF optimized: 6.5$\pm$2.2913
LBA KF fixed: 1$\pm$0
LBA MP: nan$\pm$nan

LBA executions: 389
LBA aborts: 0
---------------------------

Map complexity
KFs in map: 173
MPs in map: 14204
---------------------------

Place Recognition (mean$\pm$std)
Database Query: 2$\pm$0.86944
SE3 estimation: 25.303$\pm$13.442
Total Place Recognition: 19.699$\pm$17.025


Loop Closing (mean$\pm$std)
Loop Fusion: nan$\pm$nan
Essential Graph: nan$\pm$nan
Total Loop Closing: nan$\pm$nan

Num exec: 0
Number of KFs: nan$\pm$nan

Map Merging (mean$\pm$std)
Merge Maps: nan$\pm$nan
Welding BA: nan$\pm$nan
Optimization Ess.: nan$\pm$nan
Total Map Merging: nan$\pm$nan

Num exec: 0
Number of KFs: nan$\pm$nan
Number of MPs: nan$\pm$nan

Full GBA (mean$\pm$std)
GBA: nan$\pm$nan
Map Update: nan$\pm$nan
Total Full GBA: nan$\pm$nan

Num exec: 0
Num abort: 0
Number of KFs: nan$\pm$nan
Number of MPs: nan$\pm$nan

Saving trajectory to f_dataset-MH04_stereo_imu.txt ...
There are 1 maps in the atlas
  Map 0 has 173 KFs

End of saving trajectory to f_dataset-MH04_stereo_imu.txt ...

Saving keyframe trajectory to kf_dataset-MH04_stereo_imu.txt ...
