num_seq = 1
file name: dataset-MH01_stereo_imu
Loading images for sequence 0...LOADED!
Loading IMU for sequence 0...LOADED!

-------

ORB-SLAM3 Copyright (C) 2017-2020 Carlos Campos, Richard Elvira, Juan J. Gómez, José M.M. Montiel and Juan D. Tardós, University of Zaragoza.
ORB-SLAM2 Copyright (C) 2014-2016 Raúl Mur-Artal, José M.M. Montiel and Juan D. Tardós, University of Zaragoza.
This program comes with ABSOLUTELY NO WARRANTY;
This is free software, and you are welcome to redistribute it
under certain conditions. See LICENSE.txt.

Built with REGISTER_TIMES
Git Commit Hash: 90f15d8

Input sensor was set to: Stereo-Inertial
Loading settings from ./Examples/Stereo-Inertial/EuRoC_fov_deadlines_mask_3x3.yaml
	-Loaded camera 1
	-Loaded camera 2
	-Loaded image info
	-Loaded IMU calibration
	-Loaded ORB settings
	-Loaded viewer settings
	-Loaded Atlas settings
Deadlines enabled, will skip frames!
FOV enabled
Static mask size: 3x3
Dumping map points enabled
	-Loaded misc parameters
	-Computed rectification maps
----------------------------------
SLAM settings: 
	-Camera 1 parameters (Pinhole): [ 458.65399169921875 457.29598999023438 367.21499633789062 248.375 ]
	-Camera 1 distortion parameters: [  -0.28340810537338257 0.073959067463874817 0.00019359000725671649 1.7618711353861727e-05 ]
	-Camera 2 parameters (Pinhole: [ 457.58700561523438 456.13400268554688 379.99899291992188 255.23800659179688 ]
	-Camera 1 distortion parameters: [  -0.2836836576461792 0.074512839317321777 -0.00010473000293131918 -3.555907096597366e-05 ]
	-Original image size: [ 752 , 480 ]
	-Current image size: [ 752 , 480 ]
	-Camera 1 parameters after rectification: [  456.71499633789062 456.71499633789062 364.52615356445312 257.268798828125 ]
	-Sequence FPS: 20
	-Stereo baseline: 0.11007784307003021
	-Stereo depth threshold : 60
	-Gyro noise: 0.00016999999934341758
	-Accelerometer noise: 0.0020000000949949026
	-Gyro walk: 1.9392999092815444e-05
	-Accelerometer walk: 0.0030000000260770321
	-IMU frequency: 200
	-Features per image: 1200
	-ORB scale factor: 1.2000000476837158
	-ORB number of scales: 8
	-Initial FAST threshold: 20
	-Min FAST threshold: 7


Loading ORB Vocabulary. This could take a while...
Vocabulary loaded!

Initialization of Atlas from scratch 
Creation of new map with id: 0
Creation of new map with last KF id: 0
Seq. Name: 
There are 1 cameras in the atlas
Camera 0 is pinhole
SLAM Started at System Time: 1732006302.35408
not IMU meas
not IMU meas
not enough acceleration
not enough acceleration
First KF:0; Map init KF:0
New Map created with 487 points
Active map: 0
Fail to track local map!
IMU is not or recently initialized. Reseting active map...
LM: Active map reset recieved
LM: Active map reset, waiting...
LM: Reseting current map in Local Mapping...
LM: End reseting Local Mapping...
LM: Reset free the mutex
LM: Active map reset, Done!!!
mnFirstFrameId = 4
mnInitialFrameId = 0
11 Frames set to lost
not IMU meas
First KF:3; Map init KF:0
New Map created with 91 points
Active map: 0
Fail to track local map!
IMU is not or recently initialized. Reseting active map...
LM: Active map reset recieved
LM: Active map reset, waiting...
LM: Reseting current map in Local Mapping...
LM: End reseting Local Mapping...
LM: Reset free the mutex
LM: Active map reset, Done!!!
mnFirstFrameId = 16
mnInitialFrameId = 14
15 Frames set to lost
not IMU meas
First KF:4; Map init KF:3
New Map created with 199 points
Active map: 0
Fail to track local map!
IMU is not or recently initialized. Reseting active map...
LM: Active map reset recieved
LM: Active map reset, waiting...
LM: Reseting current map in Local Mapping...
LM: End reseting Local Mapping...
LM: Reset free the mutex
LM: Active map reset, Done!!!
mnFirstFrameId = 21
mnInitialFrameId = 19
20 Frames set to lost
not IMU meas
not enough acceleration
not enough acceleration
not enough acceleration
not enough acceleration
First KF:5; Map init KF:4
New Map created with 699 points
Active map: 0
Dropping frame 1403636581.3635557
Dropping frame 1403636581.5635555
Dropping frame 1403636581.6635556
Dropping frame 1403636581.7635555
Dropping frame 1403636581.9635556
Fail to track local map!
IMU is not or recently initialized. Reseting active map...
LM: Active map reset recieved
LM: Active map reset, waiting...
LM: Reseting current map in Local Mapping...
LM: End reseting Local Mapping...
LM: Reset free the mutex
LM: Active map reset, Done!!!
mnFirstFrameId = 31
mnInitialFrameId = 25
31 Frames set to lost
not IMU meas
First KF:8; Map init KF:5
New Map created with 176 points
Active map: 0
Dropping frame 1403636582.3635557
Fail to track local map!
IMU is not or recently initialized. Reseting active map...
LM: Active map reset recieved
LM: Active map reset, waiting...
LM: Reseting current map in Local Mapping...
LM: End reseting Local Mapping...
LM: Reset free the mutex
LM: Active map reset, Done!!!
mnFirstFrameId = 43
mnInitialFrameId = 41
42 Frames set to lost
not IMU meas
not enough acceleration
First KF:11; Map init KF:8
New Map created with 534 points
Active map: 0
Dropping frame 1403636583.4135554
Dropping frame 1403636583.6135554
Dropping frame 1403636583.9135554
Dropping frame 1403636584.3135555
Dropping frame 1403636586.0135555
start VIBA 1
end VIBA 1
start VIBA 2
end VIBA 2
Dropping frame 1403636627.5635555
Dropping frame 1403636628.1135554
Dropping frame 1403636629.5635555
Dropping frame 1403636630.1135554
Dropping frame 1403636630.4135554
Dropping frame 1403636631.1635556
Dropping frame 1403636632.2135556
Dropping frame 1403636632.7135556
Dropping frame 1403636634.1635556
Dropping frame 1403636634.2635555
Dropping frame 1403636635.6635556
Dropping frame 1403636636.1635556
Dropping frame 1403636636.5635555
Dropping frame 1403636638.6135554
Dropping frame 1403636639.2135556
Dropping frame 1403636645.8635557
Dropping frame 1403636646.4635556
Dropping frame 1403636647.2635555
Dropping frame 1403636649.6135554
Dropping frame 1403636650.1635556
Dropping frame 1403636651.0635555
Dropping frame 1403636652.8135555
Dropping frame 1403636653.4635556
Dropping frame 1403636656.9635556
Dropping frame 1403636660.5635555
Dropping frame 1403636664.2635555
Dropping frame 1403636664.6635556
Dropping frame 1403636675.6635556
Dropping frame 1403636676.1635556
Dropping frame 1403636679.7135556
Dropping frame 1403636680.5135555
Dropping frame 1403636680.6135554
Dropping frame 1403636680.9135554
Dropping frame 1403636681.2635555
Dropping frame 1403636682.7635555
Dropping frame 1403636682.8635557
Dropping frame 1403636683.3635557
Dropping frame 1403636683.9135554
Dropping frame 1403636684.3135555
Dropping frame 1403636685.2135556
Dropping frame 1403636685.4135554
Dropping frame 1403636685.8135555
Dropping frame 1403636687.6635556
Dropping frame 1403636688.0135555
Dropping frame 1403636688.1635556
Dropping frame 1403636688.6635556
Dropping frame 1403636688.8135555
Dropping frame 1403636689.3635557
Dropping frame 1403636689.4635556
Dropping frame 1403636689.9135554
Dropping frame 1403636690.0135555
Dropping frame 1403636690.1135554
Dropping frame 1403636690.5135555
Dropping frame 1403636691.0635555
Dropping frame 1403636691.1635556
Dropping frame 1403636691.2635555
Dropping frame 1403636691.7135556
Dropping frame 1403636691.9635556
Dropping frame 1403636692.3635557
Dropping frame 1403636692.7135556
Dropping frame 1403636694.4135554
Dropping frame 1403636695.2135556
Dropping frame 1403636696.2135556
Dropping frame 1403636696.6135554
Dropping frame 1403636697.1135554
Dropping frame 1403636697.2635555
Dropping frame 1403636697.6635556
Dropping frame 1403636697.7635555
Dropping frame 1403636699.9135554
Dropping frame 1403636701.0635555
Dropping frame 1403636702.1635556
Dropping frame 1403636702.2635555
Dropping frame 1403636702.8635557
Dropping frame 1403636703.1635556
Dropping frame 1403636703.2635555
Dropping frame 1403636704.1635556
Dropping frame 1403636704.8135555
Dropping frame 1403636704.9135554
Dropping frame 1403636705.0135555
Dropping frame 1403636705.5135555
Dropping frame 1403636705.6135554
Dropping frame 1403636705.9635556
Dropping frame 1403636706.1135554
Dropping frame 1403636706.2135556
Dropping frame 1403636706.7635555
Dropping frame 1403636707.8135555
Dropping frame 1403636708.8635557
Dropping frame 1403636710.1135554
Dropping frame 1403636710.2135556
Dropping frame 1403636710.3135555
Dropping frame 1403636710.8635557
Dropping frame 1403636712.7635555
Dropping frame 1403636713.2635555
Dropping frame 1403636713.3635557
Dropping frame 1403636713.8635557
Dropping frame 1403636714.7635555
Dropping frame 1403636715.7135556
Dropping frame 1403636716.1135554
Dropping frame 1403636716.3635557
Dropping frame 1403636716.5635555
Dropping frame 1403636716.6635556
Dropping frame 1403636716.9635556
Dropping frame 1403636717.3135555
Dropping frame 1403636718.4635556
Dropping frame 1403636718.5635555
Dropping frame 1403636719.3135555
Dropping frame 1403636719.4135554
Dropping frame 1403636719.7635555
Dropping frame 1403636719.8635557
Dropping frame 1403636721.1635556
Dropping frame 1403636721.3635557
Dropping frame 1403636721.5635555
Dropping frame 1403636721.6635556
Dropping frame 1403636721.7635555
Dropping frame 1403636722.0635555
Dropping frame 1403636722.3635557
Dropping frame 1403636722.6635556
Dropping frame 1403636723.1135554
Dropping frame 1403636723.2135556
Dropping frame 1403636723.5635555
Dropping frame 1403636725.2635555
Dropping frame 1403636725.3635557
Dropping frame 1403636726.0135555
Dropping frame 1403636726.9135554
Dropping frame 1403636727.0135555
Dropping frame 1403636727.3135555
Dropping frame 1403636727.7635555
Dropping frame 1403636728.1135554
Dropping frame 1403636728.2135556
Dropping frame 1403636728.3135555
Dropping frame 1403636728.7135556
Dropping frame 1403636728.8135555
Dropping frame 1403636728.9135554
Dropping frame 1403636729.0135555
Dropping frame 1403636729.2135556
Dropping frame 1403636729.3135555
Dropping frame 1403636729.7135556
Dropping frame 1403636729.8135555
Dropping frame 1403636730.1635556
Dropping frame 1403636730.2635555
Dropping frame 1403636730.6635556
Dropping frame 1403636730.7635555
Dropping frame 1403636730.8635557
Dropping frame 1403636731.1135554
Dropping frame 1403636731.4135554
Dropping frame 1403636731.9635556
Dropping frame 1403636732.1635556
Dropping frame 1403636732.3635557
Dropping frame 1403636732.4635556
Dropping frame 1403636732.5635555
Dropping frame 1403636732.8135555
Dropping frame 1403636733.3635557
Dropping frame 1403636733.5635555
Dropping frame 1403636733.6635556
Dropping frame 1403636733.7635555
Dropping frame 1403636733.8635557
Dropping frame 1403636734.1635556
Dropping frame 1403636734.3635557
Dropping frame 1403636734.4635556
Dropping frame 1403636734.6135554
Dropping frame 1403636734.7135556
Dropping frame 1403636735.2135556
Dropping frame 1403636735.3635557
Dropping frame 1403636735.5635555
Dropping frame 1403636735.8135555
Dropping frame 1403636736.1135554
Dropping frame 1403636736.2135556
Dropping frame 1403636736.3135555
Dropping frame 1403636736.5135555
Dropping frame 1403636736.6135554
Dropping frame 1403636736.8635557
Dropping frame 1403636737.0635555
Dropping frame 1403636737.2635555
Dropping frame 1403636737.3635557
Dropping frame 1403636737.4635556
Dropping frame 1403636737.5635555
Dropping frame 1403636737.6635556
Dropping frame 1403636737.8635557
Dropping frame 1403636737.9635556
Dropping frame 1403636738.0635555
Dropping frame 1403636738.1635556
Dropping frame 1403636738.2635555
Dropping frame 1403636738.4635556
Dropping frame 1403636738.5635555
Dropping frame 1403636738.6635556
Dropping frame 1403636738.9635556
Dropping frame 1403636739.0635555
Dropping frame 1403636739.1635556
*Loop detected
phi =  0.00576336229821301 0.001326503420066738 0.010589279785381631
Dropping frame 1403636739.3635557
Local Mapping STOP
Dropping frame 1403636739.5135555
Local Mapping RELEASE
Dropping frame 1403636739.7135556
Dropping frame 1403636739.9135554
Dropping frame 1403636740.0135555
Dropping frame 1403636740.1135554
Dropping frame 1403636740.2135556
Dropping frame 1403636740.3635557
Dropping frame 1403636740.5635555
Dropping frame 1403636740.6635556
Dropping frame 1403636740.7635555
Dropping frame 1403636740.9635556
Dropping frame 1403636742.2135556
Dropping frame 1403636742.3635557
Dropping frame 1403636742.6135554
Dropping frame 1403636742.8135555
Dropping frame 1403636742.9135554
Dropping frame 1403636743.0135555
Dropping frame 1403636743.1135554
Dropping frame 1403636743.2135556
Dropping frame 1403636743.7635555
Dropping frame 1403636743.8635557
Dropping frame 1403636743.9635556
Dropping frame 1403636744.1135554
Dropping frame 1403636744.2135556
Dropping frame 1403636744.3135555
Dropping frame 1403636744.5635555
Dropping frame 1403636744.7135556
Dropping frame 1403636745.1135554
Dropping frame 1403636745.3135555
Dropping frame 1403636745.4135554
Dropping frame 1403636745.5135555
Dropping frame 1403636745.6135554
Dropping frame 1403636745.7135556
Dropping frame 1403636745.9135554
Dropping frame 1403636746.0135555
Dropping frame 1403636746.1135554
Dropping frame 1403636746.2135556
Dropping frame 1403636746.3135555
Dropping frame 1403636746.4135554
Dropping frame 1403636746.7135556
Dropping frame 1403636746.8135555
Dropping frame 1403636746.9135554
Dropping frame 1403636747.0135555
Dropping frame 1403636747.1135554
Dropping frame 1403636747.3635557
Dropping frame 1403636747.5635555
Dropping frame 1403636747.7635555
Dropping frame 1403636747.8635557
Dropping frame 1403636747.9635556
Dropping frame 1403636748.0635555
Dropping frame 1403636748.1635556
Dropping frame 1403636748.2635555
Dropping frame 1403636748.3635557
Dropping frame 1403636748.5635555
Dropping frame 1403636748.7635555
Dropping frame 1403636748.9635556
Dropping frame 1403636749.1635556
Dropping frame 1403636749.2635555
Dropping frame 1403636749.3635557
Dropping frame 1403636749.5635555
Dropping frame 1403636749.7635555
Dropping frame 1403636749.8635557
Dropping frame 1403636749.9635556
Dropping frame 1403636750.0635555
Dropping frame 1403636750.1635556
Dropping frame 1403636750.2635555
Dropping frame 1403636750.5135555
Dropping frame 1403636750.7135556
Dropping frame 1403636750.8135555
Dropping frame 1403636750.9135554
Dropping frame 1403636751.0135555
Dropping frame 1403636751.1135554
Dropping frame 1403636751.3635557
Dropping frame 1403636751.5635555
Dropping frame 1403636751.6635556
Dropping frame 1403636751.7635555
Dropping frame 1403636751.8635557
Dropping frame 1403636751.9635556
Dropping frame 1403636752.0635555
Dropping frame 1403636752.3135555
Dropping frame 1403636752.5135555
Dropping frame 1403636752.7135556
Dropping frame 1403636752.8135555
Dropping frame 1403636752.9135554
Dropping frame 1403636753.0135555
Dropping frame 1403636753.2135556
Dropping frame 1403636753.3135555
Dropping frame 1403636753.4135554
Dropping frame 1403636753.5135555
Dropping frame 1403636753.6135554
Dropping frame 1403636753.8135555
Dropping frame 1403636753.9135554
Dropping frame 1403636754.0135555
Dropping frame 1403636754.1135554
Dropping frame 1403636754.2135556
Dropping frame 1403636754.6635556
Dropping frame 1403636754.7635555
Dropping frame 1403636754.8635557
Dropping frame 1403636755.0635555
Dropping frame 1403636755.1635556
Dropping frame 1403636755.2635555
Dropping frame 1403636755.4635556
Dropping frame 1403636755.6635556
Dropping frame 1403636755.8635557
Dropping frame 1403636755.9635556
Dropping frame 1403636756.0635555
Dropping frame 1403636756.1635556
Dropping frame 1403636756.3635557
Dropping frame 1403636756.4635556
Dropping frame 1403636756.5635555
Dropping frame 1403636756.6635556
Dropping frame 1403636756.7635555
Dropping frame 1403636756.9635556
Dropping frame 1403636757.0635555
Dropping frame 1403636757.3135555
Dropping frame 1403636757.4135554
Dropping frame 1403636757.5135555
Dropping frame 1403636757.7135556
Dropping frame 1403636757.9135554
Dropping frame 1403636758.1135554
Dropping frame 1403636758.6635556
Dropping frame 1403636758.7635555
Dropping frame 1403636759.5635555
Dropping frame 1403636759.9135554
Dropping frame 1403636760.1635556
Dropping frame 1403636760.2635555
Dropping frame 1403636760.4635556
Dropping frame 1403636760.5635555
Dropping frame 1403636760.6635556
Dropping frame 1403636760.8635557
Dropping frame 1403636760.9635556
Dropping frame 1403636761.0635555
Dropping frame 1403636761.1635556
Dropping frame 1403636761.3635557
Dropping frame 1403636761.4635556
Dropping frame 1403636761.8135555
Dropping frame 1403636762.0135555
Dropping frame 1403636762.2135556
Dropping frame 1403636762.3135555
Dropping frame 1403636762.4135554
Dropping frame 1403636762.6135554
Dropping frame 1403636762.8135555
Dropping frame 1403636762.9135554
Dropping frame 1403636763.0135555
Dropping frame 1403636763.1135554
Dropping frame 1403636763.5635555
Dropping frame 1403636763.6635556
Dropping frame 1403636763.7635555
Shutdown
SLAM Finished at System Time: 1732006518.19907

 TIME STATS in ms (mean$\pm$std)
OpenCV version: 4.8.1
---------------------------
Tracking

ORB Extraction: 13.3$\pm$1.5549
Stereo Matching: 6.6705$\pm$2.3406
IMU Preintegration: 0.25141$\pm$0.12199
Pose Prediction: 0.23341$\pm$0.86647
LM Track: 17.362$\pm$5.7057
New KF decision: 0.90159$\pm$1.7864
Total Tracking: 36.09$\pm$18.321



Local Mapping

KF Insertion: 12.678$\pm$6.0128
MP Culling: 0.39636$\pm$0.20388
MP Creation: 38.865$\pm$18.444
LBA: 137.69$\pm$58.398
KF Culling: 12.644$\pm$10.7
Total Local Mapping: 200.61$\pm$85.641
---------------------------

LBA complexity (mean$\pm$std)
LBA Edges: 1516.8$\pm$637.01
LBA KF optimized: 5.0909$\pm$1.8807
LBA KF fixed: 1.4545$\pm$0.98753
LBA MP: nan$\pm$nan

LBA executions: 647
LBA aborts: 1
---------------------------

Map complexity
KFs in map: 215
MPs in map: 18768
---------------------------

Place Recognition (mean$\pm$std)
Database Query: 1.5423$\pm$0.86539
SE3 estimation: 21.356$\pm$18.781
Total Place Recognition: 19.353$\pm$19.68


Loop Closing (mean$\pm$std)
Loop Fusion: 244.86$\pm$0
Essential Graph: 119.49$\pm$0
Total Loop Closing: 602.07$\pm$0

Num exec: 1
Number of KFs: nan$\pm$nan

Map Merging (mean$\pm$std)
Merge Maps: nan$\pm$nan
Welding BA: nan$\pm$nan
Optimization Ess.: nan$\pm$nan
Total Map Merging: nan$\pm$nan

Num exec: 0
Number of KFs: nan$\pm$nan
Number of MPs: nan$\pm$nan

Full GBA (mean$\pm$std)
GBA: nan$\pm$nan
Map Update: nan$\pm$nan
Total Full GBA: nan$\pm$nan

Num exec: 0
Num abort: 0
Number of KFs: nan$\pm$nan
Number of MPs: nan$\pm$nan

Saving trajectory to f_dataset-MH01_stereo_imu.txt ...
There are 1 maps in the atlas
  Map 0 has 215 KFs

End of saving trajectory to f_dataset-MH01_stereo_imu.txt ...

Saving keyframe trajectory to kf_dataset-MH01_stereo_imu.txt ...
