num_seq = 1
file name: dataset-MH01_stereo_imu
Loading images for sequence 0...LOADED!
Loading IMU for sequence 0...LOADED!

-------

ORB-SLAM3 Copyright (C) 2017-2020 Carlos Campos, Richard Elvira, Juan J. Gómez, José M.M. Montiel and Juan D. Tardós, University of Zaragoza.
ORB-SLAM2 Copyright (C) 2014-2016 Raúl Mur-Artal, José M.M. Montiel and Juan D. Tardós, University of Zaragoza.
This program comes with ABSOLUTELY NO WARRANTY;
This is free software, and you are welcome to redistribute it
under certain conditions. See LICENSE.txt.

Built with REGISTER_TIMES
Git Commit Hash: 5ee9387

Compiled with C++ version: 201703

Input sensor was set to: Stereo-Inertial
Loading settings from ./Examples/Stereo-Inertial/EuRoC_fov_deadlines_mask_5x5.yaml
	-Loaded camera 1
	-Loaded camera 2
	-Loaded image info
	-Loaded IMU calibration
	-Loaded ORB settings
	-Loaded viewer settings
	-Loaded Atlas settings
Deadlines enabled, will skip frames!
FOV enabled
Static mask size: 5x5
Dumping map points enabled
	-Loaded misc parameters
	-Computed rectification maps
----------------------------------
SLAM settings: 
	-Camera 1 parameters (Pinhole): [ 458.65399169921875 457.29598999023438 367.21499633789062 248.375 ]
	-Camera 1 distortion parameters: [  -0.28340810537338257 0.073959067463874817 0.00019359000725671649 1.7618711353861727e-05 ]
	-Camera 2 parameters (Pinhole: [ 457.58700561523438 456.13400268554688 379.99899291992188 255.23800659179688 ]
	-Camera 1 distortion parameters: [  -0.2836836576461792 0.074512839317321777 -0.00010473000293131918 -3.555907096597366e-05 ]
	-Original image size: [ 752 , 480 ]
	-Current image size: [ 752 , 480 ]
	-Camera 1 parameters after rectification: [  456.71499633789062 456.71499633789062 364.52615356445312 257.268798828125 ]
	-Sequence FPS: 20
	-Stereo baseline: 0.11007784307003021
	-Stereo depth threshold : 60
	-Gyro noise: 0.00016999999934341758
	-Accelerometer noise: 0.0020000000949949026
	-Gyro walk: 1.9392999092815444e-05
	-Accelerometer walk: 0.0030000000260770321
	-IMU frequency: 200
	-Features per image: 1200
	-ORB scale factor: 1.2000000476837158
	-ORB number of scales: 8
	-Initial FAST threshold: 20
	-Min FAST threshold: 7


Loading ORB Vocabulary. This could take a while...
Vocabulary loaded!

Initialization of Atlas from scratch 
Creation of new map with id: 0
Creation of new map with last KF id: 0
Seq. Name: 
There are 1 cameras in the atlas
Camera 0 is pinhole
SLAM Started at System Time: 1734431093.44872
not IMU meas
not IMU meas
not enough acceleration
not enough acceleration
First KF:0; Map init KF:0
New Map created with 541 points
Active map: 0
Dropping frame 1403636580.0635555
Dropping frame 1403636581.1135554
Dropping frame 1403636581.4635556
Dropping frame 1403636581.5635555
Dropping frame 1403636581.9135554
Dropping frame 1403636582.1135554
Dropping frame 1403636582.3135555
Dropping frame 1403636582.6635556
Dropping frame 1403636582.7635555
Dropping frame 1403636583.3135555
Dropping frame 1403636583.8135555
Dropping frame 1403636584.0135555
Dropping frame 1403636584.2135556
Dropping frame 1403636584.5635555
Dropping frame 1403636584.6635556
Dropping frame 1403636584.7635555
start VIBA 1
end VIBA 1
Dropping frame 1403636585.8135555
Dropping frame 1403636586.2135556
Dropping frame 1403636586.4135554
Dropping frame 1403636586.6135554
Dropping frame 1403636587.1635556
Dropping frame 1403636587.6135554
Dropping frame 1403636587.8635557
Dropping frame 1403636588.8635557
Dropping frame 1403636589.1135554
Dropping frame 1403636589.6135554
Dropping frame 1403636589.7635555
Dropping frame 1403636590.2635555
Dropping frame 1403636590.3635557
Dropping frame 1403636590.9635556
Dropping frame 1403636591.5135555
Dropping frame 1403636592.0135555
Dropping frame 1403636592.6135554
Dropping frame 1403636593.5635555
Dropping frame 1403636593.9135554
Dropping frame 1403636594.4135554
Dropping frame 1403636594.9635556
Dropping frame 1403636595.0635555
Dropping frame 1403636595.2135556
Dropping frame 1403636595.6635556
start VIBA 2
end VIBA 2
Dropping frame 1403636595.8135555
Dropping frame 1403636596.4135554
Dropping frame 1403636599.1635556
Dropping frame 1403636600.1135554
Dropping frame 1403636600.8135555
Dropping frame 1403636616.4635556
Dropping frame 1403636630.9635556
Dropping frame 1403636631.5135555
Dropping frame 1403636631.8135555
Dropping frame 1403636632.3635557
Dropping frame 1403636633.4635556
Dropping frame 1403636633.5635555
Dropping frame 1403636633.8635557
Dropping frame 1403636634.1635556
Dropping frame 1403636636.1135554
Dropping frame 1403636636.2135556
Dropping frame 1403636636.5135555
Dropping frame 1403636636.8635557
Dropping frame 1403636636.9635556
Dropping frame 1403636637.1635556
Dropping frame 1403636637.3635557
Dropping frame 1403636637.4635556
Dropping frame 1403636637.6135554
Dropping frame 1403636637.7135556
Dropping frame 1403636637.9135554
Dropping frame 1403636638.2135556
Dropping frame 1403636638.3635557
Dropping frame 1403636638.6635556
Dropping frame 1403636638.9635556
Dropping frame 1403636639.5635555
Dropping frame 1403636639.7635555
Dropping frame 1403636639.8635557
Dropping frame 1403636639.9635556
Dropping frame 1403636640.2635555
Dropping frame 1403636640.3635557
Dropping frame 1403636640.4635556
Dropping frame 1403636640.5635555
Dropping frame 1403636640.8135555
Dropping frame 1403636641.0135555
Dropping frame 1403636641.3635557
Dropping frame 1403636641.9135554
Dropping frame 1403636642.2135556
Dropping frame 1403636642.3135555
Dropping frame 1403636643.1135554
Dropping frame 1403636643.6635556
Dropping frame 1403636643.8135555
Dropping frame 1403636644.3135555
Dropping frame 1403636644.4135554
Dropping frame 1403636644.5135555
Dropping frame 1403636644.7135556
Dropping frame 1403636645.0135555
Dropping frame 1403636645.2135556
Dropping frame 1403636645.3135555
Dropping frame 1403636645.6635556
Dropping frame 1403636645.7635555
Dropping frame 1403636646.0635555
Dropping frame 1403636646.4635556
Dropping frame 1403636646.6635556
Dropping frame 1403636646.7635555
Dropping frame 1403636647.1135554
Dropping frame 1403636647.2135556
Dropping frame 1403636647.6135554
Dropping frame 1403636648.2635555
Dropping frame 1403636648.5635555
Dropping frame 1403636648.9135554
Dropping frame 1403636649.3135555
Dropping frame 1403636649.5135555
Dropping frame 1403636649.7135556
Dropping frame 1403636649.9135554
Dropping frame 1403636650.5135555
Dropping frame 1403636650.6135554
Dropping frame 1403636650.7135556
Dropping frame 1403636650.8135555
Dropping frame 1403636650.9135554
Dropping frame 1403636651.4635556
Dropping frame 1403636651.8135555
Dropping frame 1403636651.9135554
Dropping frame 1403636652.0135555
Dropping frame 1403636652.3135555
Dropping frame 1403636652.5135555
Dropping frame 1403636652.6135554
Dropping frame 1403636653.0635555
Dropping frame 1403636653.5135555
Dropping frame 1403636653.6135554
Dropping frame 1403636653.7135556
Dropping frame 1403636654.2635555
Dropping frame 1403636654.3635557
Dropping frame 1403636654.5635555
Dropping frame 1403636654.6635556
Dropping frame 1403636654.7635555
Dropping frame 1403636654.9635556
Dropping frame 1403636655.0635555
Dropping frame 1403636655.2135556
Dropping frame 1403636655.4135554
Dropping frame 1403636655.6135554
Dropping frame 1403636655.8135555
Dropping frame 1403636655.9135554
Dropping frame 1403636656.1635556
Dropping frame 1403636656.2635555
Dropping frame 1403636656.3635557
Dropping frame 1403636656.6635556
Dropping frame 1403636656.8135555
Dropping frame 1403636657.0135555
Dropping frame 1403636657.2135556
Dropping frame 1403636657.3135555
Dropping frame 1403636657.4135554
Dropping frame 1403636657.5135555
Dropping frame 1403636657.9635556
Dropping frame 1403636658.0635555
Dropping frame 1403636658.4135554
Dropping frame 1403636658.9135554
Dropping frame 1403636659.2135556
Dropping frame 1403636659.4135554
Dropping frame 1403636659.5635555
Dropping frame 1403636659.6635556
Dropping frame 1403636659.9635556
Dropping frame 1403636660.1635556
Dropping frame 1403636660.2635555
Dropping frame 1403636660.3635557
Dropping frame 1403636660.4635556
Dropping frame 1403636660.8135555
Dropping frame 1403636660.9135554
Dropping frame 1403636661.2635555
Dropping frame 1403636661.6635556
Dropping frame 1403636662.0635555
Dropping frame 1403636662.5135555
Dropping frame 1403636662.6135554
Dropping frame 1403636662.7635555
Dropping frame 1403636663.1135554
Dropping frame 1403636663.2135556
Dropping frame 1403636663.3135555
Dropping frame 1403636663.5135555
Dropping frame 1403636663.8135555
Dropping frame 1403636663.9135554
Dropping frame 1403636664.3135555
Dropping frame 1403636664.4135554
Dropping frame 1403636664.5135555
Dropping frame 1403636664.8135555
Dropping frame 1403636665.0135555
Dropping frame 1403636665.2135556
Dropping frame 1403636665.4135554
Dropping frame 1403636665.7635555
Dropping frame 1403636666.1135554
Dropping frame 1403636666.4635556
Dropping frame 1403636666.6135554
Dropping frame 1403636666.9635556
Dropping frame 1403636667.1635556
Dropping frame 1403636667.3635557
Dropping frame 1403636667.7635555
Dropping frame 1403636667.8635557
Dropping frame 1403636668.2635555
Dropping frame 1403636668.8135555
Dropping frame 1403636668.9135554
Dropping frame 1403636669.4135554
Dropping frame 1403636669.6135554
Dropping frame 1403636669.8135555
Dropping frame 1403636670.2635555
Dropping frame 1403636670.7135556
Dropping frame 1403636671.5135555
Dropping frame 1403636672.6635556
Dropping frame 1403636672.8635557
Dropping frame 1403636673.3635557
Dropping frame 1403636673.5635555
Dropping frame 1403636673.9635556
Dropping frame 1403636674.7135556
Dropping frame 1403636675.2135556
Dropping frame 1403636675.5135555
Dropping frame 1403636675.9635556
Dropping frame 1403636676.4135554
Dropping frame 1403636677.1635556
Dropping frame 1403636678.0135555
Dropping frame 1403636678.8135555
Dropping frame 1403636679.1635556
Dropping frame 1403636679.3135555
Dropping frame 1403636679.6635556
Dropping frame 1403636680.2635555
Dropping frame 1403636680.7635555
Dropping frame 1403636680.8635557
Dropping frame 1403636681.3135555
Dropping frame 1403636681.8635557
Dropping frame 1403636682.0635555
Dropping frame 1403636682.3135555
Dropping frame 1403636682.7635555
Dropping frame 1403636682.9635556
Dropping frame 1403636683.2135556
Dropping frame 1403636683.3135555
Dropping frame 1403636683.6135554
Dropping frame 1403636684.0635555
Dropping frame 1403636687.1635556
Dropping frame 1403636687.6135554
Dropping frame 1403636688.1135554
Dropping frame 1403636688.4135554
Dropping frame 1403636688.9135554
Dropping frame 1403636689.1135554
Dropping frame 1403636689.6135554
Dropping frame 1403636689.7635555
Dropping frame 1403636690.3135555
Dropping frame 1403636690.5135555
Dropping frame 1403636690.6635556
Dropping frame 1403636690.7635555
Dropping frame 1403636690.8635557
Dropping frame 1403636690.9635556
Dropping frame 1403636691.3135555
Dropping frame 1403636691.4135554
Dropping frame 1403636691.6635556
Dropping frame 1403636691.7635555
Dropping frame 1403636692.0135555
Dropping frame 1403636692.5635555
Dropping frame 1403636692.6635556
Dropping frame 1403636692.8135555
Dropping frame 1403636692.9135554
Dropping frame 1403636693.0135555
Dropping frame 1403636693.3135555
Dropping frame 1403636693.5635555
Dropping frame 1403636694.0135555
Dropping frame 1403636695.5135555
Dropping frame 1403636695.6135554
Dropping frame 1403636695.8635557
Dropping frame 1403636695.9635556
Dropping frame 1403636696.0635555
Dropping frame 1403636696.1635556
Dropping frame 1403636696.3635557
Dropping frame 1403636696.6635556
Dropping frame 1403636696.7635555
Dropping frame 1403636697.0135555
Dropping frame 1403636697.1635556
Dropping frame 1403636697.5635555
Dropping frame 1403636697.6635556
Dropping frame 1403636698.0135555
Dropping frame 1403636698.5135555
Dropping frame 1403636698.6135554
Dropping frame 1403636698.7135556
Dropping frame 1403636699.0135555
Dropping frame 1403636699.2635555
Dropping frame 1403636699.3635557
Dropping frame 1403636699.5135555
Dropping frame 1403636699.7635555
Dropping frame 1403636699.8635557
Dropping frame 1403636699.9635556
Dropping frame 1403636700.1635556
Dropping frame 1403636700.3135555
Dropping frame 1403636700.5135555
Dropping frame 1403636700.7135556
Dropping frame 1403636701.1135554
Dropping frame 1403636701.2135556
Dropping frame 1403636701.4635556
Dropping frame 1403636701.6135554
Dropping frame 1403636701.8635557
Dropping frame 1403636702.1635556
Dropping frame 1403636702.2635555
Dropping frame 1403636702.3635557
Dropping frame 1403636702.5135555
Dropping frame 1403636702.6135554
Dropping frame 1403636702.7135556
Dropping frame 1403636702.9635556
Dropping frame 1403636703.2635555
Dropping frame 1403636703.4635556
Dropping frame 1403636703.6135554
Dropping frame 1403636703.7635555
Dropping frame 1403636703.8635557
Dropping frame 1403636704.2135556
Dropping frame 1403636704.5635555
Dropping frame 1403636704.6635556
Dropping frame 1403636705.0635555
Dropping frame 1403636705.1635556
Dropping frame 1403636705.3635557
Dropping frame 1403636705.4635556
Dropping frame 1403636705.5635555
Dropping frame 1403636705.9135554
Dropping frame 1403636706.0135555
Dropping frame 1403636706.2635555
Dropping frame 1403636706.4635556
Dropping frame 1403636706.7635555
Dropping frame 1403636706.8635557
Dropping frame 1403636707.1635556
Dropping frame 1403636707.4635556
Dropping frame 1403636707.6635556
Dropping frame 1403636707.7635555
Dropping frame 1403636707.9135554
Dropping frame 1403636708.1135554
Dropping frame 1403636708.3635557
Dropping frame 1403636708.5135555
Dropping frame 1403636708.6135554
Dropping frame 1403636709.1635556
Dropping frame 1403636709.4135554
Dropping frame 1403636709.5135555
Dropping frame 1403636709.6135554
Dropping frame 1403636709.8635557
Dropping frame 1403636709.9635556
Dropping frame 1403636710.0635555
Dropping frame 1403636710.5135555
Dropping frame 1403636710.6135554
Dropping frame 1403636710.7135556
Dropping frame 1403636710.9135554
Dropping frame 1403636711.0135555
Dropping frame 1403636711.3135555
Dropping frame 1403636712.0135555
Dropping frame 1403636712.4135554
Dropping frame 1403636712.5135555
Dropping frame 1403636712.6135554
Dropping frame 1403636712.7135556
Dropping frame 1403636713.1135554
Dropping frame 1403636713.6135554
Dropping frame 1403636714.0635555
Dropping frame 1403636714.2135556
Dropping frame 1403636715.1135554
Dropping frame 1403636715.2635555
Dropping frame 1403636716.0635555
Dropping frame 1403636716.1635556
Dropping frame 1403636716.3135555
Dropping frame 1403636716.4135554
Dropping frame 1403636716.7635555
Dropping frame 1403636716.8635557
Dropping frame 1403636717.4135554
Dropping frame 1403636717.5135555
Dropping frame 1403636717.6135554
Dropping frame 1403636717.9135554
Dropping frame 1403636718.0135555
Dropping frame 1403636718.1135554
Dropping frame 1403636718.3635557
Dropping frame 1403636718.6635556
Dropping frame 1403636718.7635555
Dropping frame 1403636718.8635557
Dropping frame 1403636719.0635555
Dropping frame 1403636719.2135556
Dropping frame 1403636719.7135556
Dropping frame 1403636719.8135555
Dropping frame 1403636720.0135555
Dropping frame 1403636720.1635556
Dropping frame 1403636720.2635555
Dropping frame 1403636720.5135555
Dropping frame 1403636720.8135555
Dropping frame 1403636720.9135554
Dropping frame 1403636721.1635556
Dropping frame 1403636721.2635555
Dropping frame 1403636721.4635556
Dropping frame 1403636721.6635556
Dropping frame 1403636721.8635557
Dropping frame 1403636722.0635555
Dropping frame 1403636722.3635557
Dropping frame 1403636722.5635555
Dropping frame 1403636722.8135555
Dropping frame 1403636722.9135554
Dropping frame 1403636723.0135555
Dropping frame 1403636723.2135556
Dropping frame 1403636723.4135554
Dropping frame 1403636723.5135555
Dropping frame 1403636723.6135554
Dropping frame 1403636723.8635557
Dropping frame 1403636723.9635556
Dropping frame 1403636724.0635555
Dropping frame 1403636724.1635556
Dropping frame 1403636724.2635555
Dropping frame 1403636724.7135556
Dropping frame 1403636724.9135554
Dropping frame 1403636725.0135555
Dropping frame 1403636725.2135556
Dropping frame 1403636725.4135554
Dropping frame 1403636725.6135554
Dropping frame 1403636725.7135556
Dropping frame 1403636725.8135555
Dropping frame 1403636725.9135554
Dropping frame 1403636726.0135555
Dropping frame 1403636726.2135556
Dropping frame 1403636726.3135555
Dropping frame 1403636726.4135554
Dropping frame 1403636726.6635556
Dropping frame 1403636726.7635555
Dropping frame 1403636726.8635557
Dropping frame 1403636727.3635557
Dropping frame 1403636727.4635556
Dropping frame 1403636727.5635555
Dropping frame 1403636727.6635556
Dropping frame 1403636728.0135555
Dropping frame 1403636728.1135554
Dropping frame 1403636728.4135554
Dropping frame 1403636728.6135554
Dropping frame 1403636728.7635555
Dropping frame 1403636729.1135554
Dropping frame 1403636729.2135556
Dropping frame 1403636729.4135554
Dropping frame 1403636729.6135554
Dropping frame 1403636729.7135556
Dropping frame 1403636729.8635557
Dropping frame 1403636730.0635555
Dropping frame 1403636730.2635555
Dropping frame 1403636730.4635556
Dropping frame 1403636730.6635556
Dropping frame 1403636730.7635555
Dropping frame 1403636730.8635557
Dropping frame 1403636731.0635555
Dropping frame 1403636731.1635556
Dropping frame 1403636731.2635555
Dropping frame 1403636731.4135554
Dropping frame 1403636731.6135554
Dropping frame 1403636731.8135555
Dropping frame 1403636731.9135554
Dropping frame 1403636732.0135555
Dropping frame 1403636732.1135554
Dropping frame 1403636732.3135555
Dropping frame 1403636732.4135554
Dropping frame 1403636732.6135554
Dropping frame 1403636732.7135556
Dropping frame 1403636732.8135555
Dropping frame 1403636732.9635556
Dropping frame 1403636733.0635555
Dropping frame 1403636733.1635556
Dropping frame 1403636733.3635557
Dropping frame 1403636733.5635555
Dropping frame 1403636733.6635556
Dropping frame 1403636733.7635555
Dropping frame 1403636733.9135554
Dropping frame 1403636734.1635556
Dropping frame 1403636734.2635555
Dropping frame 1403636734.3635557
Dropping frame 1403636734.4635556
Dropping frame 1403636734.5635555
Dropping frame 1403636734.8135555
Dropping frame 1403636735.0135555
Dropping frame 1403636735.2135556
Dropping frame 1403636735.4135554
Dropping frame 1403636735.5135555
Dropping frame 1403636735.6135554
Dropping frame 1403636735.7135556
Dropping frame 1403636735.9635556
Dropping frame 1403636736.0635555
Dropping frame 1403636736.1635556
Dropping frame 1403636736.2635555
Dropping frame 1403636736.4635556
Dropping frame 1403636736.6635556
Dropping frame 1403636736.7635555
Dropping frame 1403636736.9635556
Dropping frame 1403636737.0635555
Dropping frame 1403636737.1635556
Dropping frame 1403636737.2635555
Dropping frame 1403636737.4635556
Dropping frame 1403636737.6635556
Dropping frame 1403636737.8635557
Dropping frame 1403636737.9635556
Dropping frame 1403636738.0635555
Dropping frame 1403636738.2635555
Dropping frame 1403636738.3635557
Dropping frame 1403636738.5635555
Dropping frame 1403636738.6635556
Dropping frame 1403636738.7635555
Dropping frame 1403636738.9635556
Dropping frame 1403636739.0635555
Dropping frame 1403636739.1635556
Dropping frame 1403636739.3635557
Dropping frame 1403636739.4635556
Dropping frame 1403636739.5635555
Dropping frame 1403636739.6635556
Dropping frame 1403636740.2135556
Dropping frame 1403636740.5135555
Dropping frame 1403636740.6135554
Dropping frame 1403636740.8135555
Dropping frame 1403636740.9135554
Dropping frame 1403636741.0135555
Dropping frame 1403636741.1135554
Dropping frame 1403636741.3135555
Dropping frame 1403636741.4135554
Dropping frame 1403636741.5135555
Dropping frame 1403636741.6135554
Dropping frame 1403636742.5135555
Dropping frame 1403636742.7135556
Dropping frame 1403636742.8135555
Dropping frame 1403636742.9135554
Dropping frame 1403636743.1635556
Dropping frame 1403636743.2635555
Dropping frame 1403636743.3635557
Dropping frame 1403636743.6635556
Dropping frame 1403636743.7635555
Dropping frame 1403636743.8635557
Dropping frame 1403636744.0635555
Dropping frame 1403636744.1635556
Dropping frame 1403636744.3635557
Dropping frame 1403636744.4635556
Dropping frame 1403636744.6635556
Dropping frame 1403636744.8635557
Dropping frame 1403636744.9635556
Dropping frame 1403636745.0635555
Dropping frame 1403636745.1635556
Dropping frame 1403636745.2635555
Dropping frame 1403636745.3635557
Dropping frame 1403636745.5635555
Dropping frame 1403636745.6635556
Dropping frame 1403636745.7635555
Dropping frame 1403636745.9135554
Dropping frame 1403636746.1635556
Dropping frame 1403636746.3635557
Dropping frame 1403636746.4635556
Dropping frame 1403636746.5635555
Dropping frame 1403636746.6635556
Dropping frame 1403636746.7635555
Dropping frame 1403636746.8635557
Dropping frame 1403636747.1135554
Dropping frame 1403636747.3135555
Dropping frame 1403636747.4135554
Dropping frame 1403636747.5135555
Dropping frame 1403636747.7135556
Dropping frame 1403636747.9135554
Dropping frame 1403636748.1135554
Dropping frame 1403636748.2135556
Dropping frame 1403636748.3135555
Dropping frame 1403636748.4135554
Dropping frame 1403636748.7135556
Dropping frame 1403636748.9135554
Dropping frame 1403636749.0135555
Dropping frame 1403636749.1135554
Dropping frame 1403636749.2135556
Dropping frame 1403636749.4135554
Dropping frame 1403636749.5135555
Dropping frame 1403636749.6135554
Dropping frame 1403636749.8135555
Dropping frame 1403636749.9135554
Dropping frame 1403636750.0135555
Dropping frame 1403636750.1135554
Dropping frame 1403636750.2135556
Dropping frame 1403636750.4135554
Dropping frame 1403636750.6135554
Dropping frame 1403636750.7135556
Dropping frame 1403636750.8135555
Dropping frame 1403636750.9135554
Dropping frame 1403636751.0135555
Dropping frame 1403636751.2135556
Dropping frame 1403636751.3135555
Dropping frame 1403636751.4135554
Dropping frame 1403636751.5135555
Dropping frame 1403636751.7635555
Dropping frame 1403636751.8635557
Dropping frame 1403636751.9635556
Dropping frame 1403636752.1635556
Dropping frame 1403636752.3635557
Dropping frame 1403636752.4635556
Dropping frame 1403636752.6635556
Dropping frame 1403636752.7635555
Dropping frame 1403636752.8635557
Dropping frame 1403636753.0635555
Dropping frame 1403636753.1635556
Dropping frame 1403636753.2635555
Dropping frame 1403636753.5135555
Dropping frame 1403636753.6135554
Dropping frame 1403636753.8135555
Dropping frame 1403636754.0135555
Dropping frame 1403636754.1135554
Dropping frame 1403636754.3135555
Dropping frame 1403636754.4135554
Dropping frame 1403636754.8135555
Dropping frame 1403636754.9135554
Dropping frame 1403636755.0135555
Dropping frame 1403636755.2635555
Dropping frame 1403636755.4635556
Dropping frame 1403636755.6635556
Dropping frame 1403636755.7635555
Dropping frame 1403636755.8635557
Dropping frame 1403636756.1135554
Dropping frame 1403636756.3135555
Dropping frame 1403636756.5135555
Dropping frame 1403636756.6135554
Dropping frame 1403636756.9135554
Dropping frame 1403636757.3135555
Dropping frame 1403636757.5135555
Dropping frame 1403636757.6135554
Dropping frame 1403636757.8635557
Dropping frame 1403636758.0635555
Dropping frame 1403636758.9135554
Dropping frame 1403636759.0135555
Dropping frame 1403636759.4135554
Dropping frame 1403636760.1135554
Dropping frame 1403636760.3135555
Dropping frame 1403636760.4135554
Dropping frame 1403636760.5135555
Dropping frame 1403636760.6135554
Dropping frame 1403636760.7135556
Dropping frame 1403636760.8135555
Dropping frame 1403636760.9135554
Dropping frame 1403636761.1135554
Dropping frame 1403636761.2135556
Dropping frame 1403636761.3135555
Dropping frame 1403636761.4135554
Dropping frame 1403636761.5135555
Dropping frame 1403636761.6135554
Dropping frame 1403636761.9635556
Dropping frame 1403636762.0635555
Dropping frame 1403636762.1635556
Dropping frame 1403636762.2635555
Dropping frame 1403636762.3635557
Dropping frame 1403636762.5135555
Dropping frame 1403636762.6135554
Dropping frame 1403636762.8135555
Dropping frame 1403636762.9135554
Dropping frame 1403636763.1135554
Dropping frame 1403636763.2135556
Dropping frame 1403636763.3135555
Dropping frame 1403636763.4135554
Dropping frame 1403636763.5135555
Dropping frame 1403636763.6635556
Dropping frame 1403636763.8135555
Shutdown
SLAM Finished at System Time: 1734431313.61622

 TIME STATS in ms (mean$\pm$std)
OpenCV version: 4.8.1
---------------------------
Tracking

ORB Extraction: 15.881$\pm$1.6173
Stereo Matching: 7.0958$\pm$2.0277
IMU Preintegration: 0.26809$\pm$0.11303
Pose Prediction: 0.19765$\pm$0.60492
LM Track: 20.257$\pm$6.1824
New KF decision: 0.98679$\pm$1.916
Total Tracking: 35.131$\pm$23.947



Local Mapping

KF Insertion: 16.948$\pm$7.4692
MP Culling: 0.48854$\pm$0.20865
MP Creation: 49.663$\pm$17.526
LBA: 162.87$\pm$59.782
KF Culling: 18.488$\pm$12.642
Total Local Mapping: 248.33$\pm$86.452
---------------------------

LBA complexity (mean$\pm$std)
LBA Edges: 1902.5$\pm$820.06
LBA KF optimized: 6.5$\pm$2.2913
LBA KF fixed: 1$\pm$0
LBA MP: nan$\pm$nan

LBA executions: 565
LBA aborts: 0
---------------------------

Map complexity
KFs in map: 161
MPs in map: 13804
---------------------------

Place Recognition (mean$\pm$std)
Database Query: 1.6708$\pm$1.002
SE3 estimation: 17.166$\pm$16.491
Total Place Recognition: 16.956$\pm$17.311


Loop Closing (mean$\pm$std)
Loop Fusion: nan$\pm$nan
Essential Graph: nan$\pm$nan
Total Loop Closing: nan$\pm$nan

Num exec: 0
Number of KFs: nan$\pm$nan

Map Merging (mean$\pm$std)
Merge Maps: nan$\pm$nan
Welding BA: nan$\pm$nan
Optimization Ess.: nan$\pm$nan
Total Map Merging: nan$\pm$nan

Num exec: 0
Number of KFs: nan$\pm$nan
Number of MPs: nan$\pm$nan

Full GBA (mean$\pm$std)
GBA: nan$\pm$nan
Map Update: nan$\pm$nan
Total Full GBA: nan$\pm$nan

Num exec: 0
Num abort: 0
Number of KFs: nan$\pm$nan
Number of MPs: nan$\pm$nan

Saving trajectory to f_dataset-MH01_stereo_imu.txt ...
There are 1 maps in the atlas
  Map 0 has 161 KFs

End of saving trajectory to f_dataset-MH01_stereo_imu.txt ...

Saving keyframe trajectory to kf_dataset-MH01_stereo_imu.txt ...
