num_seq = 1
file name: dataset-MH05_stereo_imu
Loading images for sequence 0...LOADED!
Loading IMU for sequence 0...LOADED!

-------

ORB-SLAM3 Copyright (C) 2017-2020 Carlos Campos, Richard Elvira, Juan J. Gómez, José M.M. Montiel and Juan D. Tardós, University of Zaragoza.
ORB-SLAM2 Copyright (C) 2014-2016 Raúl Mur-Artal, José M.M. Montiel and Juan D. Tardós, University of Zaragoza.
This program comes with ABSOLUTELY NO WARRANTY;
This is free software, and you are welcome to redistribute it
under certain conditions. See LICENSE.txt.

Built with REGISTER_TIMES
Git Commit Hash: 90f15d8

Input sensor was set to: Stereo-Inertial
Loading settings from ./Examples/Stereo-Inertial/EuRoC_fov_deadlines_mask_11x11.yaml
	-Loaded camera 1
	-Loaded camera 2
	-Loaded image info
	-Loaded IMU calibration
	-Loaded ORB settings
	-Loaded viewer settings
	-Loaded Atlas settings
Deadlines enabled, will skip frames!
FOV enabled
Static mask size: 11x11
Dumping map points enabled
	-Loaded misc parameters
	-Computed rectification maps
----------------------------------
SLAM settings: 
	-Camera 1 parameters (Pinhole): [ 458.65399169921875 457.29598999023438 367.21499633789062 248.375 ]
	-Camera 1 distortion parameters: [  -0.28340810537338257 0.073959067463874817 0.00019359000725671649 1.7618711353861727e-05 ]
	-Camera 2 parameters (Pinhole: [ 457.58700561523438 456.13400268554688 379.99899291992188 255.23800659179688 ]
	-Camera 1 distortion parameters: [  -0.2836836576461792 0.074512839317321777 -0.00010473000293131918 -3.555907096597366e-05 ]
	-Original image size: [ 752 , 480 ]
	-Current image size: [ 752 , 480 ]
	-Camera 1 parameters after rectification: [  456.71499633789062 456.71499633789062 364.52615356445312 257.268798828125 ]
	-Sequence FPS: 20
	-Stereo baseline: 0.11007784307003021
	-Stereo depth threshold : 60
	-Gyro noise: 0.00016999999934341758
	-Accelerometer noise: 0.0020000000949949026
	-Gyro walk: 1.9392999092815444e-05
	-Accelerometer walk: 0.0030000000260770321
	-IMU frequency: 200
	-Features per image: 1200
	-ORB scale factor: 1.2000000476837158
	-ORB number of scales: 8
	-Initial FAST threshold: 20
	-Min FAST threshold: 7


Loading ORB Vocabulary. This could take a while...
Vocabulary loaded!

Initialization of Atlas from scratch 
Creation of new map with id: 0
Creation of new map with last KF id: 0
Seq. Name: 
There are 1 cameras in the atlas
Camera 0 is pinhole
SLAM Started at System Time: 1732013853.27491
not IMU meas
not IMU meas
not enough acceleration
not enough acceleration
not enough acceleration
not enough acceleration
not enough acceleration
not enough acceleration
not enough acceleration
not enough acceleration
not enough acceleration
not enough acceleration
not enough acceleration
not enough acceleration
not enough acceleration
not enough acceleration
not enough acceleration
not enough acceleration
not enough acceleration
not enough acceleration
not enough acceleration
not enough acceleration
not enough acceleration
not enough acceleration
not enough acceleration
not enough acceleration
not enough acceleration
not enough acceleration
not enough acceleration
not enough acceleration
not enough acceleration
not enough acceleration
not enough acceleration
not enough acceleration
not enough acceleration
not enough acceleration
not enough acceleration
not enough acceleration
not enough acceleration
not enough acceleration
not enough acceleration
not enough acceleration
not enough acceleration
not enough acceleration
not enough acceleration
not enough acceleration
not enough acceleration
not enough acceleration
not enough acceleration
not enough acceleration
not enough acceleration
not enough acceleration
not enough acceleration
not enough acceleration
not enough acceleration
not enough acceleration
not enough acceleration
not enough acceleration
not enough acceleration
not enough acceleration
not enough acceleration
not enough acceleration
not enough acceleration
not enough acceleration
not enough acceleration
not enough acceleration
not enough acceleration
not enough acceleration
not enough acceleration
not enough acceleration
not enough acceleration
not enough acceleration
not enough acceleration
not enough acceleration
not enough acceleration
not enough acceleration
not enough acceleration
not enough acceleration
not enough acceleration
not enough acceleration
First KF:0; Map init KF:0
New Map created with 127 points
Active map: 0
Dropping frame 1403638523.2778294
Dropping frame 1403638523.4778295
Dropping frame 1403638523.5778294
Dropping frame 1403638523.8278296
Dropping frame 1403638524.1278296
Dropping frame 1403638524.3778293
Dropping frame 1403638524.5778294
Dropping frame 1403638524.8778293
Dropping frame 1403638525.1778293
Dropping frame 1403638525.3278296
Dropping frame 1403638525.5278294
Dropping frame 1403638525.6778293
Dropping frame 1403638525.9778295
Dropping frame 1403638526.0778294
Dropping frame 1403638526.2778294
Dropping frame 1403638526.4778295
Dropping frame 1403638526.7278295
Dropping frame 1403638526.8278296
Dropping frame 1403638527.0778294
Dropping frame 1403638527.3778293
start VIBA 1
end VIBA 1
Dropping frame 1403638527.8778293
Dropping frame 1403638527.9778295
Dropping frame 1403638528.2778294
Dropping frame 1403638528.5778294
Dropping frame 1403638528.8778293
Dropping frame 1403638529.0778294
Dropping frame 1403638529.5278294
Dropping frame 1403638529.9278295
Dropping frame 1403638530.4278295
Dropping frame 1403638530.6278296
Dropping frame 1403638530.7278295
Dropping frame 1403638531.0778294
Dropping frame 1403638531.2278295
Not enough motion for initializing. Reseting...
TRACK: Reset map because local mapper set the bad imu flag 
LM: Reseting current map in Local Mapping...
LM: End reseting Local Mapping...
LM: Reset free the mutex
LM: Active map reset recieved
LM: Active map reset, waiting...
LM: Reseting current map in Local Mapping...
LM: End reseting Local Mapping...
LM: Reset free the mutex
LM: Active map reset, Done!!!
mnFirstFrameId = 80
mnInitialFrameId = 0
151 Frames set to lost
not IMU meas
not enough acceleration
First KF:40; Map init KF:0
New Map created with 159 points
Active map: 0
Dropping frame 1403638531.5778294
Dropping frame 1403638531.6778293
Dropping frame 1403638531.7778294
Dropping frame 1403638531.8778293
Dropping frame 1403638532.0778294
Dropping frame 1403638532.1778293
Dropping frame 1403638532.2778294
Dropping frame 1403638532.4778295
Dropping frame 1403638532.5778294
Dropping frame 1403638532.6778293
Dropping frame 1403638532.7778294
Dropping frame 1403638532.8778293
Dropping frame 1403638533.2278295
Dropping frame 1403638533.4278295
Dropping frame 1403638533.8778293
Dropping frame 1403638534.4278295
Not enough motion for initializing. Reseting...
TRACK: Reset map because local mapper set the bad imu flag 
LM: Reseting current map in Local Mapping...
LM: End reseting Local Mapping...
LM: Reset free the mutex
LM: Active map reset recieved
LM: Active map reset, waiting...
LM: Reseting current map in Local Mapping...
LM: End reseting Local Mapping...
LM: Reset free the mutex
LM: Active map reset, Done!!!
mnFirstFrameId = 234
mnInitialFrameId = 231
197 Frames set to lost
not IMU meas
not enough acceleration
not enough acceleration
not enough acceleration
not enough acceleration
Dropping frame 1403638534.8278296
not enough acceleration
not enough acceleration
not enough acceleration
not enough acceleration
not enough acceleration
not enough acceleration
not enough acceleration
not enough acceleration
not enough acceleration
not enough acceleration
not enough acceleration
not enough acceleration
not enough acceleration
not enough acceleration
not enough acceleration
not enough acceleration
not enough acceleration
not enough acceleration
not enough acceleration
not enough acceleration
not enough acceleration
not enough acceleration
not enough acceleration
not enough acceleration
not enough acceleration
not enough acceleration
not enough acceleration
not enough acceleration
not enough acceleration
not enough acceleration
not enough acceleration
not enough acceleration
not enough acceleration
not enough acceleration
not enough acceleration
not enough acceleration
not enough acceleration
not enough acceleration
not enough acceleration
not enough acceleration
not enough acceleration
not enough acceleration
not enough acceleration
not enough acceleration
not enough acceleration
not enough acceleration
not enough acceleration
not enough acceleration
not enough acceleration
not enough acceleration
not enough acceleration
not enough acceleration
not enough acceleration
not enough acceleration
not enough acceleration
not enough acceleration
not enough acceleration
not enough acceleration
not enough acceleration
not enough acceleration
not enough acceleration
not enough acceleration
not enough acceleration
not enough acceleration
not enough acceleration
not enough acceleration
not enough acceleration
not enough acceleration
not enough acceleration
not enough acceleration
not enough acceleration
not enough acceleration
not enough acceleration
not enough acceleration
not enough acceleration
not enough acceleration
not enough acceleration
not enough acceleration
First KF:51; Map init KF:40
New Map created with 167 points
Active map: 0
start VIBA 1
end VIBA 1
Dropping frame 1403638545.3278296
Dropping frame 1403638545.6278296
Dropping frame 1403638545.7278295
Dropping frame 1403638545.9778295
Dropping frame 1403638546.0778294
Dropping frame 1403638546.2278295
Dropping frame 1403638546.3278296
Dropping frame 1403638546.4278295
Dropping frame 1403638546.7278295
Dropping frame 1403638546.8778293
Dropping frame 1403638547.0278294
Dropping frame 1403638547.1278296
Dropping frame 1403638547.2278295
Dropping frame 1403638547.3778293
Dropping frame 1403638547.4778295
Dropping frame 1403638547.6278296
Dropping frame 1403638547.7278295
Dropping frame 1403638548.5778294
Dropping frame 1403638548.7778294
Dropping frame 1403638548.8778293
Dropping frame 1403638549.1278296
Dropping frame 1403638549.3278296
Dropping frame 1403638549.4778295
Dropping frame 1403638550.1278296
Dropping frame 1403638550.7778294
Dropping frame 1403638550.8778293
Dropping frame 1403638551.0778294
Dropping frame 1403638551.2278295
Dropping frame 1403638551.3778293
Dropping frame 1403638551.4778295
Dropping frame 1403638551.6278296
Dropping frame 1403638551.7778294
Dropping frame 1403638551.9278295
Dropping frame 1403638552.1278296
Dropping frame 1403638552.2278295
Dropping frame 1403638552.3278296
Dropping frame 1403638552.4278295
Dropping frame 1403638552.5278294
Dropping frame 1403638552.7278295
Dropping frame 1403638553.2278295
Dropping frame 1403638553.4278295
Dropping frame 1403638553.5278294
Dropping frame 1403638553.7278295
Dropping frame 1403638553.9278295
start VIBA 2
Dropping frame 1403638554.1278296
Dropping frame 1403638554.2278295
Dropping frame 1403638554.3278296
end VIBA 2
Dropping frame 1403638554.4278295
Dropping frame 1403638554.5278294
Dropping frame 1403638554.7278295
Dropping frame 1403638554.8278296
Dropping frame 1403638555.0278294
Dropping frame 1403638555.1278296
Dropping frame 1403638555.3278296
Dropping frame 1403638555.5278294
Dropping frame 1403638555.7278295
Dropping frame 1403638555.8278296
Dropping frame 1403638556.0278294
Dropping frame 1403638556.2278295
Dropping frame 1403638556.3278296
Dropping frame 1403638556.5278294
Dropping frame 1403638556.7278295
Dropping frame 1403638556.8278296
Dropping frame 1403638556.9278295
Dropping frame 1403638557.0278294
Dropping frame 1403638557.1778293
Dropping frame 1403638557.3778293
Dropping frame 1403638557.4778295
Dropping frame 1403638557.8278296
Dropping frame 1403638558.0278294
Dropping frame 1403638558.1278296
Dropping frame 1403638558.3778293
Dropping frame 1403638558.5778294
Dropping frame 1403638558.6778293
Dropping frame 1403638558.7778294
Dropping frame 1403638558.8778293
Dropping frame 1403638559.0778294
Dropping frame 1403638559.1778293
Dropping frame 1403638559.2778294
Dropping frame 1403638559.4778295
Dropping frame 1403638559.5778294
Dropping frame 1403638559.7778294
Dropping frame 1403638559.8778293
Dropping frame 1403638559.9778295
Dropping frame 1403638560.0778294
Dropping frame 1403638561.7778294
Dropping frame 1403638561.8778293
Dropping frame 1403638562.0778294
Dropping frame 1403638562.1778293
Dropping frame 1403638562.3778293
Dropping frame 1403638562.5778294
Dropping frame 1403638562.6778293
Dropping frame 1403638562.8778293
Dropping frame 1403638562.9778295
Dropping frame 1403638563.1778293
Dropping frame 1403638563.2778294
Dropping frame 1403638563.4778295
Dropping frame 1403638563.5778294
Dropping frame 1403638563.6778293
Dropping frame 1403638563.8778293
Dropping frame 1403638564.0778294
Dropping frame 1403638564.2778294
Dropping frame 1403638564.4778295
Dropping frame 1403638564.6778293
Dropping frame 1403638564.7778294
Dropping frame 1403638564.8778293
Dropping frame 1403638565.0778294
Dropping frame 1403638565.1778293
Dropping frame 1403638565.3278296
Dropping frame 1403638565.4278295
Dropping frame 1403638565.5278294
Dropping frame 1403638565.7278295
Dropping frame 1403638565.9278295
Dropping frame 1403638566.0278294
Dropping frame 1403638566.1278296
Dropping frame 1403638566.3278296
Dropping frame 1403638566.5278294
Dropping frame 1403638566.6278296
Dropping frame 1403638566.7278295
Dropping frame 1403638566.9278295
Dropping frame 1403638567.0278294
Dropping frame 1403638567.1278296
Dropping frame 1403638567.3278296
Dropping frame 1403638567.4278295
Dropping frame 1403638567.6778293
Dropping frame 1403638567.8778293
Dropping frame 1403638568.0778294
Dropping frame 1403638568.2778294
Dropping frame 1403638568.4778295
Dropping frame 1403638568.5778294
Dropping frame 1403638568.6778293
Dropping frame 1403638568.8778293
Dropping frame 1403638569.0778294
Dropping frame 1403638569.1778293
Dropping frame 1403638569.4278295
Dropping frame 1403638569.6278296
Dropping frame 1403638569.7278295
Dropping frame 1403638569.8278296
Dropping frame 1403638570.0278294
Dropping frame 1403638570.1278296
Dropping frame 1403638570.2278295
Dropping frame 1403638570.4278295
Dropping frame 1403638570.5278294
Dropping frame 1403638570.6278296
Dropping frame 1403638570.8278296
Dropping frame 1403638571.0278294
Dropping frame 1403638571.1278296
Dropping frame 1403638571.2278295
Dropping frame 1403638571.4278295
Dropping frame 1403638571.5278294
Dropping frame 1403638571.6278296
Dropping frame 1403638571.8278296
Dropping frame 1403638572.0278294
Dropping frame 1403638572.1278296
Dropping frame 1403638572.2278295
Dropping frame 1403638572.4278295
Dropping frame 1403638572.5278294
Dropping frame 1403638572.6278296
Dropping frame 1403638572.8278296
Dropping frame 1403638573.0278294
Dropping frame 1403638573.2278295
Dropping frame 1403638573.4278295
Dropping frame 1403638573.5278294
Dropping frame 1403638573.7278295
Dropping frame 1403638573.8278296
Dropping frame 1403638573.9278295
Dropping frame 1403638574.1278296
Dropping frame 1403638574.3278296
Dropping frame 1403638574.4278295
Dropping frame 1403638574.5778294
Dropping frame 1403638574.6778293
Dropping frame 1403638574.7778294
Dropping frame 1403638574.9778295
Dropping frame 1403638575.0778294
Dropping frame 1403638575.1778293
Dropping frame 1403638575.3778293
Dropping frame 1403638575.5778294
Dropping frame 1403638575.6778293
Dropping frame 1403638575.7778294
Dropping frame 1403638575.8778293
Dropping frame 1403638576.0778294
Dropping frame 1403638576.1778293
Dropping frame 1403638576.2778294
Dropping frame 1403638576.4778295
Dropping frame 1403638576.6778293
Dropping frame 1403638576.8778293
Dropping frame 1403638577.0778294
Dropping frame 1403638577.1778293
Dropping frame 1403638577.2778294
Dropping frame 1403638577.4778295
Dropping frame 1403638577.6778293
Dropping frame 1403638577.8778293
Dropping frame 1403638577.9778295
Dropping frame 1403638578.0778294
Dropping frame 1403638578.2778294
Dropping frame 1403638578.4778295
Dropping frame 1403638578.5778294
Dropping frame 1403638578.8278296
Dropping frame 1403638579.0278294
Dropping frame 1403638579.2278295
Dropping frame 1403638579.4278295
Dropping frame 1403638579.5278294
Dropping frame 1403638581.0278294
Dropping frame 1403638581.1278296
Dropping frame 1403638581.3778293
Dropping frame 1403638581.5778294
Dropping frame 1403638581.6778293
Dropping frame 1403638581.9278295
Dropping frame 1403638582.1278296
Dropping frame 1403638582.2278295
Dropping frame 1403638582.4778295
Dropping frame 1403638582.5778294
Dropping frame 1403638582.8278296
Dropping frame 1403638583.0278294
Dropping frame 1403638583.1278296
Dropping frame 1403638583.3778293
Dropping frame 1403638583.5778294
Dropping frame 1403638583.6778293
Dropping frame 1403638584.0778294
Dropping frame 1403638584.1778293
Dropping frame 1403638584.5778294
Dropping frame 1403638584.7778294
Dropping frame 1403638584.8778293
Dropping frame 1403638585.1278296
Dropping frame 1403638585.2278295
Dropping frame 1403638585.5278294
Dropping frame 1403638587.3278296
Dropping frame 1403638587.7778294
Dropping frame 1403638588.2278295
Dropping frame 1403638588.6778293
Dropping frame 1403638588.9778295
Dropping frame 1403638589.3278296
Dropping frame 1403638589.4278295
Dropping frame 1403638589.6778293
Dropping frame 1403638589.8778293
Dropping frame 1403638590.0778294
Dropping frame 1403638590.1778293
Dropping frame 1403638590.4278295
Dropping frame 1403638590.6278296
Dropping frame 1403638590.7778294
Dropping frame 1403638591.0778294
Dropping frame 1403638591.4278295
Dropping frame 1403638591.8778293
Dropping frame 1403638591.9778295
Dropping frame 1403638592.3778293
Dropping frame 1403638592.5778294
Dropping frame 1403638592.6778293
Dropping frame 1403638592.7778294
Dropping frame 1403638592.9778295
Dropping frame 1403638593.0778294
Dropping frame 1403638593.3278296
Dropping frame 1403638593.5278294
Dropping frame 1403638593.6278296
Dropping frame 1403638593.9278295
Dropping frame 1403638594.0278294
Dropping frame 1403638594.1278296
Dropping frame 1403638594.3278296
Dropping frame 1403638594.5278294
Dropping frame 1403638594.7278295
Dropping frame 1403638594.8278296
Dropping frame 1403638594.9278295
Dropping frame 1403638595.1278296
Dropping frame 1403638595.3278296
Dropping frame 1403638595.5278294
Dropping frame 1403638595.6278296
Dropping frame 1403638595.7278295
Dropping frame 1403638595.9278295
Dropping frame 1403638596.1278296
Dropping frame 1403638596.3278296
Dropping frame 1403638596.4278295
Dropping frame 1403638596.5278294
Dropping frame 1403638596.7278295
Dropping frame 1403638596.8778293
Dropping frame 1403638597.0778294
Dropping frame 1403638597.2778294
Dropping frame 1403638597.4778295
Dropping frame 1403638597.5778294
Dropping frame 1403638597.6778293
Dropping frame 1403638597.8778293
Dropping frame 1403638598.0778294
Dropping frame 1403638598.2778294
Dropping frame 1403638598.3778293
Dropping frame 1403638598.6278296
Dropping frame 1403638598.7778294
Dropping frame 1403638598.9778295
Dropping frame 1403638599.1778293
Dropping frame 1403638599.3778293
Dropping frame 1403638599.4778295
Dropping frame 1403638599.7278295
Dropping frame 1403638599.9278295
Dropping frame 1403638600.1278296
Dropping frame 1403638600.4778295
Dropping frame 1403638600.7278295
Dropping frame 1403638600.8778293
Dropping frame 1403638601.0778294
Dropping frame 1403638601.1778293
Dropping frame 1403638601.4278295
Dropping frame 1403638601.7278295
Dropping frame 1403638602.0778294
Dropping frame 1403638602.2778294
Dropping frame 1403638602.4278295
Dropping frame 1403638602.6278296
Dropping frame 1403638603.0778294
Dropping frame 1403638603.3278296
Dropping frame 1403638603.5278294
Dropping frame 1403638603.7778294
Dropping frame 1403638603.8778293
Dropping frame 1403638604.0778294
Dropping frame 1403638604.2778294
Dropping frame 1403638604.4778295
Dropping frame 1403638604.6278296
Dropping frame 1403638604.8278296
Dropping frame 1403638604.9278295
Dropping frame 1403638605.3278296
Dropping frame 1403638605.5278294
Dropping frame 1403638605.7778294
Dropping frame 1403638606.1778293
Dropping frame 1403638606.3778293
Dropping frame 1403638606.5278294
Dropping frame 1403638606.7278295
Dropping frame 1403638606.8278296
Dropping frame 1403638607.0778294
Dropping frame 1403638607.2278295
Dropping frame 1403638607.4278295
Dropping frame 1403638607.5778294
Dropping frame 1403638607.9278295
Dropping frame 1403638608.1278296
Dropping frame 1403638608.2278295
Dropping frame 1403638608.4778295
Dropping frame 1403638608.7778294
Dropping frame 1403638609.2278295
Dropping frame 1403638609.4278295
Dropping frame 1403638609.7278295
Dropping frame 1403638609.8778293
Dropping frame 1403638610.2278295
Dropping frame 1403638610.3278296
Dropping frame 1403638610.8778293
Dropping frame 1403638611.0278294
Dropping frame 1403638611.4778295
Dropping frame 1403638613.3778293
Dropping frame 1403638614.1278296
Dropping frame 1403638615.3278296
Dropping frame 1403638616.7778294
Dropping frame 1403638617.8778293
Dropping frame 1403638623.3778293
Dropping frame 1403638623.7278295
Dropping frame 1403638624.2778294
Dropping frame 1403638624.4778295
Dropping frame 1403638624.8278296
Dropping frame 1403638625.1278296
Dropping frame 1403638625.2278295
Dropping frame 1403638625.4278295
Dropping frame 1403638625.8278296
Dropping frame 1403638625.9278295
Dropping frame 1403638626.1278296
Dropping frame 1403638626.3778293
Dropping frame 1403638626.5278294
Dropping frame 1403638626.6278296
Dropping frame 1403638626.8778293
Dropping frame 1403638627.0778294
Dropping frame 1403638627.2778294
Dropping frame 1403638627.3778293
Dropping frame 1403638627.4778295
Dropping frame 1403638627.5778294
Dropping frame 1403638627.9278295
Dropping frame 1403638628.0278294
Dropping frame 1403638628.1278296
Dropping frame 1403638628.3278296
Dropping frame 1403638628.5278294
Dropping frame 1403638628.7278295
Dropping frame 1403638628.8278296
Dropping frame 1403638629.0778294
Dropping frame 1403638629.2778294
Dropping frame 1403638629.3778293
Dropping frame 1403638629.4778295
Dropping frame 1403638629.7278295
Dropping frame 1403638629.8278296
Dropping frame 1403638629.9278295
Dropping frame 1403638630.1278296
Dropping frame 1403638630.3278296
Dropping frame 1403638630.4278295
Dropping frame 1403638630.5278294
Dropping frame 1403638630.8278296
Dropping frame 1403638631.1778293
Dropping frame 1403638631.2778294
Dropping frame 1403638631.5278294
Dropping frame 1403638631.6278296
Shutdown
SLAM Finished at System Time: 1732013989.44084

 TIME STATS in ms (mean$\pm$std)
OpenCV version: 4.8.1
---------------------------
Tracking

ORB Extraction: 18.099$\pm$2.345
Stereo Matching: 8.2176$\pm$1.9062
IMU Preintegration: 0.20706$\pm$0.084405
Pose Prediction: 0.48182$\pm$1.305
LM Track: 17.602$\pm$5.2719
New KF decision: 1.0983$\pm$1.8933
Total Tracking: 33.018$\pm$23.968



Local Mapping

KF Insertion: 13.814$\pm$4.7683
MP Culling: 0.4691$\pm$0.20633
MP Creation: 43.204$\pm$15.894
LBA: 143.34$\pm$45.385
KF Culling: 10.688$\pm$8.3256
Total Local Mapping: 211.29$\pm$69.034
---------------------------

LBA complexity (mean$\pm$std)
LBA Edges: 1671.8$\pm$1012.6
LBA KF optimized: 6.5$\pm$2.2913
LBA KF fixed: 1$\pm$0
LBA MP: nan$\pm$nan

LBA executions: 410
LBA aborts: 0
---------------------------

Map complexity
KFs in map: 169
MPs in map: 13443
---------------------------

Place Recognition (mean$\pm$std)
Database Query: 2.2376$\pm$1.2739
SE3 estimation: 27.935$\pm$17.395
Total Place Recognition: 21.669$\pm$20.56


Loop Closing (mean$\pm$std)
Loop Fusion: nan$\pm$nan
Essential Graph: nan$\pm$nan
Total Loop Closing: nan$\pm$nan

Num exec: 0
Number of KFs: nan$\pm$nan

Map Merging (mean$\pm$std)
Merge Maps: nan$\pm$nan
Welding BA: nan$\pm$nan
Optimization Ess.: nan$\pm$nan
Total Map Merging: nan$\pm$nan

Num exec: 0
Number of KFs: nan$\pm$nan
Number of MPs: nan$\pm$nan

Full GBA (mean$\pm$std)
GBA: nan$\pm$nan
Map Update: nan$\pm$nan
Total Full GBA: nan$\pm$nan

Num exec: 0
Num abort: 0
Number of KFs: nan$\pm$nan
Number of MPs: nan$\pm$nan

Saving trajectory to f_dataset-MH05_stereo_imu.txt ...
There are 1 maps in the atlas
  Map 0 has 169 KFs

End of saving trajectory to f_dataset-MH05_stereo_imu.txt ...

Saving keyframe trajectory to kf_dataset-MH05_stereo_imu.txt ...
