num_seq = 1
file name: dataset-MH03_stereo_imu
Loading images for sequence 0...LOADED!
Loading IMU for sequence 0...LOADED!

-------

ORB-SLAM3 Copyright (C) 2017-2020 Carlos Campos, Richard Elvira, Juan J. Gómez, José M.M. Montiel and Juan D. Tardós, University of Zaragoza.
ORB-SLAM2 Copyright (C) 2014-2016 Raúl Mur-Artal, José M.M. Montiel and Juan D. Tardós, University of Zaragoza.
This program comes with ABSOLUTELY NO WARRANTY;
This is free software, and you are welcome to redistribute it
under certain conditions. See LICENSE.txt.

Built with REGISTER_TIMES
Git Commit Hash: 5ee9387

Compiled with C++ version: 201703

Input sensor was set to: Stereo-Inertial
Loading settings from ./Examples/Stereo-Inertial/EuRoC_fov_deadlines_mask_3x3.yaml
	-Loaded camera 1
	-Loaded camera 2
	-Loaded image info
	-Loaded IMU calibration
	-Loaded ORB settings
	-Loaded viewer settings
	-Loaded Atlas settings
Deadlines enabled, will skip frames!
FOV enabled
Static mask size: 3x3
Dumping map points enabled
	-Loaded misc parameters
	-Computed rectification maps
----------------------------------
SLAM settings: 
	-Camera 1 parameters (Pinhole): [ 458.65399169921875 457.29598999023438 367.21499633789062 248.375 ]
	-Camera 1 distortion parameters: [  -0.28340810537338257 0.073959067463874817 0.00019359000725671649 1.7618711353861727e-05 ]
	-Camera 2 parameters (Pinhole: [ 457.58700561523438 456.13400268554688 379.99899291992188 255.23800659179688 ]
	-Camera 1 distortion parameters: [  -0.2836836576461792 0.074512839317321777 -0.00010473000293131918 -3.555907096597366e-05 ]
	-Original image size: [ 752 , 480 ]
	-Current image size: [ 752 , 480 ]
	-Camera 1 parameters after rectification: [  456.71499633789062 456.71499633789062 364.52615356445312 257.268798828125 ]
	-Sequence FPS: 20
	-Stereo baseline: 0.11007784307003021
	-Stereo depth threshold : 60
	-Gyro noise: 0.00016999999934341758
	-Accelerometer noise: 0.0020000000949949026
	-Gyro walk: 1.9392999092815444e-05
	-Accelerometer walk: 0.0030000000260770321
	-IMU frequency: 200
	-Features per image: 1200
	-ORB scale factor: 1.2000000476837158
	-ORB number of scales: 8
	-Initial FAST threshold: 20
	-Min FAST threshold: 7


Loading ORB Vocabulary. This could take a while...
Vocabulary loaded!

Initialization of Atlas from scratch 
Creation of new map with id: 0
Creation of new map with last KF id: 0
Seq. Name: 
There are 1 cameras in the atlas
Camera 0 is pinhole
SLAM Started at System Time: 1734429819.01834
not IMU meas
not IMU meas
not enough acceleration
not enough acceleration
First KF:0; Map init KF:0
New Map created with 86 points
Active map: 0
Not enough motion for initializing. Reseting...
LM: Reseting current map in Local Mapping...
LM: End reseting Local Mapping...
LM: Reset free the mutex
Not enough motion for initializing. Reseting...
TRACK: Reset map because local mapper set the bad imu flag 
LM: Reseting current map in Local Mapping...
LM: End reseting Local Mapping...
LM: Reset free the mutex
LM: Active map reset recieved
LM: Active map reset, waiting...
LM: Reseting current map in Local Mapping...
LM: End reseting Local Mapping...
LM: Reset free the mutex
LM: Active map reset, Done!!!
mnFirstFrameId = 4
mnInitialFrameId = 0
53 Frames set to lost
not IMU meas
First KF:12; Map init KF:0
New Map created with 93 points
Active map: 0
Fail to track local map!
IMU is not or recently initialized. Reseting active map...
LM: Active map reset recieved
LM: Active map reset, waiting...
LM: Reseting current map in Local Mapping...
LM: End reseting Local Mapping...
LM: Reset free the mutex
LM: Active map reset, Done!!!
mnFirstFrameId = 59
mnInitialFrameId = 57
59 Frames set to lost
not IMU meas
First KF:14; Map init KF:12
New Map created with 146 points
Active map: 0
Fail to track local map!
IMU is not or recently initialized. Reseting active map...
LM: Active map reset recieved
LM: Active map reset, waiting...
LM: Reseting current map in Local Mapping...
LM: End reseting Local Mapping...
LM: Reset free the mutex
LM: Active map reset, Done!!!
mnFirstFrameId = 66
mnInitialFrameId = 64
65 Frames set to lost
not IMU meas
not enough acceleration
First KF:16; Map init KF:14
New Map created with 466 points
Active map: 0
Dropping frame 1403637134.5883191
Dropping frame 1403637134.7883189
Dropping frame 1403637134.888319
Fail to track local map!
IMU is not or recently initialized. Reseting active map...
LM: Active map reset recieved
LM: Active map reset, waiting...
LM: Reseting current map in Local Mapping...
LM: End reseting Local Mapping...
LM: Reset free the mutex
LM: Active map reset, Done!!!
mnFirstFrameId = 74
mnInitialFrameId = 71
78 Frames set to lost
not IMU meas
not enough acceleration
not enough acceleration
First KF:19; Map init KF:16
New Map created with 97 points
Active map: 0
Fail to track local map!
IMU is not or recently initialized. Reseting active map...
LM: Active map reset recieved
LM: Active map reset, waiting...
LM: Reseting current map in Local Mapping...
LM: End reseting Local Mapping...
LM: Reset free the mutex
LM: Active map reset, Done!!!
mnFirstFrameId = 90
mnInitialFrameId = 86
82 Frames set to lost
not IMU meas
First KF:20; Map init KF:19
New Map created with 209 points
Active map: 0
Fail to track local map!
IMU is not or recently initialized. Reseting active map...
LM: Active map reset recieved
LM: Active map reset, waiting...
LM: Reseting current map in Local Mapping...
LM: End reseting Local Mapping...
LM: Reset free the mutex
LM: Active map reset, Done!!!
mnFirstFrameId = 95
mnInitialFrameId = 93
86 Frames set to lost
not IMU meas
First KF:21; Map init KF:20
New Map created with 454 points
Active map: 0
Dropping frame 1403637136.0883191
Dropping frame 1403637136.3383191
Fail to track local map!
IMU is not or recently initialized. Reseting active map...
LM: Active map reset recieved
LM: Active map reset, waiting...
LM: Reseting current map in Local Mapping...
LM: End reseting Local Mapping...
LM: Reset free the mutex
LM: Active map reset, Done!!!
mnFirstFrameId = 100
mnInitialFrameId = 98
99 Frames set to lost
not IMU meas
First KF:24; Map init KF:21
New Map created with 130 points
Active map: 0
Fail to track local map!
IMU is not or recently initialized. Reseting active map...
LM: Active map reset recieved
LM: Active map reset, waiting...
LM: Reseting current map in Local Mapping...
LM: End reseting Local Mapping...
LM: Reset free the mutex
LM: Active map reset, Done!!!
mnFirstFrameId = 114
mnInitialFrameId = 112
108 Frames set to lost
not IMU meas
First KF:26; Map init KF:24
New Map created with 330 points
Active map: 0
Fail to track local map!
IMU is not or recently initialized. Reseting active map...
Dropping frame 1403637137.7883189
LM: Active map reset recieved
LM: Active map reset, waiting...
LM: Reseting current map in Local Mapping...
LM: End reseting Local Mapping...
LM: Reset free the mutex
LM: Active map reset, Done!!!
mnFirstFrameId = 124
mnInitialFrameId = 122
124 Frames set to lost
not IMU meas
First KF:29; Map init KF:26
New Map created with 121 points
Active map: 0
Fail to track local map!
IMU is not or recently initialized. Reseting active map...
LM: Active map reset recieved
LM: Active map reset, waiting...
LM: Reseting current map in Local Mapping...
LM: End reseting Local Mapping...
LM: Reset free the mutex
LM: Active map reset, Done!!!
mnFirstFrameId = 141
mnInitialFrameId = 139
127 Frames set to lost
not IMU meas
First KF:30; Map init KF:29
New Map created with 121 points
Active map: 0
Fail to track local map!
IMU is not or recently initialized. Reseting active map...
LM: Active map reset recieved
LM: Active map reset, waiting...
LM: Reseting current map in Local Mapping...
LM: End reseting Local Mapping...
LM: Reset free the mutex
LM: Active map reset, Done!!!
mnFirstFrameId = 145
mnInitialFrameId = 143
130 Frames set to lost
not IMU meas
First KF:31; Map init KF:30
New Map created with 246 points
Active map: 0
Fail to track local map!
IMU is not or recently initialized. Reseting active map...
LM: Active map reset recieved
LM: Active map reset, waiting...
LM: Reseting current map in Local Mapping...
LM: End reseting Local Mapping...
LM: Reset free the mutex
LM: Active map reset, Done!!!
mnFirstFrameId = 149
mnInitialFrameId = 147
136 Frames set to lost
not IMU meas
not enough acceleration
not enough acceleration
First KF:33; Map init KF:31
New Map created with 685 points
Active map: 0
Dropping frame 1403637139.188319
Fail to track local map!
IMU is not or recently initialized. Reseting active map...
LM: Active map reset recieved
LM: Active map reset, waiting...
LM: Reseting current map in Local Mapping...
LM: End reseting Local Mapping...
LM: Reset free the mutex
LM: Active map reset, Done!!!
mnFirstFrameId = 158
mnInitialFrameId = 154
146 Frames set to lost
not IMU meas
not enough acceleration
First KF:35; Map init KF:33
New Map created with 107 points
Active map: 0
Dropping frame 1403637139.4383192
Fail to track local map!
IMU is not or recently initialized. Reseting active map...
LM: Active map reset recieved
LM: Active map reset, waiting...
LM: Reseting current map in Local Mapping...
LM: End reseting Local Mapping...
LM: Reset free the mutex
LM: Active map reset, Done!!!
mnFirstFrameId = 170
mnInitialFrameId = 167
149 Frames set to lost
not IMU meas
not enough acceleration
not enough acceleration
not enough acceleration
not enough acceleration
First KF:36; Map init KF:35
New Map created with 54 points
Active map: 0
Fail to track local map!
IMU is not or recently initialized. Reseting active map...
LM: Active map reset recieved
LM: Active map reset, waiting...
LM: Reseting current map in Local Mapping...
LM: End reseting Local Mapping...
LM: Reset free the mutex
LM: Active map reset, Done!!!
mnFirstFrameId = 178
mnInitialFrameId = 172
151 Frames set to lost
not IMU meas
not enough acceleration
First KF:37; Map init KF:36
New Map created with 59 points
Active map: 0
Fail to track local map!
IMU is not or recently initialized. Reseting active map...
LM: Active map reset recieved
LM: Active map reset, waiting...
LM: Reseting current map in Local Mapping...
LM: End reseting Local Mapping...
LM: Reset free the mutex
LM: Active map reset, Done!!!
mnFirstFrameId = 182
mnInitialFrameId = 179
153 Frames set to lost
not IMU meas
First KF:38; Map init KF:37
New Map created with 77 points
Active map: 0
Not enough motion for initializing. Reseting...
LM: Reseting current map in Local Mapping...
LM: End reseting Local Mapping...
LM: Reset free the mutex
Not enough motion for initializing. Reseting...
LM: Reseting current map in Local Mapping...
LM: End reseting Local Mapping...
LM: Reset free the mutex
Not enough motion for initializing. Reseting...
LM: Reseting current map in Local Mapping...
LM: End reseting Local Mapping...
LM: Reset free the mutex
Not enough motion for initializing. Reseting...
LM: Reseting current map in Local Mapping...
LM: End reseting Local Mapping...
LM: Reset free the mutex
Not enough motion for initializing. Reseting...
LM: Reseting current map in Local Mapping...
LM: End reseting Local Mapping...
LM: Reset free the mutex
Not enough motion for initializing. Reseting...
LM: Reseting current map in Local Mapping...
LM: End reseting Local Mapping...
LM: Reset free the mutex
Not enough motion for initializing. Reseting...
TRACK: Reset map because local mapper set the bad imu flag 
LM: Reseting current map in Local Mapping...
LM: End reseting Local Mapping...
LM: Reset free the mutex
LM: Active map reset recieved
LM: Active map reset, waiting...
LM: Reseting current map in Local Mapping...
LM: End reseting Local Mapping...
LM: Reset free the mutex
LM: Active map reset, Done!!!
mnFirstFrameId = 185
mnInitialFrameId = 183
272 Frames set to lost
not IMU meas
not enough acceleration
not enough acceleration
not enough acceleration
not enough acceleration
not enough acceleration
not enough acceleration
not enough acceleration
not enough acceleration
not enough acceleration
not enough acceleration
not enough acceleration
not enough acceleration
not enough acceleration
not enough acceleration
not enough acceleration
not enough acceleration
not enough acceleration
not enough acceleration
not enough acceleration
not enough acceleration
not enough acceleration
not enough acceleration
not enough acceleration
not enough acceleration
not enough acceleration
not enough acceleration
not enough acceleration
not enough acceleration
not enough acceleration
not enough acceleration
not enough acceleration
not enough acceleration
not enough acceleration
not enough acceleration
not enough acceleration
not enough acceleration
not enough acceleration
not enough acceleration
not enough acceleration
not enough acceleration
not enough acceleration
not enough acceleration
not enough acceleration
not enough acceleration
not enough acceleration
not enough acceleration
not enough acceleration
not enough acceleration
not enough acceleration
not enough acceleration
not enough acceleration
not enough acceleration
not enough acceleration
not enough acceleration
not enough acceleration
not enough acceleration
not enough acceleration
not enough acceleration
not enough acceleration
not enough acceleration
not enough acceleration
not enough acceleration
not enough acceleration
not enough acceleration
not enough acceleration
not enough acceleration
not enough acceleration
not enough acceleration
not enough acceleration
not enough acceleration
First KF:55; Map init KF:38
New Map created with 66 points
Active map: 0
Fail to track local map!
IMU is not or recently initialized. Reseting active map...
LM: Active map reset recieved
LM: Active map reset, waiting...
LM: Reseting current map in Local Mapping...
LM: End reseting Local Mapping...
LM: Reset free the mutex
LM: Active map reset, Done!!!
mnFirstFrameId = 376
mnInitialFrameId = 304
284 Frames set to lost
not IMU meas
not enough acceleration
not enough acceleration
not enough acceleration
not enough acceleration
not enough acceleration
not enough acceleration
First KF:57; Map init KF:55
New Map created with 202 points
Active map: 0
Dropping frame 1403637152.0883191
Dropping frame 1403637152.4383192
Dropping frame 1403637153.138319
Dropping frame 1403637153.4383192
Dropping frame 1403637153.638319
Dropping frame 1403637154.4383192
Dropping frame 1403637154.5383191
Dropping frame 1403637155.138319
Dropping frame 1403637155.2383192
Dropping frame 1403637156.0883191
start VIBA 1
end VIBA 1
Dropping frame 1403637156.2883189
Dropping frame 1403637156.4383192
Dropping frame 1403637156.7383192
Dropping frame 1403637157.0883191
Dropping frame 1403637157.2883189
Dropping frame 1403637157.688319
Dropping frame 1403637158.2883189
Dropping frame 1403637159.7883189
Dropping frame 1403637163.5383191
Dropping frame 1403637164.0883191
Dropping frame 1403637165.888319
start VIBA 2
end VIBA 2
Dropping frame 1403637167.638319
Dropping frame 1403637178.0883191
Dropping frame 1403637178.4883189
Dropping frame 1403637178.7883189
Dropping frame 1403637179.7383192
Dropping frame 1403637180.0383191
Dropping frame 1403637180.3383191
Dropping frame 1403637180.4883189
Dropping frame 1403637180.688319
Dropping frame 1403637180.9883189
Dropping frame 1403637181.688319
Dropping frame 1403637182.188319
Dropping frame 1403637183.638319
Dropping frame 1403637184.5383191
Dropping frame 1403637184.8383191
Dropping frame 1403637184.9383192
Dropping frame 1403637185.2883189
Dropping frame 1403637185.5883191
Dropping frame 1403637185.888319
Dropping frame 1403637185.9883189
Dropping frame 1403637186.2883189
Dropping frame 1403637187.4383192
Dropping frame 1403637187.888319
Dropping frame 1403637188.188319
Dropping frame 1403637188.4883189
Dropping frame 1403637188.5883191
Dropping frame 1403637188.688319
Dropping frame 1403637188.888319
Dropping frame 1403637188.9883189
Dropping frame 1403637189.0883191
Dropping frame 1403637189.388319
Dropping frame 1403637189.4883189
Dropping frame 1403637189.8383191
Dropping frame 1403637189.9383192
Dropping frame 1403637190.0383191
Dropping frame 1403637190.188319
Dropping frame 1403637190.388319
Dropping frame 1403637190.5883191
Dropping frame 1403637190.688319
Dropping frame 1403637190.7883189
Dropping frame 1403637190.9383192
Dropping frame 1403637191.888319
Dropping frame 1403637192.0883191
Dropping frame 1403637192.188319
Dropping frame 1403637192.2883189
Dropping frame 1403637192.638319
Dropping frame 1403637193.2383192
Dropping frame 1403637193.388319
Dropping frame 1403637193.4883189
Dropping frame 1403637193.9883189
Dropping frame 1403637194.0883191
Dropping frame 1403637194.188319
Dropping frame 1403637194.2883189
Dropping frame 1403637194.688319
Dropping frame 1403637194.7883189
Dropping frame 1403637194.888319
Dropping frame 1403637194.9883189
Dropping frame 1403637195.0883191
Dropping frame 1403637195.2883189
Dropping frame 1403637195.388319
Dropping frame 1403637195.4883189
Dropping frame 1403637195.5883191
Dropping frame 1403637195.8383191
Dropping frame 1403637196.0383191
Dropping frame 1403637196.2383192
Dropping frame 1403637196.3383191
Dropping frame 1403637196.4383192
Dropping frame 1403637196.638319
Dropping frame 1403637196.8383191
Dropping frame 1403637197.0383191
Dropping frame 1403637197.138319
Dropping frame 1403637197.2883189
Dropping frame 1403637197.5383191
Dropping frame 1403637197.7383192
Dropping frame 1403637197.8383191
Dropping frame 1403637198.2383192
Dropping frame 1403637198.4383192
Dropping frame 1403637198.8383191
Dropping frame 1403637199.688319
Dropping frame 1403637203.7383192
Dropping frame 1403637207.9383192
Dropping frame 1403637209.0883191
Dropping frame 1403637209.188319
Dropping frame 1403637209.2883189
Dropping frame 1403637226.7383192
Dropping frame 1403637231.388319
Dropping frame 1403637231.4883189
Dropping frame 1403637231.8383191
Dropping frame 1403637232.188319
Dropping frame 1403637232.9883189
Dropping frame 1403637233.0883191
Dropping frame 1403637233.5383191
Dropping frame 1403637233.7883189
Dropping frame 1403637233.888319
Dropping frame 1403637233.9883189
Dropping frame 1403637235.2383192
Dropping frame 1403637235.688319
Dropping frame 1403637235.9883189
Dropping frame 1403637236.5383191
Dropping frame 1403637236.7383192
Dropping frame 1403637236.9883189
Dropping frame 1403637237.4383192
Dropping frame 1403637237.7883189
Dropping frame 1403637238.4883189
Dropping frame 1403637238.9883189
Dropping frame 1403637239.2383192
Dropping frame 1403637239.3383191
Dropping frame 1403637240.9383192
Dropping frame 1403637241.7383192
Dropping frame 1403637241.9883189
Dropping frame 1403637244.3383191
Dropping frame 1403637244.4383192
Dropping frame 1403637244.8383191
Dropping frame 1403637244.9383192
Dropping frame 1403637245.0383191
Dropping frame 1403637245.138319
Dropping frame 1403637245.4383192
Dropping frame 1403637245.5383191
Dropping frame 1403637245.638319
Dropping frame 1403637245.7383192
Dropping frame 1403637245.8383191
Dropping frame 1403637245.9383192
Dropping frame 1403637246.0383191
Dropping frame 1403637246.188319
Dropping frame 1403637246.688319
Dropping frame 1403637246.888319
Dropping frame 1403637246.9883189
Dropping frame 1403637247.138319
Dropping frame 1403637247.2383192
Dropping frame 1403637248.0383191
Dropping frame 1403637249.638319
Dropping frame 1403637250.0883191
Dropping frame 1403637250.188319
Dropping frame 1403637250.5383191
Dropping frame 1403637250.638319
Dropping frame 1403637250.7383192
Dropping frame 1403637250.8383191
Dropping frame 1403637250.9883189
Dropping frame 1403637251.0883191
Dropping frame 1403637251.4383192
Dropping frame 1403637251.5883191
Dropping frame 1403637251.7883189
Dropping frame 1403637251.888319
Dropping frame 1403637253.4383192
Dropping frame 1403637254.7383192
Dropping frame 1403637254.9383192
Dropping frame 1403637255.138319
Dropping frame 1403637260.388319
Dropping frame 1403637260.888319
Dropping frame 1403637261.0883191
Dropping frame 1403637261.2883189
Dropping frame 1403637261.4883189
Dropping frame 1403637261.7383192
Dropping frame 1403637261.9383192
Dropping frame 1403637262.138319
Dropping frame 1403637262.3383191
Dropping frame 1403637262.5383191
Dropping frame 1403637262.888319
Dropping frame 1403637263.0883191
Dropping frame 1403637263.188319
Dropping frame 1403637263.388319
Dropping frame 1403637263.4883189
Dropping frame 1403637264.4383192
Dropping frame 1403637264.8383191
Shutdown
SLAM Finished at System Time: 1734429976.05407

 TIME STATS in ms (mean$\pm$std)
OpenCV version: 4.8.1
---------------------------
Tracking

ORB Extraction: 12.509$\pm$1.9201
Stereo Matching: 6.0223$\pm$2.0314
IMU Preintegration: 0.25785$\pm$0.11981
Pose Prediction: 0.51258$\pm$1.4506
LM Track: 15.55$\pm$5.6177
New KF decision: 1.0173$\pm$2.0289
Total Tracking: 34.737$\pm$15.814



Local Mapping

KF Insertion: 9.5826$\pm$4.2303
MP Culling: 0.39302$\pm$0.23935
MP Creation: 33.914$\pm$18.65
LBA: 125.12$\pm$55.186
KF Culling: 10.944$\pm$8.6469
Total Local Mapping: 173.94$\pm$83.929
---------------------------

LBA complexity (mean$\pm$std)
LBA Edges: 1077.7$\pm$741.21
LBA KF optimized: 6.1111$\pm$2.4242
LBA KF fixed: 1$\pm$0
LBA MP: nan$\pm$nan

LBA executions: 518
LBA aborts: 0
---------------------------

Map complexity
KFs in map: 219
MPs in map: 15668
---------------------------

Place Recognition (mean$\pm$std)
Database Query: 1.3443$\pm$0.84748
SE3 estimation: 18.187$\pm$12.41
Total Place Recognition: 15.341$\pm$14.094


Loop Closing (mean$\pm$std)
Loop Fusion: nan$\pm$nan
Essential Graph: nan$\pm$nan
Total Loop Closing: nan$\pm$nan

Num exec: 0
Number of KFs: nan$\pm$nan

Map Merging (mean$\pm$std)
Merge Maps: nan$\pm$nan
Welding BA: nan$\pm$nan
Optimization Ess.: nan$\pm$nan
Total Map Merging: nan$\pm$nan

Num exec: 0
Number of KFs: nan$\pm$nan
Number of MPs: nan$\pm$nan

Full GBA (mean$\pm$std)
GBA: nan$\pm$nan
Map Update: nan$\pm$nan
Total Full GBA: nan$\pm$nan

Num exec: 0
Num abort: 0
Number of KFs: nan$\pm$nan
Number of MPs: nan$\pm$nan

Saving trajectory to f_dataset-MH03_stereo_imu.txt ...
There are 1 maps in the atlas
  Map 0 has 219 KFs

End of saving trajectory to f_dataset-MH03_stereo_imu.txt ...

Saving keyframe trajectory to kf_dataset-MH03_stereo_imu.txt ...
