num_seq = 1
file name: dataset-MH01_stereo_imu
Loading images for sequence 0...LOADED!
Loading IMU for sequence 0...LOADED!

-------

ORB-SLAM3 Copyright (C) 2017-2020 Carlos Campos, Richard Elvira, Juan J. Gómez, José M.M. Montiel and Juan D. Tardós, University of Zaragoza.
ORB-SLAM2 Copyright (C) 2014-2016 Raúl Mur-Artal, José M.M. Montiel and Juan D. Tardós, University of Zaragoza.
This program comes with ABSOLUTELY NO WARRANTY;
This is free software, and you are welcome to redistribute it
under certain conditions. See LICENSE.txt.

Built with REGISTER_TIMES
Git Commit Hash: 5ee9387

Compiled with C++ version: 201703

Input sensor was set to: Stereo-Inertial
Loading settings from ./Examples/Stereo-Inertial/EuRoC_fov_deadlines_mask_7x7.yaml
	-Loaded camera 1
	-Loaded camera 2
	-Loaded image info
	-Loaded IMU calibration
	-Loaded ORB settings
	-Loaded viewer settings
	-Loaded Atlas settings
Deadlines enabled, will skip frames!
FOV enabled
Static mask size: 7x7
Dumping map points enabled
	-Loaded misc parameters
	-Computed rectification maps
----------------------------------
SLAM settings: 
	-Camera 1 parameters (Pinhole): [ 458.65399169921875 457.29598999023438 367.21499633789062 248.375 ]
	-Camera 1 distortion parameters: [  -0.28340810537338257 0.073959067463874817 0.00019359000725671649 1.7618711353861727e-05 ]
	-Camera 2 parameters (Pinhole: [ 457.58700561523438 456.13400268554688 379.99899291992188 255.23800659179688 ]
	-Camera 1 distortion parameters: [  -0.2836836576461792 0.074512839317321777 -0.00010473000293131918 -3.555907096597366e-05 ]
	-Original image size: [ 752 , 480 ]
	-Current image size: [ 752 , 480 ]
	-Camera 1 parameters after rectification: [  456.71499633789062 456.71499633789062 364.52615356445312 257.268798828125 ]
	-Sequence FPS: 20
	-Stereo baseline: 0.11007784307003021
	-Stereo depth threshold : 60
	-Gyro noise: 0.00016999999934341758
	-Accelerometer noise: 0.0020000000949949026
	-Gyro walk: 1.9392999092815444e-05
	-Accelerometer walk: 0.0030000000260770321
	-IMU frequency: 200
	-Features per image: 1200
	-ORB scale factor: 1.2000000476837158
	-ORB number of scales: 8
	-Initial FAST threshold: 20
	-Min FAST threshold: 7


Loading ORB Vocabulary. This could take a while...
Vocabulary loaded!

Initialization of Atlas from scratch 
Creation of new map with id: 0
Creation of new map with last KF id: 0
Seq. Name: 
There are 1 cameras in the atlas
Camera 0 is pinhole
SLAM Started at System Time: 1734432789.2339
not IMU meas
not IMU meas
not enough acceleration
not enough acceleration
First KF:0; Map init KF:0
New Map created with 543 points
Active map: 0
Dropping frame 1403636580.0135555
Dropping frame 1403636580.2135556
Dropping frame 1403636581.2635555
Dropping frame 1403636581.6635556
Dropping frame 1403636581.9635556
Dropping frame 1403636582.2135556
Dropping frame 1403636582.3635557
Dropping frame 1403636582.6635556
Dropping frame 1403636583.0635555
Dropping frame 1403636583.6135554
Dropping frame 1403636583.7635555
Dropping frame 1403636583.9635556
Dropping frame 1403636584.0635555
Dropping frame 1403636584.3135555
Dropping frame 1403636584.4135554
Dropping frame 1403636584.5635555
Dropping frame 1403636584.6635556
Dropping frame 1403636584.8635557
Dropping frame 1403636585.1135554
Dropping frame 1403636585.3635557
start VIBA 1
Dropping frame 1403636585.6635556
end VIBA 1
Dropping frame 1403636586.3135555
Dropping frame 1403636586.4135554
Dropping frame 1403636586.7635555
Dropping frame 1403636586.8635557
Dropping frame 1403636587.1135554
Dropping frame 1403636587.4635556
Dropping frame 1403636587.6135554
Dropping frame 1403636587.8635557
Dropping frame 1403636587.9635556
Dropping frame 1403636588.3135555
Dropping frame 1403636589.0635555
Dropping frame 1403636589.6635556
Dropping frame 1403636589.8635557
Dropping frame 1403636590.2135556
Dropping frame 1403636590.3135555
Dropping frame 1403636590.5635555
Dropping frame 1403636590.9635556
Dropping frame 1403636591.3135555
Dropping frame 1403636591.7135556
Dropping frame 1403636592.1635556
Dropping frame 1403636592.3635557
Dropping frame 1403636592.6635556
Dropping frame 1403636593.1135554
Dropping frame 1403636593.8635557
Dropping frame 1403636594.4635556
Dropping frame 1403636594.6135554
Dropping frame 1403636594.8635557
Dropping frame 1403636595.1135554
Dropping frame 1403636595.4135554
Dropping frame 1403636595.5635555
start VIBA 2
end VIBA 2
Dropping frame 1403636595.9135554
Dropping frame 1403636596.0635555
Dropping frame 1403636596.2635555
Dropping frame 1403636596.6135554
Dropping frame 1403636596.9135554
Dropping frame 1403636597.3635557
Dropping frame 1403636597.6135554
Dropping frame 1403636599.9635556
Dropping frame 1403636600.0635555
Dropping frame 1403636600.3635557
Dropping frame 1403636600.7135556
Dropping frame 1403636601.1635556
Dropping frame 1403636601.3635557
Dropping frame 1403636601.8135555
Dropping frame 1403636602.1135554
Dropping frame 1403636602.4135554
Dropping frame 1403636603.1635556
Dropping frame 1403636603.3135555
Dropping frame 1403636603.7635555
Dropping frame 1403636604.5135555
Dropping frame 1403636608.7135556
Dropping frame 1403636610.4635556
Dropping frame 1403636611.5135555
Dropping frame 1403636615.4135554
Dropping frame 1403636616.1635556
Dropping frame 1403636619.1135554
Dropping frame 1403636621.6135554
Dropping frame 1403636629.5635555
Dropping frame 1403636633.6635556
Dropping frame 1403636634.0135555
Dropping frame 1403636634.2635555
Dropping frame 1403636634.5635555
Dropping frame 1403636634.8635557
Dropping frame 1403636635.4135554
Dropping frame 1403636635.8635557
Dropping frame 1403636636.0135555
Dropping frame 1403636636.3635557
Dropping frame 1403636636.6135554
Dropping frame 1403636636.7635555
Dropping frame 1403636637.0135555
Dropping frame 1403636637.1135554
Dropping frame 1403636637.6135554
Dropping frame 1403636637.9135554
Dropping frame 1403636638.3135555
Dropping frame 1403636639.4635556
Dropping frame 1403636639.7635555
Dropping frame 1403636640.0135555
Dropping frame 1403636640.1135554
Dropping frame 1403636640.5135555
Dropping frame 1403636640.7135556
Dropping frame 1403636640.9635556
Dropping frame 1403636641.1135554
Dropping frame 1403636641.2135556
Dropping frame 1403636641.3635557
Dropping frame 1403636641.4635556
Dropping frame 1403636641.5635555
Dropping frame 1403636641.8135555
Dropping frame 1403636641.9135554
Dropping frame 1403636642.0635555
Dropping frame 1403636642.2135556
Dropping frame 1403636642.3635557
Dropping frame 1403636642.6135554
Dropping frame 1403636643.0135555
Dropping frame 1403636643.1635556
Dropping frame 1403636643.2635555
Dropping frame 1403636643.3635557
Dropping frame 1403636643.4635556
Dropping frame 1403636643.6635556
Dropping frame 1403636643.7635555
Dropping frame 1403636643.9135554
Dropping frame 1403636644.0135555
Dropping frame 1403636644.2635555
Dropping frame 1403636644.3635557
Dropping frame 1403636644.4635556
Dropping frame 1403636644.7135556
Dropping frame 1403636644.8135555
Dropping frame 1403636644.9135554
Dropping frame 1403636645.2135556
Dropping frame 1403636645.3135555
Dropping frame 1403636645.4635556
Dropping frame 1403636645.7135556
Dropping frame 1403636646.0135555
Dropping frame 1403636646.4135554
Dropping frame 1403636646.5135555
Dropping frame 1403636646.8135555
Dropping frame 1403636647.0635555
Dropping frame 1403636647.3135555
Dropping frame 1403636647.4135554
Dropping frame 1403636647.8135555
Dropping frame 1403636648.1635556
Dropping frame 1403636648.4135554
Dropping frame 1403636648.5135555
Dropping frame 1403636648.6135554
Dropping frame 1403636648.7135556
Dropping frame 1403636648.9135554
Dropping frame 1403636649.1135554
Dropping frame 1403636649.2135556
Dropping frame 1403636649.7635555
Dropping frame 1403636649.8635557
Dropping frame 1403636649.9635556
Dropping frame 1403636650.1135554
Dropping frame 1403636650.3635557
Dropping frame 1403636650.6635556
Dropping frame 1403636650.9135554
Dropping frame 1403636651.3635557
Dropping frame 1403636652.2635555
Dropping frame 1403636652.5635555
Dropping frame 1403636652.7135556
Dropping frame 1403636652.8135555
Dropping frame 1403636653.0135555
Dropping frame 1403636653.2135556
Dropping frame 1403636653.4135554
Dropping frame 1403636653.5635555
Dropping frame 1403636653.6635556
Dropping frame 1403636654.1135554
Dropping frame 1403636654.4635556
Dropping frame 1403636654.5635555
Dropping frame 1403636654.7635555
Dropping frame 1403636654.9635556
Dropping frame 1403636655.0635555
Dropping frame 1403636655.2635555
Dropping frame 1403636655.4635556
Dropping frame 1403636655.6635556
Dropping frame 1403636656.0135555
Dropping frame 1403636656.2135556
Dropping frame 1403636656.3135555
Dropping frame 1403636656.5135555
Dropping frame 1403636656.7635555
Dropping frame 1403636656.8635557
Dropping frame 1403636657.0635555
Dropping frame 1403636657.1635556
Dropping frame 1403636657.3135555
Dropping frame 1403636657.5135555
Dropping frame 1403636657.6135554
Dropping frame 1403636657.7135556
Dropping frame 1403636657.8135555
Dropping frame 1403636657.9135554
Dropping frame 1403636658.2135556
Dropping frame 1403636658.3135555
Dropping frame 1403636658.5135555
Dropping frame 1403636658.7135556
Dropping frame 1403636658.9135554
Dropping frame 1403636659.1135554
Dropping frame 1403636659.2135556
Dropping frame 1403636659.3135555
Dropping frame 1403636659.5135555
Dropping frame 1403636659.7135556
Dropping frame 1403636659.8135555
Dropping frame 1403636660.0135555
Dropping frame 1403636660.2135556
Dropping frame 1403636660.3135555
Dropping frame 1403636660.4135554
Dropping frame 1403636660.5135555
Dropping frame 1403636660.7135556
Dropping frame 1403636660.9135554
Dropping frame 1403636661.1135554
Dropping frame 1403636661.2135556
Dropping frame 1403636661.3135555
Dropping frame 1403636661.5635555
Dropping frame 1403636661.7635555
Dropping frame 1403636661.9635556
Dropping frame 1403636662.0635555
Dropping frame 1403636662.2135556
Dropping frame 1403636662.4635556
Dropping frame 1403636662.6635556
Dropping frame 1403636662.7635555
Dropping frame 1403636662.9635556
Dropping frame 1403636663.0635555
Dropping frame 1403636663.1635556
Dropping frame 1403636663.2635555
Dropping frame 1403636663.4635556
Dropping frame 1403636663.5635555
Dropping frame 1403636663.6635556
Dropping frame 1403636663.9635556
Dropping frame 1403636664.0635555
Dropping frame 1403636664.3135555
Dropping frame 1403636664.5635555
Dropping frame 1403636664.8135555
Dropping frame 1403636665.1635556
Dropping frame 1403636665.2635555
Dropping frame 1403636665.3635557
Dropping frame 1403636665.6135554
Dropping frame 1403636665.7135556
Dropping frame 1403636665.8135555
Dropping frame 1403636666.0635555
Dropping frame 1403636666.2635555
Dropping frame 1403636666.3635557
Dropping frame 1403636666.5135555
Dropping frame 1403636666.6635556
Dropping frame 1403636666.9135554
Dropping frame 1403636667.1135554
Dropping frame 1403636667.4135554
Dropping frame 1403636667.5635555
Dropping frame 1403636667.6635556
Dropping frame 1403636667.8635557
Dropping frame 1403636668.0635555
Dropping frame 1403636668.2635555
Dropping frame 1403636668.4635556
Dropping frame 1403636668.5635555
Dropping frame 1403636668.6635556
Dropping frame 1403636668.8635557
Dropping frame 1403636668.9635556
Dropping frame 1403636669.2135556
Dropping frame 1403636669.4135554
Dropping frame 1403636669.5135555
Dropping frame 1403636669.7135556
Dropping frame 1403636669.9135554
Dropping frame 1403636670.0635555
Dropping frame 1403636670.2635555
Dropping frame 1403636670.4635556
Dropping frame 1403636670.6635556
Dropping frame 1403636670.7635555
Dropping frame 1403636670.9635556
Dropping frame 1403636671.0635555
Dropping frame 1403636671.1635556
Dropping frame 1403636671.2635555
Dropping frame 1403636671.4635556
Dropping frame 1403636671.5635555
Dropping frame 1403636671.6635556
Dropping frame 1403636671.8135555
Dropping frame 1403636672.0135555
Dropping frame 1403636672.3635557
Dropping frame 1403636672.4635556
Dropping frame 1403636672.6135554
Dropping frame 1403636672.7635555
Dropping frame 1403636672.8635557
Dropping frame 1403636673.1135554
Dropping frame 1403636673.2635555
Dropping frame 1403636673.3635557
Dropping frame 1403636673.4635556
Dropping frame 1403636673.5635555
Dropping frame 1403636673.6635556
Dropping frame 1403636673.7635555
Dropping frame 1403636673.8635557
Dropping frame 1403636674.1135554
Dropping frame 1403636674.2135556
Dropping frame 1403636674.5635555
Dropping frame 1403636674.6635556
Dropping frame 1403636675.0135555
Dropping frame 1403636675.2635555
Dropping frame 1403636675.5135555
Dropping frame 1403636675.7635555
Dropping frame 1403636675.8635557
Dropping frame 1403636676.1135554
Dropping frame 1403636676.4135554
Dropping frame 1403636676.5135555
Dropping frame 1403636676.7135556
Dropping frame 1403636676.9135554
Dropping frame 1403636677.1135554
Dropping frame 1403636677.2135556
Dropping frame 1403636677.4135554
Dropping frame 1403636677.6135554
Dropping frame 1403636677.7135556
Dropping frame 1403636677.8135555
Dropping frame 1403636678.1635556
Dropping frame 1403636678.3635557
Dropping frame 1403636678.4635556
Dropping frame 1403636678.7135556
Dropping frame 1403636678.8135555
Dropping frame 1403636679.2135556
Dropping frame 1403636679.5135555
Dropping frame 1403636679.6135554
Dropping frame 1403636679.9135554
Dropping frame 1403636680.2135556
Dropping frame 1403636680.6135554
Dropping frame 1403636681.4635556
Dropping frame 1403636681.8635557
Dropping frame 1403636682.2635555
Dropping frame 1403636682.5135555
Dropping frame 1403636682.6635556
Dropping frame 1403636683.0135555
Dropping frame 1403636683.3635557
Dropping frame 1403636683.6135554
Dropping frame 1403636683.9635556
Dropping frame 1403636684.1635556
Dropping frame 1403636684.5135555
Dropping frame 1403636684.8635557
Dropping frame 1403636685.3135555
Dropping frame 1403636685.5135555
Dropping frame 1403636685.7135556
Dropping frame 1403636685.8135555
Dropping frame 1403636686.1135554
Dropping frame 1403636686.2135556
Dropping frame 1403636686.6135554
Dropping frame 1403636686.9135554
Dropping frame 1403636687.3135555
Dropping frame 1403636687.5135555
Dropping frame 1403636687.9635556
Dropping frame 1403636688.1135554
Dropping frame 1403636688.3135555
Dropping frame 1403636688.6135554
Dropping frame 1403636688.8135555
Dropping frame 1403636689.0635555
Dropping frame 1403636689.3635557
Dropping frame 1403636689.4635556
Dropping frame 1403636689.7135556
Dropping frame 1403636689.8135555
Dropping frame 1403636690.0635555
Dropping frame 1403636690.2635555
Dropping frame 1403636690.5635555
Dropping frame 1403636690.8635557
Dropping frame 1403636691.3135555
Dropping frame 1403636691.4635556
Dropping frame 1403636691.6635556
Dropping frame 1403636692.0135555
Dropping frame 1403636692.2635555
Dropping frame 1403636692.3635557
Dropping frame 1403636692.5635555
Dropping frame 1403636692.7635555
Dropping frame 1403636692.9635556
Dropping frame 1403636693.1635556
Dropping frame 1403636693.5635555
Dropping frame 1403636693.6635556
Dropping frame 1403636693.9635556
Dropping frame 1403636694.6635556
Dropping frame 1403636695.0635555
Dropping frame 1403636696.3135555
Dropping frame 1403636696.7635555
Dropping frame 1403636696.8635557
Dropping frame 1403636697.2635555
Dropping frame 1403636697.3635557
Dropping frame 1403636697.5135555
Dropping frame 1403636697.7135556
Dropping frame 1403636698.0135555
Dropping frame 1403636698.1135554
Dropping frame 1403636698.2135556
Dropping frame 1403636698.3135555
Dropping frame 1403636698.5635555
Dropping frame 1403636698.6635556
Dropping frame 1403636698.8635557
Dropping frame 1403636699.0635555
Dropping frame 1403636699.1635556
Dropping frame 1403636699.4635556
Dropping frame 1403636699.5635555
Dropping frame 1403636700.0135555
Dropping frame 1403636700.1135554
Dropping frame 1403636700.5135555
Dropping frame 1403636700.9635556
Dropping frame 1403636701.4635556
Dropping frame 1403636701.7635555
Dropping frame 1403636701.9635556
Dropping frame 1403636702.0635555
Dropping frame 1403636702.3135555
Dropping frame 1403636702.4135554
Dropping frame 1403636702.5135555
Dropping frame 1403636702.7635555
Dropping frame 1403636702.9635556
Dropping frame 1403636703.0635555
Dropping frame 1403636703.1635556
Dropping frame 1403636703.3635557
Dropping frame 1403636703.5135555
Dropping frame 1403636705.0635555
Dropping frame 1403636705.2635555
Dropping frame 1403636705.4635556
Dropping frame 1403636705.5635555
Dropping frame 1403636705.7635555
Dropping frame 1403636705.8635557
Dropping frame 1403636705.9635556
Dropping frame 1403636706.1635556
Dropping frame 1403636706.2635555
Dropping frame 1403636706.3635557
Dropping frame 1403636706.4635556
Dropping frame 1403636706.5635555
Dropping frame 1403636706.6635556
Dropping frame 1403636706.8635557
Dropping frame 1403636707.0635555
Dropping frame 1403636707.1635556
Dropping frame 1403636707.3635557
Dropping frame 1403636707.4635556
Dropping frame 1403636707.6635556
Dropping frame 1403636707.8635557
Dropping frame 1403636707.9635556
Dropping frame 1403636708.0635555
Dropping frame 1403636708.1635556
Dropping frame 1403636708.3635557
Dropping frame 1403636708.4635556
Dropping frame 1403636708.6635556
Dropping frame 1403636708.8635557
Dropping frame 1403636709.0635555
Dropping frame 1403636709.2635555
Dropping frame 1403636709.4635556
Dropping frame 1403636709.6635556
Dropping frame 1403636709.8635557
Dropping frame 1403636709.9635556
Dropping frame 1403636710.1135554
Dropping frame 1403636710.3135555
Dropping frame 1403636710.5135555
Dropping frame 1403636710.6135554
Dropping frame 1403636710.7135556
Dropping frame 1403636710.8135555
Dropping frame 1403636710.9635556
Dropping frame 1403636711.1635556
Dropping frame 1403636711.3635557
Dropping frame 1403636711.4635556
Dropping frame 1403636711.5635555
Dropping frame 1403636711.6635556
Dropping frame 1403636711.8135555
Dropping frame 1403636712.0135555
Dropping frame 1403636712.1135554
Dropping frame 1403636712.2135556
Dropping frame 1403636712.3135555
Dropping frame 1403636712.5135555
Dropping frame 1403636712.6135554
Dropping frame 1403636712.7135556
Dropping frame 1403636712.9635556
Dropping frame 1403636713.1635556
Dropping frame 1403636713.3635557
Dropping frame 1403636713.5635555
Dropping frame 1403636713.6635556
Dropping frame 1403636713.7635555
Dropping frame 1403636713.8635557
Dropping frame 1403636714.0635555
Dropping frame 1403636714.1635556
Dropping frame 1403636714.2635555
Dropping frame 1403636714.3635557
Dropping frame 1403636714.6135554
Dropping frame 1403636714.8135555
Dropping frame 1403636714.9135554
Dropping frame 1403636715.0135555
Dropping frame 1403636715.2135556
Dropping frame 1403636715.3635557
Dropping frame 1403636715.5635555
Dropping frame 1403636715.6635556
Dropping frame 1403636715.7635555
Dropping frame 1403636715.9635556
Dropping frame 1403636716.1635556
Dropping frame 1403636716.2635555
Dropping frame 1403636716.5135555
Dropping frame 1403636716.6135554
Dropping frame 1403636716.7135556
Dropping frame 1403636716.9135554
Dropping frame 1403636717.1135554
Dropping frame 1403636717.3135555
Dropping frame 1403636717.4135554
Dropping frame 1403636717.5135555
Dropping frame 1403636717.6135554
Dropping frame 1403636717.7135556
Dropping frame 1403636717.9635556
Dropping frame 1403636718.0635555
Dropping frame 1403636718.1635556
Dropping frame 1403636718.3635557
Dropping frame 1403636718.5635555
Dropping frame 1403636718.6635556
Dropping frame 1403636718.7635555
Dropping frame 1403636719.0135555
Dropping frame 1403636719.2135556
Dropping frame 1403636719.3135555
Dropping frame 1403636719.4135554
Dropping frame 1403636719.5135555
Dropping frame 1403636719.6135554
Dropping frame 1403636719.9135554
Dropping frame 1403636720.0135555
Dropping frame 1403636720.1135554
Dropping frame 1403636720.2135556
Dropping frame 1403636720.4635556
Dropping frame 1403636720.6635556
Dropping frame 1403636720.7635555
Dropping frame 1403636720.8635557
Dropping frame 1403636720.9635556
Dropping frame 1403636721.0635555
Dropping frame 1403636721.2635555
Dropping frame 1403636721.4135554
Dropping frame 1403636721.5635555
Dropping frame 1403636721.7635555
Dropping frame 1403636721.8635557
Dropping frame 1403636721.9635556
Dropping frame 1403636722.0635555
Dropping frame 1403636722.2635555
Dropping frame 1403636722.4635556
Dropping frame 1403636722.5635555
Dropping frame 1403636722.6635556
Dropping frame 1403636722.7635555
Dropping frame 1403636722.8635557
Dropping frame 1403636723.0135555
Dropping frame 1403636723.1135554
Dropping frame 1403636723.2135556
Dropping frame 1403636723.5135555
Dropping frame 1403636723.6135554
Dropping frame 1403636723.8635557
Dropping frame 1403636723.9635556
Dropping frame 1403636724.0635555
Dropping frame 1403636724.1635556
Dropping frame 1403636724.3135555
Dropping frame 1403636724.4135554
Dropping frame 1403636724.6135554
Dropping frame 1403636724.7135556
Dropping frame 1403636724.8135555
Dropping frame 1403636725.0635555
Dropping frame 1403636725.2635555
Dropping frame 1403636725.4135554
Dropping frame 1403636725.6635556
Dropping frame 1403636725.7635555
Dropping frame 1403636725.9635556
Dropping frame 1403636726.0635555
Dropping frame 1403636726.2135556
Dropping frame 1403636726.5135555
Dropping frame 1403636726.6135554
Dropping frame 1403636726.7135556
Dropping frame 1403636726.8135555
Dropping frame 1403636726.9135554
Dropping frame 1403636727.0135555
Dropping frame 1403636727.2135556
Dropping frame 1403636727.3135555
Dropping frame 1403636727.4135554
Dropping frame 1403636727.5135555
Dropping frame 1403636727.7135556
Dropping frame 1403636727.8135555
Dropping frame 1403636727.9135554
Dropping frame 1403636728.0135555
Dropping frame 1403636728.1135554
Dropping frame 1403636728.2135556
Dropping frame 1403636728.4135554
Dropping frame 1403636728.5135555
Dropping frame 1403636728.6135554
Dropping frame 1403636728.8135555
Dropping frame 1403636728.9135554
Dropping frame 1403636729.0135555
Dropping frame 1403636729.1135554
Dropping frame 1403636729.2635555
Dropping frame 1403636729.4635556
Dropping frame 1403636729.5635555
Dropping frame 1403636729.6635556
Dropping frame 1403636729.8135555
Dropping frame 1403636730.0635555
Dropping frame 1403636730.1635556
Dropping frame 1403636730.2635555
Dropping frame 1403636730.3635557
Dropping frame 1403636730.7635555
Dropping frame 1403636730.8635557
Dropping frame 1403636730.9635556
Dropping frame 1403636731.1635556
Dropping frame 1403636731.4635556
Dropping frame 1403636731.6635556
Dropping frame 1403636731.7635555
Dropping frame 1403636731.8635557
Dropping frame 1403636731.9635556
Dropping frame 1403636732.8135555
Dropping frame 1403636732.9135554
Dropping frame 1403636733.3135555
Dropping frame 1403636733.4635556
Dropping frame 1403636733.8135555
Dropping frame 1403636733.9135554
Dropping frame 1403636734.0135555
Dropping frame 1403636734.2135556
Dropping frame 1403636734.3135555
Dropping frame 1403636734.6135554
Dropping frame 1403636734.7135556
Dropping frame 1403636734.9135554
Dropping frame 1403636735.1635556
Dropping frame 1403636735.2635555
Dropping frame 1403636735.5135555
Dropping frame 1403636735.6135554
Dropping frame 1403636735.7135556
Dropping frame 1403636735.8135555
Dropping frame 1403636736.0635555
Dropping frame 1403636736.1635556
Dropping frame 1403636736.2635555
Dropping frame 1403636736.4635556
Dropping frame 1403636736.5635555
Dropping frame 1403636736.6635556
Dropping frame 1403636736.7635555
Dropping frame 1403636736.9635556
Dropping frame 1403636737.0635555
Dropping frame 1403636737.1635556
Dropping frame 1403636737.2635555
Dropping frame 1403636737.5135555
Dropping frame 1403636737.7135556
Dropping frame 1403636737.9135554
Dropping frame 1403636738.1135554
Dropping frame 1403636738.3135555
Dropping frame 1403636738.4135554
Dropping frame 1403636738.5135555
Dropping frame 1403636738.7635555
Dropping frame 1403636738.8635557
Dropping frame 1403636738.9635556
Dropping frame 1403636739.1635556
Dropping frame 1403636739.3135555
Dropping frame 1403636739.6135554
Dropping frame 1403636739.7135556
Dropping frame 1403636739.8635557
Dropping frame 1403636739.9635556
Dropping frame 1403636740.1635556
Dropping frame 1403636740.4135554
Dropping frame 1403636740.5135555
Dropping frame 1403636740.8135555
Dropping frame 1403636741.1135554
Dropping frame 1403636741.3635557
Dropping frame 1403636741.4635556
Dropping frame 1403636741.5635555
Dropping frame 1403636741.7635555
Dropping frame 1403636741.9635556
Dropping frame 1403636742.0635555
Dropping frame 1403636742.1635556
Dropping frame 1403636742.2635555
Dropping frame 1403636742.4635556
Dropping frame 1403636742.6635556
Dropping frame 1403636742.7635555
Dropping frame 1403636742.8635557
Dropping frame 1403636743.0635555
Dropping frame 1403636743.1635556
Dropping frame 1403636743.2635555
Dropping frame 1403636743.4635556
Dropping frame 1403636743.7635555
Dropping frame 1403636743.8635557
Dropping frame 1403636743.9635556
Dropping frame 1403636744.1635556
Dropping frame 1403636744.2635555
Dropping frame 1403636744.3635557
Dropping frame 1403636744.5635555
Dropping frame 1403636744.8135555
Dropping frame 1403636745.0135555
Dropping frame 1403636745.1135554
Dropping frame 1403636745.2135556
Dropping frame 1403636745.5135555
Dropping frame 1403636745.6135554
Dropping frame 1403636745.7135556
Dropping frame 1403636745.9135554
Dropping frame 1403636746.0635555
Dropping frame 1403636746.2135556
Dropping frame 1403636746.4135554
Dropping frame 1403636746.6135554
Dropping frame 1403636746.7135556
Dropping frame 1403636746.8135555
Dropping frame 1403636746.9135554
Dropping frame 1403636747.0635555
Dropping frame 1403636747.1635556
Dropping frame 1403636747.3635557
Dropping frame 1403636747.4635556
Dropping frame 1403636747.5635555
Dropping frame 1403636747.8635557
Dropping frame 1403636747.9635556
Dropping frame 1403636748.0635555
Dropping frame 1403636748.2135556
Dropping frame 1403636748.4135554
Dropping frame 1403636748.6135554
Dropping frame 1403636748.7135556
Dropping frame 1403636748.9135554
Dropping frame 1403636749.0135555
Dropping frame 1403636749.1135554
Dropping frame 1403636749.3135555
Dropping frame 1403636749.4135554
Dropping frame 1403636749.5135555
Dropping frame 1403636749.9635556
Dropping frame 1403636750.1635556
Dropping frame 1403636750.2635555
Dropping frame 1403636750.3635557
Dropping frame 1403636750.4635556
Dropping frame 1403636750.6635556
Dropping frame 1403636750.8635557
Dropping frame 1403636751.0635555
Dropping frame 1403636751.1635556
Dropping frame 1403636751.3635557
Dropping frame 1403636751.4635556
Dropping frame 1403636751.7135556
Dropping frame 1403636751.8135555
Dropping frame 1403636751.9135554
Dropping frame 1403636752.0135555
Dropping frame 1403636752.1135554
Dropping frame 1403636752.3135555
Dropping frame 1403636752.5135555
Dropping frame 1403636752.7135556
Dropping frame 1403636752.9135554
Dropping frame 1403636753.0135555
Dropping frame 1403636753.1135554
Dropping frame 1403636753.2135556
Dropping frame 1403636753.4135554
Dropping frame 1403636753.6135554
Dropping frame 1403636753.7135556
Dropping frame 1403636753.9635556
Dropping frame 1403636754.0635555
Dropping frame 1403636754.1635556
Dropping frame 1403636754.3635557
Dropping frame 1403636754.5635555
Dropping frame 1403636754.6635556
Dropping frame 1403636754.7635555
Dropping frame 1403636754.8635557
Dropping frame 1403636754.9635556
Dropping frame 1403636755.1635556
Dropping frame 1403636755.3635557
Dropping frame 1403636755.4635556
Dropping frame 1403636755.5635555
Dropping frame 1403636755.6635556
Dropping frame 1403636755.7635555
Dropping frame 1403636755.8635557
Dropping frame 1403636756.0135555
Dropping frame 1403636756.2135556
Dropping frame 1403636756.4135554
Dropping frame 1403636756.5135555
Dropping frame 1403636756.6135554
Dropping frame 1403636756.7135556
Dropping frame 1403636756.8135555
Dropping frame 1403636756.9135554
Dropping frame 1403636757.0135555
Dropping frame 1403636757.2135556
Dropping frame 1403636757.3135555
Dropping frame 1403636757.4135554
Dropping frame 1403636757.5135555
Dropping frame 1403636757.6135554
Dropping frame 1403636757.7135556
Dropping frame 1403636757.8135555
Dropping frame 1403636757.9135554
Dropping frame 1403636758.1135554
Dropping frame 1403636758.2135556
Dropping frame 1403636758.3135555
Dropping frame 1403636758.4135554
Dropping frame 1403636758.5135555
Dropping frame 1403636758.6135554
Dropping frame 1403636758.7635555
Dropping frame 1403636759.0135555
Dropping frame 1403636759.1135554
Dropping frame 1403636759.2135556
Dropping frame 1403636759.3135555
Dropping frame 1403636759.4135554
Dropping frame 1403636759.6135554
Dropping frame 1403636759.7135556
Dropping frame 1403636759.8135555
Dropping frame 1403636760.0135555
Dropping frame 1403636760.2135556
Dropping frame 1403636760.3135555
Dropping frame 1403636760.4135554
Dropping frame 1403636760.5135555
Dropping frame 1403636760.7135556
Dropping frame 1403636760.9135554
Dropping frame 1403636761.1135554
Dropping frame 1403636761.2135556
Dropping frame 1403636761.3135555
Dropping frame 1403636761.4135554
Dropping frame 1403636761.6135554
Dropping frame 1403636761.7135556
Dropping frame 1403636761.8135555
Dropping frame 1403636762.0135555
Dropping frame 1403636762.2135556
Dropping frame 1403636762.4135554
Dropping frame 1403636762.5135555
Dropping frame 1403636762.6135554
Dropping frame 1403636762.8135555
Dropping frame 1403636762.9135554
Dropping frame 1403636763.1135554
Dropping frame 1403636763.2135556
Dropping frame 1403636763.3135555
Dropping frame 1403636763.4135554
Dropping frame 1403636763.5135555
Dropping frame 1403636763.6635556
Dropping frame 1403636763.7635555
Shutdown
SLAM Finished at System Time: 1734433013.22421

 TIME STATS in ms (mean$\pm$std)
OpenCV version: 4.8.1
---------------------------
Tracking

ORB Extraction: 17.817$\pm$1.6873
Stereo Matching: 7.1233$\pm$2.0615
IMU Preintegration: 0.26737$\pm$0.11304
Pose Prediction: 0.20116$\pm$0.57404
LM Track: 20.553$\pm$6.3696
New KF decision: 1.0502$\pm$1.9855
Total Tracking: 33.643$\pm$25.988



Local Mapping

KF Insertion: 17.616$\pm$7.5218
MP Culling: 0.50184$\pm$0.21032
MP Creation: 50.808$\pm$18.148
LBA: 163.19$\pm$57.681
KF Culling: 18.812$\pm$11.54
Total Local Mapping: 250.79$\pm$84.145
---------------------------

LBA complexity (mean$\pm$std)
LBA Edges: 1856.8$\pm$750.29
LBA KF optimized: 6.5$\pm$2.2913
LBA KF fixed: 1$\pm$0
LBA MP: nan$\pm$nan

LBA executions: 552
LBA aborts: 0
---------------------------

Map complexity
KFs in map: 145
MPs in map: 11572
---------------------------

Place Recognition (mean$\pm$std)
Database Query: 1.6174$\pm$0.92445
SE3 estimation: 14.621$\pm$16.957
Total Place Recognition: 14.827$\pm$17.398


Loop Closing (mean$\pm$std)
Loop Fusion: nan$\pm$nan
Essential Graph: nan$\pm$nan
Total Loop Closing: nan$\pm$nan

Num exec: 0
Number of KFs: nan$\pm$nan

Map Merging (mean$\pm$std)
Merge Maps: nan$\pm$nan
Welding BA: nan$\pm$nan
Optimization Ess.: nan$\pm$nan
Total Map Merging: nan$\pm$nan

Num exec: 0
Number of KFs: nan$\pm$nan
Number of MPs: nan$\pm$nan

Full GBA (mean$\pm$std)
GBA: nan$\pm$nan
Map Update: nan$\pm$nan
Total Full GBA: nan$\pm$nan

Num exec: 0
Num abort: 0
Number of KFs: nan$\pm$nan
Number of MPs: nan$\pm$nan

Saving trajectory to f_dataset-MH01_stereo_imu.txt ...
There are 1 maps in the atlas
  Map 0 has 145 KFs

End of saving trajectory to f_dataset-MH01_stereo_imu.txt ...

Saving keyframe trajectory to kf_dataset-MH01_stereo_imu.txt ...
