num_seq = 1
file name: dataset-MH01_stereo_imu
Loading images for sequence 0...LOADED!
Loading IMU for sequence 0...LOADED!

-------

ORB-SLAM3 Copyright (C) 2017-2020 Carlos Campos, Richard Elvira, Juan J. Gómez, José M.M. Montiel and Juan D. Tardós, University of Zaragoza.
ORB-SLAM2 Copyright (C) 2014-2016 Raúl Mur-Artal, José M.M. Montiel and Juan D. Tardós, University of Zaragoza.
This program comes with ABSOLUTELY NO WARRANTY;
This is free software, and you are welcome to redistribute it
under certain conditions. See LICENSE.txt.

Built with REGISTER_TIMES
Git Commit Hash: 90f15d8

Input sensor was set to: Stereo-Inertial
Loading settings from ./Examples/Stereo-Inertial/EuRoC_fov_deadlines_mask_7x7.yaml
	-Loaded camera 1
	-Loaded camera 2
	-Loaded image info
	-Loaded IMU calibration
	-Loaded ORB settings
	-Loaded viewer settings
	-Loaded Atlas settings
Deadlines enabled, will skip frames!
FOV enabled
Static mask size: 7x7
Dumping map points enabled
	-Loaded misc parameters
	-Computed rectification maps
----------------------------------
SLAM settings: 
	-Camera 1 parameters (Pinhole): [ 458.65399169921875 457.29598999023438 367.21499633789062 248.375 ]
	-Camera 1 distortion parameters: [  -0.28340810537338257 0.073959067463874817 0.00019359000725671649 1.7618711353861727e-05 ]
	-Camera 2 parameters (Pinhole: [ 457.58700561523438 456.13400268554688 379.99899291992188 255.23800659179688 ]
	-Camera 1 distortion parameters: [  -0.2836836576461792 0.074512839317321777 -0.00010473000293131918 -3.555907096597366e-05 ]
	-Original image size: [ 752 , 480 ]
	-Current image size: [ 752 , 480 ]
	-Camera 1 parameters after rectification: [  456.71499633789062 456.71499633789062 364.52615356445312 257.268798828125 ]
	-Sequence FPS: 20
	-Stereo baseline: 0.11007784307003021
	-Stereo depth threshold : 60
	-Gyro noise: 0.00016999999934341758
	-Accelerometer noise: 0.0020000000949949026
	-Gyro walk: 1.9392999092815444e-05
	-Accelerometer walk: 0.0030000000260770321
	-IMU frequency: 200
	-Features per image: 1200
	-ORB scale factor: 1.2000000476837158
	-ORB number of scales: 8
	-Initial FAST threshold: 20
	-Min FAST threshold: 7


Loading ORB Vocabulary. This could take a while...
Vocabulary loaded!

Initialization of Atlas from scratch 
Creation of new map with id: 0
Creation of new map with last KF id: 0
Seq. Name: 
There are 1 cameras in the atlas
Camera 0 is pinhole
SLAM Started at System Time: 1732009681.67472
not IMU meas
not IMU meas
not enough acceleration
not enough acceleration
First KF:0; Map init KF:0
New Map created with 543 points
Active map: 0
Dropping frame 1403636580.0635555
Dropping frame 1403636581.1135554
Dropping frame 1403636581.4135554
Dropping frame 1403636581.5135555
Dropping frame 1403636581.6135554
Dropping frame 1403636581.9135554
Dropping frame 1403636582.1135554
Dropping frame 1403636582.3135555
Dropping frame 1403636582.4135554
Dropping frame 1403636582.7635555
Dropping frame 1403636583.1135554
Dropping frame 1403636583.5135555
Dropping frame 1403636583.8135555
Dropping frame 1403636584.0135555
Dropping frame 1403636584.1635556
Dropping frame 1403636584.3635557
Dropping frame 1403636584.5635555
Dropping frame 1403636584.7135556
Dropping frame 1403636585.1135554
Dropping frame 1403636585.2135556
start VIBA 1
end VIBA 1
Dropping frame 1403636585.5635555
Dropping frame 1403636585.8635557
Dropping frame 1403636586.1135554
Dropping frame 1403636586.4135554
Dropping frame 1403636586.5635555
Dropping frame 1403636586.8135555
Dropping frame 1403636587.0135555
Dropping frame 1403636587.5135555
Dropping frame 1403636587.7135556
Dropping frame 1403636587.8135555
Dropping frame 1403636588.0135555
Dropping frame 1403636588.2635555
Dropping frame 1403636588.4135554
Dropping frame 1403636588.7135556
Dropping frame 1403636589.6135554
Dropping frame 1403636589.9635556
Dropping frame 1403636590.0635555
Dropping frame 1403636590.3135555
Dropping frame 1403636590.6635556
Dropping frame 1403636590.9635556
Dropping frame 1403636591.2635555
Dropping frame 1403636591.4635556
Dropping frame 1403636591.5635555
Dropping frame 1403636591.6635556
Dropping frame 1403636591.9135554
Dropping frame 1403636592.0635555
Dropping frame 1403636592.2635555
Dropping frame 1403636592.5135555
Dropping frame 1403636592.9135554
Dropping frame 1403636593.0135555
Dropping frame 1403636593.6635556
Dropping frame 1403636594.4135554
Dropping frame 1403636594.9635556
Dropping frame 1403636595.1135554
Dropping frame 1403636595.4135554
start VIBA 2
Dropping frame 1403636595.8135555
end VIBA 2
Dropping frame 1403636596.0635555
Dropping frame 1403636596.2635555
Dropping frame 1403636596.5635555
Dropping frame 1403636596.9135554
Dropping frame 1403636597.3135555
Dropping frame 1403636597.7635555
Dropping frame 1403636598.1135554
Dropping frame 1403636598.3635557
Dropping frame 1403636598.6635556
Dropping frame 1403636598.9635556
Dropping frame 1403636599.6135554
Dropping frame 1403636600.0635555
Dropping frame 1403636600.1635556
Dropping frame 1403636600.5635555
Dropping frame 1403636600.8135555
Dropping frame 1403636601.0135555
Dropping frame 1403636601.3135555
Dropping frame 1403636601.9635556
Dropping frame 1403636602.4135554
Dropping frame 1403636602.7635555
Dropping frame 1403636603.1135554
Dropping frame 1403636603.5135555
Dropping frame 1403636603.9135554
Dropping frame 1403636604.4135554
Dropping frame 1403636605.1635556
Dropping frame 1403636608.5135555
Dropping frame 1403636609.9135554
Dropping frame 1403636610.9135554
Dropping frame 1403636613.6635556
Dropping frame 1403636616.7135556
Dropping frame 1403636618.3135555
Dropping frame 1403636619.7635555
Dropping frame 1403636620.5135555
Dropping frame 1403636621.0135555
Dropping frame 1403636621.5635555
Dropping frame 1403636622.7635555
Dropping frame 1403636625.7635555
Dropping frame 1403636625.8635557
Dropping frame 1403636627.4635556
Dropping frame 1403636635.2635555
Dropping frame 1403636635.7135556
Dropping frame 1403636636.2635555
Dropping frame 1403636636.5635555
Dropping frame 1403636636.8635557
Dropping frame 1403636637.0635555
Dropping frame 1403636637.3635557
Dropping frame 1403636637.5135555
Dropping frame 1403636637.6135554
Dropping frame 1403636637.7635555
Dropping frame 1403636638.3635557
Dropping frame 1403636638.4635556
Dropping frame 1403636638.6135554
Dropping frame 1403636638.9135554
Dropping frame 1403636639.0135555
Dropping frame 1403636639.1135554
Dropping frame 1403636639.2135556
Dropping frame 1403636639.4135554
Dropping frame 1403636639.7135556
Dropping frame 1403636639.9135554
Dropping frame 1403636640.0635555
Dropping frame 1403636640.3635557
Dropping frame 1403636641.2635555
Dropping frame 1403636641.5635555
Dropping frame 1403636641.7135556
Dropping frame 1403636641.8135555
Dropping frame 1403636641.9135554
Dropping frame 1403636642.1635556
Dropping frame 1403636642.3635557
Dropping frame 1403636642.5135555
Dropping frame 1403636642.6135554
Dropping frame 1403636642.9135554
Dropping frame 1403636643.1635556
Dropping frame 1403636643.2635555
Dropping frame 1403636643.3635557
Dropping frame 1403636643.6135554
Dropping frame 1403636643.9135554
Dropping frame 1403636644.0635555
Dropping frame 1403636644.1635556
Dropping frame 1403636644.2635555
Dropping frame 1403636644.4135554
Dropping frame 1403636644.6135554
Dropping frame 1403636645.0635555
Dropping frame 1403636645.2135556
Dropping frame 1403636645.3135555
Dropping frame 1403636645.5635555
Dropping frame 1403636645.6635556
Dropping frame 1403636645.9135554
Dropping frame 1403636646.0135555
Dropping frame 1403636646.1135554
Dropping frame 1403636646.3635557
Dropping frame 1403636646.7135556
Dropping frame 1403636647.0635555
Dropping frame 1403636647.7135556
Dropping frame 1403636648.1135554
Dropping frame 1403636648.7635555
Dropping frame 1403636649.1635556
Dropping frame 1403636649.8135555
Dropping frame 1403636650.2135556
Dropping frame 1403636650.6135554
Dropping frame 1403636650.7135556
Dropping frame 1403636651.5635555
Dropping frame 1403636651.7635555
Dropping frame 1403636651.8635557
Dropping frame 1403636652.4135554
Dropping frame 1403636652.6135554
Dropping frame 1403636653.2135556
Dropping frame 1403636653.4135554
Dropping frame 1403636653.6635556
Dropping frame 1403636653.9635556
Dropping frame 1403636654.3635557
Dropping frame 1403636654.6135554
Dropping frame 1403636654.7135556
Dropping frame 1403636654.8135555
Dropping frame 1403636655.1635556
Dropping frame 1403636655.3635557
Dropping frame 1403636655.4635556
Dropping frame 1403636655.8635557
Dropping frame 1403636655.9635556
Dropping frame 1403636656.1135554
Dropping frame 1403636656.2135556
Dropping frame 1403636656.4135554
Dropping frame 1403636656.6635556
Dropping frame 1403636656.8635557
Dropping frame 1403636657.0635555
Dropping frame 1403636657.1635556
Dropping frame 1403636657.4635556
Dropping frame 1403636657.5635555
Dropping frame 1403636657.6635556
Dropping frame 1403636657.8635557
Dropping frame 1403636657.9635556
Dropping frame 1403636658.1635556
Dropping frame 1403636658.3635557
Dropping frame 1403636658.4635556
Dropping frame 1403636658.5635555
Dropping frame 1403636658.8635557
Dropping frame 1403636658.9635556
Dropping frame 1403636659.0635555
Dropping frame 1403636659.1635556
Dropping frame 1403636659.3635557
Dropping frame 1403636660.0135555
Dropping frame 1403636660.1135554
Dropping frame 1403636660.2135556
Dropping frame 1403636660.3135555
Dropping frame 1403636660.5635555
Dropping frame 1403636660.6635556
Dropping frame 1403636660.8635557
Dropping frame 1403636661.0635555
Dropping frame 1403636661.2635555
Dropping frame 1403636661.5135555
Dropping frame 1403636661.6135554
Dropping frame 1403636661.8635557
Dropping frame 1403636661.9635556
Dropping frame 1403636662.1135554
Dropping frame 1403636662.2635555
Dropping frame 1403636662.5635555
Dropping frame 1403636662.8135555
Dropping frame 1403636663.0135555
Dropping frame 1403636663.1135554
Dropping frame 1403636663.4135554
Dropping frame 1403636663.6135554
Dropping frame 1403636663.9635556
Dropping frame 1403636664.1635556
Dropping frame 1403636664.3635557
Dropping frame 1403636664.4635556
Dropping frame 1403636664.7635555
Dropping frame 1403636664.8635557
Dropping frame 1403636664.9635556
Dropping frame 1403636665.0635555
Dropping frame 1403636665.3635557
Dropping frame 1403636665.4635556
Dropping frame 1403636665.6635556
Dropping frame 1403636665.9135554
Dropping frame 1403636666.0135555
Dropping frame 1403636666.2135556
Dropping frame 1403636666.3135555
Dropping frame 1403636666.4635556
Dropping frame 1403636666.5635555
Dropping frame 1403636666.9135554
Dropping frame 1403636667.4135554
Dropping frame 1403636667.5635555
Dropping frame 1403636668.2135556
Dropping frame 1403636668.3135555
Dropping frame 1403636668.7635555
Dropping frame 1403636668.8635557
Dropping frame 1403636668.9635556
Dropping frame 1403636669.3135555
Dropping frame 1403636669.6635556
Dropping frame 1403636669.7635555
Dropping frame 1403636669.8635557
Dropping frame 1403636670.1135554
Dropping frame 1403636670.3135555
Dropping frame 1403636670.4135554
Dropping frame 1403636670.6135554
Dropping frame 1403636670.9135554
Dropping frame 1403636671.1135554
Dropping frame 1403636671.2135556
Dropping frame 1403636671.3135555
Dropping frame 1403636671.6135554
Dropping frame 1403636671.9135554
Dropping frame 1403636672.0135555
Dropping frame 1403636672.1135554
Dropping frame 1403636672.2135556
Dropping frame 1403636672.6635556
Dropping frame 1403636672.8635557
Dropping frame 1403636672.9635556
Dropping frame 1403636673.0635555
Dropping frame 1403636673.3135555
Dropping frame 1403636673.6635556
Dropping frame 1403636673.7635555
Dropping frame 1403636674.1135554
Dropping frame 1403636674.7135556
Dropping frame 1403636675.3135555
Dropping frame 1403636675.7135556
Dropping frame 1403636675.8135555
Dropping frame 1403636675.9635556
Dropping frame 1403636676.3135555
Dropping frame 1403636676.6635556
Dropping frame 1403636676.8635557
Dropping frame 1403636677.1135554
Dropping frame 1403636677.2135556
Dropping frame 1403636677.5635555
Dropping frame 1403636677.6635556
Dropping frame 1403636677.9135554
Dropping frame 1403636678.1135554
Dropping frame 1403636678.7635555
Dropping frame 1403636679.1635556
Dropping frame 1403636679.3135555
Dropping frame 1403636679.5635555
Dropping frame 1403636679.9135554
Dropping frame 1403636680.6135554
Dropping frame 1403636681.6635556
Dropping frame 1403636682.0135555
Dropping frame 1403636682.7135556
Dropping frame 1403636683.1135554
Dropping frame 1403636683.3135555
Dropping frame 1403636683.7635555
Dropping frame 1403636684.6635556
Dropping frame 1403636684.8635557
Dropping frame 1403636685.1135554
Dropping frame 1403636685.4135554
Dropping frame 1403636685.6135554
Dropping frame 1403636685.9135554
Dropping frame 1403636686.0135555
Dropping frame 1403636686.2635555
Dropping frame 1403636686.3635557
Dropping frame 1403636686.9135554
Dropping frame 1403636687.6135554
Dropping frame 1403636687.8135555
Dropping frame 1403636688.2635555
Dropping frame 1403636688.8135555
Dropping frame 1403636689.0635555
Dropping frame 1403636689.2635555
Dropping frame 1403636689.3635557
Dropping frame 1403636689.4635556
Dropping frame 1403636689.7635555
Dropping frame 1403636689.9135554
Dropping frame 1403636690.3135555
Dropping frame 1403636690.6135554
Dropping frame 1403636691.2635555
Dropping frame 1403636691.8135555
Dropping frame 1403636692.1635556
Dropping frame 1403636693.2635555
Dropping frame 1403636693.8635557
Dropping frame 1403636694.1135554
Dropping frame 1403636694.3135555
Dropping frame 1403636694.4135554
Dropping frame 1403636694.8135555
Dropping frame 1403636694.9135554
Dropping frame 1403636695.2135556
Dropping frame 1403636695.5135555
Dropping frame 1403636695.8635557
Dropping frame 1403636696.5135555
Dropping frame 1403636696.7135556
Dropping frame 1403636697.2635555
Dropping frame 1403636697.6635556
Dropping frame 1403636698.4635556
Dropping frame 1403636698.8635557
Dropping frame 1403636699.0135555
Dropping frame 1403636699.2135556
Dropping frame 1403636699.3135555
Dropping frame 1403636699.5635555
Dropping frame 1403636699.7635555
Dropping frame 1403636699.8635557
Dropping frame 1403636700.2135556
Dropping frame 1403636700.5135555
Dropping frame 1403636700.6135554
Dropping frame 1403636700.7135556
Dropping frame 1403636700.9135554
Dropping frame 1403636701.1135554
Dropping frame 1403636701.3135555
Dropping frame 1403636701.4135554
Dropping frame 1403636701.5135555
Dropping frame 1403636701.6135554
Dropping frame 1403636701.7135556
Dropping frame 1403636701.9135554
Dropping frame 1403636702.0135555
Dropping frame 1403636702.1135554
Dropping frame 1403636702.2135556
Dropping frame 1403636702.3135555
Dropping frame 1403636702.5135555
Dropping frame 1403636702.7135556
Dropping frame 1403636702.9135554
Dropping frame 1403636703.1135554
Dropping frame 1403636703.2135556
Dropping frame 1403636703.3135555
Dropping frame 1403636703.4135554
Dropping frame 1403636703.6135554
Dropping frame 1403636703.7135556
Dropping frame 1403636703.9135554
Dropping frame 1403636704.0135555
Dropping frame 1403636704.1135554
Dropping frame 1403636704.3135555
Dropping frame 1403636704.5135555
Dropping frame 1403636704.7135556
Dropping frame 1403636704.8135555
Dropping frame 1403636704.9135554
Dropping frame 1403636705.1635556
Dropping frame 1403636705.2635555
Dropping frame 1403636705.3635557
Dropping frame 1403636705.4635556
Dropping frame 1403636705.7635555
Dropping frame 1403636705.9635556
Dropping frame 1403636706.0635555
Dropping frame 1403636706.1635556
Dropping frame 1403636706.2635555
Dropping frame 1403636706.5635555
Dropping frame 1403636706.6635556
Dropping frame 1403636706.7635555
Dropping frame 1403636706.8635557
Dropping frame 1403636706.9635556
Dropping frame 1403636707.0635555
Dropping frame 1403636707.2635555
Dropping frame 1403636707.5635555
Dropping frame 1403636707.6635556
Dropping frame 1403636707.8135555
Dropping frame 1403636708.0135555
Dropping frame 1403636708.1135554
Dropping frame 1403636708.4635556
Dropping frame 1403636708.5635555
Dropping frame 1403636708.6635556
Dropping frame 1403636708.7635555
Dropping frame 1403636709.1135554
Dropping frame 1403636709.3135555
Dropping frame 1403636709.4135554
Dropping frame 1403636709.6135554
Dropping frame 1403636709.7135556
Dropping frame 1403636709.8635557
Dropping frame 1403636710.0135555
Dropping frame 1403636710.2135556
Dropping frame 1403636710.4135554
Dropping frame 1403636710.7135556
Dropping frame 1403636710.8135555
Dropping frame 1403636710.9135554
Dropping frame 1403636711.1135554
Dropping frame 1403636711.2135556
Dropping frame 1403636711.3635557
Dropping frame 1403636711.5635555
Dropping frame 1403636711.7635555
Dropping frame 1403636711.8635557
Dropping frame 1403636711.9635556
Dropping frame 1403636712.0635555
Dropping frame 1403636712.1635556
Dropping frame 1403636712.2635555
Dropping frame 1403636712.4635556
Dropping frame 1403636712.6635556
Dropping frame 1403636712.7635555
Dropping frame 1403636712.8635557
Dropping frame 1403636712.9635556
Dropping frame 1403636713.1635556
Dropping frame 1403636713.2635555
Dropping frame 1403636713.3635557
Dropping frame 1403636713.5635555
Dropping frame 1403636713.7135556
Dropping frame 1403636713.8135555
Dropping frame 1403636713.9635556
Dropping frame 1403636714.0635555
Dropping frame 1403636714.2135556
Dropping frame 1403636714.3135555
Dropping frame 1403636714.6135554
Dropping frame 1403636714.7135556
Dropping frame 1403636714.8135555
Dropping frame 1403636714.9135554
Dropping frame 1403636715.0135555
Dropping frame 1403636715.3135555
Dropping frame 1403636715.4135554
Dropping frame 1403636715.6135554
Dropping frame 1403636715.7135556
Dropping frame 1403636715.8635557
Dropping frame 1403636716.0635555
Dropping frame 1403636716.1635556
Dropping frame 1403636716.2635555
Dropping frame 1403636716.3635557
Dropping frame 1403636716.4635556
Dropping frame 1403636716.5635555
Dropping frame 1403636716.7635555
Dropping frame 1403636716.8635557
Dropping frame 1403636717.4635556
Dropping frame 1403636717.6635556
Dropping frame 1403636717.7635555
Dropping frame 1403636717.8635557
Dropping frame 1403636718.0135555
Dropping frame 1403636718.1135554
Dropping frame 1403636718.4135554
Dropping frame 1403636718.8135555
Dropping frame 1403636718.9135554
Dropping frame 1403636719.1635556
Dropping frame 1403636719.3135555
Dropping frame 1403636719.4135554
Dropping frame 1403636719.7135556
Dropping frame 1403636719.8135555
Dropping frame 1403636719.9635556
Dropping frame 1403636720.0635555
Dropping frame 1403636720.1635556
Dropping frame 1403636720.2635555
Dropping frame 1403636720.3635557
Dropping frame 1403636720.5635555
Dropping frame 1403636720.8635557
Dropping frame 1403636720.9635556
Dropping frame 1403636721.0635555
Dropping frame 1403636721.2635555
Dropping frame 1403636721.5135555
Dropping frame 1403636721.6135554
Dropping frame 1403636721.7135556
Dropping frame 1403636721.9135554
Dropping frame 1403636722.0135555
Dropping frame 1403636722.1135554
Dropping frame 1403636722.2135556
Dropping frame 1403636722.3635557
Dropping frame 1403636722.6635556
Dropping frame 1403636722.7635555
Dropping frame 1403636722.8635557
Dropping frame 1403636722.9635556
Dropping frame 1403636723.1135554
Dropping frame 1403636723.2635555
Dropping frame 1403636723.3635557
Dropping frame 1403636723.4635556
Dropping frame 1403636723.7635555
Dropping frame 1403636723.8635557
Dropping frame 1403636724.1135554
Dropping frame 1403636724.2135556
Dropping frame 1403636724.3135555
Dropping frame 1403636724.5135555
Dropping frame 1403636724.6135554
Dropping frame 1403636724.7135556
Dropping frame 1403636724.8135555
Dropping frame 1403636725.0135555
Dropping frame 1403636725.1135554
Dropping frame 1403636725.2135556
Dropping frame 1403636725.3135555
Dropping frame 1403636725.5635555
Dropping frame 1403636725.6635556
Dropping frame 1403636725.7635555
Dropping frame 1403636725.9635556
Dropping frame 1403636726.0635555
Dropping frame 1403636726.1635556
Dropping frame 1403636726.2635555
Dropping frame 1403636726.3635557
Dropping frame 1403636726.7135556
Dropping frame 1403636726.8135555
Dropping frame 1403636726.9635556
Dropping frame 1403636727.1635556
Dropping frame 1403636727.3635557
Dropping frame 1403636727.4635556
Dropping frame 1403636727.7635555
Dropping frame 1403636727.8635557
Dropping frame 1403636727.9635556
Dropping frame 1403636728.0635555
Dropping frame 1403636728.2635555
Dropping frame 1403636728.4635556
Dropping frame 1403636728.5635555
Dropping frame 1403636728.9135554
Dropping frame 1403636729.0135555
Dropping frame 1403636729.2635555
Dropping frame 1403636729.3635557
Dropping frame 1403636729.4635556
Dropping frame 1403636729.6635556
Dropping frame 1403636729.7635555
Dropping frame 1403636729.9135554
Dropping frame 1403636730.1635556
Dropping frame 1403636730.3635557
Dropping frame 1403636730.4635556
Dropping frame 1403636730.6135554
Dropping frame 1403636730.7635555
Dropping frame 1403636730.8635557
Dropping frame 1403636731.2135556
Dropping frame 1403636731.3135555
Dropping frame 1403636731.4135554
Dropping frame 1403636731.5135555
Dropping frame 1403636731.7135556
Dropping frame 1403636731.8135555
Dropping frame 1403636731.9135554
Dropping frame 1403636732.1135554
Dropping frame 1403636732.3135555
Dropping frame 1403636732.5135555
Dropping frame 1403636732.6135554
Dropping frame 1403636732.7135556
Dropping frame 1403636733.0135555
Dropping frame 1403636733.1135554
Dropping frame 1403636733.3135555
Dropping frame 1403636733.4135554
Dropping frame 1403636733.5135555
Dropping frame 1403636733.6135554
Dropping frame 1403636733.7135556
Dropping frame 1403636733.8135555
Dropping frame 1403636733.9135554
Dropping frame 1403636734.1135554
Dropping frame 1403636734.2135556
Dropping frame 1403636734.5635555
Dropping frame 1403636734.6635556
Dropping frame 1403636735.1135554
Dropping frame 1403636735.4135554
Dropping frame 1403636735.5635555
Dropping frame 1403636735.7135556
Dropping frame 1403636736.1635556
Dropping frame 1403636736.2635555
Dropping frame 1403636736.3635557
Dropping frame 1403636736.7135556
Dropping frame 1403636736.9635556
Dropping frame 1403636737.1135554
Dropping frame 1403636737.2135556
Dropping frame 1403636737.3635557
Dropping frame 1403636737.6135554
Dropping frame 1403636737.7635555
Dropping frame 1403636737.8635557
Dropping frame 1403636738.0635555
Dropping frame 1403636738.3135555
Dropping frame 1403636738.4135554
Dropping frame 1403636738.5135555
Dropping frame 1403636738.6135554
Dropping frame 1403636738.7135556
Dropping frame 1403636738.8135555
Dropping frame 1403636738.9135554
Dropping frame 1403636739.0135555
Dropping frame 1403636739.1635556
Dropping frame 1403636739.2635555
Dropping frame 1403636739.4635556
Dropping frame 1403636739.5635555
Dropping frame 1403636739.7135556
Dropping frame 1403636739.9135554
Dropping frame 1403636740.0135555
Dropping frame 1403636740.2635555
Dropping frame 1403636740.4635556
Dropping frame 1403636740.5635555
Dropping frame 1403636740.6635556
Dropping frame 1403636740.7635555
Dropping frame 1403636741.1135554
Dropping frame 1403636741.3135555
Dropping frame 1403636741.4135554
Dropping frame 1403636741.5135555
Dropping frame 1403636741.6135554
Dropping frame 1403636741.7135556
Dropping frame 1403636741.9135554
Dropping frame 1403636742.0135555
Dropping frame 1403636742.1135554
Dropping frame 1403636742.2135556
Dropping frame 1403636742.3135555
Dropping frame 1403636742.5135555
Dropping frame 1403636742.6135554
Dropping frame 1403636742.7135556
Dropping frame 1403636742.8135555
Dropping frame 1403636742.9135554
Dropping frame 1403636743.1635556
Dropping frame 1403636743.2635555
Dropping frame 1403636743.4135554
Dropping frame 1403636743.6635556
Dropping frame 1403636743.7635555
Dropping frame 1403636744.1135554
Dropping frame 1403636744.2135556
Dropping frame 1403636744.3135555
Dropping frame 1403636744.5135555
Dropping frame 1403636744.6135554
Dropping frame 1403636744.7135556
Dropping frame 1403636744.8135555
Dropping frame 1403636744.9635556
Dropping frame 1403636745.0635555
Dropping frame 1403636745.1635556
Dropping frame 1403636745.2635555
Dropping frame 1403636745.5135555
Dropping frame 1403636745.6135554
Dropping frame 1403636745.7135556
Dropping frame 1403636745.8135555
Dropping frame 1403636745.9135554
Dropping frame 1403636746.0135555
Dropping frame 1403636746.1135554
Dropping frame 1403636746.3135555
Dropping frame 1403636746.4135554
Dropping frame 1403636746.5135555
Dropping frame 1403636746.6135554
Dropping frame 1403636746.7135556
Dropping frame 1403636746.8135555
Dropping frame 1403636746.9135554
Dropping frame 1403636747.0135555
Dropping frame 1403636747.1135554
Dropping frame 1403636747.2135556
Dropping frame 1403636747.4135554
Dropping frame 1403636747.5135555
Dropping frame 1403636747.6135554
Dropping frame 1403636747.8135555
Dropping frame 1403636747.9135554
Dropping frame 1403636748.0135555
Dropping frame 1403636748.1135554
Dropping frame 1403636748.2135556
Dropping frame 1403636748.3135555
Dropping frame 1403636748.4135554
Dropping frame 1403636748.6135554
Dropping frame 1403636748.7135556
Dropping frame 1403636748.9135554
Dropping frame 1403636749.0135555
Dropping frame 1403636749.1135554
Dropping frame 1403636749.3135555
Dropping frame 1403636749.5135555
Dropping frame 1403636749.6135554
Dropping frame 1403636749.7135556
Dropping frame 1403636749.8135555
Dropping frame 1403636750.0135555
Dropping frame 1403636750.1135554
Dropping frame 1403636750.2135556
Dropping frame 1403636750.4135554
Dropping frame 1403636750.6135554
Dropping frame 1403636750.7135556
Dropping frame 1403636750.8135555
Dropping frame 1403636750.9135554
Dropping frame 1403636751.0135555
Dropping frame 1403636751.1135554
Dropping frame 1403636751.3135555
Dropping frame 1403636751.4135554
Dropping frame 1403636751.5135555
Dropping frame 1403636751.6135554
Dropping frame 1403636751.7135556
Dropping frame 1403636751.9135554
Dropping frame 1403636752.1135554
Dropping frame 1403636752.3135555
Dropping frame 1403636752.4135554
Dropping frame 1403636752.5135555
Dropping frame 1403636752.7135556
Dropping frame 1403636752.8135555
Dropping frame 1403636752.9135554
Dropping frame 1403636753.1135554
Dropping frame 1403636753.2135556
Dropping frame 1403636753.3135555
Dropping frame 1403636753.5135555
Dropping frame 1403636753.7135556
Dropping frame 1403636753.9135554
Dropping frame 1403636754.1135554
Dropping frame 1403636754.3135555
Dropping frame 1403636754.4135554
Dropping frame 1403636754.5135555
Dropping frame 1403636754.7135556
Dropping frame 1403636754.9135554
Dropping frame 1403636755.1135554
Dropping frame 1403636755.3135555
Dropping frame 1403636755.5135555
Dropping frame 1403636755.6135554
Dropping frame 1403636755.7135556
Dropping frame 1403636755.9135554
Dropping frame 1403636756.0135555
Dropping frame 1403636756.1135554
Dropping frame 1403636756.3135555
Dropping frame 1403636756.4135554
Dropping frame 1403636756.5135555
Dropping frame 1403636756.7135556
Dropping frame 1403636756.8135555
Dropping frame 1403636756.9135554
Dropping frame 1403636757.1135554
Dropping frame 1403636757.3135555
Dropping frame 1403636757.5135555
Dropping frame 1403636757.7135556
Dropping frame 1403636757.8135555
Dropping frame 1403636757.9135554
Dropping frame 1403636758.1135554
Dropping frame 1403636758.3135555
Dropping frame 1403636758.4135554
Dropping frame 1403636758.5135555
Dropping frame 1403636758.7135556
Dropping frame 1403636758.9135554
Dropping frame 1403636759.1135554
Dropping frame 1403636759.2135556
Dropping frame 1403636759.3135555
Dropping frame 1403636759.5135555
Dropping frame 1403636759.6135554
Dropping frame 1403636759.7135556
Dropping frame 1403636759.9135554
Dropping frame 1403636760.0135555
Dropping frame 1403636760.2635555
Dropping frame 1403636760.4635556
Dropping frame 1403636760.6635556
Dropping frame 1403636760.7635555
Dropping frame 1403636760.8635557
Dropping frame 1403636760.9635556
Dropping frame 1403636761.1635556
Dropping frame 1403636761.3635557
Dropping frame 1403636761.5635555
Dropping frame 1403636761.7635555
Dropping frame 1403636761.8635557
Dropping frame 1403636761.9635556
Dropping frame 1403636762.0635555
Dropping frame 1403636762.1635556
Dropping frame 1403636762.3635557
Dropping frame 1403636762.4635556
Dropping frame 1403636762.5635555
Dropping frame 1403636762.7635555
Dropping frame 1403636762.9635556
Dropping frame 1403636763.1635556
Dropping frame 1403636763.3635557
Dropping frame 1403636763.4635556
Dropping frame 1403636763.5635555
Dropping frame 1403636763.6635556
Dropping frame 1403636763.7635555
Shutdown
SLAM Finished at System Time: 1732009905.73533

 TIME STATS in ms (mean$\pm$std)
OpenCV version: 4.8.1
---------------------------
Tracking

ORB Extraction: 17.792$\pm$1.8718
Stereo Matching: 7.18$\pm$1.9636
IMU Preintegration: 0.25887$\pm$0.10569
Pose Prediction: 0.20694$\pm$0.61979
LM Track: 20.569$\pm$6.3207
New KF decision: 1.0413$\pm$1.9965
Total Tracking: 34.253$\pm$25.851



Local Mapping

KF Insertion: 18.292$\pm$7.8935
MP Culling: 0.50659$\pm$0.20443
MP Creation: 51.402$\pm$17.504
LBA: 165.02$\pm$56.838
KF Culling: 18.458$\pm$11.668
Total Local Mapping: 253.61$\pm$83.215
---------------------------

LBA complexity (mean$\pm$std)
LBA Edges: 1970.9$\pm$807.1
LBA KF optimized: 6.5$\pm$2.2913
LBA KF fixed: 1$\pm$0
LBA MP: nan$\pm$nan

LBA executions: 542
LBA aborts: 0
---------------------------

Map complexity
KFs in map: 145
MPs in map: 11677
---------------------------

Place Recognition (mean$\pm$std)
Database Query: 1.658$\pm$0.93848
SE3 estimation: 14.962$\pm$17.154
Total Place Recognition: 15.056$\pm$17.561


Loop Closing (mean$\pm$std)
Loop Fusion: nan$\pm$nan
Essential Graph: nan$\pm$nan
Total Loop Closing: nan$\pm$nan

Num exec: 0
Number of KFs: nan$\pm$nan

Map Merging (mean$\pm$std)
Merge Maps: nan$\pm$nan
Welding BA: nan$\pm$nan
Optimization Ess.: nan$\pm$nan
Total Map Merging: nan$\pm$nan

Num exec: 0
Number of KFs: nan$\pm$nan
Number of MPs: nan$\pm$nan

Full GBA (mean$\pm$std)
GBA: nan$\pm$nan
Map Update: nan$\pm$nan
Total Full GBA: nan$\pm$nan

Num exec: 0
Num abort: 0
Number of KFs: nan$\pm$nan
Number of MPs: nan$\pm$nan

Saving trajectory to f_dataset-MH01_stereo_imu.txt ...
There are 1 maps in the atlas
  Map 0 has 145 KFs

End of saving trajectory to f_dataset-MH01_stereo_imu.txt ...

Saving keyframe trajectory to kf_dataset-MH01_stereo_imu.txt ...
