num_seq = 1
file name: dataset-MH01_stereo_imu
Loading images for sequence 0...LOADED!
Loading IMU for sequence 0...LOADED!

-------

ORB-SLAM3 Copyright (C) 2017-2020 Carlos Campos, Richard Elvira, Juan J. Gómez, José M.M. Montiel and Juan D. Tardós, University of Zaragoza.
ORB-SLAM2 Copyright (C) 2014-2016 Raúl Mur-Artal, José M.M. Montiel and Juan D. Tardós, University of Zaragoza.
This program comes with ABSOLUTELY NO WARRANTY;
This is free software, and you are welcome to redistribute it
under certain conditions. See LICENSE.txt.

Built with REGISTER_TIMES
Git Commit Hash: 42e930e

Compiled with C++ version: 201703

Input sensor was set to: Stereo-Inertial
Loading settings from ./Examples/Stereo-Inertial/EuRoC_fov_deadlines_mask_8x8.yaml
	-Loaded camera 1
	-Loaded camera 2
	-Loaded image info
	-Loaded IMU calibration
	-Loaded ORB settings
	-Loaded viewer settings
	-Loaded Atlas settings
Deadlines enabled, will skip frames!
FOV enabled
Static mask size: 8x8
Dumping map points enabled
	-Loaded misc parameters
	-Computed rectification maps
----------------------------------
SLAM settings: 
	-Camera 1 parameters (Pinhole): [ 458.65399169921875 457.29598999023438 367.21499633789062 248.375 ]
	-Camera 1 distortion parameters: [  -0.28340810537338257 0.073959067463874817 0.00019359000725671649 1.7618711353861727e-05 ]
	-Camera 2 parameters (Pinhole: [ 457.58700561523438 456.13400268554688 379.99899291992188 255.23800659179688 ]
	-Camera 1 distortion parameters: [  -0.2836836576461792 0.074512839317321777 -0.00010473000293131918 -3.555907096597366e-05 ]
	-Original image size: [ 752 , 480 ]
	-Current image size: [ 752 , 480 ]
	-Camera 1 parameters after rectification: [  456.71499633789062 456.71499633789062 364.52615356445312 257.268798828125 ]
	-Sequence FPS: 20
	-Stereo baseline: 0.11007784307003021
	-Stereo depth threshold : 60
	-Gyro noise: 0.00016999999934341758
	-Accelerometer noise: 0.0020000000949949026
	-Gyro walk: 1.9392999092815444e-05
	-Accelerometer walk: 0.0030000000260770321
	-IMU frequency: 200
	-Features per image: 1200
	-ORB scale factor: 1.2000000476837158
	-ORB number of scales: 8
	-Initial FAST threshold: 20
	-Min FAST threshold: 7


Loading ORB Vocabulary. This could take a while...
Vocabulary loaded!

Initialization of Atlas from scratch 
Creation of new map with id: 0
Creation of new map with last KF id: 0
Seq. Name: 
There are 1 cameras in the atlas
Camera 0 is pinhole
SLAM Started at System Time: 1734509104.18714
not IMU meas
not IMU meas
not enough acceleration
not enough acceleration
First KF:0; Map init KF:0
New Map created with 553 points
Active map: 0
Dropping frame 1403636580.0135555
Dropping frame 1403636580.2135556
Dropping frame 1403636580.5135555
Dropping frame 1403636581.1635556
Dropping frame 1403636581.4635556
Dropping frame 1403636581.7135556
Dropping frame 1403636581.8635557
Dropping frame 1403636581.9635556
Dropping frame 1403636582.2135556
Dropping frame 1403636582.3135555
Dropping frame 1403636582.6635556
Dropping frame 1403636583.0135555
Dropping frame 1403636583.1135554
Dropping frame 1403636583.5635555
Dropping frame 1403636584.0135555
Dropping frame 1403636584.2135556
Dropping frame 1403636584.3635557
Dropping frame 1403636584.5635555
Dropping frame 1403636584.8135555
Dropping frame 1403636584.9135554
Dropping frame 1403636585.0135555
Dropping frame 1403636585.1635556
Dropping frame 1403636585.2635555
Dropping frame 1403636585.3635557
Dropping frame 1403636585.5635555
start VIBA 1
Dropping frame 1403636585.7635555
end VIBA 1
Dropping frame 1403636586.4135554
Dropping frame 1403636586.5135555
Dropping frame 1403636586.7135556
Dropping frame 1403636587.0135555
Dropping frame 1403636587.1135554
Dropping frame 1403636587.4135554
Dropping frame 1403636587.6135554
Dropping frame 1403636587.8135555
Dropping frame 1403636588.0635555
Dropping frame 1403636588.2635555
Dropping frame 1403636588.4635556
Dropping frame 1403636588.5635555
Dropping frame 1403636588.6635556
Dropping frame 1403636588.8635557
Dropping frame 1403636589.1635556
Dropping frame 1403636589.2635555
Dropping frame 1403636589.6135554
Dropping frame 1403636589.8635557
Dropping frame 1403636590.2635555
Dropping frame 1403636590.5135555
Dropping frame 1403636590.6135554
Dropping frame 1403636590.9635556
Dropping frame 1403636591.1635556
Dropping frame 1403636591.5635555
Dropping frame 1403636591.6635556
Dropping frame 1403636591.7635555
Dropping frame 1403636592.0635555
Dropping frame 1403636592.2635555
Dropping frame 1403636592.8635557
Dropping frame 1403636592.9635556
Dropping frame 1403636593.2135556
Dropping frame 1403636593.4135554
Dropping frame 1403636593.6135554
Dropping frame 1403636593.7635555
Dropping frame 1403636594.3135555
Dropping frame 1403636594.5135555
Dropping frame 1403636595.0135555
Dropping frame 1403636595.3135555
Dropping frame 1403636595.5135555
Dropping frame 1403636595.8635557
start VIBA 2
end VIBA 2
Dropping frame 1403636596.0135555
Dropping frame 1403636596.2635555
Dropping frame 1403636596.4635556
Dropping frame 1403636596.6135554
Dropping frame 1403636596.9635556
Dropping frame 1403636597.0635555
Dropping frame 1403636597.1635556
Dropping frame 1403636597.3635557
Dropping frame 1403636597.5135555
Dropping frame 1403636597.9135554
Dropping frame 1403636598.1135554
Dropping frame 1403636598.3135555
Dropping frame 1403636598.4135554
Dropping frame 1403636598.5135555
Dropping frame 1403636598.6635556
Dropping frame 1403636598.8635557
Dropping frame 1403636599.1635556
Dropping frame 1403636599.4135554
Dropping frame 1403636600.0635555
Dropping frame 1403636600.6635556
Dropping frame 1403636600.9635556
Dropping frame 1403636601.9135554
Dropping frame 1403636602.2135556
Dropping frame 1403636602.5635555
Dropping frame 1403636603.3635557
Dropping frame 1403636604.0635555
Dropping frame 1403636604.4135554
Dropping frame 1403636604.8635557
Dropping frame 1403636604.9635556
Dropping frame 1403636605.3635557
Dropping frame 1403636605.5635555
Dropping frame 1403636605.7635555
Dropping frame 1403636606.0635555
Dropping frame 1403636606.3635557
Dropping frame 1403636606.9135554
Dropping frame 1403636607.3635557
Dropping frame 1403636607.7135556
Dropping frame 1403636607.9635556
Dropping frame 1403636608.2635555
Dropping frame 1403636608.9635556
Dropping frame 1403636610.4135554
Dropping frame 1403636613.3635557
Dropping frame 1403636614.5635555
Dropping frame 1403636615.2635555
Dropping frame 1403636615.8135555
Dropping frame 1403636616.1635556
Dropping frame 1403636616.3635557
Dropping frame 1403636617.1135554
Dropping frame 1403636617.8135555
Dropping frame 1403636618.4135554
Dropping frame 1403636618.8135555
Dropping frame 1403636619.1135554
Dropping frame 1403636619.5135555
Dropping frame 1403636619.6635556
Dropping frame 1403636620.3635557
Dropping frame 1403636621.9635556
Dropping frame 1403636622.5135555
Dropping frame 1403636625.0135555
Dropping frame 1403636627.0635555
Dropping frame 1403636627.1635556
Dropping frame 1403636628.4135554
Dropping frame 1403636628.5635555
Dropping frame 1403636629.3135555
Dropping frame 1403636629.5635555
Dropping frame 1403636630.8635557
Dropping frame 1403636631.3135555
Dropping frame 1403636632.1635556
Dropping frame 1403636633.1635556
Dropping frame 1403636633.8635557
Dropping frame 1403636635.5135555
Dropping frame 1403636636.0635555
Dropping frame 1403636636.3635557
Dropping frame 1403636638.6635556
Dropping frame 1403636638.9635556
Dropping frame 1403636639.0635555
Dropping frame 1403636639.5635555
Dropping frame 1403636640.0635555
Dropping frame 1403636640.1635556
Dropping frame 1403636640.6135554
Dropping frame 1403636640.8135555
Dropping frame 1403636640.9135554
Dropping frame 1403636641.0135555
Dropping frame 1403636641.3135555
Dropping frame 1403636641.5135555
Dropping frame 1403636641.8135555
Dropping frame 1403636641.9635556
Dropping frame 1403636642.0635555
Dropping frame 1403636642.2135556
Dropping frame 1403636642.3135555
Dropping frame 1403636642.4135554
Dropping frame 1403636642.5135555
Dropping frame 1403636642.9135554
Dropping frame 1403636643.0135555
Dropping frame 1403636643.3635557
Dropping frame 1403636643.4635556
Dropping frame 1403636643.5635555
Dropping frame 1403636643.9635556
Dropping frame 1403636644.3135555
Dropping frame 1403636644.8135555
Dropping frame 1403636645.2635555
Dropping frame 1403636645.4135554
Dropping frame 1403636645.6135554
Dropping frame 1403636645.7135556
Dropping frame 1403636645.9635556
Dropping frame 1403636646.0635555
Dropping frame 1403636646.1635556
Dropping frame 1403636646.2635555
Dropping frame 1403636646.3635557
Dropping frame 1403636646.5135555
Dropping frame 1403636646.6135554
Dropping frame 1403636646.9135554
Dropping frame 1403636647.0635555
Dropping frame 1403636647.1635556
Dropping frame 1403636647.3135555
Dropping frame 1403636647.4135554
Dropping frame 1403636647.5135555
Dropping frame 1403636647.6635556
Dropping frame 1403636647.8135555
Dropping frame 1403636648.1135554
Dropping frame 1403636648.2135556
Dropping frame 1403636648.3635557
Dropping frame 1403636648.4635556
Dropping frame 1403636648.5635555
Dropping frame 1403636648.6635556
Dropping frame 1403636648.8635557
Dropping frame 1403636648.9635556
Dropping frame 1403636649.0635555
Dropping frame 1403636649.3135555
Dropping frame 1403636649.7135556
Dropping frame 1403636649.8635557
Dropping frame 1403636649.9635556
Dropping frame 1403636650.1635556
Dropping frame 1403636650.3135555
Dropping frame 1403636650.4635556
Dropping frame 1403636650.7135556
Dropping frame 1403636650.8135555
Dropping frame 1403636650.9135554
Dropping frame 1403636651.0135555
Dropping frame 1403636651.2135556
Dropping frame 1403636651.3135555
Dropping frame 1403636651.4135554
Dropping frame 1403636651.5135555
Dropping frame 1403636651.8135555
Dropping frame 1403636651.9135554
Dropping frame 1403636652.2635555
Dropping frame 1403636652.3635557
Dropping frame 1403636652.5635555
Dropping frame 1403636652.7135556
Dropping frame 1403636653.1635556
Dropping frame 1403636653.2635555
Dropping frame 1403636653.5135555
Dropping frame 1403636653.6635556
Dropping frame 1403636653.9135554
Dropping frame 1403636654.3135555
Dropping frame 1403636654.4135554
Dropping frame 1403636655.0135555
Dropping frame 1403636655.2135556
Dropping frame 1403636655.7635555
Dropping frame 1403636656.1135554
Dropping frame 1403636656.2135556
Dropping frame 1403636656.7635555
Dropping frame 1403636657.0635555
Dropping frame 1403636657.2135556
Dropping frame 1403636657.3135555
Dropping frame 1403636657.4135554
Dropping frame 1403636657.7635555
Dropping frame 1403636658.1135554
Dropping frame 1403636658.4135554
Dropping frame 1403636658.5635555
Dropping frame 1403636659.0635555
Dropping frame 1403636659.2635555
Dropping frame 1403636659.3635557
Dropping frame 1403636659.5635555
Dropping frame 1403636659.7635555
Dropping frame 1403636659.9635556
Dropping frame 1403636660.0635555
Dropping frame 1403636660.4635556
Dropping frame 1403636660.6635556
Dropping frame 1403636660.7635555
Dropping frame 1403636660.8635557
Dropping frame 1403636660.9635556
Dropping frame 1403636661.2135556
Dropping frame 1403636661.3135555
Dropping frame 1403636661.4135554
Dropping frame 1403636661.6135554
Dropping frame 1403636661.8135555
Dropping frame 1403636661.9135554
Dropping frame 1403636662.1135554
Dropping frame 1403636662.2135556
Dropping frame 1403636662.7635555
Dropping frame 1403636663.2635555
Dropping frame 1403636663.9635556
Dropping frame 1403636664.0635555
Dropping frame 1403636664.1635556
Dropping frame 1403636664.2635555
Dropping frame 1403636664.3635557
Dropping frame 1403636664.5635555
Dropping frame 1403636664.7635555
Dropping frame 1403636664.9635556
Dropping frame 1403636665.0635555
Dropping frame 1403636665.1635556
Dropping frame 1403636665.2635555
Dropping frame 1403636665.3635557
Dropping frame 1403636665.4635556
Dropping frame 1403636665.5635555
Dropping frame 1403636665.7635555
Dropping frame 1403636665.8635557
Dropping frame 1403636665.9635556
Dropping frame 1403636666.0635555
Dropping frame 1403636666.1635556
Dropping frame 1403636666.2635555
Dropping frame 1403636666.4635556
Dropping frame 1403636666.6135554
Dropping frame 1403636666.7135556
Dropping frame 1403636667.0135555
Dropping frame 1403636667.2135556
Dropping frame 1403636667.3635557
Dropping frame 1403636667.4635556
Dropping frame 1403636667.6135554
Dropping frame 1403636667.9135554
Dropping frame 1403636668.0135555
Dropping frame 1403636668.2135556
Dropping frame 1403636668.3635557
Dropping frame 1403636668.5635555
Dropping frame 1403636668.7635555
Dropping frame 1403636668.8635557
Dropping frame 1403636668.9635556
Dropping frame 1403636669.0635555
Dropping frame 1403636669.2635555
Dropping frame 1403636669.4635556
Dropping frame 1403636669.6635556
Dropping frame 1403636669.8635557
Dropping frame 1403636670.0635555
Dropping frame 1403636670.1635556
Dropping frame 1403636670.3635557
Dropping frame 1403636670.5635555
Dropping frame 1403636670.6635556
Dropping frame 1403636671.0135555
Dropping frame 1403636671.1135554
Dropping frame 1403636671.3135555
Dropping frame 1403636671.5135555
Dropping frame 1403636671.7635555
Dropping frame 1403636671.9635556
Dropping frame 1403636672.1635556
Dropping frame 1403636672.2635555
Dropping frame 1403636672.4635556
Dropping frame 1403636672.7135556
Dropping frame 1403636672.8135555
Dropping frame 1403636673.1635556
Dropping frame 1403636673.3635557
Dropping frame 1403636673.6135554
Dropping frame 1403636673.8135555
Dropping frame 1403636674.0135555
Dropping frame 1403636674.2135556
Dropping frame 1403636674.3135555
Dropping frame 1403636674.5635555
Dropping frame 1403636674.7635555
Dropping frame 1403636674.9635556
Dropping frame 1403636675.0635555
Dropping frame 1403636675.1635556
Dropping frame 1403636675.2635555
Dropping frame 1403636675.5135555
Dropping frame 1403636675.6135554
Dropping frame 1403636675.7135556
Dropping frame 1403636676.0635555
Dropping frame 1403636676.1635556
Dropping frame 1403636676.3635557
Dropping frame 1403636676.5635555
Dropping frame 1403636676.6635556
Dropping frame 1403636676.7635555
Dropping frame 1403636676.9635556
Dropping frame 1403636677.0635555
Dropping frame 1403636677.2635555
Dropping frame 1403636677.3635557
Dropping frame 1403636677.5635555
Dropping frame 1403636677.6635556
Dropping frame 1403636677.7635555
Dropping frame 1403636678.1635556
Dropping frame 1403636678.3635557
Dropping frame 1403636678.5635555
Dropping frame 1403636678.6635556
Dropping frame 1403636678.7635555
Dropping frame 1403636678.9635556
Dropping frame 1403636679.1635556
Dropping frame 1403636679.3635557
Dropping frame 1403636679.5635555
Dropping frame 1403636679.6635556
Dropping frame 1403636679.7635555
Dropping frame 1403636679.8635557
Dropping frame 1403636680.1135554
Dropping frame 1403636680.3135555
Dropping frame 1403636680.4135554
Dropping frame 1403636680.5135555
Dropping frame 1403636680.6135554
Dropping frame 1403636680.7635555
Dropping frame 1403636680.9635556
Dropping frame 1403636681.1635556
Dropping frame 1403636681.2635555
Dropping frame 1403636681.5135555
Dropping frame 1403636681.6135554
Dropping frame 1403636681.9135554
Dropping frame 1403636682.0135555
Dropping frame 1403636682.4135554
Dropping frame 1403636682.6135554
Dropping frame 1403636682.9635556
Dropping frame 1403636683.2135556
Dropping frame 1403636683.3135555
Dropping frame 1403636683.4135554
Dropping frame 1403636683.6635556
Dropping frame 1403636683.8135555
Dropping frame 1403636684.2135556
Dropping frame 1403636684.4135554
Dropping frame 1403636684.5635555
Dropping frame 1403636684.9135554
Dropping frame 1403636685.2135556
Dropping frame 1403636686.1635556
Dropping frame 1403636686.7135556
Dropping frame 1403636686.9135554
Dropping frame 1403636687.1635556
Dropping frame 1403636687.8135555
Dropping frame 1403636687.9135554
Dropping frame 1403636688.1135554
Dropping frame 1403636688.3135555
Dropping frame 1403636688.5135555
Dropping frame 1403636688.6135554
Dropping frame 1403636689.0135555
Dropping frame 1403636689.8135555
Dropping frame 1403636689.9135554
Dropping frame 1403636690.2135556
Dropping frame 1403636690.8135555
Dropping frame 1403636691.1635556
Dropping frame 1403636691.4635556
Dropping frame 1403636691.8135555
Dropping frame 1403636692.2135556
Dropping frame 1403636692.3635557
Dropping frame 1403636693.0135555
Dropping frame 1403636693.2135556
Dropping frame 1403636693.4135554
Dropping frame 1403636693.6135554
Dropping frame 1403636693.8135555
Dropping frame 1403636694.1635556
Dropping frame 1403636694.3635557
Dropping frame 1403636694.9135554
Dropping frame 1403636695.1135554
Dropping frame 1403636695.4135554
Dropping frame 1403636695.6135554
Dropping frame 1403636695.8135555
Dropping frame 1403636696.1135554
Dropping frame 1403636696.4135554
Dropping frame 1403636696.5135555
Dropping frame 1403636697.0635555
Dropping frame 1403636697.3635557
Dropping frame 1403636697.8635557
Dropping frame 1403636698.0635555
Dropping frame 1403636698.2635555
Dropping frame 1403636698.4635556
Dropping frame 1403636698.6635556
Dropping frame 1403636698.7635555
Dropping frame 1403636699.0135555
Dropping frame 1403636699.3135555
Dropping frame 1403636699.6135554
Dropping frame 1403636700.2635555
Dropping frame 1403636700.6135554
Dropping frame 1403636700.9135554
Dropping frame 1403636701.2635555
Dropping frame 1403636701.6135554
Dropping frame 1403636701.8135555
Dropping frame 1403636702.1135554
Dropping frame 1403636702.3635557
Dropping frame 1403636702.5635555
Dropping frame 1403636702.6635556
Dropping frame 1403636703.0135555
Dropping frame 1403636703.1135554
Dropping frame 1403636703.3635557
Dropping frame 1403636703.7635555
Dropping frame 1403636704.0135555
Dropping frame 1403636704.1635556
Dropping frame 1403636704.2635555
Dropping frame 1403636704.6635556
Dropping frame 1403636704.7635555
Dropping frame 1403636704.8635557
Dropping frame 1403636705.0635555
Dropping frame 1403636705.1635556
Dropping frame 1403636705.3635557
Dropping frame 1403636705.5135555
Dropping frame 1403636705.7135556
Dropping frame 1403636705.8135555
Dropping frame 1403636706.0635555
Dropping frame 1403636706.2635555
Dropping frame 1403636706.4635556
Dropping frame 1403636706.6635556
Dropping frame 1403636706.7635555
Dropping frame 1403636706.8635557
Dropping frame 1403636707.0635555
Dropping frame 1403636707.1635556
Dropping frame 1403636707.2635555
Dropping frame 1403636707.4635556
Dropping frame 1403636707.7635555
Dropping frame 1403636707.8635557
Dropping frame 1403636707.9635556
Dropping frame 1403636708.1635556
Dropping frame 1403636708.2635555
Dropping frame 1403636708.3635557
Dropping frame 1403636708.5635555
Dropping frame 1403636708.7635555
Dropping frame 1403636708.9135554
Dropping frame 1403636709.1135554
Dropping frame 1403636709.2135556
Dropping frame 1403636709.4635556
Dropping frame 1403636709.6635556
Dropping frame 1403636709.7635555
Dropping frame 1403636709.8635557
Dropping frame 1403636709.9635556
Dropping frame 1403636710.4135554
Dropping frame 1403636710.5135555
Dropping frame 1403636710.8135555
Dropping frame 1403636711.0635555
Dropping frame 1403636711.1635556
Dropping frame 1403636711.2635555
Dropping frame 1403636711.3635557
Dropping frame 1403636711.5635555
Dropping frame 1403636711.6635556
Dropping frame 1403636711.9135554
Dropping frame 1403636712.0135555
Dropping frame 1403636712.1135554
Dropping frame 1403636712.3135555
Dropping frame 1403636712.5135555
Dropping frame 1403636712.6135554
Dropping frame 1403636712.7135556
Dropping frame 1403636712.9135554
Dropping frame 1403636713.0135555
Dropping frame 1403636713.1135554
Dropping frame 1403636713.2135556
Dropping frame 1403636713.4135554
Dropping frame 1403636713.6135554
Dropping frame 1403636713.7135556
Dropping frame 1403636713.8135555
Dropping frame 1403636713.9135554
Dropping frame 1403636714.0135555
Dropping frame 1403636714.1135554
Dropping frame 1403636714.3135555
Dropping frame 1403636714.4135554
Dropping frame 1403636714.5135555
Dropping frame 1403636715.0135555
Dropping frame 1403636715.1135554
Dropping frame 1403636715.2135556
Dropping frame 1403636715.4135554
Dropping frame 1403636715.5135555
Dropping frame 1403636715.6135554
Dropping frame 1403636715.8135555
Dropping frame 1403636715.9135554
Dropping frame 1403636716.1635556
Dropping frame 1403636716.3635557
Dropping frame 1403636716.4635556
Dropping frame 1403636716.5635555
Dropping frame 1403636716.8135555
Dropping frame 1403636716.9135554
Dropping frame 1403636717.0135555
Dropping frame 1403636717.2635555
Dropping frame 1403636717.3635557
Dropping frame 1403636717.5635555
Dropping frame 1403636717.7635555
Dropping frame 1403636717.9635556
Dropping frame 1403636718.1635556
Dropping frame 1403636718.2635555
Dropping frame 1403636718.3635557
Dropping frame 1403636718.4635556
Dropping frame 1403636718.6635556
Dropping frame 1403636718.8635557
Dropping frame 1403636719.0635555
Dropping frame 1403636719.1635556
Dropping frame 1403636719.2635555
Dropping frame 1403636719.3635557
Dropping frame 1403636719.4635556
Dropping frame 1403636719.5635555
Dropping frame 1403636719.7635555
Dropping frame 1403636719.9635556
Dropping frame 1403636720.0635555
Dropping frame 1403636720.1635556
Dropping frame 1403636720.3635557
Dropping frame 1403636720.4635556
Dropping frame 1403636720.7135556
Dropping frame 1403636720.9135554
Dropping frame 1403636721.1135554
Dropping frame 1403636721.2135556
Dropping frame 1403636721.3135555
Dropping frame 1403636721.5135555
Dropping frame 1403636721.7135556
Dropping frame 1403636721.8135555
Dropping frame 1403636721.9135554
Dropping frame 1403636722.1135554
Dropping frame 1403636722.3135555
Dropping frame 1403636722.4135554
Dropping frame 1403636722.5135555
Dropping frame 1403636722.7135556
Dropping frame 1403636722.9135554
Dropping frame 1403636723.1135554
Dropping frame 1403636723.2135556
Dropping frame 1403636723.3135555
Dropping frame 1403636723.4135554
Dropping frame 1403636723.6135554
Dropping frame 1403636723.8135555
Dropping frame 1403636723.9135554
Dropping frame 1403636724.0135555
Dropping frame 1403636724.2135556
Dropping frame 1403636724.3135555
Dropping frame 1403636724.4135554
Dropping frame 1403636724.9135554
Dropping frame 1403636725.0135555
Dropping frame 1403636725.1135554
Dropping frame 1403636725.3135555
Dropping frame 1403636725.4135554
Dropping frame 1403636725.6635556
Dropping frame 1403636725.7635555
Dropping frame 1403636725.8635557
Dropping frame 1403636726.0635555
Dropping frame 1403636726.1635556
Dropping frame 1403636726.4135554
Dropping frame 1403636726.6135554
Dropping frame 1403636726.8135555
Dropping frame 1403636727.0135555
Dropping frame 1403636727.1135554
Dropping frame 1403636727.4135554
Dropping frame 1403636727.5135555
Dropping frame 1403636727.6135554
Dropping frame 1403636727.8135555
Dropping frame 1403636728.0135555
Dropping frame 1403636728.2135556
Dropping frame 1403636728.4135554
Dropping frame 1403636728.5135555
Dropping frame 1403636728.7135556
Dropping frame 1403636728.8135555
Dropping frame 1403636728.9135554
Dropping frame 1403636729.1135554
Dropping frame 1403636729.2135556
Dropping frame 1403636729.3135555
Dropping frame 1403636729.5135555
Dropping frame 1403636729.7135556
Dropping frame 1403636729.8135555
Dropping frame 1403636729.9135554
Dropping frame 1403636730.1635556
Dropping frame 1403636730.3635557
Dropping frame 1403636730.4635556
Dropping frame 1403636730.5635555
Dropping frame 1403636730.6635556
Dropping frame 1403636730.9135554
Dropping frame 1403636731.1135554
Dropping frame 1403636731.2135556
Dropping frame 1403636731.3135555
Dropping frame 1403636731.4635556
Dropping frame 1403636731.5635555
Dropping frame 1403636731.8135555
Dropping frame 1403636731.9135554
Dropping frame 1403636732.0135555
Dropping frame 1403636732.2135556
Dropping frame 1403636732.3135555
Dropping frame 1403636732.4135554
Dropping frame 1403636732.5135555
Dropping frame 1403636732.6135554
Dropping frame 1403636732.7135556
Dropping frame 1403636732.9135554
Dropping frame 1403636733.0135555
Dropping frame 1403636733.1135554
Dropping frame 1403636733.2135556
Dropping frame 1403636733.5635555
Dropping frame 1403636733.7635555
Dropping frame 1403636733.8635557
Dropping frame 1403636733.9635556
Dropping frame 1403636734.0635555
Dropping frame 1403636734.2635555
Dropping frame 1403636734.3635557
Dropping frame 1403636734.5635555
Dropping frame 1403636734.6635556
Dropping frame 1403636734.7635555
Dropping frame 1403636734.8635557
Dropping frame 1403636734.9635556
Dropping frame 1403636735.2635555
Dropping frame 1403636735.3635557
Dropping frame 1403636735.4635556
Dropping frame 1403636735.6635556
Dropping frame 1403636735.7635555
Dropping frame 1403636735.9635556
Dropping frame 1403636736.0635555
Dropping frame 1403636736.1635556
Dropping frame 1403636736.2635555
Dropping frame 1403636736.3635557
Dropping frame 1403636736.4635556
Dropping frame 1403636736.6635556
Dropping frame 1403636736.8135555
Dropping frame 1403636736.9135554
Dropping frame 1403636737.0135555
Dropping frame 1403636737.2135556
Dropping frame 1403636737.3135555
Dropping frame 1403636737.4135554
Dropping frame 1403636737.5135555
Dropping frame 1403636737.6135554
Dropping frame 1403636737.7135556
Dropping frame 1403636737.8135555
Dropping frame 1403636737.9135554
Dropping frame 1403636738.0635555
Dropping frame 1403636738.2135556
Dropping frame 1403636738.3135555
Dropping frame 1403636738.4635556
Dropping frame 1403636738.5635555
Dropping frame 1403636738.8635557
Dropping frame 1403636738.9635556
Dropping frame 1403636739.0635555
Dropping frame 1403636739.1635556
Dropping frame 1403636739.4635556
Dropping frame 1403636739.5635555
Dropping frame 1403636739.7635555
Dropping frame 1403636739.8635557
Dropping frame 1403636739.9635556
Dropping frame 1403636740.1635556
Dropping frame 1403636740.2635555
Dropping frame 1403636740.5635555
Dropping frame 1403636740.6635556
Dropping frame 1403636740.8135555
Dropping frame 1403636740.9135554
Dropping frame 1403636741.0135555
Dropping frame 1403636741.1135554
Dropping frame 1403636741.4135554
Dropping frame 1403636741.6135554
Dropping frame 1403636741.8135555
Dropping frame 1403636741.9135554
Dropping frame 1403636742.1635556
Dropping frame 1403636742.3135555
Dropping frame 1403636742.5135555
Dropping frame 1403636742.6135554
Dropping frame 1403636742.8635557
Dropping frame 1403636743.0635555
Dropping frame 1403636743.2135556
Dropping frame 1403636743.3135555
Dropping frame 1403636743.6635556
Dropping frame 1403636743.7635555
Dropping frame 1403636743.8635557
Dropping frame 1403636744.0135555
Dropping frame 1403636744.1135554
Dropping frame 1403636744.2135556
Dropping frame 1403636744.4635556
Dropping frame 1403636744.6135554
Dropping frame 1403636744.7135556
Dropping frame 1403636744.9635556
Dropping frame 1403636745.1635556
Dropping frame 1403636745.2635555
Dropping frame 1403636745.3635557
Dropping frame 1403636745.4635556
Dropping frame 1403636745.5635555
Dropping frame 1403636745.7635555
Dropping frame 1403636745.8635557
Dropping frame 1403636745.9635556
Dropping frame 1403636746.0635555
Dropping frame 1403636746.2135556
Dropping frame 1403636746.3135555
Dropping frame 1403636746.7135556
Dropping frame 1403636746.8135555
Dropping frame 1403636747.2135556
Dropping frame 1403636747.3635557
Dropping frame 1403636747.6635556
Dropping frame 1403636747.8135555
Dropping frame 1403636747.9635556
Dropping frame 1403636748.2135556
Dropping frame 1403636748.3135555
Dropping frame 1403636748.5635555
Dropping frame 1403636748.8135555
Dropping frame 1403636749.0635555
Dropping frame 1403636749.1635556
Dropping frame 1403636749.2635555
Dropping frame 1403636749.3635557
Dropping frame 1403636749.4635556
Dropping frame 1403636749.5635555
Dropping frame 1403636749.7635555
Dropping frame 1403636749.9635556
Dropping frame 1403636750.1635556
Dropping frame 1403636750.2635555
Dropping frame 1403636750.3635557
Dropping frame 1403636750.5635555
Dropping frame 1403636750.6635556
Dropping frame 1403636750.7635555
Dropping frame 1403636750.9635556
Dropping frame 1403636751.0635555
Dropping frame 1403636751.1635556
Dropping frame 1403636751.3635557
Dropping frame 1403636751.4635556
Dropping frame 1403636751.5635555
Dropping frame 1403636751.7635555
Dropping frame 1403636751.8635557
Dropping frame 1403636751.9635556
Dropping frame 1403636752.0635555
Dropping frame 1403636752.1635556
Dropping frame 1403636752.2635555
Dropping frame 1403636752.4635556
Dropping frame 1403636752.5635555
Dropping frame 1403636752.8135555
Dropping frame 1403636752.9135554
Dropping frame 1403636753.0135555
Dropping frame 1403636753.1135554
Dropping frame 1403636753.2135556
Dropping frame 1403636753.3135555
Dropping frame 1403636753.5135555
Dropping frame 1403636753.7635555
Dropping frame 1403636753.8635557
Dropping frame 1403636753.9635556
Dropping frame 1403636754.1635556
Dropping frame 1403636754.2635555
Dropping frame 1403636754.3635557
Dropping frame 1403636754.4635556
Dropping frame 1403636754.7135556
Dropping frame 1403636754.8135555
Dropping frame 1403636754.9135554
Dropping frame 1403636755.1135554
Dropping frame 1403636755.2135556
Dropping frame 1403636755.3135555
Dropping frame 1403636755.5135555
Dropping frame 1403636755.6135554
Dropping frame 1403636755.7635555
Dropping frame 1403636755.8635557
Dropping frame 1403636756.0635555
Dropping frame 1403636756.1635556
Dropping frame 1403636756.2635555
Dropping frame 1403636756.3635557
Dropping frame 1403636756.4635556
Dropping frame 1403636756.6635556
Dropping frame 1403636756.8635557
Dropping frame 1403636756.9635556
Dropping frame 1403636757.0635555
Dropping frame 1403636757.1635556
Dropping frame 1403636757.2635555
Dropping frame 1403636757.3635557
Dropping frame 1403636757.7635555
Dropping frame 1403636757.8635557
Dropping frame 1403636757.9635556
Dropping frame 1403636758.0635555
Dropping frame 1403636758.1635556
Dropping frame 1403636758.3635557
Dropping frame 1403636758.4635556
Dropping frame 1403636758.5635555
Dropping frame 1403636758.6635556
Dropping frame 1403636758.7635555
Dropping frame 1403636758.8635557
Dropping frame 1403636758.9635556
Dropping frame 1403636759.0635555
Dropping frame 1403636759.1635556
Dropping frame 1403636759.3635557
Dropping frame 1403636759.4635556
Dropping frame 1403636759.5635555
Dropping frame 1403636759.7635555
Dropping frame 1403636759.8635557
Dropping frame 1403636759.9635556
Dropping frame 1403636760.1635556
Dropping frame 1403636760.2635555
Dropping frame 1403636760.3635557
Dropping frame 1403636760.5635555
Dropping frame 1403636760.6635556
Dropping frame 1403636760.7635555
Dropping frame 1403636760.9635556
Dropping frame 1403636761.1635556
Dropping frame 1403636761.2635555
Dropping frame 1403636761.3635557
Dropping frame 1403636761.4635556
Dropping frame 1403636761.6635556
Dropping frame 1403636761.7635555
Dropping frame 1403636761.8635557
Dropping frame 1403636761.9635556
Dropping frame 1403636762.0635555
Dropping frame 1403636762.2635555
Dropping frame 1403636762.3635557
Dropping frame 1403636762.4635556
Dropping frame 1403636762.5635555
Dropping frame 1403636762.6635556
Dropping frame 1403636762.8635557
Dropping frame 1403636762.9635556
Dropping frame 1403636763.0635555
Dropping frame 1403636763.1635556
Dropping frame 1403636763.2635555
Dropping frame 1403636763.3635557
Dropping frame 1403636763.5135555
Dropping frame 1403636763.6135554
Fail to track local map!
Dropping frame 1403636763.7135556
Fail to track local map!
Dropping frame 1403636763.8135555
Shutdown
SLAM Finished at System Time: 1734509329.59581

 TIME STATS in ms (mean$\pm$std)
OpenCV version: 4.8.1
---------------------------
Tracking

ORB Extraction: 18.774$\pm$1.7648
Stereo Matching: 7.1482$\pm$1.9077
IMU Preintegration: 0.25521$\pm$0.10235
Pose Prediction: 0.20938$\pm$0.59898
LM Track: 20.711$\pm$6.3812
New KF decision: 1.0667$\pm$2.0175
Total Tracking: 33.381$\pm$26.747



Local Mapping

KF Insertion: 18.348$\pm$8.2064
MP Culling: 0.51029$\pm$0.19761
MP Creation: 50.359$\pm$17.647
LBA: 167.74$\pm$55.907
KF Culling: 19.168$\pm$12.384
Total Local Mapping: 256.08$\pm$82.683
---------------------------

LBA complexity (mean$\pm$std)
LBA Edges: 1990.1$\pm$817.46
LBA KF optimized: 6.5$\pm$2.2913
LBA KF fixed: 1$\pm$0
LBA MP: nan$\pm$nan

LBA executions: 538
LBA aborts: 0
---------------------------

Map complexity
KFs in map: 143
MPs in map: 11140
---------------------------

Place Recognition (mean$\pm$std)
Database Query: 1.668$\pm$0.96907
SE3 estimation: 14.914$\pm$17.004
Total Place Recognition: 15.056$\pm$17.53


Loop Closing (mean$\pm$std)
Loop Fusion: nan$\pm$nan
Essential Graph: nan$\pm$nan
Total Loop Closing: nan$\pm$nan

Num exec: 0
Number of KFs: nan$\pm$nan

Map Merging (mean$\pm$std)
Merge Maps: nan$\pm$nan
Welding BA: nan$\pm$nan
Optimization Ess.: nan$\pm$nan
Total Map Merging: nan$\pm$nan

Num exec: 0
Number of KFs: nan$\pm$nan
Number of MPs: nan$\pm$nan

Full GBA (mean$\pm$std)
GBA: nan$\pm$nan
Map Update: nan$\pm$nan
Total Full GBA: nan$\pm$nan

Num exec: 0
Num abort: 0
Number of KFs: nan$\pm$nan
Number of MPs: nan$\pm$nan

Saving trajectory to f_dataset-MH01_stereo_imu.txt ...
There are 1 maps in the atlas
  Map 0 has 143 KFs

End of saving trajectory to f_dataset-MH01_stereo_imu.txt ...

Saving keyframe trajectory to kf_dataset-MH01_stereo_imu.txt ...
