num_seq = 1
file name: dataset-MH04_stereo_imu
Loading images for sequence 0...LOADED!
Loading IMU for sequence 0...LOADED!

-------

ORB-SLAM3 Copyright (C) 2017-2020 Carlos Campos, Richard Elvira, Juan J. Gómez, José M.M. Montiel and Juan D. Tardós, University of Zaragoza.
ORB-SLAM2 Copyright (C) 2014-2016 Raúl Mur-Artal, José M.M. Montiel and Juan D. Tardós, University of Zaragoza.
This program comes with ABSOLUTELY NO WARRANTY;
This is free software, and you are welcome to redistribute it
under certain conditions. See LICENSE.txt.

Built with REGISTER_TIMES
Git Commit Hash: 5ee9387

Compiled with C++ version: 201703

Input sensor was set to: Stereo-Inertial
Loading settings from ./Examples/Stereo-Inertial/EuRoC_fov_deadlines_mask_3x3.yaml
	-Loaded camera 1
	-Loaded camera 2
	-Loaded image info
	-Loaded IMU calibration
	-Loaded ORB settings
	-Loaded viewer settings
	-Loaded Atlas settings
Deadlines enabled, will skip frames!
FOV enabled
Static mask size: 3x3
Dumping map points enabled
	-Loaded misc parameters
	-Computed rectification maps
----------------------------------
SLAM settings: 
	-Camera 1 parameters (Pinhole): [ 458.65399169921875 457.29598999023438 367.21499633789062 248.375 ]
	-Camera 1 distortion parameters: [  -0.28340810537338257 0.073959067463874817 0.00019359000725671649 1.7618711353861727e-05 ]
	-Camera 2 parameters (Pinhole: [ 457.58700561523438 456.13400268554688 379.99899291992188 255.23800659179688 ]
	-Camera 1 distortion parameters: [  -0.2836836576461792 0.074512839317321777 -0.00010473000293131918 -3.555907096597366e-05 ]
	-Original image size: [ 752 , 480 ]
	-Current image size: [ 752 , 480 ]
	-Camera 1 parameters after rectification: [  456.71499633789062 456.71499633789062 364.52615356445312 257.268798828125 ]
	-Sequence FPS: 20
	-Stereo baseline: 0.11007784307003021
	-Stereo depth threshold : 60
	-Gyro noise: 0.00016999999934341758
	-Accelerometer noise: 0.0020000000949949026
	-Gyro walk: 1.9392999092815444e-05
	-Accelerometer walk: 0.0030000000260770321
	-IMU frequency: 200
	-Features per image: 1200
	-ORB scale factor: 1.2000000476837158
	-ORB number of scales: 8
	-Initial FAST threshold: 20
	-Min FAST threshold: 7


Loading ORB Vocabulary. This could take a while...
Vocabulary loaded!

Initialization of Atlas from scratch 
Creation of new map with id: 0
Creation of new map with last KF id: 0
Seq. Name: 
There are 1 cameras in the atlas
Camera 0 is pinhole
SLAM Started at System Time: 1734429982.72162
not IMU meas
not IMU meas
not enough acceleration
not enough acceleration
not enough acceleration
not enough acceleration
not enough acceleration
not enough acceleration
not enough acceleration
not enough acceleration
not enough acceleration
not enough acceleration
not enough acceleration
not enough acceleration
not enough acceleration
not enough acceleration
not enough acceleration
not enough acceleration
not enough acceleration
not enough acceleration
not enough acceleration
not enough acceleration
not enough acceleration
not enough acceleration
not enough acceleration
not enough acceleration
not enough acceleration
not enough acceleration
not enough acceleration
not enough acceleration
not enough acceleration
not enough acceleration
First KF:0; Map init KF:0
New Map created with 41 points
Active map: 0
Fail to track local map!
IMU is not or recently initialized. Reseting active map...
LM: Active map reset recieved
LM: Active map reset, waiting...
LM: Reseting current map in Local Mapping...
LM: End reseting Local Mapping...
LM: Reset free the mutex
LM: Active map reset, Done!!!
mnFirstFrameId = 32
mnInitialFrameId = 0
49 Frames set to lost
not IMU meas
First KF:10; Map init KF:0
New Map created with 993 points
Active map: 0
Dropping frame 1403638131.445097
Dropping frame 1403638131.645097
Dropping frame 1403638131.7450969
Dropping frame 1403638131.9950972
Dropping frame 1403638132.195097
start VIBA 1
end VIBA 1
Not enough motion for initializing. Reseting...
TRACK: Reset map because local mapper set the bad imu flag 
LM: Active map reset recieved
LM: Active map reset, waiting...
LM: Reseting current map in Local Mapping...
LM: End reseting Local Mapping...
LM: Reset free the mutex
LM: Active map reset, Done!!!
mnFirstFrameId = 82
mnInitialFrameId = 80
214 Frames set to lost
not IMU meas
not enough acceleration
not enough acceleration
not enough acceleration
not enough acceleration
not enough acceleration
not enough acceleration
not enough acceleration
not enough acceleration
not enough acceleration
not enough acceleration
Dropping frame 1403638140.4950972
not enough acceleration
not enough acceleration
not enough acceleration
not enough acceleration
not enough acceleration
not enough acceleration
not enough acceleration
not enough acceleration
not enough acceleration
not enough acceleration
not enough acceleration
not enough acceleration
not enough acceleration
not enough acceleration
not enough acceleration
not enough acceleration
not enough acceleration
not enough acceleration
not enough acceleration
not enough acceleration
not enough acceleration
not enough acceleration
not enough acceleration
not enough acceleration
not enough acceleration
not enough acceleration
not enough acceleration
not enough acceleration
not enough acceleration
not enough acceleration
not enough acceleration
not enough acceleration
not enough acceleration
not enough acceleration
not enough acceleration
not enough acceleration
not enough acceleration
not enough acceleration
First KF:51; Map init KF:10
New Map created with 71 points
Active map: 0
Not enough motion for initializing. Reseting...
LM: Reseting current map in Local Mapping...
LM: End reseting Local Mapping...
LM: Reset free the mutex
Not enough motion for initializing. Reseting...
LM: Reseting current map in Local Mapping...
LM: End reseting Local Mapping...
LM: Reset free the mutex
Not enough motion for initializing. Reseting...
LM: Reseting current map in Local Mapping...
LM: End reseting Local Mapping...
LM: Reset free the mutex
Not enough motion for initializing. Reseting...
TRACK: Reset map because local mapper set the bad imu flag 
LM: Reseting current map in Local Mapping...
LM: End reseting Local Mapping...
LM: Reset free the mutex
LM: Active map reset recieved
LM: Active map reset, waiting...
LM: Reseting current map in Local Mapping...
LM: End reseting Local Mapping...
LM: Reset free the mutex
LM: Active map reset, Done!!!
mnFirstFrameId = 297
mnInitialFrameId = 247
300 Frames set to lost
not IMU meas
not enough acceleration
not enough acceleration
not enough acceleration
not enough acceleration
not enough acceleration
not enough acceleration
not enough acceleration
not enough acceleration
not enough acceleration
not enough acceleration
not enough acceleration
not enough acceleration
not enough acceleration
not enough acceleration
not enough acceleration
not enough acceleration
not enough acceleration
not enough acceleration
not enough acceleration
First KF:65; Map init KF:51
New Map created with 67 points
Active map: 0
Fail to track local map!
IMU is not or recently initialized. Reseting active map...
LM: Active map reset recieved
LM: Active map reset, waiting...
LM: Reseting current map in Local Mapping...
LM: End reseting Local Mapping...
LM: Reset free the mutex
LM: Active map reset, Done!!!
mnFirstFrameId = 404
mnInitialFrameId = 383
350 Frames set to lost
not IMU meas
First KF:75; Map init KF:65
New Map created with 937 points
Active map: 0
Dropping frame 1403638150.445097
Dropping frame 1403638150.5950971
Dropping frame 1403638150.8450971
Dropping frame 1403638151.0950971
Dropping frame 1403638151.195097
Dropping frame 1403638151.2950971
Dropping frame 1403638151.4950972
Dropping frame 1403638151.5950971
Dropping frame 1403638151.7950971
Dropping frame 1403638151.895097
Dropping frame 1403638152.195097
Dropping frame 1403638152.3450971
Dropping frame 1403638152.445097
Dropping frame 1403638152.645097
Dropping frame 1403638152.8450971
Fail to track local map!
IMU is not or recently initialized. Reseting active map...
LM: Active map reset recieved
LM: Active map reset, waiting...
LM: Reseting current map in Local Mapping...
LM: End reseting Local Mapping...
LM: Reset free the mutex
LM: Active map reset, Done!!!
mnFirstFrameId = 455
mnInitialFrameId = 453
388 Frames set to lost
not IMU meas
Dropping frame 1403638153.0450969
First KF:85; Map init KF:75
New Map created with 445 points
Active map: 0
Dropping frame 1403638153.145097
Dropping frame 1403638153.2450969
Dropping frame 1403638153.445097
Dropping frame 1403638153.645097
Dropping frame 1403638153.7450969
Dropping frame 1403638153.8450971
Dropping frame 1403638154.0450969
Dropping frame 1403638154.2450969
Dropping frame 1403638154.3450971
Dropping frame 1403638154.445097
Dropping frame 1403638154.7450969
Dropping frame 1403638154.8450971
Dropping frame 1403638155.0450969
Dropping frame 1403638155.2450969
Dropping frame 1403638155.3450971
Fail to track local map!
IMU is not or recently initialized. Reseting active map...
Dropping frame 1403638155.5950971
LM: Active map reset recieved
LM: Active map reset, waiting...
LM: Reseting current map in Local Mapping...
LM: End reseting Local Mapping...
LM: Reset free the mutex
LM: Active map reset, Done!!!
mnFirstFrameId = 494
mnInitialFrameId = 492
423 Frames set to lost
not IMU meas
not enough acceleration
not enough acceleration
not enough acceleration
not enough acceleration
not enough acceleration
not enough acceleration
Dropping frame 1403638155.9950972
First KF:95; Map init KF:85
New Map created with 706 points
Active map: 0
Dropping frame 1403638157.945097
Fail to track local map!
IMU is not or recently initialized. Reseting active map...
LM: Active map reset recieved
LM: Active map reset, waiting...
LM: Reseting current map in Local Mapping...
LM: End reseting Local Mapping...
LM: Reset free the mutex
LM: Active map reset, Done!!!
mnFirstFrameId = 536
mnInitialFrameId = 528
473 Frames set to lost
not IMU meas
Dropping frame 1403638158.645097
First KF:105; Map init KF:95
New Map created with 970 points
Active map: 0
Dropping frame 1403638158.7450969
Dropping frame 1403638159.0450969
Dropping frame 1403638159.2950971
Dropping frame 1403638159.4950972
Dropping frame 1403638160.2950971
Dropping frame 1403638160.395097
Fail to track local map!
IMU is not or recently initialized. Reseting active map...
LM: Active map reset recieved
LM: Active map reset, waiting...
LM: Reseting current map in Local Mapping...
LM: End reseting Local Mapping...
LM: Reset free the mutex
LM: Active map reset, Done!!!
mnFirstFrameId = 587
mnInitialFrameId = 585
516 Frames set to lost
not IMU meas
First KF:115; Map init KF:105
New Map created with 829 points
Active map: 0
Dropping frame 1403638161.445097
Dropping frame 1403638162.2450969
Dropping frame 1403638162.4950972
Dropping frame 1403638162.645097
Dropping frame 1403638163.3450971
Dropping frame 1403638163.5450969
Fail to track local map!
IMU is not or recently initialized. Reseting active map...
LM: Active map reset recieved
LM: Active map reset, waiting...
LM: Reseting current map in Local Mapping...
LM: End reseting Local Mapping...
LM: Reset free the mutex
LM: Active map reset, Done!!!
mnFirstFrameId = 631
mnInitialFrameId = 629
563 Frames set to lost
not IMU meas
First KF:125; Map init KF:115
New Map created with 877 points
Active map: 0
Dropping frame 1403638163.945097
Dropping frame 1403638164.2950971
Dropping frame 1403638164.395097
Dropping frame 1403638164.645097
Dropping frame 1403638165.5450969
Dropping frame 1403638165.7450969
Dropping frame 1403638165.8450971
Dropping frame 1403638165.945097
Fail to track local map!
IMU is not or recently initialized. Reseting active map...
LM: Active map reset recieved
LM: Active map reset, waiting...
LM: Reseting current map in Local Mapping...
LM: End reseting Local Mapping...
LM: Reset free the mutex
LM: Active map reset, Done!!!
mnFirstFrameId = 679
mnInitialFrameId = 677
607 Frames set to lost
not IMU meas
not enough acceleration
not enough acceleration
Dropping frame 1403638166.645097
First KF:135; Map init KF:125
New Map created with 772 points
Active map: 0
Dropping frame 1403638167.9950972
Dropping frame 1403638168.2450969
Dropping frame 1403638168.4950972
Dropping frame 1403638168.5950971
Dropping frame 1403638168.695097
Fail to track local map!
IMU is not or recently initialized. Reseting active map...
LM: Active map reset recieved
LM: Active map reset, waiting...
LM: Reseting current map in Local Mapping...
LM: End reseting Local Mapping...
LM: Reset free the mutex
LM: Active map reset, Done!!!
mnFirstFrameId = 726
mnInitialFrameId = 722
652 Frames set to lost
not IMU meas
not enough acceleration
not enough acceleration
not enough acceleration
Dropping frame 1403638169.395097
not enough acceleration
First KF:145; Map init KF:135
New Map created with 654 points
Active map: 0
Dropping frame 1403638169.695097
Dropping frame 1403638169.7950971
Dropping frame 1403638169.895097
Dropping frame 1403638170.2950971
Dropping frame 1403638170.4950972
Dropping frame 1403638170.7950971
Dropping frame 1403638170.9950972
Dropping frame 1403638171.0950971
Dropping frame 1403638171.395097
Dropping frame 1403638171.4950972
Dropping frame 1403638171.5950971
Dropping frame 1403638172.0450969
Fail to track local map!
IMU is not or recently initialized. Reseting active map...
LM: Active map reset recieved
LM: Active map reset, waiting...
LM: Reseting current map in Local Mapping...
LM: End reseting Local Mapping...
LM: Reset free the mutex
LM: Active map reset, Done!!!
mnFirstFrameId = 776
mnInitialFrameId = 770
693 Frames set to lost
not IMU meas
not enough acceleration
First KF:155; Map init KF:145
New Map created with 782 points
Active map: 0
Dropping frame 1403638172.3450971
Dropping frame 1403638172.695097
Dropping frame 1403638173.195097
Dropping frame 1403638173.5450969
Fail to track local map!
IMU is not or recently initialized. Reseting active map...
LM: Active map reset recieved
LM: Active map reset, waiting...
LM: Reseting current map in Local Mapping...
LM: End reseting Local Mapping...
LM: Reset free the mutex
LM: Active map reset, Done!!!
mnFirstFrameId = 819
mnInitialFrameId = 816
717 Frames set to lost
not IMU meas
not enough acceleration
First KF:161; Map init KF:155
New Map created with 358 points
Active map: 0
Fail to track local map!
IMU is not or recently initialized. Reseting active map...
Dropping frame 1403638174.0450969
LM: Active map reset recieved
LM: Active map reset, waiting...
LM: Reseting current map in Local Mapping...
LM: End reseting Local Mapping...
LM: Reset free the mutex
LM: Active map reset, Done!!!
mnFirstFrameId = 845
mnInitialFrameId = 842
723 Frames set to lost
not IMU meas
Dropping frame 1403638174.145097
First KF:163; Map init KF:161
New Map created with 337 points
Active map: 0
Fail to track local map!
IMU is not or recently initialized. Reseting active map...
LM: Active map reset recieved
LM: Active map reset, waiting...
LM: Reseting current map in Local Mapping...
LM: End reseting Local Mapping...
LM: Reset free the mutex
LM: Active map reset, Done!!!
mnFirstFrameId = 852
mnInitialFrameId = 850
728 Frames set to lost
not IMU meas
not enough acceleration
not enough acceleration
First KF:164; Map init KF:163
New Map created with 683 points
Active map: 0
Dropping frame 1403638174.895097
Dropping frame 1403638175.195097
Dropping frame 1403638175.645097
Dropping frame 1403638176.5950971
Fail to track local map!
IMU is not or recently initialized. Reseting active map...
LM: Active map reset recieved
LM: Active map reset, waiting...
LM: Reseting current map in Local Mapping...
LM: End reseting Local Mapping...
LM: Reset free the mutex
LM: Active map reset, Done!!!
mnFirstFrameId = 860
mnInitialFrameId = 856
774 Frames set to lost
not IMU meas
not enough acceleration
not enough acceleration
not enough acceleration
not enough acceleration
not enough acceleration
not enough acceleration
Dropping frame 1403638177.445097
First KF:174; Map init KF:164
New Map created with 861 points
Active map: 0
Dropping frame 1403638177.945097
Dropping frame 1403638178.5950971
Dropping frame 1403638178.895097
Dropping frame 1403638179.695097
Dropping frame 1403638180.2450969
Dropping frame 1403638180.445097
Dropping frame 1403638181.145097
Dropping frame 1403638181.395097
Dropping frame 1403638181.5450969
Dropping frame 1403638181.895097
Dropping frame 1403638181.9950972
start VIBA 1
end VIBA 1
Dropping frame 1403638182.9950972
Dropping frame 1403638184.0950971
Dropping frame 1403638184.395097
Dropping frame 1403638184.5950971
Dropping frame 1403638184.695097
Dropping frame 1403638184.7950971
Dropping frame 1403638184.895097
Dropping frame 1403638185.145097
Dropping frame 1403638185.5450969
Dropping frame 1403638185.7950971
Dropping frame 1403638185.945097
Fail to track local map!
IMU is not or recently initialized. Reseting active map...
LM: Active map reset recieved
LM: Active map reset, waiting...
LM: Reseting current map in Local Mapping...
LM: End reseting Local Mapping...
LM: Reset free the mutex
LM: Active map reset, Done!!!
mnFirstFrameId = 913
mnInitialFrameId = 905
923 Frames set to lost
Dropping frame 1403638186.8450971
Dropping frame 1403638186.945097
Dropping frame 1403638187.0950971
Dropping frame 1403638187.2950971
Dropping frame 1403638187.945097
Dropping frame 1403638188.0450969
Dropping frame 1403638188.5950971
Dropping frame 1403638189.3450971
not enough acceleration
not enough acceleration
not enough acceleration
not enough acceleration
not enough acceleration
not enough acceleration
not enough acceleration
First KF:237; Map init KF:174
New Map created with 403 points
Active map: 0
start VIBA 1
end VIBA 1
start VIBA 2
Fail to track local map!
end VIBA 2
Fail to track local map!
Fail to track local map!
Fail to track local map!
Fail to track local map!
Fail to track local map!
Fail to track local map!
Fail to track local map!
Dropping frame 1403638221.895097
Dropping frame 1403638222.445097
Dropping frame 1403638228.195097
Dropping frame 1403638228.7450969
Shutdown
SLAM Finished at System Time: 1734430103.84561

 TIME STATS in ms (mean$\pm$std)
OpenCV version: 4.8.1
---------------------------
Tracking

ORB Extraction: 12.25$\pm$2.0393
Stereo Matching: 6.8944$\pm$3.1818
IMU Preintegration: 0.14234$\pm$0.052769
Pose Prediction: 2.6707$\pm$3.3049
LM Track: 12.025$\pm$4.5692
New KF decision: 1.051$\pm$2.1
Total Tracking: 31.789$\pm$16.213



Local Mapping

KF Insertion: 8.9576$\pm$3.6388
MP Culling: 0.43201$\pm$0.24523
MP Creation: 22.769$\pm$14.434
LBA: 65.13$\pm$32.356
KF Culling: 3.8142$\pm$11.09
Total Local Mapping: 97.936$\pm$65.899
---------------------------

LBA complexity (mean$\pm$std)
LBA Edges: 2495.2$\pm$1230.6
LBA KF optimized: 6.121$\pm$2.1045
LBA KF fixed: 1.1694$\pm$0.60538
LBA MP: nan$\pm$nan

LBA executions: 357
LBA aborts: 0
---------------------------

Map complexity
KFs in map: 108
MPs in map: 5950
---------------------------

Place Recognition (mean$\pm$std)
Database Query: 1.1896$\pm$0.52041
SE3 estimation: 15.951$\pm$12.538
Total Place Recognition: 2.2591$\pm$7.0152


Loop Closing (mean$\pm$std)
Loop Fusion: nan$\pm$nan
Essential Graph: nan$\pm$nan
Total Loop Closing: nan$\pm$nan

Num exec: 0
Number of KFs: nan$\pm$nan

Map Merging (mean$\pm$std)
Merge Maps: nan$\pm$nan
Welding BA: nan$\pm$nan
Optimization Ess.: nan$\pm$nan
Total Map Merging: nan$\pm$nan

Num exec: 0
Number of KFs: nan$\pm$nan
Number of MPs: nan$\pm$nan

Full GBA (mean$\pm$std)
GBA: nan$\pm$nan
Map Update: nan$\pm$nan
Total Full GBA: nan$\pm$nan

Num exec: 0
Num abort: 0
Number of KFs: nan$\pm$nan
Number of MPs: nan$\pm$nan

Saving trajectory to f_dataset-MH04_stereo_imu.txt ...
There are 1 maps in the atlas
  Map 0 has 108 KFs

End of saving trajectory to f_dataset-MH04_stereo_imu.txt ...

Saving keyframe trajectory to kf_dataset-MH04_stereo_imu.txt ...
