num_seq = 1
file name: dataset-MH03_stereo_imu
Loading images for sequence 0...LOADED!
Loading IMU for sequence 0...LOADED!

-------

ORB-SLAM3 Copyright (C) 2017-2020 Carlos Campos, Richard Elvira, Juan J. Gómez, José M.M. Montiel and Juan D. Tardós, University of Zaragoza.
ORB-SLAM2 Copyright (C) 2014-2016 Raúl Mur-Artal, José M.M. Montiel and Juan D. Tardós, University of Zaragoza.
This program comes with ABSOLUTELY NO WARRANTY;
This is free software, and you are welcome to redistribute it
under certain conditions. See LICENSE.txt.

Built with REGISTER_TIMES
Git Commit Hash: 5ee9387

Compiled with C++ version: 201703

Input sensor was set to: Stereo-Inertial
Loading settings from ./Examples/Stereo-Inertial/EuRoC_fov_deadlines_mask_7x7.yaml
	-Loaded camera 1
	-Loaded camera 2
	-Loaded image info
	-Loaded IMU calibration
	-Loaded ORB settings
	-Loaded viewer settings
	-Loaded Atlas settings
Deadlines enabled, will skip frames!
FOV enabled
Static mask size: 7x7
Dumping map points enabled
	-Loaded misc parameters
	-Computed rectification maps
----------------------------------
SLAM settings: 
	-Camera 1 parameters (Pinhole): [ 458.65399169921875 457.29598999023438 367.21499633789062 248.375 ]
	-Camera 1 distortion parameters: [  -0.28340810537338257 0.073959067463874817 0.00019359000725671649 1.7618711353861727e-05 ]
	-Camera 2 parameters (Pinhole: [ 457.58700561523438 456.13400268554688 379.99899291992188 255.23800659179688 ]
	-Camera 1 distortion parameters: [  -0.2836836576461792 0.074512839317321777 -0.00010473000293131918 -3.555907096597366e-05 ]
	-Original image size: [ 752 , 480 ]
	-Current image size: [ 752 , 480 ]
	-Camera 1 parameters after rectification: [  456.71499633789062 456.71499633789062 364.52615356445312 257.268798828125 ]
	-Sequence FPS: 20
	-Stereo baseline: 0.11007784307003021
	-Stereo depth threshold : 60
	-Gyro noise: 0.00016999999934341758
	-Accelerometer noise: 0.0020000000949949026
	-Gyro walk: 1.9392999092815444e-05
	-Accelerometer walk: 0.0030000000260770321
	-IMU frequency: 200
	-Features per image: 1200
	-ORB scale factor: 1.2000000476837158
	-ORB number of scales: 8
	-Initial FAST threshold: 20
	-Min FAST threshold: 7


Loading ORB Vocabulary. This could take a while...
Vocabulary loaded!

Initialization of Atlas from scratch 
Creation of new map with id: 0
Creation of new map with last KF id: 0
Seq. Name: 
There are 1 cameras in the atlas
Camera 0 is pinhole
SLAM Started at System Time: 1734433208.87578
not IMU meas
not IMU meas
not enough acceleration
not enough acceleration
First KF:0; Map init KF:0
New Map created with 206 points
Active map: 0
Not enough motion for initializing. Reseting...
TRACK: Reset map because local mapper set the bad imu flag 
LM: Reseting current map in Local Mapping...
LM: End reseting Local Mapping...
LM: Reset free the mutex
LM: Active map reset recieved
LM: Active map reset, waiting...
LM: Reseting current map in Local Mapping...
LM: End reseting Local Mapping...
LM: Reset free the mutex
LM: Active map reset, Done!!!
mnFirstFrameId = 4
mnInitialFrameId = 0
51 Frames set to lost
not IMU meas
not enough acceleration
First KF:11; Map init KF:0
New Map created with 238 points
Active map: 0
Dropping frame 1403637134.0883191
Dropping frame 1403637134.4883189
Dropping frame 1403637134.8383191
Dropping frame 1403637134.9883189
Dropping frame 1403637135.2883189
Dropping frame 1403637136.188319
Dropping frame 1403637136.4883189
Dropping frame 1403637136.9383192
Dropping frame 1403637137.0383191
Dropping frame 1403637138.0383191
Dropping frame 1403637138.2383192
Dropping frame 1403637138.4883189
start VIBA 1
end VIBA 1
Dropping frame 1403637139.5383191
Dropping frame 1403637139.8383191
Dropping frame 1403637140.0883191
Not enough motion for initializing. Reseting...
TRACK: Reset map because local mapper set the bad imu flag 
LM: Active map reset recieved
LM: Active map reset, waiting...
LM: Reseting current map in Local Mapping...
LM: End reseting Local Mapping...
LM: Reset free the mutex
LM: Active map reset, Done!!!
mnFirstFrameId = 58
mnInitialFrameId = 55
173 Frames set to lost
not IMU meas
First KF:44; Map init KF:11
New Map created with 199 points
Active map: 0
Dropping frame 1403637141.7883189
Not enough motion for initializing. Reseting...
TRACK: Reset map because local mapper set the bad imu flag 
LM: Reseting current map in Local Mapping...
LM: End reseting Local Mapping...
LM: Reset free the mutex
LM: Active map reset recieved
LM: Active map reset, waiting...
LM: Reseting current map in Local Mapping...
LM: End reseting Local Mapping...
LM: Reset free the mutex
LM: Active map reset, Done!!!
mnFirstFrameId = 182
mnInitialFrameId = 180
228 Frames set to lost
not IMU meas
not enough acceleration
not enough acceleration
not enough acceleration
not enough acceleration
not enough acceleration
not enough acceleration
not enough acceleration
not enough acceleration
not enough acceleration
not enough acceleration
not enough acceleration
not enough acceleration
not enough acceleration
not enough acceleration
not enough acceleration
not enough acceleration
not enough acceleration
not enough acceleration
not enough acceleration
not enough acceleration
not enough acceleration
not enough acceleration
not enough acceleration
not enough acceleration
not enough acceleration
not enough acceleration
not enough acceleration
First KF:55; Map init KF:44
New Map created with 215 points
Active map: 0
Not enough motion for initializing. Reseting...
TRACK: Reset map because local mapper set the bad imu flag 
LM: Reseting current map in Local Mapping...
LM: End reseting Local Mapping...
LM: Reset free the mutex
LM: Active map reset recieved
LM: Active map reset, waiting...
LM: Reseting current map in Local Mapping...
LM: End reseting Local Mapping...
LM: Reset free the mutex
LM: Active map reset, Done!!!
mnFirstFrameId = 266
mnInitialFrameId = 237
284 Frames set to lost
not IMU meas
not enough acceleration
not enough acceleration
not enough acceleration
not enough acceleration
not enough acceleration
not enough acceleration
not enough acceleration
not enough acceleration
not enough acceleration
not enough acceleration
not enough acceleration
not enough acceleration
not enough acceleration
not enough acceleration
not enough acceleration
not enough acceleration
not enough acceleration
not enough acceleration
not enough acceleration
not enough acceleration
not enough acceleration
not enough acceleration
not enough acceleration
not enough acceleration
not enough acceleration
not enough acceleration
not enough acceleration
not enough acceleration
not enough acceleration
not enough acceleration
not enough acceleration
not enough acceleration
not enough acceleration
not enough acceleration
not enough acceleration
not enough acceleration
not enough acceleration
not enough acceleration
not enough acceleration
not enough acceleration
not enough acceleration
not enough acceleration
not enough acceleration
not enough acceleration
First KF:66; Map init KF:55
New Map created with 182 points
Active map: 0
Dropping frame 1403637152.7383192
Dropping frame 1403637153.0383191
Dropping frame 1403637153.2883189
Dropping frame 1403637153.388319
Dropping frame 1403637153.5883191
Dropping frame 1403637153.7383192
Dropping frame 1403637153.9383192
Dropping frame 1403637154.0883191
Dropping frame 1403637154.388319
Dropping frame 1403637154.5883191
Dropping frame 1403637154.688319
start VIBA 1
Dropping frame 1403637155.0383191
end VIBA 1
Dropping frame 1403637155.188319
Dropping frame 1403637155.4883189
Dropping frame 1403637155.638319
Dropping frame 1403637155.7383192
Dropping frame 1403637155.9383192
Dropping frame 1403637156.138319
Dropping frame 1403637156.2383192
Dropping frame 1403637156.4883189
Dropping frame 1403637156.5883191
Dropping frame 1403637156.8383191
Dropping frame 1403637157.0883191
Dropping frame 1403637157.188319
Dropping frame 1403637157.388319
Dropping frame 1403637157.5383191
Dropping frame 1403637157.688319
Dropping frame 1403637157.888319
Dropping frame 1403637157.9883189
Dropping frame 1403637158.0883191
Dropping frame 1403637158.2883189
Dropping frame 1403637158.4883189
Dropping frame 1403637158.5883191
Dropping frame 1403637158.9883189
Dropping frame 1403637159.0883191
Dropping frame 1403637159.2883189
Dropping frame 1403637159.388319
Dropping frame 1403637159.5883191
Dropping frame 1403637159.7883189
Dropping frame 1403637159.888319
Dropping frame 1403637160.0883191
Dropping frame 1403637160.2883189
Dropping frame 1403637160.388319
Dropping frame 1403637160.4883189
Dropping frame 1403637160.688319
Dropping frame 1403637160.7883189
Dropping frame 1403637161.0383191
Dropping frame 1403637161.2383192
Dropping frame 1403637161.3383191
Dropping frame 1403637161.638319
Dropping frame 1403637161.9383192
Dropping frame 1403637162.188319
Dropping frame 1403637162.3383191
Dropping frame 1403637162.5883191
Dropping frame 1403637162.7883189
Dropping frame 1403637162.888319
Dropping frame 1403637162.9883189
Dropping frame 1403637163.188319
Dropping frame 1403637163.4383192
Dropping frame 1403637163.5383191
Dropping frame 1403637163.7383192
Dropping frame 1403637163.888319
Dropping frame 1403637164.0883191
Dropping frame 1403637164.2883189
Dropping frame 1403637164.4883189
Dropping frame 1403637164.5883191
Dropping frame 1403637164.688319
Dropping frame 1403637164.888319
Dropping frame 1403637165.0383191
start VIBA 2
Dropping frame 1403637165.2383192
Dropping frame 1403637165.4383192
end VIBA 2
Dropping frame 1403637165.9383192
Dropping frame 1403637166.138319
Dropping frame 1403637166.4383192
Dropping frame 1403637166.638319
Dropping frame 1403637166.9383192
Dropping frame 1403637167.2383192
Dropping frame 1403637168.0883191
Dropping frame 1403637168.2883189
Dropping frame 1403637168.4383192
Dropping frame 1403637168.638319
Dropping frame 1403637168.8383191
Dropping frame 1403637169.188319
Dropping frame 1403637169.2883189
Dropping frame 1403637169.5383191
Dropping frame 1403637169.7383192
Dropping frame 1403637169.9883189
Dropping frame 1403637170.188319
Dropping frame 1403637170.2883189
Dropping frame 1403637170.388319
Dropping frame 1403637170.688319
Dropping frame 1403637170.7883189
Dropping frame 1403637171.0883191
Dropping frame 1403637171.388319
Dropping frame 1403637171.4883189
Dropping frame 1403637171.7383192
Dropping frame 1403637171.8383191
Dropping frame 1403637172.0883191
Dropping frame 1403637172.2883189
Dropping frame 1403637172.4883189
Dropping frame 1403637172.5883191
Dropping frame 1403637173.138319
Dropping frame 1403637173.4383192
Dropping frame 1403637173.638319
Dropping frame 1403637173.7383192
Dropping frame 1403637173.9383192
Dropping frame 1403637174.2383192
Dropping frame 1403637174.3383191
Dropping frame 1403637174.5883191
Dropping frame 1403637174.688319
Dropping frame 1403637174.9383192
Dropping frame 1403637175.138319
Dropping frame 1403637175.3383191
Dropping frame 1403637175.638319
Dropping frame 1403637175.7383192
Dropping frame 1403637175.9383192
Dropping frame 1403637176.4883189
Dropping frame 1403637177.3383191
Dropping frame 1403637178.388319
Dropping frame 1403637178.7883189
Dropping frame 1403637179.2383192
Dropping frame 1403637179.5383191
Dropping frame 1403637179.7883189
Dropping frame 1403637179.888319
Dropping frame 1403637180.138319
Dropping frame 1403637180.2383192
Dropping frame 1403637180.4383192
Dropping frame 1403637180.5383191
Dropping frame 1403637180.8383191
Dropping frame 1403637181.0883191
Dropping frame 1403637181.188319
Dropping frame 1403637181.2883189
Dropping frame 1403637181.4883189
Dropping frame 1403637181.8383191
Dropping frame 1403637182.188319
Dropping frame 1403637182.2883189
Dropping frame 1403637182.5383191
Dropping frame 1403637182.638319
Dropping frame 1403637182.9383192
Dropping frame 1403637183.0383191
Dropping frame 1403637183.2883189
Dropping frame 1403637185.4383192
Dropping frame 1403637185.7883189
Dropping frame 1403637185.888319
Dropping frame 1403637186.138319
Dropping frame 1403637186.5883191
Dropping frame 1403637187.2383192
Dropping frame 1403637187.638319
Dropping frame 1403637187.7383192
Dropping frame 1403637188.4383192
Dropping frame 1403637188.9383192
Dropping frame 1403637189.0383191
Dropping frame 1403637189.138319
Dropping frame 1403637189.5383191
Dropping frame 1403637189.638319
Dropping frame 1403637189.9383192
Dropping frame 1403637190.0383191
Dropping frame 1403637190.2883189
Dropping frame 1403637190.388319
Dropping frame 1403637190.4883189
Dropping frame 1403637190.688319
Dropping frame 1403637190.7883189
Dropping frame 1403637190.888319
Dropping frame 1403637190.9883189
Dropping frame 1403637191.0883191
Dropping frame 1403637191.2883189
Dropping frame 1403637191.4883189
Dropping frame 1403637191.5883191
Dropping frame 1403637191.688319
Dropping frame 1403637191.888319
Dropping frame 1403637191.9883189
Dropping frame 1403637192.0883191
Dropping frame 1403637192.188319
Dropping frame 1403637192.2883189
Dropping frame 1403637192.4383192
Dropping frame 1403637192.5883191
Dropping frame 1403637192.688319
Dropping frame 1403637192.888319
Dropping frame 1403637192.9883189
Dropping frame 1403637193.0883191
Dropping frame 1403637193.188319
Dropping frame 1403637193.2883189
Dropping frame 1403637193.388319
Dropping frame 1403637193.4883189
Dropping frame 1403637193.5883191
Dropping frame 1403637193.688319
Dropping frame 1403637193.888319
Dropping frame 1403637194.138319
Dropping frame 1403637194.3383191
Dropping frame 1403637194.4383192
Dropping frame 1403637194.5383191
Dropping frame 1403637194.638319
Dropping frame 1403637194.7883189
Dropping frame 1403637194.888319
Dropping frame 1403637194.9883189
Dropping frame 1403637195.188319
Dropping frame 1403637195.4883189
Dropping frame 1403637195.7383192
Dropping frame 1403637195.9383192
Dropping frame 1403637196.0383191
Dropping frame 1403637196.2883189
Dropping frame 1403637196.5383191
Dropping frame 1403637196.688319
Dropping frame 1403637196.9883189
Dropping frame 1403637197.2383192
Dropping frame 1403637197.388319
Dropping frame 1403637197.638319
Dropping frame 1403637197.7883189
Dropping frame 1403637197.888319
Dropping frame 1403637198.0883191
Dropping frame 1403637198.2883189
Dropping frame 1403637198.388319
Dropping frame 1403637198.688319
Dropping frame 1403637198.888319
Dropping frame 1403637198.9883189
Dropping frame 1403637199.0883191
Dropping frame 1403637199.2883189
Dropping frame 1403637199.4883189
Dropping frame 1403637199.5883191
Dropping frame 1403637199.688319
Dropping frame 1403637199.7883189
Dropping frame 1403637200.0383191
Dropping frame 1403637200.138319
Dropping frame 1403637200.2383192
Dropping frame 1403637200.3383191
Dropping frame 1403637200.5383191
Dropping frame 1403637200.7383192
Dropping frame 1403637200.9383192
Dropping frame 1403637201.0383191
Dropping frame 1403637201.138319
Dropping frame 1403637201.3383191
Dropping frame 1403637201.4383192
Dropping frame 1403637201.5383191
Dropping frame 1403637201.638319
Dropping frame 1403637201.7383192
Dropping frame 1403637201.8383191
Dropping frame 1403637202.0383191
Dropping frame 1403637202.138319
Dropping frame 1403637202.2383192
Dropping frame 1403637202.3383191
Dropping frame 1403637202.4383192
Dropping frame 1403637202.5383191
Dropping frame 1403637202.7383192
Dropping frame 1403637202.9383192
Dropping frame 1403637203.0383191
Dropping frame 1403637203.138319
Dropping frame 1403637203.388319
Dropping frame 1403637203.5883191
Dropping frame 1403637203.688319
Dropping frame 1403637203.7883189
Dropping frame 1403637204.0883191
Dropping frame 1403637204.2883189
Dropping frame 1403637204.388319
Dropping frame 1403637204.4883189
Dropping frame 1403637204.5883191
Dropping frame 1403637204.7883189
Dropping frame 1403637204.888319
Dropping frame 1403637204.9883189
Dropping frame 1403637205.0883191
Dropping frame 1403637205.188319
Dropping frame 1403637205.2883189
Dropping frame 1403637205.388319
Dropping frame 1403637205.4883189
Dropping frame 1403637205.638319
Dropping frame 1403637205.7383192
Dropping frame 1403637205.888319
Dropping frame 1403637205.9883189
Dropping frame 1403637206.138319
Dropping frame 1403637206.2383192
Dropping frame 1403637206.3383191
Dropping frame 1403637206.4383192
Dropping frame 1403637206.5383191
Dropping frame 1403637206.638319
Dropping frame 1403637206.7383192
Dropping frame 1403637206.8383191
Dropping frame 1403637206.9383192
Dropping frame 1403637207.0383191
Dropping frame 1403637207.188319
Dropping frame 1403637207.2883189
Dropping frame 1403637207.4383192
Dropping frame 1403637207.638319
Dropping frame 1403637207.8383191
Dropping frame 1403637207.9383192
Dropping frame 1403637208.0383191
Dropping frame 1403637208.138319
Dropping frame 1403637208.2383192
Dropping frame 1403637208.388319
Dropping frame 1403637208.5883191
Dropping frame 1403637208.688319
Dropping frame 1403637208.7883189
Dropping frame 1403637208.888319
Dropping frame 1403637209.0383191
Dropping frame 1403637209.2383192
Dropping frame 1403637209.4383192
Dropping frame 1403637209.5383191
Dropping frame 1403637209.638319
Dropping frame 1403637209.7383192
Dropping frame 1403637209.9383192
Dropping frame 1403637210.0383191
Dropping frame 1403637210.138319
Dropping frame 1403637210.2383192
Dropping frame 1403637210.3383191
Dropping frame 1403637210.4883189
Dropping frame 1403637210.7383192
Dropping frame 1403637210.8383191
Dropping frame 1403637210.9383192
Dropping frame 1403637211.0883191
Dropping frame 1403637211.188319
Dropping frame 1403637211.2883189
Dropping frame 1403637211.388319
Dropping frame 1403637211.5383191
Dropping frame 1403637211.638319
Dropping frame 1403637211.7383192
Dropping frame 1403637211.9883189
Dropping frame 1403637212.0883191
Dropping frame 1403637212.188319
Dropping frame 1403637212.2883189
Dropping frame 1403637212.4383192
Dropping frame 1403637212.638319
Dropping frame 1403637212.8383191
Dropping frame 1403637212.9383192
Dropping frame 1403637213.0383191
Dropping frame 1403637213.138319
Dropping frame 1403637213.2383192
Dropping frame 1403637213.3383191
Dropping frame 1403637213.4383192
Dropping frame 1403637213.5383191
Dropping frame 1403637213.638319
Dropping frame 1403637213.7383192
Dropping frame 1403637213.8383191
Dropping frame 1403637213.9883189
Dropping frame 1403637214.188319
Dropping frame 1403637214.2883189
Dropping frame 1403637214.388319
Dropping frame 1403637214.4883189
Dropping frame 1403637214.5883191
Dropping frame 1403637214.688319
Dropping frame 1403637214.8383191
Dropping frame 1403637215.0883191
Dropping frame 1403637215.2883189
Dropping frame 1403637215.4883189
Dropping frame 1403637215.5883191
Dropping frame 1403637215.688319
Dropping frame 1403637215.7883189
Dropping frame 1403637215.888319
Dropping frame 1403637216.188319
Dropping frame 1403637216.388319
Dropping frame 1403637216.4883189
Dropping frame 1403637216.5883191
Dropping frame 1403637216.888319
Dropping frame 1403637217.0883191
Dropping frame 1403637217.188319
Dropping frame 1403637217.2883189
Dropping frame 1403637217.5383191
Dropping frame 1403637217.7383192
Dropping frame 1403637217.9383192
Dropping frame 1403637218.0383191
Dropping frame 1403637218.138319
Dropping frame 1403637218.3383191
Dropping frame 1403637218.5383191
Dropping frame 1403637218.7383192
Dropping frame 1403637218.9383192
Dropping frame 1403637219.138319
Dropping frame 1403637219.2383192
Dropping frame 1403637219.3383191
Dropping frame 1403637219.5383191
Dropping frame 1403637219.638319
Dropping frame 1403637219.7383192
Dropping frame 1403637219.9383192
Dropping frame 1403637220.138319
Dropping frame 1403637220.3383191
Dropping frame 1403637220.4383192
Dropping frame 1403637220.5383191
Dropping frame 1403637220.888319
Dropping frame 1403637221.0883191
Dropping frame 1403637221.4383192
Dropping frame 1403637221.5383191
Dropping frame 1403637221.7383192
Dropping frame 1403637221.8383191
Dropping frame 1403637222.0383191
Dropping frame 1403637222.2383192
Dropping frame 1403637222.3383191
Dropping frame 1403637222.4383192
Dropping frame 1403637222.638319
Dropping frame 1403637222.8383191
Dropping frame 1403637223.0383191
Dropping frame 1403637223.2383192
Dropping frame 1403637223.4383192
Dropping frame 1403637223.638319
Dropping frame 1403637223.8383191
Dropping frame 1403637224.0383191
Dropping frame 1403637224.2383192
Dropping frame 1403637224.3383191
Dropping frame 1403637224.4383192
Dropping frame 1403637224.638319
Dropping frame 1403637224.7883189
Dropping frame 1403637224.888319
Dropping frame 1403637225.0883191
Dropping frame 1403637225.188319
Dropping frame 1403637225.2883189
Dropping frame 1403637225.4883189
Dropping frame 1403637225.688319
Dropping frame 1403637225.888319
Dropping frame 1403637226.0883191
Dropping frame 1403637226.188319
Dropping frame 1403637226.388319
Dropping frame 1403637226.5883191
Dropping frame 1403637227.0383191
Dropping frame 1403637227.4383192
Dropping frame 1403637227.5383191
Dropping frame 1403637227.888319
Dropping frame 1403637228.2883189
Dropping frame 1403637228.638319
Dropping frame 1403637229.2383192
Dropping frame 1403637229.888319
Dropping frame 1403637229.9883189
Dropping frame 1403637230.188319
Dropping frame 1403637230.388319
Dropping frame 1403637230.5883191
Dropping frame 1403637231.4883189
Dropping frame 1403637231.688319
Dropping frame 1403637231.7883189
Dropping frame 1403637232.138319
Dropping frame 1403637232.2383192
Dropping frame 1403637232.4883189
Dropping frame 1403637232.688319
Dropping frame 1403637232.888319
Dropping frame 1403637233.188319
Dropping frame 1403637233.4883189
Dropping frame 1403637233.688319
Dropping frame 1403637233.888319
Dropping frame 1403637234.0883191
Dropping frame 1403637234.4383192
Dropping frame 1403637234.638319
Dropping frame 1403637234.8383191
Dropping frame 1403637235.0883191
Dropping frame 1403637235.188319
Dropping frame 1403637235.4383192
Dropping frame 1403637235.7383192
Dropping frame 1403637236.138319
Dropping frame 1403637236.3383191
Dropping frame 1403637236.4383192
Dropping frame 1403637236.688319
Dropping frame 1403637236.888319
Dropping frame 1403637237.0883191
Dropping frame 1403637237.2883189
Dropping frame 1403637237.4883189
Dropping frame 1403637237.688319
Dropping frame 1403637237.8383191
Dropping frame 1403637238.0383191
Dropping frame 1403637238.2383192
Dropping frame 1403637238.4383192
Dropping frame 1403637238.638319
Dropping frame 1403637238.8383191
Dropping frame 1403637239.0383191
Dropping frame 1403637239.138319
Dropping frame 1403637239.2383192
Dropping frame 1403637239.4383192
Dropping frame 1403637239.5383191
Dropping frame 1403637239.7883189
Dropping frame 1403637239.9883189
Dropping frame 1403637240.188319
Dropping frame 1403637240.2883189
Dropping frame 1403637240.388319
Dropping frame 1403637240.4883189
Dropping frame 1403637240.688319
Dropping frame 1403637240.7883189
Dropping frame 1403637240.888319
Dropping frame 1403637241.0883191
Dropping frame 1403637241.2883189
Dropping frame 1403637241.4883189
Dropping frame 1403637241.5883191
Dropping frame 1403637241.688319
Dropping frame 1403637241.9883189
Dropping frame 1403637242.0883191
Dropping frame 1403637242.188319
Dropping frame 1403637242.388319
Dropping frame 1403637242.5883191
Dropping frame 1403637242.7883189
Dropping frame 1403637242.9883189
Dropping frame 1403637243.0883191
Dropping frame 1403637243.188319
Dropping frame 1403637243.388319
Dropping frame 1403637243.5883191
Dropping frame 1403637243.7883189
Dropping frame 1403637243.9883189
Dropping frame 1403637244.188319
Dropping frame 1403637244.388319
Dropping frame 1403637244.5883191
Dropping frame 1403637244.7883189
Dropping frame 1403637244.888319
Dropping frame 1403637245.0883191
Dropping frame 1403637245.2883189
Dropping frame 1403637245.388319
Dropping frame 1403637245.5883191
Dropping frame 1403637245.7883189
Dropping frame 1403637245.888319
Dropping frame 1403637246.0883191
Dropping frame 1403637246.2883189
Dropping frame 1403637246.638319
Dropping frame 1403637246.8383191
Dropping frame 1403637247.0383191
Dropping frame 1403637247.2383192
Dropping frame 1403637247.4383192
Dropping frame 1403637247.638319
Dropping frame 1403637247.8383191
Dropping frame 1403637247.9383192
Dropping frame 1403637248.138319
Dropping frame 1403637248.3383191
Dropping frame 1403637248.4383192
Dropping frame 1403637248.638319
Dropping frame 1403637248.7383192
Dropping frame 1403637248.8383191
Dropping frame 1403637249.0383191
Dropping frame 1403637249.138319
Dropping frame 1403637249.2383192
Dropping frame 1403637249.4383192
Dropping frame 1403637249.638319
Dropping frame 1403637249.8383191
Dropping frame 1403637250.0383191
Dropping frame 1403637250.2383192
Dropping frame 1403637250.3383191
Dropping frame 1403637250.5383191
Dropping frame 1403637250.638319
Dropping frame 1403637250.7383192
Dropping frame 1403637250.9383192
Dropping frame 1403637251.138319
Dropping frame 1403637251.3383191
Dropping frame 1403637251.5383191
Dropping frame 1403637251.638319
Dropping frame 1403637251.8383191
Dropping frame 1403637251.9383192
Dropping frame 1403637252.0383191
Dropping frame 1403637252.2383192
Dropping frame 1403637252.3383191
Dropping frame 1403637252.4383192
Dropping frame 1403637252.7883189
Dropping frame 1403637252.9883189
Dropping frame 1403637253.188319
Dropping frame 1403637253.2883189
Dropping frame 1403637253.388319
Dropping frame 1403637253.5883191
Dropping frame 1403637253.7883189
Dropping frame 1403637253.9883189
Dropping frame 1403637254.188319
Dropping frame 1403637254.688319
Dropping frame 1403637254.7883189
Dropping frame 1403637254.9883189
Dropping frame 1403637255.188319
Dropping frame 1403637255.388319
Dropping frame 1403637255.4883189
Dropping frame 1403637255.688319
Dropping frame 1403637255.888319
Dropping frame 1403637256.0883191
Dropping frame 1403637256.2883189
Dropping frame 1403637256.388319
Dropping frame 1403637256.5883191
Dropping frame 1403637256.7883189
Dropping frame 1403637256.9883189
Dropping frame 1403637257.0883191
Dropping frame 1403637257.388319
Dropping frame 1403637257.5883191
Dropping frame 1403637257.9383192
Dropping frame 1403637258.0383191
Dropping frame 1403637258.2883189
Dropping frame 1403637258.5383191
Dropping frame 1403637258.638319
Dropping frame 1403637259.0383191
Dropping frame 1403637259.2383192
Dropping frame 1403637259.4383192
Dropping frame 1403637259.638319
Dropping frame 1403637259.9883189
Dropping frame 1403637260.188319
Dropping frame 1403637260.388319
Dropping frame 1403637260.5883191
Dropping frame 1403637260.7883189
Dropping frame 1403637260.888319
Dropping frame 1403637261.188319
Dropping frame 1403637261.388319
Dropping frame 1403637261.5883191
Dropping frame 1403637261.7883189
Dropping frame 1403637261.9883189
Dropping frame 1403637262.188319
Dropping frame 1403637262.388319
Dropping frame 1403637262.4883189
Dropping frame 1403637262.688319
Dropping frame 1403637262.7883189
Dropping frame 1403637262.888319
Dropping frame 1403637263.138319
Dropping frame 1403637263.2383192
Dropping frame 1403637263.3383191
Dropping frame 1403637263.5383191
Dropping frame 1403637263.638319
Dropping frame 1403637263.7383192
Dropping frame 1403637264.0883191
Dropping frame 1403637264.4383192
Dropping frame 1403637264.638319
Dropping frame 1403637264.7383192
Dropping frame 1403637264.9383192
Dropping frame 1403637265.138319
Shutdown
SLAM Finished at System Time: 1734433371.39982

 TIME STATS in ms (mean$\pm$std)
OpenCV version: 4.8.1
---------------------------
Tracking

ORB Extraction: 17.143$\pm$2.1336
Stereo Matching: 7.8566$\pm$2.0735
IMU Preintegration: 0.25022$\pm$0.1029
Pose Prediction: 0.72191$\pm$1.7052
LM Track: 18.786$\pm$6.4758
New KF decision: 1.4197$\pm$2.6514
Total Tracking: 31.736$\pm$25.411



Local Mapping

KF Insertion: 14.604$\pm$5.4173
MP Culling: 0.59196$\pm$0.31505
MP Creation: 45.347$\pm$19.602
LBA: 154.28$\pm$67.224
KF Culling: 15.605$\pm$11.292
Total Local Mapping: 228.44$\pm$96.553
---------------------------

LBA complexity (mean$\pm$std)
LBA Edges: 1423.1$\pm$548.59
LBA KF optimized: 6.5$\pm$2.2913
LBA KF fixed: 1$\pm$0
LBA MP: nan$\pm$nan

LBA executions: 457
LBA aborts: 0
---------------------------

Map complexity
KFs in map: 158
MPs in map: 12475
---------------------------

Place Recognition (mean$\pm$std)
Database Query: 2.1583$\pm$1.1491
SE3 estimation: 28.159$\pm$16.644
Total Place Recognition: 22.455$\pm$20.079


Loop Closing (mean$\pm$std)
Loop Fusion: nan$\pm$nan
Essential Graph: nan$\pm$nan
Total Loop Closing: nan$\pm$nan

Num exec: 0
Number of KFs: nan$\pm$nan

Map Merging (mean$\pm$std)
Merge Maps: nan$\pm$nan
Welding BA: nan$\pm$nan
Optimization Ess.: nan$\pm$nan
Total Map Merging: nan$\pm$nan

Num exec: 0
Number of KFs: nan$\pm$nan
Number of MPs: nan$\pm$nan

Full GBA (mean$\pm$std)
GBA: nan$\pm$nan
Map Update: nan$\pm$nan
Total Full GBA: nan$\pm$nan

Num exec: 0
Num abort: 0
Number of KFs: nan$\pm$nan
Number of MPs: nan$\pm$nan

Saving trajectory to f_dataset-MH03_stereo_imu.txt ...
There are 1 maps in the atlas
  Map 0 has 158 KFs

End of saving trajectory to f_dataset-MH03_stereo_imu.txt ...

Saving keyframe trajectory to kf_dataset-MH03_stereo_imu.txt ...
