num_seq = 1
file name: dataset-MH05_stereo_imu
Loading images for sequence 0...LOADED!
Loading IMU for sequence 0...LOADED!

-------

ORB-SLAM3 Copyright (C) 2017-2020 Carlos Campos, Richard Elvira, Juan J. Gómez, José M.M. Montiel and Juan D. Tardós, University of Zaragoza.
ORB-SLAM2 Copyright (C) 2014-2016 Raúl Mur-Artal, José M.M. Montiel and Juan D. Tardós, University of Zaragoza.
This program comes with ABSOLUTELY NO WARRANTY;
This is free software, and you are welcome to redistribute it
under certain conditions. See LICENSE.txt.

Built with REGISTER_TIMES
Git Commit Hash: 5ee9387

Compiled with C++ version: 201703

Input sensor was set to: Stereo-Inertial
Loading settings from ./Examples/Stereo-Inertial/EuRoC_fov_deadlines_mask_6x6.yaml
	-Loaded camera 1
	-Loaded camera 2
	-Loaded image info
	-Loaded IMU calibration
	-Loaded ORB settings
	-Loaded viewer settings
	-Loaded Atlas settings
Deadlines enabled, will skip frames!
FOV enabled
Static mask size: 6x6
Dumping map points enabled
	-Loaded misc parameters
	-Computed rectification maps
----------------------------------
SLAM settings: 
	-Camera 1 parameters (Pinhole): [ 458.65399169921875 457.29598999023438 367.21499633789062 248.375 ]
	-Camera 1 distortion parameters: [  -0.28340810537338257 0.073959067463874817 0.00019359000725671649 1.7618711353861727e-05 ]
	-Camera 2 parameters (Pinhole: [ 457.58700561523438 456.13400268554688 379.99899291992188 255.23800659179688 ]
	-Camera 1 distortion parameters: [  -0.2836836576461792 0.074512839317321777 -0.00010473000293131918 -3.555907096597366e-05 ]
	-Original image size: [ 752 , 480 ]
	-Current image size: [ 752 , 480 ]
	-Camera 1 parameters after rectification: [  456.71499633789062 456.71499633789062 364.52615356445312 257.268798828125 ]
	-Sequence FPS: 20
	-Stereo baseline: 0.11007784307003021
	-Stereo depth threshold : 60
	-Gyro noise: 0.00016999999934341758
	-Accelerometer noise: 0.0020000000949949026
	-Gyro walk: 1.9392999092815444e-05
	-Accelerometer walk: 0.0030000000260770321
	-IMU frequency: 200
	-Features per image: 1200
	-ORB scale factor: 1.2000000476837158
	-ORB number of scales: 8
	-Initial FAST threshold: 20
	-Min FAST threshold: 7


Loading ORB Vocabulary. This could take a while...
Vocabulary loaded!

Initialization of Atlas from scratch 
Creation of new map with id: 0
Creation of new map with last KF id: 0
Seq. Name: 
There are 1 cameras in the atlas
Camera 0 is pinhole
SLAM Started at System Time: 1734432650.16089
not IMU meas
not IMU meas
not enough acceleration
not enough acceleration
not enough acceleration
not enough acceleration
not enough acceleration
not enough acceleration
not enough acceleration
not enough acceleration
not enough acceleration
not enough acceleration
not enough acceleration
not enough acceleration
not enough acceleration
not enough acceleration
not enough acceleration
not enough acceleration
not enough acceleration
not enough acceleration
not enough acceleration
not enough acceleration
not enough acceleration
not enough acceleration
not enough acceleration
not enough acceleration
not enough acceleration
not enough acceleration
not enough acceleration
not enough acceleration
not enough acceleration
not enough acceleration
not enough acceleration
not enough acceleration
not enough acceleration
not enough acceleration
not enough acceleration
not enough acceleration
not enough acceleration
not enough acceleration
not enough acceleration
not enough acceleration
not enough acceleration
not enough acceleration
not enough acceleration
not enough acceleration
not enough acceleration
not enough acceleration
not enough acceleration
not enough acceleration
not enough acceleration
not enough acceleration
not enough acceleration
not enough acceleration
not enough acceleration
not enough acceleration
not enough acceleration
not enough acceleration
not enough acceleration
not enough acceleration
not enough acceleration
not enough acceleration
not enough acceleration
not enough acceleration
not enough acceleration
not enough acceleration
not enough acceleration
not enough acceleration
not enough acceleration
not enough acceleration
not enough acceleration
not enough acceleration
not enough acceleration
not enough acceleration
not enough acceleration
not enough acceleration
not enough acceleration
not enough acceleration
not enough acceleration
not enough acceleration
First KF:0; Map init KF:0
New Map created with 88 points
Active map: 0
Dropping frame 1403638522.9778295
Dropping frame 1403638523.1778293
Dropping frame 1403638523.4778295
Dropping frame 1403638523.8778293
Dropping frame 1403638524.0278294
Dropping frame 1403638524.4278295
Dropping frame 1403638524.9278295
Dropping frame 1403638525.1778293
Dropping frame 1403638525.3278296
Dropping frame 1403638525.8278296
Dropping frame 1403638525.9278295
Dropping frame 1403638526.0778294
Dropping frame 1403638526.2778294
Dropping frame 1403638526.3778293
Dropping frame 1403638526.5778294
Dropping frame 1403638526.6778293
Dropping frame 1403638527.2278295
start VIBA 1
end VIBA 1
Dropping frame 1403638527.6278296
Dropping frame 1403638527.7778294
Dropping frame 1403638527.9778295
Dropping frame 1403638528.1778293
Dropping frame 1403638528.4778295
Dropping frame 1403638528.6778293
Dropping frame 1403638529.3278296
Dropping frame 1403638529.8278296
Dropping frame 1403638530.1278296
Dropping frame 1403638530.3778293
Dropping frame 1403638530.5278294
Dropping frame 1403638530.7278295
Dropping frame 1403638530.8278296
Dropping frame 1403638530.9278295
Dropping frame 1403638531.2778294
Dropping frame 1403638531.3778293
Dropping frame 1403638531.5778294
Not enough motion for initializing. Reseting...
TRACK: Reset map because local mapper set the bad imu flag 
LM: Active map reset recieved
LM: Active map reset, waiting...
LM: Reseting current map in Local Mapping...
LM: End reseting Local Mapping...
LM: Reset free the mutex
LM: Active map reset, Done!!!
mnFirstFrameId = 80
mnInitialFrameId = 0
157 Frames set to lost
not IMU meas
Dropping frame 1403638531.7278295
not enough acceleration
Dropping frame 1403638531.8278296
not enough acceleration
not enough acceleration
not enough acceleration
Dropping frame 1403638532.0278294
not enough acceleration
not enough acceleration
Dropping frame 1403638532.1778293
not enough acceleration
not enough acceleration
not enough acceleration
not enough acceleration
not enough acceleration
not enough acceleration
Dropping frame 1403638532.5278294
not enough acceleration
not enough acceleration
not enough acceleration
not enough acceleration
not enough acceleration
not enough acceleration
not enough acceleration
not enough acceleration
not enough acceleration
not enough acceleration
not enough acceleration
not enough acceleration
not enough acceleration
not enough acceleration
not enough acceleration
not enough acceleration
not enough acceleration
not enough acceleration
not enough acceleration
not enough acceleration
not enough acceleration
not enough acceleration
not enough acceleration
not enough acceleration
not enough acceleration
not enough acceleration
not enough acceleration
not enough acceleration
not enough acceleration
not enough acceleration
not enough acceleration
not enough acceleration
not enough acceleration
not enough acceleration
not enough acceleration
not enough acceleration
not enough acceleration
not enough acceleration
not enough acceleration
not enough acceleration
not enough acceleration
not enough acceleration
not enough acceleration
not enough acceleration
not enough acceleration
not enough acceleration
not enough acceleration
not enough acceleration
not enough acceleration
not enough acceleration
not enough acceleration
not enough acceleration
not enough acceleration
not enough acceleration
not enough acceleration
not enough acceleration
Dropping frame 1403638535.3778293
not enough acceleration
not enough acceleration
not enough acceleration
not enough acceleration
not enough acceleration
not enough acceleration
not enough acceleration
not enough acceleration
not enough acceleration
not enough acceleration
not enough acceleration
not enough acceleration
not enough acceleration
not enough acceleration
not enough acceleration
not enough acceleration
not enough acceleration
not enough acceleration
not enough acceleration
not enough acceleration
not enough acceleration
not enough acceleration
not enough acceleration
not enough acceleration
not enough acceleration
not enough acceleration
not enough acceleration
not enough acceleration
not enough acceleration
not enough acceleration
not enough acceleration
not enough acceleration
not enough acceleration
not enough acceleration
not enough acceleration
not enough acceleration
not enough acceleration
not enough acceleration
not enough acceleration
not enough acceleration
not enough acceleration
not enough acceleration
not enough acceleration
not enough acceleration
not enough acceleration
not enough acceleration
not enough acceleration
not enough acceleration
not enough acceleration
not enough acceleration
not enough acceleration
not enough acceleration
not enough acceleration
not enough acceleration
not enough acceleration
not enough acceleration
not enough acceleration
not enough acceleration
not enough acceleration
not enough acceleration
not enough acceleration
not enough acceleration
not enough acceleration
not enough acceleration
not enough acceleration
not enough acceleration
not enough acceleration
First KF:40; Map init KF:0
New Map created with 148 points
Active map: 0
start VIBA 1
end VIBA 1
Dropping frame 1403638545.5778294
Dropping frame 1403638545.8278296
Dropping frame 1403638546.0278294
Dropping frame 1403638546.1778293
Dropping frame 1403638546.4278295
Dropping frame 1403638547.1778293
Dropping frame 1403638548.9278295
Dropping frame 1403638549.4278295
Dropping frame 1403638549.5278294
Dropping frame 1403638549.8278296
Dropping frame 1403638549.9278295
Dropping frame 1403638550.2778294
Dropping frame 1403638550.6278296
Dropping frame 1403638550.9278295
Dropping frame 1403638551.0278294
Dropping frame 1403638551.2278295
Dropping frame 1403638551.3278296
Dropping frame 1403638551.6278296
Dropping frame 1403638551.8278296
Dropping frame 1403638552.1278296
Dropping frame 1403638552.2278295
Dropping frame 1403638552.4278295
Dropping frame 1403638552.6778293
Dropping frame 1403638552.7778294
Dropping frame 1403638553.1778293
Dropping frame 1403638553.3278296
Dropping frame 1403638553.5278294
Dropping frame 1403638553.6278296
start VIBA 2
Dropping frame 1403638554.3778293
end VIBA 2
Dropping frame 1403638554.8278296
Dropping frame 1403638554.9278295
Dropping frame 1403638555.0778294
Dropping frame 1403638555.5278294
Dropping frame 1403638555.7278295
Dropping frame 1403638555.8278296
Dropping frame 1403638556.0278294
Dropping frame 1403638556.2278295
Dropping frame 1403638556.4278295
Dropping frame 1403638556.5278294
Dropping frame 1403638556.7278295
Dropping frame 1403638556.9778295
Dropping frame 1403638557.0778294
Dropping frame 1403638557.3278296
Dropping frame 1403638557.5278294
Dropping frame 1403638557.6278296
Dropping frame 1403638557.8278296
Dropping frame 1403638558.0278294
Dropping frame 1403638558.2278295
Dropping frame 1403638558.3278296
Dropping frame 1403638558.4278295
Dropping frame 1403638558.6278296
Dropping frame 1403638558.8278296
Dropping frame 1403638558.9278295
Dropping frame 1403638559.0278294
Dropping frame 1403638559.1278296
Dropping frame 1403638559.3778293
Dropping frame 1403638559.4778295
Dropping frame 1403638559.5778294
Dropping frame 1403638559.7778294
Dropping frame 1403638559.9278295
Dropping frame 1403638560.2278295
Dropping frame 1403638560.4278295
Dropping frame 1403638560.7278295
Dropping frame 1403638560.8278296
Dropping frame 1403638560.9278295
Dropping frame 1403638561.1778293
Dropping frame 1403638561.3778293
Dropping frame 1403638561.4778295
Dropping frame 1403638561.5778294
Dropping frame 1403638561.7778294
Dropping frame 1403638561.8778293
Dropping frame 1403638562.0778294
Dropping frame 1403638562.1778293
Dropping frame 1403638562.3778293
Dropping frame 1403638562.4778295
Dropping frame 1403638562.5778294
Dropping frame 1403638562.7778294
Dropping frame 1403638562.9778295
Dropping frame 1403638563.0778294
Dropping frame 1403638563.1778293
Dropping frame 1403638563.2778294
Dropping frame 1403638563.3778293
Dropping frame 1403638564.0278294
Dropping frame 1403638564.2778294
Dropping frame 1403638564.6278296
Dropping frame 1403638564.8278296
Dropping frame 1403638564.9278295
Dropping frame 1403638565.1278296
Dropping frame 1403638565.2278295
Dropping frame 1403638565.5278294
Dropping frame 1403638565.8278296
Dropping frame 1403638565.9278295
Dropping frame 1403638566.1278296
Dropping frame 1403638566.3278296
Dropping frame 1403638566.4278295
Dropping frame 1403638566.6778293
Dropping frame 1403638566.7778294
Dropping frame 1403638566.8778293
Dropping frame 1403638567.0778294
Dropping frame 1403638567.1778293
Dropping frame 1403638567.2778294
Dropping frame 1403638567.4778295
Dropping frame 1403638567.6778293
Dropping frame 1403638567.7778294
Dropping frame 1403638567.8778293
Dropping frame 1403638568.0778294
Dropping frame 1403638568.1778293
Dropping frame 1403638568.2778294
Dropping frame 1403638568.5278294
Dropping frame 1403638568.7278295
Dropping frame 1403638568.8278296
Dropping frame 1403638568.9278295
Dropping frame 1403638569.0278294
Dropping frame 1403638569.2278295
Dropping frame 1403638569.5278294
Dropping frame 1403638569.7278295
Dropping frame 1403638569.8278296
Dropping frame 1403638570.0778294
Dropping frame 1403638570.1778293
Dropping frame 1403638570.4278295
Dropping frame 1403638570.5278294
Dropping frame 1403638570.7778294
Dropping frame 1403638570.9778295
Dropping frame 1403638571.1778293
Dropping frame 1403638571.2778294
Dropping frame 1403638571.5278294
Dropping frame 1403638571.6278296
Dropping frame 1403638571.7278295
Dropping frame 1403638571.9278295
Dropping frame 1403638572.1278296
Dropping frame 1403638572.3278296
Dropping frame 1403638572.5278294
Dropping frame 1403638572.6278296
Dropping frame 1403638572.7278295
Dropping frame 1403638572.9778295
Dropping frame 1403638573.1778293
Dropping frame 1403638573.3778293
Dropping frame 1403638573.6778293
Dropping frame 1403638573.7778294
Dropping frame 1403638575.9278295
Dropping frame 1403638576.3778293
Dropping frame 1403638577.2278295
Dropping frame 1403638578.2278295
Dropping frame 1403638578.4278295
Dropping frame 1403638578.7778294
Dropping frame 1403638579.5278294
Dropping frame 1403638579.8778293
Dropping frame 1403638580.3778293
Dropping frame 1403638580.7778294
Dropping frame 1403638582.0778294
Dropping frame 1403638582.7778294
Dropping frame 1403638583.1278296
Dropping frame 1403638583.4778295
Dropping frame 1403638583.9278295
Dropping frame 1403638584.2278295
Dropping frame 1403638584.4278295
Dropping frame 1403638584.8778293
Dropping frame 1403638585.0778294
Dropping frame 1403638585.3778293
Dropping frame 1403638585.5778294
Dropping frame 1403638585.7778294
Dropping frame 1403638586.1278296
Dropping frame 1403638586.2778294
Dropping frame 1403638586.7778294
Dropping frame 1403638586.9778295
Dropping frame 1403638587.0778294
Dropping frame 1403638587.1778293
Dropping frame 1403638587.5778294
Dropping frame 1403638587.7778294
Dropping frame 1403638587.8778293
Dropping frame 1403638587.9778295
Dropping frame 1403638588.1778293
Dropping frame 1403638588.3778293
Dropping frame 1403638588.4778295
Dropping frame 1403638588.6278296
Dropping frame 1403638588.8278296
Dropping frame 1403638589.0278294
Dropping frame 1403638589.1278296
Dropping frame 1403638589.2278295
Dropping frame 1403638589.3278296
Dropping frame 1403638589.5278294
Dropping frame 1403638589.7278295
Dropping frame 1403638589.8278296
Dropping frame 1403638589.9278295
Dropping frame 1403638590.0278294
Dropping frame 1403638590.2778294
Dropping frame 1403638590.3778293
Dropping frame 1403638590.5778294
Dropping frame 1403638590.6778293
Dropping frame 1403638590.7778294
Dropping frame 1403638590.9778295
Dropping frame 1403638591.1778293
Dropping frame 1403638591.2778294
Dropping frame 1403638591.5778294
Dropping frame 1403638591.7778294
Dropping frame 1403638592.2278295
Dropping frame 1403638592.5278294
Dropping frame 1403638592.8278296
Dropping frame 1403638592.9278295
Dropping frame 1403638593.1778293
Dropping frame 1403638593.3778293
Dropping frame 1403638593.8778293
Dropping frame 1403638614.4778295
Dropping frame 1403638616.6778293
Dropping frame 1403638617.0278294
*Loop detected
phi = -0.0087791795752576278 -0.0064374217072215266  -0.018601635212073871
BAD LOOP!!!
*Loop detected
phi = -0.0050859932892272017  0.0028157574814865571 -0.0024124035165315311
Local Mapping STOP
Local Mapping RELEASE
Dropping frame 1403638621.9278295
Local Mapping STOP
Local Mapping RELEASE
Dropping frame 1403638623.1778293
Dropping frame 1403638623.6278296
Dropping frame 1403638626.4778295
Dropping frame 1403638626.7278295
Dropping frame 1403638628.6778293
Dropping frame 1403638629.2778294
Dropping frame 1403638630.5278294
Dropping frame 1403638631.0778294
Dropping frame 1403638631.1778293
Dropping frame 1403638631.3278296
Dropping frame 1403638631.4778295
Shutdown
SLAM Finished at System Time: 1734432782.54712

 TIME STATS in ms (mean$\pm$std)
OpenCV version: 4.8.1
---------------------------
Tracking

ORB Extraction: 15.154$\pm$2.079
Stereo Matching: 7.4548$\pm$2.063
IMU Preintegration: 0.2041$\pm$0.087151
Pose Prediction: 0.40322$\pm$1.2816
LM Track: 16.45$\pm$4.4395
New KF decision: 0.9929$\pm$1.7983
Total Tracking: 34.624$\pm$19.258



Local Mapping

KF Insertion: 11.658$\pm$4.0562
MP Culling: 0.43142$\pm$0.2176
MP Creation: 37.848$\pm$12.11
LBA: 139.12$\pm$46.33
KF Culling: 10.457$\pm$7.8901
Total Local Mapping: 199.9$\pm$68.136
---------------------------

LBA complexity (mean$\pm$std)
LBA Edges: 2111.2$\pm$1128.7
LBA KF optimized: 6.5$\pm$2.2913
LBA KF fixed: 1$\pm$0
LBA MP: nan$\pm$nan

LBA executions: 426
LBA aborts: 0
---------------------------

Map complexity
KFs in map: 194
MPs in map: 15668
---------------------------

Place Recognition (mean$\pm$std)
Database Query: 1.7893$\pm$1.0052
SE3 estimation: 25.83$\pm$15.96
Total Place Recognition: 20.971$\pm$18.764


Loop Closing (mean$\pm$std)
Loop Fusion: 210.72$\pm$0
Essential Graph: 128.78$\pm$0
Total Loop Closing: 358.11$\pm$0

Num exec: 1
Number of KFs: nan$\pm$nan

Map Merging (mean$\pm$std)
Merge Maps: nan$\pm$nan
Welding BA: nan$\pm$nan
Optimization Ess.: nan$\pm$nan
Total Map Merging: nan$\pm$nan

Num exec: 0
Number of KFs: nan$\pm$nan
Number of MPs: nan$\pm$nan

Full GBA (mean$\pm$std)
GBA: 1977.6$\pm$0
Map Update: 13.759$\pm$0
Total Full GBA: 1991.4$\pm$0

Num exec: 1
Num abort: 0
Number of KFs: 194$\pm$0
Number of MPs: 16411$\pm$0

Saving trajectory to f_dataset-MH05_stereo_imu.txt ...
There are 1 maps in the atlas
  Map 0 has 194 KFs

End of saving trajectory to f_dataset-MH05_stereo_imu.txt ...

Saving keyframe trajectory to kf_dataset-MH05_stereo_imu.txt ...
