num_seq = 1
file name: dataset-MH04_stereo_imu
Loading images for sequence 0...LOADED!
Loading IMU for sequence 0...LOADED!

-------

ORB-SLAM3 Copyright (C) 2017-2020 Carlos Campos, Richard Elvira, Juan J. Gómez, José M.M. Montiel and Juan D. Tardós, University of Zaragoza.
ORB-SLAM2 Copyright (C) 2014-2016 Raúl Mur-Artal, José M.M. Montiel and Juan D. Tardós, University of Zaragoza.
This program comes with ABSOLUTELY NO WARRANTY;
This is free software, and you are welcome to redistribute it
under certain conditions. See LICENSE.txt.

Built with REGISTER_TIMES
Git Commit Hash: 42e930e

Compiled with C++ version: 201703

Input sensor was set to: Stereo-Inertial
Loading settings from ./Examples/Stereo-Inertial/EuRoC_fov_deadlines_mask_9x9.yaml
	-Loaded camera 1
	-Loaded camera 2
	-Loaded image info
	-Loaded IMU calibration
	-Loaded ORB settings
	-Loaded viewer settings
	-Loaded Atlas settings
Deadlines enabled, will skip frames!
FOV enabled
Static mask size: 9x9
Dumping map points enabled
	-Loaded misc parameters
	-Computed rectification maps
----------------------------------
SLAM settings: 
	-Camera 1 parameters (Pinhole): [ 458.65399169921875 457.29598999023438 367.21499633789062 248.375 ]
	-Camera 1 distortion parameters: [  -0.28340810537338257 0.073959067463874817 0.00019359000725671649 1.7618711353861727e-05 ]
	-Camera 2 parameters (Pinhole: [ 457.58700561523438 456.13400268554688 379.99899291992188 255.23800659179688 ]
	-Camera 1 distortion parameters: [  -0.2836836576461792 0.074512839317321777 -0.00010473000293131918 -3.555907096597366e-05 ]
	-Original image size: [ 752 , 480 ]
	-Current image size: [ 752 , 480 ]
	-Camera 1 parameters after rectification: [  456.71499633789062 456.71499633789062 364.52615356445312 257.268798828125 ]
	-Sequence FPS: 20
	-Stereo baseline: 0.11007784307003021
	-Stereo depth threshold : 60
	-Gyro noise: 0.00016999999934341758
	-Accelerometer noise: 0.0020000000949949026
	-Gyro walk: 1.9392999092815444e-05
	-Accelerometer walk: 0.0030000000260770321
	-IMU frequency: 200
	-Features per image: 1200
	-ORB scale factor: 1.2000000476837158
	-ORB number of scales: 8
	-Initial FAST threshold: 20
	-Min FAST threshold: 7


Loading ORB Vocabulary. This could take a while...
Vocabulary loaded!

Initialization of Atlas from scratch 
Creation of new map with id: 0
Creation of new map with last KF id: 0
Seq. Name: 
There are 1 cameras in the atlas
Camera 0 is pinhole
SLAM Started at System Time: 1734510562.07626
not IMU meas
not IMU meas
not enough acceleration
not enough acceleration
not enough acceleration
not enough acceleration
not enough acceleration
not enough acceleration
not enough acceleration
not enough acceleration
not enough acceleration
not enough acceleration
not enough acceleration
not enough acceleration
not enough acceleration
not enough acceleration
not enough acceleration
not enough acceleration
not enough acceleration
not enough acceleration
not enough acceleration
not enough acceleration
not enough acceleration
not enough acceleration
not enough acceleration
not enough acceleration
not enough acceleration
not enough acceleration
not enough acceleration
not enough acceleration
not enough acceleration
not enough acceleration
First KF:0; Map init KF:0
New Map created with 134 points
Active map: 0
Dropping frame 1403638130.195097
Dropping frame 1403638130.395097
Dropping frame 1403638130.695097
Dropping frame 1403638130.7950971
Dropping frame 1403638131.145097
Dropping frame 1403638131.3450971
Dropping frame 1403638131.445097
Dropping frame 1403638131.8450971
Dropping frame 1403638131.9950972
Dropping frame 1403638132.3450971
Dropping frame 1403638132.5450969
Dropping frame 1403638132.645097
Dropping frame 1403638132.9950972
Dropping frame 1403638133.2450969
Dropping frame 1403638133.445097
Dropping frame 1403638133.7450969
Dropping frame 1403638133.9950972
Dropping frame 1403638134.195097
Dropping frame 1403638134.2950971
Dropping frame 1403638134.395097
start VIBA 1
end VIBA 1
Dropping frame 1403638134.7450969
Dropping frame 1403638134.945097
Dropping frame 1403638135.145097
Dropping frame 1403638135.2450969
Dropping frame 1403638135.4950972
Dropping frame 1403638135.5950971
Dropping frame 1403638135.7450969
Dropping frame 1403638135.8450971
Dropping frame 1403638136.0450969
Dropping frame 1403638136.145097
Dropping frame 1403638136.445097
Dropping frame 1403638136.5450969
Dropping frame 1403638136.7950971
Dropping frame 1403638136.9950972
Dropping frame 1403638137.2450969
Dropping frame 1403638137.3450971
Dropping frame 1403638137.445097
Dropping frame 1403638137.5450969
Dropping frame 1403638137.645097
Dropping frame 1403638137.8450971
Dropping frame 1403638137.945097
Dropping frame 1403638138.0450969
Dropping frame 1403638138.2450969
Dropping frame 1403638138.3450971
Dropping frame 1403638138.445097
Dropping frame 1403638138.645097
Dropping frame 1403638138.8450971
Not enough motion for initializing. Reseting...
TRACK: Reset map because local mapper set the bad imu flag 
LM: Active map reset recieved
LM: Active map reset, waiting...
LM: Reseting current map in Local Mapping...
LM: End reseting Local Mapping...
LM: Reset free the mutex
LM: Active map reset, Done!!!
mnFirstFrameId = 32
mnInitialFrameId = 0
153 Frames set to lost
not IMU meas
not enough acceleration
Dropping frame 1403638139.0450969
not enough acceleration
not enough acceleration
First KF:40; Map init KF:0
New Map created with 170 points
Active map: 0
Dropping frame 1403638139.2450969
Dropping frame 1403638139.445097
Dropping frame 1403638139.5450969
Dropping frame 1403638139.7450969
Dropping frame 1403638139.945097
Dropping frame 1403638140.0450969
Dropping frame 1403638140.5450969
Dropping frame 1403638141.2950971
Dropping frame 1403638141.395097
Dropping frame 1403638141.645097
Dropping frame 1403638141.7450969
Dropping frame 1403638141.8450971
Dropping frame 1403638141.945097
Not enough motion for initializing. Reseting...
Dropping frame 1403638142.145097
LM: Reseting current map in Local Mapping...
LM: End reseting Local Mapping...
LM: Reset free the mutex
Dropping frame 1403638142.3450971
Dropping frame 1403638142.5450969
Not enough motion for initializing. Reseting...
TRACK: Reset map because local mapper set the bad imu flag 
LM: Reseting current map in Local Mapping...
LM: End reseting Local Mapping...
LM: Reset free the mutex
LM: Active map reset recieved
LM: Active map reset, waiting...
LM: Reseting current map in Local Mapping...
LM: End reseting Local Mapping...
LM: Reset free the mutex
LM: Active map reset, Done!!!
mnFirstFrameId = 190
mnInitialFrameId = 185
206 Frames set to lost
not IMU meas
not enough acceleration
not enough acceleration
not enough acceleration
Dropping frame 1403638142.895097
not enough acceleration
not enough acceleration
not enough acceleration
not enough acceleration
not enough acceleration
not enough acceleration
not enough acceleration
not enough acceleration
not enough acceleration
not enough acceleration
not enough acceleration
not enough acceleration
not enough acceleration
not enough acceleration
not enough acceleration
not enough acceleration
not enough acceleration
not enough acceleration
not enough acceleration
Dropping frame 1403638143.895097
not enough acceleration
not enough acceleration
not enough acceleration
not enough acceleration
not enough acceleration
not enough acceleration
not enough acceleration
not enough acceleration
not enough acceleration
not enough acceleration
not enough acceleration
not enough acceleration
not enough acceleration
not enough acceleration
Dropping frame 1403638144.645097
Dropping frame 1403638144.695097
not enough acceleration
not enough acceleration
not enough acceleration
not enough acceleration
not enough acceleration
not enough acceleration
not enough acceleration
not enough acceleration
not enough acceleration
not enough acceleration
not enough acceleration
not enough acceleration
not enough acceleration
not enough acceleration
not enough acceleration
not enough acceleration
not enough acceleration
not enough acceleration
not enough acceleration
not enough acceleration
not enough acceleration
not enough acceleration
not enough acceleration
not enough acceleration
not enough acceleration
not enough acceleration
not enough acceleration
not enough acceleration
not enough acceleration
not enough acceleration
not enough acceleration
not enough acceleration
not enough acceleration
not enough acceleration
not enough acceleration
not enough acceleration
not enough acceleration
not enough acceleration
not enough acceleration
not enough acceleration
not enough acceleration
not enough acceleration
not enough acceleration
not enough acceleration
not enough acceleration
not enough acceleration
not enough acceleration
not enough acceleration
not enough acceleration
not enough acceleration
not enough acceleration
not enough acceleration
not enough acceleration
not enough acceleration
not enough acceleration
not enough acceleration
not enough acceleration
not enough acceleration
not enough acceleration
not enough acceleration
not enough acceleration
First KF:52; Map init KF:40
New Map created with 168 points
Active map: 0
start VIBA 1
end VIBA 1
Dropping frame 1403638155.195097
Dropping frame 1403638155.645097
Dropping frame 1403638156.0450969
Dropping frame 1403638156.3450971
Dropping frame 1403638156.5450969
Dropping frame 1403638156.7450969
Dropping frame 1403638156.9950972
Dropping frame 1403638157.0950971
Dropping frame 1403638157.3450971
Dropping frame 1403638157.445097
Dropping frame 1403638157.7450969
Dropping frame 1403638157.895097
Dropping frame 1403638157.9950972
Dropping frame 1403638158.0950971
Dropping frame 1403638158.195097
Dropping frame 1403638158.3450971
Dropping frame 1403638158.445097
Dropping frame 1403638158.5450969
Dropping frame 1403638158.645097
Dropping frame 1403638158.9950972
Dropping frame 1403638159.145097
Dropping frame 1403638159.445097
Dropping frame 1403638159.9950972
Dropping frame 1403638160.145097
Dropping frame 1403638160.2450969
Dropping frame 1403638160.695097
Dropping frame 1403638161.145097
Dropping frame 1403638161.8450971
Dropping frame 1403638162.3450971
Dropping frame 1403638162.5950971
Dropping frame 1403638162.7950971
Dropping frame 1403638163.0450969
start VIBA 2
Dropping frame 1403638163.145097
Dropping frame 1403638163.2950971
Dropping frame 1403638163.395097
Dropping frame 1403638163.4950972
end VIBA 2
Dropping frame 1403638163.945097
Dropping frame 1403638164.0450969
Dropping frame 1403638164.195097
Dropping frame 1403638164.5950971
Dropping frame 1403638164.695097
Dropping frame 1403638165.145097
Dropping frame 1403638165.2450969
Dropping frame 1403638165.5950971
Dropping frame 1403638165.695097
Dropping frame 1403638165.945097
Dropping frame 1403638166.0450969
Dropping frame 1403638166.2950971
Dropping frame 1403638166.395097
Dropping frame 1403638166.695097
Dropping frame 1403638166.895097
Dropping frame 1403638166.9950972
Dropping frame 1403638167.0950971
Dropping frame 1403638167.195097
Dropping frame 1403638167.395097
Dropping frame 1403638167.5950971
Dropping frame 1403638167.695097
Dropping frame 1403638167.8450971
Dropping frame 1403638168.0950971
Dropping frame 1403638168.3450971
Dropping frame 1403638168.5450969
Dropping frame 1403638168.7450969
Dropping frame 1403638168.945097
Dropping frame 1403638169.0450969
Dropping frame 1403638169.2450969
Dropping frame 1403638169.445097
Dropping frame 1403638169.645097
Dropping frame 1403638169.8450971
Dropping frame 1403638169.945097
Dropping frame 1403638170.145097
Dropping frame 1403638170.395097
Dropping frame 1403638170.4950972
Dropping frame 1403638170.695097
Dropping frame 1403638170.7950971
Dropping frame 1403638170.895097
Dropping frame 1403638171.195097
Dropping frame 1403638171.2950971
Dropping frame 1403638171.4950972
Dropping frame 1403638171.945097
Dropping frame 1403638172.0450969
Dropping frame 1403638172.2450969
Dropping frame 1403638172.445097
Dropping frame 1403638172.5450969
Dropping frame 1403638172.645097
Dropping frame 1403638172.7450969
Dropping frame 1403638172.895097
Dropping frame 1403638173.195097
Dropping frame 1403638173.2950971
Dropping frame 1403638173.395097
Dropping frame 1403638173.645097
Dropping frame 1403638173.895097
Dropping frame 1403638173.9950972
Dropping frame 1403638174.145097
Dropping frame 1403638174.2450969
Dropping frame 1403638174.395097
Dropping frame 1403638174.5450969
Dropping frame 1403638174.695097
Dropping frame 1403638174.9950972
Dropping frame 1403638175.0950971
Dropping frame 1403638175.195097
Dropping frame 1403638175.2950971
Dropping frame 1403638175.5450969
Dropping frame 1403638175.7950971
Dropping frame 1403638175.895097
Dropping frame 1403638175.9950972
Dropping frame 1403638176.2450969
Dropping frame 1403638176.3450971
Dropping frame 1403638176.445097
Dropping frame 1403638176.645097
Dropping frame 1403638176.7450969
Dropping frame 1403638176.8450971
Dropping frame 1403638177.0950971
Dropping frame 1403638177.3450971
Dropping frame 1403638177.5450969
Dropping frame 1403638177.7450969
Dropping frame 1403638177.945097
Dropping frame 1403638178.0950971
Dropping frame 1403638178.2950971
Dropping frame 1403638178.5950971
Dropping frame 1403638178.7950971
Dropping frame 1403638178.895097
Dropping frame 1403638179.0950971
Dropping frame 1403638179.195097
Dropping frame 1403638179.2950971
Dropping frame 1403638179.395097
Dropping frame 1403638179.5450969
Dropping frame 1403638179.945097
Dropping frame 1403638180.0450969
Dropping frame 1403638180.2950971
Dropping frame 1403638180.5950971
Dropping frame 1403638180.7950971
Dropping frame 1403638180.895097
Dropping frame 1403638181.2950971
Dropping frame 1403638181.4950972
Dropping frame 1403638181.645097
Dropping frame 1403638181.7450969
Dropping frame 1403638182.0950971
Dropping frame 1403638182.195097
Dropping frame 1403638182.4950972
Dropping frame 1403638182.695097
Dropping frame 1403638182.895097
Dropping frame 1403638182.9950972
Dropping frame 1403638183.195097
Dropping frame 1403638183.3450971
Dropping frame 1403638183.5450969
Dropping frame 1403638183.7450969
Dropping frame 1403638183.945097
Dropping frame 1403638184.145097
Dropping frame 1403638184.2450969
Dropping frame 1403638184.3450971
Dropping frame 1403638184.5450969
Dropping frame 1403638184.645097
Dropping frame 1403638184.895097
Dropping frame 1403638185.0950971
Dropping frame 1403638185.3450971
Dropping frame 1403638185.445097
Dropping frame 1403638185.5950971
Dropping frame 1403638185.7950971
Dropping frame 1403638186.145097
Dropping frame 1403638186.695097
Dropping frame 1403638186.7950971
Dropping frame 1403638186.895097
Dropping frame 1403638187.2450969
Dropping frame 1403638187.3450971
Dropping frame 1403638187.5950971
Dropping frame 1403638187.895097
Dropping frame 1403638188.195097
Dropping frame 1403638188.645097
Dropping frame 1403638189.395097
Dropping frame 1403638189.4950972
Dropping frame 1403638189.895097
Dropping frame 1403638190.0950971
Dropping frame 1403638190.2450969
Dropping frame 1403638190.3450971
Dropping frame 1403638190.5950971
Dropping frame 1403638190.7950971
Dropping frame 1403638190.895097
Dropping frame 1403638191.145097
Dropping frame 1403638191.2450969
Dropping frame 1403638191.7450969
Dropping frame 1403638191.945097
Dropping frame 1403638192.0450969
Dropping frame 1403638192.145097
Dropping frame 1403638192.3450971
Dropping frame 1403638192.445097
Dropping frame 1403638192.5450969
Dropping frame 1403638192.7450969
Dropping frame 1403638192.945097
Dropping frame 1403638193.145097
Dropping frame 1403638193.3450971
Dropping frame 1403638193.445097
Dropping frame 1403638193.695097
Dropping frame 1403638193.7950971
Dropping frame 1403638194.0950971
Dropping frame 1403638194.445097
Dropping frame 1403638194.7950971
Dropping frame 1403638195.145097
Dropping frame 1403638195.3450971
Dropping frame 1403638195.5950971
Dropping frame 1403638195.8450971
Dropping frame 1403638196.0450969
Dropping frame 1403638196.3450971
Dropping frame 1403638196.5450969
Dropping frame 1403638196.695097
Dropping frame 1403638196.7950971
Dropping frame 1403638197.0450969
Dropping frame 1403638197.2450969
Dropping frame 1403638197.445097
Dropping frame 1403638197.645097
Dropping frame 1403638197.7450969
Dropping frame 1403638197.895097
Dropping frame 1403638198.0950971
Dropping frame 1403638198.195097
Dropping frame 1403638198.2950971
Dropping frame 1403638198.5450969
Dropping frame 1403638198.7450969
Dropping frame 1403638198.945097
Dropping frame 1403638199.0950971
Dropping frame 1403638199.195097
Dropping frame 1403638199.395097
Dropping frame 1403638199.5950971
Dropping frame 1403638199.7950971
Dropping frame 1403638199.945097
Dropping frame 1403638200.145097
Dropping frame 1403638200.3450971
Dropping frame 1403638200.5450969
Dropping frame 1403638200.645097
Dropping frame 1403638200.7450969
Dropping frame 1403638200.9950972
Dropping frame 1403638201.0950971
Dropping frame 1403638201.195097
Dropping frame 1403638201.445097
Dropping frame 1403638201.5450969
Dropping frame 1403638201.645097
Dropping frame 1403638201.8450971
Dropping frame 1403638202.145097
Dropping frame 1403638202.2450969
Dropping frame 1403638202.4950972
Dropping frame 1403638202.5950971
Dropping frame 1403638202.7950971
Dropping frame 1403638202.895097
Dropping frame 1403638202.9950972
Dropping frame 1403638203.195097
Dropping frame 1403638203.5950971
Dropping frame 1403638203.895097
Dropping frame 1403638204.0950971
Dropping frame 1403638204.395097
Dropping frame 1403638204.5950971
Dropping frame 1403638204.7950971
Dropping frame 1403638204.9950972
Dropping frame 1403638205.8450971
Dropping frame 1403638205.945097
Dropping frame 1403638206.2450969
Dropping frame 1403638206.4950972
Dropping frame 1403638206.945097
Dropping frame 1403638207.145097
Dropping frame 1403638207.2450969
Dropping frame 1403638207.4950972
Dropping frame 1403638207.7950971
Dropping frame 1403638207.895097
Dropping frame 1403638208.2950971
Dropping frame 1403638208.4950972
Dropping frame 1403638208.5950971
Dropping frame 1403638209.145097
Dropping frame 1403638209.5450969
Dropping frame 1403638209.645097
Dropping frame 1403638209.895097
Dropping frame 1403638210.3450971
Dropping frame 1403638210.645097
Dropping frame 1403638210.7450969
Dropping frame 1403638211.195097
Dropping frame 1403638211.5450969
Dropping frame 1403638211.7950971
Dropping frame 1403638211.945097
Dropping frame 1403638212.445097
Dropping frame 1403638212.895097
Dropping frame 1403638213.5450969
Dropping frame 1403638213.9950972
Dropping frame 1403638215.645097
Dropping frame 1403638225.445097
Dropping frame 1403638226.7450969
Dropping frame 1403638227.0450969
Dropping frame 1403638227.145097
Dropping frame 1403638227.4950972
Dropping frame 1403638227.5950971
Dropping frame 1403638227.895097
Dropping frame 1403638228.0950971
Dropping frame 1403638228.2950971
Dropping frame 1403638228.395097
Dropping frame 1403638228.695097
Dropping frame 1403638228.7950971
Shutdown
SLAM Finished at System Time: 1734510682.34442

 TIME STATS in ms (mean$\pm$std)
OpenCV version: 4.8.1
---------------------------
Tracking

ORB Extraction: 17.021$\pm$2.2006
Stereo Matching: 8.0387$\pm$2.0168
IMU Preintegration: 0.20803$\pm$0.088156
Pose Prediction: 0.52039$\pm$1.4027
LM Track: 17.222$\pm$4.9269
New KF decision: 1.0702$\pm$1.8911
Total Tracking: 33.156$\pm$22.901



Local Mapping

KF Insertion: 13.133$\pm$4.641
MP Culling: 0.45869$\pm$0.22519
MP Creation: 41.256$\pm$15.115
LBA: 139.68$\pm$45.535
KF Culling: 10.613$\pm$8.7326
Total Local Mapping: 205.27$\pm$70.358
---------------------------

LBA complexity (mean$\pm$std)
LBA Edges: 1659$\pm$1167.5
LBA KF optimized: 6.5$\pm$2.2913
LBA KF fixed: 1$\pm$0
LBA MP: nan$\pm$nan

LBA executions: 381
LBA aborts: 0
---------------------------

Map complexity
KFs in map: 177
MPs in map: 14011
---------------------------

Place Recognition (mean$\pm$std)
Database Query: 2.0562$\pm$1.032
SE3 estimation: 25.684$\pm$15.394
Total Place Recognition: 19.481$\pm$18.424


Loop Closing (mean$\pm$std)
Loop Fusion: nan$\pm$nan
Essential Graph: nan$\pm$nan
Total Loop Closing: nan$\pm$nan

Num exec: 0
Number of KFs: nan$\pm$nan

Map Merging (mean$\pm$std)
Merge Maps: nan$\pm$nan
Welding BA: nan$\pm$nan
Optimization Ess.: nan$\pm$nan
Total Map Merging: nan$\pm$nan

Num exec: 0
Number of KFs: nan$\pm$nan
Number of MPs: nan$\pm$nan

Full GBA (mean$\pm$std)
GBA: nan$\pm$nan
Map Update: nan$\pm$nan
Total Full GBA: nan$\pm$nan

Num exec: 0
Num abort: 0
Number of KFs: nan$\pm$nan
Number of MPs: nan$\pm$nan

Saving trajectory to f_dataset-MH04_stereo_imu.txt ...
There are 1 maps in the atlas
  Map 0 has 177 KFs

End of saving trajectory to f_dataset-MH04_stereo_imu.txt ...

Saving keyframe trajectory to kf_dataset-MH04_stereo_imu.txt ...
