num_seq = 1
file name: dataset-MH04_stereo_imu
Loading images for sequence 0...LOADED!
Loading IMU for sequence 0...LOADED!

-------

ORB-SLAM3 Copyright (C) 2017-2020 Carlos Campos, Richard Elvira, Juan J. Gómez, José M.M. Montiel and Juan D. Tardós, University of Zaragoza.
ORB-SLAM2 Copyright (C) 2014-2016 Raúl Mur-Artal, José M.M. Montiel and Juan D. Tardós, University of Zaragoza.
This program comes with ABSOLUTELY NO WARRANTY;
This is free software, and you are welcome to redistribute it
under certain conditions. See LICENSE.txt.

Built with REGISTER_TIMES
Git Commit Hash: 90f15d8

Input sensor was set to: Stereo-Inertial
Loading settings from ./Examples/Stereo-Inertial/EuRoC_fov_deadlines_mask_5x5.yaml
	-Loaded camera 1
	-Loaded camera 2
	-Loaded image info
	-Loaded IMU calibration
	-Loaded ORB settings
	-Loaded viewer settings
	-Loaded Atlas settings
Deadlines enabled, will skip frames!
FOV enabled
Static mask size: 5x5
Dumping map points enabled
	-Loaded misc parameters
	-Computed rectification maps
----------------------------------
SLAM settings: 
	-Camera 1 parameters (Pinhole): [ 458.65399169921875 457.29598999023438 367.21499633789062 248.375 ]
	-Camera 1 distortion parameters: [  -0.28340810537338257 0.073959067463874817 0.00019359000725671649 1.7618711353861727e-05 ]
	-Camera 2 parameters (Pinhole: [ 457.58700561523438 456.13400268554688 379.99899291992188 255.23800659179688 ]
	-Camera 1 distortion parameters: [  -0.2836836576461792 0.074512839317321777 -0.00010473000293131918 -3.555907096597366e-05 ]
	-Original image size: [ 752 , 480 ]
	-Current image size: [ 752 , 480 ]
	-Camera 1 parameters after rectification: [  456.71499633789062 456.71499633789062 364.52615356445312 257.268798828125 ]
	-Sequence FPS: 20
	-Stereo baseline: 0.11007784307003021
	-Stereo depth threshold : 60
	-Gyro noise: 0.00016999999934341758
	-Accelerometer noise: 0.0020000000949949026
	-Gyro walk: 1.9392999092815444e-05
	-Accelerometer walk: 0.0030000000260770321
	-IMU frequency: 200
	-Features per image: 1200
	-ORB scale factor: 1.2000000476837158
	-ORB number of scales: 8
	-Initial FAST threshold: 20
	-Min FAST threshold: 7


Loading ORB Vocabulary. This could take a while...
Vocabulary loaded!

Initialization of Atlas from scratch 
Creation of new map with id: 0
Creation of new map with last KF id: 0
Seq. Name: 
There are 1 cameras in the atlas
Camera 0 is pinhole
SLAM Started at System Time: 1732008565.65086
not IMU meas
not IMU meas
not enough acceleration
not enough acceleration
not enough acceleration
not enough acceleration
not enough acceleration
not enough acceleration
not enough acceleration
not enough acceleration
not enough acceleration
not enough acceleration
not enough acceleration
not enough acceleration
not enough acceleration
not enough acceleration
not enough acceleration
not enough acceleration
not enough acceleration
not enough acceleration
not enough acceleration
not enough acceleration
not enough acceleration
not enough acceleration
not enough acceleration
not enough acceleration
not enough acceleration
not enough acceleration
not enough acceleration
not enough acceleration
not enough acceleration
not enough acceleration
First KF:0; Map init KF:0
New Map created with 79 points
Active map: 0
Dropping frame 1403638132.0450969
Dropping frame 1403638133.0450969
Dropping frame 1403638133.3450971
Dropping frame 1403638133.445097
Dropping frame 1403638133.645097
Dropping frame 1403638133.8450971
Dropping frame 1403638134.0450969
start VIBA 1
end VIBA 1
Dropping frame 1403638134.395097
Dropping frame 1403638134.695097
Dropping frame 1403638134.945097
Dropping frame 1403638135.395097
Dropping frame 1403638135.4950972
Dropping frame 1403638135.945097
Dropping frame 1403638136.2950971
Dropping frame 1403638136.4950972
Dropping frame 1403638136.645097
Dropping frame 1403638136.8450971
Dropping frame 1403638137.0450969
Dropping frame 1403638137.145097
Dropping frame 1403638137.2450969
Dropping frame 1403638137.695097
Dropping frame 1403638138.145097
Dropping frame 1403638138.445097
Dropping frame 1403638138.695097
Dropping frame 1403638138.8450971
Not enough motion for initializing. Reseting...
TRACK: Reset map because local mapper set the bad imu flag 
LM: Active map reset recieved
LM: Active map reset, waiting...
LM: Reseting current map in Local Mapping...
LM: End reseting Local Mapping...
LM: Reset free the mutex
LM: Active map reset, Done!!!
mnFirstFrameId = 32
mnInitialFrameId = 0
179 Frames set to lost
not IMU meas
First KF:41; Map init KF:0
New Map created with 115 points
Active map: 0
Dropping frame 1403638139.2950971
Dropping frame 1403638139.4950972
Dropping frame 1403638139.695097
Dropping frame 1403638141.8450971
Not enough motion for initializing. Reseting...
LM: Reseting current map in Local Mapping...
LM: End reseting Local Mapping...
LM: Reset free the mutex
Not enough motion for initializing. Reseting...
LM: Reseting current map in Local Mapping...
LM: End reseting Local Mapping...
LM: Reset free the mutex
Not enough motion for initializing. Reseting...
TRACK: Reset map because local mapper set the bad imu flag 
LM: Reseting current map in Local Mapping...
LM: End reseting Local Mapping...
LM: Reset free the mutex
LM: Active map reset recieved
LM: Active map reset, waiting...
LM: Reseting current map in Local Mapping...
LM: End reseting Local Mapping...
LM: Reset free the mutex
LM: Active map reset, Done!!!
mnFirstFrameId = 213
mnInitialFrameId = 211
254 Frames set to lost
not IMU meas
not enough acceleration
not enough acceleration
not enough acceleration
not enough acceleration
not enough acceleration
not enough acceleration
not enough acceleration
not enough acceleration
not enough acceleration
not enough acceleration
not enough acceleration
not enough acceleration
not enough acceleration
not enough acceleration
not enough acceleration
not enough acceleration
not enough acceleration
not enough acceleration
not enough acceleration
not enough acceleration
not enough acceleration
not enough acceleration
not enough acceleration
not enough acceleration
not enough acceleration
not enough acceleration
not enough acceleration
not enough acceleration
not enough acceleration
not enough acceleration
not enough acceleration
not enough acceleration
not enough acceleration
not enough acceleration
not enough acceleration
not enough acceleration
not enough acceleration
not enough acceleration
not enough acceleration
not enough acceleration
not enough acceleration
not enough acceleration
not enough acceleration
not enough acceleration
not enough acceleration
not enough acceleration
not enough acceleration
not enough acceleration
not enough acceleration
not enough acceleration
not enough acceleration
not enough acceleration
not enough acceleration
not enough acceleration
not enough acceleration
not enough acceleration
not enough acceleration
not enough acceleration
not enough acceleration
not enough acceleration
not enough acceleration
not enough acceleration
not enough acceleration
not enough acceleration
not enough acceleration
not enough acceleration
not enough acceleration
not enough acceleration
not enough acceleration
not enough acceleration
not enough acceleration
not enough acceleration
not enough acceleration
not enough acceleration
not enough acceleration
not enough acceleration
not enough acceleration
not enough acceleration
not enough acceleration
not enough acceleration
not enough acceleration
not enough acceleration
not enough acceleration
not enough acceleration
not enough acceleration
not enough acceleration
not enough acceleration
not enough acceleration
not enough acceleration
not enough acceleration
not enough acceleration
First KF:54; Map init KF:41
New Map created with 139 points
Active map: 0
Dropping frame 1403638152.5450969
start VIBA 1
Dropping frame 1403638153.145097
end VIBA 1
Dropping frame 1403638153.645097
Dropping frame 1403638153.7450969
Dropping frame 1403638153.9950972
Dropping frame 1403638154.5450969
Dropping frame 1403638154.645097
Dropping frame 1403638155.945097
Dropping frame 1403638156.0450969
Dropping frame 1403638157.7950971
Dropping frame 1403638158.3450971
Dropping frame 1403638158.5450969
Dropping frame 1403638158.645097
Dropping frame 1403638158.895097
Dropping frame 1403638159.3450971
Dropping frame 1403638160.2450969
Dropping frame 1403638160.445097
Dropping frame 1403638161.195097
Dropping frame 1403638161.7950971
Dropping frame 1403638162.2450969
Dropping frame 1403638162.3450971
Dropping frame 1403638162.945097
Dropping frame 1403638163.0450969
start VIBA 2
Dropping frame 1403638163.2950971
Dropping frame 1403638163.4950972
end VIBA 2
Dropping frame 1403638163.695097
Dropping frame 1403638163.9950972
Dropping frame 1403638164.145097
Dropping frame 1403638164.4950972
Dropping frame 1403638164.5950971
Dropping frame 1403638165.2950971
Dropping frame 1403638165.5950971
Dropping frame 1403638165.695097
Dropping frame 1403638165.945097
Dropping frame 1403638166.0450969
Dropping frame 1403638166.145097
Dropping frame 1403638166.2450969
Dropping frame 1403638166.395097
Dropping frame 1403638166.9950972
Dropping frame 1403638167.145097
Dropping frame 1403638167.8450971
Dropping frame 1403638168.2950971
Dropping frame 1403638168.4950972
Dropping frame 1403638168.5950971
Dropping frame 1403638168.7450969
Dropping frame 1403638168.945097
Dropping frame 1403638169.195097
Dropping frame 1403638169.395097
Dropping frame 1403638169.5950971
Dropping frame 1403638169.695097
Dropping frame 1403638169.7950971
Dropping frame 1403638170.2950971
Dropping frame 1403638170.395097
Dropping frame 1403638170.4950972
Dropping frame 1403638170.695097
Dropping frame 1403638170.7950971
Dropping frame 1403638170.895097
Dropping frame 1403638171.195097
Dropping frame 1403638171.2950971
Dropping frame 1403638171.4950972
Dropping frame 1403638171.5950971
Dropping frame 1403638171.695097
Dropping frame 1403638172.0450969
Dropping frame 1403638172.2450969
Dropping frame 1403638172.445097
Dropping frame 1403638173.145097
Dropping frame 1403638173.4950972
Dropping frame 1403638173.8450971
Dropping frame 1403638174.195097
Dropping frame 1403638174.395097
Dropping frame 1403638174.645097
Dropping frame 1403638174.8450971
Dropping frame 1403638174.945097
Dropping frame 1403638175.195097
Dropping frame 1403638175.4950972
Dropping frame 1403638175.895097
Dropping frame 1403638175.9950972
Dropping frame 1403638176.2450969
Dropping frame 1403638176.5450969
Dropping frame 1403638176.8450971
Dropping frame 1403638177.0950971
Dropping frame 1403638177.445097
Dropping frame 1403638177.895097
Dropping frame 1403638178.145097
Dropping frame 1403638178.2950971
Dropping frame 1403638178.4950972
Dropping frame 1403638179.4950972
Dropping frame 1403638180.2450969
Dropping frame 1403638180.5950971
Dropping frame 1403638181.195097
Dropping frame 1403638181.5950971
Dropping frame 1403638181.7950971
Dropping frame 1403638182.2450969
Dropping frame 1403638182.445097
Dropping frame 1403638182.5450969
Dropping frame 1403638182.7450969
Dropping frame 1403638182.8450971
Dropping frame 1403638183.0950971
Dropping frame 1403638183.395097
Dropping frame 1403638183.695097
Dropping frame 1403638184.445097
Dropping frame 1403638185.945097
Dropping frame 1403638186.2950971
Dropping frame 1403638186.7450969
Dropping frame 1403638186.8450971
Dropping frame 1403638187.145097
Dropping frame 1403638187.695097
Dropping frame 1403638188.0450969
Dropping frame 1403638188.895097
Dropping frame 1403638189.5950971
Dropping frame 1403638190.0450969
Dropping frame 1403638190.2450969
Dropping frame 1403638190.645097
Dropping frame 1403638190.7450969
Dropping frame 1403638191.0450969
Dropping frame 1403638193.4950972
Dropping frame 1403638193.8450971
Dropping frame 1403638215.645097
Dropping frame 1403638215.8450971
Dropping frame 1403638217.4950972
Dropping frame 1403638219.2950971
Dropping frame 1403638219.7450969
Dropping frame 1403638219.945097
Dropping frame 1403638221.2450969
Dropping frame 1403638221.4950972
Dropping frame 1403638222.945097
Dropping frame 1403638223.395097
Dropping frame 1403638223.695097
Dropping frame 1403638223.9950972
Dropping frame 1403638224.2450969
Dropping frame 1403638224.3450971
Dropping frame 1403638224.5450969
Dropping frame 1403638224.895097
Dropping frame 1403638224.9950972
Dropping frame 1403638225.2950971
Dropping frame 1403638225.395097
Dropping frame 1403638225.645097
Dropping frame 1403638225.7950971
Dropping frame 1403638226.0450969
Dropping frame 1403638226.2950971
Dropping frame 1403638227.0450969
Dropping frame 1403638227.4950972
Dropping frame 1403638227.895097
Dropping frame 1403638228.195097
Dropping frame 1403638228.4950972
Shutdown
SLAM Finished at System Time: 1732008684.63189

 TIME STATS in ms (mean$\pm$std)
OpenCV version: 4.8.1
---------------------------
Tracking

ORB Extraction: 14.189$\pm$2.1997
Stereo Matching: 7.2964$\pm$2.3246
IMU Preintegration: 0.18983$\pm$0.074544
Pose Prediction: 0.47531$\pm$1.3426
LM Track: 14.664$\pm$4.6674
New KF decision: 1.0219$\pm$1.9599
Total Tracking: 34.82$\pm$17.113



Local Mapping

KF Insertion: 10.503$\pm$4.2735
MP Culling: 0.41537$\pm$0.25195
MP Creation: 34.224$\pm$14.091
LBA: 119.94$\pm$47.228
KF Culling: 7.2926$\pm$6.1969
Total Local Mapping: 173.02$\pm$70.277
---------------------------

LBA complexity (mean$\pm$std)
LBA Edges: 1568.9$\pm$1254.6
LBA KF optimized: 6.5$\pm$2.2913
LBA KF fixed: 1$\pm$0
LBA MP: nan$\pm$nan

LBA executions: 417
LBA aborts: 0
---------------------------

Map complexity
KFs in map: 200
MPs in map: 16749
---------------------------

Place Recognition (mean$\pm$std)
Database Query: 1.6119$\pm$0.85361
SE3 estimation: 25.558$\pm$15.282
Total Place Recognition: 19.854$\pm$18.13


Loop Closing (mean$\pm$std)
Loop Fusion: nan$\pm$nan
Essential Graph: nan$\pm$nan
Total Loop Closing: nan$\pm$nan

Num exec: 0
Number of KFs: nan$\pm$nan

Map Merging (mean$\pm$std)
Merge Maps: nan$\pm$nan
Welding BA: nan$\pm$nan
Optimization Ess.: nan$\pm$nan
Total Map Merging: nan$\pm$nan

Num exec: 0
Number of KFs: nan$\pm$nan
Number of MPs: nan$\pm$nan

Full GBA (mean$\pm$std)
GBA: nan$\pm$nan
Map Update: nan$\pm$nan
Total Full GBA: nan$\pm$nan

Num exec: 0
Num abort: 0
Number of KFs: nan$\pm$nan
Number of MPs: nan$\pm$nan

Saving trajectory to f_dataset-MH04_stereo_imu.txt ...
There are 1 maps in the atlas
  Map 0 has 200 KFs

End of saving trajectory to f_dataset-MH04_stereo_imu.txt ...

Saving keyframe trajectory to kf_dataset-MH04_stereo_imu.txt ...
