num_seq = 1
file name: dataset-MH03_stereo_imu
Loading images for sequence 0...LOADED!
Loading IMU for sequence 0...LOADED!

-------

ORB-SLAM3 Copyright (C) 2017-2020 Carlos Campos, Richard Elvira, Juan J. Gómez, José M.M. Montiel and Juan D. Tardós, University of Zaragoza.
ORB-SLAM2 Copyright (C) 2014-2016 Raúl Mur-Artal, José M.M. Montiel and Juan D. Tardós, University of Zaragoza.
This program comes with ABSOLUTELY NO WARRANTY;
This is free software, and you are welcome to redistribute it
under certain conditions. See LICENSE.txt.

Built with REGISTER_TIMES
Git Commit Hash: 42e930e

Compiled with C++ version: 201703

Input sensor was set to: Stereo-Inertial
Loading settings from ./Examples/Stereo-Inertial/EuRoC_fov_deadlines_mask_11x11.yaml
	-Loaded camera 1
	-Loaded camera 2
	-Loaded image info
	-Loaded IMU calibration
	-Loaded ORB settings
	-Loaded viewer settings
	-Loaded Atlas settings
Deadlines enabled, will skip frames!
FOV enabled
Static mask size: 11x11
Dumping map points enabled
	-Loaded misc parameters
	-Computed rectification maps
----------------------------------
SLAM settings: 
	-Camera 1 parameters (Pinhole): [ 458.65399169921875 457.29598999023438 367.21499633789062 248.375 ]
	-Camera 1 distortion parameters: [  -0.28340810537338257 0.073959067463874817 0.00019359000725671649 1.7618711353861727e-05 ]
	-Camera 2 parameters (Pinhole: [ 457.58700561523438 456.13400268554688 379.99899291992188 255.23800659179688 ]
	-Camera 1 distortion parameters: [  -0.2836836576461792 0.074512839317321777 -0.00010473000293131918 -3.555907096597366e-05 ]
	-Original image size: [ 752 , 480 ]
	-Current image size: [ 752 , 480 ]
	-Camera 1 parameters after rectification: [  456.71499633789062 456.71499633789062 364.52615356445312 257.268798828125 ]
	-Sequence FPS: 20
	-Stereo baseline: 0.11007784307003021
	-Stereo depth threshold : 60
	-Gyro noise: 0.00016999999934341758
	-Accelerometer noise: 0.0020000000949949026
	-Gyro walk: 1.9392999092815444e-05
	-Accelerometer walk: 0.0030000000260770321
	-IMU frequency: 200
	-Features per image: 1200
	-ORB scale factor: 1.2000000476837158
	-ORB number of scales: 8
	-Initial FAST threshold: 20
	-Min FAST threshold: 7


Loading ORB Vocabulary. This could take a while...
Vocabulary loaded!

Initialization of Atlas from scratch 
Creation of new map with id: 0
Creation of new map with last KF id: 0
Seq. Name: 
There are 1 cameras in the atlas
Camera 0 is pinhole
SLAM Started at System Time: 1734512130.36678
not IMU meas
not IMU meas
not enough acceleration
not enough acceleration
First KF:0; Map init KF:0
New Map created with 248 points
Active map: 0
Not enough motion for initializing. Reseting...
TRACK: Reset map because local mapper set the bad imu flag 
LM: Active map reset recieved
LM: Active map reset, waiting...
LM: Reseting current map in Local Mapping...
LM: End reseting Local Mapping...
LM: Reset free the mutex
LM: Active map reset, Done!!!
mnFirstFrameId = 4
mnInitialFrameId = 0
52 Frames set to lost
not IMU meas
First KF:11; Map init KF:0
New Map created with 276 points
Active map: 0
Dropping frame 1403637133.5383191
Dropping frame 1403637134.188319
Dropping frame 1403637134.4883189
Dropping frame 1403637134.638319
Dropping frame 1403637134.9383192
Dropping frame 1403637135.0383191
Dropping frame 1403637135.2383192
Dropping frame 1403637135.3383191
Dropping frame 1403637135.4883189
Dropping frame 1403637135.888319
Dropping frame 1403637136.0383191
Dropping frame 1403637136.388319
Dropping frame 1403637136.638319
Dropping frame 1403637136.7883189
Dropping frame 1403637137.188319
Dropping frame 1403637137.2883189
Dropping frame 1403637137.4883189
Dropping frame 1403637137.5883191
Dropping frame 1403637137.7383192
Dropping frame 1403637138.0383191
Dropping frame 1403637138.388319
start VIBA 1
Dropping frame 1403637138.688319
end VIBA 1
Dropping frame 1403637138.888319
Dropping frame 1403637139.188319
Dropping frame 1403637139.4383192
Dropping frame 1403637139.5383191
Dropping frame 1403637139.7383192
Dropping frame 1403637139.9383192
Dropping frame 1403637140.0383191
Not enough motion for initializing. Reseting...
TRACK: Reset map because local mapper set the bad imu flag 
LM: Active map reset recieved
LM: Active map reset, waiting...
LM: Reseting current map in Local Mapping...
LM: End reseting Local Mapping...
LM: Reset free the mutex
LM: Active map reset, Done!!!
mnFirstFrameId = 58
mnInitialFrameId = 56
159 Frames set to lost
not IMU meas
First KF:42; Map init KF:11
New Map created with 267 points
Active map: 0
Dropping frame 1403637140.9883189
Dropping frame 1403637141.0883191
Dropping frame 1403637141.4383192
Dropping frame 1403637141.5383191
Dropping frame 1403637141.638319
Dropping frame 1403637141.8383191
Dropping frame 1403637141.9383192
Dropping frame 1403637142.0383191
Dropping frame 1403637142.8383191
Dropping frame 1403637143.3383191
Not enough motion for initializing. Reseting...
TRACK: Reset map because local mapper set the bad imu flag 
LM: Active map reset recieved
LM: Active map reset, waiting...
LM: Reseting current map in Local Mapping...
LM: End reseting Local Mapping...
LM: Reset free the mutex
LM: Active map reset, Done!!!
mnFirstFrameId = 167
mnInitialFrameId = 165
211 Frames set to lost
not IMU meas
not enough acceleration
not enough acceleration
not enough acceleration
not enough acceleration
not enough acceleration
not enough acceleration
Dropping frame 1403637143.8383191
not enough acceleration
not enough acceleration
not enough acceleration
not enough acceleration
not enough acceleration
not enough acceleration
not enough acceleration
not enough acceleration
not enough acceleration
not enough acceleration
not enough acceleration
not enough acceleration
not enough acceleration
not enough acceleration
not enough acceleration
First KF:53; Map init KF:42
New Map created with 281 points
Active map: 0
Dropping frame 1403637145.8383191
Not enough motion for initializing. Reseting...
TRACK: Reset map because local mapper set the bad imu flag 
LM: Reseting current map in Local Mapping...
LM: End reseting Local Mapping...
LM: Reset free the mutex
LM: Active map reset recieved
LM: Active map reset, waiting...
LM: Reseting current map in Local Mapping...
LM: End reseting Local Mapping...
LM: Reset free the mutex
LM: Active map reset, Done!!!
mnFirstFrameId = 242
mnInitialFrameId = 219
266 Frames set to lost
not IMU meas
Dropping frame 1403637147.5383191
not enough acceleration
not enough acceleration
not enough acceleration
not enough acceleration
not enough acceleration
not enough acceleration
not enough acceleration
not enough acceleration
not enough acceleration
not enough acceleration
not enough acceleration
not enough acceleration
not enough acceleration
not enough acceleration
not enough acceleration
not enough acceleration
not enough acceleration
not enough acceleration
not enough acceleration
not enough acceleration
not enough acceleration
not enough acceleration
not enough acceleration
not enough acceleration
not enough acceleration
Dropping frame 1403637148.8383191
not enough acceleration
not enough acceleration
not enough acceleration
not enough acceleration
not enough acceleration
not enough acceleration
not enough acceleration
not enough acceleration
not enough acceleration
not enough acceleration
not enough acceleration
not enough acceleration
not enough acceleration
not enough acceleration
not enough acceleration
not enough acceleration
not enough acceleration
First KF:64; Map init KF:53
New Map created with 229 points
Active map: 0
Dropping frame 1403637151.4383192
Dropping frame 1403637154.188319
Dropping frame 1403637155.0383191
Dropping frame 1403637155.3383191
start VIBA 1
end VIBA 1
Dropping frame 1403637155.638319
Dropping frame 1403637155.9383192
Dropping frame 1403637156.188319
Dropping frame 1403637156.2883189
Dropping frame 1403637156.388319
Dropping frame 1403637156.4883189
Dropping frame 1403637156.688319
Dropping frame 1403637156.7883189
Dropping frame 1403637156.888319
Dropping frame 1403637157.0883191
Dropping frame 1403637157.188319
Dropping frame 1403637157.2883189
Dropping frame 1403637157.4883189
Dropping frame 1403637157.638319
Dropping frame 1403637157.7383192
Dropping frame 1403637157.888319
Dropping frame 1403637158.0383191
Dropping frame 1403637158.138319
Dropping frame 1403637158.2383192
Dropping frame 1403637158.388319
Dropping frame 1403637158.4883189
Dropping frame 1403637158.5883191
Dropping frame 1403637158.688319
Dropping frame 1403637158.8383191
Dropping frame 1403637158.9383192
Dropping frame 1403637159.0383191
Dropping frame 1403637159.138319
Dropping frame 1403637159.2383192
Dropping frame 1403637159.388319
Dropping frame 1403637159.4883189
Dropping frame 1403637159.5883191
Dropping frame 1403637159.688319
Dropping frame 1403637159.8383191
Dropping frame 1403637159.9383192
Dropping frame 1403637160.0383191
Dropping frame 1403637160.138319
Dropping frame 1403637160.2883189
Dropping frame 1403637160.388319
Dropping frame 1403637160.4883189
Dropping frame 1403637160.638319
Dropping frame 1403637160.7383192
Dropping frame 1403637160.9383192
Dropping frame 1403637161.0383191
Dropping frame 1403637161.138319
Dropping frame 1403637161.2383192
Dropping frame 1403637161.3383191
Dropping frame 1403637161.4383192
Dropping frame 1403637161.5383191
Dropping frame 1403637161.638319
Dropping frame 1403637161.8383191
Dropping frame 1403637161.9383192
Dropping frame 1403637162.0383191
Dropping frame 1403637162.188319
Dropping frame 1403637162.4383192
Dropping frame 1403637162.5383191
Dropping frame 1403637162.688319
Dropping frame 1403637162.7883189
Dropping frame 1403637163.0883191
Dropping frame 1403637163.188319
Dropping frame 1403637163.4383192
Dropping frame 1403637163.5383191
Dropping frame 1403637163.638319
Dropping frame 1403637163.9383192
Dropping frame 1403637164.0383191
Dropping frame 1403637164.188319
Dropping frame 1403637164.388319
Dropping frame 1403637164.5883191
Dropping frame 1403637164.7883189
Dropping frame 1403637164.9883189
start VIBA 2
Dropping frame 1403637165.0883191
Dropping frame 1403637165.188319
end VIBA 2
Dropping frame 1403637165.388319
Dropping frame 1403637165.5883191
Dropping frame 1403637165.7883189
Dropping frame 1403637165.888319
Dropping frame 1403637165.9883189
Dropping frame 1403637166.188319
Dropping frame 1403637166.388319
Dropping frame 1403637166.5883191
Dropping frame 1403637166.688319
Dropping frame 1403637166.7883189
Dropping frame 1403637166.9883189
Dropping frame 1403637167.0883191
Dropping frame 1403637167.2883189
Dropping frame 1403637167.4883189
Dropping frame 1403637167.5883191
Dropping frame 1403637167.7883189
Dropping frame 1403637168.0383191
Dropping frame 1403637168.388319
Dropping frame 1403637168.4883189
Dropping frame 1403637168.688319
Dropping frame 1403637168.888319
Dropping frame 1403637169.2383192
Dropping frame 1403637169.4883189
Dropping frame 1403637169.688319
Dropping frame 1403637169.888319
Dropping frame 1403637170.0883191
Dropping frame 1403637170.2883189
Dropping frame 1403637170.388319
Dropping frame 1403637170.7383192
Dropping frame 1403637170.9383192
Dropping frame 1403637171.138319
Dropping frame 1403637171.2383192
Dropping frame 1403637171.4383192
Dropping frame 1403637171.638319
Dropping frame 1403637171.8383191
Dropping frame 1403637172.0383191
Dropping frame 1403637172.4383192
Dropping frame 1403637172.638319
Dropping frame 1403637172.888319
Dropping frame 1403637173.0883191
Dropping frame 1403637173.388319
Dropping frame 1403637173.5883191
Dropping frame 1403637173.7883189
Dropping frame 1403637173.9883189
Dropping frame 1403637174.188319
Dropping frame 1403637174.388319
Dropping frame 1403637174.5883191
Dropping frame 1403637174.7883189
Dropping frame 1403637174.9383192
Dropping frame 1403637175.138319
Dropping frame 1403637175.3383191
Dropping frame 1403637175.5883191
Dropping frame 1403637175.7883189
Dropping frame 1403637175.888319
Dropping frame 1403637176.188319
Dropping frame 1403637176.388319
Dropping frame 1403637176.4883189
Dropping frame 1403637176.688319
Dropping frame 1403637176.888319
Dropping frame 1403637176.9883189
Dropping frame 1403637177.188319
Dropping frame 1403637177.388319
Dropping frame 1403637177.5883191
Dropping frame 1403637177.688319
Dropping frame 1403637177.9883189
Dropping frame 1403637178.188319
Dropping frame 1403637178.388319
Dropping frame 1403637178.7883189
Dropping frame 1403637178.9883189
Dropping frame 1403637179.0883191
Dropping frame 1403637179.2883189
Dropping frame 1403637179.5883191
Dropping frame 1403637179.688319
Dropping frame 1403637179.9383192
Dropping frame 1403637180.2383192
Dropping frame 1403637180.888319
Dropping frame 1403637181.138319
Dropping frame 1403637181.4383192
Dropping frame 1403637181.7383192
Dropping frame 1403637182.0883191
Dropping frame 1403637182.388319
Dropping frame 1403637182.688319
Dropping frame 1403637182.9883189
Dropping frame 1403637183.188319
Dropping frame 1403637183.388319
Dropping frame 1403637183.4883189
Dropping frame 1403637183.7383192
Dropping frame 1403637183.9383192
Dropping frame 1403637184.0383191
Dropping frame 1403637184.138319
Dropping frame 1403637184.3383191
Dropping frame 1403637184.4383192
Dropping frame 1403637184.5383191
Dropping frame 1403637184.7383192
Dropping frame 1403637184.9383192
Dropping frame 1403637185.0383191
Dropping frame 1403637185.2883189
Dropping frame 1403637185.388319
Dropping frame 1403637185.5383191
Dropping frame 1403637185.8383191
Dropping frame 1403637185.9383192
Dropping frame 1403637186.2383192
Dropping frame 1403637186.688319
Dropping frame 1403637186.7883189
Dropping frame 1403637186.888319
Dropping frame 1403637187.0883191
Dropping frame 1403637187.2383192
Dropping frame 1403637187.5883191
Dropping frame 1403637187.688319
Dropping frame 1403637187.7883189
Dropping frame 1403637188.0383191
Dropping frame 1403637188.138319
Dropping frame 1403637188.2383192
Dropping frame 1403637188.4383192
Dropping frame 1403637188.5383191
Dropping frame 1403637188.7883189
Dropping frame 1403637188.888319
Dropping frame 1403637188.9883189
Dropping frame 1403637189.188319
Dropping frame 1403637189.2883189
Dropping frame 1403637189.388319
Dropping frame 1403637189.5883191
Dropping frame 1403637189.7883189
Dropping frame 1403637189.888319
Dropping frame 1403637189.9883189
Dropping frame 1403637190.0883191
Dropping frame 1403637190.388319
Dropping frame 1403637190.4883189
Dropping frame 1403637190.7883189
Dropping frame 1403637191.188319
Dropping frame 1403637191.2883189
Dropping frame 1403637191.5883191
Dropping frame 1403637191.688319
Dropping frame 1403637191.888319
Dropping frame 1403637191.9883189
Dropping frame 1403637192.0883191
Dropping frame 1403637192.2883189
Dropping frame 1403637192.388319
Dropping frame 1403637192.638319
Dropping frame 1403637192.7383192
Dropping frame 1403637192.8383191
Dropping frame 1403637193.4883189
Dropping frame 1403637193.5883191
Dropping frame 1403637194.4883189
Dropping frame 1403637194.888319
Dropping frame 1403637195.138319
Dropping frame 1403637195.388319
Dropping frame 1403637195.4883189
Dropping frame 1403637195.7383192
Dropping frame 1403637195.8383191
Dropping frame 1403637195.9383192
Dropping frame 1403637196.138319
Dropping frame 1403637196.2383192
Dropping frame 1403637196.3383191
Dropping frame 1403637196.5383191
Dropping frame 1403637196.8383191
Dropping frame 1403637196.9383192
Dropping frame 1403637197.138319
Dropping frame 1403637197.4383192
Dropping frame 1403637197.5383191
Dropping frame 1403637197.638319
Dropping frame 1403637197.8383191
Dropping frame 1403637197.9383192
Dropping frame 1403637198.0383191
Dropping frame 1403637198.138319
Dropping frame 1403637198.3383191
Dropping frame 1403637198.4383192
Dropping frame 1403637198.5383191
Dropping frame 1403637198.7383192
Dropping frame 1403637198.9383192
Dropping frame 1403637199.0383191
Dropping frame 1403637199.138319
Dropping frame 1403637199.2383192
Dropping frame 1403637199.3383191
Dropping frame 1403637199.5383191
Dropping frame 1403637199.638319
Dropping frame 1403637199.7383192
Dropping frame 1403637199.9383192
Dropping frame 1403637200.138319
Dropping frame 1403637200.2383192
Dropping frame 1403637200.3383191
Dropping frame 1403637200.5383191
Dropping frame 1403637200.638319
Dropping frame 1403637200.7383192
Dropping frame 1403637200.9383192
Dropping frame 1403637201.138319
Dropping frame 1403637201.2383192
Dropping frame 1403637201.3383191
Dropping frame 1403637201.5383191
Dropping frame 1403637201.638319
Dropping frame 1403637201.7383192
Dropping frame 1403637201.9383192
Dropping frame 1403637202.0383191
Dropping frame 1403637202.138319
Dropping frame 1403637202.3383191
Dropping frame 1403637202.5383191
Dropping frame 1403637202.638319
Dropping frame 1403637202.7383192
Dropping frame 1403637202.8383191
Dropping frame 1403637202.9383192
Dropping frame 1403637203.138319
Dropping frame 1403637203.2883189
Dropping frame 1403637203.4883189
Dropping frame 1403637203.5883191
Dropping frame 1403637203.688319
Dropping frame 1403637203.888319
Dropping frame 1403637203.9883189
Dropping frame 1403637204.0883191
Dropping frame 1403637204.4883189
Dropping frame 1403637204.5883191
Dropping frame 1403637204.688319
Dropping frame 1403637204.888319
Dropping frame 1403637205.0883191
Dropping frame 1403637205.188319
Dropping frame 1403637205.2883189
Dropping frame 1403637205.4883189
Dropping frame 1403637205.5883191
Dropping frame 1403637205.688319
Dropping frame 1403637205.7883189
Dropping frame 1403637206.0383191
Dropping frame 1403637206.2383192
Dropping frame 1403637206.3383191
Dropping frame 1403637206.638319
Dropping frame 1403637206.7383192
Dropping frame 1403637206.888319
Dropping frame 1403637207.138319
Dropping frame 1403637207.2383192
Dropping frame 1403637207.4883189
Dropping frame 1403637207.5883191
Dropping frame 1403637207.7883189
Dropping frame 1403637207.888319
Dropping frame 1403637207.9883189
Dropping frame 1403637208.188319
Dropping frame 1403637208.3383191
Dropping frame 1403637208.4383192
Dropping frame 1403637208.638319
Dropping frame 1403637208.7383192
Dropping frame 1403637208.8383191
Dropping frame 1403637209.138319
Dropping frame 1403637209.2383192
Dropping frame 1403637209.3383191
Dropping frame 1403637209.4883189
Dropping frame 1403637209.688319
Dropping frame 1403637209.7883189
Dropping frame 1403637209.888319
Dropping frame 1403637209.9883189
Dropping frame 1403637210.0883191
Dropping frame 1403637210.188319
Dropping frame 1403637210.388319
Dropping frame 1403637210.4883189
Dropping frame 1403637210.5883191
Dropping frame 1403637210.688319
Dropping frame 1403637210.9383192
Dropping frame 1403637211.0383191
Dropping frame 1403637211.138319
Dropping frame 1403637211.2383192
Dropping frame 1403637211.4883189
Dropping frame 1403637211.5883191
Dropping frame 1403637211.688319
Dropping frame 1403637211.9883189
Dropping frame 1403637212.0883191
Dropping frame 1403637212.188319
Dropping frame 1403637212.388319
Dropping frame 1403637212.4883189
Dropping frame 1403637212.5883191
Dropping frame 1403637212.7883189
Dropping frame 1403637212.9883189
Dropping frame 1403637213.0883191
Dropping frame 1403637213.188319
Dropping frame 1403637213.2883189
Dropping frame 1403637213.4883189
Dropping frame 1403637213.5883191
Dropping frame 1403637213.688319
Dropping frame 1403637213.888319
Dropping frame 1403637214.0883191
Dropping frame 1403637214.2883189
Dropping frame 1403637214.388319
Dropping frame 1403637214.4883189
Dropping frame 1403637214.688319
Dropping frame 1403637214.888319
Dropping frame 1403637215.0883191
Dropping frame 1403637215.188319
Dropping frame 1403637215.2883189
Dropping frame 1403637215.4883189
Dropping frame 1403637215.5883191
Dropping frame 1403637215.688319
Dropping frame 1403637215.888319
Dropping frame 1403637216.0883191
Dropping frame 1403637216.188319
Dropping frame 1403637216.2883189
Dropping frame 1403637216.388319
Dropping frame 1403637216.5883191
Dropping frame 1403637216.7883189
Dropping frame 1403637216.888319
Dropping frame 1403637217.0883191
Dropping frame 1403637217.188319
Dropping frame 1403637217.2883189
Dropping frame 1403637217.388319
Dropping frame 1403637217.4883189
Dropping frame 1403637217.688319
Dropping frame 1403637217.888319
Dropping frame 1403637217.9883189
Dropping frame 1403637218.0883191
Dropping frame 1403637218.188319
Dropping frame 1403637218.2883189
Dropping frame 1403637218.4883189
Dropping frame 1403637218.5883191
Dropping frame 1403637218.688319
Dropping frame 1403637218.7883189
Dropping frame 1403637218.888319
Dropping frame 1403637218.9883189
Dropping frame 1403637219.0883191
Dropping frame 1403637219.188319
Dropping frame 1403637219.388319
Dropping frame 1403637219.5883191
Dropping frame 1403637219.7883189
Dropping frame 1403637219.888319
Dropping frame 1403637219.9883189
Dropping frame 1403637220.188319
Dropping frame 1403637220.2883189
Dropping frame 1403637220.4883189
Dropping frame 1403637220.5883191
Dropping frame 1403637220.688319
Dropping frame 1403637220.7883189
Dropping frame 1403637220.888319
Dropping frame 1403637220.9883189
Dropping frame 1403637221.188319
Dropping frame 1403637221.388319
Dropping frame 1403637221.5883191
Dropping frame 1403637221.688319
Dropping frame 1403637221.7883189
Dropping frame 1403637221.888319
Dropping frame 1403637222.0883191
Dropping frame 1403637222.2883189
Dropping frame 1403637222.4883189
Dropping frame 1403637222.5883191
Dropping frame 1403637222.688319
Dropping frame 1403637222.888319
Dropping frame 1403637223.0883191
Dropping frame 1403637223.188319
Dropping frame 1403637223.2883189
Dropping frame 1403637223.388319
Dropping frame 1403637223.5883191
Dropping frame 1403637223.7883189
Dropping frame 1403637223.9883189
Dropping frame 1403637224.0883191
Dropping frame 1403637224.188319
Dropping frame 1403637224.388319
Dropping frame 1403637224.5883191
Dropping frame 1403637224.7883189
Dropping frame 1403637224.888319
Dropping frame 1403637224.9883189
Dropping frame 1403637225.188319
Dropping frame 1403637225.2883189
Dropping frame 1403637225.388319
Dropping frame 1403637225.5883191
Dropping frame 1403637225.7883189
Dropping frame 1403637225.9883189
Dropping frame 1403637226.188319
Dropping frame 1403637226.2883189
Dropping frame 1403637226.388319
Dropping frame 1403637226.688319
Dropping frame 1403637226.888319
Dropping frame 1403637226.9883189
Dropping frame 1403637227.0883191
Dropping frame 1403637227.188319
Dropping frame 1403637227.2883189
Dropping frame 1403637227.4883189
Dropping frame 1403637227.5883191
Dropping frame 1403637227.688319
Dropping frame 1403637227.7883189
Dropping frame 1403637227.888319
Dropping frame 1403637228.188319
Dropping frame 1403637228.388319
Dropping frame 1403637228.4883189
Dropping frame 1403637228.5883191
Dropping frame 1403637228.688319
Dropping frame 1403637228.7883189
Dropping frame 1403637228.9883189
Dropping frame 1403637229.188319
Dropping frame 1403637229.2883189
Dropping frame 1403637229.388319
Dropping frame 1403637229.7383192
Dropping frame 1403637229.9383192
Dropping frame 1403637230.0383191
Dropping frame 1403637230.2883189
Dropping frame 1403637230.7883189
Dropping frame 1403637230.9883189
Dropping frame 1403637231.188319
Dropping frame 1403637231.2883189
Dropping frame 1403637231.388319
Dropping frame 1403637231.638319
Dropping frame 1403637231.7383192
Dropping frame 1403637231.9883189
Dropping frame 1403637232.188319
Dropping frame 1403637232.388319
Dropping frame 1403637232.4883189
Dropping frame 1403637232.5883191
Dropping frame 1403637232.688319
Dropping frame 1403637232.888319
Dropping frame 1403637233.188319
Dropping frame 1403637233.4883189
Dropping frame 1403637233.688319
Dropping frame 1403637233.7883189
Dropping frame 1403637233.9383192
Dropping frame 1403637234.0383191
Dropping frame 1403637234.3383191
Dropping frame 1403637234.4383192
Dropping frame 1403637234.7383192
Dropping frame 1403637234.8383191
Dropping frame 1403637235.138319
Dropping frame 1403637235.3383191
Dropping frame 1403637235.4383192
Dropping frame 1403637235.5383191
Dropping frame 1403637235.7883189
Dropping frame 1403637235.9883189
Dropping frame 1403637236.188319
Dropping frame 1403637236.2883189
Dropping frame 1403637236.5383191
Dropping frame 1403637236.7383192
Dropping frame 1403637236.9383192
Dropping frame 1403637237.0883191
Dropping frame 1403637237.2883189
Dropping frame 1403637237.388319
Dropping frame 1403637237.7383192
Dropping frame 1403637237.9383192
Dropping frame 1403637238.0383191
Dropping frame 1403637238.2883189
Dropping frame 1403637238.388319
Dropping frame 1403637238.5383191
Dropping frame 1403637238.638319
Dropping frame 1403637238.8383191
Dropping frame 1403637239.0383191
Dropping frame 1403637239.2383192
Dropping frame 1403637239.3383191
Dropping frame 1403637239.4383192
Dropping frame 1403637239.638319
Dropping frame 1403637239.8383191
Dropping frame 1403637240.0383191
Dropping frame 1403637240.2383192
Dropping frame 1403637240.3383191
Dropping frame 1403637240.4383192
Dropping frame 1403637240.638319
Dropping frame 1403637240.8383191
Dropping frame 1403637241.0383191
Dropping frame 1403637241.138319
Dropping frame 1403637241.388319
Dropping frame 1403637241.4883189
Dropping frame 1403637241.5883191
Dropping frame 1403637241.7883189
Dropping frame 1403637241.9883189
Dropping frame 1403637242.188319
Dropping frame 1403637242.388319
Dropping frame 1403637242.5883191
Dropping frame 1403637243.0383191
Dropping frame 1403637243.4883189
Dropping frame 1403637243.5883191
Dropping frame 1403637243.8383191
Dropping frame 1403637244.0383191
Dropping frame 1403637244.2383192
Dropping frame 1403637244.3383191
Dropping frame 1403637244.5883191
Dropping frame 1403637244.7883189
Dropping frame 1403637244.9883189
Dropping frame 1403637245.0883191
Dropping frame 1403637245.3383191
Dropping frame 1403637245.4383192
Dropping frame 1403637245.5383191
Dropping frame 1403637245.7383192
Dropping frame 1403637245.9383192
Dropping frame 1403637246.138319
Dropping frame 1403637246.2383192
Dropping frame 1403637246.4883189
Dropping frame 1403637246.688319
Dropping frame 1403637246.888319
Dropping frame 1403637246.9883189
Dropping frame 1403637247.0883191
Dropping frame 1403637247.2883189
Dropping frame 1403637247.4883189
Dropping frame 1403637247.688319
Dropping frame 1403637247.7883189
Dropping frame 1403637247.888319
Dropping frame 1403637248.0883191
Dropping frame 1403637248.188319
Dropping frame 1403637248.2883189
Dropping frame 1403637248.4883189
Dropping frame 1403637248.688319
Dropping frame 1403637248.888319
Dropping frame 1403637249.0883191
Dropping frame 1403637249.2883189
Dropping frame 1403637249.388319
Dropping frame 1403637249.4883189
Dropping frame 1403637249.688319
Dropping frame 1403637249.7883189
Dropping frame 1403637249.9883189
Dropping frame 1403637250.0883191
Dropping frame 1403637250.188319
Dropping frame 1403637250.388319
Dropping frame 1403637250.5883191
Dropping frame 1403637250.7883189
Dropping frame 1403637250.888319
Dropping frame 1403637250.9883189
Dropping frame 1403637251.188319
Dropping frame 1403637251.388319
Dropping frame 1403637251.5883191
Dropping frame 1403637251.688319
Dropping frame 1403637251.7883189
Dropping frame 1403637251.888319
Dropping frame 1403637251.9883189
Dropping frame 1403637252.0883191
Dropping frame 1403637252.188319
Dropping frame 1403637252.388319
Dropping frame 1403637252.5883191
Dropping frame 1403637252.7883189
Dropping frame 1403637252.888319
Dropping frame 1403637252.9883189
Dropping frame 1403637253.188319
Dropping frame 1403637253.2883189
Dropping frame 1403637253.388319
Dropping frame 1403637253.5883191
Dropping frame 1403637253.7883189
Dropping frame 1403637253.9883189
Dropping frame 1403637254.0883191
Dropping frame 1403637254.188319
Dropping frame 1403637254.388319
Dropping frame 1403637254.5883191
Dropping frame 1403637254.7883189
Dropping frame 1403637254.9883189
Dropping frame 1403637255.0883191
Dropping frame 1403637255.188319
Dropping frame 1403637255.2883189
Dropping frame 1403637255.4883189
Dropping frame 1403637255.5883191
Dropping frame 1403637255.688319
Dropping frame 1403637255.888319
Dropping frame 1403637256.0883191
Dropping frame 1403637256.188319
Dropping frame 1403637256.2883189
Dropping frame 1403637256.388319
Dropping frame 1403637256.4883189
Dropping frame 1403637256.688319
Dropping frame 1403637256.888319
Dropping frame 1403637256.9883189
Dropping frame 1403637257.4883189
Dropping frame 1403637257.688319
Dropping frame 1403637257.7883189
Dropping frame 1403637257.888319
Dropping frame 1403637257.9883189
Dropping frame 1403637258.188319
Dropping frame 1403637258.388319
Dropping frame 1403637258.4883189
Dropping frame 1403637258.5883191
Dropping frame 1403637258.7883189
Dropping frame 1403637258.9883189
Dropping frame 1403637259.188319
Dropping frame 1403637259.2883189
Dropping frame 1403637259.388319
Dropping frame 1403637259.5883191
Dropping frame 1403637259.688319
Dropping frame 1403637259.888319
Dropping frame 1403637260.0883191
Dropping frame 1403637260.188319
Dropping frame 1403637260.2883189
Dropping frame 1403637260.4883189
Dropping frame 1403637260.688319
Dropping frame 1403637260.888319
Dropping frame 1403637260.9883189
Dropping frame 1403637261.0883191
Dropping frame 1403637261.188319
Dropping frame 1403637261.2883189
Dropping frame 1403637261.4883189
Dropping frame 1403637261.688319
Dropping frame 1403637261.888319
Dropping frame 1403637261.9883189
Dropping frame 1403637262.188319
Dropping frame 1403637262.2883189
Dropping frame 1403637262.388319
Dropping frame 1403637262.5883191
Dropping frame 1403637262.7883189
Fail to track local map!
Fail to track local map!
Dropping frame 1403637262.9883189
Fail to track local map!
Fail to track local map!
Fail to track local map!
Dropping frame 1403637263.188319
Fail to track local map!
Fail to track local map!
Fail to track local map!
Dropping frame 1403637263.388319
Fail to track local map!
Fail to track local map!
Fail to track local map!
Dropping frame 1403637263.5883191
Fail to track local map!
Dropping frame 1403637263.688319
Dropping frame 1403637263.7883189
Fail to track local map!
Fail to track local map!
Fail to track local map!
Dropping frame 1403637263.9883189
Fail to track local map!
Fail to track local map!
Fail to track local map!
Dropping frame 1403637264.188319
Fail to track local map!
Fail to track local map!
Fail to track local map!
Dropping frame 1403637264.388319
Fail to track local map!
Fail to track local map!
Fail to track local map!
Dropping frame 1403637264.5883191
Fail to track local map!
Dropping frame 1403637264.688319
Dropping frame 1403637264.7883189
Fail to track local map!
Dropping frame 1403637264.888319
Fail to track local map!
Fail to track local map!
Fail to track local map!
Dropping frame 1403637265.0883191
Fail to track local map!
Fail to track local map!
Dropping frame 1403637265.2883189
Fail to track local map!
Fail to track local map!
Fail to track local map!
Dropping frame 1403637265.4883189
Shutdown
SLAM Finished at System Time: 1734512297.26334

 TIME STATS in ms (mean$\pm$std)
OpenCV version: 4.8.1
---------------------------
Tracking

ORB Extraction: 19.907$\pm$2.6058
Stereo Matching: 8.0294$\pm$1.8737
IMU Preintegration: 0.23958$\pm$0.093595
Pose Prediction: 0.78963$\pm$1.8697
LM Track: 19.354$\pm$6.6628
New KF decision: 1.4739$\pm$2.648
Total Tracking: 31.503$\pm$27.511



Local Mapping

KF Insertion: 15.632$\pm$6.0036
MP Culling: 0.59565$\pm$0.27124
MP Creation: 47.219$\pm$19.726
LBA: 158.99$\pm$64.787
KF Culling: 14.701$\pm$10.426
Total Local Mapping: 234.93$\pm$93.252
---------------------------

LBA complexity (mean$\pm$std)
LBA Edges: 1641.3$\pm$596.5
LBA KF optimized: 6.5$\pm$2.2913
LBA KF fixed: 1$\pm$0
LBA MP: nan$\pm$nan

LBA executions: 437
LBA aborts: 0
---------------------------

Map complexity
KFs in map: 147
MPs in map: 11115
---------------------------

Place Recognition (mean$\pm$std)
Database Query: 2.1549$\pm$1.1455
SE3 estimation: 30.123$\pm$18.321
Total Place Recognition: 24.057$\pm$21.719


Loop Closing (mean$\pm$std)
Loop Fusion: nan$\pm$nan
Essential Graph: nan$\pm$nan
Total Loop Closing: nan$\pm$nan

Num exec: 0
Number of KFs: nan$\pm$nan

Map Merging (mean$\pm$std)
Merge Maps: nan$\pm$nan
Welding BA: nan$\pm$nan
Optimization Ess.: nan$\pm$nan
Total Map Merging: nan$\pm$nan

Num exec: 0
Number of KFs: nan$\pm$nan
Number of MPs: nan$\pm$nan

Full GBA (mean$\pm$std)
GBA: nan$\pm$nan
Map Update: nan$\pm$nan
Total Full GBA: nan$\pm$nan

Num exec: 0
Num abort: 0
Number of KFs: nan$\pm$nan
Number of MPs: nan$\pm$nan

Saving trajectory to f_dataset-MH03_stereo_imu.txt ...
There are 1 maps in the atlas
  Map 0 has 147 KFs

End of saving trajectory to f_dataset-MH03_stereo_imu.txt ...

Saving keyframe trajectory to kf_dataset-MH03_stereo_imu.txt ...
