num_seq = 1
file name: dataset-MH01_stereo_imu
Loading images for sequence 0...LOADED!
Loading IMU for sequence 0...LOADED!

-------

ORB-SLAM3 Copyright (C) 2017-2020 Carlos Campos, Richard Elvira, Juan J. Gómez, José M.M. Montiel and Juan D. Tardós, University of Zaragoza.
ORB-SLAM2 Copyright (C) 2014-2016 Raúl Mur-Artal, José M.M. Montiel and Juan D. Tardós, University of Zaragoza.
This program comes with ABSOLUTELY NO WARRANTY;
This is free software, and you are welcome to redistribute it
under certain conditions. See LICENSE.txt.

Built with REGISTER_TIMES
Git Commit Hash: e54774f

Build Type: Release

Compiled with C++ version: 201703

Input sensor was set to: Stereo-Inertial
Loading settings from EuRoC_fov_mask_3x3.yaml
	-Loaded camera 1
	-Loaded camera 2
	-Loaded image info
	-Loaded IMU calibration
	-Loaded ORB settings
	-Loaded viewer settings
	-Loaded Atlas settings
FOV enabled
Static mask size: 3x3
Dumping map points enabled
	-Loaded misc parameters
	-Computed rectification maps
----------------------------------
SLAM settings: 
	-Camera 1 parameters (Pinhole): [ 458.65399169921875 457.29598999023438 367.21499633789062 248.375 ]
	-Camera 1 distortion parameters: [  -0.28340810537338257 0.073959067463874817 0.00019359000725671649 1.7618711353861727e-05 ]
	-Camera 2 parameters (Pinhole: [ 457.58700561523438 456.13400268554688 379.99899291992188 255.23800659179688 ]
	-Camera 1 distortion parameters: [  -0.2836836576461792 0.074512839317321777 -0.00010473000293131918 -3.555907096597366e-05 ]
	-Original image size: [ 752 , 480 ]
	-Current image size: [ 752 , 480 ]
	-Camera 1 parameters after rectification: [  456.71499633789062 456.71499633789062 364.52615356445312 257.268798828125 ]
	-Sequence FPS: 20
	-Stereo baseline: 0.11007784307003021
	-Stereo depth threshold : 60
	-Gyro noise: 0.00016999999934341758
	-Accelerometer noise: 0.0020000000949949026
	-Gyro walk: 1.9392999092815444e-05
	-Accelerometer walk: 0.0030000000260770321
	-IMU frequency: 200
	-Features per image: 1200
	-ORB scale factor: 1.2000000476837158
	-ORB number of scales: 8
	-Initial FAST threshold: 20
	-Min FAST threshold: 7


Loading ORB Vocabulary. This could take a while...
Vocabulary loaded!

Initialization of Atlas from scratch 
Creation of new map with id: 0
Creation of new map with last KF id: 0
Seq. Name: 
There are 1 cameras in the atlas
Camera 0 is pinhole
SLAM Started at System Time: 1735348518.06256
not IMU meas
not IMU meas
not enough acceleration
not enough acceleration
First KF:0; Map init KF:0
New Map created with 487 points
Active map: 0
Fail to track local map!
IMU is not or recently initialized. Reseting active map...
LM: Active map reset recieved
LM: Active map reset, waiting...
LM: Reseting current map in Local Mapping...
LM: End reseting Local Mapping...
LM: Reset free the mutex
LM: Active map reset, Done!!!
mnFirstFrameId = 4
mnInitialFrameId = 0
11 Frames set to lost
not IMU meas
First KF:3; Map init KF:0
New Map created with 91 points
Active map: 0
Fail to track local map!
IMU is not or recently initialized. Reseting active map...
LM: Active map reset recieved
LM: Active map reset, waiting...
LM: Reseting current map in Local Mapping...
LM: End reseting Local Mapping...
LM: Reset free the mutex
LM: Active map reset, Done!!!
mnFirstFrameId = 16
mnInitialFrameId = 14
15 Frames set to lost
not IMU meas
First KF:4; Map init KF:3
New Map created with 199 points
Active map: 0
Fail to track local map!
IMU is not or recently initialized. Reseting active map...
LM: Active map reset recieved
LM: Active map reset, waiting...
LM: Reseting current map in Local Mapping...
LM: End reseting Local Mapping...
LM: Reset free the mutex
LM: Active map reset, Done!!!
mnFirstFrameId = 21
mnInitialFrameId = 19
20 Frames set to lost
not IMU meas
not enough acceleration
not enough acceleration
not enough acceleration
not enough acceleration
First KF:5; Map init KF:4
New Map created with 699 points
Active map: 0
Not enough motion for initializing. Reseting...
TRACK: Reset map because local mapper set the bad imu flag 
LM: Active map reset recieved
LM: Active map reset, waiting...
LM: Reseting current map in Local Mapping...
LM: End reseting Local Mapping...
LM: Reset free the mutex
LM: Active map reset, Done!!!
mnFirstFrameId = 31
mnInitialFrameId = 25
118 Frames set to lost
not IMU meas
not enough acceleration
not enough acceleration
not enough acceleration
First KF:40; Map init KF:5
New Map created with 324 points
Active map: 0
start VIBA 1
end VIBA 1
start VIBA 2
end VIBA 2
*Loop detected
phi =  0.011794290018118792  0.011128321371378928 0.0011844717252128005
BAD LOOP!!!
*Loop detected
phi = 0.0081377578664993139  0.008065291003659136 0.0047147860270601817
BAD LOOP!!!
*Loop detected
phi = 0.0092258283081841624  0.011411551595630285 0.0045658568815176272
BAD LOOP!!!
*Loop detected
phi = 0.0096432858463756897  0.010502131560007068 0.0077877914200296565
BAD LOOP!!!
*Loop detected
phi = 0.0074017600723115867 0.0037980037832947588 0.0092564593533320458
Local Mapping STOP
Local Mapping RELEASE
Shutdown
SLAM Finished at System Time: 1735348728.43162

 TIME STATS in ms (mean$\pm$std)
OpenCV version: 4.8.1
---------------------------
Tracking

ORB Extraction: 13.127$\pm$1.7295
Stereo Matching: 6.3044$\pm$2.0918
IMU Preintegration: 0.25638$\pm$0.12788
Pose Prediction: 0.22906$\pm$0.75832
LM Track: 16.235$\pm$4.061
New KF decision: 0.73808$\pm$1.4991
Total Tracking: 41.578$\pm$6.8592



Local Mapping

KF Insertion: 11.013$\pm$4.9435
MP Culling: 0.37881$\pm$0.20485
MP Creation: 35.302$\pm$18.034
LBA: 131.24$\pm$60.628
KF Culling: 11.482$\pm$9.7134
Total Local Mapping: 188.22$\pm$87.323
---------------------------

LBA complexity (mean$\pm$std)
LBA Edges: 1819.1$\pm$652.36
LBA KF optimized: 6.0588$\pm$2.1549
LBA KF fixed: 1.2353$\pm$0.54551
LBA MP: nan$\pm$nan

LBA executions: 661
LBA aborts: 0
---------------------------

Map complexity
KFs in map: 219
MPs in map: 19239
---------------------------

Place Recognition (mean$\pm$std)
Database Query: 1.636$\pm$1.0332
SE3 estimation: 24.939$\pm$17.888
Total Place Recognition: 18.687$\pm$19.795


Loop Closing (mean$\pm$std)
Loop Fusion: 193.35$\pm$0
Essential Graph: 158.34$\pm$0
Total Loop Closing: 369.3$\pm$0

Num exec: 1
Number of KFs: nan$\pm$nan

Map Merging (mean$\pm$std)
Merge Maps: nan$\pm$nan
Welding BA: nan$\pm$nan
Optimization Ess.: nan$\pm$nan
Total Map Merging: nan$\pm$nan

Num exec: 0
Number of KFs: nan$\pm$nan
Number of MPs: nan$\pm$nan

Full GBA (mean$\pm$std)
GBA: nan$\pm$nan
Map Update: nan$\pm$nan
Total Full GBA: nan$\pm$nan

Num exec: 0
Num abort: 0
Number of KFs: nan$\pm$nan
Number of MPs: nan$\pm$nan

Saving trajectory to f_dataset-MH01_stereo_imu.txt ...
There are 1 maps in the atlas
  Map 0 has 219 KFs

End of saving trajectory to f_dataset-MH01_stereo_imu.txt ...

Saving keyframe trajectory to kf_dataset-MH01_stereo_imu.txt ...
