num_seq = 1
file name: dataset-MH04_stereo_imu
Loading images for sequence 0...LOADED!
Loading IMU for sequence 0...LOADED!

-------

ORB-SLAM3 Copyright (C) 2017-2020 Carlos Campos, Richard Elvira, Juan J. Gómez, José M.M. Montiel and Juan D. Tardós, University of Zaragoza.
ORB-SLAM2 Copyright (C) 2014-2016 Raúl Mur-Artal, José M.M. Montiel and Juan D. Tardós, University of Zaragoza.
This program comes with ABSOLUTELY NO WARRANTY;
This is free software, and you are welcome to redistribute it
under certain conditions. See LICENSE.txt.

Built with REGISTER_TIMES
Git Commit Hash: 42e930e

Compiled with C++ version: 201703

Input sensor was set to: Stereo-Inertial
Loading settings from ./Examples/Stereo-Inertial/EuRoC_fov_deadlines_mask_7x7.yaml
	-Loaded camera 1
	-Loaded camera 2
	-Loaded image info
	-Loaded IMU calibration
	-Loaded ORB settings
	-Loaded viewer settings
	-Loaded Atlas settings
Deadlines enabled, will skip frames!
FOV enabled
Static mask size: 7x7
Dumping map points enabled
	-Loaded misc parameters
	-Computed rectification maps
----------------------------------
SLAM settings: 
	-Camera 1 parameters (Pinhole): [ 458.65399169921875 457.29598999023438 367.21499633789062 248.375 ]
	-Camera 1 distortion parameters: [  -0.28340810537338257 0.073959067463874817 0.00019359000725671649 1.7618711353861727e-05 ]
	-Camera 2 parameters (Pinhole: [ 457.58700561523438 456.13400268554688 379.99899291992188 255.23800659179688 ]
	-Camera 1 distortion parameters: [  -0.2836836576461792 0.074512839317321777 -0.00010473000293131918 -3.555907096597366e-05 ]
	-Original image size: [ 752 , 480 ]
	-Current image size: [ 752 , 480 ]
	-Camera 1 parameters after rectification: [  456.71499633789062 456.71499633789062 364.52615356445312 257.268798828125 ]
	-Sequence FPS: 20
	-Stereo baseline: 0.11007784307003021
	-Stereo depth threshold : 60
	-Gyro noise: 0.00016999999934341758
	-Accelerometer noise: 0.0020000000949949026
	-Gyro walk: 1.9392999092815444e-05
	-Accelerometer walk: 0.0030000000260770321
	-IMU frequency: 200
	-Features per image: 1200
	-ORB scale factor: 1.2000000476837158
	-ORB number of scales: 8
	-Initial FAST threshold: 20
	-Min FAST threshold: 7


Loading ORB Vocabulary. This could take a while...
Vocabulary loaded!

Initialization of Atlas from scratch 
Creation of new map with id: 0
Creation of new map with last KF id: 0
Seq. Name: 
There are 1 cameras in the atlas
Camera 0 is pinhole
SLAM Started at System Time: 1734508837.89645
not IMU meas
not IMU meas
not enough acceleration
not enough acceleration
not enough acceleration
not enough acceleration
not enough acceleration
not enough acceleration
not enough acceleration
not enough acceleration
not enough acceleration
not enough acceleration
not enough acceleration
not enough acceleration
not enough acceleration
not enough acceleration
not enough acceleration
not enough acceleration
not enough acceleration
not enough acceleration
not enough acceleration
not enough acceleration
not enough acceleration
not enough acceleration
not enough acceleration
not enough acceleration
not enough acceleration
not enough acceleration
not enough acceleration
not enough acceleration
not enough acceleration
not enough acceleration
First KF:0; Map init KF:0
New Map created with 104 points
Active map: 0
Dropping frame 1403638130.2450969
Dropping frame 1403638130.5450969
Dropping frame 1403638130.8450971
Dropping frame 1403638130.945097
Dropping frame 1403638131.2950971
Dropping frame 1403638131.5450969
Dropping frame 1403638131.695097
Dropping frame 1403638132.0450969
Dropping frame 1403638132.195097
Dropping frame 1403638132.395097
Dropping frame 1403638132.4950972
Dropping frame 1403638132.695097
Dropping frame 1403638132.7950971
Dropping frame 1403638132.895097
Dropping frame 1403638133.2450969
Dropping frame 1403638133.4950972
Dropping frame 1403638133.7950971
Dropping frame 1403638133.9950972
Dropping frame 1403638134.0950971
Dropping frame 1403638134.195097
Dropping frame 1403638134.395097
start VIBA 1
Dropping frame 1403638134.5950971
end VIBA 1
Dropping frame 1403638135.4950972
Dropping frame 1403638135.645097
Dropping frame 1403638135.7450969
Dropping frame 1403638135.9950972
Dropping frame 1403638136.0950971
Dropping frame 1403638136.3450971
Dropping frame 1403638136.695097
Dropping frame 1403638136.7950971
Dropping frame 1403638137.0450969
Dropping frame 1403638137.195097
Dropping frame 1403638137.395097
Dropping frame 1403638137.4950972
Dropping frame 1403638137.5950971
Dropping frame 1403638137.7950971
Dropping frame 1403638137.9950972
Dropping frame 1403638138.145097
Dropping frame 1403638138.4950972
Dropping frame 1403638138.695097
Dropping frame 1403638138.7950971
Not enough motion for initializing. Reseting...
TRACK: Reset map because local mapper set the bad imu flag 
LM: Active map reset recieved
LM: Active map reset, waiting...
LM: Reseting current map in Local Mapping...
LM: End reseting Local Mapping...
LM: Reset free the mutex
LM: Active map reset, Done!!!
mnFirstFrameId = 32
mnInitialFrameId = 0
160 Frames set to lost
not IMU meas
First KF:39; Map init KF:0
New Map created with 132 points
Active map: 0
Dropping frame 1403638139.145097
Dropping frame 1403638139.2450969
Dropping frame 1403638139.3450971
Dropping frame 1403638139.445097
Dropping frame 1403638139.7950971
Dropping frame 1403638139.945097
Dropping frame 1403638140.195097
Dropping frame 1403638140.2950971
Dropping frame 1403638140.8450971
Dropping frame 1403638140.945097
Dropping frame 1403638141.0450969
Dropping frame 1403638141.145097
Dropping frame 1403638141.3450971
Dropping frame 1403638141.5950971
Dropping frame 1403638141.695097
Dropping frame 1403638141.7950971
Not enough motion for initializing. Reseting...
Dropping frame 1403638141.9950972
LM: Reseting current map in Local Mapping...
LM: End reseting Local Mapping...
LM: Reset free the mutex
Dropping frame 1403638142.195097
Not enough motion for initializing. Reseting...
TRACK: Reset map because local mapper set the bad imu flag 
LM: Reseting current map in Local Mapping...
LM: End reseting Local Mapping...
LM: Reset free the mutex
LM: Active map reset recieved
LM: Active map reset, waiting...
LM: Reseting current map in Local Mapping...
LM: End reseting Local Mapping...
LM: Reset free the mutex
LM: Active map reset, Done!!!
mnFirstFrameId = 194
mnInitialFrameId = 192
211 Frames set to lost
not IMU meas
not enough acceleration
not enough acceleration
not enough acceleration
not enough acceleration
not enough acceleration
not enough acceleration
not enough acceleration
not enough acceleration
not enough acceleration
not enough acceleration
not enough acceleration
not enough acceleration
not enough acceleration
not enough acceleration
not enough acceleration
not enough acceleration
not enough acceleration
not enough acceleration
not enough acceleration
not enough acceleration
not enough acceleration
not enough acceleration
not enough acceleration
not enough acceleration
not enough acceleration
not enough acceleration
not enough acceleration
not enough acceleration
not enough acceleration
Dropping frame 1403638144.0450969
Dropping frame 1403638144.0950971
not enough acceleration
not enough acceleration
not enough acceleration
not enough acceleration
not enough acceleration
not enough acceleration
not enough acceleration
not enough acceleration
not enough acceleration
not enough acceleration
not enough acceleration
not enough acceleration
not enough acceleration
not enough acceleration
not enough acceleration
not enough acceleration
not enough acceleration
not enough acceleration
not enough acceleration
not enough acceleration
not enough acceleration
not enough acceleration
not enough acceleration
not enough acceleration
not enough acceleration
not enough acceleration
not enough acceleration
not enough acceleration
not enough acceleration
not enough acceleration
not enough acceleration
not enough acceleration
not enough acceleration
not enough acceleration
not enough acceleration
not enough acceleration
not enough acceleration
not enough acceleration
not enough acceleration
not enough acceleration
not enough acceleration
not enough acceleration
not enough acceleration
not enough acceleration
not enough acceleration
not enough acceleration
not enough acceleration
not enough acceleration
not enough acceleration
not enough acceleration
not enough acceleration
not enough acceleration
not enough acceleration
not enough acceleration
not enough acceleration
not enough acceleration
not enough acceleration
not enough acceleration
not enough acceleration
not enough acceleration
not enough acceleration
not enough acceleration
not enough acceleration
not enough acceleration
not enough acceleration
not enough acceleration
not enough acceleration
not enough acceleration
not enough acceleration
not enough acceleration
not enough acceleration
not enough acceleration
not enough acceleration
First KF:51; Map init KF:39
New Map created with 150 points
Active map: 0
start VIBA 1
end VIBA 1
Dropping frame 1403638154.9950972
Dropping frame 1403638155.7950971
Dropping frame 1403638155.9950972
Dropping frame 1403638156.145097
Dropping frame 1403638156.395097
Dropping frame 1403638156.5450969
Dropping frame 1403638156.7950971
Dropping frame 1403638156.895097
Dropping frame 1403638156.9950972
Dropping frame 1403638157.195097
Dropping frame 1403638157.3450971
Dropping frame 1403638157.4950972
Dropping frame 1403638157.645097
Dropping frame 1403638157.7950971
Dropping frame 1403638157.895097
Dropping frame 1403638158.0450969
Dropping frame 1403638158.145097
Dropping frame 1403638158.445097
Dropping frame 1403638158.7950971
Dropping frame 1403638159.0950971
Dropping frame 1403638159.3450971
Dropping frame 1403638159.645097
Dropping frame 1403638159.7450969
Dropping frame 1403638159.945097
Dropping frame 1403638160.0450969
Dropping frame 1403638161.395097
Dropping frame 1403638161.7450969
Dropping frame 1403638161.895097
Dropping frame 1403638162.0450969
Dropping frame 1403638162.3450971
Dropping frame 1403638162.445097
Dropping frame 1403638162.5950971
Dropping frame 1403638162.8450971
Dropping frame 1403638162.945097
Dropping frame 1403638163.0950971
start VIBA 2
Dropping frame 1403638163.395097
end VIBA 2
Dropping frame 1403638163.895097
Dropping frame 1403638165.3450971
Dropping frame 1403638165.7950971
Dropping frame 1403638165.895097
Dropping frame 1403638166.0950971
Dropping frame 1403638166.195097
Dropping frame 1403638166.395097
Dropping frame 1403638166.4950972
Dropping frame 1403638166.695097
Dropping frame 1403638166.7950971
Dropping frame 1403638166.9950972
Dropping frame 1403638167.195097
Dropping frame 1403638167.445097
Dropping frame 1403638167.645097
Dropping frame 1403638167.7450969
Dropping frame 1403638168.0950971
Dropping frame 1403638168.195097
Dropping frame 1403638168.3450971
Dropping frame 1403638168.4950972
Dropping frame 1403638169.145097
Dropping frame 1403638169.395097
Dropping frame 1403638169.7950971
Dropping frame 1403638169.9950972
Dropping frame 1403638170.0950971
Dropping frame 1403638170.3450971
Dropping frame 1403638170.5450969
Dropping frame 1403638170.645097
Dropping frame 1403638170.7450969
Dropping frame 1403638171.0950971
Dropping frame 1403638171.2450969
Dropping frame 1403638171.3450971
Dropping frame 1403638171.5950971
Dropping frame 1403638171.7450969
Dropping frame 1403638171.8450971
Dropping frame 1403638172.145097
Dropping frame 1403638172.2950971
Dropping frame 1403638172.4950972
Dropping frame 1403638172.5950971
Dropping frame 1403638172.695097
Dropping frame 1403638172.8450971
Dropping frame 1403638172.945097
Dropping frame 1403638173.145097
Dropping frame 1403638173.395097
Dropping frame 1403638173.4950972
Dropping frame 1403638173.695097
Dropping frame 1403638173.7950971
Dropping frame 1403638173.895097
Dropping frame 1403638174.0450969
Dropping frame 1403638174.2450969
Dropping frame 1403638174.445097
Dropping frame 1403638174.5450969
Dropping frame 1403638174.7450969
Dropping frame 1403638174.8450971
Dropping frame 1403638174.945097
Dropping frame 1403638175.195097
Dropping frame 1403638175.395097
Dropping frame 1403638175.4950972
Dropping frame 1403638175.695097
Dropping frame 1403638175.7950971
Dropping frame 1403638176.395097
Dropping frame 1403638176.5950971
Dropping frame 1403638176.7950971
Dropping frame 1403638177.0450969
Dropping frame 1403638177.3450971
Dropping frame 1403638177.5950971
Dropping frame 1403638178.2450969
Dropping frame 1403638178.5450969
Dropping frame 1403638178.645097
Dropping frame 1403638178.7950971
Dropping frame 1403638179.195097
Dropping frame 1403638179.395097
Dropping frame 1403638179.5450969
Dropping frame 1403638179.7450969
Dropping frame 1403638179.945097
Dropping frame 1403638180.0450969
Dropping frame 1403638180.145097
Dropping frame 1403638180.3450971
Dropping frame 1403638180.5450969
Dropping frame 1403638180.695097
Dropping frame 1403638180.895097
Dropping frame 1403638181.0950971
Dropping frame 1403638181.195097
Dropping frame 1403638181.2950971
Dropping frame 1403638181.4950972
Dropping frame 1403638181.5950971
Dropping frame 1403638181.8450971
Dropping frame 1403638182.195097
Dropping frame 1403638182.2950971
Dropping frame 1403638182.5450969
Dropping frame 1403638182.7450969
Dropping frame 1403638182.8450971
Dropping frame 1403638182.945097
Dropping frame 1403638183.2950971
Dropping frame 1403638183.4950972
Dropping frame 1403638183.7450969
Dropping frame 1403638184.0950971
Dropping frame 1403638184.395097
Dropping frame 1403638184.7950971
Dropping frame 1403638185.145097
Dropping frame 1403638186.0450969
Dropping frame 1403638186.395097
Dropping frame 1403638186.9950972
Dropping frame 1403638187.0950971
Dropping frame 1403638187.5450969
Dropping frame 1403638187.7450969
Dropping frame 1403638187.945097
Dropping frame 1403638188.2950971
Dropping frame 1403638188.395097
Dropping frame 1403638188.5950971
Dropping frame 1403638188.7950971
Dropping frame 1403638189.0450969
Dropping frame 1403638189.2450969
Dropping frame 1403638189.4950972
Dropping frame 1403638189.7950971
Dropping frame 1403638189.9950972
Dropping frame 1403638190.195097
Dropping frame 1403638190.2950971
Dropping frame 1403638190.4950972
Dropping frame 1403638190.695097
Dropping frame 1403638191.0450969
Dropping frame 1403638191.4950972
Dropping frame 1403638191.945097
Dropping frame 1403638192.3450971
Dropping frame 1403638192.645097
Dropping frame 1403638192.945097
Dropping frame 1403638193.5450969
Dropping frame 1403638193.8450971
Dropping frame 1403638194.0950971
Dropping frame 1403638194.195097
Dropping frame 1403638194.445097
Dropping frame 1403638194.645097
Dropping frame 1403638194.7450969
Dropping frame 1403638195.145097
Dropping frame 1403638195.2450969
Dropping frame 1403638195.5450969
Dropping frame 1403638195.945097
Dropping frame 1403638196.0450969
Dropping frame 1403638196.2950971
Dropping frame 1403638196.395097
Dropping frame 1403638196.4950972
Dropping frame 1403638196.695097
Dropping frame 1403638196.7950971
Dropping frame 1403638197.0950971
Dropping frame 1403638197.7950971
Dropping frame 1403638197.895097
Dropping frame 1403638198.0950971
Dropping frame 1403638198.395097
Dropping frame 1403638198.695097
Dropping frame 1403638198.7950971
Dropping frame 1403638199.145097
Dropping frame 1403638199.3450971
Dropping frame 1403638199.445097
Dropping frame 1403638199.645097
Dropping frame 1403638200.695097
Dropping frame 1403638201.445097
Dropping frame 1403638201.5450969
Dropping frame 1403638201.7950971
Dropping frame 1403638202.0950971
Dropping frame 1403638202.3450971
Dropping frame 1403638202.7450969
Dropping frame 1403638203.2450969
Dropping frame 1403638204.0950971
Dropping frame 1403638204.445097
Dropping frame 1403638205.3450971
Dropping frame 1403638205.945097
Dropping frame 1403638206.2950971
Dropping frame 1403638209.5950971
Dropping frame 1403638211.945097
Dropping frame 1403638221.0950971
Dropping frame 1403638222.145097
Dropping frame 1403638224.0450969
Dropping frame 1403638224.5950971
Dropping frame 1403638225.2950971
Dropping frame 1403638225.4950972
Dropping frame 1403638226.695097
Dropping frame 1403638226.9950972
Dropping frame 1403638227.945097
Dropping frame 1403638228.145097
Dropping frame 1403638228.3450971
Dropping frame 1403638228.4950972
Dropping frame 1403638228.7950971
Shutdown
SLAM Finished at System Time: 1734508957.01299

 TIME STATS in ms (mean$\pm$std)
OpenCV version: 4.8.1
---------------------------
Tracking

ORB Extraction: 15.846$\pm$2.107
Stereo Matching: 7.6104$\pm$2.1015
IMU Preintegration: 0.21108$\pm$0.089841
Pose Prediction: 0.47158$\pm$1.3321
LM Track: 16.196$\pm$4.7206
New KF decision: 1.0566$\pm$1.911
Total Tracking: 33.997$\pm$20.496



Local Mapping

KF Insertion: 12.103$\pm$4.2361
MP Culling: 0.43681$\pm$0.23436
MP Creation: 38.216$\pm$13.943
LBA: 130.83$\pm$45.923
KF Culling: 9.3543$\pm$7.7503
Total Local Mapping: 190.85$\pm$65.916
---------------------------

LBA complexity (mean$\pm$std)
LBA Edges: 1608.2$\pm$1207.3
LBA KF optimized: 6.5$\pm$2.2913
LBA KF fixed: 1$\pm$0
LBA MP: nan$\pm$nan

LBA executions: 401
LBA aborts: 0
---------------------------

Map complexity
KFs in map: 186
MPs in map: 14964
---------------------------

Place Recognition (mean$\pm$std)
Database Query: 1.8924$\pm$0.9696
SE3 estimation: 26.977$\pm$14.619
Total Place Recognition: 20.824$\pm$18.333


Loop Closing (mean$\pm$std)
Loop Fusion: nan$\pm$nan
Essential Graph: nan$\pm$nan
Total Loop Closing: nan$\pm$nan

Num exec: 0
Number of KFs: nan$\pm$nan

Map Merging (mean$\pm$std)
Merge Maps: nan$\pm$nan
Welding BA: nan$\pm$nan
Optimization Ess.: nan$\pm$nan
Total Map Merging: nan$\pm$nan

Num exec: 0
Number of KFs: nan$\pm$nan
Number of MPs: nan$\pm$nan

Full GBA (mean$\pm$std)
GBA: nan$\pm$nan
Map Update: nan$\pm$nan
Total Full GBA: nan$\pm$nan

Num exec: 0
Num abort: 0
Number of KFs: nan$\pm$nan
Number of MPs: nan$\pm$nan

Saving trajectory to f_dataset-MH04_stereo_imu.txt ...
There are 1 maps in the atlas
  Map 0 has 186 KFs

End of saving trajectory to f_dataset-MH04_stereo_imu.txt ...

Saving keyframe trajectory to kf_dataset-MH04_stereo_imu.txt ...
