num_seq = 1
file name: dataset-MH03_stereo_imu
Loading images for sequence 0...LOADED!
Loading IMU for sequence 0...LOADED!

-------

ORB-SLAM3 Copyright (C) 2017-2020 Carlos Campos, Richard Elvira, Juan J. Gómez, José M.M. Montiel and Juan D. Tardós, University of Zaragoza.
ORB-SLAM2 Copyright (C) 2014-2016 Raúl Mur-Artal, José M.M. Montiel and Juan D. Tardós, University of Zaragoza.
This program comes with ABSOLUTELY NO WARRANTY;
This is free software, and you are welcome to redistribute it
under certain conditions. See LICENSE.txt.

Built with REGISTER_TIMES
Git Commit Hash: 90f15d8

Input sensor was set to: Stereo-Inertial
Loading settings from ./Examples/Stereo-Inertial/EuRoC_fov_deadlines_mask_12x12.yaml
	-Loaded camera 1
	-Loaded camera 2
	-Loaded image info
	-Loaded IMU calibration
	-Loaded ORB settings
	-Loaded viewer settings
	-Loaded Atlas settings
Deadlines enabled, will skip frames!
FOV enabled
Static mask size: 12x12
Dumping map points enabled
	-Loaded misc parameters
	-Computed rectification maps
----------------------------------
SLAM settings: 
	-Camera 1 parameters (Pinhole): [ 458.65399169921875 457.29598999023438 367.21499633789062 248.375 ]
	-Camera 1 distortion parameters: [  -0.28340810537338257 0.073959067463874817 0.00019359000725671649 1.7618711353861727e-05 ]
	-Camera 2 parameters (Pinhole: [ 457.58700561523438 456.13400268554688 379.99899291992188 255.23800659179688 ]
	-Camera 1 distortion parameters: [  -0.2836836576461792 0.074512839317321777 -0.00010473000293131918 -3.555907096597366e-05 ]
	-Original image size: [ 752 , 480 ]
	-Current image size: [ 752 , 480 ]
	-Camera 1 parameters after rectification: [  456.71499633789062 456.71499633789062 364.52615356445312 257.268798828125 ]
	-Sequence FPS: 20
	-Stereo baseline: 0.11007784307003021
	-Stereo depth threshold : 60
	-Gyro noise: 0.00016999999934341758
	-Accelerometer noise: 0.0020000000949949026
	-Gyro walk: 1.9392999092815444e-05
	-Accelerometer walk: 0.0030000000260770321
	-IMU frequency: 200
	-Features per image: 1200
	-ORB scale factor: 1.2000000476837158
	-ORB number of scales: 8
	-Initial FAST threshold: 20
	-Min FAST threshold: 7


Loading ORB Vocabulary. This could take a while...
Vocabulary loaded!

Initialization of Atlas from scratch 
Creation of new map with id: 0
Creation of new map with last KF id: 0
Seq. Name: 
There are 1 cameras in the atlas
Camera 0 is pinhole
SLAM Started at System Time: 1732014427.38799
not IMU meas
not IMU meas
not enough acceleration
not enough acceleration
First KF:0; Map init KF:0
New Map created with 250 points
Active map: 0
Dropping frame 1403637130.8383191
Not enough motion for initializing. Reseting...
TRACK: Reset map because local mapper set the bad imu flag 
LM: Reseting current map in Local Mapping...
LM: End reseting Local Mapping...
LM: Reset free the mutex
LM: Active map reset recieved
LM: Active map reset, waiting...
LM: Reseting current map in Local Mapping...
LM: End reseting Local Mapping...
LM: Reset free the mutex
LM: Active map reset, Done!!!
mnFirstFrameId = 4
mnInitialFrameId = 0
50 Frames set to lost
not IMU meas
not enough acceleration
First KF:11; Map init KF:0
New Map created with 284 points
Active map: 0
Dropping frame 1403637134.188319
Dropping frame 1403637134.5883191
Dropping frame 1403637134.7883189
Dropping frame 1403637135.0383191
Dropping frame 1403637135.188319
Dropping frame 1403637135.4383192
Dropping frame 1403637136.0883191
Dropping frame 1403637136.388319
Dropping frame 1403637136.4883189
Dropping frame 1403637136.7883189
Dropping frame 1403637136.9383192
Dropping frame 1403637137.2383192
Dropping frame 1403637137.388319
Dropping frame 1403637137.638319
Dropping frame 1403637138.188319
Dropping frame 1403637138.4383192
Dropping frame 1403637138.5383191
Dropping frame 1403637138.688319
start VIBA 1
end VIBA 1
Dropping frame 1403637138.9383192
Dropping frame 1403637139.0383191
Dropping frame 1403637139.2383192
Dropping frame 1403637139.3383191
Dropping frame 1403637139.4383192
Dropping frame 1403637139.5383191
Dropping frame 1403637139.7383192
Not enough motion for initializing. Reseting...
TRACK: Reset map because local mapper set the bad imu flag 
LM: Reseting current map in Local Mapping...
LM: End reseting Local Mapping...
LM: Reset free the mutex
LM: Active map reset recieved
LM: Active map reset, waiting...
LM: Reseting current map in Local Mapping...
LM: End reseting Local Mapping...
LM: Reset free the mutex
LM: Active map reset, Done!!!
mnFirstFrameId = 57
mnInitialFrameId = 54
157 Frames set to lost
not IMU meas
not enough acceleration
First KF:39; Map init KF:11
New Map created with 287 points
Active map: 0
Dropping frame 1403637140.2383192
Dropping frame 1403637140.4883189
Dropping frame 1403637140.5883191
Dropping frame 1403637140.8383191
Dropping frame 1403637141.0383191
Dropping frame 1403637141.138319
Dropping frame 1403637141.3383191
Dropping frame 1403637141.4383192
Dropping frame 1403637141.7383192
Dropping frame 1403637141.9383192
Dropping frame 1403637142.2383192
Dropping frame 1403637142.5883191
Dropping frame 1403637143.0383191
Not enough motion for initializing. Reseting...
TRACK: Reset map because local mapper set the bad imu flag 
LM: Reseting current map in Local Mapping...
LM: End reseting Local Mapping...
LM: Reset free the mutex
LM: Active map reset recieved
LM: Active map reset, waiting...
LM: Reseting current map in Local Mapping...
LM: End reseting Local Mapping...
LM: Reset free the mutex
LM: Active map reset, Done!!!
mnFirstFrameId = 167
mnInitialFrameId = 164
204 Frames set to lost
not IMU meas
not enough acceleration
not enough acceleration
not enough acceleration
not enough acceleration
not enough acceleration
not enough acceleration
not enough acceleration
Dropping frame 1403637143.638319
not enough acceleration
not enough acceleration
not enough acceleration
not enough acceleration
not enough acceleration
not enough acceleration
not enough acceleration
not enough acceleration
not enough acceleration
not enough acceleration
not enough acceleration
not enough acceleration
not enough acceleration
not enough acceleration
not enough acceleration
not enough acceleration
not enough acceleration
not enough acceleration
not enough acceleration
First KF:50; Map init KF:39
New Map created with 296 points
Active map: 0
Dropping frame 1403637144.688319
Dropping frame 1403637146.0383191
Not enough motion for initializing. Reseting...
TRACK: Reset map because local mapper set the bad imu flag 
LM: Reseting current map in Local Mapping...
LM: End reseting Local Mapping...
LM: Reset free the mutex
LM: Active map reset recieved
LM: Active map reset, waiting...
LM: Reseting current map in Local Mapping...
LM: End reseting Local Mapping...
LM: Reset free the mutex
LM: Active map reset, Done!!!
mnFirstFrameId = 242
mnInitialFrameId = 214
258 Frames set to lost
not IMU meas
not enough acceleration
not enough acceleration
not enough acceleration
not enough acceleration
not enough acceleration
not enough acceleration
not enough acceleration
not enough acceleration
not enough acceleration
not enough acceleration
not enough acceleration
not enough acceleration
not enough acceleration
not enough acceleration
not enough acceleration
not enough acceleration
not enough acceleration
not enough acceleration
not enough acceleration
not enough acceleration
not enough acceleration
not enough acceleration
not enough acceleration
not enough acceleration
not enough acceleration
not enough acceleration
not enough acceleration
not enough acceleration
Dropping frame 1403637148.9383192
not enough acceleration
not enough acceleration
not enough acceleration
not enough acceleration
not enough acceleration
not enough acceleration
not enough acceleration
not enough acceleration
Dropping frame 1403637149.388319
First KF:61; Map init KF:50
New Map created with 278 points
Active map: 0
Dropping frame 1403637153.9383192
start VIBA 1
end VIBA 1
Dropping frame 1403637155.0883191
Dropping frame 1403637155.388319
Dropping frame 1403637155.5383191
Dropping frame 1403637155.7383192
Dropping frame 1403637155.9383192
Dropping frame 1403637156.0883191
Dropping frame 1403637156.2383192
Dropping frame 1403637156.4383192
Dropping frame 1403637156.5383191
Dropping frame 1403637156.7383192
Dropping frame 1403637156.8383191
Dropping frame 1403637156.9383192
Dropping frame 1403637157.138319
Dropping frame 1403637157.2383192
Dropping frame 1403637157.3383191
Dropping frame 1403637157.4383192
Dropping frame 1403637157.5383191
Dropping frame 1403637157.638319
Dropping frame 1403637157.7883189
Dropping frame 1403637157.888319
Dropping frame 1403637157.9883189
Dropping frame 1403637158.0883191
Dropping frame 1403637158.188319
Dropping frame 1403637158.3383191
Dropping frame 1403637158.4383192
Dropping frame 1403637158.5383191
Dropping frame 1403637158.638319
Dropping frame 1403637158.7383192
Dropping frame 1403637158.8383191
Dropping frame 1403637158.9383192
Dropping frame 1403637159.138319
Dropping frame 1403637159.2383192
Dropping frame 1403637159.3383191
Dropping frame 1403637159.4383192
Dropping frame 1403637159.5383191
Dropping frame 1403637159.638319
Dropping frame 1403637159.7383192
Dropping frame 1403637159.8383191
Dropping frame 1403637160.0383191
Dropping frame 1403637160.138319
Dropping frame 1403637160.2383192
Dropping frame 1403637160.388319
Dropping frame 1403637160.4883189
Dropping frame 1403637160.688319
Dropping frame 1403637160.7883189
Dropping frame 1403637160.888319
Dropping frame 1403637160.9883189
Dropping frame 1403637161.0883191
Dropping frame 1403637161.188319
Dropping frame 1403637161.2883189
Dropping frame 1403637161.388319
Dropping frame 1403637161.4883189
Dropping frame 1403637161.5883191
Dropping frame 1403637161.7383192
Dropping frame 1403637161.8383191
Dropping frame 1403637161.9383192
Dropping frame 1403637162.0383191
Dropping frame 1403637162.138319
Dropping frame 1403637162.2383192
Dropping frame 1403637162.4883189
Dropping frame 1403637162.7383192
Dropping frame 1403637162.8383191
Dropping frame 1403637163.0383191
Dropping frame 1403637163.2383192
Dropping frame 1403637163.3383191
Dropping frame 1403637163.5383191
Dropping frame 1403637163.638319
Dropping frame 1403637163.7383192
Dropping frame 1403637163.9383192
Dropping frame 1403637164.0383191
Dropping frame 1403637164.138319
Dropping frame 1403637164.3383191
Dropping frame 1403637164.4383192
Dropping frame 1403637164.638319
Dropping frame 1403637164.7383192
start VIBA 2
Dropping frame 1403637165.0383191
end VIBA 2
Dropping frame 1403637165.388319
Dropping frame 1403637165.4883189
Dropping frame 1403637165.7383192
Dropping frame 1403637165.9383192
Dropping frame 1403637166.138319
Dropping frame 1403637166.2383192
Dropping frame 1403637166.3383191
Dropping frame 1403637166.5383191
Dropping frame 1403637166.7383192
Dropping frame 1403637166.9383192
Dropping frame 1403637167.138319
Dropping frame 1403637167.3383191
Dropping frame 1403637167.5383191
Dropping frame 1403637167.638319
Dropping frame 1403637167.8383191
Dropping frame 1403637168.0383191
Dropping frame 1403637168.388319
Dropping frame 1403637168.7883189
Dropping frame 1403637169.138319
Dropping frame 1403637169.3383191
Dropping frame 1403637169.5383191
Dropping frame 1403637169.7383192
Dropping frame 1403637169.9383192
Dropping frame 1403637170.0883191
Dropping frame 1403637170.2883189
Dropping frame 1403637170.4883189
Dropping frame 1403637170.688319
Dropping frame 1403637170.888319
Dropping frame 1403637171.0883191
Dropping frame 1403637171.2883189
Dropping frame 1403637171.4883189
Dropping frame 1403637171.688319
Dropping frame 1403637171.7883189
Dropping frame 1403637172.0383191
Dropping frame 1403637172.2383192
Dropping frame 1403637172.4383192
Dropping frame 1403637172.688319
Dropping frame 1403637172.888319
Dropping frame 1403637172.9883189
Dropping frame 1403637173.2383192
Dropping frame 1403637173.4383192
Dropping frame 1403637173.638319
Dropping frame 1403637173.8383191
Dropping frame 1403637174.0383191
Dropping frame 1403637174.2383192
Dropping frame 1403637174.4383192
Dropping frame 1403637174.638319
Dropping frame 1403637174.8383191
Dropping frame 1403637175.0383191
Dropping frame 1403637175.138319
Dropping frame 1403637175.3383191
Dropping frame 1403637175.5383191
Dropping frame 1403637175.7383192
Dropping frame 1403637175.9383192
Dropping frame 1403637176.138319
Dropping frame 1403637176.3383191
Dropping frame 1403637176.4383192
Dropping frame 1403637176.5383191
Dropping frame 1403637176.7883189
Dropping frame 1403637176.9383192
Dropping frame 1403637177.0383191
Dropping frame 1403637177.388319
Dropping frame 1403637177.4883189
Dropping frame 1403637177.5883191
Dropping frame 1403637177.8383191
Dropping frame 1403637177.9383192
Dropping frame 1403637178.2883189
Dropping frame 1403637178.388319
Dropping frame 1403637178.4883189
Dropping frame 1403637178.688319
Dropping frame 1403637178.888319
Dropping frame 1403637179.0883191
Dropping frame 1403637179.188319
Dropping frame 1403637179.2883189
Dropping frame 1403637179.4883189
Dropping frame 1403637180.0883191
Dropping frame 1403637180.388319
Dropping frame 1403637181.0883191
Dropping frame 1403637181.2883189
Dropping frame 1403637181.5883191
Dropping frame 1403637181.8383191
Dropping frame 1403637182.138319
Dropping frame 1403637182.4383192
Dropping frame 1403637182.7383192
Dropping frame 1403637182.9383192
Dropping frame 1403637183.138319
Dropping frame 1403637183.688319
Dropping frame 1403637183.7883189
Dropping frame 1403637184.0883191
Dropping frame 1403637184.188319
Dropping frame 1403637184.388319
Dropping frame 1403637184.688319
Dropping frame 1403637184.7883189
Dropping frame 1403637185.688319
Dropping frame 1403637185.8383191
Dropping frame 1403637185.9383192
Dropping frame 1403637186.0883191
Dropping frame 1403637186.3383191
Dropping frame 1403637186.4883189
Dropping frame 1403637187.2383192
Dropping frame 1403637187.3383191
Dropping frame 1403637187.5883191
Dropping frame 1403637187.688319
Dropping frame 1403637187.9383192
Dropping frame 1403637188.2383192
Dropping frame 1403637188.3383191
Dropping frame 1403637188.5883191
Dropping frame 1403637188.688319
Dropping frame 1403637188.888319
Dropping frame 1403637188.9883189
Dropping frame 1403637189.0883191
Dropping frame 1403637189.2883189
Dropping frame 1403637189.388319
Dropping frame 1403637189.4883189
Dropping frame 1403637189.688319
Dropping frame 1403637189.7883189
Dropping frame 1403637189.888319
Dropping frame 1403637190.138319
Dropping frame 1403637190.4383192
Dropping frame 1403637190.688319
Dropping frame 1403637190.7883189
Dropping frame 1403637191.0383191
Dropping frame 1403637191.138319
Dropping frame 1403637191.2383192
Dropping frame 1403637191.4383192
Dropping frame 1403637191.5383191
Dropping frame 1403637191.638319
Dropping frame 1403637191.8383191
Dropping frame 1403637192.0383191
Dropping frame 1403637192.138319
Dropping frame 1403637192.2383192
Dropping frame 1403637192.4883189
Dropping frame 1403637192.5883191
Dropping frame 1403637192.688319
Dropping frame 1403637192.888319
Dropping frame 1403637192.9883189
Dropping frame 1403637193.0883191
Dropping frame 1403637193.2883189
Dropping frame 1403637193.388319
Dropping frame 1403637193.4883189
Dropping frame 1403637193.7383192
Dropping frame 1403637193.8383191
Dropping frame 1403637194.0883191
Dropping frame 1403637194.688319
Dropping frame 1403637194.888319
Dropping frame 1403637194.9883189
Dropping frame 1403637195.2383192
Dropping frame 1403637195.3383191
Dropping frame 1403637195.5883191
Dropping frame 1403637195.688319
Dropping frame 1403637195.7883189
Dropping frame 1403637195.9883189
Dropping frame 1403637196.0883191
Dropping frame 1403637196.188319
Dropping frame 1403637196.388319
Dropping frame 1403637196.5383191
Dropping frame 1403637196.7383192
Dropping frame 1403637196.8383191
Dropping frame 1403637196.9383192
Dropping frame 1403637197.138319
Dropping frame 1403637197.2383192
Dropping frame 1403637197.3383191
Dropping frame 1403637197.5383191
Dropping frame 1403637197.638319
Dropping frame 1403637197.7383192
Dropping frame 1403637198.0883191
Dropping frame 1403637198.188319
Dropping frame 1403637198.2883189
Dropping frame 1403637198.4883189
Dropping frame 1403637198.5883191
Dropping frame 1403637198.688319
Dropping frame 1403637198.888319
Dropping frame 1403637198.9883189
Dropping frame 1403637199.4883189
Dropping frame 1403637199.5883191
Dropping frame 1403637199.688319
Dropping frame 1403637199.888319
Dropping frame 1403637199.9883189
Dropping frame 1403637200.0883191
Dropping frame 1403637200.2883189
Dropping frame 1403637200.4883189
Dropping frame 1403637200.688319
Dropping frame 1403637200.7883189
Dropping frame 1403637200.888319
Dropping frame 1403637200.9883189
Dropping frame 1403637201.188319
Dropping frame 1403637201.2883189
Dropping frame 1403637201.4883189
Dropping frame 1403637201.688319
Dropping frame 1403637201.7883189
Dropping frame 1403637201.888319
Dropping frame 1403637201.9883189
Dropping frame 1403637202.0883191
Dropping frame 1403637202.188319
Dropping frame 1403637202.388319
Dropping frame 1403637202.5883191
Dropping frame 1403637202.7883189
Dropping frame 1403637202.888319
Dropping frame 1403637202.9883189
Dropping frame 1403637203.0883191
Dropping frame 1403637203.2883189
Dropping frame 1403637203.4883189
Dropping frame 1403637203.5883191
Dropping frame 1403637203.688319
Dropping frame 1403637203.7883189
Dropping frame 1403637203.888319
Dropping frame 1403637203.9883189
Dropping frame 1403637204.188319
Dropping frame 1403637204.388319
Dropping frame 1403637204.5883191
Dropping frame 1403637204.688319
Dropping frame 1403637204.7883189
Dropping frame 1403637204.9883189
Dropping frame 1403637205.0883191
Dropping frame 1403637205.188319
Dropping frame 1403637205.388319
Dropping frame 1403637205.4883189
Dropping frame 1403637205.5883191
Dropping frame 1403637205.7883189
Dropping frame 1403637205.9883189
Dropping frame 1403637206.188319
Dropping frame 1403637206.2883189
Dropping frame 1403637206.388319
Dropping frame 1403637206.5883191
Dropping frame 1403637206.688319
Dropping frame 1403637206.8383191
Dropping frame 1403637207.0383191
Dropping frame 1403637207.138319
Dropping frame 1403637207.2383192
Dropping frame 1403637207.5383191
Dropping frame 1403637207.638319
Dropping frame 1403637207.8383191
Dropping frame 1403637208.0383191
Dropping frame 1403637208.138319
Dropping frame 1403637208.2383192
Dropping frame 1403637208.3383191
Dropping frame 1403637208.5383191
Dropping frame 1403637208.638319
Dropping frame 1403637208.7383192
Dropping frame 1403637208.888319
Dropping frame 1403637209.188319
Dropping frame 1403637209.2883189
Dropping frame 1403637209.388319
Dropping frame 1403637209.5883191
Dropping frame 1403637209.688319
Dropping frame 1403637209.7883189
Dropping frame 1403637209.888319
Dropping frame 1403637209.9883189
Dropping frame 1403637210.188319
Dropping frame 1403637210.2883189
Dropping frame 1403637210.388319
Dropping frame 1403637210.4883189
Dropping frame 1403637210.688319
Dropping frame 1403637210.7883189
Dropping frame 1403637210.888319
Dropping frame 1403637210.9883189
Dropping frame 1403637211.0883191
Dropping frame 1403637211.2883189
Dropping frame 1403637211.388319
Dropping frame 1403637211.4883189
Dropping frame 1403637211.5883191
Dropping frame 1403637211.688319
Dropping frame 1403637211.888319
Dropping frame 1403637211.9883189
Dropping frame 1403637212.138319
Dropping frame 1403637212.388319
Dropping frame 1403637212.4883189
Dropping frame 1403637212.5883191
Dropping frame 1403637212.7883189
Dropping frame 1403637212.888319
Dropping frame 1403637212.9883189
Dropping frame 1403637213.188319
Dropping frame 1403637213.2883189
Dropping frame 1403637213.388319
Dropping frame 1403637213.4883189
Dropping frame 1403637213.5883191
Dropping frame 1403637213.688319
Dropping frame 1403637213.7883189
Dropping frame 1403637213.888319
Dropping frame 1403637213.9883189
Dropping frame 1403637214.0883191
Dropping frame 1403637214.2883189
Dropping frame 1403637214.4883189
Dropping frame 1403637214.5883191
Dropping frame 1403637214.688319
Dropping frame 1403637214.7883189
Dropping frame 1403637214.888319
Dropping frame 1403637215.0883191
Dropping frame 1403637215.2883189
Dropping frame 1403637215.388319
Dropping frame 1403637215.4883189
Dropping frame 1403637215.688319
Dropping frame 1403637215.7883189
Dropping frame 1403637215.888319
Dropping frame 1403637215.9883189
Dropping frame 1403637216.2383192
Dropping frame 1403637216.4383192
Dropping frame 1403637216.5383191
Dropping frame 1403637216.638319
Dropping frame 1403637216.7383192
Dropping frame 1403637216.8383191
Dropping frame 1403637216.9383192
Dropping frame 1403637217.0383191
Dropping frame 1403637217.2883189
Dropping frame 1403637217.388319
Dropping frame 1403637217.8383191
Dropping frame 1403637217.9383192
Dropping frame 1403637218.138319
Dropping frame 1403637218.3383191
Dropping frame 1403637218.4383192
Dropping frame 1403637218.638319
Dropping frame 1403637218.7883189
Dropping frame 1403637218.888319
Dropping frame 1403637219.2883189
Dropping frame 1403637219.4383192
Dropping frame 1403637219.5383191
Dropping frame 1403637219.688319
Dropping frame 1403637219.7883189
Dropping frame 1403637219.888319
Dropping frame 1403637219.9883189
Dropping frame 1403637220.0883191
Dropping frame 1403637220.188319
Dropping frame 1403637220.2883189
Dropping frame 1403637220.388319
Dropping frame 1403637220.4883189
Dropping frame 1403637220.688319
Dropping frame 1403637220.888319
Dropping frame 1403637220.9883189
Dropping frame 1403637221.0883191
Dropping frame 1403637221.188319
Dropping frame 1403637221.388319
Dropping frame 1403637221.5883191
Dropping frame 1403637221.688319
Dropping frame 1403637221.7883189
Dropping frame 1403637221.888319
Dropping frame 1403637222.0883191
Dropping frame 1403637222.188319
Dropping frame 1403637222.2883189
Dropping frame 1403637222.388319
Dropping frame 1403637222.4883189
Dropping frame 1403637222.688319
Dropping frame 1403637222.888319
Dropping frame 1403637222.9883189
Dropping frame 1403637223.0883191
Dropping frame 1403637223.188319
Dropping frame 1403637223.388319
Dropping frame 1403637223.5883191
Dropping frame 1403637223.688319
Dropping frame 1403637223.7883189
Dropping frame 1403637223.9883189
Dropping frame 1403637224.5883191
Dropping frame 1403637224.7883189
Dropping frame 1403637224.9883189
Dropping frame 1403637225.2883189
Dropping frame 1403637225.4883189
Dropping frame 1403637225.688319
Dropping frame 1403637225.7883189
Dropping frame 1403637225.888319
Dropping frame 1403637225.9883189
Dropping frame 1403637226.188319
Dropping frame 1403637226.2883189
Dropping frame 1403637226.388319
Dropping frame 1403637226.4883189
Dropping frame 1403637226.5883191
Dropping frame 1403637226.7883189
Dropping frame 1403637226.888319
Dropping frame 1403637226.9883189
Dropping frame 1403637227.0883191
Dropping frame 1403637227.2883189
Dropping frame 1403637227.4883189
Dropping frame 1403637227.5883191
Dropping frame 1403637227.688319
Dropping frame 1403637227.7883189
Dropping frame 1403637227.9883189
Dropping frame 1403637228.188319
Dropping frame 1403637228.388319
Dropping frame 1403637228.4883189
Dropping frame 1403637228.5883191
Dropping frame 1403637228.7883189
Dropping frame 1403637228.9883189
Dropping frame 1403637229.188319
Dropping frame 1403637229.2883189
Dropping frame 1403637229.5383191
Dropping frame 1403637229.638319
Dropping frame 1403637229.888319
Dropping frame 1403637230.0883191
Dropping frame 1403637230.2883189
Dropping frame 1403637230.388319
Dropping frame 1403637230.4883189
Dropping frame 1403637230.5883191
Dropping frame 1403637230.7883189
Dropping frame 1403637230.9883189
Dropping frame 1403637231.188319
Dropping frame 1403637231.2883189
Dropping frame 1403637231.388319
Dropping frame 1403637231.5883191
Dropping frame 1403637231.7883189
Dropping frame 1403637231.9883189
Dropping frame 1403637232.0883191
Dropping frame 1403637232.188319
Dropping frame 1403637232.388319
Dropping frame 1403637232.5883191
Dropping frame 1403637232.7883189
Dropping frame 1403637232.888319
Dropping frame 1403637232.9883189
Dropping frame 1403637233.0883191
Dropping frame 1403637233.2883189
Dropping frame 1403637233.4883189
Dropping frame 1403637233.5883191
Dropping frame 1403637233.688319
Dropping frame 1403637233.7883189
Dropping frame 1403637233.9883189
Dropping frame 1403637234.0883191
Dropping frame 1403637234.188319
Dropping frame 1403637234.3383191
Dropping frame 1403637234.4883189
Dropping frame 1403637234.888319
Dropping frame 1403637234.9883189
Dropping frame 1403637235.2383192
Dropping frame 1403637235.4383192
Dropping frame 1403637235.5383191
Dropping frame 1403637235.638319
Dropping frame 1403637235.888319
Dropping frame 1403637236.0883191
Dropping frame 1403637236.188319
Dropping frame 1403637236.2883189
Dropping frame 1403637236.388319
Dropping frame 1403637236.5883191
Dropping frame 1403637236.7883189
Dropping frame 1403637236.9883189
Dropping frame 1403637237.0883191
Dropping frame 1403637237.3383191
Dropping frame 1403637237.5383191
Dropping frame 1403637237.7383192
Dropping frame 1403637237.8383191
Dropping frame 1403637238.0883191
Dropping frame 1403637238.5883191
Dropping frame 1403637238.7883189
Dropping frame 1403637238.9883189
Dropping frame 1403637239.2883189
Dropping frame 1403637239.4883189
Dropping frame 1403637239.688319
Dropping frame 1403637239.9883189
Dropping frame 1403637240.188319
Dropping frame 1403637240.388319
Dropping frame 1403637240.4883189
Dropping frame 1403637240.5883191
Dropping frame 1403637240.688319
Dropping frame 1403637240.7883189
Dropping frame 1403637241.0383191
Dropping frame 1403637241.2383192
Dropping frame 1403637241.4383192
Dropping frame 1403637241.5383191
Dropping frame 1403637241.638319
Dropping frame 1403637241.9883189
Dropping frame 1403637242.188319
Dropping frame 1403637242.4883189
Dropping frame 1403637242.688319
Dropping frame 1403637242.888319
Dropping frame 1403637243.3383191
Dropping frame 1403637243.5383191
Dropping frame 1403637243.7383192
Dropping frame 1403637243.888319
Dropping frame 1403637244.0883191
Dropping frame 1403637244.2883189
Dropping frame 1403637244.4883189
Dropping frame 1403637244.8383191
Dropping frame 1403637245.0883191
Dropping frame 1403637245.5383191
Dropping frame 1403637245.7383192
Dropping frame 1403637245.9383192
Dropping frame 1403637246.0383191
Dropping frame 1403637246.138319
Dropping frame 1403637246.3383191
Dropping frame 1403637246.5383191
Dropping frame 1403637246.638319
Dropping frame 1403637246.888319
Dropping frame 1403637246.9883189
Dropping frame 1403637247.0883191
Dropping frame 1403637247.2883189
Dropping frame 1403637247.4883189
Dropping frame 1403637247.688319
Dropping frame 1403637247.888319
Dropping frame 1403637248.0883191
Dropping frame 1403637248.2883189
Dropping frame 1403637248.388319
Dropping frame 1403637248.4883189
Dropping frame 1403637248.688319
Dropping frame 1403637248.7883189
Dropping frame 1403637248.888319
Dropping frame 1403637249.0883191
Dropping frame 1403637249.2383192
Dropping frame 1403637249.4383192
Dropping frame 1403637249.638319
Dropping frame 1403637249.8383191
Dropping frame 1403637250.0383191
Dropping frame 1403637250.138319
Dropping frame 1403637250.2383192
Dropping frame 1403637250.4383192
Dropping frame 1403637250.5383191
Dropping frame 1403637250.638319
Dropping frame 1403637250.8383191
Dropping frame 1403637251.0383191
Dropping frame 1403637251.2383192
Dropping frame 1403637251.4383192
Dropping frame 1403637251.638319
Dropping frame 1403637251.8383191
Dropping frame 1403637251.9383192
Dropping frame 1403637252.0383191
Dropping frame 1403637252.2383192
Dropping frame 1403637252.3383191
Dropping frame 1403637252.4383192
Dropping frame 1403637252.638319
Dropping frame 1403637252.7383192
Dropping frame 1403637252.8383191
Dropping frame 1403637253.0383191
Dropping frame 1403637253.2383192
Dropping frame 1403637253.4383192
Dropping frame 1403637253.5383191
Dropping frame 1403637253.638319
Dropping frame 1403637253.8383191
Dropping frame 1403637254.0383191
Dropping frame 1403637254.2383192
Dropping frame 1403637254.3383191
Dropping frame 1403637254.4383192
Dropping frame 1403637254.638319
Dropping frame 1403637254.8383191
Dropping frame 1403637255.0383191
Dropping frame 1403637255.138319
Dropping frame 1403637255.2383192
Dropping frame 1403637255.4383192
Dropping frame 1403637255.5383191
Dropping frame 1403637255.638319
Dropping frame 1403637255.8383191
Dropping frame 1403637255.9383192
Dropping frame 1403637256.0383191
Dropping frame 1403637256.2383192
Dropping frame 1403637256.4383192
Dropping frame 1403637256.638319
Dropping frame 1403637256.7383192
Dropping frame 1403637256.8383191
Dropping frame 1403637257.0383191
Dropping frame 1403637257.2383192
Dropping frame 1403637257.3383191
Dropping frame 1403637257.5383191
Dropping frame 1403637257.638319
Dropping frame 1403637257.7383192
Dropping frame 1403637257.9383192
Dropping frame 1403637258.138319
Dropping frame 1403637258.3383191
Dropping frame 1403637258.4383192
Dropping frame 1403637258.5383191
Dropping frame 1403637258.638319
Dropping frame 1403637258.7383192
Dropping frame 1403637258.9383192
Dropping frame 1403637259.138319
Dropping frame 1403637259.2383192
Dropping frame 1403637259.3383191
Dropping frame 1403637259.5383191
Dropping frame 1403637259.638319
Dropping frame 1403637259.7383192
Dropping frame 1403637259.9383192
Dropping frame 1403637260.138319
Dropping frame 1403637260.3383191
Dropping frame 1403637260.5383191
Dropping frame 1403637260.638319
Dropping frame 1403637260.7383192
Dropping frame 1403637260.9383192
Dropping frame 1403637261.138319
Dropping frame 1403637261.3383191
Dropping frame 1403637261.4383192
Dropping frame 1403637261.638319
Dropping frame 1403637261.7383192
Dropping frame 1403637261.8383191
Dropping frame 1403637261.9383192
Dropping frame 1403637262.0383191
Dropping frame 1403637262.5383191
Dropping frame 1403637262.638319
Dropping frame 1403637263.0383191
Dropping frame 1403637263.2383192
Dropping frame 1403637263.4383192
Dropping frame 1403637263.638319
Dropping frame 1403637263.7383192
Dropping frame 1403637263.8383191
Dropping frame 1403637264.0383191
Dropping frame 1403637264.2383192
Dropping frame 1403637264.4383192
Dropping frame 1403637264.638319
Dropping frame 1403637264.7383192
Dropping frame 1403637264.8383191
Dropping frame 1403637265.0383191
Dropping frame 1403637265.2383192
Dropping frame 1403637265.4383192
Shutdown
SLAM Finished at System Time: 1732014594.48396

 TIME STATS in ms (mean$\pm$std)
OpenCV version: 4.8.1
---------------------------
Tracking

ORB Extraction: 20.476$\pm$2.6976
Stereo Matching: 7.9668$\pm$1.9931
IMU Preintegration: 0.25282$\pm$0.10046
Pose Prediction: 0.79972$\pm$1.906
LM Track: 19.095$\pm$6.4734
New KF decision: 1.4605$\pm$2.6358
Total Tracking: 31.616$\pm$27.631



Local Mapping

KF Insertion: 15.781$\pm$5.4273
MP Culling: 0.60556$\pm$0.28943
MP Creation: 47.908$\pm$20.22
LBA: 154.95$\pm$62.676
KF Culling: 14.789$\pm$10.812
Total Local Mapping: 231.98$\pm$92.605
---------------------------

LBA complexity (mean$\pm$std)
LBA Edges: 1659.2$\pm$603.66
LBA KF optimized: 6.5$\pm$2.2913
LBA KF fixed: 1$\pm$0
LBA MP: nan$\pm$nan

LBA executions: 435
LBA aborts: 0
---------------------------

Map complexity
KFs in map: 150
MPs in map: 11281
---------------------------

Place Recognition (mean$\pm$std)
Database Query: 2.3178$\pm$1.2963
SE3 estimation: 29.073$\pm$17.432
Total Place Recognition: 23.591$\pm$20.883


Loop Closing (mean$\pm$std)
Loop Fusion: nan$\pm$nan
Essential Graph: nan$\pm$nan
Total Loop Closing: nan$\pm$nan

Num exec: 0
Number of KFs: nan$\pm$nan

Map Merging (mean$\pm$std)
Merge Maps: nan$\pm$nan
Welding BA: nan$\pm$nan
Optimization Ess.: nan$\pm$nan
Total Map Merging: nan$\pm$nan

Num exec: 0
Number of KFs: nan$\pm$nan
Number of MPs: nan$\pm$nan

Full GBA (mean$\pm$std)
GBA: nan$\pm$nan
Map Update: nan$\pm$nan
Total Full GBA: nan$\pm$nan

Num exec: 0
Num abort: 0
Number of KFs: nan$\pm$nan
Number of MPs: nan$\pm$nan

Saving trajectory to f_dataset-MH03_stereo_imu.txt ...
There are 1 maps in the atlas
  Map 0 has 150 KFs

End of saving trajectory to f_dataset-MH03_stereo_imu.txt ...

Saving keyframe trajectory to kf_dataset-MH03_stereo_imu.txt ...
