num_seq = 1
file name: dataset-MH05_stereo_imu
Loading images for sequence 0...LOADED!
Loading IMU for sequence 0...LOADED!

-------

ORB-SLAM3 Copyright (C) 2017-2020 Carlos Campos, Richard Elvira, Juan J. Gómez, José M.M. Montiel and Juan D. Tardós, University of Zaragoza.
ORB-SLAM2 Copyright (C) 2014-2016 Raúl Mur-Artal, José M.M. Montiel and Juan D. Tardós, University of Zaragoza.
This program comes with ABSOLUTELY NO WARRANTY;
This is free software, and you are welcome to redistribute it
under certain conditions. See LICENSE.txt.

Built with REGISTER_TIMES
Git Commit Hash: e54774f

Build Type: Release

Compiled with C++ version: 201703

Input sensor was set to: Stereo-Inertial
Loading settings from EuRoC_fov_mask_4x4.yaml
	-Loaded camera 1
	-Loaded camera 2
	-Loaded image info
	-Loaded IMU calibration
	-Loaded ORB settings
	-Loaded viewer settings
	-Loaded Atlas settings
FOV enabled
Static mask size: 4x4
Dumping map points enabled
	-Loaded misc parameters
	-Computed rectification maps
----------------------------------
SLAM settings: 
	-Camera 1 parameters (Pinhole): [ 458.65399169921875 457.29598999023438 367.21499633789062 248.375 ]
	-Camera 1 distortion parameters: [  -0.28340810537338257 0.073959067463874817 0.00019359000725671649 1.7618711353861727e-05 ]
	-Camera 2 parameters (Pinhole: [ 457.58700561523438 456.13400268554688 379.99899291992188 255.23800659179688 ]
	-Camera 1 distortion parameters: [  -0.2836836576461792 0.074512839317321777 -0.00010473000293131918 -3.555907096597366e-05 ]
	-Original image size: [ 752 , 480 ]
	-Current image size: [ 752 , 480 ]
	-Camera 1 parameters after rectification: [  456.71499633789062 456.71499633789062 364.52615356445312 257.268798828125 ]
	-Sequence FPS: 20
	-Stereo baseline: 0.11007784307003021
	-Stereo depth threshold : 60
	-Gyro noise: 0.00016999999934341758
	-Accelerometer noise: 0.0020000000949949026
	-Gyro walk: 1.9392999092815444e-05
	-Accelerometer walk: 0.0030000000260770321
	-IMU frequency: 200
	-Features per image: 1200
	-ORB scale factor: 1.2000000476837158
	-ORB number of scales: 8
	-Initial FAST threshold: 20
	-Min FAST threshold: 7


Loading ORB Vocabulary. This could take a while...
Vocabulary loaded!

Initialization of Atlas from scratch 
Creation of new map with id: 0
Creation of new map with last KF id: 0
Seq. Name: 
There are 1 cameras in the atlas
Camera 0 is pinhole
SLAM Started at System Time: 1735349784.98306
not IMU meas
not IMU meas
not enough acceleration
not enough acceleration
not enough acceleration
not enough acceleration
not enough acceleration
not enough acceleration
not enough acceleration
not enough acceleration
not enough acceleration
not enough acceleration
not enough acceleration
not enough acceleration
not enough acceleration
not enough acceleration
not enough acceleration
not enough acceleration
not enough acceleration
not enough acceleration
not enough acceleration
not enough acceleration
not enough acceleration
not enough acceleration
not enough acceleration
not enough acceleration
not enough acceleration
not enough acceleration
not enough acceleration
not enough acceleration
not enough acceleration
not enough acceleration
not enough acceleration
not enough acceleration
not enough acceleration
not enough acceleration
not enough acceleration
not enough acceleration
not enough acceleration
not enough acceleration
not enough acceleration
not enough acceleration
not enough acceleration
not enough acceleration
not enough acceleration
not enough acceleration
not enough acceleration
not enough acceleration
not enough acceleration
not enough acceleration
not enough acceleration
not enough acceleration
not enough acceleration
not enough acceleration
not enough acceleration
not enough acceleration
not enough acceleration
not enough acceleration
not enough acceleration
not enough acceleration
not enough acceleration
not enough acceleration
not enough acceleration
not enough acceleration
not enough acceleration
not enough acceleration
not enough acceleration
not enough acceleration
not enough acceleration
not enough acceleration
not enough acceleration
not enough acceleration
not enough acceleration
not enough acceleration
not enough acceleration
not enough acceleration
not enough acceleration
not enough acceleration
not enough acceleration
not enough acceleration
First KF:0; Map init KF:0
New Map created with 83 points
Active map: 0
start VIBA 1
end VIBA 1
Not enough motion for initializing. Reseting...
TRACK: Reset map because local mapper set the bad imu flag 
LM: Active map reset recieved
LM: Active map reset, waiting...
LM: Reseting current map in Local Mapping...
LM: End reseting Local Mapping...
LM: Reset free the mutex
LM: Active map reset, Done!!!
mnFirstFrameId = 80
mnInitialFrameId = 0
188 Frames set to lost
not IMU meas
not enough acceleration
not enough acceleration
not enough acceleration
not enough acceleration
not enough acceleration
not enough acceleration
not enough acceleration
not enough acceleration
not enough acceleration
not enough acceleration
not enough acceleration
not enough acceleration
not enough acceleration
not enough acceleration
not enough acceleration
not enough acceleration
not enough acceleration
not enough acceleration
not enough acceleration
not enough acceleration
not enough acceleration
not enough acceleration
not enough acceleration
not enough acceleration
not enough acceleration
not enough acceleration
not enough acceleration
not enough acceleration
not enough acceleration
not enough acceleration
not enough acceleration
not enough acceleration
not enough acceleration
not enough acceleration
not enough acceleration
not enough acceleration
not enough acceleration
not enough acceleration
not enough acceleration
not enough acceleration
not enough acceleration
not enough acceleration
not enough acceleration
not enough acceleration
not enough acceleration
not enough acceleration
not enough acceleration
not enough acceleration
not enough acceleration
not enough acceleration
not enough acceleration
not enough acceleration
not enough acceleration
not enough acceleration
not enough acceleration
not enough acceleration
not enough acceleration
not enough acceleration
not enough acceleration
not enough acceleration
not enough acceleration
not enough acceleration
not enough acceleration
not enough acceleration
not enough acceleration
not enough acceleration
not enough acceleration
not enough acceleration
not enough acceleration
not enough acceleration
not enough acceleration
not enough acceleration
not enough acceleration
not enough acceleration
not enough acceleration
not enough acceleration
not enough acceleration
not enough acceleration
not enough acceleration
not enough acceleration
not enough acceleration
not enough acceleration
not enough acceleration
not enough acceleration
not enough acceleration
not enough acceleration
not enough acceleration
not enough acceleration
not enough acceleration
not enough acceleration
not enough acceleration
not enough acceleration
not enough acceleration
not enough acceleration
not enough acceleration
not enough acceleration
not enough acceleration
not enough acceleration
not enough acceleration
not enough acceleration
not enough acceleration
not enough acceleration
not enough acceleration
not enough acceleration
not enough acceleration
not enough acceleration
not enough acceleration
not enough acceleration
not enough acceleration
not enough acceleration
not enough acceleration
not enough acceleration
not enough acceleration
not enough acceleration
not enough acceleration
not enough acceleration
not enough acceleration
not enough acceleration
not enough acceleration
not enough acceleration
not enough acceleration
not enough acceleration
not enough acceleration
not enough acceleration
not enough acceleration
not enough acceleration
not enough acceleration
not enough acceleration
not enough acceleration
not enough acceleration
not enough acceleration
not enough acceleration
not enough acceleration
not enough acceleration
not enough acceleration
not enough acceleration
not enough acceleration
not enough acceleration
not enough acceleration
not enough acceleration
not enough acceleration
not enough acceleration
not enough acceleration
not enough acceleration
First KF:46; Map init KF:0
New Map created with 112 points
Active map: 0
start VIBA 1
end VIBA 1
start VIBA 2
end VIBA 2
*Loop detected
phi = -0.0064237414685016985  -0.010548037314732703 -0.0031234752423179978
BAD LOOP!!!
*Loop detected
phi = -0.0092518550488287447 -0.0012823236445928617  0.0012044866598241004
BAD LOOP!!!
*Loop detected
phi = -0.014817355794503453 0.0029310504849028533 0.0056302233088974573
BAD LOOP!!!
*Loop detected
phi = -0.0030175682480424954  -0.004502996120264841 -0.0078342009846243919
Local Mapping STOP
Local Mapping RELEASE
Local Mapping STOP
Local Mapping RELEASE
*Loop detected
phi =  0.092189030831780955 -0.040896617334633602   -0.1320678602742679
BAD LOOP!!!
*Loop detected
phi =   0.051540306580727481 -0.0015037607684264746  -0.098664496368001425
BAD LOOP!!!
*Loop detected
phi =  0.04637786090109601 0.012464402325474511 -0.07672600965082553
BAD LOOP!!!
*Loop detected
phi =  0.047839958026752699 0.0059604316622834603 -0.075973559315084843
BAD LOOP!!!
*Loop detected
phi =  0.057323111946960506 0.0019696680461611825 -0.087961837578178548
BAD LOOP!!!
*Loop detected
phi =  0.044464987333116955 0.0087923222590968655 -0.080478775283224252
BAD LOOP!!!
*Loop detected
phi =  0.040261261546456983  0.013468430844037937 -0.080841515948070583
BAD LOOP!!!
*Loop detected
phi =   0.04077150444791048  0.011752283603941075 -0.085802808759303406
BAD LOOP!!!
*Loop detected
phi =  0.039881032412598799  0.012322261729087861 -0.082002110577662615
BAD LOOP!!!
*Loop detected
phi = 0.039689884263308911 0.018500945424232945 -0.06828706121468664
BAD LOOP!!!
*Loop detected
phi =  0.042836515539916395  0.014742031352766666 -0.075423886751514957
BAD LOOP!!!
*Loop detected
phi =  0.053682161252808377 0.0042301963914970217 -0.079062002554908889
BAD LOOP!!!
*Loop detected
phi =  0.046484984791439324  0.012973325531942245 -0.077222809913358434
BAD LOOP!!!
*Loop detected
phi =  0.044142781119512364  0.015892508257166971 -0.073690258012657911
BAD LOOP!!!
*Loop detected
phi =   0.07677790920041512  0.041245390063941269 -0.047517176263491105
BAD LOOP!!!
*Loop detected
phi =  0.039336393678324637  0.026704367387593686 -0.058022496954557835
BAD LOOP!!!
*Loop detected
phi =   0.03027660440255656  0.020756277622203414 -0.080141731262579952
BAD LOOP!!!
*Loop detected
phi =  0.013128909690439597  0.030663153784754753 -0.074666698429236344
BAD LOOP!!!
*Loop detected
phi = 0.063150039443376452 0.031343300913768676 -0.04255249819174621
BAD LOOP!!!
Shutdown
SLAM Finished at System Time: 1735349909.98526

 TIME STATS in ms (mean$\pm$std)
OpenCV version: 4.6.0
---------------------------
Tracking

ORB Extraction: 8.6154$\pm$1.5742
Stereo Matching: 4.842$\pm$2.1071
IMU Preintegration: 0.12884$\pm$0.078724
Pose Prediction: 0.16656$\pm$0.5845
LM Track: 8.7565$\pm$3.6045
New KF decision: 1.1037$\pm$2.0824
Total Tracking: 25.672$\pm$7.718



Local Mapping

KF Insertion: 6.1127$\pm$2.2713
MP Culling: 0.19114$\pm$0.11269
MP Creation: 21.455$\pm$9.7084
LBA: 98.568$\pm$45.557
KF Culling: 5.8885$\pm$5.0434
Total Local Mapping: 132.54$\pm$59.455
---------------------------

LBA complexity (mean$\pm$std)
LBA Edges: 2201.6$\pm$1224.7
LBA KF optimized: 6.5$\pm$2.2913
LBA KF fixed: 1$\pm$0
LBA MP: -nan$\pm$-nan

LBA executions: 536
LBA aborts: 1
---------------------------

Map complexity
KFs in map: 252
MPs in map: 21789
---------------------------

Place Recognition (mean$\pm$std)
Database Query: 0.79375$\pm$0.48175
SE3 estimation: 11.729$\pm$7.7491
Total Place Recognition: 10.031$\pm$8.7869


Loop Closing (mean$\pm$std)
Loop Fusion: 20.389$\pm$0
Essential Graph: 73.85$\pm$0
Total Loop Closing: 109.89$\pm$0

Num exec: 1
Number of KFs: -nan$\pm$-nan

Map Merging (mean$\pm$std)
Merge Maps: -nan$\pm$-nan
Welding BA: -nan$\pm$-nan
Optimization Ess.: -nan$\pm$-nan
Total Map Merging: -nan$\pm$-nan

Num exec: 0
Number of KFs: -nan$\pm$-nan
Number of MPs: -nan$\pm$-nan

Full GBA (mean$\pm$std)
GBA: 1251.1$\pm$0
Map Update: 100.63$\pm$0
Total Full GBA: 1351.7$\pm$0

Num exec: 1
Num abort: 0
Number of KFs: 165$\pm$0
Number of MPs: 15012$\pm$0

Saving trajectory to f_dataset-MH05_stereo_imu.txt ...
There are 1 maps in the atlas
  Map 0 has 252 KFs

End of saving trajectory to f_dataset-MH05_stereo_imu.txt ...

Saving keyframe trajectory to kf_dataset-MH05_stereo_imu.txt ...
