num_seq = 1
file name: dataset-MH03_stereo_imu
Loading images for sequence 0...LOADED!
Loading IMU for sequence 0...LOADED!

-------

ORB-SLAM3 Copyright (C) 2017-2020 Carlos Campos, Richard Elvira, Juan J. Gómez, José M.M. Montiel and Juan D. Tardós, University of Zaragoza.
ORB-SLAM2 Copyright (C) 2014-2016 Raúl Mur-Artal, José M.M. Montiel and Juan D. Tardós, University of Zaragoza.
This program comes with ABSOLUTELY NO WARRANTY;
This is free software, and you are welcome to redistribute it
under certain conditions. See LICENSE.txt.

Built with REGISTER_TIMES
Git Commit Hash: 5ee9387

Compiled with C++ version: 201703

Input sensor was set to: Stereo-Inertial
Loading settings from ./Examples/Stereo-Inertial/EuRoC_fov_deadlines_mask_10x10.yaml
	-Loaded camera 1
	-Loaded camera 2
	-Loaded image info
	-Loaded IMU calibration
	-Loaded ORB settings
	-Loaded viewer settings
	-Loaded Atlas settings
Deadlines enabled, will skip frames!
FOV enabled
Static mask size: 10x10
Dumping map points enabled
	-Loaded misc parameters
	-Computed rectification maps
----------------------------------
SLAM settings: 
	-Camera 1 parameters (Pinhole): [ 458.65399169921875 457.29598999023438 367.21499633789062 248.375 ]
	-Camera 1 distortion parameters: [  -0.28340810537338257 0.073959067463874817 0.00019359000725671649 1.7618711353861727e-05 ]
	-Camera 2 parameters (Pinhole: [ 457.58700561523438 456.13400268554688 379.99899291992188 255.23800659179688 ]
	-Camera 1 distortion parameters: [  -0.2836836576461792 0.074512839317321777 -0.00010473000293131918 -3.555907096597366e-05 ]
	-Original image size: [ 752 , 480 ]
	-Current image size: [ 752 , 480 ]
	-Camera 1 parameters after rectification: [  456.71499633789062 456.71499633789062 364.52615356445312 257.268798828125 ]
	-Sequence FPS: 20
	-Stereo baseline: 0.11007784307003021
	-Stereo depth threshold : 60
	-Gyro noise: 0.00016999999934341758
	-Accelerometer noise: 0.0020000000949949026
	-Gyro walk: 1.9392999092815444e-05
	-Accelerometer walk: 0.0030000000260770321
	-IMU frequency: 200
	-Features per image: 1200
	-ORB scale factor: 1.2000000476837158
	-ORB number of scales: 8
	-Initial FAST threshold: 20
	-Min FAST threshold: 7


Loading ORB Vocabulary. This could take a while...
Vocabulary loaded!

Initialization of Atlas from scratch 
Creation of new map with id: 0
Creation of new map with last KF id: 0
Seq. Name: 
There are 1 cameras in the atlas
Camera 0 is pinhole
SLAM Started at System Time: 1734435796.57555
not IMU meas
not IMU meas
not enough acceleration
not enough acceleration
First KF:0; Map init KF:0
New Map created with 251 points
Active map: 0
Dropping frame 1403637130.8383191
Not enough motion for initializing. Reseting...
TRACK: Reset map because local mapper set the bad imu flag 
LM: Reseting current map in Local Mapping...
LM: End reseting Local Mapping...
LM: Reset free the mutex
LM: Active map reset recieved
LM: Active map reset, waiting...
LM: Reseting current map in Local Mapping...
LM: End reseting Local Mapping...
LM: Reset free the mutex
LM: Active map reset, Done!!!
mnFirstFrameId = 4
mnInitialFrameId = 0
52 Frames set to lost
not IMU meas
Dropping frame 1403637133.4883189
First KF:11; Map init KF:0
New Map created with 272 points
Active map: 0
Dropping frame 1403637133.8383191
Dropping frame 1403637134.2383192
Dropping frame 1403637134.388319
Dropping frame 1403637134.5883191
Dropping frame 1403637134.8383191
Dropping frame 1403637135.0883191
Dropping frame 1403637135.188319
Dropping frame 1403637135.2883189
Dropping frame 1403637135.4883189
Dropping frame 1403637135.638319
Dropping frame 1403637135.888319
Dropping frame 1403637136.0883191
Dropping frame 1403637136.5883191
Dropping frame 1403637136.888319
Dropping frame 1403637136.9883189
Dropping frame 1403637137.188319
Dropping frame 1403637137.3383191
Dropping frame 1403637137.4383192
Dropping frame 1403637137.638319
Dropping frame 1403637137.7383192
Dropping frame 1403637137.8383191
Dropping frame 1403637138.0383191
Dropping frame 1403637138.138319
start VIBA 1
end VIBA 1
Dropping frame 1403637139.0383191
Dropping frame 1403637139.2383192
Dropping frame 1403637139.3383191
Dropping frame 1403637139.5883191
Dropping frame 1403637139.688319
Dropping frame 1403637139.888319
Not enough motion for initializing. Reseting...
TRACK: Reset map because local mapper set the bad imu flag 
LM: Reseting current map in Local Mapping...
LM: End reseting Local Mapping...
LM: Reset free the mutex
LM: Active map reset recieved
LM: Active map reset, waiting...
LM: Reseting current map in Local Mapping...
LM: End reseting Local Mapping...
LM: Reset free the mutex
LM: Active map reset, Done!!!
mnFirstFrameId = 58
mnInitialFrameId = 56
153 Frames set to lost
not IMU meas
Dropping frame 1403637140.138319
First KF:39; Map init KF:11
New Map created with 275 points
Active map: 0
Dropping frame 1403637140.2383192
Dropping frame 1403637140.4383192
Dropping frame 1403637140.638319
Dropping frame 1403637140.8383191
Dropping frame 1403637141.138319
Dropping frame 1403637141.3383191
Dropping frame 1403637141.4383192
Dropping frame 1403637141.688319
Dropping frame 1403637141.8383191
Dropping frame 1403637142.0383191
Dropping frame 1403637142.138319
Dropping frame 1403637142.5883191
Dropping frame 1403637142.688319
Dropping frame 1403637142.9383192
Not enough motion for initializing. Reseting...
TRACK: Reset map because local mapper set the bad imu flag 
LM: Reseting current map in Local Mapping...
LM: End reseting Local Mapping...
LM: Reset free the mutex
LM: Active map reset recieved
LM: Active map reset, waiting...
LM: Reseting current map in Local Mapping...
LM: End reseting Local Mapping...
LM: Reset free the mutex
LM: Active map reset, Done!!!
mnFirstFrameId = 161
mnInitialFrameId = 159
201 Frames set to lost
not IMU meas
not enough acceleration
not enough acceleration
not enough acceleration
not enough acceleration
not enough acceleration
not enough acceleration
not enough acceleration
not enough acceleration
not enough acceleration
not enough acceleration
not enough acceleration
not enough acceleration
not enough acceleration
not enough acceleration
not enough acceleration
not enough acceleration
not enough acceleration
not enough acceleration
Dropping frame 1403637144.2883189
not enough acceleration
not enough acceleration
not enough acceleration
not enough acceleration
not enough acceleration
not enough acceleration
First KF:50; Map init KF:39
New Map created with 286 points
Active map: 0
Dropping frame 1403637145.2383192
Not enough motion for initializing. Reseting...
TRACK: Reset map because local mapper set the bad imu flag 
LM: Reseting current map in Local Mapping...
LM: End reseting Local Mapping...
LM: Reset free the mutex
LM: Active map reset recieved
LM: Active map reset, waiting...
LM: Reseting current map in Local Mapping...
LM: End reseting Local Mapping...
LM: Reset free the mutex
LM: Active map reset, Done!!!
mnFirstFrameId = 235
mnInitialFrameId = 209
256 Frames set to lost
not IMU meas
not enough acceleration
not enough acceleration
not enough acceleration
not enough acceleration
not enough acceleration
not enough acceleration
not enough acceleration
not enough acceleration
not enough acceleration
not enough acceleration
not enough acceleration
not enough acceleration
not enough acceleration
not enough acceleration
not enough acceleration
not enough acceleration
not enough acceleration
not enough acceleration
not enough acceleration
not enough acceleration
not enough acceleration
not enough acceleration
not enough acceleration
not enough acceleration
not enough acceleration
not enough acceleration
not enough acceleration
not enough acceleration
not enough acceleration
not enough acceleration
not enough acceleration
not enough acceleration
not enough acceleration
not enough acceleration
not enough acceleration
not enough acceleration
not enough acceleration
not enough acceleration
not enough acceleration
Dropping frame 1403637149.4883189
not enough acceleration
First KF:61; Map init KF:50
New Map created with 240 points
Active map: 0
Dropping frame 1403637154.5883191
start VIBA 1
end VIBA 1
Dropping frame 1403637155.5883191
Dropping frame 1403637155.888319
Dropping frame 1403637156.188319
Dropping frame 1403637156.388319
Dropping frame 1403637156.5383191
Dropping frame 1403637156.7383192
Dropping frame 1403637156.888319
Dropping frame 1403637156.9883189
Dropping frame 1403637157.138319
Dropping frame 1403637157.2883189
Dropping frame 1403637157.388319
Dropping frame 1403637157.5883191
Dropping frame 1403637157.7883189
Dropping frame 1403637157.9383192
Dropping frame 1403637158.138319
Dropping frame 1403637158.2883189
Dropping frame 1403637158.4383192
Dropping frame 1403637158.5383191
Dropping frame 1403637158.688319
Dropping frame 1403637158.7883189
Dropping frame 1403637158.888319
Dropping frame 1403637158.9883189
Dropping frame 1403637159.0883191
Dropping frame 1403637159.188319
Dropping frame 1403637159.2883189
Dropping frame 1403637159.4383192
Dropping frame 1403637159.5383191
Dropping frame 1403637159.638319
Dropping frame 1403637159.7883189
Dropping frame 1403637159.888319
Dropping frame 1403637160.0883191
Dropping frame 1403637160.188319
Dropping frame 1403637160.2883189
Dropping frame 1403637160.388319
Dropping frame 1403637160.4883189
Dropping frame 1403637160.638319
Dropping frame 1403637160.7383192
Dropping frame 1403637160.9383192
Dropping frame 1403637161.0383191
Dropping frame 1403637161.138319
Dropping frame 1403637161.3383191
Dropping frame 1403637161.4383192
Dropping frame 1403637161.5383191
Dropping frame 1403637161.638319
Dropping frame 1403637161.7383192
Dropping frame 1403637161.9383192
Dropping frame 1403637162.0383191
Dropping frame 1403637162.138319
Dropping frame 1403637162.2383192
Dropping frame 1403637162.3383191
Dropping frame 1403637162.5383191
Dropping frame 1403637162.7383192
Dropping frame 1403637162.8383191
Dropping frame 1403637162.9383192
Dropping frame 1403637163.0383191
Dropping frame 1403637163.138319
Dropping frame 1403637163.2383192
Dropping frame 1403637163.3383191
Dropping frame 1403637163.4383192
Dropping frame 1403637163.688319
Dropping frame 1403637163.7883189
Dropping frame 1403637163.888319
Dropping frame 1403637163.9883189
Dropping frame 1403637164.4383192
Dropping frame 1403637164.9383192
start VIBA 2
Dropping frame 1403637165.138319
Dropping frame 1403637165.2383192
end VIBA 2
Dropping frame 1403637165.3383191
Dropping frame 1403637165.5383191
Dropping frame 1403637165.638319
Dropping frame 1403637165.8383191
Dropping frame 1403637166.0383191
Dropping frame 1403637166.2883189
Dropping frame 1403637166.388319
Dropping frame 1403637166.5883191
Dropping frame 1403637166.7883189
Dropping frame 1403637166.888319
Dropping frame 1403637166.9883189
Dropping frame 1403637167.188319
Dropping frame 1403637167.2883189
Dropping frame 1403637167.5383191
Dropping frame 1403637167.638319
Dropping frame 1403637167.8383191
Dropping frame 1403637167.9383192
Dropping frame 1403637168.0383191
Dropping frame 1403637168.2383192
Dropping frame 1403637168.3383191
Dropping frame 1403637168.7383192
Dropping frame 1403637169.138319
Dropping frame 1403637169.4883189
Dropping frame 1403637169.9883189
Dropping frame 1403637170.2383192
Dropping frame 1403637170.4383192
Dropping frame 1403637170.638319
Dropping frame 1403637170.8383191
Dropping frame 1403637170.9383192
Dropping frame 1403637171.138319
Dropping frame 1403637171.3383191
Dropping frame 1403637171.638319
Dropping frame 1403637172.138319
Dropping frame 1403637172.3383191
Dropping frame 1403637172.4383192
Dropping frame 1403637172.7883189
Dropping frame 1403637172.888319
Dropping frame 1403637172.9883189
Dropping frame 1403637173.3383191
Dropping frame 1403637173.5383191
Dropping frame 1403637173.638319
Dropping frame 1403637173.888319
Dropping frame 1403637174.2383192
Dropping frame 1403637174.4383192
Dropping frame 1403637174.638319
Dropping frame 1403637174.7383192
Dropping frame 1403637174.9883189
Dropping frame 1403637175.188319
Dropping frame 1403637175.388319
Dropping frame 1403637175.5883191
Dropping frame 1403637175.7883189
Dropping frame 1403637175.888319
Dropping frame 1403637175.9883189
Dropping frame 1403637176.188319
Dropping frame 1403637176.2883189
Dropping frame 1403637176.388319
Dropping frame 1403637176.5883191
Dropping frame 1403637176.7883189
Dropping frame 1403637176.9883189
Dropping frame 1403637177.188319
Dropping frame 1403637177.388319
Dropping frame 1403637177.5883191
Dropping frame 1403637177.7883189
Dropping frame 1403637177.9883189
Dropping frame 1403637178.0883191
Dropping frame 1403637178.388319
Dropping frame 1403637178.5883191
Dropping frame 1403637178.7883189
Dropping frame 1403637178.9883189
Dropping frame 1403637179.0883191
Dropping frame 1403637179.2883189
Dropping frame 1403637179.638319
Dropping frame 1403637179.7383192
Dropping frame 1403637179.9883189
Dropping frame 1403637180.0883191
Dropping frame 1403637180.7883189
Dropping frame 1403637181.0883191
Dropping frame 1403637181.2883189
Dropping frame 1403637181.4883189
Dropping frame 1403637181.7883189
Dropping frame 1403637182.0883191
Dropping frame 1403637182.4383192
Dropping frame 1403637182.638319
Dropping frame 1403637183.3383191
Dropping frame 1403637183.5383191
Dropping frame 1403637183.638319
Dropping frame 1403637183.888319
Dropping frame 1403637184.0883191
Dropping frame 1403637184.188319
Dropping frame 1403637184.4883189
Dropping frame 1403637184.688319
Dropping frame 1403637184.8383191
Dropping frame 1403637185.188319
Dropping frame 1403637185.388319
Dropping frame 1403637185.5383191
Dropping frame 1403637185.7383192
Dropping frame 1403637185.9383192
Dropping frame 1403637186.0383191
Dropping frame 1403637186.2383192
Dropping frame 1403637186.5383191
Dropping frame 1403637186.638319
Dropping frame 1403637186.8383191
Dropping frame 1403637186.9383192
Dropping frame 1403637187.188319
Dropping frame 1403637187.4383192
Dropping frame 1403637187.5383191
Dropping frame 1403637187.7383192
Dropping frame 1403637187.8383191
Dropping frame 1403637187.9383192
Dropping frame 1403637188.138319
Dropping frame 1403637188.2383192
Dropping frame 1403637188.5383191
Dropping frame 1403637188.638319
Dropping frame 1403637188.7383192
Dropping frame 1403637188.8383191
Dropping frame 1403637189.0383191
Dropping frame 1403637189.138319
Dropping frame 1403637189.388319
Dropping frame 1403637189.4883189
Dropping frame 1403637189.5883191
Dropping frame 1403637189.7883189
Dropping frame 1403637190.0883191
Dropping frame 1403637190.2883189
Dropping frame 1403637190.4383192
Dropping frame 1403637190.7383192
Dropping frame 1403637190.9383192
Dropping frame 1403637191.0883191
Dropping frame 1403637191.388319
Dropping frame 1403637191.4883189
Dropping frame 1403637191.688319
Dropping frame 1403637191.7883189
Dropping frame 1403637191.9883189
Dropping frame 1403637192.188319
Dropping frame 1403637192.3383191
Dropping frame 1403637192.5383191
Dropping frame 1403637192.7383192
Dropping frame 1403637192.8383191
Dropping frame 1403637193.0883191
Dropping frame 1403637193.2883189
Dropping frame 1403637193.4883189
Dropping frame 1403637193.688319
Dropping frame 1403637194.388319
Dropping frame 1403637194.5883191
Dropping frame 1403637194.688319
Dropping frame 1403637194.9883189
Dropping frame 1403637195.2883189
Dropping frame 1403637195.4883189
Dropping frame 1403637195.5883191
Dropping frame 1403637195.8383191
Dropping frame 1403637195.9383192
Dropping frame 1403637196.188319
Dropping frame 1403637196.388319
Dropping frame 1403637196.4883189
Dropping frame 1403637196.5883191
Dropping frame 1403637196.8383191
Dropping frame 1403637196.9383192
Dropping frame 1403637197.0383191
Dropping frame 1403637197.2383192
Dropping frame 1403637197.3383191
Dropping frame 1403637197.4383192
Dropping frame 1403637197.638319
Dropping frame 1403637197.7383192
Dropping frame 1403637197.8383191
Dropping frame 1403637198.0383191
Dropping frame 1403637198.138319
Dropping frame 1403637198.2383192
Dropping frame 1403637198.4383192
Dropping frame 1403637198.638319
Dropping frame 1403637198.8383191
Dropping frame 1403637198.9383192
Dropping frame 1403637199.0383191
Dropping frame 1403637199.2383192
Dropping frame 1403637199.4383192
Dropping frame 1403637199.638319
Dropping frame 1403637199.7383192
Dropping frame 1403637199.8383191
Dropping frame 1403637200.0383191
Dropping frame 1403637200.138319
Dropping frame 1403637200.2383192
Dropping frame 1403637200.4383192
Dropping frame 1403637200.5383191
Dropping frame 1403637200.638319
Dropping frame 1403637200.8383191
Dropping frame 1403637200.9383192
Dropping frame 1403637201.0383191
Dropping frame 1403637201.2383192
Dropping frame 1403637201.3383191
Dropping frame 1403637201.4383192
Dropping frame 1403637201.638319
Dropping frame 1403637201.7883189
Dropping frame 1403637201.9883189
Dropping frame 1403637202.0883191
Dropping frame 1403637202.188319
Dropping frame 1403637202.388319
Dropping frame 1403637202.4883189
Dropping frame 1403637202.7383192
Dropping frame 1403637202.9383192
Dropping frame 1403637203.0383191
Dropping frame 1403637203.138319
Dropping frame 1403637203.4383192
Dropping frame 1403637203.5383191
Dropping frame 1403637203.638319
Dropping frame 1403637203.8383191
Dropping frame 1403637203.9383192
Dropping frame 1403637204.0383191
Dropping frame 1403637204.4883189
Dropping frame 1403637204.688319
Dropping frame 1403637204.7883189
Dropping frame 1403637204.888319
Dropping frame 1403637205.0883191
Dropping frame 1403637205.2383192
Dropping frame 1403637205.3383191
Dropping frame 1403637205.4883189
Dropping frame 1403637205.688319
Dropping frame 1403637205.888319
Dropping frame 1403637205.9883189
Dropping frame 1403637206.0883191
Dropping frame 1403637206.188319
Dropping frame 1403637206.388319
Dropping frame 1403637206.5883191
Dropping frame 1403637206.688319
Dropping frame 1403637206.7883189
Dropping frame 1403637206.9883189
Dropping frame 1403637207.188319
Dropping frame 1403637207.2883189
Dropping frame 1403637207.4383192
Dropping frame 1403637207.5383191
Dropping frame 1403637207.7383192
Dropping frame 1403637207.8383191
Dropping frame 1403637207.9383192
Dropping frame 1403637208.0383191
Dropping frame 1403637208.138319
Dropping frame 1403637208.3383191
Dropping frame 1403637208.4883189
Dropping frame 1403637208.688319
Dropping frame 1403637208.8383191
Dropping frame 1403637209.0383191
Dropping frame 1403637209.138319
Dropping frame 1403637209.2383192
Dropping frame 1403637209.3383191
Dropping frame 1403637209.5883191
Dropping frame 1403637209.688319
Dropping frame 1403637209.7883189
Dropping frame 1403637209.888319
Dropping frame 1403637209.9883189
Dropping frame 1403637210.188319
Dropping frame 1403637210.2883189
Dropping frame 1403637210.388319
Dropping frame 1403637210.4883189
Dropping frame 1403637210.5883191
Dropping frame 1403637210.688319
Dropping frame 1403637210.888319
Dropping frame 1403637210.9883189
Dropping frame 1403637211.0883191
Dropping frame 1403637211.2883189
Dropping frame 1403637211.388319
Dropping frame 1403637211.4883189
Dropping frame 1403637211.638319
Dropping frame 1403637211.7383192
Dropping frame 1403637211.8383191
Dropping frame 1403637211.9383192
Dropping frame 1403637212.0383191
Dropping frame 1403637212.138319
Dropping frame 1403637212.2883189
Dropping frame 1403637212.388319
Dropping frame 1403637212.5883191
Dropping frame 1403637212.688319
Dropping frame 1403637212.7883189
Dropping frame 1403637212.9883189
Dropping frame 1403637213.188319
Dropping frame 1403637213.2883189
Dropping frame 1403637213.388319
Dropping frame 1403637213.4883189
Dropping frame 1403637213.688319
Dropping frame 1403637213.7883189
Dropping frame 1403637213.888319
Dropping frame 1403637214.0883191
Dropping frame 1403637214.2883189
Dropping frame 1403637214.388319
Dropping frame 1403637214.4883189
Dropping frame 1403637214.5883191
Dropping frame 1403637214.688319
Dropping frame 1403637214.888319
Dropping frame 1403637214.9883189
Dropping frame 1403637215.0883191
Dropping frame 1403637215.2883189
Dropping frame 1403637215.388319
Dropping frame 1403637215.5883191
Dropping frame 1403637215.688319
Dropping frame 1403637215.7883189
Dropping frame 1403637215.888319
Dropping frame 1403637215.9883189
Dropping frame 1403637216.0883191
Dropping frame 1403637216.2883189
Dropping frame 1403637216.388319
Dropping frame 1403637216.4883189
Dropping frame 1403637216.688319
Dropping frame 1403637216.7883189
Dropping frame 1403637216.9883189
Dropping frame 1403637217.0883191
Dropping frame 1403637217.188319
Dropping frame 1403637217.388319
Dropping frame 1403637217.4883189
Dropping frame 1403637217.5883191
Dropping frame 1403637217.7883189
Dropping frame 1403637217.9883189
Dropping frame 1403637218.0883191
Dropping frame 1403637218.188319
Dropping frame 1403637218.388319
Dropping frame 1403637218.4883189
Dropping frame 1403637218.5883191
Dropping frame 1403637218.688319
Dropping frame 1403637218.7883189
Dropping frame 1403637218.9883189
Dropping frame 1403637219.188319
Dropping frame 1403637219.3383191
Dropping frame 1403637219.5383191
Dropping frame 1403637219.7383192
Dropping frame 1403637220.0883191
Dropping frame 1403637220.188319
Dropping frame 1403637220.2883189
Dropping frame 1403637220.388319
Dropping frame 1403637220.5883191
Dropping frame 1403637220.7883189
Dropping frame 1403637220.888319
Dropping frame 1403637220.9883189
Dropping frame 1403637221.188319
Dropping frame 1403637221.388319
Dropping frame 1403637221.5883191
Dropping frame 1403637221.688319
Dropping frame 1403637221.7883189
Dropping frame 1403637221.9883189
Dropping frame 1403637222.188319
Dropping frame 1403637222.2883189
Dropping frame 1403637222.388319
Dropping frame 1403637222.4883189
Dropping frame 1403637222.5883191
Dropping frame 1403637222.7883189
Dropping frame 1403637222.9883189
Dropping frame 1403637223.188319
Dropping frame 1403637223.388319
Dropping frame 1403637223.4883189
Dropping frame 1403637223.5883191
Dropping frame 1403637223.7883189
Dropping frame 1403637223.9883189
Dropping frame 1403637224.0883191
Dropping frame 1403637224.188319
Dropping frame 1403637224.2883189
Dropping frame 1403637224.4883189
Dropping frame 1403637224.688319
Dropping frame 1403637224.888319
Dropping frame 1403637224.9883189
Dropping frame 1403637225.0883191
Dropping frame 1403637225.2883189
Dropping frame 1403637225.388319
Dropping frame 1403637225.5383191
Dropping frame 1403637225.7883189
Dropping frame 1403637225.888319
Dropping frame 1403637225.9883189
Dropping frame 1403637226.188319
Dropping frame 1403637226.2883189
Dropping frame 1403637226.4883189
Dropping frame 1403637226.5883191
Dropping frame 1403637226.688319
Dropping frame 1403637226.9883189
Dropping frame 1403637227.0883191
Dropping frame 1403637227.188319
Dropping frame 1403637227.388319
Dropping frame 1403637227.638319
Dropping frame 1403637227.7383192
Dropping frame 1403637227.8383191
Dropping frame 1403637227.9383192
Dropping frame 1403637228.188319
Dropping frame 1403637228.388319
Dropping frame 1403637228.4883189
Dropping frame 1403637228.5883191
Dropping frame 1403637228.7883189
Dropping frame 1403637228.9883189
Dropping frame 1403637229.0883191
Dropping frame 1403637229.188319
Dropping frame 1403637229.388319
Dropping frame 1403637229.4883189
Dropping frame 1403637229.5883191
Dropping frame 1403637229.7883189
Dropping frame 1403637229.888319
Dropping frame 1403637230.0883191
Dropping frame 1403637230.188319
Dropping frame 1403637230.2883189
Dropping frame 1403637230.4883189
Dropping frame 1403637230.5883191
Dropping frame 1403637230.688319
Dropping frame 1403637230.888319
Dropping frame 1403637231.0883191
Dropping frame 1403637231.188319
Dropping frame 1403637231.3383191
Dropping frame 1403637231.5383191
Dropping frame 1403637231.638319
Dropping frame 1403637231.888319
Dropping frame 1403637231.9883189
Dropping frame 1403637232.0883191
Dropping frame 1403637232.2883189
Dropping frame 1403637232.388319
Dropping frame 1403637232.4883189
Dropping frame 1403637232.688319
Dropping frame 1403637232.9383192
Dropping frame 1403637233.0383191
Dropping frame 1403637233.3383191
Dropping frame 1403637233.638319
Dropping frame 1403637233.7383192
Dropping frame 1403637233.8383191
Dropping frame 1403637234.0383191
Dropping frame 1403637234.2383192
Dropping frame 1403637234.3383191
Dropping frame 1403637234.4383192
Dropping frame 1403637234.7383192
Dropping frame 1403637234.8383191
Dropping frame 1403637234.9383192
Dropping frame 1403637235.2383192
Dropping frame 1403637235.3383191
Dropping frame 1403637235.4383192
Dropping frame 1403637235.638319
Dropping frame 1403637235.8383191
Dropping frame 1403637236.3383191
Dropping frame 1403637236.4383192
Dropping frame 1403637236.7383192
Dropping frame 1403637236.8383191
Dropping frame 1403637237.0883191
Dropping frame 1403637237.2883189
Dropping frame 1403637237.4883189
Dropping frame 1403637237.638319
Dropping frame 1403637237.7383192
Dropping frame 1403637237.9383192
Dropping frame 1403637238.138319
Dropping frame 1403637238.3383191
Dropping frame 1403637238.4383192
Dropping frame 1403637238.688319
Dropping frame 1403637238.888319
Dropping frame 1403637239.0883191
Dropping frame 1403637239.188319
Dropping frame 1403637239.2883189
Dropping frame 1403637239.4883189
Dropping frame 1403637239.688319
Dropping frame 1403637239.888319
Dropping frame 1403637239.9883189
Dropping frame 1403637240.0883191
Dropping frame 1403637240.2883189
Dropping frame 1403637240.4883189
Dropping frame 1403637240.688319
Dropping frame 1403637240.7883189
Dropping frame 1403637240.888319
Dropping frame 1403637241.0883191
Dropping frame 1403637241.188319
Dropping frame 1403637241.4883189
Dropping frame 1403637241.5883191
Dropping frame 1403637241.7883189
Dropping frame 1403637241.9883189
Dropping frame 1403637242.188319
Dropping frame 1403637242.3383191
Dropping frame 1403637242.5383191
Dropping frame 1403637242.638319
Dropping frame 1403637242.9383192
Dropping frame 1403637243.188319
Dropping frame 1403637243.388319
Dropping frame 1403637243.5883191
Dropping frame 1403637243.888319
Dropping frame 1403637244.2383192
Dropping frame 1403637244.3383191
Dropping frame 1403637244.7383192
Dropping frame 1403637244.9383192
Dropping frame 1403637245.0383191
Dropping frame 1403637245.2883189
Dropping frame 1403637245.4883189
Dropping frame 1403637245.688319
Dropping frame 1403637245.7883189
Dropping frame 1403637245.888319
Dropping frame 1403637246.0883191
Dropping frame 1403637246.2883189
Dropping frame 1403637246.4883189
Dropping frame 1403637246.5883191
Dropping frame 1403637246.688319
Dropping frame 1403637246.888319
Dropping frame 1403637247.138319
Dropping frame 1403637247.2383192
Dropping frame 1403637247.3383191
Dropping frame 1403637247.5383191
Dropping frame 1403637247.7383192
Dropping frame 1403637247.9383192
Dropping frame 1403637248.0383191
Dropping frame 1403637248.138319
Dropping frame 1403637248.3383191
Dropping frame 1403637248.5383191
Dropping frame 1403637248.638319
Dropping frame 1403637248.7383192
Dropping frame 1403637248.8383191
Dropping frame 1403637249.0383191
Dropping frame 1403637249.138319
Dropping frame 1403637249.2383192
Dropping frame 1403637249.4383192
Dropping frame 1403637249.638319
Dropping frame 1403637249.8383191
Dropping frame 1403637249.9383192
Dropping frame 1403637250.0383191
Dropping frame 1403637250.138319
Dropping frame 1403637250.2383192
Dropping frame 1403637250.4383192
Dropping frame 1403637250.638319
Dropping frame 1403637250.8383191
Dropping frame 1403637250.9383192
Dropping frame 1403637251.0383191
Dropping frame 1403637251.2383192
Dropping frame 1403637251.4383192
Dropping frame 1403637251.638319
Dropping frame 1403637251.7383192
Dropping frame 1403637251.8383191
Dropping frame 1403637251.9383192
Dropping frame 1403637252.0383191
Dropping frame 1403637252.138319
Dropping frame 1403637252.2383192
Dropping frame 1403637252.3383191
Dropping frame 1403637252.5383191
Dropping frame 1403637252.638319
Dropping frame 1403637252.7383192
Dropping frame 1403637252.9383192
Dropping frame 1403637253.138319
Dropping frame 1403637253.3383191
Dropping frame 1403637253.4383192
Dropping frame 1403637253.5383191
Dropping frame 1403637253.7383192
Dropping frame 1403637253.8383191
Dropping frame 1403637254.0383191
Dropping frame 1403637254.2383192
Dropping frame 1403637254.3383191
Dropping frame 1403637254.5383191
Dropping frame 1403637254.638319
Dropping frame 1403637254.7383192
Dropping frame 1403637254.9383192
Dropping frame 1403637255.0883191
Dropping frame 1403637255.2883189
Dropping frame 1403637255.4883189
Dropping frame 1403637255.688319
Dropping frame 1403637255.888319
Dropping frame 1403637255.9883189
Dropping frame 1403637256.0883191
Dropping frame 1403637256.2883189
Dropping frame 1403637256.388319
Dropping frame 1403637256.4883189
Dropping frame 1403637256.688319
Dropping frame 1403637256.888319
Dropping frame 1403637257.0883191
Dropping frame 1403637257.188319
Dropping frame 1403637257.2883189
Dropping frame 1403637257.4883189
Dropping frame 1403637257.5883191
Dropping frame 1403637257.688319
Dropping frame 1403637257.888319
Dropping frame 1403637258.0883191
Dropping frame 1403637258.188319
Dropping frame 1403637258.388319
Dropping frame 1403637258.5883191
Dropping frame 1403637258.688319
Dropping frame 1403637258.7883189
Dropping frame 1403637258.9883189
Dropping frame 1403637259.188319
Dropping frame 1403637259.388319
Dropping frame 1403637259.5883191
Dropping frame 1403637259.7883189
Dropping frame 1403637259.888319
Dropping frame 1403637259.9883189
Dropping frame 1403637260.188319
Dropping frame 1403637260.2883189
Dropping frame 1403637260.4883189
Dropping frame 1403637260.5883191
Dropping frame 1403637260.688319
Dropping frame 1403637260.888319
Dropping frame 1403637260.9883189
Dropping frame 1403637261.188319
Dropping frame 1403637261.2883189
Dropping frame 1403637261.388319
Dropping frame 1403637261.5883191
Dropping frame 1403637261.7883189
Dropping frame 1403637261.9883189
Dropping frame 1403637262.188319
Dropping frame 1403637262.2883189
Fail to track local map!
Dropping frame 1403637262.388319
Fail to track local map!
Dropping frame 1403637262.4883189
Fail to track local map!
Fail to track local map!
Fail to track local map!
Dropping frame 1403637262.688319
Fail to track local map!
Dropping frame 1403637262.888319
Dropping frame 1403637263.0883191
Dropping frame 1403637263.2883189
Dropping frame 1403637263.4883189
Dropping frame 1403637263.5883191
Dropping frame 1403637263.688319
Dropping frame 1403637263.888319
Dropping frame 1403637264.0883191
Dropping frame 1403637264.2883189
Dropping frame 1403637264.4883189
Dropping frame 1403637264.688319
Dropping frame 1403637264.888319
Dropping frame 1403637264.9883189
Dropping frame 1403637265.0883191
Dropping frame 1403637265.2883189
Dropping frame 1403637265.4883189
Shutdown
SLAM Finished at System Time: 1734435962.83076

 TIME STATS in ms (mean$\pm$std)
OpenCV version: 4.8.1
---------------------------
Tracking

ORB Extraction: 19.564$\pm$2.6303
Stereo Matching: 8.0732$\pm$1.9052
IMU Preintegration: 0.24389$\pm$0.095353
Pose Prediction: 0.79657$\pm$1.9126
LM Track: 19.302$\pm$6.6414
New KF decision: 1.4839$\pm$2.644
Total Tracking: 31.161$\pm$27.365



Local Mapping

KF Insertion: 15.677$\pm$5.904
MP Culling: 0.60699$\pm$0.2786
MP Creation: 47.958$\pm$19.827
LBA: 154.57$\pm$67.58
KF Culling: 15.285$\pm$11.252
Total Local Mapping: 232.12$\pm$96.669
---------------------------

LBA complexity (mean$\pm$std)
LBA Edges: 1636.7$\pm$618.9
LBA KF optimized: 6.5$\pm$2.2913
LBA KF fixed: 1$\pm$0
LBA MP: nan$\pm$nan

LBA executions: 439
LBA aborts: 0
---------------------------

Map complexity
KFs in map: 148
MPs in map: 10983
---------------------------

Place Recognition (mean$\pm$std)
Database Query: 2.2358$\pm$1.1923
SE3 estimation: 29.884$\pm$17.439
Total Place Recognition: 23.973$\pm$21.086


Loop Closing (mean$\pm$std)
Loop Fusion: nan$\pm$nan
Essential Graph: nan$\pm$nan
Total Loop Closing: nan$\pm$nan

Num exec: 0
Number of KFs: nan$\pm$nan

Map Merging (mean$\pm$std)
Merge Maps: nan$\pm$nan
Welding BA: nan$\pm$nan
Optimization Ess.: nan$\pm$nan
Total Map Merging: nan$\pm$nan

Num exec: 0
Number of KFs: nan$\pm$nan
Number of MPs: nan$\pm$nan

Full GBA (mean$\pm$std)
GBA: nan$\pm$nan
Map Update: nan$\pm$nan
Total Full GBA: nan$\pm$nan

Num exec: 0
Num abort: 0
Number of KFs: nan$\pm$nan
Number of MPs: nan$\pm$nan

Saving trajectory to f_dataset-MH03_stereo_imu.txt ...
There are 1 maps in the atlas
  Map 0 has 148 KFs

End of saving trajectory to f_dataset-MH03_stereo_imu.txt ...

Saving keyframe trajectory to kf_dataset-MH03_stereo_imu.txt ...
