num_seq = 1
file name: dataset-MH05_stereo_imu
Loading images for sequence 0...LOADED!
Loading IMU for sequence 0...LOADED!

-------

ORB-SLAM3 Copyright (C) 2017-2020 Carlos Campos, Richard Elvira, Juan J. Gómez, José M.M. Montiel and Juan D. Tardós, University of Zaragoza.
ORB-SLAM2 Copyright (C) 2014-2016 Raúl Mur-Artal, José M.M. Montiel and Juan D. Tardós, University of Zaragoza.
This program comes with ABSOLUTELY NO WARRANTY;
This is free software, and you are welcome to redistribute it
under certain conditions. See LICENSE.txt.

Built with REGISTER_TIMES
Git Commit Hash: 5ee9387

Compiled with C++ version: 201703

Input sensor was set to: Stereo-Inertial
Loading settings from ./Examples/Stereo-Inertial/EuRoC_fov_deadlines_mask_5x5.yaml
	-Loaded camera 1
	-Loaded camera 2
	-Loaded image info
	-Loaded IMU calibration
	-Loaded ORB settings
	-Loaded viewer settings
	-Loaded Atlas settings
Deadlines enabled, will skip frames!
FOV enabled
Static mask size: 5x5
Dumping map points enabled
	-Loaded misc parameters
	-Computed rectification maps
----------------------------------
SLAM settings: 
	-Camera 1 parameters (Pinhole): [ 458.65399169921875 457.29598999023438 367.21499633789062 248.375 ]
	-Camera 1 distortion parameters: [  -0.28340810537338257 0.073959067463874817 0.00019359000725671649 1.7618711353861727e-05 ]
	-Camera 2 parameters (Pinhole: [ 457.58700561523438 456.13400268554688 379.99899291992188 255.23800659179688 ]
	-Camera 1 distortion parameters: [  -0.2836836576461792 0.074512839317321777 -0.00010473000293131918 -3.555907096597366e-05 ]
	-Original image size: [ 752 , 480 ]
	-Current image size: [ 752 , 480 ]
	-Camera 1 parameters after rectification: [  456.71499633789062 456.71499633789062 364.52615356445312 257.268798828125 ]
	-Sequence FPS: 20
	-Stereo baseline: 0.11007784307003021
	-Stereo depth threshold : 60
	-Gyro noise: 0.00016999999934341758
	-Accelerometer noise: 0.0020000000949949026
	-Gyro walk: 1.9392999092815444e-05
	-Accelerometer walk: 0.0030000000260770321
	-IMU frequency: 200
	-Features per image: 1200
	-ORB scale factor: 1.2000000476837158
	-ORB number of scales: 8
	-Initial FAST threshold: 20
	-Min FAST threshold: 7


Loading ORB Vocabulary. This could take a while...
Vocabulary loaded!

Initialization of Atlas from scratch 
Creation of new map with id: 0
Creation of new map with last KF id: 0
Seq. Name: 
There are 1 cameras in the atlas
Camera 0 is pinhole
SLAM Started at System Time: 1734431799.83617
not IMU meas
not IMU meas
not enough acceleration
not enough acceleration
not enough acceleration
not enough acceleration
not enough acceleration
not enough acceleration
not enough acceleration
not enough acceleration
not enough acceleration
not enough acceleration
not enough acceleration
not enough acceleration
not enough acceleration
not enough acceleration
not enough acceleration
not enough acceleration
not enough acceleration
not enough acceleration
not enough acceleration
not enough acceleration
not enough acceleration
not enough acceleration
not enough acceleration
not enough acceleration
not enough acceleration
not enough acceleration
not enough acceleration
not enough acceleration
not enough acceleration
not enough acceleration
not enough acceleration
not enough acceleration
not enough acceleration
not enough acceleration
not enough acceleration
not enough acceleration
not enough acceleration
not enough acceleration
not enough acceleration
not enough acceleration
not enough acceleration
not enough acceleration
not enough acceleration
not enough acceleration
not enough acceleration
not enough acceleration
not enough acceleration
not enough acceleration
not enough acceleration
not enough acceleration
not enough acceleration
not enough acceleration
not enough acceleration
not enough acceleration
not enough acceleration
not enough acceleration
not enough acceleration
not enough acceleration
not enough acceleration
not enough acceleration
not enough acceleration
not enough acceleration
not enough acceleration
not enough acceleration
not enough acceleration
not enough acceleration
not enough acceleration
not enough acceleration
not enough acceleration
not enough acceleration
not enough acceleration
not enough acceleration
not enough acceleration
not enough acceleration
not enough acceleration
not enough acceleration
not enough acceleration
not enough acceleration
First KF:0; Map init KF:0
New Map created with 83 points
Active map: 0
start VIBA 1
end VIBA 1
Not enough motion for initializing. Reseting...
TRACK: Reset map because local mapper set the bad imu flag 
LM: Active map reset recieved
LM: Active map reset, waiting...
LM: Reseting current map in Local Mapping...
LM: End reseting Local Mapping...
LM: Reset free the mutex
LM: Active map reset, Done!!!
mnFirstFrameId = 80
mnInitialFrameId = 0
191 Frames set to lost
not IMU meas
Dropping frame 1403638531.7278295
not enough acceleration
not enough acceleration
not enough acceleration
not enough acceleration
not enough acceleration
not enough acceleration
not enough acceleration
not enough acceleration
not enough acceleration
not enough acceleration
not enough acceleration
not enough acceleration
not enough acceleration
not enough acceleration
not enough acceleration
not enough acceleration
not enough acceleration
not enough acceleration
not enough acceleration
not enough acceleration
not enough acceleration
not enough acceleration
not enough acceleration
not enough acceleration
not enough acceleration
not enough acceleration
not enough acceleration
not enough acceleration
not enough acceleration
not enough acceleration
not enough acceleration
not enough acceleration
not enough acceleration
not enough acceleration
not enough acceleration
not enough acceleration
not enough acceleration
not enough acceleration
not enough acceleration
not enough acceleration
not enough acceleration
not enough acceleration
not enough acceleration
not enough acceleration
not enough acceleration
not enough acceleration
not enough acceleration
not enough acceleration
not enough acceleration
not enough acceleration
not enough acceleration
not enough acceleration
not enough acceleration
not enough acceleration
not enough acceleration
not enough acceleration
not enough acceleration
not enough acceleration
not enough acceleration
not enough acceleration
not enough acceleration
not enough acceleration
not enough acceleration
not enough acceleration
not enough acceleration
not enough acceleration
not enough acceleration
not enough acceleration
not enough acceleration
not enough acceleration
not enough acceleration
not enough acceleration
not enough acceleration
not enough acceleration
not enough acceleration
not enough acceleration
not enough acceleration
not enough acceleration
not enough acceleration
not enough acceleration
not enough acceleration
not enough acceleration
not enough acceleration
not enough acceleration
not enough acceleration
not enough acceleration
not enough acceleration
not enough acceleration
not enough acceleration
not enough acceleration
not enough acceleration
not enough acceleration
not enough acceleration
not enough acceleration
not enough acceleration
not enough acceleration
not enough acceleration
not enough acceleration
not enough acceleration
not enough acceleration
not enough acceleration
not enough acceleration
not enough acceleration
not enough acceleration
not enough acceleration
not enough acceleration
not enough acceleration
not enough acceleration
not enough acceleration
not enough acceleration
not enough acceleration
not enough acceleration
not enough acceleration
not enough acceleration
not enough acceleration
not enough acceleration
not enough acceleration
not enough acceleration
not enough acceleration
not enough acceleration
not enough acceleration
not enough acceleration
not enough acceleration
not enough acceleration
not enough acceleration
not enough acceleration
not enough acceleration
not enough acceleration
not enough acceleration
not enough acceleration
not enough acceleration
not enough acceleration
not enough acceleration
not enough acceleration
not enough acceleration
not enough acceleration
not enough acceleration
not enough acceleration
not enough acceleration
not enough acceleration
First KF:41; Map init KF:0
New Map created with 116 points
Active map: 0
Dropping frame 1403638540.4278295
Dropping frame 1403638540.7278295
Dropping frame 1403638540.8278296
Dropping frame 1403638541.0278294
Dropping frame 1403638541.2278295
Dropping frame 1403638541.4278295
Dropping frame 1403638541.5778294
Dropping frame 1403638541.7778294
Dropping frame 1403638541.8778293
Dropping frame 1403638542.1278296
Dropping frame 1403638542.2278295
Dropping frame 1403638542.3278296
Dropping frame 1403638542.5278294
Dropping frame 1403638542.6278296
Dropping frame 1403638542.8278296
Dropping frame 1403638542.9278295
Dropping frame 1403638543.1778293
Dropping frame 1403638543.3778293
Dropping frame 1403638543.4778295
Dropping frame 1403638543.5778294
Dropping frame 1403638543.8278296
Dropping frame 1403638544.0278294
start VIBA 1
end VIBA 1
Dropping frame 1403638544.2278295
Dropping frame 1403638544.5278294
Dropping frame 1403638545.1278296
Dropping frame 1403638545.5778294
Dropping frame 1403638545.9278295
Dropping frame 1403638547.0778294
Dropping frame 1403638547.4278295
Dropping frame 1403638547.5278294
Dropping frame 1403638548.0778294
Dropping frame 1403638548.1778293
Dropping frame 1403638548.3778293
Dropping frame 1403638548.7278295
Dropping frame 1403638548.8278296
Dropping frame 1403638549.0778294
Dropping frame 1403638549.2778294
Dropping frame 1403638549.6778293
Dropping frame 1403638550.5778294
Dropping frame 1403638551.1778293
Dropping frame 1403638551.2778294
Dropping frame 1403638551.5778294
Dropping frame 1403638551.9278295
Dropping frame 1403638552.1278296
Dropping frame 1403638552.2278295
Dropping frame 1403638552.4778295
Dropping frame 1403638552.9278295
Dropping frame 1403638553.1278296
Dropping frame 1403638553.2278295
Dropping frame 1403638553.5278294
Dropping frame 1403638553.8278296
Dropping frame 1403638553.9278295
Dropping frame 1403638554.0778294
Dropping frame 1403638554.2278295
start VIBA 2
Dropping frame 1403638554.4778295
Dropping frame 1403638554.5778294
end VIBA 2
Dropping frame 1403638555.5278294
Dropping frame 1403638556.2278295
Dropping frame 1403638556.4278295
Dropping frame 1403638556.5278294
Dropping frame 1403638556.6778293
Dropping frame 1403638556.9278295
Dropping frame 1403638557.0278294
Dropping frame 1403638557.4278295
Dropping frame 1403638557.7278295
Dropping frame 1403638557.9278295
Dropping frame 1403638558.0778294
Dropping frame 1403638558.3278296
Dropping frame 1403638558.4278295
Dropping frame 1403638558.7278295
Dropping frame 1403638558.9778295
Dropping frame 1403638559.0778294
Dropping frame 1403638559.1778293
Dropping frame 1403638559.3778293
Dropping frame 1403638559.5778294
Dropping frame 1403638559.6778293
Dropping frame 1403638559.7778294
Dropping frame 1403638559.9278295
Dropping frame 1403638560.1278296
Dropping frame 1403638560.2778294
Dropping frame 1403638560.5778294
Dropping frame 1403638560.7778294
Dropping frame 1403638560.8778293
Dropping frame 1403638561.0778294
Dropping frame 1403638561.1778293
Dropping frame 1403638561.3778293
Dropping frame 1403638561.4778295
Dropping frame 1403638561.7778294
Dropping frame 1403638561.9778295
Dropping frame 1403638562.1278296
Dropping frame 1403638563.0778294
Dropping frame 1403638563.2778294
Dropping frame 1403638563.4778295
Dropping frame 1403638563.6278296
Dropping frame 1403638563.7278295
Dropping frame 1403638563.9278295
Dropping frame 1403638564.1278296
Dropping frame 1403638564.2278295
Dropping frame 1403638564.3278296
Dropping frame 1403638564.5278294
Dropping frame 1403638564.7278295
Dropping frame 1403638564.8278296
Dropping frame 1403638565.0278294
Dropping frame 1403638565.1278296
Dropping frame 1403638565.2278295
Dropping frame 1403638565.4778295
Dropping frame 1403638565.6778293
Dropping frame 1403638565.7778294
Dropping frame 1403638565.8778293
Dropping frame 1403638565.9778295
Dropping frame 1403638566.1778293
Dropping frame 1403638566.3778293
Dropping frame 1403638566.5278294
Dropping frame 1403638566.8278296
Dropping frame 1403638566.9278295
Dropping frame 1403638567.1778293
Dropping frame 1403638567.2778294
Dropping frame 1403638567.4778295
Dropping frame 1403638567.5778294
Dropping frame 1403638567.8778293
Dropping frame 1403638568.0778294
Dropping frame 1403638568.1778293
Dropping frame 1403638568.2778294
Dropping frame 1403638568.3778293
Dropping frame 1403638568.6278296
Dropping frame 1403638568.7278295
Dropping frame 1403638569.0278294
Dropping frame 1403638569.2278295
Dropping frame 1403638569.4778295
Dropping frame 1403638569.7278295
Dropping frame 1403638569.8778293
Dropping frame 1403638570.0778294
Dropping frame 1403638570.2778294
Dropping frame 1403638570.4778295
Dropping frame 1403638570.7278295
Dropping frame 1403638571.0778294
Dropping frame 1403638571.7278295
Dropping frame 1403638572.1278296
Dropping frame 1403638572.5278294
Dropping frame 1403638572.9778295
Dropping frame 1403638573.0778294
Dropping frame 1403638573.4278295
Dropping frame 1403638573.5278294
Dropping frame 1403638573.9778295
Dropping frame 1403638574.0778294
Dropping frame 1403638575.0778294
Dropping frame 1403638575.3778293
Dropping frame 1403638575.6778293
Dropping frame 1403638575.9278295
Dropping frame 1403638576.1278296
Dropping frame 1403638576.2278295
Dropping frame 1403638576.4778295
Dropping frame 1403638576.5778294
Dropping frame 1403638576.6778293
Dropping frame 1403638577.0278294
Dropping frame 1403638577.2278295
Dropping frame 1403638577.3278296
Dropping frame 1403638577.5778294
Dropping frame 1403638577.8778293
Dropping frame 1403638578.0778294
Dropping frame 1403638578.3778293
Dropping frame 1403638578.5778294
Dropping frame 1403638579.6278296
Dropping frame 1403638580.3278296
Dropping frame 1403638581.0778294
Dropping frame 1403638581.4278295
Dropping frame 1403638581.8778293
Dropping frame 1403638582.2278295
Dropping frame 1403638582.7278295
Dropping frame 1403638582.9278295
Dropping frame 1403638583.1278296
Dropping frame 1403638583.3278296
Dropping frame 1403638583.5278294
Dropping frame 1403638583.7278295
Dropping frame 1403638583.9278295
Dropping frame 1403638584.0278294
Dropping frame 1403638584.3778293
Dropping frame 1403638584.5278294
Dropping frame 1403638584.7278295
Dropping frame 1403638584.8278296
Dropping frame 1403638584.9278295
Dropping frame 1403638585.1778293
Dropping frame 1403638585.2778294
Dropping frame 1403638585.3778293
Dropping frame 1403638585.6778293
Dropping frame 1403638585.8778293
Dropping frame 1403638585.9778295
Dropping frame 1403638586.0778294
Dropping frame 1403638586.2778294
Dropping frame 1403638586.3778293
Dropping frame 1403638586.6278296
Dropping frame 1403638586.7278295
Dropping frame 1403638586.8278296
Dropping frame 1403638587.0278294
Dropping frame 1403638587.1278296
Dropping frame 1403638587.2278295
Dropping frame 1403638587.4778295
Dropping frame 1403638587.5778294
Dropping frame 1403638588.1278296
Dropping frame 1403638588.4278295
Dropping frame 1403638588.6278296
Dropping frame 1403638589.2778294
Dropping frame 1403638589.9278295
Dropping frame 1403638590.3278296
Dropping frame 1403638590.5278294
Dropping frame 1403638591.1278296
Dropping frame 1403638593.2278295
*Loop detected
phi =  0.033480314786165449 -0.027115830072970609 -0.035196829201706872
BAD LOOP!!!
*Loop detected
phi =  0.044845403904606937 -0.057377544145137731 -0.046923825096814135
BAD LOOP!!!
*Loop detected
phi =  0.016287678683220671 -0.016857328262264173 -0.020549244969270197
BAD LOOP!!!
*Loop detected
phi =   0.001261536441251928 -0.0098937714167145561  -0.013667399807274765
BAD LOOP!!!
*Loop detected
phi = 0.0056614511065809937 -0.013150723806767657  -0.01539604655426579
BAD LOOP!!!
*Loop detected
phi = 0.0057871862938535888 -0.010954290628143862 -0.012970065869062559
BAD LOOP!!!
*Loop detected
phi =  0.0035028040119407843 -0.0094706253709075875  -0.012993439460092923
BAD LOOP!!!
Dropping frame 1403638621.8278296
*Loop detected
phi =  0.0054255017316274159 -0.0041437916218454596 -0.0043284768688194942
Local Mapping STOP
Local Mapping RELEASE
Local Mapping STOP
Local Mapping RELEASE
Dropping frame 1403638624.5778294
Dropping frame 1403638624.7778294
Dropping frame 1403638625.2778294
Dropping frame 1403638626.1278296
Dropping frame 1403638626.2278295
Dropping frame 1403638626.4278295
Dropping frame 1403638626.7278295
Dropping frame 1403638626.9778295
Dropping frame 1403638627.0778294
Dropping frame 1403638627.3778293
Dropping frame 1403638627.4778295
Dropping frame 1403638627.6778293
Dropping frame 1403638627.7778294
Dropping frame 1403638628.0778294
Dropping frame 1403638628.3278296
Dropping frame 1403638628.6278296
Dropping frame 1403638628.9278295
Dropping frame 1403638629.1778293
Dropping frame 1403638629.2778294
Dropping frame 1403638629.5778294
Dropping frame 1403638629.6778293
Dropping frame 1403638629.9278295
Dropping frame 1403638630.2278295
Dropping frame 1403638630.5278294
Dropping frame 1403638630.6278296
Dropping frame 1403638631.3778293
Dropping frame 1403638631.6778293
Shutdown
SLAM Finished at System Time: 1734431933.07713

 TIME STATS in ms (mean$\pm$std)
OpenCV version: 4.8.1
---------------------------
Tracking

ORB Extraction: 14.151$\pm$2.0549
Stereo Matching: 7.3201$\pm$2.2173
IMU Preintegration: 0.21058$\pm$0.10514
Pose Prediction: 0.38396$\pm$1.2391
LM Track: 16.375$\pm$4.4374
New KF decision: 1.0353$\pm$1.8571
Total Tracking: 34.287$\pm$18.533



Local Mapping

KF Insertion: 10.929$\pm$4.1466
MP Culling: 0.41298$\pm$0.22428
MP Creation: 35.653$\pm$12.758
LBA: 132.22$\pm$50.077
KF Culling: 9.491$\pm$6.7487
Total Local Mapping: 189.08$\pm$71.282
---------------------------

LBA complexity (mean$\pm$std)
LBA Edges: 2097.6$\pm$1178.1
LBA KF optimized: 6.5$\pm$2.2913
LBA KF fixed: 1$\pm$0
LBA MP: nan$\pm$nan

LBA executions: 441
LBA aborts: 1
---------------------------

Map complexity
KFs in map: 196
MPs in map: 16371
---------------------------

Place Recognition (mean$\pm$std)
Database Query: 1.6227$\pm$0.9386
SE3 estimation: 25.478$\pm$15.85
Total Place Recognition: 21.061$\pm$18.372


Loop Closing (mean$\pm$std)
Loop Fusion: 225.78$\pm$0
Essential Graph: 153.22$\pm$0
Total Loop Closing: 403.8$\pm$0

Num exec: 1
Number of KFs: nan$\pm$nan

Map Merging (mean$\pm$std)
Merge Maps: nan$\pm$nan
Welding BA: nan$\pm$nan
Optimization Ess.: nan$\pm$nan
Total Map Merging: nan$\pm$nan

Num exec: 0
Number of KFs: nan$\pm$nan
Number of MPs: nan$\pm$nan

Full GBA (mean$\pm$std)
GBA: 1903.6$\pm$0
Map Update: 116.05$\pm$0
Total Full GBA: 2019.7$\pm$0

Num exec: 1
Num abort: 0
Number of KFs: 199$\pm$0
Number of MPs: 17321$\pm$0

Saving trajectory to f_dataset-MH05_stereo_imu.txt ...
There are 1 maps in the atlas
  Map 0 has 196 KFs

End of saving trajectory to f_dataset-MH05_stereo_imu.txt ...

Saving keyframe trajectory to kf_dataset-MH05_stereo_imu.txt ...
