num_seq = 1
file name: dataset-MH02_stereo_imu
Loading images for sequence 0...LOADED!
Loading IMU for sequence 0...LOADED!

-------

ORB-SLAM3 Copyright (C) 2017-2020 Carlos Campos, Richard Elvira, Juan J. Gómez, José M.M. Montiel and Juan D. Tardós, University of Zaragoza.
ORB-SLAM2 Copyright (C) 2014-2016 Raúl Mur-Artal, José M.M. Montiel and Juan D. Tardós, University of Zaragoza.
This program comes with ABSOLUTELY NO WARRANTY;
This is free software, and you are welcome to redistribute it
under certain conditions. See LICENSE.txt.

Built with REGISTER_TIMES
Git Commit Hash: 42e930e

Compiled with C++ version: 201703

Input sensor was set to: Stereo-Inertial
Loading settings from ./Examples/Stereo-Inertial/EuRoC_fov_deadlines_mask_5x5.yaml
	-Loaded camera 1
	-Loaded camera 2
	-Loaded image info
	-Loaded IMU calibration
	-Loaded ORB settings
	-Loaded viewer settings
	-Loaded Atlas settings
Deadlines enabled, will skip frames!
FOV enabled
Static mask size: 5x5
Dumping map points enabled
	-Loaded misc parameters
	-Computed rectification maps
----------------------------------
SLAM settings: 
	-Camera 1 parameters (Pinhole): [ 458.65399169921875 457.29598999023438 367.21499633789062 248.375 ]
	-Camera 1 distortion parameters: [  -0.28340810537338257 0.073959067463874817 0.00019359000725671649 1.7618711353861727e-05 ]
	-Camera 2 parameters (Pinhole: [ 457.58700561523438 456.13400268554688 379.99899291992188 255.23800659179688 ]
	-Camera 1 distortion parameters: [  -0.2836836576461792 0.074512839317321777 -0.00010473000293131918 -3.555907096597366e-05 ]
	-Original image size: [ 752 , 480 ]
	-Current image size: [ 752 , 480 ]
	-Camera 1 parameters after rectification: [  456.71499633789062 456.71499633789062 364.52615356445312 257.268798828125 ]
	-Sequence FPS: 20
	-Stereo baseline: 0.11007784307003021
	-Stereo depth threshold : 60
	-Gyro noise: 0.00016999999934341758
	-Accelerometer noise: 0.0020000000949949026
	-Gyro walk: 1.9392999092815444e-05
	-Accelerometer walk: 0.0030000000260770321
	-IMU frequency: 200
	-Features per image: 1200
	-ORB scale factor: 1.2000000476837158
	-ORB number of scales: 8
	-Initial FAST threshold: 20
	-Min FAST threshold: 7


Loading ORB Vocabulary. This could take a while...
Vocabulary loaded!

Initialization of Atlas from scratch 
Creation of new map with id: 0
Creation of new map with last KF id: 0
Seq. Name: 
There are 1 cameras in the atlas
Camera 0 is pinhole
SLAM Started at System Time: 1734506779.92038
not IMU meas
not IMU meas
not enough acceleration
not enough acceleration
not enough acceleration
not enough acceleration
not enough acceleration
not enough acceleration
First KF:0; Map init KF:0
New Map created with 128 points
Active map: 0
Dropping frame 1403636859.8516665
Dropping frame 1403636860.2016666
Dropping frame 1403636860.5516665
Dropping frame 1403636861.4516664
Dropping frame 1403636861.7516665
Dropping frame 1403636862.0016665
Dropping frame 1403636862.4016666
Dropping frame 1403636863.5016665
Dropping frame 1403636863.7016666
Dropping frame 1403636864.2016666
start VIBA 1
end VIBA 1
Dropping frame 1403636865.3016665
Dropping frame 1403636865.4016666
Dropping frame 1403636865.8516665
Dropping frame 1403636866.1016665
Dropping frame 1403636866.3516665
Dropping frame 1403636867.2016666
Dropping frame 1403636867.5016665
Dropping frame 1403636867.7516665
Dropping frame 1403636867.8516665
Dropping frame 1403636868.0016665
Dropping frame 1403636868.2016666
Dropping frame 1403636868.4516664
Dropping frame 1403636870.8516665
Dropping frame 1403636871.0516665
Dropping frame 1403636871.3016665
Dropping frame 1403636873.4016666
Dropping frame 1403636874.0016665
Dropping frame 1403636876.1516664
start VIBA 2
end VIBA 2
Dropping frame 1403636883.3016665
Dropping frame 1403636902.1016665
Dropping frame 1403636902.6516664
Dropping frame 1403636903.2016666
Dropping frame 1403636903.3016665
Dropping frame 1403636903.6016665
Dropping frame 1403636903.8516665
Dropping frame 1403636904.2016666
Dropping frame 1403636904.5516665
Dropping frame 1403636905.0516665
Dropping frame 1403636905.4516664
Dropping frame 1403636905.6516664
Dropping frame 1403636905.7516665
Dropping frame 1403636906.1016665
Dropping frame 1403636906.4016666
Dropping frame 1403636906.5016665
Dropping frame 1403636907.1016665
Dropping frame 1403636907.3016665
Dropping frame 1403636907.5016665
Dropping frame 1403636907.7516665
Dropping frame 1403636907.9016666
Dropping frame 1403636908.0016665
Dropping frame 1403636908.2016666
Dropping frame 1403636908.3516665
Dropping frame 1403636908.5016665
Dropping frame 1403636908.6016665
Dropping frame 1403636908.8016665
Dropping frame 1403636908.9016666
Dropping frame 1403636909.1016665
Dropping frame 1403636909.3516665
Dropping frame 1403636909.4516664
Dropping frame 1403636909.6516664
Dropping frame 1403636909.7516665
Dropping frame 1403636910.1016665
Dropping frame 1403636910.2016666
Dropping frame 1403636910.3016665
Dropping frame 1403636910.5516665
Dropping frame 1403636910.7516665
Dropping frame 1403636911.0516665
Dropping frame 1403636911.2516665
Dropping frame 1403636911.3516665
Dropping frame 1403636911.4516664
Dropping frame 1403636911.8016665
Dropping frame 1403636911.9016666
Dropping frame 1403636912.0016665
Dropping frame 1403636912.1516664
Dropping frame 1403636912.3516665
Dropping frame 1403636912.5516665
Dropping frame 1403636912.6516664
Dropping frame 1403636912.9516664
Dropping frame 1403636913.1016665
Dropping frame 1403636913.4016666
Dropping frame 1403636913.5016665
Dropping frame 1403636913.6016665
Dropping frame 1403636913.8016665
Dropping frame 1403636913.9516664
Dropping frame 1403636914.1516664
Dropping frame 1403636914.2516665
Dropping frame 1403636914.5516665
Dropping frame 1403636914.6516664
Dropping frame 1403636915.0016665
Dropping frame 1403636915.1016665
Dropping frame 1403636915.3516665
Dropping frame 1403636915.4516664
Dropping frame 1403636915.6516664
Dropping frame 1403636915.7516665
Dropping frame 1403636915.9516664
Dropping frame 1403636916.1516664
Dropping frame 1403636916.2516665
Dropping frame 1403636916.5016665
Dropping frame 1403636916.7016666
Dropping frame 1403636916.8516665
Dropping frame 1403636917.5016665
Dropping frame 1403636917.9516664
Dropping frame 1403636918.5516665
Dropping frame 1403636918.7516665
Dropping frame 1403636919.1516664
Dropping frame 1403636919.4016666
Dropping frame 1403636919.6016665
Dropping frame 1403636920.1016665
Dropping frame 1403636920.3016665
Dropping frame 1403636920.5016665
Dropping frame 1403636920.6516664
Dropping frame 1403636921.1516664
Dropping frame 1403636921.3516665
Dropping frame 1403636921.4516664
Dropping frame 1403636921.6516664
Dropping frame 1403636921.9516664
Dropping frame 1403636922.2516665
Dropping frame 1403636922.4516664
Dropping frame 1403636922.8516665
Dropping frame 1403636923.2516665
Dropping frame 1403636923.5016665
Dropping frame 1403636923.8516665
Dropping frame 1403636923.9516664
Dropping frame 1403636924.2016666
Dropping frame 1403636924.4516664
Dropping frame 1403636924.7516665
Dropping frame 1403636924.9516664
Dropping frame 1403636925.0516665
Dropping frame 1403636925.4016666
Dropping frame 1403636925.6516664
Dropping frame 1403636926.0516665
Dropping frame 1403636926.2516665
Dropping frame 1403636926.4016666
Dropping frame 1403636926.5016665
Dropping frame 1403636926.7016666
Dropping frame 1403636926.9016666
Dropping frame 1403636927.0016665
Dropping frame 1403636927.2516665
Dropping frame 1403636927.4516664
Dropping frame 1403636927.5516665
Dropping frame 1403636927.8016665
Dropping frame 1403636927.9016666
Dropping frame 1403636928.1516664
Dropping frame 1403636928.3516665
Dropping frame 1403636928.4516664
Dropping frame 1403636928.5516665
Dropping frame 1403636928.6516664
Dropping frame 1403636928.8516665
Dropping frame 1403636928.9516664
Dropping frame 1403636929.2016666
Dropping frame 1403636929.4516664
Dropping frame 1403636929.5516665
Dropping frame 1403636929.6516664
Dropping frame 1403636930.3016665
Dropping frame 1403636930.6016665
Dropping frame 1403636930.9516664
Dropping frame 1403636931.0516665
Dropping frame 1403636931.1516664
Dropping frame 1403636931.7016666
Dropping frame 1403636931.8016665
Dropping frame 1403636931.9016666
Dropping frame 1403636932.1016665
Dropping frame 1403636932.2016666
Dropping frame 1403636932.3516665
Dropping frame 1403636932.4516664
Dropping frame 1403636932.5516665
Dropping frame 1403636932.8016665
Dropping frame 1403636932.9516664
Dropping frame 1403636933.2016666
Dropping frame 1403636933.3516665
Dropping frame 1403636933.5516665
Dropping frame 1403636933.7016666
Dropping frame 1403636933.8516665
Dropping frame 1403636934.1016665
Dropping frame 1403636934.3016665
Dropping frame 1403636934.4016666
Dropping frame 1403636934.5016665
Dropping frame 1403636934.7016666
Dropping frame 1403636934.8016665
Dropping frame 1403636934.9016666
Dropping frame 1403636935.1016665
Dropping frame 1403636935.2016666
Dropping frame 1403636935.4016666
Dropping frame 1403636935.6516664
Dropping frame 1403636936.0516665
Dropping frame 1403636936.1516664
Dropping frame 1403636936.2516665
Dropping frame 1403636936.4516664
Dropping frame 1403636936.6516664
Dropping frame 1403636936.7516665
Dropping frame 1403636937.0016665
Dropping frame 1403636937.1016665
Dropping frame 1403636937.2016666
Dropping frame 1403636937.5016665
Dropping frame 1403636937.6516664
Dropping frame 1403636937.7516665
Dropping frame 1403636937.8516665
Dropping frame 1403636938.0516665
Dropping frame 1403636938.3516665
Dropping frame 1403636938.4516664
Dropping frame 1403636938.5516665
Dropping frame 1403636938.9516664
Dropping frame 1403636939.0516665
Dropping frame 1403636939.1516664
Dropping frame 1403636939.5516665
Dropping frame 1403636939.6516664
Dropping frame 1403636939.9516664
Dropping frame 1403636940.0516665
Dropping frame 1403636940.1516664
Dropping frame 1403636940.5016665
Dropping frame 1403636940.7016666
Dropping frame 1403636940.8516665
Dropping frame 1403636941.1016665
Dropping frame 1403636941.2516665
Dropping frame 1403636941.3516665
Dropping frame 1403636941.5516665
Dropping frame 1403636941.6516664
Dropping frame 1403636941.7516665
Dropping frame 1403636941.8516665
Dropping frame 1403636941.9516664
Dropping frame 1403636942.1516664
Dropping frame 1403636942.2516665
Dropping frame 1403636942.3516665
Dropping frame 1403636942.5516665
Dropping frame 1403636942.7516665
Dropping frame 1403636942.9016666
Dropping frame 1403636943.2516665
Dropping frame 1403636943.3516665
Dropping frame 1403636943.4516664
Dropping frame 1403636943.7016666
Dropping frame 1403636943.8016665
Dropping frame 1403636943.9016666
Dropping frame 1403636944.3016665
Dropping frame 1403636944.6016665
Dropping frame 1403636944.7016666
Dropping frame 1403636944.9016666
Dropping frame 1403636945.1016665
Dropping frame 1403636945.2016666
Dropping frame 1403636945.3016665
Dropping frame 1403636945.5016665
Dropping frame 1403636945.6016665
Dropping frame 1403636945.7016666
Dropping frame 1403636946.0516665
Dropping frame 1403636946.1516664
Dropping frame 1403636946.2516665
Dropping frame 1403636946.3516665
Dropping frame 1403636946.8016665
Dropping frame 1403636947.3016665
Dropping frame 1403636947.5016665
Dropping frame 1403636947.6016665
Dropping frame 1403636947.7016666
Dropping frame 1403636948.0016665
Dropping frame 1403636948.1016665
Dropping frame 1403636948.3016665
Dropping frame 1403636948.5016665
Dropping frame 1403636948.7016666
Dropping frame 1403636948.9016666
Dropping frame 1403636949.0016665
Dropping frame 1403636949.1016665
Dropping frame 1403636949.3016665
Dropping frame 1403636949.5516665
Dropping frame 1403636949.6516664
Dropping frame 1403636949.9516664
Dropping frame 1403636950.2516665
Dropping frame 1403636950.4516664
Dropping frame 1403636950.6516664
Dropping frame 1403636950.7516665
Dropping frame 1403636950.8516665
Dropping frame 1403636950.9516664
Dropping frame 1403636951.5516665
Dropping frame 1403636951.7016666
Dropping frame 1403636952.0016665
Dropping frame 1403636952.1016665
Dropping frame 1403636952.5016665
Dropping frame 1403636952.7016666
Dropping frame 1403636952.9016666
Dropping frame 1403636953.0516665
Dropping frame 1403636953.1516664
Dropping frame 1403636953.6516664
Dropping frame 1403636953.8516665
Dropping frame 1403636954.0516665
Dropping frame 1403636954.1516664
Dropping frame 1403636954.2516665
Dropping frame 1403636954.4516664
Dropping frame 1403636954.6516664
Dropping frame 1403636955.0516665
Dropping frame 1403636955.2516665
Dropping frame 1403636955.3516665
Dropping frame 1403636955.7016666
Dropping frame 1403636956.2016666
Dropping frame 1403636956.4516664
Dropping frame 1403636956.5516665
Dropping frame 1403636956.8016665
Dropping frame 1403636957.0516665
Dropping frame 1403636957.3516665
Dropping frame 1403636957.6516664
Dropping frame 1403636957.7516665
Dropping frame 1403636957.8516665
Dropping frame 1403636958.2016666
Dropping frame 1403636958.4016666
Dropping frame 1403636958.7016666
Dropping frame 1403636958.9016666
Dropping frame 1403636959.3516665
Dropping frame 1403636959.5516665
Dropping frame 1403636959.6516664
Dropping frame 1403636960.2516665
Dropping frame 1403636960.7016666
Dropping frame 1403636960.9016666
Dropping frame 1403636961.3516665
Dropping frame 1403636961.4516664
Dropping frame 1403636961.8516665
Dropping frame 1403636962.2016666
Dropping frame 1403636962.4016666
Dropping frame 1403636962.6016665
Dropping frame 1403636962.8016665
Dropping frame 1403636963.0516665
Dropping frame 1403636963.3016665
Dropping frame 1403636963.5016665
Dropping frame 1403636963.7016666
Dropping frame 1403636964.0016665
Dropping frame 1403636964.5516665
Dropping frame 1403636964.7516665
Dropping frame 1403636966.0016665
Dropping frame 1403636966.2016666
Dropping frame 1403636966.3016665
Dropping frame 1403636966.4016666
Dropping frame 1403636966.7016666
Dropping frame 1403636966.9016666
Dropping frame 1403636967.1516664
Dropping frame 1403636967.5516665
Dropping frame 1403636967.8516665
Dropping frame 1403636968.6016665
Dropping frame 1403636969.0516665
Dropping frame 1403636969.5516665
Dropping frame 1403636970.0016665
Dropping frame 1403636970.2016666
Dropping frame 1403636970.7516665
Dropping frame 1403636971.7016666
Dropping frame 1403636971.9016666
Dropping frame 1403636972.2516665
Dropping frame 1403636972.6016665
Dropping frame 1403636972.8516665
Dropping frame 1403636973.3516665
Dropping frame 1403636973.8016665
Dropping frame 1403636974.0016665
Dropping frame 1403636974.1016665
Dropping frame 1403636974.2016666
Dropping frame 1403636974.4016666
Dropping frame 1403636974.6016665
Dropping frame 1403636974.8016665
Dropping frame 1403636974.9016666
Dropping frame 1403636975.0016665
Dropping frame 1403636975.2016666
Dropping frame 1403636975.4016666
Dropping frame 1403636975.6016665
Dropping frame 1403636975.7016666
Dropping frame 1403636975.8016665
Dropping frame 1403636976.1516664
Dropping frame 1403636976.3516665
Dropping frame 1403636976.5516665
Dropping frame 1403636977.0016665
Dropping frame 1403636977.1516664
Dropping frame 1403636977.4016666
Dropping frame 1403636977.5016665
Dropping frame 1403636977.8516665
Dropping frame 1403636978.0516665
Dropping frame 1403636978.2016666
Dropping frame 1403636978.4016666
Dropping frame 1403636978.6016665
Dropping frame 1403636978.8016665
Dropping frame 1403636978.9016666
Dropping frame 1403636979.0016665
Dropping frame 1403636979.1016665
Dropping frame 1403636979.3516665
Dropping frame 1403636979.5516665
Dropping frame 1403636979.6516664
Dropping frame 1403636979.7516665
Dropping frame 1403636979.9516664
Dropping frame 1403636980.0516665
Dropping frame 1403636980.1516664
Dropping frame 1403636980.3516665
Dropping frame 1403636980.4516664
Dropping frame 1403636980.7016666
Dropping frame 1403636980.8016665
Dropping frame 1403636981.0516665
Dropping frame 1403636981.2516665
Dropping frame 1403636981.4516664
Dropping frame 1403636981.5516665
Dropping frame 1403636981.8016665
Dropping frame 1403636981.9016666
Dropping frame 1403636982.2016666
Dropping frame 1403636982.5516665
Dropping frame 1403636982.8016665
Dropping frame 1403636982.9016666
Dropping frame 1403636983.2516665
Dropping frame 1403636983.9516664
Dropping frame 1403636988.5516665
Dropping frame 1403636988.8516665
Dropping frame 1403636989.4516664
Dropping frame 1403636989.8516665
Dropping frame 1403636989.9516664
Dropping frame 1403636990.3016665
Dropping frame 1403636990.4016666
Dropping frame 1403636990.6516664
Dropping frame 1403636990.8016665
Dropping frame 1403636991.0516665
Dropping frame 1403636991.1516664
Dropping frame 1403636991.4516664
Dropping frame 1403636991.6516664
Dropping frame 1403636992.0516665
Dropping frame 1403636992.3516665
Dropping frame 1403636992.7516665
Dropping frame 1403636993.1516664
Dropping frame 1403636993.3516665
Dropping frame 1403636993.5516665
Dropping frame 1403636993.6516664
Dropping frame 1403636993.7516665
Dropping frame 1403636993.9016666
Dropping frame 1403636994.1516664
Dropping frame 1403636994.2516665
Dropping frame 1403636994.3516665
Dropping frame 1403636994.5516665
Dropping frame 1403636994.7516665
Dropping frame 1403636995.0016665
Dropping frame 1403636995.1016665
Dropping frame 1403636995.2016666
Dropping frame 1403636995.4016666
Dropping frame 1403636995.5016665
Dropping frame 1403636995.6016665
Dropping frame 1403636995.7016666
Dropping frame 1403636995.9516664
Dropping frame 1403636996.1516664
Dropping frame 1403636996.2516665
Dropping frame 1403636996.5016665
Dropping frame 1403636996.7016666
Dropping frame 1403636996.8016665
Dropping frame 1403636996.9016666
Dropping frame 1403636997.2016666
Dropping frame 1403636997.3016665
Dropping frame 1403636997.6016665
Dropping frame 1403636997.7016666
Dropping frame 1403636997.8016665
Dropping frame 1403636997.9016666
Dropping frame 1403636998.0516665
Dropping frame 1403636998.3516665
Dropping frame 1403636998.4516664
Dropping frame 1403636998.5516665
Dropping frame 1403636998.7516665
Dropping frame 1403636998.8516665
Dropping frame 1403636998.9516664
Dropping frame 1403636999.2516665
Dropping frame 1403636999.4516664
Dropping frame 1403636999.6516664
Dropping frame 1403636999.7516665
Dropping frame 1403636999.8516665
Dropping frame 1403637000.0516665
Dropping frame 1403637000.1516664
Dropping frame 1403637000.3516665
Dropping frame 1403637000.4516664
Dropping frame 1403637000.6016665
Dropping frame 1403637000.9516664
Dropping frame 1403637001.0516665
Dropping frame 1403637001.2516665
Dropping frame 1403637001.3516665
Dropping frame 1403637001.6016665
Dropping frame 1403637001.7016666
Dropping frame 1403637001.9516664
Dropping frame 1403637002.1016665
Dropping frame 1403637002.3516665
Dropping frame 1403637002.5516665
Dropping frame 1403637002.7516665
Dropping frame 1403637002.9016666
Dropping frame 1403637003.1016665
Dropping frame 1403637003.2016666
Dropping frame 1403637003.4516664
Dropping frame 1403637003.5516665
Dropping frame 1403637003.6516664
Dropping frame 1403637003.8016665
Dropping frame 1403637004.0016665
Dropping frame 1403637004.1016665
Dropping frame 1403637004.3516665
Dropping frame 1403637004.7516665
Dropping frame 1403637006.1516664
Dropping frame 1403637006.6516664
Dropping frame 1403637006.8516665
Dropping frame 1403637007.0516665
Dropping frame 1403637007.1516664
Dropping frame 1403637007.2516665
Dropping frame 1403637007.5516665
Dropping frame 1403637007.6516664
Dropping frame 1403637007.7516665
Dropping frame 1403637007.9516664
Dropping frame 1403637008.0516665
Dropping frame 1403637008.1516664
Dropping frame 1403637008.2516665
Dropping frame 1403637008.4516664
Dropping frame 1403637008.5516665
Dropping frame 1403637008.6516664
Dropping frame 1403637008.7516665
Dropping frame 1403637008.9016666
Dropping frame 1403637009.0016665
Dropping frame 1403637009.2016666
Dropping frame 1403637009.3016665
Dropping frame 1403637009.4016666
Dropping frame 1403637009.5516665
Dropping frame 1403637009.7516665
Dropping frame 1403637009.8516665
Dropping frame 1403637009.9516664
Dropping frame 1403637010.2516665
Dropping frame 1403637010.5016665
Dropping frame 1403637010.6016665
Shutdown
SLAM Finished at System Time: 1734506959.48095

 TIME STATS in ms (mean$\pm$std)
OpenCV version: 4.8.1
---------------------------
Tracking

ORB Extraction: 15.596$\pm$1.6423
Stereo Matching: 7.1204$\pm$2.1905
IMU Preintegration: 0.25523$\pm$0.10497
Pose Prediction: 0.20698$\pm$0.61308
LM Track: 19.002$\pm$5.1124
New KF decision: 1.1675$\pm$2.1841
Total Tracking: 34.466$\pm$22.856



Local Mapping

KF Insertion: 14.759$\pm$5.1598
MP Culling: 0.51299$\pm$0.20169
MP Creation: 45.916$\pm$15.753
LBA: 147.39$\pm$58.64
KF Culling: 15.47$\pm$10.643
Total Local Mapping: 224.02$\pm$80.103
---------------------------

LBA complexity (mean$\pm$std)
LBA Edges: 1565.4$\pm$531.63
LBA KF optimized: 6.5$\pm$2.2913
LBA KF fixed: 1$\pm$0
LBA MP: nan$\pm$nan

LBA executions: 512
LBA aborts: 0
---------------------------

Map complexity
KFs in map: 158
MPs in map: 13466
---------------------------

Place Recognition (mean$\pm$std)
Database Query: 1.5597$\pm$0.80233
SE3 estimation: 13.985$\pm$15.683
Total Place Recognition: 13.185$\pm$15.897


Loop Closing (mean$\pm$std)
Loop Fusion: nan$\pm$nan
Essential Graph: nan$\pm$nan
Total Loop Closing: nan$\pm$nan

Num exec: 0
Number of KFs: nan$\pm$nan

Map Merging (mean$\pm$std)
Merge Maps: nan$\pm$nan
Welding BA: nan$\pm$nan
Optimization Ess.: nan$\pm$nan
Total Map Merging: nan$\pm$nan

Num exec: 0
Number of KFs: nan$\pm$nan
Number of MPs: nan$\pm$nan

Full GBA (mean$\pm$std)
GBA: nan$\pm$nan
Map Update: nan$\pm$nan
Total Full GBA: nan$\pm$nan

Num exec: 0
Num abort: 0
Number of KFs: nan$\pm$nan
Number of MPs: nan$\pm$nan

Saving trajectory to f_dataset-MH02_stereo_imu.txt ...
There are 1 maps in the atlas
  Map 0 has 158 KFs

End of saving trajectory to f_dataset-MH02_stereo_imu.txt ...

Saving keyframe trajectory to kf_dataset-MH02_stereo_imu.txt ...
