num_seq = 1
file name: dataset-MH05_stereo_imu
Loading images for sequence 0...LOADED!
Loading IMU for sequence 0...LOADED!

-------

ORB-SLAM3 Copyright (C) 2017-2020 Carlos Campos, Richard Elvira, Juan J. Gómez, José M.M. Montiel and Juan D. Tardós, University of Zaragoza.
ORB-SLAM2 Copyright (C) 2014-2016 Raúl Mur-Artal, José M.M. Montiel and Juan D. Tardós, University of Zaragoza.
This program comes with ABSOLUTELY NO WARRANTY;
This is free software, and you are welcome to redistribute it
under certain conditions. See LICENSE.txt.

Built with REGISTER_TIMES
Git Commit Hash: 90f15d8

Input sensor was set to: Stereo-Inertial
Loading settings from ./Examples/Stereo-Inertial/EuRoC_fov_deadlines_mask_10x10.yaml
	-Loaded camera 1
	-Loaded camera 2
	-Loaded image info
	-Loaded IMU calibration
	-Loaded ORB settings
	-Loaded viewer settings
	-Loaded Atlas settings
Deadlines enabled, will skip frames!
FOV enabled
Static mask size: 10x10
Dumping map points enabled
	-Loaded misc parameters
	-Computed rectification maps
----------------------------------
SLAM settings: 
	-Camera 1 parameters (Pinhole): [ 458.65399169921875 457.29598999023438 367.21499633789062 248.375 ]
	-Camera 1 distortion parameters: [  -0.28340810537338257 0.073959067463874817 0.00019359000725671649 1.7618711353861727e-05 ]
	-Camera 2 parameters (Pinhole: [ 457.58700561523438 456.13400268554688 379.99899291992188 255.23800659179688 ]
	-Camera 1 distortion parameters: [  -0.2836836576461792 0.074512839317321777 -0.00010473000293131918 -3.555907096597366e-05 ]
	-Original image size: [ 752 , 480 ]
	-Current image size: [ 752 , 480 ]
	-Camera 1 parameters after rectification: [  456.71499633789062 456.71499633789062 364.52615356445312 257.268798828125 ]
	-Sequence FPS: 20
	-Stereo baseline: 0.11007784307003021
	-Stereo depth threshold : 60
	-Gyro noise: 0.00016999999934341758
	-Accelerometer noise: 0.0020000000949949026
	-Gyro walk: 1.9392999092815444e-05
	-Accelerometer walk: 0.0030000000260770321
	-IMU frequency: 200
	-Features per image: 1200
	-ORB scale factor: 1.2000000476837158
	-ORB number of scales: 8
	-Initial FAST threshold: 20
	-Min FAST threshold: 7


Loading ORB Vocabulary. This could take a while...
Vocabulary loaded!

Initialization of Atlas from scratch 
Creation of new map with id: 0
Creation of new map with last KF id: 0
Seq. Name: 
There are 1 cameras in the atlas
Camera 0 is pinhole
SLAM Started at System Time: 1732012982.81093
not IMU meas
not IMU meas
not enough acceleration
not enough acceleration
not enough acceleration
not enough acceleration
not enough acceleration
not enough acceleration
not enough acceleration
not enough acceleration
not enough acceleration
not enough acceleration
not enough acceleration
not enough acceleration
not enough acceleration
not enough acceleration
not enough acceleration
not enough acceleration
not enough acceleration
not enough acceleration
not enough acceleration
not enough acceleration
not enough acceleration
not enough acceleration
not enough acceleration
not enough acceleration
not enough acceleration
not enough acceleration
not enough acceleration
not enough acceleration
not enough acceleration
not enough acceleration
not enough acceleration
not enough acceleration
not enough acceleration
not enough acceleration
not enough acceleration
not enough acceleration
not enough acceleration
not enough acceleration
not enough acceleration
not enough acceleration
not enough acceleration
not enough acceleration
not enough acceleration
not enough acceleration
not enough acceleration
not enough acceleration
not enough acceleration
not enough acceleration
not enough acceleration
not enough acceleration
not enough acceleration
not enough acceleration
not enough acceleration
not enough acceleration
not enough acceleration
not enough acceleration
not enough acceleration
not enough acceleration
not enough acceleration
not enough acceleration
not enough acceleration
not enough acceleration
not enough acceleration
not enough acceleration
not enough acceleration
not enough acceleration
not enough acceleration
not enough acceleration
not enough acceleration
not enough acceleration
not enough acceleration
not enough acceleration
not enough acceleration
not enough acceleration
not enough acceleration
not enough acceleration
not enough acceleration
not enough acceleration
First KF:0; Map init KF:0
New Map created with 122 points
Active map: 0
Dropping frame 1403638523.2778294
Dropping frame 1403638523.4778295
Dropping frame 1403638523.6278296
Dropping frame 1403638523.8278296
Dropping frame 1403638524.1278296
Dropping frame 1403638524.4278295
Dropping frame 1403638524.8278296
Dropping frame 1403638524.9778295
Dropping frame 1403638525.2278295
Dropping frame 1403638525.3278296
Dropping frame 1403638525.7778294
Dropping frame 1403638525.8778293
Dropping frame 1403638526.0778294
Dropping frame 1403638526.1778293
Dropping frame 1403638526.2778294
Dropping frame 1403638526.5278294
Dropping frame 1403638526.7778294
Dropping frame 1403638527.0778294
Dropping frame 1403638527.3278296
Dropping frame 1403638527.5278294
start VIBA 1
end VIBA 1
Dropping frame 1403638527.9778295
Dropping frame 1403638528.1778293
Dropping frame 1403638528.3278296
Dropping frame 1403638528.5778294
Dropping frame 1403638528.9778295
Dropping frame 1403638529.8778293
Dropping frame 1403638530.0278294
Dropping frame 1403638530.5778294
Dropping frame 1403638530.7778294
Dropping frame 1403638530.8778293
Dropping frame 1403638531.0778294
Dropping frame 1403638531.1778293
Dropping frame 1403638531.2778294
Not enough motion for initializing. Reseting...
Dropping frame 1403638531.5278294
LM: Reseting current map in Local Mapping...
LM: End reseting Local Mapping...
LM: Reset free the mutex
Dropping frame 1403638531.6278296
Dropping frame 1403638531.7278295
Dropping frame 1403638531.8278296
Dropping frame 1403638531.9278295
Not enough motion for initializing. Reseting...
TRACK: Reset map because local mapper set the bad imu flag 
LM: Active map reset recieved
LM: Active map reset, waiting...
LM: Reseting current map in Local Mapping...
LM: End reseting Local Mapping...
LM: Reset free the mutex
LM: Active map reset, Done!!!
mnFirstFrameId = 80
mnInitialFrameId = 0
162 Frames set to lost
not IMU meas
not enough acceleration
Dropping frame 1403638532.2278295
not enough acceleration
Dropping frame 1403638532.3278296
not enough acceleration
Dropping frame 1403638532.4278295
not enough acceleration
not enough acceleration
not enough acceleration
not enough acceleration
not enough acceleration
Dropping frame 1403638532.7278295
not enough acceleration
not enough acceleration
not enough acceleration
not enough acceleration
not enough acceleration
not enough acceleration
not enough acceleration
not enough acceleration
not enough acceleration
not enough acceleration
not enough acceleration
not enough acceleration
not enough acceleration
not enough acceleration
not enough acceleration
not enough acceleration
not enough acceleration
not enough acceleration
not enough acceleration
not enough acceleration
Dropping frame 1403638533.7778294
not enough acceleration
not enough acceleration
not enough acceleration
not enough acceleration
not enough acceleration
not enough acceleration
not enough acceleration
not enough acceleration
not enough acceleration
Dropping frame 1403638534.2778294
not enough acceleration
not enough acceleration
not enough acceleration
not enough acceleration
not enough acceleration
not enough acceleration
not enough acceleration
not enough acceleration
Dropping frame 1403638534.7278295
not enough acceleration
not enough acceleration
not enough acceleration
not enough acceleration
not enough acceleration
not enough acceleration
not enough acceleration
not enough acceleration
not enough acceleration
not enough acceleration
not enough acceleration
not enough acceleration
not enough acceleration
not enough acceleration
not enough acceleration
not enough acceleration
not enough acceleration
not enough acceleration
not enough acceleration
not enough acceleration
not enough acceleration
not enough acceleration
not enough acceleration
not enough acceleration
not enough acceleration
Dropping frame 1403638536.0278294
not enough acceleration
not enough acceleration
not enough acceleration
not enough acceleration
not enough acceleration
not enough acceleration
Dropping frame 1403638536.3778293
not enough acceleration
not enough acceleration
not enough acceleration
not enough acceleration
not enough acceleration
not enough acceleration
not enough acceleration
not enough acceleration
not enough acceleration
not enough acceleration
not enough acceleration
not enough acceleration
not enough acceleration
not enough acceleration
not enough acceleration
not enough acceleration
not enough acceleration
not enough acceleration
not enough acceleration
not enough acceleration
not enough acceleration
not enough acceleration
not enough acceleration
not enough acceleration
not enough acceleration
not enough acceleration
not enough acceleration
not enough acceleration
not enough acceleration
not enough acceleration
not enough acceleration
not enough acceleration
not enough acceleration
not enough acceleration
not enough acceleration
not enough acceleration
not enough acceleration
not enough acceleration
not enough acceleration
not enough acceleration
not enough acceleration
not enough acceleration
not enough acceleration
not enough acceleration
not enough acceleration
not enough acceleration
not enough acceleration
First KF:44; Map init KF:0
New Map created with 162 points
Active map: 0
start VIBA 1
end VIBA 1
Dropping frame 1403638544.5278294
Dropping frame 1403638544.8278296
Dropping frame 1403638545.1278296
Dropping frame 1403638545.3778293
Dropping frame 1403638545.5278294
Dropping frame 1403638545.9278295
Dropping frame 1403638546.0778294
Dropping frame 1403638546.3278296
Dropping frame 1403638546.5278294
Dropping frame 1403638546.6278296
Dropping frame 1403638546.9278295
Dropping frame 1403638547.0278294
Dropping frame 1403638547.3278296
Dropping frame 1403638547.4278295
Dropping frame 1403638548.0278294
Dropping frame 1403638548.3778293
Dropping frame 1403638548.4778295
Dropping frame 1403638548.6778293
Dropping frame 1403638548.7778294
Dropping frame 1403638549.0278294
Dropping frame 1403638549.1278296
Dropping frame 1403638549.4278295
Dropping frame 1403638549.6278296
Dropping frame 1403638550.5278294
Dropping frame 1403638550.6278296
Dropping frame 1403638550.7278295
Dropping frame 1403638551.0278294
Dropping frame 1403638551.1278296
Dropping frame 1403638551.3278296
Dropping frame 1403638551.5778294
Dropping frame 1403638551.7278295
Dropping frame 1403638551.9278295
Dropping frame 1403638552.0278294
Dropping frame 1403638552.2278295
Dropping frame 1403638552.3278296
Dropping frame 1403638552.4278295
Dropping frame 1403638552.5278294
Dropping frame 1403638552.8778293
Dropping frame 1403638553.1278296
Dropping frame 1403638553.2278295
Dropping frame 1403638553.3278296
Dropping frame 1403638553.4278295
Dropping frame 1403638553.6278296
Dropping frame 1403638553.7278295
Dropping frame 1403638553.8278296
Dropping frame 1403638554.0278294
Dropping frame 1403638554.2278295
Dropping frame 1403638554.3278296
start VIBA 2
Dropping frame 1403638554.4278295
Dropping frame 1403638554.5278294
end VIBA 2
Dropping frame 1403638554.7778294
Dropping frame 1403638554.9778295
Dropping frame 1403638555.0778294
Dropping frame 1403638555.2778294
Dropping frame 1403638555.4778295
Dropping frame 1403638555.6778293
Dropping frame 1403638555.7778294
Dropping frame 1403638555.8778293
Dropping frame 1403638555.9778295
Dropping frame 1403638556.1278296
Dropping frame 1403638556.2278295
Dropping frame 1403638556.3278296
Dropping frame 1403638556.4278295
Dropping frame 1403638556.5278294
Dropping frame 1403638556.6278296
Dropping frame 1403638556.8278296
Dropping frame 1403638556.9278295
Dropping frame 1403638557.0278294
Dropping frame 1403638557.1778293
Dropping frame 1403638557.2778294
Dropping frame 1403638557.4778295
Dropping frame 1403638557.6778293
Dropping frame 1403638557.7778294
Dropping frame 1403638557.8778293
Dropping frame 1403638558.2278295
Dropping frame 1403638558.3278296
Dropping frame 1403638558.4278295
Dropping frame 1403638558.6778293
Dropping frame 1403638558.8778293
Dropping frame 1403638558.9778295
Dropping frame 1403638559.0778294
Dropping frame 1403638559.1778293
Dropping frame 1403638559.4278295
Dropping frame 1403638559.5278294
Dropping frame 1403638559.6278296
Dropping frame 1403638559.8278296
Dropping frame 1403638559.9278295
Dropping frame 1403638560.0778294
Dropping frame 1403638560.2278295
Dropping frame 1403638560.3278296
Dropping frame 1403638560.4778295
Dropping frame 1403638560.6278296
Dropping frame 1403638560.8278296
Dropping frame 1403638561.1778293
Dropping frame 1403638561.3778293
Dropping frame 1403638561.5778294
Dropping frame 1403638561.6778293
Dropping frame 1403638561.7778294
Dropping frame 1403638561.9278295
Dropping frame 1403638562.1278296
Dropping frame 1403638562.3278296
Dropping frame 1403638562.4278295
Dropping frame 1403638562.5278294
Dropping frame 1403638562.7278295
Dropping frame 1403638562.8278296
Dropping frame 1403638562.9278295
Dropping frame 1403638563.0278294
Dropping frame 1403638563.2278295
Dropping frame 1403638563.3278296
Dropping frame 1403638563.5278294
Dropping frame 1403638563.6278296
Dropping frame 1403638563.8778293
Dropping frame 1403638564.0778294
Dropping frame 1403638564.1778293
Dropping frame 1403638564.2778294
Dropping frame 1403638564.4778295
Dropping frame 1403638564.6778293
Dropping frame 1403638564.8778293
Dropping frame 1403638565.0778294
Dropping frame 1403638565.1778293
Dropping frame 1403638565.2778294
Dropping frame 1403638565.3778293
Dropping frame 1403638565.4778295
Dropping frame 1403638565.5778294
Dropping frame 1403638565.7778294
Dropping frame 1403638565.8778293
Dropping frame 1403638565.9778295
Dropping frame 1403638566.0778294
Dropping frame 1403638566.2778294
Dropping frame 1403638566.4778295
Dropping frame 1403638566.6778293
Dropping frame 1403638566.8778293
Dropping frame 1403638566.9778295
Dropping frame 1403638567.0778294
Dropping frame 1403638567.2778294
Dropping frame 1403638567.4778295
Dropping frame 1403638567.6778293
Dropping frame 1403638567.7778294
Dropping frame 1403638567.8778293
Dropping frame 1403638568.0778294
Dropping frame 1403638568.1778293
Dropping frame 1403638568.2778294
Dropping frame 1403638568.4778295
Dropping frame 1403638568.6778293
Dropping frame 1403638568.8778293
Dropping frame 1403638569.0778294
Dropping frame 1403638569.1778293
Dropping frame 1403638569.2778294
Dropping frame 1403638569.3778293
Dropping frame 1403638569.5778294
Dropping frame 1403638569.6778293
Dropping frame 1403638569.7778294
Dropping frame 1403638569.9778295
Dropping frame 1403638570.1778293
Dropping frame 1403638570.2778294
Dropping frame 1403638570.5278294
Dropping frame 1403638571.3778293
Dropping frame 1403638571.5778294
Dropping frame 1403638571.6778293
Dropping frame 1403638571.8778293
Dropping frame 1403638572.0778294
Dropping frame 1403638572.2778294
Dropping frame 1403638572.4778295
Dropping frame 1403638572.6778293
Dropping frame 1403638572.8778293
Dropping frame 1403638572.9778295
Dropping frame 1403638573.0778294
Dropping frame 1403638573.2778294
Dropping frame 1403638573.4778295
Dropping frame 1403638573.6778293
Dropping frame 1403638573.7778294
Dropping frame 1403638573.9778295
Dropping frame 1403638574.1778293
Dropping frame 1403638574.4778295
Dropping frame 1403638574.5778294
Dropping frame 1403638574.9778295
Dropping frame 1403638575.7278295
Dropping frame 1403638576.4778295
Dropping frame 1403638576.9778295
Dropping frame 1403638577.0778294
Dropping frame 1403638577.7278295
Dropping frame 1403638577.8278296
Dropping frame 1403638578.0278294
Dropping frame 1403638578.2278295
Dropping frame 1403638578.5278294
Dropping frame 1403638578.7278295
Dropping frame 1403638578.9278295
Dropping frame 1403638579.0278294
Dropping frame 1403638579.2278295
Dropping frame 1403638579.4778295
Dropping frame 1403638579.8278296
Dropping frame 1403638579.9778295
Dropping frame 1403638580.2778294
Dropping frame 1403638580.5778294
Dropping frame 1403638580.6778293
Dropping frame 1403638580.7778294
Dropping frame 1403638580.9778295
Dropping frame 1403638581.1778293
Dropping frame 1403638581.3778293
Dropping frame 1403638581.4778295
Dropping frame 1403638581.6778293
Dropping frame 1403638581.7778294
Dropping frame 1403638581.8778293
Dropping frame 1403638582.0778294
Dropping frame 1403638582.3778293
Dropping frame 1403638582.7278295
Dropping frame 1403638583.0278294
Dropping frame 1403638583.2278295
Dropping frame 1403638583.5778294
Dropping frame 1403638583.6778293
Dropping frame 1403638583.9278295
Dropping frame 1403638584.1278296
Dropping frame 1403638584.2778294
Dropping frame 1403638584.4778295
Dropping frame 1403638584.6778293
Dropping frame 1403638584.7778294
Dropping frame 1403638585.4778295
Dropping frame 1403638585.9278295
Dropping frame 1403638586.2278295
Dropping frame 1403638586.3278296
Dropping frame 1403638586.5778294
Dropping frame 1403638586.8778293
Dropping frame 1403638587.2278295
Dropping frame 1403638587.4278295
Dropping frame 1403638587.7778294
Dropping frame 1403638588.0778294
Dropping frame 1403638588.2778294
Dropping frame 1403638588.4778295
Dropping frame 1403638589.4278295
Dropping frame 1403638589.7278295
Dropping frame 1403638589.9278295
Dropping frame 1403638590.6278296
Dropping frame 1403638590.9278295
Dropping frame 1403638591.1278296
Dropping frame 1403638591.3278296
Dropping frame 1403638591.4278295
Dropping frame 1403638591.6778293
Dropping frame 1403638591.8778293
Dropping frame 1403638592.0778294
Dropping frame 1403638592.1778293
Dropping frame 1403638592.2778294
Dropping frame 1403638592.4778295
Dropping frame 1403638592.5778294
Dropping frame 1403638592.8278296
Dropping frame 1403638592.9278295
Dropping frame 1403638593.0278294
Dropping frame 1403638593.2278295
Dropping frame 1403638593.3278296
Dropping frame 1403638593.4278295
Dropping frame 1403638593.6278296
Dropping frame 1403638593.8278296
Dropping frame 1403638594.0278294
Dropping frame 1403638594.2278295
Dropping frame 1403638594.3278296
Dropping frame 1403638594.4278295
Dropping frame 1403638594.6278296
Dropping frame 1403638594.8278296
Dropping frame 1403638595.0278294
Dropping frame 1403638595.1278296
Dropping frame 1403638595.2278295
Dropping frame 1403638595.4278295
Dropping frame 1403638595.5278294
Dropping frame 1403638595.6278296
Dropping frame 1403638595.8278296
Dropping frame 1403638596.0278294
Dropping frame 1403638596.1278296
Dropping frame 1403638596.2278295
Dropping frame 1403638596.3278296
Dropping frame 1403638596.5278294
Dropping frame 1403638596.6278296
Dropping frame 1403638596.7278295
Dropping frame 1403638596.8278296
Dropping frame 1403638596.9278295
Dropping frame 1403638597.0278294
Dropping frame 1403638597.1278296
Dropping frame 1403638597.2278295
Dropping frame 1403638597.3278296
Dropping frame 1403638597.5778294
Dropping frame 1403638597.9778295
Dropping frame 1403638598.0778294
Dropping frame 1403638598.2778294
Dropping frame 1403638598.4778295
Dropping frame 1403638598.5778294
Dropping frame 1403638598.8278296
Dropping frame 1403638598.9278295
Dropping frame 1403638599.0278294
Dropping frame 1403638599.2278295
Dropping frame 1403638599.3278296
Dropping frame 1403638599.4278295
Dropping frame 1403638599.6278296
Dropping frame 1403638599.7278295
Dropping frame 1403638599.8278296
Dropping frame 1403638600.0278294
Dropping frame 1403638600.1278296
Dropping frame 1403638600.2278295
Dropping frame 1403638600.4778295
Dropping frame 1403638600.7278295
Dropping frame 1403638600.9278295
Dropping frame 1403638601.1278296
Dropping frame 1403638601.2278295
Dropping frame 1403638601.4778295
Dropping frame 1403638601.7778294
Dropping frame 1403638601.8778293
Dropping frame 1403638601.9778295
Dropping frame 1403638602.3278296
Dropping frame 1403638602.6778293
Dropping frame 1403638603.0278294
Dropping frame 1403638603.1278296
Dropping frame 1403638603.5278294
Dropping frame 1403638604.0278294
Dropping frame 1403638604.2778294
Dropping frame 1403638604.9278295
Dropping frame 1403638605.7778294
Dropping frame 1403638606.3778293
Dropping frame 1403638606.5778294
Dropping frame 1403638606.9778295
Dropping frame 1403638607.5278294
Dropping frame 1403638607.8278296
Dropping frame 1403638608.4778295
Dropping frame 1403638608.7778294
Dropping frame 1403638609.2278295
Dropping frame 1403638609.5278294
Dropping frame 1403638610.3278296
Dropping frame 1403638612.0278294
Dropping frame 1403638623.5778294
Dropping frame 1403638623.6778293
Dropping frame 1403638623.9278295
Dropping frame 1403638624.2278295
Dropping frame 1403638624.4278295
Dropping frame 1403638624.7778294
Dropping frame 1403638624.8778293
Dropping frame 1403638625.1778293
Dropping frame 1403638625.2778294
Dropping frame 1403638625.4778295
Dropping frame 1403638625.6778293
Dropping frame 1403638625.8778293
Dropping frame 1403638625.9778295
Dropping frame 1403638626.2278295
Dropping frame 1403638626.4278295
Dropping frame 1403638626.5778294
Dropping frame 1403638626.6778293
Dropping frame 1403638626.8778293
Dropping frame 1403638627.0778294
Dropping frame 1403638627.2778294
Dropping frame 1403638627.3778293
Dropping frame 1403638627.6278296
Dropping frame 1403638627.8278296
Dropping frame 1403638628.0278294
Dropping frame 1403638628.1278296
Dropping frame 1403638628.3778293
Dropping frame 1403638628.4778295
Dropping frame 1403638629.2278295
Dropping frame 1403638629.6278296
Dropping frame 1403638629.7278295
Dropping frame 1403638630.1778293
Dropping frame 1403638630.2778294
Dropping frame 1403638630.5278294
Dropping frame 1403638630.7278295
Dropping frame 1403638630.9278295
Dropping frame 1403638631.0278294
Dropping frame 1403638631.2778294
Dropping frame 1403638631.4778295
Dropping frame 1403638631.6778293
Shutdown
SLAM Finished at System Time: 1732013117.74475

 TIME STATS in ms (mean$\pm$std)
OpenCV version: 4.8.1
---------------------------
Tracking

ORB Extraction: 17.845$\pm$2.4426
Stereo Matching: 7.8694$\pm$1.9689
IMU Preintegration: 0.20588$\pm$0.078599
Pose Prediction: 0.39698$\pm$1.1767
LM Track: 17.685$\pm$4.8566
New KF decision: 1.0317$\pm$1.7659
Total Tracking: 33.144$\pm$23.326



Local Mapping

KF Insertion: 13.703$\pm$4.6848
MP Culling: 0.46529$\pm$0.18724
MP Creation: 44.263$\pm$13.987
LBA: 149.59$\pm$44.31
KF Culling: 11.302$\pm$7.9355
Total Local Mapping: 219.88$\pm$65.951
---------------------------

LBA complexity (mean$\pm$std)
LBA Edges: 1959.8$\pm$1040
LBA KF optimized: 6.5$\pm$2.2913
LBA KF fixed: 1$\pm$0
LBA MP: nan$\pm$nan

LBA executions: 394
LBA aborts: 0
---------------------------

Map complexity
KFs in map: 171
MPs in map: 13744
---------------------------

Place Recognition (mean$\pm$std)
Database Query: 2.0236$\pm$1.1311
SE3 estimation: 23.829$\pm$15.365
Total Place Recognition: 18.854$\pm$17.931


Loop Closing (mean$\pm$std)
Loop Fusion: nan$\pm$nan
Essential Graph: nan$\pm$nan
Total Loop Closing: nan$\pm$nan

Num exec: 0
Number of KFs: nan$\pm$nan

Map Merging (mean$\pm$std)
Merge Maps: nan$\pm$nan
Welding BA: nan$\pm$nan
Optimization Ess.: nan$\pm$nan
Total Map Merging: nan$\pm$nan

Num exec: 0
Number of KFs: nan$\pm$nan
Number of MPs: nan$\pm$nan

Full GBA (mean$\pm$std)
GBA: nan$\pm$nan
Map Update: nan$\pm$nan
Total Full GBA: nan$\pm$nan

Num exec: 0
Num abort: 0
Number of KFs: nan$\pm$nan
Number of MPs: nan$\pm$nan

Saving trajectory to f_dataset-MH05_stereo_imu.txt ...
There are 1 maps in the atlas
  Map 0 has 171 KFs

End of saving trajectory to f_dataset-MH05_stereo_imu.txt ...

Saving keyframe trajectory to kf_dataset-MH05_stereo_imu.txt ...
