num_seq = 1
file name: dataset-MH04_stereo_imu
Loading images for sequence 0...LOADED!
Loading IMU for sequence 0...LOADED!

-------

ORB-SLAM3 Copyright (C) 2017-2020 Carlos Campos, Richard Elvira, Juan J. Gómez, José M.M. Montiel and Juan D. Tardós, University of Zaragoza.
ORB-SLAM2 Copyright (C) 2014-2016 Raúl Mur-Artal, José M.M. Montiel and Juan D. Tardós, University of Zaragoza.
This program comes with ABSOLUTELY NO WARRANTY;
This is free software, and you are welcome to redistribute it
under certain conditions. See LICENSE.txt.

Built with REGISTER_TIMES
Git Commit Hash: 42e930e

Compiled with C++ version: 201703

Input sensor was set to: Stereo-Inertial
Loading settings from ./Examples/Stereo-Inertial/EuRoC_fov_deadlines_mask_10x10.yaml
	-Loaded camera 1
	-Loaded camera 2
	-Loaded image info
	-Loaded IMU calibration
	-Loaded ORB settings
	-Loaded viewer settings
	-Loaded Atlas settings
Deadlines enabled, will skip frames!
FOV enabled
Static mask size: 10x10
Dumping map points enabled
	-Loaded misc parameters
	-Computed rectification maps
----------------------------------
SLAM settings: 
	-Camera 1 parameters (Pinhole): [ 458.65399169921875 457.29598999023438 367.21499633789062 248.375 ]
	-Camera 1 distortion parameters: [  -0.28340810537338257 0.073959067463874817 0.00019359000725671649 1.7618711353861727e-05 ]
	-Camera 2 parameters (Pinhole: [ 457.58700561523438 456.13400268554688 379.99899291992188 255.23800659179688 ]
	-Camera 1 distortion parameters: [  -0.2836836576461792 0.074512839317321777 -0.00010473000293131918 -3.555907096597366e-05 ]
	-Original image size: [ 752 , 480 ]
	-Current image size: [ 752 , 480 ]
	-Camera 1 parameters after rectification: [  456.71499633789062 456.71499633789062 364.52615356445312 257.268798828125 ]
	-Sequence FPS: 20
	-Stereo baseline: 0.11007784307003021
	-Stereo depth threshold : 60
	-Gyro noise: 0.00016999999934341758
	-Accelerometer noise: 0.0020000000949949026
	-Gyro walk: 1.9392999092815444e-05
	-Accelerometer walk: 0.0030000000260770321
	-IMU frequency: 200
	-Features per image: 1200
	-ORB scale factor: 1.2000000476837158
	-ORB number of scales: 8
	-Initial FAST threshold: 20
	-Min FAST threshold: 7


Loading ORB Vocabulary. This could take a while...
Vocabulary loaded!

Initialization of Atlas from scratch 
Creation of new map with id: 0
Creation of new map with last KF id: 0
Seq. Name: 
There are 1 cameras in the atlas
Camera 0 is pinhole
SLAM Started at System Time: 1734511431.81445
not IMU meas
not IMU meas
not enough acceleration
not enough acceleration
not enough acceleration
not enough acceleration
not enough acceleration
not enough acceleration
not enough acceleration
not enough acceleration
not enough acceleration
not enough acceleration
not enough acceleration
not enough acceleration
not enough acceleration
not enough acceleration
not enough acceleration
not enough acceleration
not enough acceleration
not enough acceleration
not enough acceleration
not enough acceleration
not enough acceleration
not enough acceleration
not enough acceleration
not enough acceleration
not enough acceleration
not enough acceleration
not enough acceleration
not enough acceleration
not enough acceleration
not enough acceleration
First KF:0; Map init KF:0
New Map created with 146 points
Active map: 0
Dropping frame 1403638130.445097
Dropping frame 1403638130.8450971
Dropping frame 1403638130.9950972
Dropping frame 1403638131.2450969
Dropping frame 1403638131.445097
Dropping frame 1403638131.5950971
Dropping frame 1403638131.895097
Dropping frame 1403638132.145097
Dropping frame 1403638132.2450969
Dropping frame 1403638132.445097
Dropping frame 1403638132.5450969
Dropping frame 1403638132.645097
Dropping frame 1403638132.945097
Dropping frame 1403638133.2950971
Dropping frame 1403638133.4950972
Dropping frame 1403638133.7950971
Dropping frame 1403638133.9950972
Dropping frame 1403638134.195097
Dropping frame 1403638134.2950971
Dropping frame 1403638134.395097
start VIBA 1
end VIBA 1
Dropping frame 1403638134.695097
Dropping frame 1403638134.7950971
Dropping frame 1403638134.9950972
Dropping frame 1403638135.0950971
Dropping frame 1403638135.2950971
Dropping frame 1403638135.5950971
Dropping frame 1403638135.695097
Dropping frame 1403638135.8450971
Dropping frame 1403638136.0950971
Dropping frame 1403638136.195097
Dropping frame 1403638136.445097
Dropping frame 1403638136.5450969
Dropping frame 1403638136.7950971
Dropping frame 1403638136.9950972
Dropping frame 1403638137.195097
Dropping frame 1403638137.2950971
Dropping frame 1403638137.395097
Dropping frame 1403638137.4950972
Dropping frame 1403638137.5950971
Dropping frame 1403638137.7950971
Dropping frame 1403638137.9950972
Dropping frame 1403638138.0950971
Dropping frame 1403638138.195097
Dropping frame 1403638138.395097
Dropping frame 1403638138.5950971
Dropping frame 1403638138.695097
Dropping frame 1403638138.7950971
Not enough motion for initializing. Reseting...
TRACK: Reset map because local mapper set the bad imu flag 
LM: Active map reset recieved
LM: Active map reset, waiting...
LM: Reseting current map in Local Mapping...
LM: End reseting Local Mapping...
LM: Reset free the mutex
LM: Active map reset, Done!!!
mnFirstFrameId = 32
mnInitialFrameId = 0
152 Frames set to lost
not IMU meas
not enough acceleration
Dropping frame 1403638138.9950972
not enough acceleration
Dropping frame 1403638139.0950971
not enough acceleration
Dropping frame 1403638139.195097
not enough acceleration
Dropping frame 1403638139.2950971
not enough acceleration
Dropping frame 1403638139.395097
not enough acceleration
not enough acceleration
not enough acceleration
not enough acceleration
not enough acceleration
not enough acceleration
Dropping frame 1403638139.7450969
not enough acceleration
Dropping frame 1403638139.8450971
not enough acceleration
not enough acceleration
not enough acceleration
Dropping frame 1403638140.0450969
not enough acceleration
Dropping frame 1403638140.145097
not enough acceleration
Dropping frame 1403638140.2450969
not enough acceleration
Dropping frame 1403638140.3450971
not enough acceleration
not enough acceleration
not enough acceleration
not enough acceleration
not enough acceleration
not enough acceleration
Dropping frame 1403638140.695097
not enough acceleration
Dropping frame 1403638140.7950971
not enough acceleration
not enough acceleration
not enough acceleration
not enough acceleration
not enough acceleration
Dropping frame 1403638141.0950971
not enough acceleration
not enough acceleration
not enough acceleration
Dropping frame 1403638141.2950971
not enough acceleration
not enough acceleration
not enough acceleration
Dropping frame 1403638141.4950972
not enough acceleration
not enough acceleration
not enough acceleration
Dropping frame 1403638141.695097
not enough acceleration
Dropping frame 1403638141.7950971
not enough acceleration
not enough acceleration
not enough acceleration
not enough acceleration
not enough acceleration
not enough acceleration
not enough acceleration
not enough acceleration
not enough acceleration
not enough acceleration
not enough acceleration
not enough acceleration
First KF:40; Map init KF:0
New Map created with 169 points
Active map: 0
Dropping frame 1403638144.3450971
Dropping frame 1403638144.5950971
Dropping frame 1403638144.645097
Not enough motion for initializing. Reseting...
LM: Reseting current map in Local Mapping...
LM: End reseting Local Mapping...
LM: Reset free the mutex
Not enough motion for initializing. Reseting...
TRACK: Reset map because local mapper set the bad imu flag 
LM: Reseting current map in Local Mapping...
LM: End reseting Local Mapping...
LM: Reset free the mutex
LM: Active map reset recieved
LM: Active map reset, waiting...
LM: Reseting current map in Local Mapping...
LM: End reseting Local Mapping...
LM: Reset free the mutex
LM: Active map reset, Done!!!
mnFirstFrameId = 238
mnInitialFrameId = 184
215 Frames set to lost
not IMU meas
not enough acceleration
not enough acceleration
not enough acceleration
not enough acceleration
not enough acceleration
not enough acceleration
not enough acceleration
not enough acceleration
not enough acceleration
not enough acceleration
not enough acceleration
not enough acceleration
not enough acceleration
not enough acceleration
not enough acceleration
not enough acceleration
not enough acceleration
not enough acceleration
not enough acceleration
not enough acceleration
not enough acceleration
not enough acceleration
not enough acceleration
not enough acceleration
not enough acceleration
not enough acceleration
not enough acceleration
not enough acceleration
not enough acceleration
not enough acceleration
not enough acceleration
not enough acceleration
not enough acceleration
not enough acceleration
not enough acceleration
not enough acceleration
not enough acceleration
not enough acceleration
not enough acceleration
First KF:52; Map init KF:40
New Map created with 174 points
Active map: 0
start VIBA 1
end VIBA 1
Dropping frame 1403638155.195097
Dropping frame 1403638155.7450969
Dropping frame 1403638156.0950971
Dropping frame 1403638156.3450971
Dropping frame 1403638156.445097
Dropping frame 1403638156.5950971
Dropping frame 1403638156.7450969
Dropping frame 1403638156.8450971
Dropping frame 1403638156.9950972
Dropping frame 1403638157.145097
Dropping frame 1403638157.395097
Dropping frame 1403638157.8450971
Dropping frame 1403638158.0450969
Dropping frame 1403638158.2450969
Dropping frame 1403638158.395097
Dropping frame 1403638158.4950972
Dropping frame 1403638158.645097
Dropping frame 1403638158.8450971
Dropping frame 1403638158.945097
Dropping frame 1403638159.0450969
Dropping frame 1403638159.2450969
Dropping frame 1403638159.3450971
Dropping frame 1403638159.5450969
Dropping frame 1403638159.645097
Dropping frame 1403638159.7950971
Dropping frame 1403638159.895097
Dropping frame 1403638160.0950971
Dropping frame 1403638160.195097
Dropping frame 1403638160.2950971
Dropping frame 1403638160.645097
Dropping frame 1403638160.7950971
Dropping frame 1403638160.945097
Dropping frame 1403638161.0450969
Dropping frame 1403638161.145097
Dropping frame 1403638161.2450969
Dropping frame 1403638162.2450969
Dropping frame 1403638162.4950972
Dropping frame 1403638162.945097
Dropping frame 1403638163.195097
start VIBA 2
Dropping frame 1403638163.3450971
Dropping frame 1403638163.4950972
end VIBA 2
Dropping frame 1403638163.695097
Dropping frame 1403638163.7950971
Dropping frame 1403638163.9950972
Dropping frame 1403638164.3450971
Dropping frame 1403638164.445097
Dropping frame 1403638164.5450969
Dropping frame 1403638164.695097
Dropping frame 1403638164.945097
Dropping frame 1403638165.195097
Dropping frame 1403638165.445097
Dropping frame 1403638165.695097
Dropping frame 1403638165.8450971
Dropping frame 1403638166.0950971
Dropping frame 1403638166.2950971
Dropping frame 1403638166.395097
Dropping frame 1403638166.5950971
Dropping frame 1403638166.695097
Dropping frame 1403638166.895097
Dropping frame 1403638167.0950971
Dropping frame 1403638167.195097
Dropping frame 1403638167.395097
Dropping frame 1403638167.4950972
Dropping frame 1403638167.695097
Dropping frame 1403638167.7950971
Dropping frame 1403638167.895097
Dropping frame 1403638167.9950972
Dropping frame 1403638168.195097
Dropping frame 1403638168.2950971
Dropping frame 1403638168.445097
Dropping frame 1403638168.5950971
Dropping frame 1403638168.895097
Dropping frame 1403638168.9950972
Dropping frame 1403638169.0950971
Dropping frame 1403638169.2950971
Dropping frame 1403638169.395097
Dropping frame 1403638169.4950972
Dropping frame 1403638169.695097
Dropping frame 1403638169.7950971
Dropping frame 1403638169.9950972
Dropping frame 1403638170.195097
Dropping frame 1403638170.2950971
Dropping frame 1403638170.4950972
Dropping frame 1403638170.5950971
Dropping frame 1403638170.695097
Dropping frame 1403638170.895097
Dropping frame 1403638171.0950971
Dropping frame 1403638171.2950971
Dropping frame 1403638171.395097
Dropping frame 1403638171.4950972
Dropping frame 1403638171.695097
Dropping frame 1403638171.895097
Dropping frame 1403638171.9950972
Dropping frame 1403638172.2450969
Dropping frame 1403638172.445097
Dropping frame 1403638172.5450969
Dropping frame 1403638172.7450969
Dropping frame 1403638172.945097
Dropping frame 1403638173.0450969
Dropping frame 1403638173.145097
Dropping frame 1403638173.3450971
Dropping frame 1403638173.5450969
Dropping frame 1403638173.7450969
Dropping frame 1403638173.895097
Dropping frame 1403638174.2450969
Dropping frame 1403638174.3450971
Dropping frame 1403638174.5450969
Dropping frame 1403638174.645097
Dropping frame 1403638174.8450971
Dropping frame 1403638175.0450969
Dropping frame 1403638175.2450969
Dropping frame 1403638175.445097
Dropping frame 1403638175.5450969
Dropping frame 1403638175.645097
Dropping frame 1403638175.7950971
Dropping frame 1403638175.895097
Dropping frame 1403638176.0950971
Dropping frame 1403638176.195097
Dropping frame 1403638176.395097
Dropping frame 1403638176.4950972
Dropping frame 1403638176.645097
Dropping frame 1403638176.8450971
Dropping frame 1403638177.0450969
Dropping frame 1403638177.145097
Dropping frame 1403638177.2450969
Dropping frame 1403638177.3450971
Dropping frame 1403638177.5450969
Dropping frame 1403638177.645097
Dropping frame 1403638177.7450969
Dropping frame 1403638177.8450971
Dropping frame 1403638177.945097
Dropping frame 1403638178.0450969
Dropping frame 1403638178.145097
Dropping frame 1403638178.2450969
Dropping frame 1403638178.445097
Dropping frame 1403638178.5450969
Dropping frame 1403638178.645097
Dropping frame 1403638178.7450969
Dropping frame 1403638178.9950972
Dropping frame 1403638179.395097
Dropping frame 1403638179.695097
Dropping frame 1403638179.895097
Dropping frame 1403638179.9950972
Dropping frame 1403638180.0950971
Dropping frame 1403638180.2950971
Dropping frame 1403638180.395097
Dropping frame 1403638180.5450969
Dropping frame 1403638180.8450971
Dropping frame 1403638181.0450969
Dropping frame 1403638181.2450969
Dropping frame 1403638181.3450971
Dropping frame 1403638181.5450969
Dropping frame 1403638181.695097
Dropping frame 1403638181.7950971
Dropping frame 1403638181.9950972
Dropping frame 1403638182.0950971
Dropping frame 1403638182.195097
Dropping frame 1403638182.2950971
Dropping frame 1403638182.4950972
Dropping frame 1403638182.5950971
Dropping frame 1403638182.895097
Dropping frame 1403638182.9950972
Dropping frame 1403638183.2950971
Dropping frame 1403638183.395097
Dropping frame 1403638183.695097
Dropping frame 1403638183.945097
Dropping frame 1403638184.0450969
Dropping frame 1403638184.2950971
Dropping frame 1403638184.4950972
Dropping frame 1403638184.5950971
Dropping frame 1403638184.8450971
Dropping frame 1403638185.0450969
Dropping frame 1403638185.145097
Dropping frame 1403638185.2450969
Dropping frame 1403638185.445097
Dropping frame 1403638185.5450969
Dropping frame 1403638185.645097
Dropping frame 1403638185.8450971
Dropping frame 1403638186.0450969
Dropping frame 1403638186.145097
Dropping frame 1403638186.2450969
Dropping frame 1403638186.445097
Dropping frame 1403638186.645097
Dropping frame 1403638186.7450969
Dropping frame 1403638186.8450971
Dropping frame 1403638187.195097
Dropping frame 1403638187.395097
Dropping frame 1403638187.5950971
Dropping frame 1403638187.695097
Dropping frame 1403638187.7950971
Dropping frame 1403638187.9950972
Dropping frame 1403638188.195097
Dropping frame 1403638188.445097
Dropping frame 1403638188.5450969
Dropping frame 1403638188.7950971
Dropping frame 1403638189.145097
Dropping frame 1403638189.3450971
Dropping frame 1403638189.5450969
Dropping frame 1403638189.645097
Dropping frame 1403638189.895097
Dropping frame 1403638190.0950971
Dropping frame 1403638190.2950971
Dropping frame 1403638190.395097
Dropping frame 1403638190.645097
Dropping frame 1403638190.8450971
Dropping frame 1403638190.945097
Dropping frame 1403638191.195097
Dropping frame 1403638191.3450971
Dropping frame 1403638191.5450969
Dropping frame 1403638191.7950971
Dropping frame 1403638192.0450969
Dropping frame 1403638192.2450969
Dropping frame 1403638192.445097
Dropping frame 1403638192.7450969
Dropping frame 1403638192.8450971
Dropping frame 1403638193.0950971
Dropping frame 1403638193.195097
Dropping frame 1403638193.445097
Dropping frame 1403638193.645097
Dropping frame 1403638193.8450971
Dropping frame 1403638193.945097
Dropping frame 1403638194.195097
Dropping frame 1403638194.2950971
Dropping frame 1403638194.5450969
Dropping frame 1403638194.7450969
Dropping frame 1403638195.0950971
Dropping frame 1403638195.395097
Dropping frame 1403638195.5950971
Dropping frame 1403638195.695097
Dropping frame 1403638195.945097
Dropping frame 1403638196.0450969
Dropping frame 1403638196.445097
Dropping frame 1403638196.895097
Dropping frame 1403638197.445097
Dropping frame 1403638197.695097
Dropping frame 1403638198.145097
Dropping frame 1403638198.395097
Dropping frame 1403638198.645097
Dropping frame 1403638198.8450971
Dropping frame 1403638198.9950972
Dropping frame 1403638199.445097
Dropping frame 1403638199.7450969
Dropping frame 1403638199.8450971
Dropping frame 1403638199.945097
Dropping frame 1403638200.145097
Dropping frame 1403638200.3450971
Dropping frame 1403638200.5450969
Dropping frame 1403638200.645097
Dropping frame 1403638200.8450971
Dropping frame 1403638201.0450969
Dropping frame 1403638201.145097
Dropping frame 1403638201.2450969
Dropping frame 1403638201.445097
Dropping frame 1403638201.645097
Dropping frame 1403638201.7450969
Dropping frame 1403638201.9950972
Dropping frame 1403638202.195097
Dropping frame 1403638202.445097
Dropping frame 1403638202.5450969
Dropping frame 1403638202.645097
Dropping frame 1403638202.8450971
Dropping frame 1403638202.945097
Dropping frame 1403638203.0450969
Dropping frame 1403638203.2450969
Dropping frame 1403638203.445097
Dropping frame 1403638203.645097
Dropping frame 1403638203.8450971
Dropping frame 1403638203.945097
Dropping frame 1403638204.0450969
Dropping frame 1403638204.2450969
Dropping frame 1403638204.445097
Dropping frame 1403638204.645097
Dropping frame 1403638204.8450971
Dropping frame 1403638205.0450969
Dropping frame 1403638205.2450969
Dropping frame 1403638205.445097
Dropping frame 1403638205.645097
Dropping frame 1403638205.7950971
Dropping frame 1403638205.9950972
Dropping frame 1403638206.195097
Dropping frame 1403638206.8450971
Dropping frame 1403638207.945097
Dropping frame 1403638208.145097
Dropping frame 1403638208.3450971
Dropping frame 1403638208.645097
Dropping frame 1403638208.8450971
Dropping frame 1403638209.0950971
Dropping frame 1403638209.195097
Dropping frame 1403638209.2950971
Dropping frame 1403638209.395097
Dropping frame 1403638209.4950972
Dropping frame 1403638209.695097
Dropping frame 1403638209.7950971
Dropping frame 1403638209.895097
Dropping frame 1403638210.0950971
Dropping frame 1403638210.195097
Dropping frame 1403638210.445097
Dropping frame 1403638210.645097
Dropping frame 1403638210.7450969
Dropping frame 1403638210.9950972
Dropping frame 1403638211.0950971
Dropping frame 1403638211.2950971
Dropping frame 1403638211.4950972
Dropping frame 1403638211.5950971
Dropping frame 1403638211.9950972
Dropping frame 1403638212.195097
Dropping frame 1403638212.395097
Dropping frame 1403638212.4950972
Dropping frame 1403638212.7450969
Dropping frame 1403638212.945097
Dropping frame 1403638213.0950971
Dropping frame 1403638213.395097
Dropping frame 1403638213.5950971
Dropping frame 1403638213.7450969
Dropping frame 1403638213.8450971
Dropping frame 1403638214.0950971
Dropping frame 1403638214.2950971
Dropping frame 1403638214.4950972
Dropping frame 1403638214.7450969
Dropping frame 1403638215.2450969
Dropping frame 1403638215.395097
Dropping frame 1403638215.695097
Dropping frame 1403638215.945097
Dropping frame 1403638216.145097
Dropping frame 1403638216.2450969
Dropping frame 1403638216.5450969
Dropping frame 1403638216.645097
Dropping frame 1403638216.895097
Dropping frame 1403638217.0950971
Dropping frame 1403638217.695097
Dropping frame 1403638217.895097
Dropping frame 1403638218.445097
Dropping frame 1403638218.645097
Dropping frame 1403638219.645097
Dropping frame 1403638220.895097
Dropping frame 1403638221.195097
Dropping frame 1403638221.945097
Dropping frame 1403638222.2950971
Dropping frame 1403638228.395097
Shutdown
SLAM Finished at System Time: 1734511553.26808

 TIME STATS in ms (mean$\pm$std)
OpenCV version: 4.8.1
---------------------------
Tracking

ORB Extraction: 17.776$\pm$2.2608
Stereo Matching: 8.1741$\pm$2.0473
IMU Preintegration: 0.20881$\pm$0.089393
Pose Prediction: 0.52706$\pm$1.368
LM Track: 17.512$\pm$5.4517
New KF decision: 1.1023$\pm$1.8781
Total Tracking: 32.385$\pm$24.074



Local Mapping

KF Insertion: 13.064$\pm$4.575
MP Culling: 0.4513$\pm$0.2012
MP Creation: 40.995$\pm$14.544
LBA: 140.12$\pm$44.913
KF Culling: 10.67$\pm$8.6226
Total Local Mapping: 205.21$\pm$67.817
---------------------------

LBA complexity (mean$\pm$std)
LBA Edges: 1645.2$\pm$1106.4
LBA KF optimized: 6.5$\pm$2.2913
LBA KF fixed: 1$\pm$0
LBA MP: nan$\pm$nan

LBA executions: 384
LBA aborts: 0
---------------------------

Map complexity
KFs in map: 171
MPs in map: 13744
---------------------------

Place Recognition (mean$\pm$std)
Database Query: 2.0592$\pm$0.99432
SE3 estimation: 26.56$\pm$16.377
Total Place Recognition: 20.148$\pm$19.316


Loop Closing (mean$\pm$std)
Loop Fusion: nan$\pm$nan
Essential Graph: nan$\pm$nan
Total Loop Closing: nan$\pm$nan

Num exec: 0
Number of KFs: nan$\pm$nan

Map Merging (mean$\pm$std)
Merge Maps: nan$\pm$nan
Welding BA: nan$\pm$nan
Optimization Ess.: nan$\pm$nan
Total Map Merging: nan$\pm$nan

Num exec: 0
Number of KFs: nan$\pm$nan
Number of MPs: nan$\pm$nan

Full GBA (mean$\pm$std)
GBA: nan$\pm$nan
Map Update: nan$\pm$nan
Total Full GBA: nan$\pm$nan

Num exec: 0
Num abort: 0
Number of KFs: nan$\pm$nan
Number of MPs: nan$\pm$nan

Saving trajectory to f_dataset-MH04_stereo_imu.txt ...
There are 1 maps in the atlas
  Map 0 has 171 KFs

End of saving trajectory to f_dataset-MH04_stereo_imu.txt ...

Saving keyframe trajectory to kf_dataset-MH04_stereo_imu.txt ...
