num_seq = 1
file name: dataset-MH05_stereo_imu
Loading images for sequence 0...LOADED!
Loading IMU for sequence 0...LOADED!

-------

ORB-SLAM3 Copyright (C) 2017-2020 Carlos Campos, Richard Elvira, Juan J. Gómez, José M.M. Montiel and Juan D. Tardós, University of Zaragoza.
ORB-SLAM2 Copyright (C) 2014-2016 Raúl Mur-Artal, José M.M. Montiel and Juan D. Tardós, University of Zaragoza.
This program comes with ABSOLUTELY NO WARRANTY;
This is free software, and you are welcome to redistribute it
under certain conditions. See LICENSE.txt.

Built with REGISTER_TIMES
Git Commit Hash: e54774f

Build Type: Release

Compiled with C++ version: 201703

Input sensor was set to: Stereo-Inertial
Loading settings from EuRoC_fov_mask_3x3.yaml
	-Loaded camera 1
	-Loaded camera 2
	-Loaded image info
	-Loaded IMU calibration
	-Loaded ORB settings
	-Loaded viewer settings
	-Loaded Atlas settings
FOV enabled
Static mask size: 3x3
Dumping map points enabled
	-Loaded misc parameters
	-Computed rectification maps
----------------------------------
SLAM settings: 
	-Camera 1 parameters (Pinhole): [ 458.65399169921875 457.29598999023438 367.21499633789062 248.375 ]
	-Camera 1 distortion parameters: [  -0.28340810537338257 0.073959067463874817 0.00019359000725671649 1.7618711353861727e-05 ]
	-Camera 2 parameters (Pinhole: [ 457.58700561523438 456.13400268554688 379.99899291992188 255.23800659179688 ]
	-Camera 1 distortion parameters: [  -0.2836836576461792 0.074512839317321777 -0.00010473000293131918 -3.555907096597366e-05 ]
	-Original image size: [ 752 , 480 ]
	-Current image size: [ 752 , 480 ]
	-Camera 1 parameters after rectification: [  456.71499633789062 456.71499633789062 364.52615356445312 257.268798828125 ]
	-Sequence FPS: 20
	-Stereo baseline: 0.11007784307003021
	-Stereo depth threshold : 60
	-Gyro noise: 0.00016999999934341758
	-Accelerometer noise: 0.0020000000949949026
	-Gyro walk: 1.9392999092815444e-05
	-Accelerometer walk: 0.0030000000260770321
	-IMU frequency: 200
	-Features per image: 1200
	-ORB scale factor: 1.2000000476837158
	-ORB number of scales: 8
	-Initial FAST threshold: 20
	-Min FAST threshold: 7


Loading ORB Vocabulary. This could take a while...
Vocabulary loaded!

Initialization of Atlas from scratch 
Creation of new map with id: 0
Creation of new map with last KF id: 0
Seq. Name: 
There are 1 cameras in the atlas
Camera 0 is pinhole
SLAM Started at System Time: 1735349206.69789
not IMU meas
not IMU meas
not enough acceleration
not enough acceleration
not enough acceleration
not enough acceleration
not enough acceleration
not enough acceleration
not enough acceleration
not enough acceleration
not enough acceleration
not enough acceleration
not enough acceleration
not enough acceleration
not enough acceleration
not enough acceleration
not enough acceleration
not enough acceleration
not enough acceleration
not enough acceleration
not enough acceleration
not enough acceleration
not enough acceleration
not enough acceleration
not enough acceleration
not enough acceleration
not enough acceleration
not enough acceleration
not enough acceleration
not enough acceleration
not enough acceleration
not enough acceleration
not enough acceleration
not enough acceleration
not enough acceleration
not enough acceleration
not enough acceleration
not enough acceleration
not enough acceleration
not enough acceleration
not enough acceleration
not enough acceleration
not enough acceleration
not enough acceleration
not enough acceleration
not enough acceleration
not enough acceleration
not enough acceleration
not enough acceleration
not enough acceleration
not enough acceleration
not enough acceleration
not enough acceleration
not enough acceleration
not enough acceleration
not enough acceleration
not enough acceleration
not enough acceleration
not enough acceleration
not enough acceleration
not enough acceleration
not enough acceleration
not enough acceleration
not enough acceleration
not enough acceleration
not enough acceleration
not enough acceleration
not enough acceleration
not enough acceleration
not enough acceleration
not enough acceleration
not enough acceleration
not enough acceleration
not enough acceleration
not enough acceleration
not enough acceleration
not enough acceleration
not enough acceleration
not enough acceleration
not enough acceleration
First KF:0; Map init KF:0
New Map created with 53 points
Active map: 0
start VIBA 1
end VIBA 1
Not enough motion for initializing. Reseting...
TRACK: Reset map because local mapper set the bad imu flag 
LM: Reseting current map in Local Mapping...
LM: End reseting Local Mapping...
LM: Reset free the mutex
LM: Active map reset recieved
LM: Active map reset, waiting...
LM: Reseting current map in Local Mapping...
LM: End reseting Local Mapping...
LM: Reset free the mutex
LM: Active map reset, Done!!!
mnFirstFrameId = 80
mnInitialFrameId = 0
177 Frames set to lost
not IMU meas
not enough acceleration
First KF:48; Map init KF:0
New Map created with 85 points
Active map: 0
Not enough motion for initializing. Reseting...
LM: Reseting current map in Local Mapping...
LM: End reseting Local Mapping...
LM: Reset free the mutex
Not enough motion for initializing. Reseting...
LM: Reseting current map in Local Mapping...
LM: End reseting Local Mapping...
LM: Reset free the mutex
Not enough motion for initializing. Reseting...
LM: Reseting current map in Local Mapping...
LM: End reseting Local Mapping...
LM: Reset free the mutex
Not enough motion for initializing. Reseting...
TRACK: Reset map because local mapper set the bad imu flag 
LM: Reseting current map in Local Mapping...
LM: End reseting Local Mapping...
LM: Reset free the mutex
LM: Active map reset recieved
LM: Active map reset, waiting...
LM: Reseting current map in Local Mapping...
LM: End reseting Local Mapping...
LM: Reset free the mutex
LM: Active map reset, Done!!!
mnFirstFrameId = 260
mnInitialFrameId = 257
266 Frames set to lost
not IMU meas
not enough acceleration
not enough acceleration
not enough acceleration
not enough acceleration
not enough acceleration
not enough acceleration
not enough acceleration
not enough acceleration
not enough acceleration
not enough acceleration
not enough acceleration
not enough acceleration
not enough acceleration
not enough acceleration
not enough acceleration
not enough acceleration
not enough acceleration
not enough acceleration
not enough acceleration
not enough acceleration
not enough acceleration
not enough acceleration
not enough acceleration
not enough acceleration
not enough acceleration
not enough acceleration
not enough acceleration
not enough acceleration
not enough acceleration
not enough acceleration
not enough acceleration
not enough acceleration
not enough acceleration
not enough acceleration
not enough acceleration
not enough acceleration
not enough acceleration
not enough acceleration
not enough acceleration
not enough acceleration
not enough acceleration
not enough acceleration
not enough acceleration
not enough acceleration
not enough acceleration
not enough acceleration
not enough acceleration
not enough acceleration
not enough acceleration
not enough acceleration
not enough acceleration
not enough acceleration
not enough acceleration
not enough acceleration
not enough acceleration
not enough acceleration
not enough acceleration
not enough acceleration
not enough acceleration
not enough acceleration
not enough acceleration
not enough acceleration
not enough acceleration
First KF:62; Map init KF:48
New Map created with 87 points
Active map: 0
Fail to track local map!
IMU is not or recently initialized. Reseting active map...
LM: Active map reset recieved
LM: Active map reset, waiting...
LM: Reseting current map in Local Mapping...
LM: End reseting Local Mapping...
LM: Reset free the mutex
LM: Active map reset, Done!!!
mnFirstFrameId = 414
mnInitialFrameId = 349
315 Frames set to lost
not IMU meas
not enough acceleration
not enough acceleration
First KF:72; Map init KF:62
New Map created with 965 points
Active map: 0
Fail to track local map!
IMU is not or recently initialized. Reseting active map...
LM: Active map reset recieved
LM: Active map reset, waiting...
LM: Reseting current map in Local Mapping...
LM: End reseting Local Mapping...
LM: Reset free the mutex
LM: Active map reset, Done!!!
mnFirstFrameId = 466
mnInitialFrameId = 462
365 Frames set to lost
not IMU meas
not enough acceleration
First KF:82; Map init KF:72
New Map created with 397 points
Active map: 0
start VIBA 1
end VIBA 1
start VIBA 2
end VIBA 2
*Loop detected
phi = -0.0048658638998108333  0.0091009887466300815   -0.18769662524372169
BAD LOOP!!!
*Loop detected
phi = -0.0084199862797165164  0.0098156142656250552   -0.17814766530567039
BAD LOOP!!!
*Loop detected
phi = -0.0043904697540309611  0.0020402772162837822    -0.1892280204822378
Local Mapping STOP
Local Mapping RELEASE
Local Mapping STOP
Local Mapping RELEASE
*Loop detected
phi = -0.00044783954103827647   -0.055558795777835547   -0.054801546801257345
BAD LOOP!!!
*Loop detected
phi = -0.0057006992345877503  -0.052711001637340014  -0.081703706822308875
BAD LOOP!!!
*Loop detected
phi = -0.00085181556654081395   -0.031882302602841688   -0.053436115437491473
BAD LOOP!!!
*Loop detected
phi = 0.0045635102675025485 -0.034386205102859509  -0.05002426378493615
BAD LOOP!!!
*Loop detected
phi =  0.012682205385666683 -0.023015816501214949 -0.031057297675961701
BAD LOOP!!!
*Loop detected
phi =  0.017791792349628587 -0.022058626399383469 -0.017992497023235163
BAD LOOP!!!
*Loop detected
phi =  0.030684354793545199 -0.011445482219216324 -0.025821302390331723
BAD LOOP!!!
*Loop detected
phi =   0.054991058219814669  -0.018445763531293069 -0.0051396879201064142
BAD LOOP!!!
*Loop detected
phi = 0.067180167489080928 -0.03489365936719091 0.022160588861876052
BAD LOOP!!!
*Loop detected
phi =   0.10297114278434942 -0.011151363935083159  0.035963875467541068
BAD LOOP!!!
Shutdown
SLAM Finished at System Time: 1735349340.26669

 TIME STATS in ms (mean$\pm$std)
OpenCV version: 4.8.1
---------------------------
Tracking

ORB Extraction: 12.03$\pm$2.0541
Stereo Matching: 6.2538$\pm$2.6291
IMU Preintegration: 0.1797$\pm$0.077567
Pose Prediction: 0.62172$\pm$1.6857
LM Track: 12.849$\pm$4.8358
New KF decision: 0.86345$\pm$1.5838
Total Tracking: 36.214$\pm$9.3903



Local Mapping

KF Insertion: 8.0948$\pm$3.8104
MP Culling: 0.321$\pm$0.20863
MP Creation: 26.005$\pm$14.079
LBA: 95.397$\pm$46.359
KF Culling: 5.4852$\pm$6.1555
Total Local Mapping: 134.71$\pm$67.77
---------------------------

LBA complexity (mean$\pm$std)
LBA Edges: 1961$\pm$1109.8
LBA KF optimized: 6.325$\pm$2.2846
LBA KF fixed: 1$\pm$0
LBA MP: nan$\pm$nan

LBA executions: 521
LBA aborts: 1
---------------------------

Map complexity
KFs in map: 237
MPs in map: 17001
---------------------------

Place Recognition (mean$\pm$std)
Database Query: 1.0304$\pm$0.68901
SE3 estimation: 15.91$\pm$12.451
Total Place Recognition: 12.173$\pm$13.347


Loop Closing (mean$\pm$std)
Loop Fusion: 19.16$\pm$0
Essential Graph: 77.784$\pm$0
Total Loop Closing: 110.03$\pm$0

Num exec: 1
Number of KFs: nan$\pm$nan

Map Merging (mean$\pm$std)
Merge Maps: nan$\pm$nan
Welding BA: nan$\pm$nan
Optimization Ess.: nan$\pm$nan
Total Map Merging: nan$\pm$nan

Num exec: 0
Number of KFs: nan$\pm$nan
Number of MPs: nan$\pm$nan

Full GBA (mean$\pm$std)
GBA: 842.46$\pm$0
Map Update: 40.494$\pm$0
Total Full GBA: 882.95$\pm$0

Num exec: 1
Num abort: 0
Number of KFs: 164$\pm$0
Number of MPs: 11983$\pm$0

Saving trajectory to f_dataset-MH05_stereo_imu.txt ...
There are 1 maps in the atlas
  Map 0 has 237 KFs

End of saving trajectory to f_dataset-MH05_stereo_imu.txt ...

Saving keyframe trajectory to kf_dataset-MH05_stereo_imu.txt ...
