num_seq = 1
file name: dataset-MH01_stereo_imu
Loading images for sequence 0...LOADED!
Loading IMU for sequence 0...LOADED!

-------

ORB-SLAM3 Copyright (C) 2017-2020 Carlos Campos, Richard Elvira, Juan J. Gómez, José M.M. Montiel and Juan D. Tardós, University of Zaragoza.
ORB-SLAM2 Copyright (C) 2014-2016 Raúl Mur-Artal, José M.M. Montiel and Juan D. Tardós, University of Zaragoza.
This program comes with ABSOLUTELY NO WARRANTY;
This is free software, and you are welcome to redistribute it
under certain conditions. See LICENSE.txt.

Built with REGISTER_TIMES
Git Commit Hash: 90f15d8

Input sensor was set to: Stereo-Inertial
Loading settings from ./Examples/Stereo-Inertial/EuRoC_fov_deadlines_mask_5x5.yaml
	-Loaded camera 1
	-Loaded camera 2
	-Loaded image info
	-Loaded IMU calibration
	-Loaded ORB settings
	-Loaded viewer settings
	-Loaded Atlas settings
Deadlines enabled, will skip frames!
FOV enabled
Static mask size: 5x5
Dumping map points enabled
	-Loaded misc parameters
	-Computed rectification maps
----------------------------------
SLAM settings: 
	-Camera 1 parameters (Pinhole): [ 458.65399169921875 457.29598999023438 367.21499633789062 248.375 ]
	-Camera 1 distortion parameters: [  -0.28340810537338257 0.073959067463874817 0.00019359000725671649 1.7618711353861727e-05 ]
	-Camera 2 parameters (Pinhole: [ 457.58700561523438 456.13400268554688 379.99899291992188 255.23800659179688 ]
	-Camera 1 distortion parameters: [  -0.2836836576461792 0.074512839317321777 -0.00010473000293131918 -3.555907096597366e-05 ]
	-Original image size: [ 752 , 480 ]
	-Current image size: [ 752 , 480 ]
	-Camera 1 parameters after rectification: [  456.71499633789062 456.71499633789062 364.52615356445312 257.268798828125 ]
	-Sequence FPS: 20
	-Stereo baseline: 0.11007784307003021
	-Stereo depth threshold : 60
	-Gyro noise: 0.00016999999934341758
	-Accelerometer noise: 0.0020000000949949026
	-Gyro walk: 1.9392999092815444e-05
	-Accelerometer walk: 0.0030000000260770321
	-IMU frequency: 200
	-Features per image: 1200
	-ORB scale factor: 1.2000000476837158
	-ORB number of scales: 8
	-Initial FAST threshold: 20
	-Min FAST threshold: 7


Loading ORB Vocabulary. This could take a while...
Vocabulary loaded!

Initialization of Atlas from scratch 
Creation of new map with id: 0
Creation of new map with last KF id: 0
Seq. Name: 
There are 1 cameras in the atlas
Camera 0 is pinhole
SLAM Started at System Time: 1732007985.25884
not IMU meas
not IMU meas
not enough acceleration
not enough acceleration
First KF:0; Map init KF:0
New Map created with 541 points
Active map: 0
Dropping frame 1403636580.0635555
Dropping frame 1403636581.1135554
Dropping frame 1403636581.4635556
Dropping frame 1403636581.8635557
Dropping frame 1403636582.1635556
Dropping frame 1403636583.3135555
Dropping frame 1403636583.8135555
Dropping frame 1403636584.0635555
Dropping frame 1403636584.1635556
Dropping frame 1403636584.7135556
Dropping frame 1403636585.2135556
Dropping frame 1403636585.4635556
Dropping frame 1403636585.6135554
start VIBA 1
end VIBA 1
Dropping frame 1403636586.0135555
Dropping frame 1403636586.1135554
Dropping frame 1403636586.3635557
Dropping frame 1403636586.6635556
Dropping frame 1403636586.7635555
Dropping frame 1403636586.9135554
Dropping frame 1403636587.1135554
Dropping frame 1403636587.9635556
Dropping frame 1403636588.3635557
Dropping frame 1403636588.7135556
Dropping frame 1403636588.9135554
Dropping frame 1403636589.1635556
Dropping frame 1403636589.4635556
Dropping frame 1403636589.8135555
Dropping frame 1403636590.2635555
Dropping frame 1403636590.6635556
Dropping frame 1403636591.0135555
Dropping frame 1403636591.7135556
Dropping frame 1403636592.0635555
Dropping frame 1403636592.1635556
Dropping frame 1403636593.7135556
Dropping frame 1403636594.0135555
Dropping frame 1403636594.4135554
Dropping frame 1403636594.9135554
Dropping frame 1403636595.2135556
Dropping frame 1403636595.6635556
Dropping frame 1403636595.8635557
start VIBA 2
Dropping frame 1403636595.9635556
end VIBA 2
Dropping frame 1403636598.6135554
Dropping frame 1403636600.2135556
Dropping frame 1403636602.4135554
Dropping frame 1403636630.2635555
Dropping frame 1403636630.8135555
Dropping frame 1403636631.3635557
Dropping frame 1403636631.7135556
Dropping frame 1403636632.2635555
Dropping frame 1403636632.7135556
Dropping frame 1403636633.1135554
Dropping frame 1403636633.4635556
Dropping frame 1403636633.6635556
Dropping frame 1403636634.0635555
Dropping frame 1403636635.3135555
Dropping frame 1403636635.9635556
Dropping frame 1403636636.1135554
Dropping frame 1403636636.2135556
Dropping frame 1403636636.7135556
Dropping frame 1403636636.8135555
Dropping frame 1403636636.9635556
Dropping frame 1403636637.2635555
Dropping frame 1403636637.3635557
Dropping frame 1403636637.5635555
Dropping frame 1403636637.7135556
Dropping frame 1403636637.9135554
Dropping frame 1403636638.1135554
Dropping frame 1403636638.2135556
Dropping frame 1403636638.4135554
Dropping frame 1403636638.6135554
Dropping frame 1403636638.8135555
Dropping frame 1403636638.9135554
Dropping frame 1403636639.0635555
Dropping frame 1403636639.1635556
Dropping frame 1403636639.4635556
Dropping frame 1403636639.5635555
Dropping frame 1403636639.9635556
Dropping frame 1403636640.0635555
Dropping frame 1403636640.3135555
Dropping frame 1403636640.4135554
Dropping frame 1403636640.8635557
Dropping frame 1403636640.9635556
Dropping frame 1403636641.4635556
Dropping frame 1403636641.9635556
Dropping frame 1403636642.0635555
Dropping frame 1403636642.4135554
Dropping frame 1403636642.5135555
Dropping frame 1403636642.6135554
Dropping frame 1403636643.2635555
Dropping frame 1403636643.5135555
Dropping frame 1403636644.4135554
Dropping frame 1403636644.6635556
Dropping frame 1403636644.8135555
Dropping frame 1403636645.1135554
Dropping frame 1403636645.3135555
Dropping frame 1403636645.4135554
Dropping frame 1403636646.5635555
Dropping frame 1403636646.6635556
Dropping frame 1403636647.5135555
Dropping frame 1403636647.6135554
Dropping frame 1403636647.8135555
Dropping frame 1403636648.0135555
Dropping frame 1403636648.4135554
Dropping frame 1403636648.6135554
Dropping frame 1403636648.8635557
Dropping frame 1403636649.1635556
Dropping frame 1403636649.3635557
Dropping frame 1403636649.4635556
Dropping frame 1403636649.5635555
Dropping frame 1403636649.9635556
Dropping frame 1403636650.2635555
Dropping frame 1403636650.5635555
Dropping frame 1403636650.7635555
Dropping frame 1403636651.0635555
Dropping frame 1403636651.2135556
Dropping frame 1403636651.4635556
Dropping frame 1403636651.5635555
Dropping frame 1403636651.6635556
Dropping frame 1403636651.8635557
Dropping frame 1403636652.0135555
Dropping frame 1403636652.4135554
Dropping frame 1403636652.5135555
Dropping frame 1403636652.9135554
Dropping frame 1403636653.1135554
Dropping frame 1403636653.3135555
Dropping frame 1403636653.4135554
Dropping frame 1403636653.6635556
Dropping frame 1403636654.1635556
Dropping frame 1403636654.3135555
Dropping frame 1403636654.4135554
Dropping frame 1403636654.6135554
Dropping frame 1403636654.8135555
Dropping frame 1403636654.9635556
Dropping frame 1403636655.3635557
Dropping frame 1403636655.5135555
Dropping frame 1403636655.8135555
Dropping frame 1403636655.9635556
Dropping frame 1403636656.0635555
Dropping frame 1403636656.2635555
Dropping frame 1403636656.5135555
Dropping frame 1403636656.6135554
Dropping frame 1403636656.7135556
Dropping frame 1403636657.0135555
Dropping frame 1403636657.1635556
Dropping frame 1403636657.3635557
Dropping frame 1403636657.5635555
Dropping frame 1403636657.7635555
Dropping frame 1403636658.1135554
Dropping frame 1403636659.0635555
Dropping frame 1403636659.4635556
Dropping frame 1403636659.8635557
Dropping frame 1403636660.1135554
Dropping frame 1403636660.3135555
Dropping frame 1403636660.4135554
Dropping frame 1403636660.6635556
Dropping frame 1403636660.8135555
Dropping frame 1403636661.0135555
Dropping frame 1403636661.5135555
Dropping frame 1403636661.6135554
Dropping frame 1403636661.8635557
Dropping frame 1403636662.0635555
Dropping frame 1403636662.3135555
Dropping frame 1403636662.4635556
Dropping frame 1403636662.7135556
Dropping frame 1403636662.8135555
Dropping frame 1403636662.9135554
Dropping frame 1403636663.1135554
Dropping frame 1403636663.3135555
Dropping frame 1403636663.5135555
Dropping frame 1403636663.6135554
Dropping frame 1403636663.7135556
Dropping frame 1403636663.9635556
Dropping frame 1403636664.1635556
Dropping frame 1403636664.4135554
Dropping frame 1403636664.6135554
Dropping frame 1403636665.0135555
Dropping frame 1403636665.6635556
Dropping frame 1403636665.9135554
Dropping frame 1403636666.0635555
Dropping frame 1403636666.3135555
Dropping frame 1403636666.5135555
Dropping frame 1403636666.7135556
Dropping frame 1403636667.0635555
Dropping frame 1403636667.2635555
Dropping frame 1403636667.4135554
Dropping frame 1403636668.1635556
Dropping frame 1403636668.7635555
Dropping frame 1403636669.0135555
Dropping frame 1403636669.2135556
Dropping frame 1403636669.3135555
Dropping frame 1403636669.4135554
Dropping frame 1403636669.6635556
Dropping frame 1403636669.8635557
Dropping frame 1403636670.1635556
Dropping frame 1403636670.3635557
Dropping frame 1403636670.4635556
Dropping frame 1403636670.8135555
Dropping frame 1403636671.1135554
Dropping frame 1403636671.2635555
Dropping frame 1403636671.7135556
Dropping frame 1403636672.0135555
Dropping frame 1403636672.7635555
Dropping frame 1403636673.4635556
Dropping frame 1403636673.5635555
Dropping frame 1403636673.8135555
Dropping frame 1403636674.0135555
Dropping frame 1403636675.2635555
Dropping frame 1403636675.9635556
Dropping frame 1403636676.2635555
Dropping frame 1403636677.5135555
Dropping frame 1403636677.8135555
Dropping frame 1403636678.1135554
Dropping frame 1403636678.4135554
Dropping frame 1403636678.7135556
Dropping frame 1403636679.2135556
Dropping frame 1403636679.4635556
Dropping frame 1403636679.7635555
Dropping frame 1403636680.0635555
Dropping frame 1403636680.5635555
Dropping frame 1403636680.9135554
Dropping frame 1403636681.2635555
Dropping frame 1403636681.5635555
Dropping frame 1403636681.8135555
Dropping frame 1403636682.1635556
Dropping frame 1403636682.5135555
Dropping frame 1403636683.4635556
Dropping frame 1403636683.6635556
Dropping frame 1403636684.0135555
Dropping frame 1403636687.4135554
Dropping frame 1403636688.0635555
Dropping frame 1403636689.1135554
Dropping frame 1403636689.2135556
Dropping frame 1403636689.4135554
Dropping frame 1403636690.1635556
Dropping frame 1403636690.2635555
Dropping frame 1403636690.5135555
Dropping frame 1403636690.7135556
Dropping frame 1403636690.9135554
Dropping frame 1403636691.2635555
Dropping frame 1403636691.4135554
Dropping frame 1403636691.6135554
Dropping frame 1403636691.7135556
Dropping frame 1403636691.8135555
Dropping frame 1403636692.1135554
Dropping frame 1403636692.2135556
Dropping frame 1403636692.4635556
Dropping frame 1403636692.6635556
Dropping frame 1403636693.1135554
Dropping frame 1403636693.3635557
Dropping frame 1403636693.5635555
Dropping frame 1403636693.8135555
Dropping frame 1403636693.9135554
Dropping frame 1403636694.1635556
Dropping frame 1403636694.4635556
Dropping frame 1403636694.5635555
Dropping frame 1403636694.6635556
Dropping frame 1403636694.7635555
Dropping frame 1403636695.0135555
Dropping frame 1403636695.1135554
Dropping frame 1403636695.3635557
Dropping frame 1403636695.9635556
Dropping frame 1403636696.0635555
Dropping frame 1403636696.1635556
Dropping frame 1403636696.2635555
Dropping frame 1403636696.4135554
Dropping frame 1403636696.8135555
Dropping frame 1403636697.0135555
Dropping frame 1403636697.2135556
Dropping frame 1403636697.3135555
Dropping frame 1403636697.4135554
Dropping frame 1403636697.6635556
Dropping frame 1403636697.7635555
Dropping frame 1403636697.8635557
Dropping frame 1403636698.0635555
Dropping frame 1403636698.1635556
Dropping frame 1403636698.3135555
Dropping frame 1403636699.2635555
Dropping frame 1403636699.5635555
Dropping frame 1403636699.6635556
Dropping frame 1403636699.7635555
Dropping frame 1403636699.8635557
Dropping frame 1403636699.9635556
Dropping frame 1403636700.0635555
Dropping frame 1403636700.6135554
Dropping frame 1403636700.7135556
Dropping frame 1403636701.0635555
Dropping frame 1403636701.1635556
Dropping frame 1403636701.2635555
Dropping frame 1403636701.3635557
Dropping frame 1403636701.7635555
Dropping frame 1403636702.1635556
Dropping frame 1403636702.2635555
Dropping frame 1403636702.5135555
Dropping frame 1403636702.6135554
Dropping frame 1403636702.8135555
Dropping frame 1403636702.9135554
Dropping frame 1403636703.0635555
Dropping frame 1403636703.1635556
Dropping frame 1403636703.3635557
Dropping frame 1403636703.5135555
Dropping frame 1403636703.8135555
Dropping frame 1403636703.9135554
Dropping frame 1403636704.0635555
Dropping frame 1403636704.1635556
Dropping frame 1403636704.3635557
Dropping frame 1403636704.4635556
Dropping frame 1403636704.9135554
Dropping frame 1403636705.2135556
Dropping frame 1403636705.3135555
Dropping frame 1403636705.5135555
Dropping frame 1403636705.8635557
Dropping frame 1403636705.9635556
Dropping frame 1403636706.3635557
Dropping frame 1403636706.4635556
Dropping frame 1403636706.7635555
Dropping frame 1403636706.8635557
Dropping frame 1403636706.9635556
Dropping frame 1403636707.4635556
Dropping frame 1403636707.6635556
Dropping frame 1403636707.8135555
Dropping frame 1403636708.0135555
Dropping frame 1403636708.1635556
Dropping frame 1403636708.2635555
Dropping frame 1403636708.5635555
Dropping frame 1403636708.6635556
Dropping frame 1403636708.8135555
Dropping frame 1403636709.0635555
Dropping frame 1403636709.1635556
Dropping frame 1403636709.2635555
Dropping frame 1403636709.5135555
Dropping frame 1403636709.6635556
Dropping frame 1403636709.7635555
Dropping frame 1403636710.0635555
Dropping frame 1403636710.1635556
Dropping frame 1403636710.5635555
Dropping frame 1403636710.6635556
Dropping frame 1403636710.8135555
Dropping frame 1403636711.0635555
Dropping frame 1403636711.1635556
Dropping frame 1403636711.4635556
Dropping frame 1403636711.5635555
Dropping frame 1403636711.9135554
Dropping frame 1403636712.0135555
Dropping frame 1403636712.2635555
Dropping frame 1403636712.3635557
Dropping frame 1403636712.4635556
Dropping frame 1403636712.5635555
Dropping frame 1403636712.8635557
Dropping frame 1403636712.9635556
Dropping frame 1403636713.3135555
Dropping frame 1403636713.8135555
Dropping frame 1403636713.9635556
Dropping frame 1403636714.2635555
Dropping frame 1403636714.3635557
Dropping frame 1403636714.6635556
Dropping frame 1403636714.8135555
Dropping frame 1403636715.1635556
Dropping frame 1403636715.4635556
Dropping frame 1403636715.5635555
Dropping frame 1403636715.7135556
Dropping frame 1403636716.0135555
Dropping frame 1403636716.7135556
Dropping frame 1403636716.8135555
Dropping frame 1403636717.1135554
Dropping frame 1403636717.2135556
Dropping frame 1403636717.3135555
Dropping frame 1403636717.4135554
Dropping frame 1403636717.6135554
Dropping frame 1403636718.0635555
Dropping frame 1403636718.1635556
Dropping frame 1403636718.4635556
Dropping frame 1403636718.6635556
Dropping frame 1403636718.7635555
Dropping frame 1403636718.9635556
Dropping frame 1403636719.0635555
Dropping frame 1403636719.3135555
Dropping frame 1403636719.7135556
Dropping frame 1403636719.8135555
Dropping frame 1403636720.0635555
Dropping frame 1403636720.1635556
Dropping frame 1403636720.3135555
Dropping frame 1403636720.4135554
Dropping frame 1403636720.5135555
Dropping frame 1403636720.6635556
Dropping frame 1403636720.8135555
Dropping frame 1403636721.2135556
Dropping frame 1403636721.4135554
Dropping frame 1403636721.7635555
Dropping frame 1403636721.8635557
Dropping frame 1403636722.1135554
Dropping frame 1403636723.5635555
Dropping frame 1403636723.6635556
Dropping frame 1403636724.0135555
Dropping frame 1403636724.5135555
Dropping frame 1403636724.6135554
Dropping frame 1403636724.7135556
Dropping frame 1403636724.9135554
Dropping frame 1403636725.1135554
Dropping frame 1403636725.2135556
Dropping frame 1403636725.5635555
Dropping frame 1403636725.6635556
Dropping frame 1403636725.7635555
Dropping frame 1403636726.0135555
Dropping frame 1403636726.1135554
Dropping frame 1403636726.2135556
Dropping frame 1403636726.4135554
Dropping frame 1403636726.5135555
Dropping frame 1403636726.6135554
Dropping frame 1403636726.8635557
Dropping frame 1403636727.0635555
Dropping frame 1403636727.1635556
Dropping frame 1403636727.2635555
Dropping frame 1403636727.3635557
Dropping frame 1403636727.5635555
Dropping frame 1403636727.6635556
Dropping frame 1403636728.0135555
Dropping frame 1403636728.2135556
Dropping frame 1403636728.4135554
Dropping frame 1403636728.6135554
Dropping frame 1403636728.7135556
Dropping frame 1403636728.8135555
Dropping frame 1403636728.9135554
Dropping frame 1403636729.1135554
Dropping frame 1403636729.3135555
Dropping frame 1403636729.4135554
Dropping frame 1403636729.7135556
Dropping frame 1403636729.8135555
Dropping frame 1403636730.0135555
Dropping frame 1403636730.3135555
Dropping frame 1403636730.5635555
Dropping frame 1403636730.7635555
Dropping frame 1403636730.9635556
Dropping frame 1403636731.1635556
Dropping frame 1403636731.2635555
Dropping frame 1403636731.4635556
Dropping frame 1403636731.5635555
Dropping frame 1403636731.6635556
Dropping frame 1403636731.9135554
Dropping frame 1403636732.1135554
Dropping frame 1403636732.2135556
Dropping frame 1403636732.3135555
Dropping frame 1403636732.5135555
Dropping frame 1403636732.6635556
Dropping frame 1403636732.8635557
Dropping frame 1403636733.0635555
Dropping frame 1403636733.2635555
Dropping frame 1403636733.3635557
Dropping frame 1403636733.4635556
Dropping frame 1403636733.7135556
Dropping frame 1403636733.9135554
Dropping frame 1403636734.1135554
Dropping frame 1403636734.2135556
Dropping frame 1403636734.3135555
Dropping frame 1403636734.5135555
Dropping frame 1403636734.7135556
Dropping frame 1403636734.8135555
Dropping frame 1403636735.0135555
Dropping frame 1403636735.1135554
Dropping frame 1403636735.2135556
Dropping frame 1403636735.3135555
Dropping frame 1403636735.5135555
Dropping frame 1403636735.7135556
Dropping frame 1403636735.8635557
Dropping frame 1403636735.9635556
Dropping frame 1403636736.1135554
Dropping frame 1403636736.2635555
Dropping frame 1403636736.3635557
Dropping frame 1403636736.5635555
Dropping frame 1403636736.6635556
Dropping frame 1403636736.7635555
Dropping frame 1403636736.8635557
Dropping frame 1403636736.9635556
Dropping frame 1403636737.1635556
Dropping frame 1403636737.3635557
Dropping frame 1403636737.5635555
Dropping frame 1403636737.7635555
Dropping frame 1403636737.9635556
Dropping frame 1403636738.1635556
Dropping frame 1403636738.2635555
Dropping frame 1403636738.3635557
Dropping frame 1403636738.4635556
Dropping frame 1403636738.5635555
Dropping frame 1403636738.6635556
Dropping frame 1403636738.7635555
Dropping frame 1403636738.8635557
Dropping frame 1403636738.9635556
Dropping frame 1403636739.2135556
Dropping frame 1403636739.4135554
Dropping frame 1403636739.5135555
Dropping frame 1403636739.6135554
Dropping frame 1403636739.7135556
Dropping frame 1403636739.8135555
Dropping frame 1403636739.9135554
Dropping frame 1403636740.1135554
Dropping frame 1403636740.3135555
Dropping frame 1403636740.5135555
Dropping frame 1403636740.7135556
Dropping frame 1403636740.8135555
Dropping frame 1403636740.9135554
Dropping frame 1403636741.0135555
Dropping frame 1403636741.1135554
Dropping frame 1403636741.2135556
Dropping frame 1403636741.3135555
Dropping frame 1403636741.5135555
Dropping frame 1403636741.6135554
Dropping frame 1403636741.7135556
Dropping frame 1403636741.8135555
Dropping frame 1403636741.9635556
Dropping frame 1403636742.0635555
Dropping frame 1403636742.2635555
Dropping frame 1403636742.4635556
Dropping frame 1403636742.5635555
Dropping frame 1403636742.6635556
Dropping frame 1403636742.7635555
Dropping frame 1403636742.9635556
Dropping frame 1403636743.1635556
Dropping frame 1403636743.2635555
Dropping frame 1403636743.3635557
Dropping frame 1403636743.5635555
Dropping frame 1403636743.7635555
Dropping frame 1403636743.8635557
Dropping frame 1403636744.0635555
Dropping frame 1403636744.2635555
Dropping frame 1403636744.3635557
Dropping frame 1403636744.4635556
Dropping frame 1403636744.6635556
Dropping frame 1403636744.7635555
Dropping frame 1403636744.9635556
Dropping frame 1403636745.0635555
Dropping frame 1403636745.1635556
Dropping frame 1403636745.2635555
Dropping frame 1403636745.3635557
Dropping frame 1403636745.5635555
Dropping frame 1403636745.7635555
Dropping frame 1403636745.8635557
Dropping frame 1403636746.0635555
Dropping frame 1403636746.2635555
Dropping frame 1403636746.3635557
Dropping frame 1403636746.4635556
Dropping frame 1403636746.6635556
Dropping frame 1403636746.8635557
Dropping frame 1403636746.9635556
Dropping frame 1403636747.1135554
Dropping frame 1403636747.3635557
Dropping frame 1403636747.5635555
Dropping frame 1403636747.6635556
Dropping frame 1403636747.7635555
Dropping frame 1403636748.0635555
Dropping frame 1403636748.2635555
Dropping frame 1403636748.3635557
Dropping frame 1403636748.4635556
Dropping frame 1403636748.6635556
Dropping frame 1403636748.7635555
Dropping frame 1403636748.8635557
Dropping frame 1403636748.9635556
Dropping frame 1403636749.0635555
Dropping frame 1403636749.3135555
Dropping frame 1403636749.5135555
Dropping frame 1403636749.6135554
Dropping frame 1403636749.7135556
Dropping frame 1403636749.8135555
Dropping frame 1403636749.9635556
Dropping frame 1403636750.2135556
Dropping frame 1403636750.4135554
Dropping frame 1403636750.5135555
Dropping frame 1403636750.6135554
Dropping frame 1403636750.7135556
Dropping frame 1403636750.8135555
Dropping frame 1403636751.0135555
Dropping frame 1403636751.2135556
Dropping frame 1403636751.4135554
Dropping frame 1403636751.5135555
Dropping frame 1403636751.6135554
Dropping frame 1403636751.7135556
Dropping frame 1403636751.8135555
Dropping frame 1403636752.0135555
Dropping frame 1403636752.2635555
Dropping frame 1403636752.3635557
Dropping frame 1403636752.6135554
Dropping frame 1403636752.7135556
Dropping frame 1403636752.9135554
Dropping frame 1403636753.0135555
Dropping frame 1403636753.1135554
Dropping frame 1403636753.3135555
Dropping frame 1403636753.4135554
Dropping frame 1403636753.6135554
Dropping frame 1403636753.8135555
Dropping frame 1403636753.9135554
Dropping frame 1403636754.0135555
Dropping frame 1403636754.1135554
Dropping frame 1403636754.2135556
Dropping frame 1403636754.4135554
Dropping frame 1403636754.6135554
Dropping frame 1403636754.7135556
Dropping frame 1403636754.9135554
Dropping frame 1403636755.0135555
Dropping frame 1403636755.1135554
Dropping frame 1403636755.3635557
Dropping frame 1403636755.5635555
Dropping frame 1403636755.7635555
Dropping frame 1403636755.8635557
Dropping frame 1403636755.9635556
Dropping frame 1403636756.0635555
Dropping frame 1403636756.2635555
Dropping frame 1403636756.3635557
Dropping frame 1403636756.5635555
Dropping frame 1403636756.7635555
Dropping frame 1403636756.8635557
Dropping frame 1403636756.9635556
Dropping frame 1403636757.0635555
Dropping frame 1403636757.3135555
Dropping frame 1403636757.5135555
Dropping frame 1403636757.6135554
Dropping frame 1403636757.7135556
Dropping frame 1403636757.8135555
Dropping frame 1403636757.9135554
Dropping frame 1403636758.0635555
Dropping frame 1403636758.2635555
Dropping frame 1403636758.4635556
Dropping frame 1403636758.5635555
Dropping frame 1403636758.7635555
Dropping frame 1403636758.8635557
Dropping frame 1403636758.9635556
Dropping frame 1403636759.0635555
Dropping frame 1403636759.2635555
Dropping frame 1403636759.4635556
Dropping frame 1403636759.5635555
Dropping frame 1403636759.6635556
Dropping frame 1403636759.7635555
Dropping frame 1403636760.0135555
Dropping frame 1403636760.2135556
Dropping frame 1403636760.3135555
Dropping frame 1403636760.4135554
Dropping frame 1403636760.5135555
Dropping frame 1403636760.6635556
Dropping frame 1403636760.8635557
Dropping frame 1403636761.0635555
Dropping frame 1403636761.1635556
Dropping frame 1403636761.2635555
Dropping frame 1403636761.3635557
Dropping frame 1403636761.5635555
Dropping frame 1403636761.7635555
Dropping frame 1403636761.9635556
Dropping frame 1403636762.1635556
Dropping frame 1403636762.2635555
Dropping frame 1403636762.3635557
Dropping frame 1403636762.4635556
Dropping frame 1403636762.5635555
Dropping frame 1403636762.7635555
Dropping frame 1403636762.9635556
Dropping frame 1403636763.0635555
Dropping frame 1403636763.1635556
Dropping frame 1403636763.2635555
Dropping frame 1403636763.3635557
Dropping frame 1403636763.6135554
Dropping frame 1403636763.7135556
Dropping frame 1403636763.8135555
Shutdown
SLAM Finished at System Time: 1732008206.04243

 TIME STATS in ms (mean$\pm$std)
OpenCV version: 4.8.1
---------------------------
Tracking

ORB Extraction: 15.788$\pm$1.6906
Stereo Matching: 7.0958$\pm$2.0177
IMU Preintegration: 0.28093$\pm$0.12321
Pose Prediction: 0.20149$\pm$0.58479
LM Track: 20.489$\pm$6.3278
New KF decision: 0.9898$\pm$1.895
Total Tracking: 34.877$\pm$24.21



Local Mapping

KF Insertion: 17.281$\pm$7.732
MP Culling: 0.49271$\pm$0.2149
MP Creation: 49.528$\pm$18.1
LBA: 162.3$\pm$58.926
KF Culling: 18.73$\pm$12.671
Total Local Mapping: 248.36$\pm$86.358
---------------------------

LBA complexity (mean$\pm$std)
LBA Edges: 1888.8$\pm$808.92
LBA KF optimized: 6.5$\pm$2.2913
LBA KF fixed: 1$\pm$0
LBA MP: nan$\pm$nan

LBA executions: 570
LBA aborts: 0
---------------------------

Map complexity
KFs in map: 167
MPs in map: 14385
---------------------------

Place Recognition (mean$\pm$std)
Database Query: 1.6787$\pm$1.0552
SE3 estimation: 16.295$\pm$17.365
Total Place Recognition: 16.076$\pm$17.985


Loop Closing (mean$\pm$std)
Loop Fusion: nan$\pm$nan
Essential Graph: nan$\pm$nan
Total Loop Closing: nan$\pm$nan

Num exec: 0
Number of KFs: nan$\pm$nan

Map Merging (mean$\pm$std)
Merge Maps: nan$\pm$nan
Welding BA: nan$\pm$nan
Optimization Ess.: nan$\pm$nan
Total Map Merging: nan$\pm$nan

Num exec: 0
Number of KFs: nan$\pm$nan
Number of MPs: nan$\pm$nan

Full GBA (mean$\pm$std)
GBA: nan$\pm$nan
Map Update: nan$\pm$nan
Total Full GBA: nan$\pm$nan

Num exec: 0
Num abort: 0
Number of KFs: nan$\pm$nan
Number of MPs: nan$\pm$nan

Saving trajectory to f_dataset-MH01_stereo_imu.txt ...
There are 1 maps in the atlas
  Map 0 has 167 KFs

End of saving trajectory to f_dataset-MH01_stereo_imu.txt ...

Saving keyframe trajectory to kf_dataset-MH01_stereo_imu.txt ...
