num_seq = 1
file name: dataset-MH03_stereo_imu
Loading images for sequence 0...LOADED!
Loading IMU for sequence 0...LOADED!

-------

ORB-SLAM3 Copyright (C) 2017-2020 Carlos Campos, Richard Elvira, Juan J. Gómez, José M.M. Montiel and Juan D. Tardós, University of Zaragoza.
ORB-SLAM2 Copyright (C) 2014-2016 Raúl Mur-Artal, José M.M. Montiel and Juan D. Tardós, University of Zaragoza.
This program comes with ABSOLUTELY NO WARRANTY;
This is free software, and you are welcome to redistribute it
under certain conditions. See LICENSE.txt.

Built with REGISTER_TIMES
Git Commit Hash: 5ee9387

Compiled with C++ version: 201703

Input sensor was set to: Stereo-Inertial
Loading settings from ./Examples/Stereo-Inertial/EuRoC_fov_deadlines_mask_5x5.yaml
	-Loaded camera 1
	-Loaded camera 2
	-Loaded image info
	-Loaded IMU calibration
	-Loaded ORB settings
	-Loaded viewer settings
	-Loaded Atlas settings
Deadlines enabled, will skip frames!
FOV enabled
Static mask size: 5x5
Dumping map points enabled
	-Loaded misc parameters
	-Computed rectification maps
----------------------------------
SLAM settings: 
	-Camera 1 parameters (Pinhole): [ 458.65399169921875 457.29598999023438 367.21499633789062 248.375 ]
	-Camera 1 distortion parameters: [  -0.28340810537338257 0.073959067463874817 0.00019359000725671649 1.7618711353861727e-05 ]
	-Camera 2 parameters (Pinhole: [ 457.58700561523438 456.13400268554688 379.99899291992188 255.23800659179688 ]
	-Camera 1 distortion parameters: [  -0.2836836576461792 0.074512839317321777 -0.00010473000293131918 -3.555907096597366e-05 ]
	-Original image size: [ 752 , 480 ]
	-Current image size: [ 752 , 480 ]
	-Camera 1 parameters after rectification: [  456.71499633789062 456.71499633789062 364.52615356445312 257.268798828125 ]
	-Sequence FPS: 20
	-Stereo baseline: 0.11007784307003021
	-Stereo depth threshold : 60
	-Gyro noise: 0.00016999999934341758
	-Accelerometer noise: 0.0020000000949949026
	-Gyro walk: 1.9392999092815444e-05
	-Accelerometer walk: 0.0030000000260770321
	-IMU frequency: 200
	-Features per image: 1200
	-ORB scale factor: 1.2000000476837158
	-ORB number of scales: 8
	-Initial FAST threshold: 20
	-Min FAST threshold: 7


Loading ORB Vocabulary. This could take a while...
Vocabulary loaded!

Initialization of Atlas from scratch 
Creation of new map with id: 0
Creation of new map with last KF id: 0
Seq. Name: 
There are 1 cameras in the atlas
Camera 0 is pinhole
SLAM Started at System Time: 1734431507.78401
not IMU meas
not IMU meas
not enough acceleration
not enough acceleration
First KF:0; Map init KF:0
New Map created with 157 points
Active map: 0
Not enough motion for initializing. Reseting...
TRACK: Reset map because local mapper set the bad imu flag 
LM: Reseting current map in Local Mapping...
LM: End reseting Local Mapping...
LM: Reset free the mutex
LM: Active map reset recieved
LM: Active map reset, waiting...
LM: Reseting current map in Local Mapping...
LM: End reseting Local Mapping...
LM: Reset free the mutex
LM: Active map reset, Done!!!
mnFirstFrameId = 4
mnInitialFrameId = 0
51 Frames set to lost
not IMU meas
not enough acceleration
First KF:11; Map init KF:0
New Map created with 208 points
Active map: 0
Dropping frame 1403637134.0883191
Dropping frame 1403637134.4883189
Dropping frame 1403637134.8383191
Dropping frame 1403637135.2383192
Dropping frame 1403637136.0883191
Dropping frame 1403637136.388319
Dropping frame 1403637136.7383192
Dropping frame 1403637136.9383192
Dropping frame 1403637137.5883191
Dropping frame 1403637137.888319
Dropping frame 1403637138.0883191
Dropping frame 1403637138.4883189
Dropping frame 1403637138.7383192
start VIBA 1
end VIBA 1
Dropping frame 1403637139.8383191
Dropping frame 1403637139.9883189
Dropping frame 1403637140.2383192
Not enough motion for initializing. Reseting...
TRACK: Reset map because local mapper set the bad imu flag 
LM: Reseting current map in Local Mapping...
LM: End reseting Local Mapping...
LM: Reset free the mutex
LM: Active map reset recieved
LM: Active map reset, waiting...
LM: Reseting current map in Local Mapping...
LM: End reseting Local Mapping...
LM: Reset free the mutex
LM: Active map reset, Done!!!
mnFirstFrameId = 58
mnInitialFrameId = 55
172 Frames set to lost
not IMU meas
First KF:43; Map init KF:11
New Map created with 155 points
Active map: 0
Dropping frame 1403637140.4883189
Not enough motion for initializing. Reseting...
TRACK: Reset map because local mapper set the bad imu flag 
LM: Reseting current map in Local Mapping...
LM: End reseting Local Mapping...
LM: Reset free the mutex
LM: Active map reset recieved
LM: Active map reset, waiting...
LM: Reseting current map in Local Mapping...
LM: End reseting Local Mapping...
LM: Reset free the mutex
LM: Active map reset, Done!!!
mnFirstFrameId = 181
mnInitialFrameId = 179
227 Frames set to lost
not IMU meas
not enough acceleration
not enough acceleration
not enough acceleration
not enough acceleration
not enough acceleration
not enough acceleration
not enough acceleration
not enough acceleration
not enough acceleration
not enough acceleration
not enough acceleration
not enough acceleration
not enough acceleration
not enough acceleration
not enough acceleration
not enough acceleration
not enough acceleration
not enough acceleration
not enough acceleration
not enough acceleration
not enough acceleration
not enough acceleration
not enough acceleration
not enough acceleration
not enough acceleration
not enough acceleration
not enough acceleration
First KF:54; Map init KF:43
New Map created with 160 points
Active map: 0
Not enough motion for initializing. Reseting...
TRACK: Reset map because local mapper set the bad imu flag 
LM: Reseting current map in Local Mapping...
LM: End reseting Local Mapping...
LM: Reset free the mutex
LM: Active map reset recieved
LM: Active map reset, waiting...
LM: Reseting current map in Local Mapping...
LM: End reseting Local Mapping...
LM: Reset free the mutex
LM: Active map reset, Done!!!
mnFirstFrameId = 265
mnInitialFrameId = 236
283 Frames set to lost
not IMU meas
not enough acceleration
not enough acceleration
not enough acceleration
not enough acceleration
not enough acceleration
not enough acceleration
not enough acceleration
not enough acceleration
not enough acceleration
not enough acceleration
not enough acceleration
not enough acceleration
not enough acceleration
not enough acceleration
not enough acceleration
not enough acceleration
not enough acceleration
not enough acceleration
not enough acceleration
not enough acceleration
not enough acceleration
not enough acceleration
not enough acceleration
not enough acceleration
not enough acceleration
not enough acceleration
not enough acceleration
not enough acceleration
not enough acceleration
not enough acceleration
not enough acceleration
not enough acceleration
not enough acceleration
not enough acceleration
not enough acceleration
not enough acceleration
not enough acceleration
not enough acceleration
not enough acceleration
not enough acceleration
not enough acceleration
not enough acceleration
not enough acceleration
not enough acceleration
First KF:65; Map init KF:54
New Map created with 133 points
Active map: 0
Dropping frame 1403637152.638319
Dropping frame 1403637152.888319
Dropping frame 1403637153.188319
Dropping frame 1403637153.7383192
Dropping frame 1403637153.8383191
Dropping frame 1403637154.0883191
Dropping frame 1403637154.4883189
Dropping frame 1403637154.8383191
Dropping frame 1403637154.9383192
start VIBA 1
end VIBA 1
Dropping frame 1403637155.2383192
Dropping frame 1403637155.638319
Dropping frame 1403637155.7383192
Dropping frame 1403637155.9383192
Dropping frame 1403637156.0383191
Dropping frame 1403637156.2883189
Dropping frame 1403637156.4883189
Dropping frame 1403637156.688319
Dropping frame 1403637156.7883189
Dropping frame 1403637156.888319
Dropping frame 1403637157.138319
Dropping frame 1403637157.388319
Dropping frame 1403637157.4883189
Dropping frame 1403637157.5883191
Dropping frame 1403637157.7883189
Dropping frame 1403637157.9383192
Dropping frame 1403637158.0383191
Dropping frame 1403637158.138319
Dropping frame 1403637158.388319
Dropping frame 1403637158.7383192
Dropping frame 1403637158.8383191
Dropping frame 1403637159.0383191
Dropping frame 1403637159.5383191
Dropping frame 1403637160.138319
Dropping frame 1403637160.4883189
Dropping frame 1403637160.5883191
Dropping frame 1403637160.8383191
Dropping frame 1403637161.138319
Dropping frame 1403637161.4883189
Dropping frame 1403637161.5883191
Dropping frame 1403637161.688319
Dropping frame 1403637161.7883189
Dropping frame 1403637162.0383191
Dropping frame 1403637162.3383191
Dropping frame 1403637162.5383191
Dropping frame 1403637162.7383192
Dropping frame 1403637162.888319
Dropping frame 1403637163.0883191
Dropping frame 1403637163.188319
Dropping frame 1403637163.388319
Dropping frame 1403637163.5883191
Dropping frame 1403637163.7883189
Dropping frame 1403637163.9383192
Dropping frame 1403637164.7383192
start VIBA 2
Dropping frame 1403637165.2883189
end VIBA 2
Dropping frame 1403637165.638319
Dropping frame 1403637166.888319
Dropping frame 1403637167.2383192
Dropping frame 1403637167.3383191
Dropping frame 1403637167.688319
Dropping frame 1403637167.888319
Dropping frame 1403637167.9883189
Dropping frame 1403637168.0883191
Dropping frame 1403637168.2883189
Dropping frame 1403637168.4883189
Dropping frame 1403637168.688319
Dropping frame 1403637168.888319
Dropping frame 1403637168.9883189
Dropping frame 1403637169.2883189
Dropping frame 1403637169.688319
Dropping frame 1403637169.7883189
Dropping frame 1403637170.0383191
Dropping frame 1403637170.188319
Dropping frame 1403637170.388319
Dropping frame 1403637170.638319
Dropping frame 1403637171.0883191
Dropping frame 1403637171.188319
Dropping frame 1403637171.4383192
Dropping frame 1403637171.7383192
Dropping frame 1403637172.0383191
Dropping frame 1403637172.138319
Dropping frame 1403637173.0383191
Dropping frame 1403637173.3383191
Dropping frame 1403637176.7883189
Dropping frame 1403637177.138319
Dropping frame 1403637177.4383192
Dropping frame 1403637177.7383192
Dropping frame 1403637178.0383191
Dropping frame 1403637178.3383191
Dropping frame 1403637178.5383191
Dropping frame 1403637178.9383192
Dropping frame 1403637179.188319
Dropping frame 1403637179.4883189
Dropping frame 1403637179.688319
Dropping frame 1403637179.8383191
Dropping frame 1403637180.0883191
Dropping frame 1403637180.188319
Dropping frame 1403637180.4883189
Dropping frame 1403637181.4883189
Dropping frame 1403637184.9883189
Dropping frame 1403637185.888319
Dropping frame 1403637186.188319
Dropping frame 1403637186.2883189
Dropping frame 1403637186.5383191
Dropping frame 1403637186.638319
Dropping frame 1403637186.8383191
Dropping frame 1403637186.9383192
Dropping frame 1403637187.3383191
Dropping frame 1403637187.638319
Dropping frame 1403637187.7383192
Dropping frame 1403637187.9883189
Dropping frame 1403637188.0883191
Dropping frame 1403637188.2883189
Dropping frame 1403637188.4383192
Dropping frame 1403637188.5383191
Dropping frame 1403637188.8383191
Dropping frame 1403637188.9383192
Dropping frame 1403637189.2883189
Dropping frame 1403637189.388319
Dropping frame 1403637189.4883189
Dropping frame 1403637189.638319
Dropping frame 1403637189.8383191
Dropping frame 1403637189.9383192
Dropping frame 1403637190.2883189
Dropping frame 1403637190.388319
Dropping frame 1403637190.4883189
Dropping frame 1403637190.7883189
Dropping frame 1403637190.888319
Dropping frame 1403637190.9883189
Dropping frame 1403637191.188319
Dropping frame 1403637191.388319
Dropping frame 1403637191.7383192
Dropping frame 1403637191.8383191
Dropping frame 1403637192.138319
Dropping frame 1403637192.2383192
Dropping frame 1403637192.5883191
Dropping frame 1403637192.888319
Dropping frame 1403637192.9883189
Dropping frame 1403637193.188319
Dropping frame 1403637193.2883189
Dropping frame 1403637193.7883189
Dropping frame 1403637193.888319
Dropping frame 1403637194.188319
Dropping frame 1403637194.2883189
Dropping frame 1403637194.4383192
Dropping frame 1403637194.5383191
Dropping frame 1403637194.638319
Dropping frame 1403637194.9383192
Dropping frame 1403637195.188319
Dropping frame 1403637195.5883191
Dropping frame 1403637195.688319
Dropping frame 1403637195.8383191
Dropping frame 1403637195.9383192
Dropping frame 1403637196.0383191
Dropping frame 1403637196.138319
Dropping frame 1403637196.388319
Dropping frame 1403637196.888319
Dropping frame 1403637196.9883189
Dropping frame 1403637197.2883189
Dropping frame 1403637197.4383192
Dropping frame 1403637197.638319
Dropping frame 1403637197.9883189
Dropping frame 1403637198.3383191
Dropping frame 1403637198.5383191
Dropping frame 1403637198.8383191
Dropping frame 1403637198.9883189
Dropping frame 1403637199.138319
Dropping frame 1403637199.3383191
Dropping frame 1403637199.4383192
Dropping frame 1403637199.5883191
Dropping frame 1403637199.8383191
Dropping frame 1403637199.9883189
Dropping frame 1403637200.2883189
Dropping frame 1403637200.388319
Dropping frame 1403637200.5383191
Dropping frame 1403637200.7383192
Dropping frame 1403637200.8383191
Dropping frame 1403637201.138319
Dropping frame 1403637201.2883189
Dropping frame 1403637201.4383192
Dropping frame 1403637201.638319
Dropping frame 1403637201.7383192
Dropping frame 1403637201.8383191
Dropping frame 1403637201.9383192
Dropping frame 1403637202.188319
Dropping frame 1403637202.388319
Dropping frame 1403637202.4883189
Dropping frame 1403637202.5883191
Dropping frame 1403637202.688319
Dropping frame 1403637202.888319
Dropping frame 1403637203.0883191
Dropping frame 1403637203.188319
Dropping frame 1403637203.2883189
Dropping frame 1403637203.4883189
Dropping frame 1403637203.688319
Dropping frame 1403637203.7883189
Dropping frame 1403637203.888319
Dropping frame 1403637203.9883189
Dropping frame 1403637204.0883191
Dropping frame 1403637204.188319
Dropping frame 1403637204.4383192
Dropping frame 1403637204.5383191
Dropping frame 1403637204.638319
Dropping frame 1403637204.7383192
Dropping frame 1403637204.9883189
Dropping frame 1403637205.188319
Dropping frame 1403637205.2883189
Dropping frame 1403637205.388319
Dropping frame 1403637205.4883189
Dropping frame 1403637205.688319
Dropping frame 1403637205.888319
Dropping frame 1403637205.9883189
Dropping frame 1403637206.0883191
Dropping frame 1403637206.2883189
Dropping frame 1403637206.388319
Dropping frame 1403637206.5883191
Dropping frame 1403637206.7883189
Dropping frame 1403637206.888319
Dropping frame 1403637206.9883189
Dropping frame 1403637207.138319
Dropping frame 1403637207.3383191
Dropping frame 1403637207.5383191
Dropping frame 1403637207.638319
Dropping frame 1403637207.7383192
Dropping frame 1403637208.0883191
Dropping frame 1403637208.2883189
Dropping frame 1403637208.4883189
Dropping frame 1403637208.5883191
Dropping frame 1403637208.7883189
Dropping frame 1403637208.888319
Dropping frame 1403637208.9883189
Dropping frame 1403637209.188319
Dropping frame 1403637209.388319
Dropping frame 1403637209.8383191
Dropping frame 1403637210.0383191
Dropping frame 1403637210.2383192
Dropping frame 1403637210.3383191
Dropping frame 1403637210.688319
Dropping frame 1403637210.888319
Dropping frame 1403637211.0883191
Dropping frame 1403637211.388319
Dropping frame 1403637211.4883189
Dropping frame 1403637211.7383192
Dropping frame 1403637212.188319
Dropping frame 1403637212.9383192
Dropping frame 1403637213.4383192
Dropping frame 1403637213.888319
Dropping frame 1403637214.188319
Dropping frame 1403637214.388319
Dropping frame 1403637215.138319
Dropping frame 1403637215.688319
Dropping frame 1403637215.9383192
Dropping frame 1403637216.2883189
Dropping frame 1403637216.388319
Dropping frame 1403637217.638319
Dropping frame 1403637219.688319
Dropping frame 1403637219.7883189
Dropping frame 1403637219.9883189
Dropping frame 1403637220.138319
Dropping frame 1403637220.7383192
Dropping frame 1403637220.8383191
Dropping frame 1403637220.9383192
Dropping frame 1403637221.0883191
Dropping frame 1403637221.188319
Dropping frame 1403637221.388319
Dropping frame 1403637221.4883189
Dropping frame 1403637221.7383192
Dropping frame 1403637221.8383191
Dropping frame 1403637222.188319
Dropping frame 1403637222.638319
Dropping frame 1403637223.0883191
Dropping frame 1403637223.4383192
Dropping frame 1403637223.888319
Dropping frame 1403637223.9883189
Dropping frame 1403637224.3383191
Dropping frame 1403637224.5383191
Dropping frame 1403637225.188319
Dropping frame 1403637225.2883189
Dropping frame 1403637225.638319
Dropping frame 1403637225.888319
Dropping frame 1403637225.9883189
Dropping frame 1403637226.188319
Dropping frame 1403637226.4883189
Dropping frame 1403637226.688319
Dropping frame 1403637226.888319
Dropping frame 1403637227.0883191
Dropping frame 1403637227.2383192
Dropping frame 1403637227.888319
Dropping frame 1403637228.0883191
Dropping frame 1403637228.2883189
Dropping frame 1403637228.388319
Dropping frame 1403637228.4883189
Dropping frame 1403637228.688319
Dropping frame 1403637228.7883189
Dropping frame 1403637228.888319
Dropping frame 1403637229.0883191
Dropping frame 1403637229.2883189
Dropping frame 1403637229.4883189
Dropping frame 1403637229.5883191
Dropping frame 1403637229.688319
Dropping frame 1403637229.888319
Dropping frame 1403637229.9883189
Dropping frame 1403637230.0883191
Dropping frame 1403637230.4383192
Dropping frame 1403637230.9383192
Dropping frame 1403637231.138319
Dropping frame 1403637231.4883189
Dropping frame 1403637231.688319
Dropping frame 1403637231.888319
Dropping frame 1403637232.0883191
Dropping frame 1403637232.4383192
Dropping frame 1403637232.5883191
Dropping frame 1403637232.7883189
Dropping frame 1403637232.9883189
Dropping frame 1403637233.188319
Dropping frame 1403637233.388319
Dropping frame 1403637233.688319
Dropping frame 1403637233.8383191
Dropping frame 1403637234.0383191
Dropping frame 1403637234.638319
Dropping frame 1403637234.8383191
Dropping frame 1403637234.9383192
Dropping frame 1403637235.0383191
Dropping frame 1403637235.2383192
Dropping frame 1403637235.5383191
Dropping frame 1403637235.7383192
Dropping frame 1403637235.9383192
Dropping frame 1403637236.0383191
Dropping frame 1403637236.2383192
Dropping frame 1403637236.3383191
Dropping frame 1403637236.4383192
Dropping frame 1403637236.638319
Dropping frame 1403637236.7383192
Dropping frame 1403637236.8383191
Dropping frame 1403637237.0383191
Dropping frame 1403637237.388319
Dropping frame 1403637237.688319
Dropping frame 1403637237.888319
Dropping frame 1403637237.9883189
Dropping frame 1403637238.2383192
Dropping frame 1403637238.5383191
Dropping frame 1403637238.7383192
Dropping frame 1403637238.8383191
Dropping frame 1403637238.9383192
Dropping frame 1403637239.2883189
Dropping frame 1403637239.4883189
Dropping frame 1403637239.5883191
Dropping frame 1403637239.8383191
Dropping frame 1403637240.138319
Dropping frame 1403637240.688319
Dropping frame 1403637240.7883189
Dropping frame 1403637240.888319
Dropping frame 1403637241.0883191
Dropping frame 1403637241.188319
Dropping frame 1403637241.4383192
Dropping frame 1403637241.638319
Dropping frame 1403637242.0883191
Dropping frame 1403637242.188319
Dropping frame 1403637242.4383192
Dropping frame 1403637242.5883191
Dropping frame 1403637242.7883189
Dropping frame 1403637242.888319
Dropping frame 1403637243.0883191
Dropping frame 1403637243.4383192
Dropping frame 1403637244.5383191
Dropping frame 1403637244.8383191
Dropping frame 1403637248.0383191
Dropping frame 1403637248.2883189
Dropping frame 1403637248.638319
Dropping frame 1403637249.2883189
Dropping frame 1403637250.2383192
Dropping frame 1403637250.638319
Dropping frame 1403637250.7383192
Dropping frame 1403637251.188319
Dropping frame 1403637251.638319
Dropping frame 1403637252.0883191
Dropping frame 1403637252.638319
Dropping frame 1403637253.0383191
Dropping frame 1403637253.2383192
Dropping frame 1403637253.3383191
Dropping frame 1403637253.5883191
Dropping frame 1403637253.688319
Dropping frame 1403637253.888319
Dropping frame 1403637253.9883189
Dropping frame 1403637254.188319
Dropping frame 1403637254.2883189
Dropping frame 1403637254.4383192
Dropping frame 1403637254.5883191
Dropping frame 1403637254.8383191
Dropping frame 1403637255.0383191
Dropping frame 1403637255.2383192
Dropping frame 1403637255.3383191
Dropping frame 1403637255.5383191
Dropping frame 1403637255.7383192
Dropping frame 1403637255.8383191
Dropping frame 1403637256.0883191
Dropping frame 1403637256.2883189
Dropping frame 1403637256.388319
Dropping frame 1403637256.4883189
Dropping frame 1403637256.7383192
Dropping frame 1403637256.9383192
Dropping frame 1403637257.188319
Dropping frame 1403637257.4383192
Dropping frame 1403637257.5383191
Dropping frame 1403637257.638319
Dropping frame 1403637257.7383192
Dropping frame 1403637257.8383191
Dropping frame 1403637257.9883189
Dropping frame 1403637258.2383192
Dropping frame 1403637258.3383191
Dropping frame 1403637258.4383192
Dropping frame 1403637258.5383191
Dropping frame 1403637258.7383192
Dropping frame 1403637258.9883189
Dropping frame 1403637259.0883191
Dropping frame 1403637259.188319
Dropping frame 1403637259.2883189
Dropping frame 1403637259.388319
Dropping frame 1403637259.638319
Dropping frame 1403637259.7383192
Dropping frame 1403637259.8383191
Dropping frame 1403637259.9383192
Dropping frame 1403637260.0383191
Dropping frame 1403637260.138319
Dropping frame 1403637260.2383192
Dropping frame 1403637260.4883189
Dropping frame 1403637260.688319
Dropping frame 1403637260.7883189
Dropping frame 1403637260.888319
Dropping frame 1403637260.9883189
Dropping frame 1403637261.0883191
Dropping frame 1403637261.5883191
Dropping frame 1403637261.688319
Dropping frame 1403637261.7883189
Dropping frame 1403637261.888319
Dropping frame 1403637261.9883189
Dropping frame 1403637262.2383192
Dropping frame 1403637262.3383191
Dropping frame 1403637262.4383192
Dropping frame 1403637262.688319
Dropping frame 1403637262.888319
Dropping frame 1403637262.9883189
Dropping frame 1403637263.0883191
Dropping frame 1403637263.188319
Dropping frame 1403637263.2883189
Dropping frame 1403637263.388319
Dropping frame 1403637263.5883191
Dropping frame 1403637263.688319
Dropping frame 1403637263.7883189
Dropping frame 1403637263.888319
Dropping frame 1403637264.0883191
Dropping frame 1403637264.5383191
Dropping frame 1403637264.638319
Dropping frame 1403637264.7383192
Dropping frame 1403637264.888319
Dropping frame 1403637265.0883191
Dropping frame 1403637265.188319
Dropping frame 1403637265.2883189
Dropping frame 1403637265.4883189
Shutdown
SLAM Finished at System Time: 1734431667.32828

 TIME STATS in ms (mean$\pm$std)
OpenCV version: 4.8.1
---------------------------
Tracking

ORB Extraction: 15.134$\pm$1.9969
Stereo Matching: 7.4159$\pm$1.9313
IMU Preintegration: 0.25848$\pm$0.11536
Pose Prediction: 0.58226$\pm$1.415
LM Track: 17.809$\pm$6.1344
New KF decision: 1.3122$\pm$2.5199
Total Tracking: 32.852$\pm$22.718



Local Mapping

KF Insertion: 12.892$\pm$5.0552
MP Culling: 0.53394$\pm$0.29518
MP Creation: 42.115$\pm$18.548
LBA: 143.58$\pm$65.766
KF Culling: 14.198$\pm$10.041
Total Local Mapping: 211.42$\pm$91.618
---------------------------

LBA complexity (mean$\pm$std)
LBA Edges: 1212.8$\pm$540.14
LBA KF optimized: 6.5$\pm$2.2913
LBA KF fixed: 1$\pm$0
LBA MP: nan$\pm$nan

LBA executions: 486
LBA aborts: 0
---------------------------

Map complexity
KFs in map: 177
MPs in map: 14228
---------------------------

Place Recognition (mean$\pm$std)
Database Query: 1.868$\pm$1.0445
SE3 estimation: 21.953$\pm$13.325
Total Place Recognition: 18.364$\pm$15.877


Loop Closing (mean$\pm$std)
Loop Fusion: nan$\pm$nan
Essential Graph: nan$\pm$nan
Total Loop Closing: nan$\pm$nan

Num exec: 0
Number of KFs: nan$\pm$nan

Map Merging (mean$\pm$std)
Merge Maps: nan$\pm$nan
Welding BA: nan$\pm$nan
Optimization Ess.: nan$\pm$nan
Total Map Merging: nan$\pm$nan

Num exec: 0
Number of KFs: nan$\pm$nan
Number of MPs: nan$\pm$nan

Full GBA (mean$\pm$std)
GBA: nan$\pm$nan
Map Update: nan$\pm$nan
Total Full GBA: nan$\pm$nan

Num exec: 0
Num abort: 0
Number of KFs: nan$\pm$nan
Number of MPs: nan$\pm$nan

Saving trajectory to f_dataset-MH03_stereo_imu.txt ...
There are 1 maps in the atlas
  Map 0 has 177 KFs

End of saving trajectory to f_dataset-MH03_stereo_imu.txt ...

Saving keyframe trajectory to kf_dataset-MH03_stereo_imu.txt ...
